[2021-10-27 07:17:41,401] {processor.py:163} INFO - Started process (PID=49) to work on /home/airflow/.local/lib/python3.6/site-packages/airflow/example_dags/example_xcom.py
[2021-10-27 07:17:41,404] {processor.py:620} INFO - Processing file /home/airflow/.local/lib/python3.6/site-packages/airflow/example_dags/example_xcom.py for tasks to queue
[2021-10-27 07:17:41,406] {logging_mixin.py:109} INFO - [2021-10-27 07:17:41,405] {dagbag.py:500} INFO - Filling up the DagBag from /home/airflow/.local/lib/python3.6/site-packages/airflow/example_dags/example_xcom.py
[2021-10-27 07:17:41,626] {processor.py:632} INFO - DAG(s) dict_keys(['example_xcom']) retrieved from /home/airflow/.local/lib/python3.6/site-packages/airflow/example_dags/example_xcom.py
[2021-10-27 07:17:42,158] {logging_mixin.py:109} INFO - [2021-10-27 07:17:42,158] {dag.py:2389} INFO - Sync 1 DAGs
[2021-10-27 07:17:42,176] {logging_mixin.py:109} INFO - [2021-10-27 07:17:42,176] {dag.py:2914} INFO - Setting next_dagrun for example_xcom to 2021-01-01T00:00:00+00:00
[2021-10-27 07:17:42,192] {processor.py:171} INFO - Processing /home/airflow/.local/lib/python3.6/site-packages/airflow/example_dags/example_xcom.py took 0.797 seconds
[2021-10-27 07:18:12,548] {processor.py:163} INFO - Started process (PID=105) to work on /home/airflow/.local/lib/python3.6/site-packages/airflow/example_dags/example_xcom.py
[2021-10-27 07:18:12,550] {processor.py:620} INFO - Processing file /home/airflow/.local/lib/python3.6/site-packages/airflow/example_dags/example_xcom.py for tasks to queue
[2021-10-27 07:18:12,550] {logging_mixin.py:109} INFO - [2021-10-27 07:18:12,550] {dagbag.py:500} INFO - Filling up the DagBag from /home/airflow/.local/lib/python3.6/site-packages/airflow/example_dags/example_xcom.py
[2021-10-27 07:18:12,579] {processor.py:632} INFO - DAG(s) dict_keys(['example_xcom']) retrieved from /home/airflow/.local/lib/python3.6/site-packages/airflow/example_dags/example_xcom.py
[2021-10-27 07:18:12,799] {logging_mixin.py:109} INFO - [2021-10-27 07:18:12,799] {dag.py:2389} INFO - Sync 1 DAGs
[2021-10-27 07:18:12,816] {logging_mixin.py:109} INFO - [2021-10-27 07:18:12,816] {dag.py:2914} INFO - Setting next_dagrun for example_xcom to 2021-01-01T00:00:00+00:00
[2021-10-27 07:18:12,829] {processor.py:171} INFO - Processing /home/airflow/.local/lib/python3.6/site-packages/airflow/example_dags/example_xcom.py took 0.284 seconds
[2021-10-27 07:18:42,913] {processor.py:163} INFO - Started process (PID=160) to work on /home/airflow/.local/lib/python3.6/site-packages/airflow/example_dags/example_xcom.py
[2021-10-27 07:18:42,918] {processor.py:620} INFO - Processing file /home/airflow/.local/lib/python3.6/site-packages/airflow/example_dags/example_xcom.py for tasks to queue
[2021-10-27 07:18:42,920] {logging_mixin.py:109} INFO - [2021-10-27 07:18:42,919] {dagbag.py:500} INFO - Filling up the DagBag from /home/airflow/.local/lib/python3.6/site-packages/airflow/example_dags/example_xcom.py
[2021-10-27 07:18:42,963] {processor.py:632} INFO - DAG(s) dict_keys(['example_xcom']) retrieved from /home/airflow/.local/lib/python3.6/site-packages/airflow/example_dags/example_xcom.py
[2021-10-27 07:18:43,179] {logging_mixin.py:109} INFO - [2021-10-27 07:18:43,179] {dag.py:2389} INFO - Sync 1 DAGs
[2021-10-27 07:18:43,195] {logging_mixin.py:109} INFO - [2021-10-27 07:18:43,195] {dag.py:2914} INFO - Setting next_dagrun for example_xcom to 2021-01-01T00:00:00+00:00
[2021-10-27 07:18:43,207] {processor.py:171} INFO - Processing /home/airflow/.local/lib/python3.6/site-packages/airflow/example_dags/example_xcom.py took 0.300 seconds
[2021-10-27 07:19:13,487] {processor.py:163} INFO - Started process (PID=226) to work on /home/airflow/.local/lib/python3.6/site-packages/airflow/example_dags/example_xcom.py
[2021-10-27 07:19:13,488] {processor.py:620} INFO - Processing file /home/airflow/.local/lib/python3.6/site-packages/airflow/example_dags/example_xcom.py for tasks to queue
[2021-10-27 07:19:13,490] {logging_mixin.py:109} INFO - [2021-10-27 07:19:13,489] {dagbag.py:500} INFO - Filling up the DagBag from /home/airflow/.local/lib/python3.6/site-packages/airflow/example_dags/example_xcom.py
[2021-10-27 07:19:13,529] {processor.py:632} INFO - DAG(s) dict_keys(['example_xcom']) retrieved from /home/airflow/.local/lib/python3.6/site-packages/airflow/example_dags/example_xcom.py
[2021-10-27 07:19:13,897] {logging_mixin.py:109} INFO - [2021-10-27 07:19:13,897] {dag.py:2389} INFO - Sync 1 DAGs
[2021-10-27 07:19:13,920] {logging_mixin.py:109} INFO - [2021-10-27 07:19:13,920] {dag.py:2914} INFO - Setting next_dagrun for example_xcom to 2021-01-01T00:00:00+00:00
[2021-10-27 07:19:13,941] {processor.py:171} INFO - Processing /home/airflow/.local/lib/python3.6/site-packages/airflow/example_dags/example_xcom.py took 0.458 seconds
[2021-10-27 07:19:44,203] {processor.py:163} INFO - Started process (PID=284) to work on /home/airflow/.local/lib/python3.6/site-packages/airflow/example_dags/example_xcom.py
[2021-10-27 07:19:44,204] {processor.py:620} INFO - Processing file /home/airflow/.local/lib/python3.6/site-packages/airflow/example_dags/example_xcom.py for tasks to queue
[2021-10-27 07:19:44,205] {logging_mixin.py:109} INFO - [2021-10-27 07:19:44,205] {dagbag.py:500} INFO - Filling up the DagBag from /home/airflow/.local/lib/python3.6/site-packages/airflow/example_dags/example_xcom.py
[2021-10-27 07:19:44,236] {processor.py:632} INFO - DAG(s) dict_keys(['example_xcom']) retrieved from /home/airflow/.local/lib/python3.6/site-packages/airflow/example_dags/example_xcom.py
[2021-10-27 07:19:44,433] {logging_mixin.py:109} INFO - [2021-10-27 07:19:44,433] {dag.py:2389} INFO - Sync 1 DAGs
[2021-10-27 07:19:44,447] {logging_mixin.py:109} INFO - [2021-10-27 07:19:44,447] {dag.py:2914} INFO - Setting next_dagrun for example_xcom to 2021-01-01T00:00:00+00:00
[2021-10-27 07:19:44,459] {processor.py:171} INFO - Processing /home/airflow/.local/lib/python3.6/site-packages/airflow/example_dags/example_xcom.py took 0.259 seconds
[2021-10-27 07:20:14,789] {processor.py:163} INFO - Started process (PID=336) to work on /home/airflow/.local/lib/python3.6/site-packages/airflow/example_dags/example_xcom.py
[2021-10-27 07:20:14,790] {processor.py:620} INFO - Processing file /home/airflow/.local/lib/python3.6/site-packages/airflow/example_dags/example_xcom.py for tasks to queue
[2021-10-27 07:20:14,791] {logging_mixin.py:109} INFO - [2021-10-27 07:20:14,791] {dagbag.py:500} INFO - Filling up the DagBag from /home/airflow/.local/lib/python3.6/site-packages/airflow/example_dags/example_xcom.py
[2021-10-27 07:20:14,821] {processor.py:632} INFO - DAG(s) dict_keys(['example_xcom']) retrieved from /home/airflow/.local/lib/python3.6/site-packages/airflow/example_dags/example_xcom.py
[2021-10-27 07:20:15,058] {logging_mixin.py:109} INFO - [2021-10-27 07:20:15,058] {dag.py:2389} INFO - Sync 1 DAGs
[2021-10-27 07:20:15,074] {logging_mixin.py:109} INFO - [2021-10-27 07:20:15,074] {dag.py:2914} INFO - Setting next_dagrun for example_xcom to 2021-01-01T00:00:00+00:00
[2021-10-27 07:20:15,086] {processor.py:171} INFO - Processing /home/airflow/.local/lib/python3.6/site-packages/airflow/example_dags/example_xcom.py took 0.301 seconds
[2021-10-27 07:20:45,301] {processor.py:163} INFO - Started process (PID=404) to work on /home/airflow/.local/lib/python3.6/site-packages/airflow/example_dags/example_xcom.py
[2021-10-27 07:20:45,302] {processor.py:620} INFO - Processing file /home/airflow/.local/lib/python3.6/site-packages/airflow/example_dags/example_xcom.py for tasks to queue
[2021-10-27 07:20:45,303] {logging_mixin.py:109} INFO - [2021-10-27 07:20:45,303] {dagbag.py:500} INFO - Filling up the DagBag from /home/airflow/.local/lib/python3.6/site-packages/airflow/example_dags/example_xcom.py
[2021-10-27 07:20:45,333] {processor.py:632} INFO - DAG(s) dict_keys(['example_xcom']) retrieved from /home/airflow/.local/lib/python3.6/site-packages/airflow/example_dags/example_xcom.py
[2021-10-27 07:20:45,534] {logging_mixin.py:109} INFO - [2021-10-27 07:20:45,534] {dag.py:2389} INFO - Sync 1 DAGs
[2021-10-27 07:20:45,548] {logging_mixin.py:109} INFO - [2021-10-27 07:20:45,548] {dag.py:2914} INFO - Setting next_dagrun for example_xcom to 2021-01-01T00:00:00+00:00
[2021-10-27 07:20:45,561] {processor.py:171} INFO - Processing /home/airflow/.local/lib/python3.6/site-packages/airflow/example_dags/example_xcom.py took 0.263 seconds
[2021-10-27 07:21:15,628] {processor.py:163} INFO - Started process (PID=461) to work on /home/airflow/.local/lib/python3.6/site-packages/airflow/example_dags/example_xcom.py
[2021-10-27 07:21:15,630] {processor.py:620} INFO - Processing file /home/airflow/.local/lib/python3.6/site-packages/airflow/example_dags/example_xcom.py for tasks to queue
[2021-10-27 07:21:15,630] {logging_mixin.py:109} INFO - [2021-10-27 07:21:15,630] {dagbag.py:500} INFO - Filling up the DagBag from /home/airflow/.local/lib/python3.6/site-packages/airflow/example_dags/example_xcom.py
[2021-10-27 07:21:15,667] {processor.py:632} INFO - DAG(s) dict_keys(['example_xcom']) retrieved from /home/airflow/.local/lib/python3.6/site-packages/airflow/example_dags/example_xcom.py
[2021-10-27 07:21:15,889] {logging_mixin.py:109} INFO - [2021-10-27 07:21:15,889] {dag.py:2389} INFO - Sync 1 DAGs
[2021-10-27 07:21:15,902] {logging_mixin.py:109} INFO - [2021-10-27 07:21:15,902] {dag.py:2914} INFO - Setting next_dagrun for example_xcom to 2021-01-01T00:00:00+00:00
[2021-10-27 07:21:15,915] {processor.py:171} INFO - Processing /home/airflow/.local/lib/python3.6/site-packages/airflow/example_dags/example_xcom.py took 0.289 seconds
[2021-10-27 07:21:46,254] {processor.py:163} INFO - Started process (PID=526) to work on /home/airflow/.local/lib/python3.6/site-packages/airflow/example_dags/example_xcom.py
[2021-10-27 07:21:46,255] {processor.py:620} INFO - Processing file /home/airflow/.local/lib/python3.6/site-packages/airflow/example_dags/example_xcom.py for tasks to queue
[2021-10-27 07:21:46,256] {logging_mixin.py:109} INFO - [2021-10-27 07:21:46,256] {dagbag.py:500} INFO - Filling up the DagBag from /home/airflow/.local/lib/python3.6/site-packages/airflow/example_dags/example_xcom.py
[2021-10-27 07:21:46,284] {processor.py:632} INFO - DAG(s) dict_keys(['example_xcom']) retrieved from /home/airflow/.local/lib/python3.6/site-packages/airflow/example_dags/example_xcom.py
[2021-10-27 07:21:46,490] {logging_mixin.py:109} INFO - [2021-10-27 07:21:46,490] {dag.py:2389} INFO - Sync 1 DAGs
[2021-10-27 07:21:46,506] {logging_mixin.py:109} INFO - [2021-10-27 07:21:46,506] {dag.py:2914} INFO - Setting next_dagrun for example_xcom to 2021-01-01T00:00:00+00:00
[2021-10-27 07:21:46,517] {processor.py:171} INFO - Processing /home/airflow/.local/lib/python3.6/site-packages/airflow/example_dags/example_xcom.py took 0.266 seconds
[2021-10-27 07:22:16,735] {processor.py:163} INFO - Started process (PID=582) to work on /home/airflow/.local/lib/python3.6/site-packages/airflow/example_dags/example_xcom.py
[2021-10-27 07:22:16,737] {processor.py:620} INFO - Processing file /home/airflow/.local/lib/python3.6/site-packages/airflow/example_dags/example_xcom.py for tasks to queue
[2021-10-27 07:22:16,738] {logging_mixin.py:109} INFO - [2021-10-27 07:22:16,738] {dagbag.py:500} INFO - Filling up the DagBag from /home/airflow/.local/lib/python3.6/site-packages/airflow/example_dags/example_xcom.py
[2021-10-27 07:22:16,776] {processor.py:632} INFO - DAG(s) dict_keys(['example_xcom']) retrieved from /home/airflow/.local/lib/python3.6/site-packages/airflow/example_dags/example_xcom.py
[2021-10-27 07:22:17,050] {logging_mixin.py:109} INFO - [2021-10-27 07:22:17,050] {dag.py:2389} INFO - Sync 1 DAGs
[2021-10-27 07:22:17,070] {logging_mixin.py:109} INFO - [2021-10-27 07:22:17,070] {dag.py:2914} INFO - Setting next_dagrun for example_xcom to 2021-01-01T00:00:00+00:00
[2021-10-27 07:22:17,085] {processor.py:171} INFO - Processing /home/airflow/.local/lib/python3.6/site-packages/airflow/example_dags/example_xcom.py took 0.354 seconds
[2021-10-27 07:22:47,172] {processor.py:163} INFO - Started process (PID=650) to work on /home/airflow/.local/lib/python3.6/site-packages/airflow/example_dags/example_xcom.py
[2021-10-27 07:22:47,174] {processor.py:620} INFO - Processing file /home/airflow/.local/lib/python3.6/site-packages/airflow/example_dags/example_xcom.py for tasks to queue
[2021-10-27 07:22:47,175] {logging_mixin.py:109} INFO - [2021-10-27 07:22:47,175] {dagbag.py:500} INFO - Filling up the DagBag from /home/airflow/.local/lib/python3.6/site-packages/airflow/example_dags/example_xcom.py
[2021-10-27 07:22:47,221] {processor.py:632} INFO - DAG(s) dict_keys(['example_xcom']) retrieved from /home/airflow/.local/lib/python3.6/site-packages/airflow/example_dags/example_xcom.py
[2021-10-27 07:22:47,466] {logging_mixin.py:109} INFO - [2021-10-27 07:22:47,466] {dag.py:2389} INFO - Sync 1 DAGs
[2021-10-27 07:22:47,482] {logging_mixin.py:109} INFO - [2021-10-27 07:22:47,481] {dag.py:2914} INFO - Setting next_dagrun for example_xcom to 2021-01-01T00:00:00+00:00
[2021-10-27 07:22:47,495] {processor.py:171} INFO - Processing /home/airflow/.local/lib/python3.6/site-packages/airflow/example_dags/example_xcom.py took 0.330 seconds
[2021-10-27 07:23:17,545] {processor.py:163} INFO - Started process (PID=705) to work on /home/airflow/.local/lib/python3.6/site-packages/airflow/example_dags/example_xcom.py
[2021-10-27 07:23:17,546] {processor.py:620} INFO - Processing file /home/airflow/.local/lib/python3.6/site-packages/airflow/example_dags/example_xcom.py for tasks to queue
[2021-10-27 07:23:17,547] {logging_mixin.py:109} INFO - [2021-10-27 07:23:17,547] {dagbag.py:500} INFO - Filling up the DagBag from /home/airflow/.local/lib/python3.6/site-packages/airflow/example_dags/example_xcom.py
[2021-10-27 07:23:17,579] {processor.py:632} INFO - DAG(s) dict_keys(['example_xcom']) retrieved from /home/airflow/.local/lib/python3.6/site-packages/airflow/example_dags/example_xcom.py
[2021-10-27 07:23:17,802] {logging_mixin.py:109} INFO - [2021-10-27 07:23:17,801] {dag.py:2389} INFO - Sync 1 DAGs
[2021-10-27 07:23:17,815] {logging_mixin.py:109} INFO - [2021-10-27 07:23:17,815] {dag.py:2914} INFO - Setting next_dagrun for example_xcom to 2021-01-01T00:00:00+00:00
[2021-10-27 07:23:17,831] {processor.py:171} INFO - Processing /home/airflow/.local/lib/python3.6/site-packages/airflow/example_dags/example_xcom.py took 0.289 seconds
[2021-10-27 07:23:48,180] {processor.py:163} INFO - Started process (PID=770) to work on /home/airflow/.local/lib/python3.6/site-packages/airflow/example_dags/example_xcom.py
[2021-10-27 07:23:48,181] {processor.py:620} INFO - Processing file /home/airflow/.local/lib/python3.6/site-packages/airflow/example_dags/example_xcom.py for tasks to queue
[2021-10-27 07:23:48,182] {logging_mixin.py:109} INFO - [2021-10-27 07:23:48,182] {dagbag.py:500} INFO - Filling up the DagBag from /home/airflow/.local/lib/python3.6/site-packages/airflow/example_dags/example_xcom.py
[2021-10-27 07:23:48,217] {processor.py:632} INFO - DAG(s) dict_keys(['example_xcom']) retrieved from /home/airflow/.local/lib/python3.6/site-packages/airflow/example_dags/example_xcom.py
[2021-10-27 07:23:48,418] {logging_mixin.py:109} INFO - [2021-10-27 07:23:48,418] {dag.py:2389} INFO - Sync 1 DAGs
[2021-10-27 07:23:48,431] {logging_mixin.py:109} INFO - [2021-10-27 07:23:48,430] {dag.py:2914} INFO - Setting next_dagrun for example_xcom to 2021-01-01T00:00:00+00:00
[2021-10-27 07:23:48,445] {processor.py:171} INFO - Processing /home/airflow/.local/lib/python3.6/site-packages/airflow/example_dags/example_xcom.py took 0.268 seconds
[2021-10-27 07:24:18,476] {processor.py:163} INFO - Started process (PID=818) to work on /home/airflow/.local/lib/python3.6/site-packages/airflow/example_dags/example_xcom.py
[2021-10-27 07:24:18,477] {processor.py:620} INFO - Processing file /home/airflow/.local/lib/python3.6/site-packages/airflow/example_dags/example_xcom.py for tasks to queue
[2021-10-27 07:24:18,478] {logging_mixin.py:109} INFO - [2021-10-27 07:24:18,478] {dagbag.py:500} INFO - Filling up the DagBag from /home/airflow/.local/lib/python3.6/site-packages/airflow/example_dags/example_xcom.py
[2021-10-27 07:24:18,508] {processor.py:632} INFO - DAG(s) dict_keys(['example_xcom']) retrieved from /home/airflow/.local/lib/python3.6/site-packages/airflow/example_dags/example_xcom.py
[2021-10-27 07:24:18,726] {logging_mixin.py:109} INFO - [2021-10-27 07:24:18,726] {dag.py:2389} INFO - Sync 1 DAGs
[2021-10-27 07:24:18,742] {logging_mixin.py:109} INFO - [2021-10-27 07:24:18,742] {dag.py:2914} INFO - Setting next_dagrun for example_xcom to 2021-01-01T00:00:00+00:00
[2021-10-27 07:24:18,756] {processor.py:171} INFO - Processing /home/airflow/.local/lib/python3.6/site-packages/airflow/example_dags/example_xcom.py took 0.282 seconds
[2021-10-27 07:24:49,308] {processor.py:163} INFO - Started process (PID=883) to work on /home/airflow/.local/lib/python3.6/site-packages/airflow/example_dags/example_xcom.py
[2021-10-27 07:24:49,309] {processor.py:620} INFO - Processing file /home/airflow/.local/lib/python3.6/site-packages/airflow/example_dags/example_xcom.py for tasks to queue
[2021-10-27 07:24:49,310] {logging_mixin.py:109} INFO - [2021-10-27 07:24:49,310] {dagbag.py:500} INFO - Filling up the DagBag from /home/airflow/.local/lib/python3.6/site-packages/airflow/example_dags/example_xcom.py
[2021-10-27 07:24:49,346] {processor.py:632} INFO - DAG(s) dict_keys(['example_xcom']) retrieved from /home/airflow/.local/lib/python3.6/site-packages/airflow/example_dags/example_xcom.py
[2021-10-27 07:24:49,577] {logging_mixin.py:109} INFO - [2021-10-27 07:24:49,577] {dag.py:2389} INFO - Sync 1 DAGs
[2021-10-27 07:24:49,598] {logging_mixin.py:109} INFO - [2021-10-27 07:24:49,598] {dag.py:2914} INFO - Setting next_dagrun for example_xcom to 2021-01-01T00:00:00+00:00
[2021-10-27 07:24:49,612] {processor.py:171} INFO - Processing /home/airflow/.local/lib/python3.6/site-packages/airflow/example_dags/example_xcom.py took 0.308 seconds
[2021-10-27 07:25:19,918] {processor.py:163} INFO - Started process (PID=938) to work on /home/airflow/.local/lib/python3.6/site-packages/airflow/example_dags/example_xcom.py
[2021-10-27 07:25:19,920] {processor.py:620} INFO - Processing file /home/airflow/.local/lib/python3.6/site-packages/airflow/example_dags/example_xcom.py for tasks to queue
[2021-10-27 07:25:19,921] {logging_mixin.py:109} INFO - [2021-10-27 07:25:19,921] {dagbag.py:500} INFO - Filling up the DagBag from /home/airflow/.local/lib/python3.6/site-packages/airflow/example_dags/example_xcom.py
[2021-10-27 07:25:19,954] {processor.py:632} INFO - DAG(s) dict_keys(['example_xcom']) retrieved from /home/airflow/.local/lib/python3.6/site-packages/airflow/example_dags/example_xcom.py
[2021-10-27 07:25:20,171] {logging_mixin.py:109} INFO - [2021-10-27 07:25:20,171] {dag.py:2389} INFO - Sync 1 DAGs
[2021-10-27 07:25:20,185] {logging_mixin.py:109} INFO - [2021-10-27 07:25:20,185] {dag.py:2914} INFO - Setting next_dagrun for example_xcom to 2021-01-01T00:00:00+00:00
[2021-10-27 07:25:20,197] {processor.py:171} INFO - Processing /home/airflow/.local/lib/python3.6/site-packages/airflow/example_dags/example_xcom.py took 0.282 seconds
[2021-10-27 07:25:50,271] {processor.py:163} INFO - Started process (PID=1003) to work on /home/airflow/.local/lib/python3.6/site-packages/airflow/example_dags/example_xcom.py
[2021-10-27 07:25:50,272] {processor.py:620} INFO - Processing file /home/airflow/.local/lib/python3.6/site-packages/airflow/example_dags/example_xcom.py for tasks to queue
[2021-10-27 07:25:50,274] {logging_mixin.py:109} INFO - [2021-10-27 07:25:50,274] {dagbag.py:500} INFO - Filling up the DagBag from /home/airflow/.local/lib/python3.6/site-packages/airflow/example_dags/example_xcom.py
[2021-10-27 07:25:50,308] {processor.py:632} INFO - DAG(s) dict_keys(['example_xcom']) retrieved from /home/airflow/.local/lib/python3.6/site-packages/airflow/example_dags/example_xcom.py
[2021-10-27 07:25:50,549] {logging_mixin.py:109} INFO - [2021-10-27 07:25:50,549] {dag.py:2389} INFO - Sync 1 DAGs
[2021-10-27 07:25:50,565] {logging_mixin.py:109} INFO - [2021-10-27 07:25:50,565] {dag.py:2914} INFO - Setting next_dagrun for example_xcom to 2021-01-01T00:00:00+00:00
[2021-10-27 07:25:50,578] {processor.py:171} INFO - Processing /home/airflow/.local/lib/python3.6/site-packages/airflow/example_dags/example_xcom.py took 0.312 seconds
[2021-10-27 07:26:20,820] {processor.py:163} INFO - Started process (PID=1060) to work on /home/airflow/.local/lib/python3.6/site-packages/airflow/example_dags/example_xcom.py
[2021-10-27 07:26:20,821] {processor.py:620} INFO - Processing file /home/airflow/.local/lib/python3.6/site-packages/airflow/example_dags/example_xcom.py for tasks to queue
[2021-10-27 07:26:20,822] {logging_mixin.py:109} INFO - [2021-10-27 07:26:20,822] {dagbag.py:500} INFO - Filling up the DagBag from /home/airflow/.local/lib/python3.6/site-packages/airflow/example_dags/example_xcom.py
[2021-10-27 07:26:20,852] {processor.py:632} INFO - DAG(s) dict_keys(['example_xcom']) retrieved from /home/airflow/.local/lib/python3.6/site-packages/airflow/example_dags/example_xcom.py
[2021-10-27 07:26:21,056] {logging_mixin.py:109} INFO - [2021-10-27 07:26:21,056] {dag.py:2389} INFO - Sync 1 DAGs
[2021-10-27 07:26:21,074] {logging_mixin.py:109} INFO - [2021-10-27 07:26:21,074] {dag.py:2914} INFO - Setting next_dagrun for example_xcom to 2021-01-01T00:00:00+00:00
[2021-10-27 07:26:21,088] {processor.py:171} INFO - Processing /home/airflow/.local/lib/python3.6/site-packages/airflow/example_dags/example_xcom.py took 0.272 seconds
[2021-10-27 07:28:03,371] {processor.py:163} INFO - Started process (PID=46) to work on /home/airflow/.local/lib/python3.6/site-packages/airflow/example_dags/example_xcom.py
[2021-10-27 07:28:03,373] {processor.py:620} INFO - Processing file /home/airflow/.local/lib/python3.6/site-packages/airflow/example_dags/example_xcom.py for tasks to queue
[2021-10-27 07:28:03,375] {logging_mixin.py:109} INFO - [2021-10-27 07:28:03,374] {dagbag.py:500} INFO - Filling up the DagBag from /home/airflow/.local/lib/python3.6/site-packages/airflow/example_dags/example_xcom.py
[2021-10-27 07:28:03,428] {processor.py:632} INFO - DAG(s) dict_keys(['example_xcom']) retrieved from /home/airflow/.local/lib/python3.6/site-packages/airflow/example_dags/example_xcom.py
[2021-10-27 07:28:04,339] {logging_mixin.py:109} INFO - [2021-10-27 07:28:04,339] {dag.py:2389} INFO - Sync 1 DAGs
[2021-10-27 07:28:04,364] {logging_mixin.py:109} INFO - [2021-10-27 07:28:04,363] {dag.py:2914} INFO - Setting next_dagrun for example_xcom to 2021-01-01T00:00:00+00:00
[2021-10-27 07:28:04,379] {processor.py:171} INFO - Processing /home/airflow/.local/lib/python3.6/site-packages/airflow/example_dags/example_xcom.py took 1.015 seconds
[2021-10-27 07:28:34,699] {processor.py:163} INFO - Started process (PID=103) to work on /home/airflow/.local/lib/python3.6/site-packages/airflow/example_dags/example_xcom.py
[2021-10-27 07:28:34,701] {processor.py:620} INFO - Processing file /home/airflow/.local/lib/python3.6/site-packages/airflow/example_dags/example_xcom.py for tasks to queue
[2021-10-27 07:28:34,702] {logging_mixin.py:109} INFO - [2021-10-27 07:28:34,702] {dagbag.py:500} INFO - Filling up the DagBag from /home/airflow/.local/lib/python3.6/site-packages/airflow/example_dags/example_xcom.py
[2021-10-27 07:28:34,746] {processor.py:632} INFO - DAG(s) dict_keys(['example_xcom']) retrieved from /home/airflow/.local/lib/python3.6/site-packages/airflow/example_dags/example_xcom.py
[2021-10-27 07:28:35,032] {logging_mixin.py:109} INFO - [2021-10-27 07:28:35,031] {dag.py:2389} INFO - Sync 1 DAGs
[2021-10-27 07:28:35,050] {logging_mixin.py:109} INFO - [2021-10-27 07:28:35,050] {dag.py:2914} INFO - Setting next_dagrun for example_xcom to 2021-01-01T00:00:00+00:00
[2021-10-27 07:28:35,068] {processor.py:171} INFO - Processing /home/airflow/.local/lib/python3.6/site-packages/airflow/example_dags/example_xcom.py took 0.373 seconds
[2021-10-27 07:29:06,007] {processor.py:163} INFO - Started process (PID=169) to work on /home/airflow/.local/lib/python3.6/site-packages/airflow/example_dags/example_xcom.py
[2021-10-27 07:29:06,009] {processor.py:620} INFO - Processing file /home/airflow/.local/lib/python3.6/site-packages/airflow/example_dags/example_xcom.py for tasks to queue
[2021-10-27 07:29:06,010] {logging_mixin.py:109} INFO - [2021-10-27 07:29:06,010] {dagbag.py:500} INFO - Filling up the DagBag from /home/airflow/.local/lib/python3.6/site-packages/airflow/example_dags/example_xcom.py
[2021-10-27 07:29:06,051] {processor.py:632} INFO - DAG(s) dict_keys(['example_xcom']) retrieved from /home/airflow/.local/lib/python3.6/site-packages/airflow/example_dags/example_xcom.py
[2021-10-27 07:29:06,337] {logging_mixin.py:109} INFO - [2021-10-27 07:29:06,337] {dag.py:2389} INFO - Sync 1 DAGs
[2021-10-27 07:29:06,368] {logging_mixin.py:109} INFO - [2021-10-27 07:29:06,368] {dag.py:2914} INFO - Setting next_dagrun for example_xcom to 2021-01-01T00:00:00+00:00
[2021-10-27 07:29:06,386] {processor.py:171} INFO - Processing /home/airflow/.local/lib/python3.6/site-packages/airflow/example_dags/example_xcom.py took 0.382 seconds
[2021-10-27 07:29:36,440] {processor.py:163} INFO - Started process (PID=225) to work on /home/airflow/.local/lib/python3.6/site-packages/airflow/example_dags/example_xcom.py
[2021-10-27 07:29:36,441] {processor.py:620} INFO - Processing file /home/airflow/.local/lib/python3.6/site-packages/airflow/example_dags/example_xcom.py for tasks to queue
[2021-10-27 07:29:36,442] {logging_mixin.py:109} INFO - [2021-10-27 07:29:36,442] {dagbag.py:500} INFO - Filling up the DagBag from /home/airflow/.local/lib/python3.6/site-packages/airflow/example_dags/example_xcom.py
[2021-10-27 07:29:36,471] {processor.py:632} INFO - DAG(s) dict_keys(['example_xcom']) retrieved from /home/airflow/.local/lib/python3.6/site-packages/airflow/example_dags/example_xcom.py
[2021-10-27 07:29:36,650] {logging_mixin.py:109} INFO - [2021-10-27 07:29:36,650] {dag.py:2389} INFO - Sync 1 DAGs
[2021-10-27 07:29:36,664] {logging_mixin.py:109} INFO - [2021-10-27 07:29:36,663] {dag.py:2914} INFO - Setting next_dagrun for example_xcom to 2021-01-01T00:00:00+00:00
[2021-10-27 07:29:36,682] {processor.py:171} INFO - Processing /home/airflow/.local/lib/python3.6/site-packages/airflow/example_dags/example_xcom.py took 0.244 seconds
[2021-10-27 07:30:07,501] {processor.py:163} INFO - Started process (PID=291) to work on /home/airflow/.local/lib/python3.6/site-packages/airflow/example_dags/example_xcom.py
[2021-10-27 07:30:07,502] {processor.py:620} INFO - Processing file /home/airflow/.local/lib/python3.6/site-packages/airflow/example_dags/example_xcom.py for tasks to queue
[2021-10-27 07:30:07,504] {logging_mixin.py:109} INFO - [2021-10-27 07:30:07,503] {dagbag.py:500} INFO - Filling up the DagBag from /home/airflow/.local/lib/python3.6/site-packages/airflow/example_dags/example_xcom.py
[2021-10-27 07:30:07,532] {processor.py:632} INFO - DAG(s) dict_keys(['example_xcom']) retrieved from /home/airflow/.local/lib/python3.6/site-packages/airflow/example_dags/example_xcom.py
[2021-10-27 07:30:07,544] {logging_mixin.py:109} INFO - [2021-10-27 07:30:07,544] {dag.py:2389} INFO - Sync 1 DAGs
[2021-10-27 07:30:07,558] {logging_mixin.py:109} INFO - [2021-10-27 07:30:07,558] {dag.py:2914} INFO - Setting next_dagrun for example_xcom to 2021-01-01T00:00:00+00:00
[2021-10-27 07:30:07,570] {processor.py:171} INFO - Processing /home/airflow/.local/lib/python3.6/site-packages/airflow/example_dags/example_xcom.py took 0.071 seconds
[2021-10-27 07:30:38,005] {processor.py:163} INFO - Started process (PID=346) to work on /home/airflow/.local/lib/python3.6/site-packages/airflow/example_dags/example_xcom.py
[2021-10-27 07:30:38,007] {processor.py:620} INFO - Processing file /home/airflow/.local/lib/python3.6/site-packages/airflow/example_dags/example_xcom.py for tasks to queue
[2021-10-27 07:30:38,008] {logging_mixin.py:109} INFO - [2021-10-27 07:30:38,008] {dagbag.py:500} INFO - Filling up the DagBag from /home/airflow/.local/lib/python3.6/site-packages/airflow/example_dags/example_xcom.py
[2021-10-27 07:30:38,041] {processor.py:632} INFO - DAG(s) dict_keys(['example_xcom']) retrieved from /home/airflow/.local/lib/python3.6/site-packages/airflow/example_dags/example_xcom.py
[2021-10-27 07:30:38,319] {logging_mixin.py:109} INFO - [2021-10-27 07:30:38,319] {dag.py:2389} INFO - Sync 1 DAGs
[2021-10-27 07:30:38,339] {logging_mixin.py:109} INFO - [2021-10-27 07:30:38,339] {dag.py:2914} INFO - Setting next_dagrun for example_xcom to 2021-01-01T00:00:00+00:00
[2021-10-27 07:30:38,353] {processor.py:171} INFO - Processing /home/airflow/.local/lib/python3.6/site-packages/airflow/example_dags/example_xcom.py took 0.352 seconds
[2021-10-27 07:31:09,330] {processor.py:163} INFO - Started process (PID=410) to work on /home/airflow/.local/lib/python3.6/site-packages/airflow/example_dags/example_xcom.py
[2021-10-27 07:31:09,331] {processor.py:620} INFO - Processing file /home/airflow/.local/lib/python3.6/site-packages/airflow/example_dags/example_xcom.py for tasks to queue
[2021-10-27 07:31:09,332] {logging_mixin.py:109} INFO - [2021-10-27 07:31:09,332] {dagbag.py:500} INFO - Filling up the DagBag from /home/airflow/.local/lib/python3.6/site-packages/airflow/example_dags/example_xcom.py
[2021-10-27 07:31:09,361] {processor.py:632} INFO - DAG(s) dict_keys(['example_xcom']) retrieved from /home/airflow/.local/lib/python3.6/site-packages/airflow/example_dags/example_xcom.py
[2021-10-27 07:31:09,589] {logging_mixin.py:109} INFO - [2021-10-27 07:31:09,589] {dag.py:2389} INFO - Sync 1 DAGs
[2021-10-27 07:31:09,602] {logging_mixin.py:109} INFO - [2021-10-27 07:31:09,602] {dag.py:2914} INFO - Setting next_dagrun for example_xcom to 2021-01-01T00:00:00+00:00
[2021-10-27 07:31:09,615] {processor.py:171} INFO - Processing /home/airflow/.local/lib/python3.6/site-packages/airflow/example_dags/example_xcom.py took 0.289 seconds
[2021-10-27 07:31:39,996] {processor.py:163} INFO - Started process (PID=464) to work on /home/airflow/.local/lib/python3.6/site-packages/airflow/example_dags/example_xcom.py
[2021-10-27 07:31:39,997] {processor.py:620} INFO - Processing file /home/airflow/.local/lib/python3.6/site-packages/airflow/example_dags/example_xcom.py for tasks to queue
[2021-10-27 07:31:39,998] {logging_mixin.py:109} INFO - [2021-10-27 07:31:39,998] {dagbag.py:500} INFO - Filling up the DagBag from /home/airflow/.local/lib/python3.6/site-packages/airflow/example_dags/example_xcom.py
[2021-10-27 07:31:40,039] {processor.py:632} INFO - DAG(s) dict_keys(['example_xcom']) retrieved from /home/airflow/.local/lib/python3.6/site-packages/airflow/example_dags/example_xcom.py
[2021-10-27 07:31:40,283] {logging_mixin.py:109} INFO - [2021-10-27 07:31:40,283] {dag.py:2389} INFO - Sync 1 DAGs
[2021-10-27 07:31:40,304] {logging_mixin.py:109} INFO - [2021-10-27 07:31:40,304] {dag.py:2914} INFO - Setting next_dagrun for example_xcom to 2021-01-01T00:00:00+00:00
[2021-10-27 07:31:40,319] {processor.py:171} INFO - Processing /home/airflow/.local/lib/python3.6/site-packages/airflow/example_dags/example_xcom.py took 0.326 seconds
[2021-10-27 07:32:10,481] {processor.py:163} INFO - Started process (PID=530) to work on /home/airflow/.local/lib/python3.6/site-packages/airflow/example_dags/example_xcom.py
[2021-10-27 07:32:10,483] {processor.py:620} INFO - Processing file /home/airflow/.local/lib/python3.6/site-packages/airflow/example_dags/example_xcom.py for tasks to queue
[2021-10-27 07:32:10,484] {logging_mixin.py:109} INFO - [2021-10-27 07:32:10,484] {dagbag.py:500} INFO - Filling up the DagBag from /home/airflow/.local/lib/python3.6/site-packages/airflow/example_dags/example_xcom.py
[2021-10-27 07:32:10,535] {processor.py:632} INFO - DAG(s) dict_keys(['example_xcom']) retrieved from /home/airflow/.local/lib/python3.6/site-packages/airflow/example_dags/example_xcom.py
[2021-10-27 07:32:10,781] {logging_mixin.py:109} INFO - [2021-10-27 07:32:10,781] {dag.py:2389} INFO - Sync 1 DAGs
[2021-10-27 07:32:10,796] {logging_mixin.py:109} INFO - [2021-10-27 07:32:10,796] {dag.py:2914} INFO - Setting next_dagrun for example_xcom to 2021-01-01T00:00:00+00:00
[2021-10-27 07:32:10,809] {processor.py:171} INFO - Processing /home/airflow/.local/lib/python3.6/site-packages/airflow/example_dags/example_xcom.py took 0.331 seconds
[2021-10-27 07:32:41,049] {processor.py:163} INFO - Started process (PID=585) to work on /home/airflow/.local/lib/python3.6/site-packages/airflow/example_dags/example_xcom.py
[2021-10-27 07:32:41,050] {processor.py:620} INFO - Processing file /home/airflow/.local/lib/python3.6/site-packages/airflow/example_dags/example_xcom.py for tasks to queue
[2021-10-27 07:32:41,051] {logging_mixin.py:109} INFO - [2021-10-27 07:32:41,051] {dagbag.py:500} INFO - Filling up the DagBag from /home/airflow/.local/lib/python3.6/site-packages/airflow/example_dags/example_xcom.py
[2021-10-27 07:32:41,081] {processor.py:632} INFO - DAG(s) dict_keys(['example_xcom']) retrieved from /home/airflow/.local/lib/python3.6/site-packages/airflow/example_dags/example_xcom.py
[2021-10-27 07:32:41,272] {logging_mixin.py:109} INFO - [2021-10-27 07:32:41,271] {dag.py:2389} INFO - Sync 1 DAGs
[2021-10-27 07:32:41,285] {logging_mixin.py:109} INFO - [2021-10-27 07:32:41,285] {dag.py:2914} INFO - Setting next_dagrun for example_xcom to 2021-01-01T00:00:00+00:00
[2021-10-27 07:32:41,298] {processor.py:171} INFO - Processing /home/airflow/.local/lib/python3.6/site-packages/airflow/example_dags/example_xcom.py took 0.253 seconds
[2021-10-27 07:33:11,611] {processor.py:163} INFO - Started process (PID=651) to work on /home/airflow/.local/lib/python3.6/site-packages/airflow/example_dags/example_xcom.py
[2021-10-27 07:33:11,612] {processor.py:620} INFO - Processing file /home/airflow/.local/lib/python3.6/site-packages/airflow/example_dags/example_xcom.py for tasks to queue
[2021-10-27 07:33:11,613] {logging_mixin.py:109} INFO - [2021-10-27 07:33:11,613] {dagbag.py:500} INFO - Filling up the DagBag from /home/airflow/.local/lib/python3.6/site-packages/airflow/example_dags/example_xcom.py
[2021-10-27 07:33:11,649] {processor.py:632} INFO - DAG(s) dict_keys(['example_xcom']) retrieved from /home/airflow/.local/lib/python3.6/site-packages/airflow/example_dags/example_xcom.py
[2021-10-27 07:33:11,921] {logging_mixin.py:109} INFO - [2021-10-27 07:33:11,921] {dag.py:2389} INFO - Sync 1 DAGs
[2021-10-27 07:33:11,935] {logging_mixin.py:109} INFO - [2021-10-27 07:33:11,935] {dag.py:2914} INFO - Setting next_dagrun for example_xcom to 2021-01-01T00:00:00+00:00
[2021-10-27 07:33:11,951] {processor.py:171} INFO - Processing /home/airflow/.local/lib/python3.6/site-packages/airflow/example_dags/example_xcom.py took 0.344 seconds
[2021-10-27 07:33:42,798] {processor.py:163} INFO - Started process (PID=706) to work on /home/airflow/.local/lib/python3.6/site-packages/airflow/example_dags/example_xcom.py
[2021-10-27 07:33:42,799] {processor.py:620} INFO - Processing file /home/airflow/.local/lib/python3.6/site-packages/airflow/example_dags/example_xcom.py for tasks to queue
[2021-10-27 07:33:42,800] {logging_mixin.py:109} INFO - [2021-10-27 07:33:42,800] {dagbag.py:500} INFO - Filling up the DagBag from /home/airflow/.local/lib/python3.6/site-packages/airflow/example_dags/example_xcom.py
[2021-10-27 07:33:42,829] {processor.py:632} INFO - DAG(s) dict_keys(['example_xcom']) retrieved from /home/airflow/.local/lib/python3.6/site-packages/airflow/example_dags/example_xcom.py
[2021-10-27 07:33:43,029] {logging_mixin.py:109} INFO - [2021-10-27 07:33:43,029] {dag.py:2389} INFO - Sync 1 DAGs
[2021-10-27 07:33:43,044] {logging_mixin.py:109} INFO - [2021-10-27 07:33:43,044] {dag.py:2914} INFO - Setting next_dagrun for example_xcom to 2021-01-01T00:00:00+00:00
[2021-10-27 07:33:43,057] {processor.py:171} INFO - Processing /home/airflow/.local/lib/python3.6/site-packages/airflow/example_dags/example_xcom.py took 0.263 seconds
[2021-10-27 07:34:13,096] {processor.py:163} INFO - Started process (PID=771) to work on /home/airflow/.local/lib/python3.6/site-packages/airflow/example_dags/example_xcom.py
[2021-10-27 07:34:13,097] {processor.py:620} INFO - Processing file /home/airflow/.local/lib/python3.6/site-packages/airflow/example_dags/example_xcom.py for tasks to queue
[2021-10-27 07:34:13,098] {logging_mixin.py:109} INFO - [2021-10-27 07:34:13,098] {dagbag.py:500} INFO - Filling up the DagBag from /home/airflow/.local/lib/python3.6/site-packages/airflow/example_dags/example_xcom.py
[2021-10-27 07:34:13,131] {processor.py:632} INFO - DAG(s) dict_keys(['example_xcom']) retrieved from /home/airflow/.local/lib/python3.6/site-packages/airflow/example_dags/example_xcom.py
[2021-10-27 07:34:13,361] {logging_mixin.py:109} INFO - [2021-10-27 07:34:13,361] {dag.py:2389} INFO - Sync 1 DAGs
[2021-10-27 07:34:13,376] {logging_mixin.py:109} INFO - [2021-10-27 07:34:13,376] {dag.py:2914} INFO - Setting next_dagrun for example_xcom to 2021-01-01T00:00:00+00:00
[2021-10-27 07:34:13,390] {processor.py:171} INFO - Processing /home/airflow/.local/lib/python3.6/site-packages/airflow/example_dags/example_xcom.py took 0.297 seconds
[2021-10-27 07:34:44,150] {processor.py:163} INFO - Started process (PID=826) to work on /home/airflow/.local/lib/python3.6/site-packages/airflow/example_dags/example_xcom.py
[2021-10-27 07:34:44,152] {processor.py:620} INFO - Processing file /home/airflow/.local/lib/python3.6/site-packages/airflow/example_dags/example_xcom.py for tasks to queue
[2021-10-27 07:34:44,153] {logging_mixin.py:109} INFO - [2021-10-27 07:34:44,153] {dagbag.py:500} INFO - Filling up the DagBag from /home/airflow/.local/lib/python3.6/site-packages/airflow/example_dags/example_xcom.py
[2021-10-27 07:34:44,182] {processor.py:632} INFO - DAG(s) dict_keys(['example_xcom']) retrieved from /home/airflow/.local/lib/python3.6/site-packages/airflow/example_dags/example_xcom.py
[2021-10-27 07:34:44,380] {logging_mixin.py:109} INFO - [2021-10-27 07:34:44,380] {dag.py:2389} INFO - Sync 1 DAGs
[2021-10-27 07:34:44,393] {logging_mixin.py:109} INFO - [2021-10-27 07:34:44,392] {dag.py:2914} INFO - Setting next_dagrun for example_xcom to 2021-01-01T00:00:00+00:00
[2021-10-27 07:34:44,405] {processor.py:171} INFO - Processing /home/airflow/.local/lib/python3.6/site-packages/airflow/example_dags/example_xcom.py took 0.258 seconds
[2021-10-27 07:35:14,601] {processor.py:163} INFO - Started process (PID=892) to work on /home/airflow/.local/lib/python3.6/site-packages/airflow/example_dags/example_xcom.py
[2021-10-27 07:35:14,603] {processor.py:620} INFO - Processing file /home/airflow/.local/lib/python3.6/site-packages/airflow/example_dags/example_xcom.py for tasks to queue
[2021-10-27 07:35:14,604] {logging_mixin.py:109} INFO - [2021-10-27 07:35:14,604] {dagbag.py:500} INFO - Filling up the DagBag from /home/airflow/.local/lib/python3.6/site-packages/airflow/example_dags/example_xcom.py
[2021-10-27 07:35:14,643] {processor.py:632} INFO - DAG(s) dict_keys(['example_xcom']) retrieved from /home/airflow/.local/lib/python3.6/site-packages/airflow/example_dags/example_xcom.py
[2021-10-27 07:35:14,869] {logging_mixin.py:109} INFO - [2021-10-27 07:35:14,869] {dag.py:2389} INFO - Sync 1 DAGs
[2021-10-27 07:35:14,884] {logging_mixin.py:109} INFO - [2021-10-27 07:35:14,884] {dag.py:2914} INFO - Setting next_dagrun for example_xcom to 2021-01-01T00:00:00+00:00
[2021-10-27 07:35:14,898] {processor.py:171} INFO - Processing /home/airflow/.local/lib/python3.6/site-packages/airflow/example_dags/example_xcom.py took 0.299 seconds
[2021-10-27 07:35:44,933] {processor.py:163} INFO - Started process (PID=947) to work on /home/airflow/.local/lib/python3.6/site-packages/airflow/example_dags/example_xcom.py
[2021-10-27 07:35:44,934] {processor.py:620} INFO - Processing file /home/airflow/.local/lib/python3.6/site-packages/airflow/example_dags/example_xcom.py for tasks to queue
[2021-10-27 07:35:44,935] {logging_mixin.py:109} INFO - [2021-10-27 07:35:44,935] {dagbag.py:500} INFO - Filling up the DagBag from /home/airflow/.local/lib/python3.6/site-packages/airflow/example_dags/example_xcom.py
[2021-10-27 07:35:44,967] {processor.py:632} INFO - DAG(s) dict_keys(['example_xcom']) retrieved from /home/airflow/.local/lib/python3.6/site-packages/airflow/example_dags/example_xcom.py
[2021-10-27 07:35:45,174] {logging_mixin.py:109} INFO - [2021-10-27 07:35:45,174] {dag.py:2389} INFO - Sync 1 DAGs
[2021-10-27 07:35:45,187] {logging_mixin.py:109} INFO - [2021-10-27 07:35:45,187] {dag.py:2914} INFO - Setting next_dagrun for example_xcom to 2021-01-01T00:00:00+00:00
[2021-10-27 07:35:45,200] {processor.py:171} INFO - Processing /home/airflow/.local/lib/python3.6/site-packages/airflow/example_dags/example_xcom.py took 0.270 seconds
[2021-10-27 07:36:16,185] {processor.py:163} INFO - Started process (PID=1013) to work on /home/airflow/.local/lib/python3.6/site-packages/airflow/example_dags/example_xcom.py
[2021-10-27 07:36:16,187] {processor.py:620} INFO - Processing file /home/airflow/.local/lib/python3.6/site-packages/airflow/example_dags/example_xcom.py for tasks to queue
[2021-10-27 07:36:16,188] {logging_mixin.py:109} INFO - [2021-10-27 07:36:16,187] {dagbag.py:500} INFO - Filling up the DagBag from /home/airflow/.local/lib/python3.6/site-packages/airflow/example_dags/example_xcom.py
[2021-10-27 07:36:16,221] {processor.py:632} INFO - DAG(s) dict_keys(['example_xcom']) retrieved from /home/airflow/.local/lib/python3.6/site-packages/airflow/example_dags/example_xcom.py
[2021-10-27 07:36:16,414] {logging_mixin.py:109} INFO - [2021-10-27 07:36:16,414] {dag.py:2389} INFO - Sync 1 DAGs
[2021-10-27 07:36:16,427] {logging_mixin.py:109} INFO - [2021-10-27 07:36:16,427] {dag.py:2914} INFO - Setting next_dagrun for example_xcom to 2021-01-01T00:00:00+00:00
[2021-10-27 07:36:16,442] {processor.py:171} INFO - Processing /home/airflow/.local/lib/python3.6/site-packages/airflow/example_dags/example_xcom.py took 0.260 seconds
[2021-10-27 07:36:46,518] {processor.py:163} INFO - Started process (PID=1069) to work on /home/airflow/.local/lib/python3.6/site-packages/airflow/example_dags/example_xcom.py
[2021-10-27 07:36:46,520] {processor.py:620} INFO - Processing file /home/airflow/.local/lib/python3.6/site-packages/airflow/example_dags/example_xcom.py for tasks to queue
[2021-10-27 07:36:46,521] {logging_mixin.py:109} INFO - [2021-10-27 07:36:46,520] {dagbag.py:500} INFO - Filling up the DagBag from /home/airflow/.local/lib/python3.6/site-packages/airflow/example_dags/example_xcom.py
[2021-10-27 07:36:46,561] {processor.py:632} INFO - DAG(s) dict_keys(['example_xcom']) retrieved from /home/airflow/.local/lib/python3.6/site-packages/airflow/example_dags/example_xcom.py
[2021-10-27 07:36:46,848] {logging_mixin.py:109} INFO - [2021-10-27 07:36:46,848] {dag.py:2389} INFO - Sync 1 DAGs
[2021-10-27 07:36:46,869] {logging_mixin.py:109} INFO - [2021-10-27 07:36:46,869] {dag.py:2914} INFO - Setting next_dagrun for example_xcom to 2021-01-01T00:00:00+00:00
[2021-10-27 07:36:46,885] {processor.py:171} INFO - Processing /home/airflow/.local/lib/python3.6/site-packages/airflow/example_dags/example_xcom.py took 0.371 seconds
[2021-10-27 07:37:17,890] {processor.py:163} INFO - Started process (PID=1132) to work on /home/airflow/.local/lib/python3.6/site-packages/airflow/example_dags/example_xcom.py
[2021-10-27 07:37:17,891] {processor.py:620} INFO - Processing file /home/airflow/.local/lib/python3.6/site-packages/airflow/example_dags/example_xcom.py for tasks to queue
[2021-10-27 07:37:17,893] {logging_mixin.py:109} INFO - [2021-10-27 07:37:17,892] {dagbag.py:500} INFO - Filling up the DagBag from /home/airflow/.local/lib/python3.6/site-packages/airflow/example_dags/example_xcom.py
[2021-10-27 07:37:17,928] {processor.py:632} INFO - DAG(s) dict_keys(['example_xcom']) retrieved from /home/airflow/.local/lib/python3.6/site-packages/airflow/example_dags/example_xcom.py
[2021-10-27 07:37:18,203] {logging_mixin.py:109} INFO - [2021-10-27 07:37:18,203] {dag.py:2389} INFO - Sync 1 DAGs
[2021-10-27 07:37:18,224] {logging_mixin.py:109} INFO - [2021-10-27 07:37:18,224] {dag.py:2914} INFO - Setting next_dagrun for example_xcom to 2021-01-01T00:00:00+00:00
[2021-10-27 07:37:18,236] {processor.py:171} INFO - Processing /home/airflow/.local/lib/python3.6/site-packages/airflow/example_dags/example_xcom.py took 0.350 seconds
[2021-10-27 07:37:48,561] {processor.py:163} INFO - Started process (PID=1191) to work on /home/airflow/.local/lib/python3.6/site-packages/airflow/example_dags/example_xcom.py
[2021-10-27 07:37:48,562] {processor.py:620} INFO - Processing file /home/airflow/.local/lib/python3.6/site-packages/airflow/example_dags/example_xcom.py for tasks to queue
[2021-10-27 07:37:48,563] {logging_mixin.py:109} INFO - [2021-10-27 07:37:48,563] {dagbag.py:500} INFO - Filling up the DagBag from /home/airflow/.local/lib/python3.6/site-packages/airflow/example_dags/example_xcom.py
[2021-10-27 07:37:48,593] {processor.py:632} INFO - DAG(s) dict_keys(['example_xcom']) retrieved from /home/airflow/.local/lib/python3.6/site-packages/airflow/example_dags/example_xcom.py
[2021-10-27 07:37:48,796] {logging_mixin.py:109} INFO - [2021-10-27 07:37:48,796] {dag.py:2389} INFO - Sync 1 DAGs
[2021-10-27 07:37:48,810] {logging_mixin.py:109} INFO - [2021-10-27 07:37:48,810] {dag.py:2914} INFO - Setting next_dagrun for example_xcom to 2021-01-01T00:00:00+00:00
[2021-10-27 07:37:48,824] {processor.py:171} INFO - Processing /home/airflow/.local/lib/python3.6/site-packages/airflow/example_dags/example_xcom.py took 0.266 seconds
[2021-10-27 07:38:19,161] {processor.py:163} INFO - Started process (PID=1246) to work on /home/airflow/.local/lib/python3.6/site-packages/airflow/example_dags/example_xcom.py
[2021-10-27 07:38:19,163] {processor.py:620} INFO - Processing file /home/airflow/.local/lib/python3.6/site-packages/airflow/example_dags/example_xcom.py for tasks to queue
[2021-10-27 07:38:19,164] {logging_mixin.py:109} INFO - [2021-10-27 07:38:19,164] {dagbag.py:500} INFO - Filling up the DagBag from /home/airflow/.local/lib/python3.6/site-packages/airflow/example_dags/example_xcom.py
[2021-10-27 07:38:19,195] {processor.py:632} INFO - DAG(s) dict_keys(['example_xcom']) retrieved from /home/airflow/.local/lib/python3.6/site-packages/airflow/example_dags/example_xcom.py
[2021-10-27 07:38:19,421] {logging_mixin.py:109} INFO - [2021-10-27 07:38:19,421] {dag.py:2389} INFO - Sync 1 DAGs
[2021-10-27 07:38:19,437] {logging_mixin.py:109} INFO - [2021-10-27 07:38:19,437] {dag.py:2914} INFO - Setting next_dagrun for example_xcom to 2021-01-01T00:00:00+00:00
[2021-10-27 07:38:19,451] {processor.py:171} INFO - Processing /home/airflow/.local/lib/python3.6/site-packages/airflow/example_dags/example_xcom.py took 0.293 seconds
[2021-10-27 07:38:49,751] {processor.py:163} INFO - Started process (PID=1313) to work on /home/airflow/.local/lib/python3.6/site-packages/airflow/example_dags/example_xcom.py
[2021-10-27 07:38:49,753] {processor.py:620} INFO - Processing file /home/airflow/.local/lib/python3.6/site-packages/airflow/example_dags/example_xcom.py for tasks to queue
[2021-10-27 07:38:49,754] {logging_mixin.py:109} INFO - [2021-10-27 07:38:49,754] {dagbag.py:500} INFO - Filling up the DagBag from /home/airflow/.local/lib/python3.6/site-packages/airflow/example_dags/example_xcom.py
[2021-10-27 07:38:49,786] {processor.py:632} INFO - DAG(s) dict_keys(['example_xcom']) retrieved from /home/airflow/.local/lib/python3.6/site-packages/airflow/example_dags/example_xcom.py
[2021-10-27 07:38:50,026] {logging_mixin.py:109} INFO - [2021-10-27 07:38:50,026] {dag.py:2389} INFO - Sync 1 DAGs
[2021-10-27 07:38:50,040] {logging_mixin.py:109} INFO - [2021-10-27 07:38:50,040] {dag.py:2914} INFO - Setting next_dagrun for example_xcom to 2021-01-01T00:00:00+00:00
[2021-10-27 07:38:50,052] {processor.py:171} INFO - Processing /home/airflow/.local/lib/python3.6/site-packages/airflow/example_dags/example_xcom.py took 0.305 seconds
[2021-10-27 07:39:20,200] {processor.py:163} INFO - Started process (PID=1368) to work on /home/airflow/.local/lib/python3.6/site-packages/airflow/example_dags/example_xcom.py
[2021-10-27 07:39:20,202] {processor.py:620} INFO - Processing file /home/airflow/.local/lib/python3.6/site-packages/airflow/example_dags/example_xcom.py for tasks to queue
[2021-10-27 07:39:20,203] {logging_mixin.py:109} INFO - [2021-10-27 07:39:20,203] {dagbag.py:500} INFO - Filling up the DagBag from /home/airflow/.local/lib/python3.6/site-packages/airflow/example_dags/example_xcom.py
[2021-10-27 07:39:20,232] {processor.py:632} INFO - DAG(s) dict_keys(['example_xcom']) retrieved from /home/airflow/.local/lib/python3.6/site-packages/airflow/example_dags/example_xcom.py
[2021-10-27 07:39:20,428] {logging_mixin.py:109} INFO - [2021-10-27 07:39:20,428] {dag.py:2389} INFO - Sync 1 DAGs
[2021-10-27 07:39:20,441] {logging_mixin.py:109} INFO - [2021-10-27 07:39:20,441] {dag.py:2914} INFO - Setting next_dagrun for example_xcom to 2021-01-01T00:00:00+00:00
[2021-10-27 07:39:20,456] {processor.py:171} INFO - Processing /home/airflow/.local/lib/python3.6/site-packages/airflow/example_dags/example_xcom.py took 0.258 seconds
[2021-10-27 07:39:50,510] {processor.py:163} INFO - Started process (PID=1432) to work on /home/airflow/.local/lib/python3.6/site-packages/airflow/example_dags/example_xcom.py
[2021-10-27 07:39:50,511] {processor.py:620} INFO - Processing file /home/airflow/.local/lib/python3.6/site-packages/airflow/example_dags/example_xcom.py for tasks to queue
[2021-10-27 07:39:50,512] {logging_mixin.py:109} INFO - [2021-10-27 07:39:50,512] {dagbag.py:500} INFO - Filling up the DagBag from /home/airflow/.local/lib/python3.6/site-packages/airflow/example_dags/example_xcom.py
[2021-10-27 07:39:50,544] {processor.py:632} INFO - DAG(s) dict_keys(['example_xcom']) retrieved from /home/airflow/.local/lib/python3.6/site-packages/airflow/example_dags/example_xcom.py
[2021-10-27 07:39:50,761] {logging_mixin.py:109} INFO - [2021-10-27 07:39:50,760] {dag.py:2389} INFO - Sync 1 DAGs
[2021-10-27 07:39:50,775] {logging_mixin.py:109} INFO - [2021-10-27 07:39:50,774] {dag.py:2914} INFO - Setting next_dagrun for example_xcom to 2021-01-01T00:00:00+00:00
[2021-10-27 07:39:50,789] {processor.py:171} INFO - Processing /home/airflow/.local/lib/python3.6/site-packages/airflow/example_dags/example_xcom.py took 0.282 seconds
[2021-10-27 07:40:20,995] {processor.py:163} INFO - Started process (PID=1489) to work on /home/airflow/.local/lib/python3.6/site-packages/airflow/example_dags/example_xcom.py
[2021-10-27 07:40:20,997] {processor.py:620} INFO - Processing file /home/airflow/.local/lib/python3.6/site-packages/airflow/example_dags/example_xcom.py for tasks to queue
[2021-10-27 07:40:20,998] {logging_mixin.py:109} INFO - [2021-10-27 07:40:20,998] {dagbag.py:500} INFO - Filling up the DagBag from /home/airflow/.local/lib/python3.6/site-packages/airflow/example_dags/example_xcom.py
[2021-10-27 07:40:21,055] {processor.py:632} INFO - DAG(s) dict_keys(['example_xcom']) retrieved from /home/airflow/.local/lib/python3.6/site-packages/airflow/example_dags/example_xcom.py
[2021-10-27 07:40:21,268] {logging_mixin.py:109} INFO - [2021-10-27 07:40:21,268] {dag.py:2389} INFO - Sync 1 DAGs
[2021-10-27 07:40:21,282] {logging_mixin.py:109} INFO - [2021-10-27 07:40:21,282] {dag.py:2914} INFO - Setting next_dagrun for example_xcom to 2021-01-01T00:00:00+00:00
[2021-10-27 07:40:21,304] {processor.py:171} INFO - Processing /home/airflow/.local/lib/python3.6/site-packages/airflow/example_dags/example_xcom.py took 0.312 seconds
[2021-10-27 07:40:51,408] {processor.py:163} INFO - Started process (PID=1553) to work on /home/airflow/.local/lib/python3.6/site-packages/airflow/example_dags/example_xcom.py
[2021-10-27 07:40:51,409] {processor.py:620} INFO - Processing file /home/airflow/.local/lib/python3.6/site-packages/airflow/example_dags/example_xcom.py for tasks to queue
[2021-10-27 07:40:51,410] {logging_mixin.py:109} INFO - [2021-10-27 07:40:51,410] {dagbag.py:500} INFO - Filling up the DagBag from /home/airflow/.local/lib/python3.6/site-packages/airflow/example_dags/example_xcom.py
[2021-10-27 07:40:51,440] {processor.py:632} INFO - DAG(s) dict_keys(['example_xcom']) retrieved from /home/airflow/.local/lib/python3.6/site-packages/airflow/example_dags/example_xcom.py
[2021-10-27 07:40:51,642] {logging_mixin.py:109} INFO - [2021-10-27 07:40:51,642] {dag.py:2389} INFO - Sync 1 DAGs
[2021-10-27 07:40:51,658] {logging_mixin.py:109} INFO - [2021-10-27 07:40:51,657] {dag.py:2914} INFO - Setting next_dagrun for example_xcom to 2021-01-01T00:00:00+00:00
[2021-10-27 07:40:51,670] {processor.py:171} INFO - Processing /home/airflow/.local/lib/python3.6/site-packages/airflow/example_dags/example_xcom.py took 0.265 seconds
[2021-10-27 07:41:21,731] {processor.py:163} INFO - Started process (PID=1607) to work on /home/airflow/.local/lib/python3.6/site-packages/airflow/example_dags/example_xcom.py
[2021-10-27 07:41:21,733] {processor.py:620} INFO - Processing file /home/airflow/.local/lib/python3.6/site-packages/airflow/example_dags/example_xcom.py for tasks to queue
[2021-10-27 07:41:21,734] {logging_mixin.py:109} INFO - [2021-10-27 07:41:21,734] {dagbag.py:500} INFO - Filling up the DagBag from /home/airflow/.local/lib/python3.6/site-packages/airflow/example_dags/example_xcom.py
[2021-10-27 07:41:21,768] {processor.py:632} INFO - DAG(s) dict_keys(['example_xcom']) retrieved from /home/airflow/.local/lib/python3.6/site-packages/airflow/example_dags/example_xcom.py
[2021-10-27 07:41:21,992] {logging_mixin.py:109} INFO - [2021-10-27 07:41:21,992] {dag.py:2389} INFO - Sync 1 DAGs
[2021-10-27 07:41:22,007] {logging_mixin.py:109} INFO - [2021-10-27 07:41:22,007] {dag.py:2914} INFO - Setting next_dagrun for example_xcom to 2021-01-01T00:00:00+00:00
[2021-10-27 07:41:22,019] {processor.py:171} INFO - Processing /home/airflow/.local/lib/python3.6/site-packages/airflow/example_dags/example_xcom.py took 0.291 seconds
[2021-10-27 07:41:52,353] {processor.py:163} INFO - Started process (PID=1672) to work on /home/airflow/.local/lib/python3.6/site-packages/airflow/example_dags/example_xcom.py
[2021-10-27 07:41:52,354] {processor.py:620} INFO - Processing file /home/airflow/.local/lib/python3.6/site-packages/airflow/example_dags/example_xcom.py for tasks to queue
[2021-10-27 07:41:52,355] {logging_mixin.py:109} INFO - [2021-10-27 07:41:52,355] {dagbag.py:500} INFO - Filling up the DagBag from /home/airflow/.local/lib/python3.6/site-packages/airflow/example_dags/example_xcom.py
[2021-10-27 07:41:52,385] {processor.py:632} INFO - DAG(s) dict_keys(['example_xcom']) retrieved from /home/airflow/.local/lib/python3.6/site-packages/airflow/example_dags/example_xcom.py
[2021-10-27 07:41:52,581] {logging_mixin.py:109} INFO - [2021-10-27 07:41:52,581] {dag.py:2389} INFO - Sync 1 DAGs
[2021-10-27 07:41:52,596] {logging_mixin.py:109} INFO - [2021-10-27 07:41:52,596] {dag.py:2914} INFO - Setting next_dagrun for example_xcom to 2021-01-01T00:00:00+00:00
[2021-10-27 07:41:52,610] {processor.py:171} INFO - Processing /home/airflow/.local/lib/python3.6/site-packages/airflow/example_dags/example_xcom.py took 0.261 seconds
[2021-10-27 07:42:23,553] {processor.py:163} INFO - Started process (PID=1727) to work on /home/airflow/.local/lib/python3.6/site-packages/airflow/example_dags/example_xcom.py
[2021-10-27 07:42:23,554] {processor.py:620} INFO - Processing file /home/airflow/.local/lib/python3.6/site-packages/airflow/example_dags/example_xcom.py for tasks to queue
[2021-10-27 07:42:23,555] {logging_mixin.py:109} INFO - [2021-10-27 07:42:23,555] {dagbag.py:500} INFO - Filling up the DagBag from /home/airflow/.local/lib/python3.6/site-packages/airflow/example_dags/example_xcom.py
[2021-10-27 07:42:23,584] {processor.py:632} INFO - DAG(s) dict_keys(['example_xcom']) retrieved from /home/airflow/.local/lib/python3.6/site-packages/airflow/example_dags/example_xcom.py
[2021-10-27 07:42:23,789] {logging_mixin.py:109} INFO - [2021-10-27 07:42:23,789] {dag.py:2389} INFO - Sync 1 DAGs
[2021-10-27 07:42:23,805] {logging_mixin.py:109} INFO - [2021-10-27 07:42:23,804] {dag.py:2914} INFO - Setting next_dagrun for example_xcom to 2021-01-01T00:00:00+00:00
[2021-10-27 07:42:23,819] {processor.py:171} INFO - Processing /home/airflow/.local/lib/python3.6/site-packages/airflow/example_dags/example_xcom.py took 0.269 seconds
[2021-10-27 07:42:53,885] {processor.py:163} INFO - Started process (PID=1793) to work on /home/airflow/.local/lib/python3.6/site-packages/airflow/example_dags/example_xcom.py
[2021-10-27 07:42:53,887] {processor.py:620} INFO - Processing file /home/airflow/.local/lib/python3.6/site-packages/airflow/example_dags/example_xcom.py for tasks to queue
[2021-10-27 07:42:53,888] {logging_mixin.py:109} INFO - [2021-10-27 07:42:53,887] {dagbag.py:500} INFO - Filling up the DagBag from /home/airflow/.local/lib/python3.6/site-packages/airflow/example_dags/example_xcom.py
[2021-10-27 07:42:53,918] {processor.py:632} INFO - DAG(s) dict_keys(['example_xcom']) retrieved from /home/airflow/.local/lib/python3.6/site-packages/airflow/example_dags/example_xcom.py
[2021-10-27 07:42:54,117] {logging_mixin.py:109} INFO - [2021-10-27 07:42:54,117] {dag.py:2389} INFO - Sync 1 DAGs
[2021-10-27 07:42:54,138] {logging_mixin.py:109} INFO - [2021-10-27 07:42:54,137] {dag.py:2914} INFO - Setting next_dagrun for example_xcom to 2021-01-01T00:00:00+00:00
[2021-10-27 07:42:54,152] {processor.py:171} INFO - Processing /home/airflow/.local/lib/python3.6/site-packages/airflow/example_dags/example_xcom.py took 0.269 seconds
[2021-10-27 07:43:24,642] {processor.py:163} INFO - Started process (PID=1849) to work on /home/airflow/.local/lib/python3.6/site-packages/airflow/example_dags/example_xcom.py
[2021-10-27 07:43:24,644] {processor.py:620} INFO - Processing file /home/airflow/.local/lib/python3.6/site-packages/airflow/example_dags/example_xcom.py for tasks to queue
[2021-10-27 07:43:24,645] {logging_mixin.py:109} INFO - [2021-10-27 07:43:24,645] {dagbag.py:500} INFO - Filling up the DagBag from /home/airflow/.local/lib/python3.6/site-packages/airflow/example_dags/example_xcom.py
[2021-10-27 07:43:24,713] {processor.py:632} INFO - DAG(s) dict_keys(['example_xcom']) retrieved from /home/airflow/.local/lib/python3.6/site-packages/airflow/example_dags/example_xcom.py
[2021-10-27 07:43:25,048] {logging_mixin.py:109} INFO - [2021-10-27 07:43:25,048] {dag.py:2389} INFO - Sync 1 DAGs
[2021-10-27 07:43:25,082] {logging_mixin.py:109} INFO - [2021-10-27 07:43:25,081] {dag.py:2914} INFO - Setting next_dagrun for example_xcom to 2021-01-01T00:00:00+00:00
[2021-10-27 07:43:25,097] {processor.py:171} INFO - Processing /home/airflow/.local/lib/python3.6/site-packages/airflow/example_dags/example_xcom.py took 0.461 seconds
[2021-10-27 07:43:55,164] {processor.py:163} INFO - Started process (PID=1916) to work on /home/airflow/.local/lib/python3.6/site-packages/airflow/example_dags/example_xcom.py
[2021-10-27 07:43:55,165] {processor.py:620} INFO - Processing file /home/airflow/.local/lib/python3.6/site-packages/airflow/example_dags/example_xcom.py for tasks to queue
[2021-10-27 07:43:55,166] {logging_mixin.py:109} INFO - [2021-10-27 07:43:55,166] {dagbag.py:500} INFO - Filling up the DagBag from /home/airflow/.local/lib/python3.6/site-packages/airflow/example_dags/example_xcom.py
[2021-10-27 07:43:55,266] {processor.py:632} INFO - DAG(s) dict_keys(['example_xcom']) retrieved from /home/airflow/.local/lib/python3.6/site-packages/airflow/example_dags/example_xcom.py
[2021-10-27 07:43:55,620] {logging_mixin.py:109} INFO - [2021-10-27 07:43:55,619] {dag.py:2389} INFO - Sync 1 DAGs
[2021-10-27 07:43:55,640] {logging_mixin.py:109} INFO - [2021-10-27 07:43:55,639] {dag.py:2914} INFO - Setting next_dagrun for example_xcom to 2021-01-01T00:00:00+00:00
[2021-10-27 07:43:55,659] {processor.py:171} INFO - Processing /home/airflow/.local/lib/python3.6/site-packages/airflow/example_dags/example_xcom.py took 0.499 seconds
[2021-10-27 07:44:26,284] {processor.py:163} INFO - Started process (PID=1972) to work on /home/airflow/.local/lib/python3.6/site-packages/airflow/example_dags/example_xcom.py
[2021-10-27 07:44:26,285] {processor.py:620} INFO - Processing file /home/airflow/.local/lib/python3.6/site-packages/airflow/example_dags/example_xcom.py for tasks to queue
[2021-10-27 07:44:26,287] {logging_mixin.py:109} INFO - [2021-10-27 07:44:26,286] {dagbag.py:500} INFO - Filling up the DagBag from /home/airflow/.local/lib/python3.6/site-packages/airflow/example_dags/example_xcom.py
[2021-10-27 07:44:26,316] {processor.py:632} INFO - DAG(s) dict_keys(['example_xcom']) retrieved from /home/airflow/.local/lib/python3.6/site-packages/airflow/example_dags/example_xcom.py
[2021-10-27 07:44:26,533] {logging_mixin.py:109} INFO - [2021-10-27 07:44:26,533] {dag.py:2389} INFO - Sync 1 DAGs
[2021-10-27 07:44:26,548] {logging_mixin.py:109} INFO - [2021-10-27 07:44:26,547] {dag.py:2914} INFO - Setting next_dagrun for example_xcom to 2021-01-01T00:00:00+00:00
[2021-10-27 07:44:26,563] {processor.py:171} INFO - Processing /home/airflow/.local/lib/python3.6/site-packages/airflow/example_dags/example_xcom.py took 0.282 seconds
