[2021-10-27 07:17:44,000] {processor.py:163} INFO - Started process (PID=65) to work on /home/airflow/.local/lib/python3.6/site-packages/airflow/example_dags/example_branch_operator.py
[2021-10-27 07:17:44,002] {processor.py:620} INFO - Processing file /home/airflow/.local/lib/python3.6/site-packages/airflow/example_dags/example_branch_operator.py for tasks to queue
[2021-10-27 07:17:44,004] {logging_mixin.py:109} INFO - [2021-10-27 07:17:44,003] {dagbag.py:500} INFO - Filling up the DagBag from /home/airflow/.local/lib/python3.6/site-packages/airflow/example_dags/example_branch_operator.py
[2021-10-27 07:17:44,130] {processor.py:632} INFO - DAG(s) dict_keys(['example_branch_operator']) retrieved from /home/airflow/.local/lib/python3.6/site-packages/airflow/example_dags/example_branch_operator.py
[2021-10-27 07:17:44,149] {logging_mixin.py:109} INFO - [2021-10-27 07:17:44,149] {dag.py:2389} INFO - Sync 1 DAGs
[2021-10-27 07:17:44,171] {logging_mixin.py:109} INFO - [2021-10-27 07:17:44,170] {dag.py:2914} INFO - Setting next_dagrun for example_branch_operator to 2021-10-26 00:00:00+00:00
[2021-10-27 07:17:44,181] {processor.py:171} INFO - Processing /home/airflow/.local/lib/python3.6/site-packages/airflow/example_dags/example_branch_operator.py took 0.186 seconds
[2021-10-27 07:18:14,644] {processor.py:163} INFO - Started process (PID=120) to work on /home/airflow/.local/lib/python3.6/site-packages/airflow/example_dags/example_branch_operator.py
[2021-10-27 07:18:14,645] {processor.py:620} INFO - Processing file /home/airflow/.local/lib/python3.6/site-packages/airflow/example_dags/example_branch_operator.py for tasks to queue
[2021-10-27 07:18:14,646] {logging_mixin.py:109} INFO - [2021-10-27 07:18:14,646] {dagbag.py:500} INFO - Filling up the DagBag from /home/airflow/.local/lib/python3.6/site-packages/airflow/example_dags/example_branch_operator.py
[2021-10-27 07:18:14,692] {processor.py:632} INFO - DAG(s) dict_keys(['example_branch_operator']) retrieved from /home/airflow/.local/lib/python3.6/site-packages/airflow/example_dags/example_branch_operator.py
[2021-10-27 07:18:14,708] {logging_mixin.py:109} INFO - [2021-10-27 07:18:14,708] {dag.py:2389} INFO - Sync 1 DAGs
[2021-10-27 07:18:14,726] {logging_mixin.py:109} INFO - [2021-10-27 07:18:14,726] {dag.py:2914} INFO - Setting next_dagrun for example_branch_operator to 2021-10-26 00:00:00+00:00
[2021-10-27 07:18:14,736] {processor.py:171} INFO - Processing /home/airflow/.local/lib/python3.6/site-packages/airflow/example_dags/example_branch_operator.py took 0.096 seconds
[2021-10-27 07:18:44,967] {processor.py:163} INFO - Started process (PID=175) to work on /home/airflow/.local/lib/python3.6/site-packages/airflow/example_dags/example_branch_operator.py
[2021-10-27 07:18:44,968] {processor.py:620} INFO - Processing file /home/airflow/.local/lib/python3.6/site-packages/airflow/example_dags/example_branch_operator.py for tasks to queue
[2021-10-27 07:18:44,969] {logging_mixin.py:109} INFO - [2021-10-27 07:18:44,969] {dagbag.py:500} INFO - Filling up the DagBag from /home/airflow/.local/lib/python3.6/site-packages/airflow/example_dags/example_branch_operator.py
[2021-10-27 07:18:45,008] {processor.py:632} INFO - DAG(s) dict_keys(['example_branch_operator']) retrieved from /home/airflow/.local/lib/python3.6/site-packages/airflow/example_dags/example_branch_operator.py
[2021-10-27 07:18:45,018] {logging_mixin.py:109} INFO - [2021-10-27 07:18:45,018] {dag.py:2389} INFO - Sync 1 DAGs
[2021-10-27 07:18:45,034] {logging_mixin.py:109} INFO - [2021-10-27 07:18:45,034] {dag.py:2914} INFO - Setting next_dagrun for example_branch_operator to 2021-10-26 00:00:00+00:00
[2021-10-27 07:18:45,042] {processor.py:171} INFO - Processing /home/airflow/.local/lib/python3.6/site-packages/airflow/example_dags/example_branch_operator.py took 0.079 seconds
[2021-10-27 07:19:16,339] {processor.py:163} INFO - Started process (PID=240) to work on /home/airflow/.local/lib/python3.6/site-packages/airflow/example_dags/example_branch_operator.py
[2021-10-27 07:19:16,341] {processor.py:620} INFO - Processing file /home/airflow/.local/lib/python3.6/site-packages/airflow/example_dags/example_branch_operator.py for tasks to queue
[2021-10-27 07:19:16,343] {logging_mixin.py:109} INFO - [2021-10-27 07:19:16,343] {dagbag.py:500} INFO - Filling up the DagBag from /home/airflow/.local/lib/python3.6/site-packages/airflow/example_dags/example_branch_operator.py
[2021-10-27 07:19:16,400] {processor.py:632} INFO - DAG(s) dict_keys(['example_branch_operator']) retrieved from /home/airflow/.local/lib/python3.6/site-packages/airflow/example_dags/example_branch_operator.py
[2021-10-27 07:19:16,420] {logging_mixin.py:109} INFO - [2021-10-27 07:19:16,420] {dag.py:2389} INFO - Sync 1 DAGs
[2021-10-27 07:19:16,449] {logging_mixin.py:109} INFO - [2021-10-27 07:19:16,449] {dag.py:2914} INFO - Setting next_dagrun for example_branch_operator to 2021-10-26 00:00:00+00:00
[2021-10-27 07:19:16,469] {processor.py:171} INFO - Processing /home/airflow/.local/lib/python3.6/site-packages/airflow/example_dags/example_branch_operator.py took 0.135 seconds
[2021-10-27 07:19:47,427] {processor.py:163} INFO - Started process (PID=296) to work on /home/airflow/.local/lib/python3.6/site-packages/airflow/example_dags/example_branch_operator.py
[2021-10-27 07:19:47,429] {processor.py:620} INFO - Processing file /home/airflow/.local/lib/python3.6/site-packages/airflow/example_dags/example_branch_operator.py for tasks to queue
[2021-10-27 07:19:47,430] {logging_mixin.py:109} INFO - [2021-10-27 07:19:47,430] {dagbag.py:500} INFO - Filling up the DagBag from /home/airflow/.local/lib/python3.6/site-packages/airflow/example_dags/example_branch_operator.py
[2021-10-27 07:19:47,471] {processor.py:632} INFO - DAG(s) dict_keys(['example_branch_operator']) retrieved from /home/airflow/.local/lib/python3.6/site-packages/airflow/example_dags/example_branch_operator.py
[2021-10-27 07:19:47,486] {logging_mixin.py:109} INFO - [2021-10-27 07:19:47,486] {dag.py:2389} INFO - Sync 1 DAGs
[2021-10-27 07:19:47,510] {logging_mixin.py:109} INFO - [2021-10-27 07:19:47,510] {dag.py:2914} INFO - Setting next_dagrun for example_branch_operator to 2021-10-26 00:00:00+00:00
[2021-10-27 07:19:47,526] {processor.py:171} INFO - Processing /home/airflow/.local/lib/python3.6/site-packages/airflow/example_dags/example_branch_operator.py took 0.102 seconds
[2021-10-27 07:20:17,813] {processor.py:163} INFO - Started process (PID=363) to work on /home/airflow/.local/lib/python3.6/site-packages/airflow/example_dags/example_branch_operator.py
[2021-10-27 07:20:17,815] {processor.py:620} INFO - Processing file /home/airflow/.local/lib/python3.6/site-packages/airflow/example_dags/example_branch_operator.py for tasks to queue
[2021-10-27 07:20:17,816] {logging_mixin.py:109} INFO - [2021-10-27 07:20:17,816] {dagbag.py:500} INFO - Filling up the DagBag from /home/airflow/.local/lib/python3.6/site-packages/airflow/example_dags/example_branch_operator.py
[2021-10-27 07:20:17,845] {processor.py:632} INFO - DAG(s) dict_keys(['example_branch_operator']) retrieved from /home/airflow/.local/lib/python3.6/site-packages/airflow/example_dags/example_branch_operator.py
[2021-10-27 07:20:17,857] {logging_mixin.py:109} INFO - [2021-10-27 07:20:17,857] {dag.py:2389} INFO - Sync 1 DAGs
[2021-10-27 07:20:17,873] {logging_mixin.py:109} INFO - [2021-10-27 07:20:17,873] {dag.py:2914} INFO - Setting next_dagrun for example_branch_operator to 2021-10-26 00:00:00+00:00
[2021-10-27 07:20:17,886] {processor.py:171} INFO - Processing /home/airflow/.local/lib/python3.6/site-packages/airflow/example_dags/example_branch_operator.py took 0.076 seconds
[2021-10-27 07:20:47,919] {processor.py:163} INFO - Started process (PID=417) to work on /home/airflow/.local/lib/python3.6/site-packages/airflow/example_dags/example_branch_operator.py
[2021-10-27 07:20:47,920] {processor.py:620} INFO - Processing file /home/airflow/.local/lib/python3.6/site-packages/airflow/example_dags/example_branch_operator.py for tasks to queue
[2021-10-27 07:20:47,921] {logging_mixin.py:109} INFO - [2021-10-27 07:20:47,921] {dagbag.py:500} INFO - Filling up the DagBag from /home/airflow/.local/lib/python3.6/site-packages/airflow/example_dags/example_branch_operator.py
[2021-10-27 07:20:47,951] {processor.py:632} INFO - DAG(s) dict_keys(['example_branch_operator']) retrieved from /home/airflow/.local/lib/python3.6/site-packages/airflow/example_dags/example_branch_operator.py
[2021-10-27 07:20:47,963] {logging_mixin.py:109} INFO - [2021-10-27 07:20:47,962] {dag.py:2389} INFO - Sync 1 DAGs
[2021-10-27 07:20:47,979] {logging_mixin.py:109} INFO - [2021-10-27 07:20:47,979] {dag.py:2914} INFO - Setting next_dagrun for example_branch_operator to 2021-10-26 00:00:00+00:00
[2021-10-27 07:20:47,989] {processor.py:171} INFO - Processing /home/airflow/.local/lib/python3.6/site-packages/airflow/example_dags/example_branch_operator.py took 0.073 seconds
[2021-10-27 07:21:18,694] {processor.py:163} INFO - Started process (PID=483) to work on /home/airflow/.local/lib/python3.6/site-packages/airflow/example_dags/example_branch_operator.py
[2021-10-27 07:21:18,695] {processor.py:620} INFO - Processing file /home/airflow/.local/lib/python3.6/site-packages/airflow/example_dags/example_branch_operator.py for tasks to queue
[2021-10-27 07:21:18,697] {logging_mixin.py:109} INFO - [2021-10-27 07:21:18,696] {dagbag.py:500} INFO - Filling up the DagBag from /home/airflow/.local/lib/python3.6/site-packages/airflow/example_dags/example_branch_operator.py
[2021-10-27 07:21:18,734] {processor.py:632} INFO - DAG(s) dict_keys(['example_branch_operator']) retrieved from /home/airflow/.local/lib/python3.6/site-packages/airflow/example_dags/example_branch_operator.py
[2021-10-27 07:21:18,746] {logging_mixin.py:109} INFO - [2021-10-27 07:21:18,746] {dag.py:2389} INFO - Sync 1 DAGs
[2021-10-27 07:21:18,770] {logging_mixin.py:109} INFO - [2021-10-27 07:21:18,770] {dag.py:2914} INFO - Setting next_dagrun for example_branch_operator to 2021-10-26 00:00:00+00:00
[2021-10-27 07:21:18,782] {processor.py:171} INFO - Processing /home/airflow/.local/lib/python3.6/site-packages/airflow/example_dags/example_branch_operator.py took 0.092 seconds
[2021-10-27 07:21:48,889] {processor.py:163} INFO - Started process (PID=537) to work on /home/airflow/.local/lib/python3.6/site-packages/airflow/example_dags/example_branch_operator.py
[2021-10-27 07:21:48,890] {processor.py:620} INFO - Processing file /home/airflow/.local/lib/python3.6/site-packages/airflow/example_dags/example_branch_operator.py for tasks to queue
[2021-10-27 07:21:48,891] {logging_mixin.py:109} INFO - [2021-10-27 07:21:48,891] {dagbag.py:500} INFO - Filling up the DagBag from /home/airflow/.local/lib/python3.6/site-packages/airflow/example_dags/example_branch_operator.py
[2021-10-27 07:21:48,924] {processor.py:632} INFO - DAG(s) dict_keys(['example_branch_operator']) retrieved from /home/airflow/.local/lib/python3.6/site-packages/airflow/example_dags/example_branch_operator.py
[2021-10-27 07:21:48,939] {logging_mixin.py:109} INFO - [2021-10-27 07:21:48,939] {dag.py:2389} INFO - Sync 1 DAGs
[2021-10-27 07:21:48,956] {logging_mixin.py:109} INFO - [2021-10-27 07:21:48,956] {dag.py:2914} INFO - Setting next_dagrun for example_branch_operator to 2021-10-26 00:00:00+00:00
[2021-10-27 07:21:48,967] {processor.py:171} INFO - Processing /home/airflow/.local/lib/python3.6/site-packages/airflow/example_dags/example_branch_operator.py took 0.081 seconds
[2021-10-27 07:22:19,260] {processor.py:163} INFO - Started process (PID=591) to work on /home/airflow/.local/lib/python3.6/site-packages/airflow/example_dags/example_branch_operator.py
[2021-10-27 07:22:19,262] {processor.py:620} INFO - Processing file /home/airflow/.local/lib/python3.6/site-packages/airflow/example_dags/example_branch_operator.py for tasks to queue
[2021-10-27 07:22:19,263] {logging_mixin.py:109} INFO - [2021-10-27 07:22:19,263] {dagbag.py:500} INFO - Filling up the DagBag from /home/airflow/.local/lib/python3.6/site-packages/airflow/example_dags/example_branch_operator.py
[2021-10-27 07:22:19,313] {processor.py:632} INFO - DAG(s) dict_keys(['example_branch_operator']) retrieved from /home/airflow/.local/lib/python3.6/site-packages/airflow/example_dags/example_branch_operator.py
[2021-10-27 07:22:19,328] {logging_mixin.py:109} INFO - [2021-10-27 07:22:19,328] {dag.py:2389} INFO - Sync 1 DAGs
[2021-10-27 07:22:19,361] {logging_mixin.py:109} INFO - [2021-10-27 07:22:19,361] {dag.py:2914} INFO - Setting next_dagrun for example_branch_operator to 2021-10-26 00:00:00+00:00
[2021-10-27 07:22:19,380] {processor.py:171} INFO - Processing /home/airflow/.local/lib/python3.6/site-packages/airflow/example_dags/example_branch_operator.py took 0.126 seconds
[2021-10-27 07:22:49,746] {processor.py:163} INFO - Started process (PID=657) to work on /home/airflow/.local/lib/python3.6/site-packages/airflow/example_dags/example_branch_operator.py
[2021-10-27 07:22:49,748] {processor.py:620} INFO - Processing file /home/airflow/.local/lib/python3.6/site-packages/airflow/example_dags/example_branch_operator.py for tasks to queue
[2021-10-27 07:22:49,749] {logging_mixin.py:109} INFO - [2021-10-27 07:22:49,749] {dagbag.py:500} INFO - Filling up the DagBag from /home/airflow/.local/lib/python3.6/site-packages/airflow/example_dags/example_branch_operator.py
[2021-10-27 07:22:49,780] {processor.py:632} INFO - DAG(s) dict_keys(['example_branch_operator']) retrieved from /home/airflow/.local/lib/python3.6/site-packages/airflow/example_dags/example_branch_operator.py
[2021-10-27 07:22:49,792] {logging_mixin.py:109} INFO - [2021-10-27 07:22:49,791] {dag.py:2389} INFO - Sync 1 DAGs
[2021-10-27 07:22:49,807] {logging_mixin.py:109} INFO - [2021-10-27 07:22:49,807] {dag.py:2914} INFO - Setting next_dagrun for example_branch_operator to 2021-10-26 00:00:00+00:00
[2021-10-27 07:22:49,818] {processor.py:171} INFO - Processing /home/airflow/.local/lib/python3.6/site-packages/airflow/example_dags/example_branch_operator.py took 0.076 seconds
[2021-10-27 07:23:20,037] {processor.py:163} INFO - Started process (PID=712) to work on /home/airflow/.local/lib/python3.6/site-packages/airflow/example_dags/example_branch_operator.py
[2021-10-27 07:23:20,038] {processor.py:620} INFO - Processing file /home/airflow/.local/lib/python3.6/site-packages/airflow/example_dags/example_branch_operator.py for tasks to queue
[2021-10-27 07:23:20,039] {logging_mixin.py:109} INFO - [2021-10-27 07:23:20,039] {dagbag.py:500} INFO - Filling up the DagBag from /home/airflow/.local/lib/python3.6/site-packages/airflow/example_dags/example_branch_operator.py
[2021-10-27 07:23:20,069] {processor.py:632} INFO - DAG(s) dict_keys(['example_branch_operator']) retrieved from /home/airflow/.local/lib/python3.6/site-packages/airflow/example_dags/example_branch_operator.py
[2021-10-27 07:23:20,080] {logging_mixin.py:109} INFO - [2021-10-27 07:23:20,079] {dag.py:2389} INFO - Sync 1 DAGs
[2021-10-27 07:23:20,096] {logging_mixin.py:109} INFO - [2021-10-27 07:23:20,095] {dag.py:2914} INFO - Setting next_dagrun for example_branch_operator to 2021-10-26 00:00:00+00:00
[2021-10-27 07:23:20,107] {processor.py:171} INFO - Processing /home/airflow/.local/lib/python3.6/site-packages/airflow/example_dags/example_branch_operator.py took 0.073 seconds
[2021-10-27 07:23:50,682] {processor.py:163} INFO - Started process (PID=777) to work on /home/airflow/.local/lib/python3.6/site-packages/airflow/example_dags/example_branch_operator.py
[2021-10-27 07:23:50,683] {processor.py:620} INFO - Processing file /home/airflow/.local/lib/python3.6/site-packages/airflow/example_dags/example_branch_operator.py for tasks to queue
[2021-10-27 07:23:50,684] {logging_mixin.py:109} INFO - [2021-10-27 07:23:50,684] {dagbag.py:500} INFO - Filling up the DagBag from /home/airflow/.local/lib/python3.6/site-packages/airflow/example_dags/example_branch_operator.py
[2021-10-27 07:23:50,712] {processor.py:632} INFO - DAG(s) dict_keys(['example_branch_operator']) retrieved from /home/airflow/.local/lib/python3.6/site-packages/airflow/example_dags/example_branch_operator.py
[2021-10-27 07:23:50,723] {logging_mixin.py:109} INFO - [2021-10-27 07:23:50,723] {dag.py:2389} INFO - Sync 1 DAGs
[2021-10-27 07:23:50,741] {logging_mixin.py:109} INFO - [2021-10-27 07:23:50,741] {dag.py:2914} INFO - Setting next_dagrun for example_branch_operator to 2021-10-26 00:00:00+00:00
[2021-10-27 07:23:50,752] {processor.py:171} INFO - Processing /home/airflow/.local/lib/python3.6/site-packages/airflow/example_dags/example_branch_operator.py took 0.073 seconds
[2021-10-27 07:24:21,635] {processor.py:163} INFO - Started process (PID=832) to work on /home/airflow/.local/lib/python3.6/site-packages/airflow/example_dags/example_branch_operator.py
[2021-10-27 07:24:21,637] {processor.py:620} INFO - Processing file /home/airflow/.local/lib/python3.6/site-packages/airflow/example_dags/example_branch_operator.py for tasks to queue
[2021-10-27 07:24:21,638] {logging_mixin.py:109} INFO - [2021-10-27 07:24:21,638] {dagbag.py:500} INFO - Filling up the DagBag from /home/airflow/.local/lib/python3.6/site-packages/airflow/example_dags/example_branch_operator.py
[2021-10-27 07:24:21,669] {processor.py:632} INFO - DAG(s) dict_keys(['example_branch_operator']) retrieved from /home/airflow/.local/lib/python3.6/site-packages/airflow/example_dags/example_branch_operator.py
[2021-10-27 07:24:21,681] {logging_mixin.py:109} INFO - [2021-10-27 07:24:21,681] {dag.py:2389} INFO - Sync 1 DAGs
[2021-10-27 07:24:21,698] {logging_mixin.py:109} INFO - [2021-10-27 07:24:21,697] {dag.py:2914} INFO - Setting next_dagrun for example_branch_operator to 2021-10-26 00:00:00+00:00
[2021-10-27 07:24:21,710] {processor.py:171} INFO - Processing /home/airflow/.local/lib/python3.6/site-packages/airflow/example_dags/example_branch_operator.py took 0.078 seconds
[2021-10-27 07:24:52,312] {processor.py:163} INFO - Started process (PID=897) to work on /home/airflow/.local/lib/python3.6/site-packages/airflow/example_dags/example_branch_operator.py
[2021-10-27 07:24:52,313] {processor.py:620} INFO - Processing file /home/airflow/.local/lib/python3.6/site-packages/airflow/example_dags/example_branch_operator.py for tasks to queue
[2021-10-27 07:24:52,314] {logging_mixin.py:109} INFO - [2021-10-27 07:24:52,314] {dagbag.py:500} INFO - Filling up the DagBag from /home/airflow/.local/lib/python3.6/site-packages/airflow/example_dags/example_branch_operator.py
[2021-10-27 07:24:52,345] {processor.py:632} INFO - DAG(s) dict_keys(['example_branch_operator']) retrieved from /home/airflow/.local/lib/python3.6/site-packages/airflow/example_dags/example_branch_operator.py
[2021-10-27 07:24:52,356] {logging_mixin.py:109} INFO - [2021-10-27 07:24:52,356] {dag.py:2389} INFO - Sync 1 DAGs
[2021-10-27 07:24:52,372] {logging_mixin.py:109} INFO - [2021-10-27 07:24:52,372] {dag.py:2914} INFO - Setting next_dagrun for example_branch_operator to 2021-10-26 00:00:00+00:00
[2021-10-27 07:24:52,384] {processor.py:171} INFO - Processing /home/airflow/.local/lib/python3.6/site-packages/airflow/example_dags/example_branch_operator.py took 0.076 seconds
[2021-10-27 07:25:22,747] {processor.py:163} INFO - Started process (PID=952) to work on /home/airflow/.local/lib/python3.6/site-packages/airflow/example_dags/example_branch_operator.py
[2021-10-27 07:25:22,748] {processor.py:620} INFO - Processing file /home/airflow/.local/lib/python3.6/site-packages/airflow/example_dags/example_branch_operator.py for tasks to queue
[2021-10-27 07:25:22,749] {logging_mixin.py:109} INFO - [2021-10-27 07:25:22,749] {dagbag.py:500} INFO - Filling up the DagBag from /home/airflow/.local/lib/python3.6/site-packages/airflow/example_dags/example_branch_operator.py
[2021-10-27 07:25:22,778] {processor.py:632} INFO - DAG(s) dict_keys(['example_branch_operator']) retrieved from /home/airflow/.local/lib/python3.6/site-packages/airflow/example_dags/example_branch_operator.py
[2021-10-27 07:25:22,792] {logging_mixin.py:109} INFO - [2021-10-27 07:25:22,792] {dag.py:2389} INFO - Sync 1 DAGs
[2021-10-27 07:25:22,809] {logging_mixin.py:109} INFO - [2021-10-27 07:25:22,809] {dag.py:2914} INFO - Setting next_dagrun for example_branch_operator to 2021-10-26 00:00:00+00:00
[2021-10-27 07:25:22,821] {processor.py:171} INFO - Processing /home/airflow/.local/lib/python3.6/site-packages/airflow/example_dags/example_branch_operator.py took 0.077 seconds
[2021-10-27 07:25:53,551] {processor.py:163} INFO - Started process (PID=1019) to work on /home/airflow/.local/lib/python3.6/site-packages/airflow/example_dags/example_branch_operator.py
[2021-10-27 07:25:53,552] {processor.py:620} INFO - Processing file /home/airflow/.local/lib/python3.6/site-packages/airflow/example_dags/example_branch_operator.py for tasks to queue
[2021-10-27 07:25:53,553] {logging_mixin.py:109} INFO - [2021-10-27 07:25:53,553] {dagbag.py:500} INFO - Filling up the DagBag from /home/airflow/.local/lib/python3.6/site-packages/airflow/example_dags/example_branch_operator.py
[2021-10-27 07:25:53,583] {processor.py:632} INFO - DAG(s) dict_keys(['example_branch_operator']) retrieved from /home/airflow/.local/lib/python3.6/site-packages/airflow/example_dags/example_branch_operator.py
[2021-10-27 07:25:53,595] {logging_mixin.py:109} INFO - [2021-10-27 07:25:53,595] {dag.py:2389} INFO - Sync 1 DAGs
[2021-10-27 07:25:53,612] {logging_mixin.py:109} INFO - [2021-10-27 07:25:53,612] {dag.py:2914} INFO - Setting next_dagrun for example_branch_operator to 2021-10-26 00:00:00+00:00
[2021-10-27 07:25:53,624] {processor.py:171} INFO - Processing /home/airflow/.local/lib/python3.6/site-packages/airflow/example_dags/example_branch_operator.py took 0.076 seconds
[2021-10-27 07:26:23,764] {processor.py:163} INFO - Started process (PID=1074) to work on /home/airflow/.local/lib/python3.6/site-packages/airflow/example_dags/example_branch_operator.py
[2021-10-27 07:26:23,766] {processor.py:620} INFO - Processing file /home/airflow/.local/lib/python3.6/site-packages/airflow/example_dags/example_branch_operator.py for tasks to queue
[2021-10-27 07:26:23,767] {logging_mixin.py:109} INFO - [2021-10-27 07:26:23,767] {dagbag.py:500} INFO - Filling up the DagBag from /home/airflow/.local/lib/python3.6/site-packages/airflow/example_dags/example_branch_operator.py
[2021-10-27 07:26:23,942] {processor.py:632} INFO - DAG(s) dict_keys(['example_branch_operator']) retrieved from /home/airflow/.local/lib/python3.6/site-packages/airflow/example_dags/example_branch_operator.py
[2021-10-27 07:26:23,960] {logging_mixin.py:109} INFO - [2021-10-27 07:26:23,960] {dag.py:2389} INFO - Sync 1 DAGs
[2021-10-27 07:26:23,986] {logging_mixin.py:109} INFO - [2021-10-27 07:26:23,986] {dag.py:2914} INFO - Setting next_dagrun for example_branch_operator to 2021-10-26 00:00:00+00:00
[2021-10-27 07:26:23,998] {processor.py:171} INFO - Processing /home/airflow/.local/lib/python3.6/site-packages/airflow/example_dags/example_branch_operator.py took 0.238 seconds
[2021-10-27 07:28:05,470] {processor.py:163} INFO - Started process (PID=62) to work on /home/airflow/.local/lib/python3.6/site-packages/airflow/example_dags/example_branch_operator.py
[2021-10-27 07:28:05,472] {processor.py:620} INFO - Processing file /home/airflow/.local/lib/python3.6/site-packages/airflow/example_dags/example_branch_operator.py for tasks to queue
[2021-10-27 07:28:05,474] {logging_mixin.py:109} INFO - [2021-10-27 07:28:05,474] {dagbag.py:500} INFO - Filling up the DagBag from /home/airflow/.local/lib/python3.6/site-packages/airflow/example_dags/example_branch_operator.py
[2021-10-27 07:28:05,541] {processor.py:632} INFO - DAG(s) dict_keys(['example_branch_operator']) retrieved from /home/airflow/.local/lib/python3.6/site-packages/airflow/example_dags/example_branch_operator.py
[2021-10-27 07:28:05,567] {logging_mixin.py:109} INFO - [2021-10-27 07:28:05,567] {dag.py:2389} INFO - Sync 1 DAGs
[2021-10-27 07:28:05,600] {logging_mixin.py:109} INFO - [2021-10-27 07:28:05,600] {dag.py:2914} INFO - Setting next_dagrun for example_branch_operator to 2021-10-26 00:00:00+00:00
[2021-10-27 07:28:05,616] {processor.py:171} INFO - Processing /home/airflow/.local/lib/python3.6/site-packages/airflow/example_dags/example_branch_operator.py took 0.153 seconds
[2021-10-27 07:28:36,241] {processor.py:163} INFO - Started process (PID=128) to work on /home/airflow/.local/lib/python3.6/site-packages/airflow/example_dags/example_branch_operator.py
[2021-10-27 07:28:36,243] {processor.py:620} INFO - Processing file /home/airflow/.local/lib/python3.6/site-packages/airflow/example_dags/example_branch_operator.py for tasks to queue
[2021-10-27 07:28:36,244] {logging_mixin.py:109} INFO - [2021-10-27 07:28:36,244] {dagbag.py:500} INFO - Filling up the DagBag from /home/airflow/.local/lib/python3.6/site-packages/airflow/example_dags/example_branch_operator.py
[2021-10-27 07:28:36,276] {processor.py:632} INFO - DAG(s) dict_keys(['example_branch_operator']) retrieved from /home/airflow/.local/lib/python3.6/site-packages/airflow/example_dags/example_branch_operator.py
[2021-10-27 07:28:36,288] {logging_mixin.py:109} INFO - [2021-10-27 07:28:36,288] {dag.py:2389} INFO - Sync 1 DAGs
[2021-10-27 07:28:36,311] {logging_mixin.py:109} INFO - [2021-10-27 07:28:36,311] {dag.py:2914} INFO - Setting next_dagrun for example_branch_operator to 2021-10-26 00:00:00+00:00
[2021-10-27 07:28:36,322] {processor.py:171} INFO - Processing /home/airflow/.local/lib/python3.6/site-packages/airflow/example_dags/example_branch_operator.py took 0.084 seconds
[2021-10-27 07:29:07,358] {processor.py:163} INFO - Started process (PID=183) to work on /home/airflow/.local/lib/python3.6/site-packages/airflow/example_dags/example_branch_operator.py
[2021-10-27 07:29:07,360] {processor.py:620} INFO - Processing file /home/airflow/.local/lib/python3.6/site-packages/airflow/example_dags/example_branch_operator.py for tasks to queue
[2021-10-27 07:29:07,362] {logging_mixin.py:109} INFO - [2021-10-27 07:29:07,361] {dagbag.py:500} INFO - Filling up the DagBag from /home/airflow/.local/lib/python3.6/site-packages/airflow/example_dags/example_branch_operator.py
[2021-10-27 07:29:07,410] {processor.py:632} INFO - DAG(s) dict_keys(['example_branch_operator']) retrieved from /home/airflow/.local/lib/python3.6/site-packages/airflow/example_dags/example_branch_operator.py
[2021-10-27 07:29:07,431] {logging_mixin.py:109} INFO - [2021-10-27 07:29:07,431] {dag.py:2389} INFO - Sync 1 DAGs
[2021-10-27 07:29:07,463] {logging_mixin.py:109} INFO - [2021-10-27 07:29:07,463] {dag.py:2914} INFO - Setting next_dagrun for example_branch_operator to 2021-10-26 00:00:00+00:00
[2021-10-27 07:29:07,478] {processor.py:171} INFO - Processing /home/airflow/.local/lib/python3.6/site-packages/airflow/example_dags/example_branch_operator.py took 0.125 seconds
[2021-10-27 07:29:37,777] {processor.py:163} INFO - Started process (PID=248) to work on /home/airflow/.local/lib/python3.6/site-packages/airflow/example_dags/example_branch_operator.py
[2021-10-27 07:29:37,778] {processor.py:620} INFO - Processing file /home/airflow/.local/lib/python3.6/site-packages/airflow/example_dags/example_branch_operator.py for tasks to queue
[2021-10-27 07:29:37,779] {logging_mixin.py:109} INFO - [2021-10-27 07:29:37,779] {dagbag.py:500} INFO - Filling up the DagBag from /home/airflow/.local/lib/python3.6/site-packages/airflow/example_dags/example_branch_operator.py
[2021-10-27 07:29:37,815] {processor.py:632} INFO - DAG(s) dict_keys(['example_branch_operator']) retrieved from /home/airflow/.local/lib/python3.6/site-packages/airflow/example_dags/example_branch_operator.py
[2021-10-27 07:29:37,828] {logging_mixin.py:109} INFO - [2021-10-27 07:29:37,828] {dag.py:2389} INFO - Sync 1 DAGs
[2021-10-27 07:29:37,846] {logging_mixin.py:109} INFO - [2021-10-27 07:29:37,846] {dag.py:2914} INFO - Setting next_dagrun for example_branch_operator to 2021-10-26 00:00:00+00:00
[2021-10-27 07:29:37,858] {processor.py:171} INFO - Processing /home/airflow/.local/lib/python3.6/site-packages/airflow/example_dags/example_branch_operator.py took 0.084 seconds
[2021-10-27 07:30:08,676] {processor.py:163} INFO - Started process (PID=305) to work on /home/airflow/.local/lib/python3.6/site-packages/airflow/example_dags/example_branch_operator.py
[2021-10-27 07:30:08,677] {processor.py:620} INFO - Processing file /home/airflow/.local/lib/python3.6/site-packages/airflow/example_dags/example_branch_operator.py for tasks to queue
[2021-10-27 07:30:08,678] {logging_mixin.py:109} INFO - [2021-10-27 07:30:08,678] {dagbag.py:500} INFO - Filling up the DagBag from /home/airflow/.local/lib/python3.6/site-packages/airflow/example_dags/example_branch_operator.py
[2021-10-27 07:30:08,708] {processor.py:632} INFO - DAG(s) dict_keys(['example_branch_operator']) retrieved from /home/airflow/.local/lib/python3.6/site-packages/airflow/example_dags/example_branch_operator.py
[2021-10-27 07:30:08,719] {logging_mixin.py:109} INFO - [2021-10-27 07:30:08,719] {dag.py:2389} INFO - Sync 1 DAGs
[2021-10-27 07:30:08,743] {logging_mixin.py:109} INFO - [2021-10-27 07:30:08,743] {dag.py:2914} INFO - Setting next_dagrun for example_branch_operator to 2021-10-26 00:00:00+00:00
[2021-10-27 07:30:08,757] {processor.py:171} INFO - Processing /home/airflow/.local/lib/python3.6/site-packages/airflow/example_dags/example_branch_operator.py took 0.084 seconds
[2021-10-27 07:30:39,371] {processor.py:163} INFO - Started process (PID=367) to work on /home/airflow/.local/lib/python3.6/site-packages/airflow/example_dags/example_branch_operator.py
[2021-10-27 07:30:39,373] {processor.py:620} INFO - Processing file /home/airflow/.local/lib/python3.6/site-packages/airflow/example_dags/example_branch_operator.py for tasks to queue
[2021-10-27 07:30:39,374] {logging_mixin.py:109} INFO - [2021-10-27 07:30:39,374] {dagbag.py:500} INFO - Filling up the DagBag from /home/airflow/.local/lib/python3.6/site-packages/airflow/example_dags/example_branch_operator.py
[2021-10-27 07:30:39,424] {processor.py:632} INFO - DAG(s) dict_keys(['example_branch_operator']) retrieved from /home/airflow/.local/lib/python3.6/site-packages/airflow/example_dags/example_branch_operator.py
[2021-10-27 07:30:39,448] {logging_mixin.py:109} INFO - [2021-10-27 07:30:39,447] {dag.py:2389} INFO - Sync 1 DAGs
[2021-10-27 07:30:39,480] {logging_mixin.py:109} INFO - [2021-10-27 07:30:39,480] {dag.py:2914} INFO - Setting next_dagrun for example_branch_operator to 2021-10-26 00:00:00+00:00
[2021-10-27 07:30:39,500] {processor.py:171} INFO - Processing /home/airflow/.local/lib/python3.6/site-packages/airflow/example_dags/example_branch_operator.py took 0.134 seconds
[2021-10-27 07:31:10,296] {processor.py:163} INFO - Started process (PID=424) to work on /home/airflow/.local/lib/python3.6/site-packages/airflow/example_dags/example_branch_operator.py
[2021-10-27 07:31:10,298] {processor.py:620} INFO - Processing file /home/airflow/.local/lib/python3.6/site-packages/airflow/example_dags/example_branch_operator.py for tasks to queue
[2021-10-27 07:31:10,299] {logging_mixin.py:109} INFO - [2021-10-27 07:31:10,299] {dagbag.py:500} INFO - Filling up the DagBag from /home/airflow/.local/lib/python3.6/site-packages/airflow/example_dags/example_branch_operator.py
[2021-10-27 07:31:10,332] {processor.py:632} INFO - DAG(s) dict_keys(['example_branch_operator']) retrieved from /home/airflow/.local/lib/python3.6/site-packages/airflow/example_dags/example_branch_operator.py
[2021-10-27 07:31:10,345] {logging_mixin.py:109} INFO - [2021-10-27 07:31:10,344] {dag.py:2389} INFO - Sync 1 DAGs
[2021-10-27 07:31:10,363] {logging_mixin.py:109} INFO - [2021-10-27 07:31:10,363] {dag.py:2914} INFO - Setting next_dagrun for example_branch_operator to 2021-10-26 00:00:00+00:00
[2021-10-27 07:31:10,374] {processor.py:171} INFO - Processing /home/airflow/.local/lib/python3.6/site-packages/airflow/example_dags/example_branch_operator.py took 0.081 seconds
[2021-10-27 07:31:40,881] {processor.py:163} INFO - Started process (PID=477) to work on /home/airflow/.local/lib/python3.6/site-packages/airflow/example_dags/example_branch_operator.py
[2021-10-27 07:31:40,882] {processor.py:620} INFO - Processing file /home/airflow/.local/lib/python3.6/site-packages/airflow/example_dags/example_branch_operator.py for tasks to queue
[2021-10-27 07:31:40,882] {logging_mixin.py:109} INFO - [2021-10-27 07:31:40,882] {dagbag.py:500} INFO - Filling up the DagBag from /home/airflow/.local/lib/python3.6/site-packages/airflow/example_dags/example_branch_operator.py
[2021-10-27 07:31:40,913] {processor.py:632} INFO - DAG(s) dict_keys(['example_branch_operator']) retrieved from /home/airflow/.local/lib/python3.6/site-packages/airflow/example_dags/example_branch_operator.py
[2021-10-27 07:31:40,925] {logging_mixin.py:109} INFO - [2021-10-27 07:31:40,925] {dag.py:2389} INFO - Sync 1 DAGs
[2021-10-27 07:31:40,941] {logging_mixin.py:109} INFO - [2021-10-27 07:31:40,941] {dag.py:2914} INFO - Setting next_dagrun for example_branch_operator to 2021-10-26 00:00:00+00:00
[2021-10-27 07:31:40,952] {processor.py:171} INFO - Processing /home/airflow/.local/lib/python3.6/site-packages/airflow/example_dags/example_branch_operator.py took 0.075 seconds
[2021-10-27 07:32:11,338] {processor.py:163} INFO - Started process (PID=543) to work on /home/airflow/.local/lib/python3.6/site-packages/airflow/example_dags/example_branch_operator.py
[2021-10-27 07:32:11,339] {processor.py:620} INFO - Processing file /home/airflow/.local/lib/python3.6/site-packages/airflow/example_dags/example_branch_operator.py for tasks to queue
[2021-10-27 07:32:11,340] {logging_mixin.py:109} INFO - [2021-10-27 07:32:11,340] {dagbag.py:500} INFO - Filling up the DagBag from /home/airflow/.local/lib/python3.6/site-packages/airflow/example_dags/example_branch_operator.py
[2021-10-27 07:32:11,371] {processor.py:632} INFO - DAG(s) dict_keys(['example_branch_operator']) retrieved from /home/airflow/.local/lib/python3.6/site-packages/airflow/example_dags/example_branch_operator.py
[2021-10-27 07:32:11,384] {logging_mixin.py:109} INFO - [2021-10-27 07:32:11,384] {dag.py:2389} INFO - Sync 1 DAGs
[2021-10-27 07:32:11,401] {logging_mixin.py:109} INFO - [2021-10-27 07:32:11,401] {dag.py:2914} INFO - Setting next_dagrun for example_branch_operator to 2021-10-26 00:00:00+00:00
[2021-10-27 07:32:11,412] {processor.py:171} INFO - Processing /home/airflow/.local/lib/python3.6/site-packages/airflow/example_dags/example_branch_operator.py took 0.078 seconds
[2021-10-27 07:32:42,096] {processor.py:163} INFO - Started process (PID=598) to work on /home/airflow/.local/lib/python3.6/site-packages/airflow/example_dags/example_branch_operator.py
[2021-10-27 07:32:42,097] {processor.py:620} INFO - Processing file /home/airflow/.local/lib/python3.6/site-packages/airflow/example_dags/example_branch_operator.py for tasks to queue
[2021-10-27 07:32:42,098] {logging_mixin.py:109} INFO - [2021-10-27 07:32:42,098] {dagbag.py:500} INFO - Filling up the DagBag from /home/airflow/.local/lib/python3.6/site-packages/airflow/example_dags/example_branch_operator.py
[2021-10-27 07:32:42,131] {processor.py:632} INFO - DAG(s) dict_keys(['example_branch_operator']) retrieved from /home/airflow/.local/lib/python3.6/site-packages/airflow/example_dags/example_branch_operator.py
[2021-10-27 07:32:42,142] {logging_mixin.py:109} INFO - [2021-10-27 07:32:42,142] {dag.py:2389} INFO - Sync 1 DAGs
[2021-10-27 07:32:42,159] {logging_mixin.py:109} INFO - [2021-10-27 07:32:42,159] {dag.py:2914} INFO - Setting next_dagrun for example_branch_operator to 2021-10-26 00:00:00+00:00
[2021-10-27 07:32:42,171] {processor.py:171} INFO - Processing /home/airflow/.local/lib/python3.6/site-packages/airflow/example_dags/example_branch_operator.py took 0.079 seconds
[2021-10-27 07:33:12,890] {processor.py:163} INFO - Started process (PID=665) to work on /home/airflow/.local/lib/python3.6/site-packages/airflow/example_dags/example_branch_operator.py
[2021-10-27 07:33:12,892] {processor.py:620} INFO - Processing file /home/airflow/.local/lib/python3.6/site-packages/airflow/example_dags/example_branch_operator.py for tasks to queue
[2021-10-27 07:33:12,893] {logging_mixin.py:109} INFO - [2021-10-27 07:33:12,893] {dagbag.py:500} INFO - Filling up the DagBag from /home/airflow/.local/lib/python3.6/site-packages/airflow/example_dags/example_branch_operator.py
[2021-10-27 07:33:12,938] {processor.py:632} INFO - DAG(s) dict_keys(['example_branch_operator']) retrieved from /home/airflow/.local/lib/python3.6/site-packages/airflow/example_dags/example_branch_operator.py
[2021-10-27 07:33:12,960] {logging_mixin.py:109} INFO - [2021-10-27 07:33:12,960] {dag.py:2389} INFO - Sync 1 DAGs
[2021-10-27 07:33:12,985] {logging_mixin.py:109} INFO - [2021-10-27 07:33:12,985] {dag.py:2914} INFO - Setting next_dagrun for example_branch_operator to 2021-10-26 00:00:00+00:00
[2021-10-27 07:33:12,996] {processor.py:171} INFO - Processing /home/airflow/.local/lib/python3.6/site-packages/airflow/example_dags/example_branch_operator.py took 0.110 seconds
[2021-10-27 07:33:43,886] {processor.py:163} INFO - Started process (PID=720) to work on /home/airflow/.local/lib/python3.6/site-packages/airflow/example_dags/example_branch_operator.py
[2021-10-27 07:33:43,887] {processor.py:620} INFO - Processing file /home/airflow/.local/lib/python3.6/site-packages/airflow/example_dags/example_branch_operator.py for tasks to queue
[2021-10-27 07:33:43,888] {logging_mixin.py:109} INFO - [2021-10-27 07:33:43,888] {dagbag.py:500} INFO - Filling up the DagBag from /home/airflow/.local/lib/python3.6/site-packages/airflow/example_dags/example_branch_operator.py
[2021-10-27 07:33:43,920] {processor.py:632} INFO - DAG(s) dict_keys(['example_branch_operator']) retrieved from /home/airflow/.local/lib/python3.6/site-packages/airflow/example_dags/example_branch_operator.py
[2021-10-27 07:33:43,931] {logging_mixin.py:109} INFO - [2021-10-27 07:33:43,931] {dag.py:2389} INFO - Sync 1 DAGs
[2021-10-27 07:33:43,948] {logging_mixin.py:109} INFO - [2021-10-27 07:33:43,948] {dag.py:2914} INFO - Setting next_dagrun for example_branch_operator to 2021-10-26 00:00:00+00:00
[2021-10-27 07:33:43,960] {processor.py:171} INFO - Processing /home/airflow/.local/lib/python3.6/site-packages/airflow/example_dags/example_branch_operator.py took 0.077 seconds
[2021-10-27 07:34:14,296] {processor.py:163} INFO - Started process (PID=784) to work on /home/airflow/.local/lib/python3.6/site-packages/airflow/example_dags/example_branch_operator.py
[2021-10-27 07:34:14,297] {processor.py:620} INFO - Processing file /home/airflow/.local/lib/python3.6/site-packages/airflow/example_dags/example_branch_operator.py for tasks to queue
[2021-10-27 07:34:14,298] {logging_mixin.py:109} INFO - [2021-10-27 07:34:14,298] {dagbag.py:500} INFO - Filling up the DagBag from /home/airflow/.local/lib/python3.6/site-packages/airflow/example_dags/example_branch_operator.py
[2021-10-27 07:34:14,374] {processor.py:632} INFO - DAG(s) dict_keys(['example_branch_operator']) retrieved from /home/airflow/.local/lib/python3.6/site-packages/airflow/example_dags/example_branch_operator.py
[2021-10-27 07:34:14,387] {logging_mixin.py:109} INFO - [2021-10-27 07:34:14,387] {dag.py:2389} INFO - Sync 1 DAGs
[2021-10-27 07:34:14,409] {logging_mixin.py:109} INFO - [2021-10-27 07:34:14,409] {dag.py:2914} INFO - Setting next_dagrun for example_branch_operator to 2021-10-26 00:00:00+00:00
[2021-10-27 07:34:14,422] {processor.py:171} INFO - Processing /home/airflow/.local/lib/python3.6/site-packages/airflow/example_dags/example_branch_operator.py took 0.131 seconds
[2021-10-27 07:34:45,230] {processor.py:163} INFO - Started process (PID=840) to work on /home/airflow/.local/lib/python3.6/site-packages/airflow/example_dags/example_branch_operator.py
[2021-10-27 07:34:45,232] {processor.py:620} INFO - Processing file /home/airflow/.local/lib/python3.6/site-packages/airflow/example_dags/example_branch_operator.py for tasks to queue
[2021-10-27 07:34:45,233] {logging_mixin.py:109} INFO - [2021-10-27 07:34:45,232] {dagbag.py:500} INFO - Filling up the DagBag from /home/airflow/.local/lib/python3.6/site-packages/airflow/example_dags/example_branch_operator.py
[2021-10-27 07:34:45,261] {processor.py:632} INFO - DAG(s) dict_keys(['example_branch_operator']) retrieved from /home/airflow/.local/lib/python3.6/site-packages/airflow/example_dags/example_branch_operator.py
[2021-10-27 07:34:45,278] {logging_mixin.py:109} INFO - [2021-10-27 07:34:45,277] {dag.py:2389} INFO - Sync 1 DAGs
[2021-10-27 07:34:45,298] {logging_mixin.py:109} INFO - [2021-10-27 07:34:45,298] {dag.py:2914} INFO - Setting next_dagrun for example_branch_operator to 2021-10-26 00:00:00+00:00
[2021-10-27 07:34:45,311] {processor.py:171} INFO - Processing /home/airflow/.local/lib/python3.6/site-packages/airflow/example_dags/example_branch_operator.py took 0.083 seconds
[2021-10-27 07:35:15,457] {processor.py:163} INFO - Started process (PID=905) to work on /home/airflow/.local/lib/python3.6/site-packages/airflow/example_dags/example_branch_operator.py
[2021-10-27 07:35:15,458] {processor.py:620} INFO - Processing file /home/airflow/.local/lib/python3.6/site-packages/airflow/example_dags/example_branch_operator.py for tasks to queue
[2021-10-27 07:35:15,459] {logging_mixin.py:109} INFO - [2021-10-27 07:35:15,459] {dagbag.py:500} INFO - Filling up the DagBag from /home/airflow/.local/lib/python3.6/site-packages/airflow/example_dags/example_branch_operator.py
[2021-10-27 07:35:15,488] {processor.py:632} INFO - DAG(s) dict_keys(['example_branch_operator']) retrieved from /home/airflow/.local/lib/python3.6/site-packages/airflow/example_dags/example_branch_operator.py
[2021-10-27 07:35:15,499] {logging_mixin.py:109} INFO - [2021-10-27 07:35:15,499] {dag.py:2389} INFO - Sync 1 DAGs
[2021-10-27 07:35:15,516] {logging_mixin.py:109} INFO - [2021-10-27 07:35:15,516] {dag.py:2914} INFO - Setting next_dagrun for example_branch_operator to 2021-10-26 00:00:00+00:00
[2021-10-27 07:35:15,527] {processor.py:171} INFO - Processing /home/airflow/.local/lib/python3.6/site-packages/airflow/example_dags/example_branch_operator.py took 0.074 seconds
[2021-10-27 07:35:45,790] {processor.py:163} INFO - Started process (PID=960) to work on /home/airflow/.local/lib/python3.6/site-packages/airflow/example_dags/example_branch_operator.py
[2021-10-27 07:35:45,792] {processor.py:620} INFO - Processing file /home/airflow/.local/lib/python3.6/site-packages/airflow/example_dags/example_branch_operator.py for tasks to queue
[2021-10-27 07:35:45,793] {logging_mixin.py:109} INFO - [2021-10-27 07:35:45,793] {dagbag.py:500} INFO - Filling up the DagBag from /home/airflow/.local/lib/python3.6/site-packages/airflow/example_dags/example_branch_operator.py
[2021-10-27 07:35:45,824] {processor.py:632} INFO - DAG(s) dict_keys(['example_branch_operator']) retrieved from /home/airflow/.local/lib/python3.6/site-packages/airflow/example_dags/example_branch_operator.py
[2021-10-27 07:35:45,835] {logging_mixin.py:109} INFO - [2021-10-27 07:35:45,835] {dag.py:2389} INFO - Sync 1 DAGs
[2021-10-27 07:35:45,853] {logging_mixin.py:109} INFO - [2021-10-27 07:35:45,853] {dag.py:2914} INFO - Setting next_dagrun for example_branch_operator to 2021-10-26 00:00:00+00:00
[2021-10-27 07:35:45,862] {processor.py:171} INFO - Processing /home/airflow/.local/lib/python3.6/site-packages/airflow/example_dags/example_branch_operator.py took 0.075 seconds
[2021-10-27 07:36:17,922] {processor.py:163} INFO - Started process (PID=1026) to work on /home/airflow/.local/lib/python3.6/site-packages/airflow/example_dags/example_branch_operator.py
[2021-10-27 07:36:17,924] {processor.py:620} INFO - Processing file /home/airflow/.local/lib/python3.6/site-packages/airflow/example_dags/example_branch_operator.py for tasks to queue
[2021-10-27 07:36:17,935] {logging_mixin.py:109} INFO - [2021-10-27 07:36:17,935] {dagbag.py:500} INFO - Filling up the DagBag from /home/airflow/.local/lib/python3.6/site-packages/airflow/example_dags/example_branch_operator.py
[2021-10-27 07:36:18,058] {processor.py:632} INFO - DAG(s) dict_keys(['example_branch_operator']) retrieved from /home/airflow/.local/lib/python3.6/site-packages/airflow/example_dags/example_branch_operator.py
[2021-10-27 07:36:18,113] {logging_mixin.py:109} INFO - [2021-10-27 07:36:18,112] {dag.py:2389} INFO - Sync 1 DAGs
[2021-10-27 07:36:18,205] {logging_mixin.py:109} INFO - [2021-10-27 07:36:18,204] {dag.py:2914} INFO - Setting next_dagrun for example_branch_operator to 2021-10-26 00:00:00+00:00
[2021-10-27 07:36:18,245] {processor.py:171} INFO - Processing /home/airflow/.local/lib/python3.6/site-packages/airflow/example_dags/example_branch_operator.py took 0.329 seconds
[2021-10-27 07:36:48,666] {processor.py:163} INFO - Started process (PID=1083) to work on /home/airflow/.local/lib/python3.6/site-packages/airflow/example_dags/example_branch_operator.py
[2021-10-27 07:36:48,667] {processor.py:620} INFO - Processing file /home/airflow/.local/lib/python3.6/site-packages/airflow/example_dags/example_branch_operator.py for tasks to queue
[2021-10-27 07:36:48,668] {logging_mixin.py:109} INFO - [2021-10-27 07:36:48,668] {dagbag.py:500} INFO - Filling up the DagBag from /home/airflow/.local/lib/python3.6/site-packages/airflow/example_dags/example_branch_operator.py
[2021-10-27 07:36:48,704] {processor.py:632} INFO - DAG(s) dict_keys(['example_branch_operator']) retrieved from /home/airflow/.local/lib/python3.6/site-packages/airflow/example_dags/example_branch_operator.py
[2021-10-27 07:36:48,717] {logging_mixin.py:109} INFO - [2021-10-27 07:36:48,717] {dag.py:2389} INFO - Sync 1 DAGs
[2021-10-27 07:36:48,739] {logging_mixin.py:109} INFO - [2021-10-27 07:36:48,738] {dag.py:2914} INFO - Setting next_dagrun for example_branch_operator to 2021-10-26 00:00:00+00:00
[2021-10-27 07:36:48,751] {processor.py:171} INFO - Processing /home/airflow/.local/lib/python3.6/site-packages/airflow/example_dags/example_branch_operator.py took 0.089 seconds
[2021-10-27 07:37:19,202] {processor.py:163} INFO - Started process (PID=1149) to work on /home/airflow/.local/lib/python3.6/site-packages/airflow/example_dags/example_branch_operator.py
[2021-10-27 07:37:19,203] {processor.py:620} INFO - Processing file /home/airflow/.local/lib/python3.6/site-packages/airflow/example_dags/example_branch_operator.py for tasks to queue
[2021-10-27 07:37:19,204] {logging_mixin.py:109} INFO - [2021-10-27 07:37:19,204] {dagbag.py:500} INFO - Filling up the DagBag from /home/airflow/.local/lib/python3.6/site-packages/airflow/example_dags/example_branch_operator.py
[2021-10-27 07:37:19,245] {processor.py:632} INFO - DAG(s) dict_keys(['example_branch_operator']) retrieved from /home/airflow/.local/lib/python3.6/site-packages/airflow/example_dags/example_branch_operator.py
[2021-10-27 07:37:19,258] {logging_mixin.py:109} INFO - [2021-10-27 07:37:19,258] {dag.py:2389} INFO - Sync 1 DAGs
[2021-10-27 07:37:19,279] {logging_mixin.py:109} INFO - [2021-10-27 07:37:19,279] {dag.py:2914} INFO - Setting next_dagrun for example_branch_operator to 2021-10-26 00:00:00+00:00
[2021-10-27 07:37:19,293] {processor.py:171} INFO - Processing /home/airflow/.local/lib/python3.6/site-packages/airflow/example_dags/example_branch_operator.py took 0.095 seconds
[2021-10-27 07:37:49,724] {processor.py:163} INFO - Started process (PID=1205) to work on /home/airflow/.local/lib/python3.6/site-packages/airflow/example_dags/example_branch_operator.py
[2021-10-27 07:37:49,725] {processor.py:620} INFO - Processing file /home/airflow/.local/lib/python3.6/site-packages/airflow/example_dags/example_branch_operator.py for tasks to queue
[2021-10-27 07:37:49,726] {logging_mixin.py:109} INFO - [2021-10-27 07:37:49,725] {dagbag.py:500} INFO - Filling up the DagBag from /home/airflow/.local/lib/python3.6/site-packages/airflow/example_dags/example_branch_operator.py
[2021-10-27 07:37:49,754] {processor.py:632} INFO - DAG(s) dict_keys(['example_branch_operator']) retrieved from /home/airflow/.local/lib/python3.6/site-packages/airflow/example_dags/example_branch_operator.py
[2021-10-27 07:37:49,765] {logging_mixin.py:109} INFO - [2021-10-27 07:37:49,765] {dag.py:2389} INFO - Sync 1 DAGs
[2021-10-27 07:37:49,781] {logging_mixin.py:109} INFO - [2021-10-27 07:37:49,781] {dag.py:2914} INFO - Setting next_dagrun for example_branch_operator to 2021-10-26 00:00:00+00:00
[2021-10-27 07:37:49,792] {processor.py:171} INFO - Processing /home/airflow/.local/lib/python3.6/site-packages/airflow/example_dags/example_branch_operator.py took 0.072 seconds
[2021-10-27 07:38:20,372] {processor.py:163} INFO - Started process (PID=1270) to work on /home/airflow/.local/lib/python3.6/site-packages/airflow/example_dags/example_branch_operator.py
[2021-10-27 07:38:20,373] {processor.py:620} INFO - Processing file /home/airflow/.local/lib/python3.6/site-packages/airflow/example_dags/example_branch_operator.py for tasks to queue
[2021-10-27 07:38:20,374] {logging_mixin.py:109} INFO - [2021-10-27 07:38:20,374] {dagbag.py:500} INFO - Filling up the DagBag from /home/airflow/.local/lib/python3.6/site-packages/airflow/example_dags/example_branch_operator.py
[2021-10-27 07:38:20,407] {processor.py:632} INFO - DAG(s) dict_keys(['example_branch_operator']) retrieved from /home/airflow/.local/lib/python3.6/site-packages/airflow/example_dags/example_branch_operator.py
[2021-10-27 07:38:20,420] {logging_mixin.py:109} INFO - [2021-10-27 07:38:20,420] {dag.py:2389} INFO - Sync 1 DAGs
[2021-10-27 07:38:20,440] {logging_mixin.py:109} INFO - [2021-10-27 07:38:20,439] {dag.py:2914} INFO - Setting next_dagrun for example_branch_operator to 2021-10-26 00:00:00+00:00
[2021-10-27 07:38:20,449] {processor.py:171} INFO - Processing /home/airflow/.local/lib/python3.6/site-packages/airflow/example_dags/example_branch_operator.py took 0.081 seconds
[2021-10-27 07:38:50,866] {processor.py:163} INFO - Started process (PID=1327) to work on /home/airflow/.local/lib/python3.6/site-packages/airflow/example_dags/example_branch_operator.py
[2021-10-27 07:38:50,868] {processor.py:620} INFO - Processing file /home/airflow/.local/lib/python3.6/site-packages/airflow/example_dags/example_branch_operator.py for tasks to queue
[2021-10-27 07:38:50,869] {logging_mixin.py:109} INFO - [2021-10-27 07:38:50,869] {dagbag.py:500} INFO - Filling up the DagBag from /home/airflow/.local/lib/python3.6/site-packages/airflow/example_dags/example_branch_operator.py
[2021-10-27 07:38:50,899] {processor.py:632} INFO - DAG(s) dict_keys(['example_branch_operator']) retrieved from /home/airflow/.local/lib/python3.6/site-packages/airflow/example_dags/example_branch_operator.py
[2021-10-27 07:38:50,910] {logging_mixin.py:109} INFO - [2021-10-27 07:38:50,910] {dag.py:2389} INFO - Sync 1 DAGs
[2021-10-27 07:38:50,928] {logging_mixin.py:109} INFO - [2021-10-27 07:38:50,928] {dag.py:2914} INFO - Setting next_dagrun for example_branch_operator to 2021-10-26 00:00:00+00:00
[2021-10-27 07:38:50,940] {processor.py:171} INFO - Processing /home/airflow/.local/lib/python3.6/site-packages/airflow/example_dags/example_branch_operator.py took 0.077 seconds
[2021-10-27 07:39:21,281] {processor.py:163} INFO - Started process (PID=1392) to work on /home/airflow/.local/lib/python3.6/site-packages/airflow/example_dags/example_branch_operator.py
[2021-10-27 07:39:21,283] {processor.py:620} INFO - Processing file /home/airflow/.local/lib/python3.6/site-packages/airflow/example_dags/example_branch_operator.py for tasks to queue
[2021-10-27 07:39:21,284] {logging_mixin.py:109} INFO - [2021-10-27 07:39:21,284] {dagbag.py:500} INFO - Filling up the DagBag from /home/airflow/.local/lib/python3.6/site-packages/airflow/example_dags/example_branch_operator.py
[2021-10-27 07:39:21,316] {processor.py:632} INFO - DAG(s) dict_keys(['example_branch_operator']) retrieved from /home/airflow/.local/lib/python3.6/site-packages/airflow/example_dags/example_branch_operator.py
[2021-10-27 07:39:21,329] {logging_mixin.py:109} INFO - [2021-10-27 07:39:21,329] {dag.py:2389} INFO - Sync 1 DAGs
[2021-10-27 07:39:21,347] {logging_mixin.py:109} INFO - [2021-10-27 07:39:21,347] {dag.py:2914} INFO - Setting next_dagrun for example_branch_operator to 2021-10-26 00:00:00+00:00
[2021-10-27 07:39:21,357] {processor.py:171} INFO - Processing /home/airflow/.local/lib/python3.6/site-packages/airflow/example_dags/example_branch_operator.py took 0.079 seconds
[2021-10-27 07:39:51,605] {processor.py:163} INFO - Started process (PID=1446) to work on /home/airflow/.local/lib/python3.6/site-packages/airflow/example_dags/example_branch_operator.py
[2021-10-27 07:39:51,607] {processor.py:620} INFO - Processing file /home/airflow/.local/lib/python3.6/site-packages/airflow/example_dags/example_branch_operator.py for tasks to queue
[2021-10-27 07:39:51,608] {logging_mixin.py:109} INFO - [2021-10-27 07:39:51,608] {dagbag.py:500} INFO - Filling up the DagBag from /home/airflow/.local/lib/python3.6/site-packages/airflow/example_dags/example_branch_operator.py
[2021-10-27 07:39:51,644] {processor.py:632} INFO - DAG(s) dict_keys(['example_branch_operator']) retrieved from /home/airflow/.local/lib/python3.6/site-packages/airflow/example_dags/example_branch_operator.py
[2021-10-27 07:39:51,659] {logging_mixin.py:109} INFO - [2021-10-27 07:39:51,658] {dag.py:2389} INFO - Sync 1 DAGs
[2021-10-27 07:39:51,680] {logging_mixin.py:109} INFO - [2021-10-27 07:39:51,679] {dag.py:2914} INFO - Setting next_dagrun for example_branch_operator to 2021-10-26 00:00:00+00:00
[2021-10-27 07:39:51,692] {processor.py:171} INFO - Processing /home/airflow/.local/lib/python3.6/site-packages/airflow/example_dags/example_branch_operator.py took 0.090 seconds
[2021-10-27 07:40:22,095] {processor.py:163} INFO - Started process (PID=1512) to work on /home/airflow/.local/lib/python3.6/site-packages/airflow/example_dags/example_branch_operator.py
[2021-10-27 07:40:22,097] {processor.py:620} INFO - Processing file /home/airflow/.local/lib/python3.6/site-packages/airflow/example_dags/example_branch_operator.py for tasks to queue
[2021-10-27 07:40:22,098] {logging_mixin.py:109} INFO - [2021-10-27 07:40:22,098] {dagbag.py:500} INFO - Filling up the DagBag from /home/airflow/.local/lib/python3.6/site-packages/airflow/example_dags/example_branch_operator.py
[2021-10-27 07:40:22,129] {processor.py:632} INFO - DAG(s) dict_keys(['example_branch_operator']) retrieved from /home/airflow/.local/lib/python3.6/site-packages/airflow/example_dags/example_branch_operator.py
[2021-10-27 07:40:22,142] {logging_mixin.py:109} INFO - [2021-10-27 07:40:22,142] {dag.py:2389} INFO - Sync 1 DAGs
[2021-10-27 07:40:22,160] {logging_mixin.py:109} INFO - [2021-10-27 07:40:22,160] {dag.py:2914} INFO - Setting next_dagrun for example_branch_operator to 2021-10-26 00:00:00+00:00
[2021-10-27 07:40:22,172] {processor.py:171} INFO - Processing /home/airflow/.local/lib/python3.6/site-packages/airflow/example_dags/example_branch_operator.py took 0.080 seconds
[2021-10-27 07:40:52,494] {processor.py:163} INFO - Started process (PID=1566) to work on /home/airflow/.local/lib/python3.6/site-packages/airflow/example_dags/example_branch_operator.py
[2021-10-27 07:40:52,495] {processor.py:620} INFO - Processing file /home/airflow/.local/lib/python3.6/site-packages/airflow/example_dags/example_branch_operator.py for tasks to queue
[2021-10-27 07:40:52,496] {logging_mixin.py:109} INFO - [2021-10-27 07:40:52,496] {dagbag.py:500} INFO - Filling up the DagBag from /home/airflow/.local/lib/python3.6/site-packages/airflow/example_dags/example_branch_operator.py
[2021-10-27 07:40:52,528] {processor.py:632} INFO - DAG(s) dict_keys(['example_branch_operator']) retrieved from /home/airflow/.local/lib/python3.6/site-packages/airflow/example_dags/example_branch_operator.py
[2021-10-27 07:40:52,539] {logging_mixin.py:109} INFO - [2021-10-27 07:40:52,539] {dag.py:2389} INFO - Sync 1 DAGs
[2021-10-27 07:40:52,555] {logging_mixin.py:109} INFO - [2021-10-27 07:40:52,555] {dag.py:2914} INFO - Setting next_dagrun for example_branch_operator to 2021-10-26 00:00:00+00:00
[2021-10-27 07:40:52,566] {processor.py:171} INFO - Processing /home/airflow/.local/lib/python3.6/site-packages/airflow/example_dags/example_branch_operator.py took 0.075 seconds
[2021-10-27 07:41:22,833] {processor.py:163} INFO - Started process (PID=1629) to work on /home/airflow/.local/lib/python3.6/site-packages/airflow/example_dags/example_branch_operator.py
[2021-10-27 07:41:22,836] {processor.py:620} INFO - Processing file /home/airflow/.local/lib/python3.6/site-packages/airflow/example_dags/example_branch_operator.py for tasks to queue
[2021-10-27 07:41:22,837] {logging_mixin.py:109} INFO - [2021-10-27 07:41:22,837] {dagbag.py:500} INFO - Filling up the DagBag from /home/airflow/.local/lib/python3.6/site-packages/airflow/example_dags/example_branch_operator.py
[2021-10-27 07:41:22,892] {processor.py:632} INFO - DAG(s) dict_keys(['example_branch_operator']) retrieved from /home/airflow/.local/lib/python3.6/site-packages/airflow/example_dags/example_branch_operator.py
[2021-10-27 07:41:22,909] {logging_mixin.py:109} INFO - [2021-10-27 07:41:22,909] {dag.py:2389} INFO - Sync 1 DAGs
[2021-10-27 07:41:22,934] {logging_mixin.py:109} INFO - [2021-10-27 07:41:22,934] {dag.py:2914} INFO - Setting next_dagrun for example_branch_operator to 2021-10-26 00:00:00+00:00
[2021-10-27 07:41:22,947] {processor.py:171} INFO - Processing /home/airflow/.local/lib/python3.6/site-packages/airflow/example_dags/example_branch_operator.py took 0.120 seconds
[2021-10-27 07:41:53,064] {processor.py:163} INFO - Started process (PID=1684) to work on /home/airflow/.local/lib/python3.6/site-packages/airflow/example_dags/example_branch_operator.py
[2021-10-27 07:41:53,065] {processor.py:620} INFO - Processing file /home/airflow/.local/lib/python3.6/site-packages/airflow/example_dags/example_branch_operator.py for tasks to queue
[2021-10-27 07:41:53,066] {logging_mixin.py:109} INFO - [2021-10-27 07:41:53,066] {dagbag.py:500} INFO - Filling up the DagBag from /home/airflow/.local/lib/python3.6/site-packages/airflow/example_dags/example_branch_operator.py
[2021-10-27 07:41:53,094] {processor.py:632} INFO - DAG(s) dict_keys(['example_branch_operator']) retrieved from /home/airflow/.local/lib/python3.6/site-packages/airflow/example_dags/example_branch_operator.py
[2021-10-27 07:41:53,105] {logging_mixin.py:109} INFO - [2021-10-27 07:41:53,105] {dag.py:2389} INFO - Sync 1 DAGs
[2021-10-27 07:41:53,122] {logging_mixin.py:109} INFO - [2021-10-27 07:41:53,122] {dag.py:2914} INFO - Setting next_dagrun for example_branch_operator to 2021-10-26 00:00:00+00:00
[2021-10-27 07:41:53,132] {processor.py:171} INFO - Processing /home/airflow/.local/lib/python3.6/site-packages/airflow/example_dags/example_branch_operator.py took 0.072 seconds
[2021-10-27 07:42:24,820] {processor.py:163} INFO - Started process (PID=1749) to work on /home/airflow/.local/lib/python3.6/site-packages/airflow/example_dags/example_branch_operator.py
[2021-10-27 07:42:24,822] {processor.py:620} INFO - Processing file /home/airflow/.local/lib/python3.6/site-packages/airflow/example_dags/example_branch_operator.py for tasks to queue
[2021-10-27 07:42:24,823] {logging_mixin.py:109} INFO - [2021-10-27 07:42:24,823] {dagbag.py:500} INFO - Filling up the DagBag from /home/airflow/.local/lib/python3.6/site-packages/airflow/example_dags/example_branch_operator.py
[2021-10-27 07:42:24,861] {processor.py:632} INFO - DAG(s) dict_keys(['example_branch_operator']) retrieved from /home/airflow/.local/lib/python3.6/site-packages/airflow/example_dags/example_branch_operator.py
[2021-10-27 07:42:24,875] {logging_mixin.py:109} INFO - [2021-10-27 07:42:24,875] {dag.py:2389} INFO - Sync 1 DAGs
[2021-10-27 07:42:24,895] {logging_mixin.py:109} INFO - [2021-10-27 07:42:24,895] {dag.py:2914} INFO - Setting next_dagrun for example_branch_operator to 2021-10-26 00:00:00+00:00
[2021-10-27 07:42:24,905] {processor.py:171} INFO - Processing /home/airflow/.local/lib/python3.6/site-packages/airflow/example_dags/example_branch_operator.py took 0.088 seconds
[2021-10-27 07:42:55,085] {processor.py:163} INFO - Started process (PID=1805) to work on /home/airflow/.local/lib/python3.6/site-packages/airflow/example_dags/example_branch_operator.py
[2021-10-27 07:42:55,087] {processor.py:620} INFO - Processing file /home/airflow/.local/lib/python3.6/site-packages/airflow/example_dags/example_branch_operator.py for tasks to queue
[2021-10-27 07:42:55,087] {logging_mixin.py:109} INFO - [2021-10-27 07:42:55,087] {dagbag.py:500} INFO - Filling up the DagBag from /home/airflow/.local/lib/python3.6/site-packages/airflow/example_dags/example_branch_operator.py
[2021-10-27 07:42:55,115] {processor.py:632} INFO - DAG(s) dict_keys(['example_branch_operator']) retrieved from /home/airflow/.local/lib/python3.6/site-packages/airflow/example_dags/example_branch_operator.py
[2021-10-27 07:42:55,129] {logging_mixin.py:109} INFO - [2021-10-27 07:42:55,129] {dag.py:2389} INFO - Sync 1 DAGs
[2021-10-27 07:42:55,145] {logging_mixin.py:109} INFO - [2021-10-27 07:42:55,145] {dag.py:2914} INFO - Setting next_dagrun for example_branch_operator to 2021-10-26 00:00:00+00:00
[2021-10-27 07:42:55,157] {processor.py:171} INFO - Processing /home/airflow/.local/lib/python3.6/site-packages/airflow/example_dags/example_branch_operator.py took 0.075 seconds
[2021-10-27 07:43:25,640] {processor.py:163} INFO - Started process (PID=1861) to work on /home/airflow/.local/lib/python3.6/site-packages/airflow/example_dags/example_branch_operator.py
[2021-10-27 07:43:25,641] {processor.py:620} INFO - Processing file /home/airflow/.local/lib/python3.6/site-packages/airflow/example_dags/example_branch_operator.py for tasks to queue
[2021-10-27 07:43:25,642] {logging_mixin.py:109} INFO - [2021-10-27 07:43:25,642] {dagbag.py:500} INFO - Filling up the DagBag from /home/airflow/.local/lib/python3.6/site-packages/airflow/example_dags/example_branch_operator.py
[2021-10-27 07:43:25,677] {processor.py:632} INFO - DAG(s) dict_keys(['example_branch_operator']) retrieved from /home/airflow/.local/lib/python3.6/site-packages/airflow/example_dags/example_branch_operator.py
[2021-10-27 07:43:25,693] {logging_mixin.py:109} INFO - [2021-10-27 07:43:25,692] {dag.py:2389} INFO - Sync 1 DAGs
[2021-10-27 07:43:25,715] {logging_mixin.py:109} INFO - [2021-10-27 07:43:25,715] {dag.py:2914} INFO - Setting next_dagrun for example_branch_operator to 2021-10-26 00:00:00+00:00
[2021-10-27 07:43:25,730] {processor.py:171} INFO - Processing /home/airflow/.local/lib/python3.6/site-packages/airflow/example_dags/example_branch_operator.py took 0.093 seconds
[2021-10-27 07:43:56,583] {processor.py:163} INFO - Started process (PID=1928) to work on /home/airflow/.local/lib/python3.6/site-packages/airflow/example_dags/example_branch_operator.py
[2021-10-27 07:43:56,585] {processor.py:620} INFO - Processing file /home/airflow/.local/lib/python3.6/site-packages/airflow/example_dags/example_branch_operator.py for tasks to queue
[2021-10-27 07:43:56,586] {logging_mixin.py:109} INFO - [2021-10-27 07:43:56,586] {dagbag.py:500} INFO - Filling up the DagBag from /home/airflow/.local/lib/python3.6/site-packages/airflow/example_dags/example_branch_operator.py
[2021-10-27 07:43:56,629] {processor.py:632} INFO - DAG(s) dict_keys(['example_branch_operator']) retrieved from /home/airflow/.local/lib/python3.6/site-packages/airflow/example_dags/example_branch_operator.py
[2021-10-27 07:43:56,647] {logging_mixin.py:109} INFO - [2021-10-27 07:43:56,647] {dag.py:2389} INFO - Sync 1 DAGs
[2021-10-27 07:43:56,676] {logging_mixin.py:109} INFO - [2021-10-27 07:43:56,676] {dag.py:2914} INFO - Setting next_dagrun for example_branch_operator to 2021-10-26 00:00:00+00:00
[2021-10-27 07:43:56,691] {processor.py:171} INFO - Processing /home/airflow/.local/lib/python3.6/site-packages/airflow/example_dags/example_branch_operator.py took 0.112 seconds
[2021-10-27 07:44:27,171] {processor.py:163} INFO - Started process (PID=1984) to work on /home/airflow/.local/lib/python3.6/site-packages/airflow/example_dags/example_branch_operator.py
[2021-10-27 07:44:27,173] {processor.py:620} INFO - Processing file /home/airflow/.local/lib/python3.6/site-packages/airflow/example_dags/example_branch_operator.py for tasks to queue
[2021-10-27 07:44:27,173] {logging_mixin.py:109} INFO - [2021-10-27 07:44:27,173] {dagbag.py:500} INFO - Filling up the DagBag from /home/airflow/.local/lib/python3.6/site-packages/airflow/example_dags/example_branch_operator.py
[2021-10-27 07:44:27,204] {processor.py:632} INFO - DAG(s) dict_keys(['example_branch_operator']) retrieved from /home/airflow/.local/lib/python3.6/site-packages/airflow/example_dags/example_branch_operator.py
[2021-10-27 07:44:27,215] {logging_mixin.py:109} INFO - [2021-10-27 07:44:27,215] {dag.py:2389} INFO - Sync 1 DAGs
[2021-10-27 07:44:27,231] {logging_mixin.py:109} INFO - [2021-10-27 07:44:27,231] {dag.py:2914} INFO - Setting next_dagrun for example_branch_operator to 2021-10-26 00:00:00+00:00
[2021-10-27 07:44:27,244] {processor.py:171} INFO - Processing /home/airflow/.local/lib/python3.6/site-packages/airflow/example_dags/example_branch_operator.py took 0.076 seconds
