[2021-10-27 07:17:42,063] {processor.py:163} INFO - Started process (PID=51) to work on /home/airflow/.local/lib/python3.6/site-packages/airflow/example_dags/example_branch_labels.py
[2021-10-27 07:17:42,065] {processor.py:620} INFO - Processing file /home/airflow/.local/lib/python3.6/site-packages/airflow/example_dags/example_branch_labels.py for tasks to queue
[2021-10-27 07:17:42,067] {logging_mixin.py:109} INFO - [2021-10-27 07:17:42,067] {dagbag.py:500} INFO - Filling up the DagBag from /home/airflow/.local/lib/python3.6/site-packages/airflow/example_dags/example_branch_labels.py
[2021-10-27 07:17:42,242] {processor.py:632} INFO - DAG(s) dict_keys(['example_branch_labels']) retrieved from /home/airflow/.local/lib/python3.6/site-packages/airflow/example_dags/example_branch_labels.py
[2021-10-27 07:17:42,258] {logging_mixin.py:109} INFO - [2021-10-27 07:17:42,258] {dag.py:2389} INFO - Sync 1 DAGs
[2021-10-27 07:17:42,280] {logging_mixin.py:109} INFO - [2021-10-27 07:17:42,280] {dag.py:2914} INFO - Setting next_dagrun for example_branch_labels to 2021-10-26 00:00:00+00:00
[2021-10-27 07:17:42,294] {processor.py:171} INFO - Processing /home/airflow/.local/lib/python3.6/site-packages/airflow/example_dags/example_branch_labels.py took 0.237 seconds
[2021-10-27 07:18:12,735] {processor.py:163} INFO - Started process (PID=107) to work on /home/airflow/.local/lib/python3.6/site-packages/airflow/example_dags/example_branch_labels.py
[2021-10-27 07:18:12,736] {processor.py:620} INFO - Processing file /home/airflow/.local/lib/python3.6/site-packages/airflow/example_dags/example_branch_labels.py for tasks to queue
[2021-10-27 07:18:12,737] {logging_mixin.py:109} INFO - [2021-10-27 07:18:12,737] {dagbag.py:500} INFO - Filling up the DagBag from /home/airflow/.local/lib/python3.6/site-packages/airflow/example_dags/example_branch_labels.py
[2021-10-27 07:18:12,764] {processor.py:632} INFO - DAG(s) dict_keys(['example_branch_labels']) retrieved from /home/airflow/.local/lib/python3.6/site-packages/airflow/example_dags/example_branch_labels.py
[2021-10-27 07:18:12,775] {logging_mixin.py:109} INFO - [2021-10-27 07:18:12,775] {dag.py:2389} INFO - Sync 1 DAGs
[2021-10-27 07:18:12,794] {logging_mixin.py:109} INFO - [2021-10-27 07:18:12,794] {dag.py:2914} INFO - Setting next_dagrun for example_branch_labels to 2021-10-26 00:00:00+00:00
[2021-10-27 07:18:12,805] {processor.py:171} INFO - Processing /home/airflow/.local/lib/python3.6/site-packages/airflow/example_dags/example_branch_labels.py took 0.073 seconds
[2021-10-27 07:18:43,103] {processor.py:163} INFO - Started process (PID=162) to work on /home/airflow/.local/lib/python3.6/site-packages/airflow/example_dags/example_branch_labels.py
[2021-10-27 07:18:43,105] {processor.py:620} INFO - Processing file /home/airflow/.local/lib/python3.6/site-packages/airflow/example_dags/example_branch_labels.py for tasks to queue
[2021-10-27 07:18:43,106] {logging_mixin.py:109} INFO - [2021-10-27 07:18:43,105] {dagbag.py:500} INFO - Filling up the DagBag from /home/airflow/.local/lib/python3.6/site-packages/airflow/example_dags/example_branch_labels.py
[2021-10-27 07:18:43,129] {processor.py:632} INFO - DAG(s) dict_keys(['example_branch_labels']) retrieved from /home/airflow/.local/lib/python3.6/site-packages/airflow/example_dags/example_branch_labels.py
[2021-10-27 07:18:43,138] {logging_mixin.py:109} INFO - [2021-10-27 07:18:43,138] {dag.py:2389} INFO - Sync 1 DAGs
[2021-10-27 07:18:43,156] {logging_mixin.py:109} INFO - [2021-10-27 07:18:43,156] {dag.py:2914} INFO - Setting next_dagrun for example_branch_labels to 2021-10-26 00:00:00+00:00
[2021-10-27 07:18:43,166] {processor.py:171} INFO - Processing /home/airflow/.local/lib/python3.6/site-packages/airflow/example_dags/example_branch_labels.py took 0.066 seconds
[2021-10-27 07:19:13,350] {processor.py:163} INFO - Started process (PID=225) to work on /home/airflow/.local/lib/python3.6/site-packages/airflow/example_dags/example_branch_labels.py
[2021-10-27 07:19:13,353] {processor.py:620} INFO - Processing file /home/airflow/.local/lib/python3.6/site-packages/airflow/example_dags/example_branch_labels.py for tasks to queue
[2021-10-27 07:19:13,354] {logging_mixin.py:109} INFO - [2021-10-27 07:19:13,354] {dagbag.py:500} INFO - Filling up the DagBag from /home/airflow/.local/lib/python3.6/site-packages/airflow/example_dags/example_branch_labels.py
[2021-10-27 07:19:13,396] {processor.py:632} INFO - DAG(s) dict_keys(['example_branch_labels']) retrieved from /home/airflow/.local/lib/python3.6/site-packages/airflow/example_dags/example_branch_labels.py
[2021-10-27 07:19:13,416] {logging_mixin.py:109} INFO - [2021-10-27 07:19:13,416] {dag.py:2389} INFO - Sync 1 DAGs
[2021-10-27 07:19:13,440] {logging_mixin.py:109} INFO - [2021-10-27 07:19:13,440] {dag.py:2914} INFO - Setting next_dagrun for example_branch_labels to 2021-10-26 00:00:00+00:00
[2021-10-27 07:19:13,453] {processor.py:171} INFO - Processing /home/airflow/.local/lib/python3.6/site-packages/airflow/example_dags/example_branch_labels.py took 0.110 seconds
[2021-10-27 07:19:44,009] {processor.py:163} INFO - Started process (PID=281) to work on /home/airflow/.local/lib/python3.6/site-packages/airflow/example_dags/example_branch_labels.py
[2021-10-27 07:19:44,010] {processor.py:620} INFO - Processing file /home/airflow/.local/lib/python3.6/site-packages/airflow/example_dags/example_branch_labels.py for tasks to queue
[2021-10-27 07:19:44,011] {logging_mixin.py:109} INFO - [2021-10-27 07:19:44,011] {dagbag.py:500} INFO - Filling up the DagBag from /home/airflow/.local/lib/python3.6/site-packages/airflow/example_dags/example_branch_labels.py
[2021-10-27 07:19:44,038] {processor.py:632} INFO - DAG(s) dict_keys(['example_branch_labels']) retrieved from /home/airflow/.local/lib/python3.6/site-packages/airflow/example_dags/example_branch_labels.py
[2021-10-27 07:19:44,048] {logging_mixin.py:109} INFO - [2021-10-27 07:19:44,048] {dag.py:2389} INFO - Sync 1 DAGs
[2021-10-27 07:19:44,065] {logging_mixin.py:109} INFO - [2021-10-27 07:19:44,065] {dag.py:2914} INFO - Setting next_dagrun for example_branch_labels to 2021-10-26 00:00:00+00:00
[2021-10-27 07:19:44,077] {processor.py:171} INFO - Processing /home/airflow/.local/lib/python3.6/site-packages/airflow/example_dags/example_branch_labels.py took 0.071 seconds
[2021-10-27 07:20:14,979] {processor.py:163} INFO - Started process (PID=338) to work on /home/airflow/.local/lib/python3.6/site-packages/airflow/example_dags/example_branch_labels.py
[2021-10-27 07:20:14,980] {processor.py:620} INFO - Processing file /home/airflow/.local/lib/python3.6/site-packages/airflow/example_dags/example_branch_labels.py for tasks to queue
[2021-10-27 07:20:14,981] {logging_mixin.py:109} INFO - [2021-10-27 07:20:14,981] {dagbag.py:500} INFO - Filling up the DagBag from /home/airflow/.local/lib/python3.6/site-packages/airflow/example_dags/example_branch_labels.py
[2021-10-27 07:20:15,011] {processor.py:632} INFO - DAG(s) dict_keys(['example_branch_labels']) retrieved from /home/airflow/.local/lib/python3.6/site-packages/airflow/example_dags/example_branch_labels.py
[2021-10-27 07:20:15,022] {logging_mixin.py:109} INFO - [2021-10-27 07:20:15,022] {dag.py:2389} INFO - Sync 1 DAGs
[2021-10-27 07:20:15,041] {logging_mixin.py:109} INFO - [2021-10-27 07:20:15,040] {dag.py:2914} INFO - Setting next_dagrun for example_branch_labels to 2021-10-26 00:00:00+00:00
[2021-10-27 07:20:15,051] {processor.py:171} INFO - Processing /home/airflow/.local/lib/python3.6/site-packages/airflow/example_dags/example_branch_labels.py took 0.076 seconds
[2021-10-27 07:20:45,206] {processor.py:163} INFO - Started process (PID=403) to work on /home/airflow/.local/lib/python3.6/site-packages/airflow/example_dags/example_branch_labels.py
[2021-10-27 07:20:45,207] {processor.py:620} INFO - Processing file /home/airflow/.local/lib/python3.6/site-packages/airflow/example_dags/example_branch_labels.py for tasks to queue
[2021-10-27 07:20:45,208] {logging_mixin.py:109} INFO - [2021-10-27 07:20:45,208] {dagbag.py:500} INFO - Filling up the DagBag from /home/airflow/.local/lib/python3.6/site-packages/airflow/example_dags/example_branch_labels.py
[2021-10-27 07:20:45,237] {processor.py:632} INFO - DAG(s) dict_keys(['example_branch_labels']) retrieved from /home/airflow/.local/lib/python3.6/site-packages/airflow/example_dags/example_branch_labels.py
[2021-10-27 07:20:45,248] {logging_mixin.py:109} INFO - [2021-10-27 07:20:45,247] {dag.py:2389} INFO - Sync 1 DAGs
[2021-10-27 07:20:45,264] {logging_mixin.py:109} INFO - [2021-10-27 07:20:45,264] {dag.py:2914} INFO - Setting next_dagrun for example_branch_labels to 2021-10-26 00:00:00+00:00
[2021-10-27 07:20:45,274] {processor.py:171} INFO - Processing /home/airflow/.local/lib/python3.6/site-packages/airflow/example_dags/example_branch_labels.py took 0.071 seconds
[2021-10-27 07:21:15,421] {processor.py:163} INFO - Started process (PID=458) to work on /home/airflow/.local/lib/python3.6/site-packages/airflow/example_dags/example_branch_labels.py
[2021-10-27 07:21:15,422] {processor.py:620} INFO - Processing file /home/airflow/.local/lib/python3.6/site-packages/airflow/example_dags/example_branch_labels.py for tasks to queue
[2021-10-27 07:21:15,423] {logging_mixin.py:109} INFO - [2021-10-27 07:21:15,423] {dagbag.py:500} INFO - Filling up the DagBag from /home/airflow/.local/lib/python3.6/site-packages/airflow/example_dags/example_branch_labels.py
[2021-10-27 07:21:15,453] {processor.py:632} INFO - DAG(s) dict_keys(['example_branch_labels']) retrieved from /home/airflow/.local/lib/python3.6/site-packages/airflow/example_dags/example_branch_labels.py
[2021-10-27 07:21:15,466] {logging_mixin.py:109} INFO - [2021-10-27 07:21:15,466] {dag.py:2389} INFO - Sync 1 DAGs
[2021-10-27 07:21:15,484] {logging_mixin.py:109} INFO - [2021-10-27 07:21:15,484] {dag.py:2914} INFO - Setting next_dagrun for example_branch_labels to 2021-10-26 00:00:00+00:00
[2021-10-27 07:21:15,495] {processor.py:171} INFO - Processing /home/airflow/.local/lib/python3.6/site-packages/airflow/example_dags/example_branch_labels.py took 0.078 seconds
[2021-10-27 07:21:46,054] {processor.py:163} INFO - Started process (PID=523) to work on /home/airflow/.local/lib/python3.6/site-packages/airflow/example_dags/example_branch_labels.py
[2021-10-27 07:21:46,055] {processor.py:620} INFO - Processing file /home/airflow/.local/lib/python3.6/site-packages/airflow/example_dags/example_branch_labels.py for tasks to queue
[2021-10-27 07:21:46,056] {logging_mixin.py:109} INFO - [2021-10-27 07:21:46,056] {dagbag.py:500} INFO - Filling up the DagBag from /home/airflow/.local/lib/python3.6/site-packages/airflow/example_dags/example_branch_labels.py
[2021-10-27 07:21:46,089] {processor.py:632} INFO - DAG(s) dict_keys(['example_branch_labels']) retrieved from /home/airflow/.local/lib/python3.6/site-packages/airflow/example_dags/example_branch_labels.py
[2021-10-27 07:21:46,099] {logging_mixin.py:109} INFO - [2021-10-27 07:21:46,099] {dag.py:2389} INFO - Sync 1 DAGs
[2021-10-27 07:21:46,116] {logging_mixin.py:109} INFO - [2021-10-27 07:21:46,116] {dag.py:2914} INFO - Setting next_dagrun for example_branch_labels to 2021-10-26 00:00:00+00:00
[2021-10-27 07:21:46,128] {processor.py:171} INFO - Processing /home/airflow/.local/lib/python3.6/site-packages/airflow/example_dags/example_branch_labels.py took 0.078 seconds
[2021-10-27 07:22:16,514] {processor.py:163} INFO - Started process (PID=578) to work on /home/airflow/.local/lib/python3.6/site-packages/airflow/example_dags/example_branch_labels.py
[2021-10-27 07:22:16,515] {processor.py:620} INFO - Processing file /home/airflow/.local/lib/python3.6/site-packages/airflow/example_dags/example_branch_labels.py for tasks to queue
[2021-10-27 07:22:16,516] {logging_mixin.py:109} INFO - [2021-10-27 07:22:16,516] {dagbag.py:500} INFO - Filling up the DagBag from /home/airflow/.local/lib/python3.6/site-packages/airflow/example_dags/example_branch_labels.py
[2021-10-27 07:22:16,545] {processor.py:632} INFO - DAG(s) dict_keys(['example_branch_labels']) retrieved from /home/airflow/.local/lib/python3.6/site-packages/airflow/example_dags/example_branch_labels.py
[2021-10-27 07:22:16,557] {logging_mixin.py:109} INFO - [2021-10-27 07:22:16,557] {dag.py:2389} INFO - Sync 1 DAGs
[2021-10-27 07:22:16,575] {logging_mixin.py:109} INFO - [2021-10-27 07:22:16,575] {dag.py:2914} INFO - Setting next_dagrun for example_branch_labels to 2021-10-26 00:00:00+00:00
[2021-10-27 07:22:16,584] {processor.py:171} INFO - Processing /home/airflow/.local/lib/python3.6/site-packages/airflow/example_dags/example_branch_labels.py took 0.074 seconds
[2021-10-27 07:22:46,805] {processor.py:163} INFO - Started process (PID=644) to work on /home/airflow/.local/lib/python3.6/site-packages/airflow/example_dags/example_branch_labels.py
[2021-10-27 07:22:46,806] {processor.py:620} INFO - Processing file /home/airflow/.local/lib/python3.6/site-packages/airflow/example_dags/example_branch_labels.py for tasks to queue
[2021-10-27 07:22:46,807] {logging_mixin.py:109} INFO - [2021-10-27 07:22:46,807] {dagbag.py:500} INFO - Filling up the DagBag from /home/airflow/.local/lib/python3.6/site-packages/airflow/example_dags/example_branch_labels.py
[2021-10-27 07:22:46,852] {processor.py:632} INFO - DAG(s) dict_keys(['example_branch_labels']) retrieved from /home/airflow/.local/lib/python3.6/site-packages/airflow/example_dags/example_branch_labels.py
[2021-10-27 07:22:46,864] {logging_mixin.py:109} INFO - [2021-10-27 07:22:46,864] {dag.py:2389} INFO - Sync 1 DAGs
[2021-10-27 07:22:46,883] {logging_mixin.py:109} INFO - [2021-10-27 07:22:46,883] {dag.py:2914} INFO - Setting next_dagrun for example_branch_labels to 2021-10-26 00:00:00+00:00
[2021-10-27 07:22:46,891] {processor.py:171} INFO - Processing /home/airflow/.local/lib/python3.6/site-packages/airflow/example_dags/example_branch_labels.py took 0.090 seconds
[2021-10-27 07:23:17,120] {processor.py:163} INFO - Started process (PID=699) to work on /home/airflow/.local/lib/python3.6/site-packages/airflow/example_dags/example_branch_labels.py
[2021-10-27 07:23:17,122] {processor.py:620} INFO - Processing file /home/airflow/.local/lib/python3.6/site-packages/airflow/example_dags/example_branch_labels.py for tasks to queue
[2021-10-27 07:23:17,122] {logging_mixin.py:109} INFO - [2021-10-27 07:23:17,122] {dagbag.py:500} INFO - Filling up the DagBag from /home/airflow/.local/lib/python3.6/site-packages/airflow/example_dags/example_branch_labels.py
[2021-10-27 07:23:17,148] {processor.py:632} INFO - DAG(s) dict_keys(['example_branch_labels']) retrieved from /home/airflow/.local/lib/python3.6/site-packages/airflow/example_dags/example_branch_labels.py
[2021-10-27 07:23:17,159] {logging_mixin.py:109} INFO - [2021-10-27 07:23:17,159] {dag.py:2389} INFO - Sync 1 DAGs
[2021-10-27 07:23:17,178] {logging_mixin.py:109} INFO - [2021-10-27 07:23:17,178] {dag.py:2914} INFO - Setting next_dagrun for example_branch_labels to 2021-10-26 00:00:00+00:00
[2021-10-27 07:23:17,191] {processor.py:171} INFO - Processing /home/airflow/.local/lib/python3.6/site-packages/airflow/example_dags/example_branch_labels.py took 0.074 seconds
[2021-10-27 07:23:47,888] {processor.py:163} INFO - Started process (PID=764) to work on /home/airflow/.local/lib/python3.6/site-packages/airflow/example_dags/example_branch_labels.py
[2021-10-27 07:23:47,889] {processor.py:620} INFO - Processing file /home/airflow/.local/lib/python3.6/site-packages/airflow/example_dags/example_branch_labels.py for tasks to queue
[2021-10-27 07:23:47,890] {logging_mixin.py:109} INFO - [2021-10-27 07:23:47,890] {dagbag.py:500} INFO - Filling up the DagBag from /home/airflow/.local/lib/python3.6/site-packages/airflow/example_dags/example_branch_labels.py
[2021-10-27 07:23:47,917] {processor.py:632} INFO - DAG(s) dict_keys(['example_branch_labels']) retrieved from /home/airflow/.local/lib/python3.6/site-packages/airflow/example_dags/example_branch_labels.py
[2021-10-27 07:23:47,927] {logging_mixin.py:109} INFO - [2021-10-27 07:23:47,927] {dag.py:2389} INFO - Sync 1 DAGs
[2021-10-27 07:23:47,945] {logging_mixin.py:109} INFO - [2021-10-27 07:23:47,945] {dag.py:2914} INFO - Setting next_dagrun for example_branch_labels to 2021-10-26 00:00:00+00:00
[2021-10-27 07:23:47,954] {processor.py:171} INFO - Processing /home/airflow/.local/lib/python3.6/site-packages/airflow/example_dags/example_branch_labels.py took 0.070 seconds
[2021-10-27 07:24:18,660] {processor.py:163} INFO - Started process (PID=820) to work on /home/airflow/.local/lib/python3.6/site-packages/airflow/example_dags/example_branch_labels.py
[2021-10-27 07:24:18,661] {processor.py:620} INFO - Processing file /home/airflow/.local/lib/python3.6/site-packages/airflow/example_dags/example_branch_labels.py for tasks to queue
[2021-10-27 07:24:18,662] {logging_mixin.py:109} INFO - [2021-10-27 07:24:18,662] {dagbag.py:500} INFO - Filling up the DagBag from /home/airflow/.local/lib/python3.6/site-packages/airflow/example_dags/example_branch_labels.py
[2021-10-27 07:24:18,690] {processor.py:632} INFO - DAG(s) dict_keys(['example_branch_labels']) retrieved from /home/airflow/.local/lib/python3.6/site-packages/airflow/example_dags/example_branch_labels.py
[2021-10-27 07:24:18,702] {logging_mixin.py:109} INFO - [2021-10-27 07:24:18,701] {dag.py:2389} INFO - Sync 1 DAGs
[2021-10-27 07:24:18,718] {logging_mixin.py:109} INFO - [2021-10-27 07:24:18,718] {dag.py:2914} INFO - Setting next_dagrun for example_branch_labels to 2021-10-26 00:00:00+00:00
[2021-10-27 07:24:18,730] {processor.py:171} INFO - Processing /home/airflow/.local/lib/python3.6/site-packages/airflow/example_dags/example_branch_labels.py took 0.074 seconds
[2021-10-27 07:24:49,512] {processor.py:163} INFO - Started process (PID=885) to work on /home/airflow/.local/lib/python3.6/site-packages/airflow/example_dags/example_branch_labels.py
[2021-10-27 07:24:49,514] {processor.py:620} INFO - Processing file /home/airflow/.local/lib/python3.6/site-packages/airflow/example_dags/example_branch_labels.py for tasks to queue
[2021-10-27 07:24:49,515] {logging_mixin.py:109} INFO - [2021-10-27 07:24:49,514] {dagbag.py:500} INFO - Filling up the DagBag from /home/airflow/.local/lib/python3.6/site-packages/airflow/example_dags/example_branch_labels.py
[2021-10-27 07:24:49,544] {processor.py:632} INFO - DAG(s) dict_keys(['example_branch_labels']) retrieved from /home/airflow/.local/lib/python3.6/site-packages/airflow/example_dags/example_branch_labels.py
[2021-10-27 07:24:49,556] {logging_mixin.py:109} INFO - [2021-10-27 07:24:49,556] {dag.py:2389} INFO - Sync 1 DAGs
[2021-10-27 07:24:49,575] {logging_mixin.py:109} INFO - [2021-10-27 07:24:49,574] {dag.py:2914} INFO - Setting next_dagrun for example_branch_labels to 2021-10-26 00:00:00+00:00
[2021-10-27 07:24:49,587] {processor.py:171} INFO - Processing /home/airflow/.local/lib/python3.6/site-packages/airflow/example_dags/example_branch_labels.py took 0.078 seconds
[2021-10-27 07:25:20,103] {processor.py:163} INFO - Started process (PID=940) to work on /home/airflow/.local/lib/python3.6/site-packages/airflow/example_dags/example_branch_labels.py
[2021-10-27 07:25:20,105] {processor.py:620} INFO - Processing file /home/airflow/.local/lib/python3.6/site-packages/airflow/example_dags/example_branch_labels.py for tasks to queue
[2021-10-27 07:25:20,106] {logging_mixin.py:109} INFO - [2021-10-27 07:25:20,106] {dagbag.py:500} INFO - Filling up the DagBag from /home/airflow/.local/lib/python3.6/site-packages/airflow/example_dags/example_branch_labels.py
[2021-10-27 07:25:20,131] {processor.py:632} INFO - DAG(s) dict_keys(['example_branch_labels']) retrieved from /home/airflow/.local/lib/python3.6/site-packages/airflow/example_dags/example_branch_labels.py
[2021-10-27 07:25:20,141] {logging_mixin.py:109} INFO - [2021-10-27 07:25:20,141] {dag.py:2389} INFO - Sync 1 DAGs
[2021-10-27 07:25:20,156] {logging_mixin.py:109} INFO - [2021-10-27 07:25:20,156] {dag.py:2914} INFO - Setting next_dagrun for example_branch_labels to 2021-10-26 00:00:00+00:00
[2021-10-27 07:25:20,167] {processor.py:171} INFO - Processing /home/airflow/.local/lib/python3.6/site-packages/airflow/example_dags/example_branch_labels.py took 0.068 seconds
[2021-10-27 07:25:50,607] {processor.py:163} INFO - Started process (PID=1006) to work on /home/airflow/.local/lib/python3.6/site-packages/airflow/example_dags/example_branch_labels.py
[2021-10-27 07:25:50,608] {processor.py:620} INFO - Processing file /home/airflow/.local/lib/python3.6/site-packages/airflow/example_dags/example_branch_labels.py for tasks to queue
[2021-10-27 07:25:50,609] {logging_mixin.py:109} INFO - [2021-10-27 07:25:50,609] {dagbag.py:500} INFO - Filling up the DagBag from /home/airflow/.local/lib/python3.6/site-packages/airflow/example_dags/example_branch_labels.py
[2021-10-27 07:25:50,639] {processor.py:632} INFO - DAG(s) dict_keys(['example_branch_labels']) retrieved from /home/airflow/.local/lib/python3.6/site-packages/airflow/example_dags/example_branch_labels.py
[2021-10-27 07:25:50,653] {logging_mixin.py:109} INFO - [2021-10-27 07:25:50,653] {dag.py:2389} INFO - Sync 1 DAGs
[2021-10-27 07:25:50,672] {logging_mixin.py:109} INFO - [2021-10-27 07:25:50,672] {dag.py:2914} INFO - Setting next_dagrun for example_branch_labels to 2021-10-26 00:00:00+00:00
[2021-10-27 07:25:50,682] {processor.py:171} INFO - Processing /home/airflow/.local/lib/python3.6/site-packages/airflow/example_dags/example_branch_labels.py took 0.079 seconds
[2021-10-27 07:26:20,994] {processor.py:163} INFO - Started process (PID=1062) to work on /home/airflow/.local/lib/python3.6/site-packages/airflow/example_dags/example_branch_labels.py
[2021-10-27 07:26:20,996] {processor.py:620} INFO - Processing file /home/airflow/.local/lib/python3.6/site-packages/airflow/example_dags/example_branch_labels.py for tasks to queue
[2021-10-27 07:26:20,997] {logging_mixin.py:109} INFO - [2021-10-27 07:26:20,997] {dagbag.py:500} INFO - Filling up the DagBag from /home/airflow/.local/lib/python3.6/site-packages/airflow/example_dags/example_branch_labels.py
[2021-10-27 07:26:21,022] {processor.py:632} INFO - DAG(s) dict_keys(['example_branch_labels']) retrieved from /home/airflow/.local/lib/python3.6/site-packages/airflow/example_dags/example_branch_labels.py
[2021-10-27 07:26:21,033] {logging_mixin.py:109} INFO - [2021-10-27 07:26:21,033] {dag.py:2389} INFO - Sync 1 DAGs
[2021-10-27 07:26:21,050] {logging_mixin.py:109} INFO - [2021-10-27 07:26:21,050] {dag.py:2914} INFO - Setting next_dagrun for example_branch_labels to 2021-10-26 00:00:00+00:00
[2021-10-27 07:26:21,063] {processor.py:171} INFO - Processing /home/airflow/.local/lib/python3.6/site-packages/airflow/example_dags/example_branch_labels.py took 0.072 seconds
[2021-10-27 07:28:03,640] {processor.py:163} INFO - Started process (PID=48) to work on /home/airflow/.local/lib/python3.6/site-packages/airflow/example_dags/example_branch_labels.py
[2021-10-27 07:28:03,643] {processor.py:620} INFO - Processing file /home/airflow/.local/lib/python3.6/site-packages/airflow/example_dags/example_branch_labels.py for tasks to queue
[2021-10-27 07:28:03,644] {logging_mixin.py:109} INFO - [2021-10-27 07:28:03,644] {dagbag.py:500} INFO - Filling up the DagBag from /home/airflow/.local/lib/python3.6/site-packages/airflow/example_dags/example_branch_labels.py
[2021-10-27 07:28:03,715] {processor.py:632} INFO - DAG(s) dict_keys(['example_branch_labels']) retrieved from /home/airflow/.local/lib/python3.6/site-packages/airflow/example_dags/example_branch_labels.py
[2021-10-27 07:28:03,743] {logging_mixin.py:109} INFO - [2021-10-27 07:28:03,743] {dag.py:2389} INFO - Sync 1 DAGs
[2021-10-27 07:28:03,779] {logging_mixin.py:109} INFO - [2021-10-27 07:28:03,779] {dag.py:2914} INFO - Setting next_dagrun for example_branch_labels to 2021-10-26 00:00:00+00:00
[2021-10-27 07:28:03,794] {processor.py:171} INFO - Processing /home/airflow/.local/lib/python3.6/site-packages/airflow/example_dags/example_branch_labels.py took 0.159 seconds
[2021-10-27 07:28:34,587] {processor.py:163} INFO - Started process (PID=102) to work on /home/airflow/.local/lib/python3.6/site-packages/airflow/example_dags/example_branch_labels.py
[2021-10-27 07:28:34,589] {processor.py:620} INFO - Processing file /home/airflow/.local/lib/python3.6/site-packages/airflow/example_dags/example_branch_labels.py for tasks to queue
[2021-10-27 07:28:34,590] {logging_mixin.py:109} INFO - [2021-10-27 07:28:34,590] {dagbag.py:500} INFO - Filling up the DagBag from /home/airflow/.local/lib/python3.6/site-packages/airflow/example_dags/example_branch_labels.py
[2021-10-27 07:28:34,623] {processor.py:632} INFO - DAG(s) dict_keys(['example_branch_labels']) retrieved from /home/airflow/.local/lib/python3.6/site-packages/airflow/example_dags/example_branch_labels.py
[2021-10-27 07:28:34,634] {logging_mixin.py:109} INFO - [2021-10-27 07:28:34,634] {dag.py:2389} INFO - Sync 1 DAGs
[2021-10-27 07:28:34,655] {logging_mixin.py:109} INFO - [2021-10-27 07:28:34,655] {dag.py:2914} INFO - Setting next_dagrun for example_branch_labels to 2021-10-26 00:00:00+00:00
[2021-10-27 07:28:34,667] {processor.py:171} INFO - Processing /home/airflow/.local/lib/python3.6/site-packages/airflow/example_dags/example_branch_labels.py took 0.083 seconds
[2021-10-27 07:29:04,893] {processor.py:163} INFO - Started process (PID=168) to work on /home/airflow/.local/lib/python3.6/site-packages/airflow/example_dags/example_branch_labels.py
[2021-10-27 07:29:04,895] {processor.py:620} INFO - Processing file /home/airflow/.local/lib/python3.6/site-packages/airflow/example_dags/example_branch_labels.py for tasks to queue
[2021-10-27 07:29:04,896] {logging_mixin.py:109} INFO - [2021-10-27 07:29:04,896] {dagbag.py:500} INFO - Filling up the DagBag from /home/airflow/.local/lib/python3.6/site-packages/airflow/example_dags/example_branch_labels.py
[2021-10-27 07:29:04,926] {processor.py:632} INFO - DAG(s) dict_keys(['example_branch_labels']) retrieved from /home/airflow/.local/lib/python3.6/site-packages/airflow/example_dags/example_branch_labels.py
[2021-10-27 07:29:04,940] {logging_mixin.py:109} INFO - [2021-10-27 07:29:04,940] {dag.py:2389} INFO - Sync 1 DAGs
[2021-10-27 07:29:04,967] {logging_mixin.py:109} INFO - [2021-10-27 07:29:04,967] {dag.py:2914} INFO - Setting next_dagrun for example_branch_labels to 2021-10-26 00:00:00+00:00
[2021-10-27 07:29:04,979] {processor.py:171} INFO - Processing /home/airflow/.local/lib/python3.6/site-packages/airflow/example_dags/example_branch_labels.py took 0.091 seconds
[2021-10-27 07:29:35,317] {processor.py:163} INFO - Started process (PID=224) to work on /home/airflow/.local/lib/python3.6/site-packages/airflow/example_dags/example_branch_labels.py
[2021-10-27 07:29:35,318] {processor.py:620} INFO - Processing file /home/airflow/.local/lib/python3.6/site-packages/airflow/example_dags/example_branch_labels.py for tasks to queue
[2021-10-27 07:29:35,319] {logging_mixin.py:109} INFO - [2021-10-27 07:29:35,319] {dagbag.py:500} INFO - Filling up the DagBag from /home/airflow/.local/lib/python3.6/site-packages/airflow/example_dags/example_branch_labels.py
[2021-10-27 07:29:35,347] {processor.py:632} INFO - DAG(s) dict_keys(['example_branch_labels']) retrieved from /home/airflow/.local/lib/python3.6/site-packages/airflow/example_dags/example_branch_labels.py
[2021-10-27 07:29:35,359] {logging_mixin.py:109} INFO - [2021-10-27 07:29:35,359] {dag.py:2389} INFO - Sync 1 DAGs
[2021-10-27 07:29:35,377] {logging_mixin.py:109} INFO - [2021-10-27 07:29:35,377] {dag.py:2914} INFO - Setting next_dagrun for example_branch_labels to 2021-10-26 00:00:00+00:00
[2021-10-27 07:29:35,388] {processor.py:171} INFO - Processing /home/airflow/.local/lib/python3.6/site-packages/airflow/example_dags/example_branch_labels.py took 0.075 seconds
[2021-10-27 07:30:05,465] {processor.py:163} INFO - Started process (PID=290) to work on /home/airflow/.local/lib/python3.6/site-packages/airflow/example_dags/example_branch_labels.py
[2021-10-27 07:30:05,467] {processor.py:620} INFO - Processing file /home/airflow/.local/lib/python3.6/site-packages/airflow/example_dags/example_branch_labels.py for tasks to queue
[2021-10-27 07:30:05,467] {logging_mixin.py:109} INFO - [2021-10-27 07:30:05,467] {dagbag.py:500} INFO - Filling up the DagBag from /home/airflow/.local/lib/python3.6/site-packages/airflow/example_dags/example_branch_labels.py
[2021-10-27 07:30:05,494] {processor.py:632} INFO - DAG(s) dict_keys(['example_branch_labels']) retrieved from /home/airflow/.local/lib/python3.6/site-packages/airflow/example_dags/example_branch_labels.py
[2021-10-27 07:30:05,508] {logging_mixin.py:109} INFO - [2021-10-27 07:30:05,507] {dag.py:2389} INFO - Sync 1 DAGs
[2021-10-27 07:30:05,525] {logging_mixin.py:109} INFO - [2021-10-27 07:30:05,525] {dag.py:2914} INFO - Setting next_dagrun for example_branch_labels to 2021-10-26 00:00:00+00:00
[2021-10-27 07:30:05,535] {processor.py:171} INFO - Processing /home/airflow/.local/lib/python3.6/site-packages/airflow/example_dags/example_branch_labels.py took 0.072 seconds
[2021-10-27 07:30:35,859] {processor.py:163} INFO - Started process (PID=345) to work on /home/airflow/.local/lib/python3.6/site-packages/airflow/example_dags/example_branch_labels.py
[2021-10-27 07:30:35,861] {processor.py:620} INFO - Processing file /home/airflow/.local/lib/python3.6/site-packages/airflow/example_dags/example_branch_labels.py for tasks to queue
[2021-10-27 07:30:35,863] {logging_mixin.py:109} INFO - [2021-10-27 07:30:35,862] {dagbag.py:500} INFO - Filling up the DagBag from /home/airflow/.local/lib/python3.6/site-packages/airflow/example_dags/example_branch_labels.py
[2021-10-27 07:30:35,911] {processor.py:632} INFO - DAG(s) dict_keys(['example_branch_labels']) retrieved from /home/airflow/.local/lib/python3.6/site-packages/airflow/example_dags/example_branch_labels.py
[2021-10-27 07:30:35,930] {logging_mixin.py:109} INFO - [2021-10-27 07:30:35,930] {dag.py:2389} INFO - Sync 1 DAGs
[2021-10-27 07:30:35,963] {logging_mixin.py:109} INFO - [2021-10-27 07:30:35,963] {dag.py:2914} INFO - Setting next_dagrun for example_branch_labels to 2021-10-26 00:00:00+00:00
[2021-10-27 07:30:35,980] {processor.py:171} INFO - Processing /home/airflow/.local/lib/python3.6/site-packages/airflow/example_dags/example_branch_labels.py took 0.127 seconds
[2021-10-27 07:31:06,207] {processor.py:163} INFO - Started process (PID=409) to work on /home/airflow/.local/lib/python3.6/site-packages/airflow/example_dags/example_branch_labels.py
[2021-10-27 07:31:06,209] {processor.py:620} INFO - Processing file /home/airflow/.local/lib/python3.6/site-packages/airflow/example_dags/example_branch_labels.py for tasks to queue
[2021-10-27 07:31:06,210] {logging_mixin.py:109} INFO - [2021-10-27 07:31:06,210] {dagbag.py:500} INFO - Filling up the DagBag from /home/airflow/.local/lib/python3.6/site-packages/airflow/example_dags/example_branch_labels.py
[2021-10-27 07:31:06,241] {processor.py:632} INFO - DAG(s) dict_keys(['example_branch_labels']) retrieved from /home/airflow/.local/lib/python3.6/site-packages/airflow/example_dags/example_branch_labels.py
[2021-10-27 07:31:06,254] {logging_mixin.py:109} INFO - [2021-10-27 07:31:06,254] {dag.py:2389} INFO - Sync 1 DAGs
[2021-10-27 07:31:06,274] {logging_mixin.py:109} INFO - [2021-10-27 07:31:06,274] {dag.py:2914} INFO - Setting next_dagrun for example_branch_labels to 2021-10-26 00:00:00+00:00
[2021-10-27 07:31:06,284] {processor.py:171} INFO - Processing /home/airflow/.local/lib/python3.6/site-packages/airflow/example_dags/example_branch_labels.py took 0.080 seconds
[2021-10-27 07:31:36,828] {processor.py:163} INFO - Started process (PID=463) to work on /home/airflow/.local/lib/python3.6/site-packages/airflow/example_dags/example_branch_labels.py
[2021-10-27 07:31:36,829] {processor.py:620} INFO - Processing file /home/airflow/.local/lib/python3.6/site-packages/airflow/example_dags/example_branch_labels.py for tasks to queue
[2021-10-27 07:31:36,830] {logging_mixin.py:109} INFO - [2021-10-27 07:31:36,830] {dagbag.py:500} INFO - Filling up the DagBag from /home/airflow/.local/lib/python3.6/site-packages/airflow/example_dags/example_branch_labels.py
[2021-10-27 07:31:36,857] {processor.py:632} INFO - DAG(s) dict_keys(['example_branch_labels']) retrieved from /home/airflow/.local/lib/python3.6/site-packages/airflow/example_dags/example_branch_labels.py
[2021-10-27 07:31:36,868] {logging_mixin.py:109} INFO - [2021-10-27 07:31:36,868] {dag.py:2389} INFO - Sync 1 DAGs
[2021-10-27 07:31:36,884] {logging_mixin.py:109} INFO - [2021-10-27 07:31:36,884] {dag.py:2914} INFO - Setting next_dagrun for example_branch_labels to 2021-10-26 00:00:00+00:00
[2021-10-27 07:31:36,894] {processor.py:171} INFO - Processing /home/airflow/.local/lib/python3.6/site-packages/airflow/example_dags/example_branch_labels.py took 0.069 seconds
[2021-10-27 07:32:07,422] {processor.py:163} INFO - Started process (PID=519) to work on /home/airflow/.local/lib/python3.6/site-packages/airflow/example_dags/example_branch_labels.py
[2021-10-27 07:32:07,424] {processor.py:620} INFO - Processing file /home/airflow/.local/lib/python3.6/site-packages/airflow/example_dags/example_branch_labels.py for tasks to queue
[2021-10-27 07:32:07,425] {logging_mixin.py:109} INFO - [2021-10-27 07:32:07,425] {dagbag.py:500} INFO - Filling up the DagBag from /home/airflow/.local/lib/python3.6/site-packages/airflow/example_dags/example_branch_labels.py
[2021-10-27 07:32:07,473] {processor.py:632} INFO - DAG(s) dict_keys(['example_branch_labels']) retrieved from /home/airflow/.local/lib/python3.6/site-packages/airflow/example_dags/example_branch_labels.py
[2021-10-27 07:32:07,483] {logging_mixin.py:109} INFO - [2021-10-27 07:32:07,483] {dag.py:2389} INFO - Sync 1 DAGs
[2021-10-27 07:32:07,499] {logging_mixin.py:109} INFO - [2021-10-27 07:32:07,499] {dag.py:2914} INFO - Setting next_dagrun for example_branch_labels to 2021-10-26 00:00:00+00:00
[2021-10-27 07:32:07,508] {processor.py:171} INFO - Processing /home/airflow/.local/lib/python3.6/site-packages/airflow/example_dags/example_branch_labels.py took 0.089 seconds
[2021-10-27 07:32:37,945] {processor.py:163} INFO - Started process (PID=584) to work on /home/airflow/.local/lib/python3.6/site-packages/airflow/example_dags/example_branch_labels.py
[2021-10-27 07:32:37,946] {processor.py:620} INFO - Processing file /home/airflow/.local/lib/python3.6/site-packages/airflow/example_dags/example_branch_labels.py for tasks to queue
[2021-10-27 07:32:37,947] {logging_mixin.py:109} INFO - [2021-10-27 07:32:37,947] {dagbag.py:500} INFO - Filling up the DagBag from /home/airflow/.local/lib/python3.6/site-packages/airflow/example_dags/example_branch_labels.py
[2021-10-27 07:32:37,973] {processor.py:632} INFO - DAG(s) dict_keys(['example_branch_labels']) retrieved from /home/airflow/.local/lib/python3.6/site-packages/airflow/example_dags/example_branch_labels.py
[2021-10-27 07:32:37,984] {logging_mixin.py:109} INFO - [2021-10-27 07:32:37,984] {dag.py:2389} INFO - Sync 1 DAGs
[2021-10-27 07:32:38,000] {logging_mixin.py:109} INFO - [2021-10-27 07:32:38,000] {dag.py:2914} INFO - Setting next_dagrun for example_branch_labels to 2021-10-26 00:00:00+00:00
[2021-10-27 07:32:38,011] {processor.py:171} INFO - Processing /home/airflow/.local/lib/python3.6/site-packages/airflow/example_dags/example_branch_labels.py took 0.069 seconds
[2021-10-27 07:33:08,512] {processor.py:163} INFO - Started process (PID=639) to work on /home/airflow/.local/lib/python3.6/site-packages/airflow/example_dags/example_branch_labels.py
[2021-10-27 07:33:08,513] {processor.py:620} INFO - Processing file /home/airflow/.local/lib/python3.6/site-packages/airflow/example_dags/example_branch_labels.py for tasks to queue
[2021-10-27 07:33:08,514] {logging_mixin.py:109} INFO - [2021-10-27 07:33:08,514] {dagbag.py:500} INFO - Filling up the DagBag from /home/airflow/.local/lib/python3.6/site-packages/airflow/example_dags/example_branch_labels.py
[2021-10-27 07:33:08,539] {processor.py:632} INFO - DAG(s) dict_keys(['example_branch_labels']) retrieved from /home/airflow/.local/lib/python3.6/site-packages/airflow/example_dags/example_branch_labels.py
[2021-10-27 07:33:08,549] {logging_mixin.py:109} INFO - [2021-10-27 07:33:08,549] {dag.py:2389} INFO - Sync 1 DAGs
[2021-10-27 07:33:08,566] {logging_mixin.py:109} INFO - [2021-10-27 07:33:08,566] {dag.py:2914} INFO - Setting next_dagrun for example_branch_labels to 2021-10-26 00:00:00+00:00
[2021-10-27 07:33:08,575] {processor.py:171} INFO - Processing /home/airflow/.local/lib/python3.6/site-packages/airflow/example_dags/example_branch_labels.py took 0.066 seconds
[2021-10-27 07:33:38,685] {processor.py:163} INFO - Started process (PID=705) to work on /home/airflow/.local/lib/python3.6/site-packages/airflow/example_dags/example_branch_labels.py
[2021-10-27 07:33:38,687] {processor.py:620} INFO - Processing file /home/airflow/.local/lib/python3.6/site-packages/airflow/example_dags/example_branch_labels.py for tasks to queue
[2021-10-27 07:33:38,688] {logging_mixin.py:109} INFO - [2021-10-27 07:33:38,688] {dagbag.py:500} INFO - Filling up the DagBag from /home/airflow/.local/lib/python3.6/site-packages/airflow/example_dags/example_branch_labels.py
[2021-10-27 07:33:38,718] {processor.py:632} INFO - DAG(s) dict_keys(['example_branch_labels']) retrieved from /home/airflow/.local/lib/python3.6/site-packages/airflow/example_dags/example_branch_labels.py
[2021-10-27 07:33:38,729] {logging_mixin.py:109} INFO - [2021-10-27 07:33:38,729] {dag.py:2389} INFO - Sync 1 DAGs
[2021-10-27 07:33:38,747] {logging_mixin.py:109} INFO - [2021-10-27 07:33:38,747] {dag.py:2914} INFO - Setting next_dagrun for example_branch_labels to 2021-10-26 00:00:00+00:00
[2021-10-27 07:33:38,758] {processor.py:171} INFO - Processing /home/airflow/.local/lib/python3.6/site-packages/airflow/example_dags/example_branch_labels.py took 0.076 seconds
[2021-10-27 07:34:08,992] {processor.py:163} INFO - Started process (PID=760) to work on /home/airflow/.local/lib/python3.6/site-packages/airflow/example_dags/example_branch_labels.py
[2021-10-27 07:34:08,993] {processor.py:620} INFO - Processing file /home/airflow/.local/lib/python3.6/site-packages/airflow/example_dags/example_branch_labels.py for tasks to queue
[2021-10-27 07:34:08,994] {logging_mixin.py:109} INFO - [2021-10-27 07:34:08,994] {dagbag.py:500} INFO - Filling up the DagBag from /home/airflow/.local/lib/python3.6/site-packages/airflow/example_dags/example_branch_labels.py
[2021-10-27 07:34:09,021] {processor.py:632} INFO - DAG(s) dict_keys(['example_branch_labels']) retrieved from /home/airflow/.local/lib/python3.6/site-packages/airflow/example_dags/example_branch_labels.py
[2021-10-27 07:34:09,032] {logging_mixin.py:109} INFO - [2021-10-27 07:34:09,031] {dag.py:2389} INFO - Sync 1 DAGs
[2021-10-27 07:34:09,048] {logging_mixin.py:109} INFO - [2021-10-27 07:34:09,048] {dag.py:2914} INFO - Setting next_dagrun for example_branch_labels to 2021-10-26 00:00:00+00:00
[2021-10-27 07:34:09,058] {processor.py:171} INFO - Processing /home/airflow/.local/lib/python3.6/site-packages/airflow/example_dags/example_branch_labels.py took 0.068 seconds
[2021-10-27 07:34:39,120] {processor.py:163} INFO - Started process (PID=825) to work on /home/airflow/.local/lib/python3.6/site-packages/airflow/example_dags/example_branch_labels.py
[2021-10-27 07:34:39,121] {processor.py:620} INFO - Processing file /home/airflow/.local/lib/python3.6/site-packages/airflow/example_dags/example_branch_labels.py for tasks to queue
[2021-10-27 07:34:39,122] {logging_mixin.py:109} INFO - [2021-10-27 07:34:39,122] {dagbag.py:500} INFO - Filling up the DagBag from /home/airflow/.local/lib/python3.6/site-packages/airflow/example_dags/example_branch_labels.py
[2021-10-27 07:34:39,148] {processor.py:632} INFO - DAG(s) dict_keys(['example_branch_labels']) retrieved from /home/airflow/.local/lib/python3.6/site-packages/airflow/example_dags/example_branch_labels.py
[2021-10-27 07:34:39,160] {logging_mixin.py:109} INFO - [2021-10-27 07:34:39,160] {dag.py:2389} INFO - Sync 1 DAGs
[2021-10-27 07:34:39,176] {logging_mixin.py:109} INFO - [2021-10-27 07:34:39,176] {dag.py:2914} INFO - Setting next_dagrun for example_branch_labels to 2021-10-26 00:00:00+00:00
[2021-10-27 07:34:39,187] {processor.py:171} INFO - Processing /home/airflow/.local/lib/python3.6/site-packages/airflow/example_dags/example_branch_labels.py took 0.070 seconds
[2021-10-27 07:35:09,489] {processor.py:163} INFO - Started process (PID=881) to work on /home/airflow/.local/lib/python3.6/site-packages/airflow/example_dags/example_branch_labels.py
[2021-10-27 07:35:09,490] {processor.py:620} INFO - Processing file /home/airflow/.local/lib/python3.6/site-packages/airflow/example_dags/example_branch_labels.py for tasks to queue
[2021-10-27 07:35:09,491] {logging_mixin.py:109} INFO - [2021-10-27 07:35:09,491] {dagbag.py:500} INFO - Filling up the DagBag from /home/airflow/.local/lib/python3.6/site-packages/airflow/example_dags/example_branch_labels.py
[2021-10-27 07:35:09,518] {processor.py:632} INFO - DAG(s) dict_keys(['example_branch_labels']) retrieved from /home/airflow/.local/lib/python3.6/site-packages/airflow/example_dags/example_branch_labels.py
[2021-10-27 07:35:09,530] {logging_mixin.py:109} INFO - [2021-10-27 07:35:09,530] {dag.py:2389} INFO - Sync 1 DAGs
[2021-10-27 07:35:09,550] {logging_mixin.py:109} INFO - [2021-10-27 07:35:09,550] {dag.py:2914} INFO - Setting next_dagrun for example_branch_labels to 2021-10-26 00:00:00+00:00
[2021-10-27 07:35:09,560] {processor.py:171} INFO - Processing /home/airflow/.local/lib/python3.6/site-packages/airflow/example_dags/example_branch_labels.py took 0.075 seconds
[2021-10-27 07:35:39,816] {processor.py:163} INFO - Started process (PID=946) to work on /home/airflow/.local/lib/python3.6/site-packages/airflow/example_dags/example_branch_labels.py
[2021-10-27 07:35:39,818] {processor.py:620} INFO - Processing file /home/airflow/.local/lib/python3.6/site-packages/airflow/example_dags/example_branch_labels.py for tasks to queue
[2021-10-27 07:35:39,819] {logging_mixin.py:109} INFO - [2021-10-27 07:35:39,819] {dagbag.py:500} INFO - Filling up the DagBag from /home/airflow/.local/lib/python3.6/site-packages/airflow/example_dags/example_branch_labels.py
[2021-10-27 07:35:39,847] {processor.py:632} INFO - DAG(s) dict_keys(['example_branch_labels']) retrieved from /home/airflow/.local/lib/python3.6/site-packages/airflow/example_dags/example_branch_labels.py
[2021-10-27 07:35:39,857] {logging_mixin.py:109} INFO - [2021-10-27 07:35:39,857] {dag.py:2389} INFO - Sync 1 DAGs
[2021-10-27 07:35:39,875] {logging_mixin.py:109} INFO - [2021-10-27 07:35:39,874] {dag.py:2914} INFO - Setting next_dagrun for example_branch_labels to 2021-10-26 00:00:00+00:00
[2021-10-27 07:35:39,885] {processor.py:171} INFO - Processing /home/airflow/.local/lib/python3.6/site-packages/airflow/example_dags/example_branch_labels.py took 0.071 seconds
[2021-10-27 07:36:10,072] {processor.py:163} INFO - Started process (PID=1001) to work on /home/airflow/.local/lib/python3.6/site-packages/airflow/example_dags/example_branch_labels.py
[2021-10-27 07:36:10,074] {processor.py:620} INFO - Processing file /home/airflow/.local/lib/python3.6/site-packages/airflow/example_dags/example_branch_labels.py for tasks to queue
[2021-10-27 07:36:10,075] {logging_mixin.py:109} INFO - [2021-10-27 07:36:10,074] {dagbag.py:500} INFO - Filling up the DagBag from /home/airflow/.local/lib/python3.6/site-packages/airflow/example_dags/example_branch_labels.py
[2021-10-27 07:36:10,102] {processor.py:632} INFO - DAG(s) dict_keys(['example_branch_labels']) retrieved from /home/airflow/.local/lib/python3.6/site-packages/airflow/example_dags/example_branch_labels.py
[2021-10-27 07:36:10,113] {logging_mixin.py:109} INFO - [2021-10-27 07:36:10,113] {dag.py:2389} INFO - Sync 1 DAGs
[2021-10-27 07:36:10,130] {logging_mixin.py:109} INFO - [2021-10-27 07:36:10,130] {dag.py:2914} INFO - Setting next_dagrun for example_branch_labels to 2021-10-26 00:00:00+00:00
[2021-10-27 07:36:10,140] {processor.py:171} INFO - Processing /home/airflow/.local/lib/python3.6/site-packages/airflow/example_dags/example_branch_labels.py took 0.071 seconds
[2021-10-27 07:36:40,365] {processor.py:163} INFO - Started process (PID=1068) to work on /home/airflow/.local/lib/python3.6/site-packages/airflow/example_dags/example_branch_labels.py
[2021-10-27 07:36:40,367] {processor.py:620} INFO - Processing file /home/airflow/.local/lib/python3.6/site-packages/airflow/example_dags/example_branch_labels.py for tasks to queue
[2021-10-27 07:36:40,368] {logging_mixin.py:109} INFO - [2021-10-27 07:36:40,368] {dagbag.py:500} INFO - Filling up the DagBag from /home/airflow/.local/lib/python3.6/site-packages/airflow/example_dags/example_branch_labels.py
[2021-10-27 07:36:40,408] {processor.py:632} INFO - DAG(s) dict_keys(['example_branch_labels']) retrieved from /home/airflow/.local/lib/python3.6/site-packages/airflow/example_dags/example_branch_labels.py
[2021-10-27 07:36:40,427] {logging_mixin.py:109} INFO - [2021-10-27 07:36:40,426] {dag.py:2389} INFO - Sync 1 DAGs
[2021-10-27 07:36:40,458] {logging_mixin.py:109} INFO - [2021-10-27 07:36:40,458] {dag.py:2914} INFO - Setting next_dagrun for example_branch_labels to 2021-10-26 00:00:00+00:00
[2021-10-27 07:36:40,473] {processor.py:171} INFO - Processing /home/airflow/.local/lib/python3.6/site-packages/airflow/example_dags/example_branch_labels.py took 0.113 seconds
[2021-10-27 07:37:10,748] {processor.py:163} INFO - Started process (PID=1124) to work on /home/airflow/.local/lib/python3.6/site-packages/airflow/example_dags/example_branch_labels.py
[2021-10-27 07:37:10,750] {processor.py:620} INFO - Processing file /home/airflow/.local/lib/python3.6/site-packages/airflow/example_dags/example_branch_labels.py for tasks to queue
[2021-10-27 07:37:10,751] {logging_mixin.py:109} INFO - [2021-10-27 07:37:10,750] {dagbag.py:500} INFO - Filling up the DagBag from /home/airflow/.local/lib/python3.6/site-packages/airflow/example_dags/example_branch_labels.py
[2021-10-27 07:37:10,776] {processor.py:632} INFO - DAG(s) dict_keys(['example_branch_labels']) retrieved from /home/airflow/.local/lib/python3.6/site-packages/airflow/example_dags/example_branch_labels.py
[2021-10-27 07:37:10,789] {logging_mixin.py:109} INFO - [2021-10-27 07:37:10,788] {dag.py:2389} INFO - Sync 1 DAGs
[2021-10-27 07:37:10,807] {logging_mixin.py:109} INFO - [2021-10-27 07:37:10,806] {dag.py:2914} INFO - Setting next_dagrun for example_branch_labels to 2021-10-26 00:00:00+00:00
[2021-10-27 07:37:10,817] {processor.py:171} INFO - Processing /home/airflow/.local/lib/python3.6/site-packages/airflow/example_dags/example_branch_labels.py took 0.072 seconds
[2021-10-27 07:37:41,425] {processor.py:163} INFO - Started process (PID=1179) to work on /home/airflow/.local/lib/python3.6/site-packages/airflow/example_dags/example_branch_labels.py
[2021-10-27 07:37:41,426] {processor.py:620} INFO - Processing file /home/airflow/.local/lib/python3.6/site-packages/airflow/example_dags/example_branch_labels.py for tasks to queue
[2021-10-27 07:37:41,427] {logging_mixin.py:109} INFO - [2021-10-27 07:37:41,427] {dagbag.py:500} INFO - Filling up the DagBag from /home/airflow/.local/lib/python3.6/site-packages/airflow/example_dags/example_branch_labels.py
[2021-10-27 07:37:41,455] {processor.py:632} INFO - DAG(s) dict_keys(['example_branch_labels']) retrieved from /home/airflow/.local/lib/python3.6/site-packages/airflow/example_dags/example_branch_labels.py
[2021-10-27 07:37:41,467] {logging_mixin.py:109} INFO - [2021-10-27 07:37:41,466] {dag.py:2389} INFO - Sync 1 DAGs
[2021-10-27 07:37:41,484] {logging_mixin.py:109} INFO - [2021-10-27 07:37:41,484] {dag.py:2914} INFO - Setting next_dagrun for example_branch_labels to 2021-10-26 00:00:00+00:00
[2021-10-27 07:37:41,495] {processor.py:171} INFO - Processing /home/airflow/.local/lib/python3.6/site-packages/airflow/example_dags/example_branch_labels.py took 0.073 seconds
[2021-10-27 07:38:12,030] {processor.py:163} INFO - Started process (PID=1245) to work on /home/airflow/.local/lib/python3.6/site-packages/airflow/example_dags/example_branch_labels.py
[2021-10-27 07:38:12,032] {processor.py:620} INFO - Processing file /home/airflow/.local/lib/python3.6/site-packages/airflow/example_dags/example_branch_labels.py for tasks to queue
[2021-10-27 07:38:12,033] {logging_mixin.py:109} INFO - [2021-10-27 07:38:12,033] {dagbag.py:500} INFO - Filling up the DagBag from /home/airflow/.local/lib/python3.6/site-packages/airflow/example_dags/example_branch_labels.py
[2021-10-27 07:38:12,066] {processor.py:632} INFO - DAG(s) dict_keys(['example_branch_labels']) retrieved from /home/airflow/.local/lib/python3.6/site-packages/airflow/example_dags/example_branch_labels.py
[2021-10-27 07:38:12,080] {logging_mixin.py:109} INFO - [2021-10-27 07:38:12,080] {dag.py:2389} INFO - Sync 1 DAGs
[2021-10-27 07:38:12,100] {logging_mixin.py:109} INFO - [2021-10-27 07:38:12,100] {dag.py:2914} INFO - Setting next_dagrun for example_branch_labels to 2021-10-26 00:00:00+00:00
[2021-10-27 07:38:12,109] {processor.py:171} INFO - Processing /home/airflow/.local/lib/python3.6/site-packages/airflow/example_dags/example_branch_labels.py took 0.082 seconds
[2021-10-27 07:38:42,623] {processor.py:163} INFO - Started process (PID=1301) to work on /home/airflow/.local/lib/python3.6/site-packages/airflow/example_dags/example_branch_labels.py
[2021-10-27 07:38:42,625] {processor.py:620} INFO - Processing file /home/airflow/.local/lib/python3.6/site-packages/airflow/example_dags/example_branch_labels.py for tasks to queue
[2021-10-27 07:38:42,626] {logging_mixin.py:109} INFO - [2021-10-27 07:38:42,626] {dagbag.py:500} INFO - Filling up the DagBag from /home/airflow/.local/lib/python3.6/site-packages/airflow/example_dags/example_branch_labels.py
[2021-10-27 07:38:42,655] {processor.py:632} INFO - DAG(s) dict_keys(['example_branch_labels']) retrieved from /home/airflow/.local/lib/python3.6/site-packages/airflow/example_dags/example_branch_labels.py
[2021-10-27 07:38:42,665] {logging_mixin.py:109} INFO - [2021-10-27 07:38:42,665] {dag.py:2389} INFO - Sync 1 DAGs
[2021-10-27 07:38:42,682] {logging_mixin.py:109} INFO - [2021-10-27 07:38:42,682] {dag.py:2914} INFO - Setting next_dagrun for example_branch_labels to 2021-10-26 00:00:00+00:00
[2021-10-27 07:38:42,692] {processor.py:171} INFO - Processing /home/airflow/.local/lib/python3.6/site-packages/airflow/example_dags/example_branch_labels.py took 0.072 seconds
[2021-10-27 07:39:13,055] {processor.py:163} INFO - Started process (PID=1367) to work on /home/airflow/.local/lib/python3.6/site-packages/airflow/example_dags/example_branch_labels.py
[2021-10-27 07:39:13,056] {processor.py:620} INFO - Processing file /home/airflow/.local/lib/python3.6/site-packages/airflow/example_dags/example_branch_labels.py for tasks to queue
[2021-10-27 07:39:13,057] {logging_mixin.py:109} INFO - [2021-10-27 07:39:13,057] {dagbag.py:500} INFO - Filling up the DagBag from /home/airflow/.local/lib/python3.6/site-packages/airflow/example_dags/example_branch_labels.py
[2021-10-27 07:39:13,083] {processor.py:632} INFO - DAG(s) dict_keys(['example_branch_labels']) retrieved from /home/airflow/.local/lib/python3.6/site-packages/airflow/example_dags/example_branch_labels.py
[2021-10-27 07:39:13,094] {logging_mixin.py:109} INFO - [2021-10-27 07:39:13,094] {dag.py:2389} INFO - Sync 1 DAGs
[2021-10-27 07:39:13,111] {logging_mixin.py:109} INFO - [2021-10-27 07:39:13,111] {dag.py:2914} INFO - Setting next_dagrun for example_branch_labels to 2021-10-26 00:00:00+00:00
[2021-10-27 07:39:13,120] {processor.py:171} INFO - Processing /home/airflow/.local/lib/python3.6/site-packages/airflow/example_dags/example_branch_labels.py took 0.068 seconds
[2021-10-27 07:39:43,381] {processor.py:163} INFO - Started process (PID=1421) to work on /home/airflow/.local/lib/python3.6/site-packages/airflow/example_dags/example_branch_labels.py
[2021-10-27 07:39:43,383] {processor.py:620} INFO - Processing file /home/airflow/.local/lib/python3.6/site-packages/airflow/example_dags/example_branch_labels.py for tasks to queue
[2021-10-27 07:39:43,384] {logging_mixin.py:109} INFO - [2021-10-27 07:39:43,384] {dagbag.py:500} INFO - Filling up the DagBag from /home/airflow/.local/lib/python3.6/site-packages/airflow/example_dags/example_branch_labels.py
[2021-10-27 07:39:43,412] {processor.py:632} INFO - DAG(s) dict_keys(['example_branch_labels']) retrieved from /home/airflow/.local/lib/python3.6/site-packages/airflow/example_dags/example_branch_labels.py
[2021-10-27 07:39:43,422] {logging_mixin.py:109} INFO - [2021-10-27 07:39:43,422] {dag.py:2389} INFO - Sync 1 DAGs
[2021-10-27 07:39:43,440] {logging_mixin.py:109} INFO - [2021-10-27 07:39:43,440] {dag.py:2914} INFO - Setting next_dagrun for example_branch_labels to 2021-10-26 00:00:00+00:00
[2021-10-27 07:39:43,450] {processor.py:171} INFO - Processing /home/airflow/.local/lib/python3.6/site-packages/airflow/example_dags/example_branch_labels.py took 0.072 seconds
[2021-10-27 07:40:13,789] {processor.py:163} INFO - Started process (PID=1487) to work on /home/airflow/.local/lib/python3.6/site-packages/airflow/example_dags/example_branch_labels.py
[2021-10-27 07:40:13,791] {processor.py:620} INFO - Processing file /home/airflow/.local/lib/python3.6/site-packages/airflow/example_dags/example_branch_labels.py for tasks to queue
[2021-10-27 07:40:13,792] {logging_mixin.py:109} INFO - [2021-10-27 07:40:13,792] {dagbag.py:500} INFO - Filling up the DagBag from /home/airflow/.local/lib/python3.6/site-packages/airflow/example_dags/example_branch_labels.py
[2021-10-27 07:40:13,821] {processor.py:632} INFO - DAG(s) dict_keys(['example_branch_labels']) retrieved from /home/airflow/.local/lib/python3.6/site-packages/airflow/example_dags/example_branch_labels.py
[2021-10-27 07:40:13,834] {logging_mixin.py:109} INFO - [2021-10-27 07:40:13,834] {dag.py:2389} INFO - Sync 1 DAGs
[2021-10-27 07:40:13,852] {logging_mixin.py:109} INFO - [2021-10-27 07:40:13,852] {dag.py:2914} INFO - Setting next_dagrun for example_branch_labels to 2021-10-26 00:00:00+00:00
[2021-10-27 07:40:13,861] {processor.py:171} INFO - Processing /home/airflow/.local/lib/python3.6/site-packages/airflow/example_dags/example_branch_labels.py took 0.075 seconds
[2021-10-27 07:40:44,269] {processor.py:163} INFO - Started process (PID=1541) to work on /home/airflow/.local/lib/python3.6/site-packages/airflow/example_dags/example_branch_labels.py
[2021-10-27 07:40:44,270] {processor.py:620} INFO - Processing file /home/airflow/.local/lib/python3.6/site-packages/airflow/example_dags/example_branch_labels.py for tasks to queue
[2021-10-27 07:40:44,271] {logging_mixin.py:109} INFO - [2021-10-27 07:40:44,271] {dagbag.py:500} INFO - Filling up the DagBag from /home/airflow/.local/lib/python3.6/site-packages/airflow/example_dags/example_branch_labels.py
[2021-10-27 07:40:44,300] {processor.py:632} INFO - DAG(s) dict_keys(['example_branch_labels']) retrieved from /home/airflow/.local/lib/python3.6/site-packages/airflow/example_dags/example_branch_labels.py
[2021-10-27 07:40:44,311] {logging_mixin.py:109} INFO - [2021-10-27 07:40:44,311] {dag.py:2389} INFO - Sync 1 DAGs
[2021-10-27 07:40:44,328] {logging_mixin.py:109} INFO - [2021-10-27 07:40:44,328] {dag.py:2914} INFO - Setting next_dagrun for example_branch_labels to 2021-10-26 00:00:00+00:00
[2021-10-27 07:40:44,338] {processor.py:171} INFO - Processing /home/airflow/.local/lib/python3.6/site-packages/airflow/example_dags/example_branch_labels.py took 0.072 seconds
[2021-10-27 07:41:14,667] {processor.py:163} INFO - Started process (PID=1605) to work on /home/airflow/.local/lib/python3.6/site-packages/airflow/example_dags/example_branch_labels.py
[2021-10-27 07:41:14,668] {processor.py:620} INFO - Processing file /home/airflow/.local/lib/python3.6/site-packages/airflow/example_dags/example_branch_labels.py for tasks to queue
[2021-10-27 07:41:14,669] {logging_mixin.py:109} INFO - [2021-10-27 07:41:14,669] {dagbag.py:500} INFO - Filling up the DagBag from /home/airflow/.local/lib/python3.6/site-packages/airflow/example_dags/example_branch_labels.py
[2021-10-27 07:41:14,696] {processor.py:632} INFO - DAG(s) dict_keys(['example_branch_labels']) retrieved from /home/airflow/.local/lib/python3.6/site-packages/airflow/example_dags/example_branch_labels.py
[2021-10-27 07:41:14,707] {logging_mixin.py:109} INFO - [2021-10-27 07:41:14,707] {dag.py:2389} INFO - Sync 1 DAGs
[2021-10-27 07:41:14,724] {logging_mixin.py:109} INFO - [2021-10-27 07:41:14,724] {dag.py:2914} INFO - Setting next_dagrun for example_branch_labels to 2021-10-26 00:00:00+00:00
[2021-10-27 07:41:14,734] {processor.py:171} INFO - Processing /home/airflow/.local/lib/python3.6/site-packages/airflow/example_dags/example_branch_labels.py took 0.070 seconds
[2021-10-27 07:41:45,217] {processor.py:163} INFO - Started process (PID=1660) to work on /home/airflow/.local/lib/python3.6/site-packages/airflow/example_dags/example_branch_labels.py
[2021-10-27 07:41:45,218] {processor.py:620} INFO - Processing file /home/airflow/.local/lib/python3.6/site-packages/airflow/example_dags/example_branch_labels.py for tasks to queue
[2021-10-27 07:41:45,219] {logging_mixin.py:109} INFO - [2021-10-27 07:41:45,219] {dagbag.py:500} INFO - Filling up the DagBag from /home/airflow/.local/lib/python3.6/site-packages/airflow/example_dags/example_branch_labels.py
[2021-10-27 07:41:45,246] {processor.py:632} INFO - DAG(s) dict_keys(['example_branch_labels']) retrieved from /home/airflow/.local/lib/python3.6/site-packages/airflow/example_dags/example_branch_labels.py
[2021-10-27 07:41:45,257] {logging_mixin.py:109} INFO - [2021-10-27 07:41:45,257] {dag.py:2389} INFO - Sync 1 DAGs
[2021-10-27 07:41:45,275] {logging_mixin.py:109} INFO - [2021-10-27 07:41:45,274] {dag.py:2914} INFO - Setting next_dagrun for example_branch_labels to 2021-10-26 00:00:00+00:00
[2021-10-27 07:41:45,285] {processor.py:171} INFO - Processing /home/airflow/.local/lib/python3.6/site-packages/airflow/example_dags/example_branch_labels.py took 0.072 seconds
[2021-10-27 07:42:15,419] {processor.py:163} INFO - Started process (PID=1725) to work on /home/airflow/.local/lib/python3.6/site-packages/airflow/example_dags/example_branch_labels.py
[2021-10-27 07:42:15,420] {processor.py:620} INFO - Processing file /home/airflow/.local/lib/python3.6/site-packages/airflow/example_dags/example_branch_labels.py for tasks to queue
[2021-10-27 07:42:15,421] {logging_mixin.py:109} INFO - [2021-10-27 07:42:15,421] {dagbag.py:500} INFO - Filling up the DagBag from /home/airflow/.local/lib/python3.6/site-packages/airflow/example_dags/example_branch_labels.py
[2021-10-27 07:42:15,447] {processor.py:632} INFO - DAG(s) dict_keys(['example_branch_labels']) retrieved from /home/airflow/.local/lib/python3.6/site-packages/airflow/example_dags/example_branch_labels.py
[2021-10-27 07:42:15,460] {logging_mixin.py:109} INFO - [2021-10-27 07:42:15,460] {dag.py:2389} INFO - Sync 1 DAGs
[2021-10-27 07:42:15,476] {logging_mixin.py:109} INFO - [2021-10-27 07:42:15,476] {dag.py:2914} INFO - Setting next_dagrun for example_branch_labels to 2021-10-26 00:00:00+00:00
[2021-10-27 07:42:15,488] {processor.py:171} INFO - Processing /home/airflow/.local/lib/python3.6/site-packages/airflow/example_dags/example_branch_labels.py took 0.072 seconds
[2021-10-27 07:42:45,662] {processor.py:163} INFO - Started process (PID=1780) to work on /home/airflow/.local/lib/python3.6/site-packages/airflow/example_dags/example_branch_labels.py
[2021-10-27 07:42:45,664] {processor.py:620} INFO - Processing file /home/airflow/.local/lib/python3.6/site-packages/airflow/example_dags/example_branch_labels.py for tasks to queue
[2021-10-27 07:42:45,665] {logging_mixin.py:109} INFO - [2021-10-27 07:42:45,664] {dagbag.py:500} INFO - Filling up the DagBag from /home/airflow/.local/lib/python3.6/site-packages/airflow/example_dags/example_branch_labels.py
[2021-10-27 07:42:45,699] {processor.py:632} INFO - DAG(s) dict_keys(['example_branch_labels']) retrieved from /home/airflow/.local/lib/python3.6/site-packages/airflow/example_dags/example_branch_labels.py
[2021-10-27 07:42:45,712] {logging_mixin.py:109} INFO - [2021-10-27 07:42:45,712] {dag.py:2389} INFO - Sync 1 DAGs
[2021-10-27 07:42:45,731] {logging_mixin.py:109} INFO - [2021-10-27 07:42:45,731] {dag.py:2914} INFO - Setting next_dagrun for example_branch_labels to 2021-10-26 00:00:00+00:00
[2021-10-27 07:42:45,742] {processor.py:171} INFO - Processing /home/airflow/.local/lib/python3.6/site-packages/airflow/example_dags/example_branch_labels.py took 0.084 seconds
[2021-10-27 07:43:16,458] {processor.py:163} INFO - Started process (PID=1847) to work on /home/airflow/.local/lib/python3.6/site-packages/airflow/example_dags/example_branch_labels.py
[2021-10-27 07:43:16,460] {processor.py:620} INFO - Processing file /home/airflow/.local/lib/python3.6/site-packages/airflow/example_dags/example_branch_labels.py for tasks to queue
[2021-10-27 07:43:16,461] {logging_mixin.py:109} INFO - [2021-10-27 07:43:16,461] {dagbag.py:500} INFO - Filling up the DagBag from /home/airflow/.local/lib/python3.6/site-packages/airflow/example_dags/example_branch_labels.py
[2021-10-27 07:43:16,494] {processor.py:632} INFO - DAG(s) dict_keys(['example_branch_labels']) retrieved from /home/airflow/.local/lib/python3.6/site-packages/airflow/example_dags/example_branch_labels.py
[2021-10-27 07:43:16,507] {logging_mixin.py:109} INFO - [2021-10-27 07:43:16,507] {dag.py:2389} INFO - Sync 1 DAGs
[2021-10-27 07:43:16,530] {logging_mixin.py:109} INFO - [2021-10-27 07:43:16,530] {dag.py:2914} INFO - Setting next_dagrun for example_branch_labels to 2021-10-26 00:00:00+00:00
[2021-10-27 07:43:16,542] {processor.py:171} INFO - Processing /home/airflow/.local/lib/python3.6/site-packages/airflow/example_dags/example_branch_labels.py took 0.088 seconds
[2021-10-27 07:43:47,033] {processor.py:163} INFO - Started process (PID=1903) to work on /home/airflow/.local/lib/python3.6/site-packages/airflow/example_dags/example_branch_labels.py
[2021-10-27 07:43:47,035] {processor.py:620} INFO - Processing file /home/airflow/.local/lib/python3.6/site-packages/airflow/example_dags/example_branch_labels.py for tasks to queue
[2021-10-27 07:43:47,036] {logging_mixin.py:109} INFO - [2021-10-27 07:43:47,035] {dagbag.py:500} INFO - Filling up the DagBag from /home/airflow/.local/lib/python3.6/site-packages/airflow/example_dags/example_branch_labels.py
[2021-10-27 07:43:47,061] {processor.py:632} INFO - DAG(s) dict_keys(['example_branch_labels']) retrieved from /home/airflow/.local/lib/python3.6/site-packages/airflow/example_dags/example_branch_labels.py
[2021-10-27 07:43:47,071] {logging_mixin.py:109} INFO - [2021-10-27 07:43:47,071] {dag.py:2389} INFO - Sync 1 DAGs
[2021-10-27 07:43:47,088] {logging_mixin.py:109} INFO - [2021-10-27 07:43:47,088] {dag.py:2914} INFO - Setting next_dagrun for example_branch_labels to 2021-10-26 00:00:00+00:00
[2021-10-27 07:43:47,099] {processor.py:171} INFO - Processing /home/airflow/.local/lib/python3.6/site-packages/airflow/example_dags/example_branch_labels.py took 0.069 seconds
[2021-10-27 07:44:17,226] {processor.py:163} INFO - Started process (PID=1959) to work on /home/airflow/.local/lib/python3.6/site-packages/airflow/example_dags/example_branch_labels.py
[2021-10-27 07:44:17,228] {processor.py:620} INFO - Processing file /home/airflow/.local/lib/python3.6/site-packages/airflow/example_dags/example_branch_labels.py for tasks to queue
[2021-10-27 07:44:17,229] {logging_mixin.py:109} INFO - [2021-10-27 07:44:17,229] {dagbag.py:500} INFO - Filling up the DagBag from /home/airflow/.local/lib/python3.6/site-packages/airflow/example_dags/example_branch_labels.py
[2021-10-27 07:44:17,258] {processor.py:632} INFO - DAG(s) dict_keys(['example_branch_labels']) retrieved from /home/airflow/.local/lib/python3.6/site-packages/airflow/example_dags/example_branch_labels.py
[2021-10-27 07:44:17,271] {logging_mixin.py:109} INFO - [2021-10-27 07:44:17,271] {dag.py:2389} INFO - Sync 1 DAGs
[2021-10-27 07:44:17,290] {logging_mixin.py:109} INFO - [2021-10-27 07:44:17,290] {dag.py:2914} INFO - Setting next_dagrun for example_branch_labels to 2021-10-26 00:00:00+00:00
[2021-10-27 07:44:17,301] {processor.py:171} INFO - Processing /home/airflow/.local/lib/python3.6/site-packages/airflow/example_dags/example_branch_labels.py took 0.080 seconds
[2021-10-27 07:44:47,375] {processor.py:163} INFO - Started process (PID=2025) to work on /home/airflow/.local/lib/python3.6/site-packages/airflow/example_dags/example_branch_labels.py
[2021-10-27 07:44:47,377] {processor.py:620} INFO - Processing file /home/airflow/.local/lib/python3.6/site-packages/airflow/example_dags/example_branch_labels.py for tasks to queue
[2021-10-27 07:44:47,379] {logging_mixin.py:109} INFO - [2021-10-27 07:44:47,378] {dagbag.py:500} INFO - Filling up the DagBag from /home/airflow/.local/lib/python3.6/site-packages/airflow/example_dags/example_branch_labels.py
[2021-10-27 07:44:47,478] {processor.py:632} INFO - DAG(s) dict_keys(['example_branch_labels']) retrieved from /home/airflow/.local/lib/python3.6/site-packages/airflow/example_dags/example_branch_labels.py
[2021-10-27 07:44:47,493] {logging_mixin.py:109} INFO - [2021-10-27 07:44:47,492] {dag.py:2389} INFO - Sync 1 DAGs
[2021-10-27 07:44:47,519] {logging_mixin.py:109} INFO - [2021-10-27 07:44:47,518] {dag.py:2914} INFO - Setting next_dagrun for example_branch_labels to 2021-10-26 00:00:00+00:00
[2021-10-27 07:44:47,531] {processor.py:171} INFO - Processing /home/airflow/.local/lib/python3.6/site-packages/airflow/example_dags/example_branch_labels.py took 0.162 seconds
