[2021-10-27 07:17:44,310] {processor.py:163} INFO - Started process (PID=67) to work on /home/airflow/.local/lib/python3.6/site-packages/airflow/example_dags/example_time_delta_sensor_async.py
[2021-10-27 07:17:44,312] {processor.py:620} INFO - Processing file /home/airflow/.local/lib/python3.6/site-packages/airflow/example_dags/example_time_delta_sensor_async.py for tasks to queue
[2021-10-27 07:17:44,313] {logging_mixin.py:109} INFO - [2021-10-27 07:17:44,313] {dagbag.py:500} INFO - Filling up the DagBag from /home/airflow/.local/lib/python3.6/site-packages/airflow/example_dags/example_time_delta_sensor_async.py
[2021-10-27 07:17:44,443] {processor.py:632} INFO - DAG(s) dict_keys(['example_time_delta_sensor_async']) retrieved from /home/airflow/.local/lib/python3.6/site-packages/airflow/example_dags/example_time_delta_sensor_async.py
[2021-10-27 07:17:44,458] {logging_mixin.py:109} INFO - [2021-10-27 07:17:44,457] {dag.py:2389} INFO - Sync 1 DAGs
[2021-10-27 07:17:44,474] {logging_mixin.py:109} INFO - [2021-10-27 07:17:44,473] {dag.py:2914} INFO - Setting next_dagrun for example_time_delta_sensor_async to None
[2021-10-27 07:17:44,487] {processor.py:171} INFO - Processing /home/airflow/.local/lib/python3.6/site-packages/airflow/example_dags/example_time_delta_sensor_async.py took 0.182 seconds
[2021-10-27 07:18:14,843] {processor.py:163} INFO - Started process (PID=123) to work on /home/airflow/.local/lib/python3.6/site-packages/airflow/example_dags/example_time_delta_sensor_async.py
[2021-10-27 07:18:14,845] {processor.py:620} INFO - Processing file /home/airflow/.local/lib/python3.6/site-packages/airflow/example_dags/example_time_delta_sensor_async.py for tasks to queue
[2021-10-27 07:18:14,846] {logging_mixin.py:109} INFO - [2021-10-27 07:18:14,845] {dagbag.py:500} INFO - Filling up the DagBag from /home/airflow/.local/lib/python3.6/site-packages/airflow/example_dags/example_time_delta_sensor_async.py
[2021-10-27 07:18:14,872] {processor.py:632} INFO - DAG(s) dict_keys(['example_time_delta_sensor_async']) retrieved from /home/airflow/.local/lib/python3.6/site-packages/airflow/example_dags/example_time_delta_sensor_async.py
[2021-10-27 07:18:14,882] {logging_mixin.py:109} INFO - [2021-10-27 07:18:14,882] {dag.py:2389} INFO - Sync 1 DAGs
[2021-10-27 07:18:14,898] {logging_mixin.py:109} INFO - [2021-10-27 07:18:14,898] {dag.py:2914} INFO - Setting next_dagrun for example_time_delta_sensor_async to None
[2021-10-27 07:18:14,908] {processor.py:171} INFO - Processing /home/airflow/.local/lib/python3.6/site-packages/airflow/example_dags/example_time_delta_sensor_async.py took 0.069 seconds
[2021-10-27 07:18:45,125] {processor.py:163} INFO - Started process (PID=178) to work on /home/airflow/.local/lib/python3.6/site-packages/airflow/example_dags/example_time_delta_sensor_async.py
[2021-10-27 07:18:45,127] {processor.py:620} INFO - Processing file /home/airflow/.local/lib/python3.6/site-packages/airflow/example_dags/example_time_delta_sensor_async.py for tasks to queue
[2021-10-27 07:18:45,127] {logging_mixin.py:109} INFO - [2021-10-27 07:18:45,127] {dagbag.py:500} INFO - Filling up the DagBag from /home/airflow/.local/lib/python3.6/site-packages/airflow/example_dags/example_time_delta_sensor_async.py
[2021-10-27 07:18:45,152] {processor.py:632} INFO - DAG(s) dict_keys(['example_time_delta_sensor_async']) retrieved from /home/airflow/.local/lib/python3.6/site-packages/airflow/example_dags/example_time_delta_sensor_async.py
[2021-10-27 07:18:45,161] {logging_mixin.py:109} INFO - [2021-10-27 07:18:45,161] {dag.py:2389} INFO - Sync 1 DAGs
[2021-10-27 07:18:45,176] {logging_mixin.py:109} INFO - [2021-10-27 07:18:45,176] {dag.py:2914} INFO - Setting next_dagrun for example_time_delta_sensor_async to None
[2021-10-27 07:18:45,185] {processor.py:171} INFO - Processing /home/airflow/.local/lib/python3.6/site-packages/airflow/example_dags/example_time_delta_sensor_async.py took 0.064 seconds
[2021-10-27 07:19:16,647] {processor.py:163} INFO - Started process (PID=242) to work on /home/airflow/.local/lib/python3.6/site-packages/airflow/example_dags/example_time_delta_sensor_async.py
[2021-10-27 07:19:16,649] {processor.py:620} INFO - Processing file /home/airflow/.local/lib/python3.6/site-packages/airflow/example_dags/example_time_delta_sensor_async.py for tasks to queue
[2021-10-27 07:19:16,650] {logging_mixin.py:109} INFO - [2021-10-27 07:19:16,650] {dagbag.py:500} INFO - Filling up the DagBag from /home/airflow/.local/lib/python3.6/site-packages/airflow/example_dags/example_time_delta_sensor_async.py
[2021-10-27 07:19:16,696] {processor.py:632} INFO - DAG(s) dict_keys(['example_time_delta_sensor_async']) retrieved from /home/airflow/.local/lib/python3.6/site-packages/airflow/example_dags/example_time_delta_sensor_async.py
[2021-10-27 07:19:16,713] {logging_mixin.py:109} INFO - [2021-10-27 07:19:16,713] {dag.py:2389} INFO - Sync 1 DAGs
[2021-10-27 07:19:16,738] {logging_mixin.py:109} INFO - [2021-10-27 07:19:16,738] {dag.py:2914} INFO - Setting next_dagrun for example_time_delta_sensor_async to None
[2021-10-27 07:19:16,752] {processor.py:171} INFO - Processing /home/airflow/.local/lib/python3.6/site-packages/airflow/example_dags/example_time_delta_sensor_async.py took 0.109 seconds
[2021-10-27 07:19:47,663] {processor.py:163} INFO - Started process (PID=298) to work on /home/airflow/.local/lib/python3.6/site-packages/airflow/example_dags/example_time_delta_sensor_async.py
[2021-10-27 07:19:47,665] {processor.py:620} INFO - Processing file /home/airflow/.local/lib/python3.6/site-packages/airflow/example_dags/example_time_delta_sensor_async.py for tasks to queue
[2021-10-27 07:19:47,666] {logging_mixin.py:109} INFO - [2021-10-27 07:19:47,666] {dagbag.py:500} INFO - Filling up the DagBag from /home/airflow/.local/lib/python3.6/site-packages/airflow/example_dags/example_time_delta_sensor_async.py
[2021-10-27 07:19:47,707] {processor.py:632} INFO - DAG(s) dict_keys(['example_time_delta_sensor_async']) retrieved from /home/airflow/.local/lib/python3.6/site-packages/airflow/example_dags/example_time_delta_sensor_async.py
[2021-10-27 07:19:47,723] {logging_mixin.py:109} INFO - [2021-10-27 07:19:47,723] {dag.py:2389} INFO - Sync 1 DAGs
[2021-10-27 07:19:47,748] {logging_mixin.py:109} INFO - [2021-10-27 07:19:47,747] {dag.py:2914} INFO - Setting next_dagrun for example_time_delta_sensor_async to None
[2021-10-27 07:19:47,760] {processor.py:171} INFO - Processing /home/airflow/.local/lib/python3.6/site-packages/airflow/example_dags/example_time_delta_sensor_async.py took 0.101 seconds
[2021-10-27 07:20:17,999] {processor.py:163} INFO - Started process (PID=365) to work on /home/airflow/.local/lib/python3.6/site-packages/airflow/example_dags/example_time_delta_sensor_async.py
[2021-10-27 07:20:18,001] {processor.py:620} INFO - Processing file /home/airflow/.local/lib/python3.6/site-packages/airflow/example_dags/example_time_delta_sensor_async.py for tasks to queue
[2021-10-27 07:20:18,002] {logging_mixin.py:109} INFO - [2021-10-27 07:20:18,001] {dagbag.py:500} INFO - Filling up the DagBag from /home/airflow/.local/lib/python3.6/site-packages/airflow/example_dags/example_time_delta_sensor_async.py
[2021-10-27 07:20:18,027] {processor.py:632} INFO - DAG(s) dict_keys(['example_time_delta_sensor_async']) retrieved from /home/airflow/.local/lib/python3.6/site-packages/airflow/example_dags/example_time_delta_sensor_async.py
[2021-10-27 07:20:18,036] {logging_mixin.py:109} INFO - [2021-10-27 07:20:18,036] {dag.py:2389} INFO - Sync 1 DAGs
[2021-10-27 07:20:18,050] {logging_mixin.py:109} INFO - [2021-10-27 07:20:18,050] {dag.py:2914} INFO - Setting next_dagrun for example_time_delta_sensor_async to None
[2021-10-27 07:20:18,061] {processor.py:171} INFO - Processing /home/airflow/.local/lib/python3.6/site-packages/airflow/example_dags/example_time_delta_sensor_async.py took 0.065 seconds
[2021-10-27 07:20:48,189] {processor.py:163} INFO - Started process (PID=420) to work on /home/airflow/.local/lib/python3.6/site-packages/airflow/example_dags/example_time_delta_sensor_async.py
[2021-10-27 07:20:48,190] {processor.py:620} INFO - Processing file /home/airflow/.local/lib/python3.6/site-packages/airflow/example_dags/example_time_delta_sensor_async.py for tasks to queue
[2021-10-27 07:20:48,191] {logging_mixin.py:109} INFO - [2021-10-27 07:20:48,191] {dagbag.py:500} INFO - Filling up the DagBag from /home/airflow/.local/lib/python3.6/site-packages/airflow/example_dags/example_time_delta_sensor_async.py
[2021-10-27 07:20:48,215] {processor.py:632} INFO - DAG(s) dict_keys(['example_time_delta_sensor_async']) retrieved from /home/airflow/.local/lib/python3.6/site-packages/airflow/example_dags/example_time_delta_sensor_async.py
[2021-10-27 07:20:48,225] {logging_mixin.py:109} INFO - [2021-10-27 07:20:48,225] {dag.py:2389} INFO - Sync 1 DAGs
[2021-10-27 07:20:48,241] {logging_mixin.py:109} INFO - [2021-10-27 07:20:48,240] {dag.py:2914} INFO - Setting next_dagrun for example_time_delta_sensor_async to None
[2021-10-27 07:20:48,253] {processor.py:171} INFO - Processing /home/airflow/.local/lib/python3.6/site-packages/airflow/example_dags/example_time_delta_sensor_async.py took 0.068 seconds
[2021-10-27 07:21:18,803] {processor.py:163} INFO - Started process (PID=485) to work on /home/airflow/.local/lib/python3.6/site-packages/airflow/example_dags/example_time_delta_sensor_async.py
[2021-10-27 07:21:18,805] {processor.py:620} INFO - Processing file /home/airflow/.local/lib/python3.6/site-packages/airflow/example_dags/example_time_delta_sensor_async.py for tasks to queue
[2021-10-27 07:21:18,806] {logging_mixin.py:109} INFO - [2021-10-27 07:21:18,806] {dagbag.py:500} INFO - Filling up the DagBag from /home/airflow/.local/lib/python3.6/site-packages/airflow/example_dags/example_time_delta_sensor_async.py
[2021-10-27 07:21:18,836] {processor.py:632} INFO - DAG(s) dict_keys(['example_time_delta_sensor_async']) retrieved from /home/airflow/.local/lib/python3.6/site-packages/airflow/example_dags/example_time_delta_sensor_async.py
[2021-10-27 07:21:18,849] {logging_mixin.py:109} INFO - [2021-10-27 07:21:18,848] {dag.py:2389} INFO - Sync 1 DAGs
[2021-10-27 07:21:18,870] {logging_mixin.py:109} INFO - [2021-10-27 07:21:18,870] {dag.py:2914} INFO - Setting next_dagrun for example_time_delta_sensor_async to None
[2021-10-27 07:21:18,884] {processor.py:171} INFO - Processing /home/airflow/.local/lib/python3.6/site-packages/airflow/example_dags/example_time_delta_sensor_async.py took 0.084 seconds
[2021-10-27 07:21:49,140] {processor.py:163} INFO - Started process (PID=539) to work on /home/airflow/.local/lib/python3.6/site-packages/airflow/example_dags/example_time_delta_sensor_async.py
[2021-10-27 07:21:49,142] {processor.py:620} INFO - Processing file /home/airflow/.local/lib/python3.6/site-packages/airflow/example_dags/example_time_delta_sensor_async.py for tasks to queue
[2021-10-27 07:21:49,144] {logging_mixin.py:109} INFO - [2021-10-27 07:21:49,143] {dagbag.py:500} INFO - Filling up the DagBag from /home/airflow/.local/lib/python3.6/site-packages/airflow/example_dags/example_time_delta_sensor_async.py
[2021-10-27 07:21:49,170] {processor.py:632} INFO - DAG(s) dict_keys(['example_time_delta_sensor_async']) retrieved from /home/airflow/.local/lib/python3.6/site-packages/airflow/example_dags/example_time_delta_sensor_async.py
[2021-10-27 07:21:49,180] {logging_mixin.py:109} INFO - [2021-10-27 07:21:49,180] {dag.py:2389} INFO - Sync 1 DAGs
[2021-10-27 07:21:49,197] {logging_mixin.py:109} INFO - [2021-10-27 07:21:49,197] {dag.py:2914} INFO - Setting next_dagrun for example_time_delta_sensor_async to None
[2021-10-27 07:21:49,208] {processor.py:171} INFO - Processing /home/airflow/.local/lib/python3.6/site-packages/airflow/example_dags/example_time_delta_sensor_async.py took 0.070 seconds
[2021-10-27 07:22:19,869] {processor.py:163} INFO - Started process (PID=602) to work on /home/airflow/.local/lib/python3.6/site-packages/airflow/example_dags/example_time_delta_sensor_async.py
[2021-10-27 07:22:19,872] {processor.py:620} INFO - Processing file /home/airflow/.local/lib/python3.6/site-packages/airflow/example_dags/example_time_delta_sensor_async.py for tasks to queue
[2021-10-27 07:22:19,874] {logging_mixin.py:109} INFO - [2021-10-27 07:22:19,873] {dagbag.py:500} INFO - Filling up the DagBag from /home/airflow/.local/lib/python3.6/site-packages/airflow/example_dags/example_time_delta_sensor_async.py
[2021-10-27 07:22:19,911] {processor.py:632} INFO - DAG(s) dict_keys(['example_time_delta_sensor_async']) retrieved from /home/airflow/.local/lib/python3.6/site-packages/airflow/example_dags/example_time_delta_sensor_async.py
[2021-10-27 07:22:19,926] {logging_mixin.py:109} INFO - [2021-10-27 07:22:19,926] {dag.py:2389} INFO - Sync 1 DAGs
[2021-10-27 07:22:19,950] {logging_mixin.py:109} INFO - [2021-10-27 07:22:19,950] {dag.py:2914} INFO - Setting next_dagrun for example_time_delta_sensor_async to None
[2021-10-27 07:22:19,964] {processor.py:171} INFO - Processing /home/airflow/.local/lib/python3.6/site-packages/airflow/example_dags/example_time_delta_sensor_async.py took 0.101 seconds
[2021-10-27 07:22:51,146] {processor.py:163} INFO - Started process (PID=661) to work on /home/airflow/.local/lib/python3.6/site-packages/airflow/example_dags/example_time_delta_sensor_async.py
[2021-10-27 07:22:51,148] {processor.py:620} INFO - Processing file /home/airflow/.local/lib/python3.6/site-packages/airflow/example_dags/example_time_delta_sensor_async.py for tasks to queue
[2021-10-27 07:22:51,148] {logging_mixin.py:109} INFO - [2021-10-27 07:22:51,148] {dagbag.py:500} INFO - Filling up the DagBag from /home/airflow/.local/lib/python3.6/site-packages/airflow/example_dags/example_time_delta_sensor_async.py
[2021-10-27 07:22:51,175] {processor.py:632} INFO - DAG(s) dict_keys(['example_time_delta_sensor_async']) retrieved from /home/airflow/.local/lib/python3.6/site-packages/airflow/example_dags/example_time_delta_sensor_async.py
[2021-10-27 07:22:51,185] {logging_mixin.py:109} INFO - [2021-10-27 07:22:51,185] {dag.py:2389} INFO - Sync 1 DAGs
[2021-10-27 07:22:51,200] {logging_mixin.py:109} INFO - [2021-10-27 07:22:51,200] {dag.py:2914} INFO - Setting next_dagrun for example_time_delta_sensor_async to None
[2021-10-27 07:22:51,210] {processor.py:171} INFO - Processing /home/airflow/.local/lib/python3.6/site-packages/airflow/example_dags/example_time_delta_sensor_async.py took 0.067 seconds
[2021-10-27 07:23:22,383] {processor.py:163} INFO - Started process (PID=716) to work on /home/airflow/.local/lib/python3.6/site-packages/airflow/example_dags/example_time_delta_sensor_async.py
[2021-10-27 07:23:22,385] {processor.py:620} INFO - Processing file /home/airflow/.local/lib/python3.6/site-packages/airflow/example_dags/example_time_delta_sensor_async.py for tasks to queue
[2021-10-27 07:23:22,386] {logging_mixin.py:109} INFO - [2021-10-27 07:23:22,385] {dagbag.py:500} INFO - Filling up the DagBag from /home/airflow/.local/lib/python3.6/site-packages/airflow/example_dags/example_time_delta_sensor_async.py
[2021-10-27 07:23:22,412] {processor.py:632} INFO - DAG(s) dict_keys(['example_time_delta_sensor_async']) retrieved from /home/airflow/.local/lib/python3.6/site-packages/airflow/example_dags/example_time_delta_sensor_async.py
[2021-10-27 07:23:22,422] {logging_mixin.py:109} INFO - [2021-10-27 07:23:22,422] {dag.py:2389} INFO - Sync 1 DAGs
[2021-10-27 07:23:22,440] {logging_mixin.py:109} INFO - [2021-10-27 07:23:22,440] {dag.py:2914} INFO - Setting next_dagrun for example_time_delta_sensor_async to None
[2021-10-27 07:23:22,450] {processor.py:171} INFO - Processing /home/airflow/.local/lib/python3.6/site-packages/airflow/example_dags/example_time_delta_sensor_async.py took 0.070 seconds
[2021-10-27 07:23:53,135] {processor.py:163} INFO - Started process (PID=781) to work on /home/airflow/.local/lib/python3.6/site-packages/airflow/example_dags/example_time_delta_sensor_async.py
[2021-10-27 07:23:53,137] {processor.py:620} INFO - Processing file /home/airflow/.local/lib/python3.6/site-packages/airflow/example_dags/example_time_delta_sensor_async.py for tasks to queue
[2021-10-27 07:23:53,138] {logging_mixin.py:109} INFO - [2021-10-27 07:23:53,138] {dagbag.py:500} INFO - Filling up the DagBag from /home/airflow/.local/lib/python3.6/site-packages/airflow/example_dags/example_time_delta_sensor_async.py
[2021-10-27 07:23:53,173] {processor.py:632} INFO - DAG(s) dict_keys(['example_time_delta_sensor_async']) retrieved from /home/airflow/.local/lib/python3.6/site-packages/airflow/example_dags/example_time_delta_sensor_async.py
[2021-10-27 07:23:53,183] {logging_mixin.py:109} INFO - [2021-10-27 07:23:53,183] {dag.py:2389} INFO - Sync 1 DAGs
[2021-10-27 07:23:53,203] {logging_mixin.py:109} INFO - [2021-10-27 07:23:53,203] {dag.py:2914} INFO - Setting next_dagrun for example_time_delta_sensor_async to None
[2021-10-27 07:23:53,216] {processor.py:171} INFO - Processing /home/airflow/.local/lib/python3.6/site-packages/airflow/example_dags/example_time_delta_sensor_async.py took 0.085 seconds
[2021-10-27 07:24:23,924] {processor.py:163} INFO - Started process (PID=836) to work on /home/airflow/.local/lib/python3.6/site-packages/airflow/example_dags/example_time_delta_sensor_async.py
[2021-10-27 07:24:23,925] {processor.py:620} INFO - Processing file /home/airflow/.local/lib/python3.6/site-packages/airflow/example_dags/example_time_delta_sensor_async.py for tasks to queue
[2021-10-27 07:24:23,926] {logging_mixin.py:109} INFO - [2021-10-27 07:24:23,926] {dagbag.py:500} INFO - Filling up the DagBag from /home/airflow/.local/lib/python3.6/site-packages/airflow/example_dags/example_time_delta_sensor_async.py
[2021-10-27 07:24:23,953] {processor.py:632} INFO - DAG(s) dict_keys(['example_time_delta_sensor_async']) retrieved from /home/airflow/.local/lib/python3.6/site-packages/airflow/example_dags/example_time_delta_sensor_async.py
[2021-10-27 07:24:23,963] {logging_mixin.py:109} INFO - [2021-10-27 07:24:23,963] {dag.py:2389} INFO - Sync 1 DAGs
[2021-10-27 07:24:23,982] {logging_mixin.py:109} INFO - [2021-10-27 07:24:23,982] {dag.py:2914} INFO - Setting next_dagrun for example_time_delta_sensor_async to None
[2021-10-27 07:24:23,996] {processor.py:171} INFO - Processing /home/airflow/.local/lib/python3.6/site-packages/airflow/example_dags/example_time_delta_sensor_async.py took 0.075 seconds
[2021-10-27 07:24:54,613] {processor.py:163} INFO - Started process (PID=901) to work on /home/airflow/.local/lib/python3.6/site-packages/airflow/example_dags/example_time_delta_sensor_async.py
[2021-10-27 07:24:54,614] {processor.py:620} INFO - Processing file /home/airflow/.local/lib/python3.6/site-packages/airflow/example_dags/example_time_delta_sensor_async.py for tasks to queue
[2021-10-27 07:24:54,615] {logging_mixin.py:109} INFO - [2021-10-27 07:24:54,615] {dagbag.py:500} INFO - Filling up the DagBag from /home/airflow/.local/lib/python3.6/site-packages/airflow/example_dags/example_time_delta_sensor_async.py
[2021-10-27 07:24:54,640] {processor.py:632} INFO - DAG(s) dict_keys(['example_time_delta_sensor_async']) retrieved from /home/airflow/.local/lib/python3.6/site-packages/airflow/example_dags/example_time_delta_sensor_async.py
[2021-10-27 07:24:54,650] {logging_mixin.py:109} INFO - [2021-10-27 07:24:54,650] {dag.py:2389} INFO - Sync 1 DAGs
[2021-10-27 07:24:54,666] {logging_mixin.py:109} INFO - [2021-10-27 07:24:54,666] {dag.py:2914} INFO - Setting next_dagrun for example_time_delta_sensor_async to None
[2021-10-27 07:24:54,678] {processor.py:171} INFO - Processing /home/airflow/.local/lib/python3.6/site-packages/airflow/example_dags/example_time_delta_sensor_async.py took 0.069 seconds
[2021-10-27 07:25:25,063] {processor.py:163} INFO - Started process (PID=956) to work on /home/airflow/.local/lib/python3.6/site-packages/airflow/example_dags/example_time_delta_sensor_async.py
[2021-10-27 07:25:25,065] {processor.py:620} INFO - Processing file /home/airflow/.local/lib/python3.6/site-packages/airflow/example_dags/example_time_delta_sensor_async.py for tasks to queue
[2021-10-27 07:25:25,066] {logging_mixin.py:109} INFO - [2021-10-27 07:25:25,065] {dagbag.py:500} INFO - Filling up the DagBag from /home/airflow/.local/lib/python3.6/site-packages/airflow/example_dags/example_time_delta_sensor_async.py
[2021-10-27 07:25:25,097] {processor.py:632} INFO - DAG(s) dict_keys(['example_time_delta_sensor_async']) retrieved from /home/airflow/.local/lib/python3.6/site-packages/airflow/example_dags/example_time_delta_sensor_async.py
[2021-10-27 07:25:25,108] {logging_mixin.py:109} INFO - [2021-10-27 07:25:25,108] {dag.py:2389} INFO - Sync 1 DAGs
[2021-10-27 07:25:25,126] {logging_mixin.py:109} INFO - [2021-10-27 07:25:25,126] {dag.py:2914} INFO - Setting next_dagrun for example_time_delta_sensor_async to None
[2021-10-27 07:25:25,137] {processor.py:171} INFO - Processing /home/airflow/.local/lib/python3.6/site-packages/airflow/example_dags/example_time_delta_sensor_async.py took 0.077 seconds
[2021-10-27 07:25:55,858] {processor.py:163} INFO - Started process (PID=1023) to work on /home/airflow/.local/lib/python3.6/site-packages/airflow/example_dags/example_time_delta_sensor_async.py
[2021-10-27 07:25:55,860] {processor.py:620} INFO - Processing file /home/airflow/.local/lib/python3.6/site-packages/airflow/example_dags/example_time_delta_sensor_async.py for tasks to queue
[2021-10-27 07:25:55,861] {logging_mixin.py:109} INFO - [2021-10-27 07:25:55,861] {dagbag.py:500} INFO - Filling up the DagBag from /home/airflow/.local/lib/python3.6/site-packages/airflow/example_dags/example_time_delta_sensor_async.py
[2021-10-27 07:25:55,889] {processor.py:632} INFO - DAG(s) dict_keys(['example_time_delta_sensor_async']) retrieved from /home/airflow/.local/lib/python3.6/site-packages/airflow/example_dags/example_time_delta_sensor_async.py
[2021-10-27 07:25:55,900] {logging_mixin.py:109} INFO - [2021-10-27 07:25:55,900] {dag.py:2389} INFO - Sync 1 DAGs
[2021-10-27 07:25:55,915] {logging_mixin.py:109} INFO - [2021-10-27 07:25:55,915] {dag.py:2914} INFO - Setting next_dagrun for example_time_delta_sensor_async to None
[2021-10-27 07:25:55,926] {processor.py:171} INFO - Processing /home/airflow/.local/lib/python3.6/site-packages/airflow/example_dags/example_time_delta_sensor_async.py took 0.071 seconds
[2021-10-27 07:26:26,336] {processor.py:163} INFO - Started process (PID=1078) to work on /home/airflow/.local/lib/python3.6/site-packages/airflow/example_dags/example_time_delta_sensor_async.py
[2021-10-27 07:26:26,338] {processor.py:620} INFO - Processing file /home/airflow/.local/lib/python3.6/site-packages/airflow/example_dags/example_time_delta_sensor_async.py for tasks to queue
[2021-10-27 07:26:26,338] {logging_mixin.py:109} INFO - [2021-10-27 07:26:26,338] {dagbag.py:500} INFO - Filling up the DagBag from /home/airflow/.local/lib/python3.6/site-packages/airflow/example_dags/example_time_delta_sensor_async.py
[2021-10-27 07:26:26,367] {processor.py:632} INFO - DAG(s) dict_keys(['example_time_delta_sensor_async']) retrieved from /home/airflow/.local/lib/python3.6/site-packages/airflow/example_dags/example_time_delta_sensor_async.py
[2021-10-27 07:26:26,378] {logging_mixin.py:109} INFO - [2021-10-27 07:26:26,378] {dag.py:2389} INFO - Sync 1 DAGs
[2021-10-27 07:26:26,393] {logging_mixin.py:109} INFO - [2021-10-27 07:26:26,393] {dag.py:2914} INFO - Setting next_dagrun for example_time_delta_sensor_async to None
[2021-10-27 07:26:26,406] {processor.py:171} INFO - Processing /home/airflow/.local/lib/python3.6/site-packages/airflow/example_dags/example_time_delta_sensor_async.py took 0.072 seconds
[2021-10-27 07:28:05,785] {processor.py:163} INFO - Started process (PID=64) to work on /home/airflow/.local/lib/python3.6/site-packages/airflow/example_dags/example_time_delta_sensor_async.py
[2021-10-27 07:28:05,787] {processor.py:620} INFO - Processing file /home/airflow/.local/lib/python3.6/site-packages/airflow/example_dags/example_time_delta_sensor_async.py for tasks to queue
[2021-10-27 07:28:05,789] {logging_mixin.py:109} INFO - [2021-10-27 07:28:05,788] {dagbag.py:500} INFO - Filling up the DagBag from /home/airflow/.local/lib/python3.6/site-packages/airflow/example_dags/example_time_delta_sensor_async.py
[2021-10-27 07:28:05,827] {processor.py:632} INFO - DAG(s) dict_keys(['example_time_delta_sensor_async']) retrieved from /home/airflow/.local/lib/python3.6/site-packages/airflow/example_dags/example_time_delta_sensor_async.py
[2021-10-27 07:28:05,841] {logging_mixin.py:109} INFO - [2021-10-27 07:28:05,841] {dag.py:2389} INFO - Sync 1 DAGs
[2021-10-27 07:28:05,864] {logging_mixin.py:109} INFO - [2021-10-27 07:28:05,864] {dag.py:2914} INFO - Setting next_dagrun for example_time_delta_sensor_async to None
[2021-10-27 07:28:05,878] {processor.py:171} INFO - Processing /home/airflow/.local/lib/python3.6/site-packages/airflow/example_dags/example_time_delta_sensor_async.py took 0.097 seconds
[2021-10-27 07:28:36,440] {processor.py:163} INFO - Started process (PID=130) to work on /home/airflow/.local/lib/python3.6/site-packages/airflow/example_dags/example_time_delta_sensor_async.py
[2021-10-27 07:28:36,441] {processor.py:620} INFO - Processing file /home/airflow/.local/lib/python3.6/site-packages/airflow/example_dags/example_time_delta_sensor_async.py for tasks to queue
[2021-10-27 07:28:36,442] {logging_mixin.py:109} INFO - [2021-10-27 07:28:36,442] {dagbag.py:500} INFO - Filling up the DagBag from /home/airflow/.local/lib/python3.6/site-packages/airflow/example_dags/example_time_delta_sensor_async.py
[2021-10-27 07:28:36,470] {processor.py:632} INFO - DAG(s) dict_keys(['example_time_delta_sensor_async']) retrieved from /home/airflow/.local/lib/python3.6/site-packages/airflow/example_dags/example_time_delta_sensor_async.py
[2021-10-27 07:28:36,480] {logging_mixin.py:109} INFO - [2021-10-27 07:28:36,480] {dag.py:2389} INFO - Sync 1 DAGs
[2021-10-27 07:28:36,503] {logging_mixin.py:109} INFO - [2021-10-27 07:28:36,503] {dag.py:2914} INFO - Setting next_dagrun for example_time_delta_sensor_async to None
[2021-10-27 07:28:36,514] {processor.py:171} INFO - Processing /home/airflow/.local/lib/python3.6/site-packages/airflow/example_dags/example_time_delta_sensor_async.py took 0.078 seconds
[2021-10-27 07:29:07,507] {processor.py:163} INFO - Started process (PID=185) to work on /home/airflow/.local/lib/python3.6/site-packages/airflow/example_dags/example_time_delta_sensor_async.py
[2021-10-27 07:29:07,508] {processor.py:620} INFO - Processing file /home/airflow/.local/lib/python3.6/site-packages/airflow/example_dags/example_time_delta_sensor_async.py for tasks to queue
[2021-10-27 07:29:07,509] {logging_mixin.py:109} INFO - [2021-10-27 07:29:07,509] {dagbag.py:500} INFO - Filling up the DagBag from /home/airflow/.local/lib/python3.6/site-packages/airflow/example_dags/example_time_delta_sensor_async.py
[2021-10-27 07:29:07,554] {processor.py:632} INFO - DAG(s) dict_keys(['example_time_delta_sensor_async']) retrieved from /home/airflow/.local/lib/python3.6/site-packages/airflow/example_dags/example_time_delta_sensor_async.py
[2021-10-27 07:29:07,572] {logging_mixin.py:109} INFO - [2021-10-27 07:29:07,572] {dag.py:2389} INFO - Sync 1 DAGs
[2021-10-27 07:29:07,600] {logging_mixin.py:109} INFO - [2021-10-27 07:29:07,600] {dag.py:2914} INFO - Setting next_dagrun for example_time_delta_sensor_async to None
[2021-10-27 07:29:07,617] {processor.py:171} INFO - Processing /home/airflow/.local/lib/python3.6/site-packages/airflow/example_dags/example_time_delta_sensor_async.py took 0.115 seconds
[2021-10-27 07:29:37,984] {processor.py:163} INFO - Started process (PID=251) to work on /home/airflow/.local/lib/python3.6/site-packages/airflow/example_dags/example_time_delta_sensor_async.py
[2021-10-27 07:29:37,986] {processor.py:620} INFO - Processing file /home/airflow/.local/lib/python3.6/site-packages/airflow/example_dags/example_time_delta_sensor_async.py for tasks to queue
[2021-10-27 07:29:37,986] {logging_mixin.py:109} INFO - [2021-10-27 07:29:37,986] {dagbag.py:500} INFO - Filling up the DagBag from /home/airflow/.local/lib/python3.6/site-packages/airflow/example_dags/example_time_delta_sensor_async.py
[2021-10-27 07:29:38,010] {processor.py:632} INFO - DAG(s) dict_keys(['example_time_delta_sensor_async']) retrieved from /home/airflow/.local/lib/python3.6/site-packages/airflow/example_dags/example_time_delta_sensor_async.py
[2021-10-27 07:29:38,020] {logging_mixin.py:109} INFO - [2021-10-27 07:29:38,020] {dag.py:2389} INFO - Sync 1 DAGs
[2021-10-27 07:29:38,037] {logging_mixin.py:109} INFO - [2021-10-27 07:29:38,037] {dag.py:2914} INFO - Setting next_dagrun for example_time_delta_sensor_async to None
[2021-10-27 07:29:38,046] {processor.py:171} INFO - Processing /home/airflow/.local/lib/python3.6/site-packages/airflow/example_dags/example_time_delta_sensor_async.py took 0.065 seconds
[2021-10-27 07:30:08,782] {processor.py:163} INFO - Started process (PID=307) to work on /home/airflow/.local/lib/python3.6/site-packages/airflow/example_dags/example_time_delta_sensor_async.py
[2021-10-27 07:30:08,783] {processor.py:620} INFO - Processing file /home/airflow/.local/lib/python3.6/site-packages/airflow/example_dags/example_time_delta_sensor_async.py for tasks to queue
[2021-10-27 07:30:08,785] {logging_mixin.py:109} INFO - [2021-10-27 07:30:08,784] {dagbag.py:500} INFO - Filling up the DagBag from /home/airflow/.local/lib/python3.6/site-packages/airflow/example_dags/example_time_delta_sensor_async.py
[2021-10-27 07:30:08,811] {processor.py:632} INFO - DAG(s) dict_keys(['example_time_delta_sensor_async']) retrieved from /home/airflow/.local/lib/python3.6/site-packages/airflow/example_dags/example_time_delta_sensor_async.py
[2021-10-27 07:30:08,821] {logging_mixin.py:109} INFO - [2021-10-27 07:30:08,821] {dag.py:2389} INFO - Sync 1 DAGs
[2021-10-27 07:30:08,837] {logging_mixin.py:109} INFO - [2021-10-27 07:30:08,837] {dag.py:2914} INFO - Setting next_dagrun for example_time_delta_sensor_async to None
[2021-10-27 07:30:08,849] {processor.py:171} INFO - Processing /home/airflow/.local/lib/python3.6/site-packages/airflow/example_dags/example_time_delta_sensor_async.py took 0.071 seconds
[2021-10-27 07:30:39,696] {processor.py:163} INFO - Started process (PID=371) to work on /home/airflow/.local/lib/python3.6/site-packages/airflow/example_dags/example_time_delta_sensor_async.py
[2021-10-27 07:30:39,697] {processor.py:620} INFO - Processing file /home/airflow/.local/lib/python3.6/site-packages/airflow/example_dags/example_time_delta_sensor_async.py for tasks to queue
[2021-10-27 07:30:39,698] {logging_mixin.py:109} INFO - [2021-10-27 07:30:39,698] {dagbag.py:500} INFO - Filling up the DagBag from /home/airflow/.local/lib/python3.6/site-packages/airflow/example_dags/example_time_delta_sensor_async.py
[2021-10-27 07:30:39,742] {processor.py:632} INFO - DAG(s) dict_keys(['example_time_delta_sensor_async']) retrieved from /home/airflow/.local/lib/python3.6/site-packages/airflow/example_dags/example_time_delta_sensor_async.py
[2021-10-27 07:30:39,758] {logging_mixin.py:109} INFO - [2021-10-27 07:30:39,758] {dag.py:2389} INFO - Sync 1 DAGs
[2021-10-27 07:30:39,783] {logging_mixin.py:109} INFO - [2021-10-27 07:30:39,783] {dag.py:2914} INFO - Setting next_dagrun for example_time_delta_sensor_async to None
[2021-10-27 07:30:39,798] {processor.py:171} INFO - Processing /home/airflow/.local/lib/python3.6/site-packages/airflow/example_dags/example_time_delta_sensor_async.py took 0.107 seconds
[2021-10-27 07:31:10,549] {processor.py:163} INFO - Started process (PID=426) to work on /home/airflow/.local/lib/python3.6/site-packages/airflow/example_dags/example_time_delta_sensor_async.py
[2021-10-27 07:31:10,551] {processor.py:620} INFO - Processing file /home/airflow/.local/lib/python3.6/site-packages/airflow/example_dags/example_time_delta_sensor_async.py for tasks to queue
[2021-10-27 07:31:10,552] {logging_mixin.py:109} INFO - [2021-10-27 07:31:10,552] {dagbag.py:500} INFO - Filling up the DagBag from /home/airflow/.local/lib/python3.6/site-packages/airflow/example_dags/example_time_delta_sensor_async.py
[2021-10-27 07:31:10,582] {processor.py:632} INFO - DAG(s) dict_keys(['example_time_delta_sensor_async']) retrieved from /home/airflow/.local/lib/python3.6/site-packages/airflow/example_dags/example_time_delta_sensor_async.py
[2021-10-27 07:31:10,595] {logging_mixin.py:109} INFO - [2021-10-27 07:31:10,595] {dag.py:2389} INFO - Sync 1 DAGs
[2021-10-27 07:31:10,614] {logging_mixin.py:109} INFO - [2021-10-27 07:31:10,614] {dag.py:2914} INFO - Setting next_dagrun for example_time_delta_sensor_async to None
[2021-10-27 07:31:10,625] {processor.py:171} INFO - Processing /home/airflow/.local/lib/python3.6/site-packages/airflow/example_dags/example_time_delta_sensor_async.py took 0.080 seconds
[2021-10-27 07:31:41,088] {processor.py:163} INFO - Started process (PID=480) to work on /home/airflow/.local/lib/python3.6/site-packages/airflow/example_dags/example_time_delta_sensor_async.py
[2021-10-27 07:31:41,089] {processor.py:620} INFO - Processing file /home/airflow/.local/lib/python3.6/site-packages/airflow/example_dags/example_time_delta_sensor_async.py for tasks to queue
[2021-10-27 07:31:41,090] {logging_mixin.py:109} INFO - [2021-10-27 07:31:41,090] {dagbag.py:500} INFO - Filling up the DagBag from /home/airflow/.local/lib/python3.6/site-packages/airflow/example_dags/example_time_delta_sensor_async.py
[2021-10-27 07:31:41,175] {processor.py:632} INFO - DAG(s) dict_keys(['example_time_delta_sensor_async']) retrieved from /home/airflow/.local/lib/python3.6/site-packages/airflow/example_dags/example_time_delta_sensor_async.py
[2021-10-27 07:31:41,188] {logging_mixin.py:109} INFO - [2021-10-27 07:31:41,187] {dag.py:2389} INFO - Sync 1 DAGs
[2021-10-27 07:31:41,214] {logging_mixin.py:109} INFO - [2021-10-27 07:31:41,214] {dag.py:2914} INFO - Setting next_dagrun for example_time_delta_sensor_async to None
[2021-10-27 07:31:41,228] {processor.py:171} INFO - Processing /home/airflow/.local/lib/python3.6/site-packages/airflow/example_dags/example_time_delta_sensor_async.py took 0.144 seconds
[2021-10-27 07:32:11,432] {processor.py:163} INFO - Started process (PID=545) to work on /home/airflow/.local/lib/python3.6/site-packages/airflow/example_dags/example_time_delta_sensor_async.py
[2021-10-27 07:32:11,433] {processor.py:620} INFO - Processing file /home/airflow/.local/lib/python3.6/site-packages/airflow/example_dags/example_time_delta_sensor_async.py for tasks to queue
[2021-10-27 07:32:11,434] {logging_mixin.py:109} INFO - [2021-10-27 07:32:11,434] {dagbag.py:500} INFO - Filling up the DagBag from /home/airflow/.local/lib/python3.6/site-packages/airflow/example_dags/example_time_delta_sensor_async.py
[2021-10-27 07:32:11,461] {processor.py:632} INFO - DAG(s) dict_keys(['example_time_delta_sensor_async']) retrieved from /home/airflow/.local/lib/python3.6/site-packages/airflow/example_dags/example_time_delta_sensor_async.py
[2021-10-27 07:32:11,473] {logging_mixin.py:109} INFO - [2021-10-27 07:32:11,473] {dag.py:2389} INFO - Sync 1 DAGs
[2021-10-27 07:32:11,491] {logging_mixin.py:109} INFO - [2021-10-27 07:32:11,491] {dag.py:2914} INFO - Setting next_dagrun for example_time_delta_sensor_async to None
[2021-10-27 07:32:11,503] {processor.py:171} INFO - Processing /home/airflow/.local/lib/python3.6/site-packages/airflow/example_dags/example_time_delta_sensor_async.py took 0.074 seconds
[2021-10-27 07:32:42,192] {processor.py:163} INFO - Started process (PID=600) to work on /home/airflow/.local/lib/python3.6/site-packages/airflow/example_dags/example_time_delta_sensor_async.py
[2021-10-27 07:32:42,194] {processor.py:620} INFO - Processing file /home/airflow/.local/lib/python3.6/site-packages/airflow/example_dags/example_time_delta_sensor_async.py for tasks to queue
[2021-10-27 07:32:42,195] {logging_mixin.py:109} INFO - [2021-10-27 07:32:42,195] {dagbag.py:500} INFO - Filling up the DagBag from /home/airflow/.local/lib/python3.6/site-packages/airflow/example_dags/example_time_delta_sensor_async.py
[2021-10-27 07:32:42,221] {processor.py:632} INFO - DAG(s) dict_keys(['example_time_delta_sensor_async']) retrieved from /home/airflow/.local/lib/python3.6/site-packages/airflow/example_dags/example_time_delta_sensor_async.py
[2021-10-27 07:32:42,231] {logging_mixin.py:109} INFO - [2021-10-27 07:32:42,231] {dag.py:2389} INFO - Sync 1 DAGs
[2021-10-27 07:32:42,247] {logging_mixin.py:109} INFO - [2021-10-27 07:32:42,247] {dag.py:2914} INFO - Setting next_dagrun for example_time_delta_sensor_async to None
[2021-10-27 07:32:42,259] {processor.py:171} INFO - Processing /home/airflow/.local/lib/python3.6/site-packages/airflow/example_dags/example_time_delta_sensor_async.py took 0.071 seconds
[2021-10-27 07:33:13,137] {processor.py:163} INFO - Started process (PID=667) to work on /home/airflow/.local/lib/python3.6/site-packages/airflow/example_dags/example_time_delta_sensor_async.py
[2021-10-27 07:33:13,139] {processor.py:620} INFO - Processing file /home/airflow/.local/lib/python3.6/site-packages/airflow/example_dags/example_time_delta_sensor_async.py for tasks to queue
[2021-10-27 07:33:13,139] {logging_mixin.py:109} INFO - [2021-10-27 07:33:13,139] {dagbag.py:500} INFO - Filling up the DagBag from /home/airflow/.local/lib/python3.6/site-packages/airflow/example_dags/example_time_delta_sensor_async.py
[2021-10-27 07:33:13,172] {processor.py:632} INFO - DAG(s) dict_keys(['example_time_delta_sensor_async']) retrieved from /home/airflow/.local/lib/python3.6/site-packages/airflow/example_dags/example_time_delta_sensor_async.py
[2021-10-27 07:33:13,183] {logging_mixin.py:109} INFO - [2021-10-27 07:33:13,183] {dag.py:2389} INFO - Sync 1 DAGs
[2021-10-27 07:33:13,200] {logging_mixin.py:109} INFO - [2021-10-27 07:33:13,200] {dag.py:2914} INFO - Setting next_dagrun for example_time_delta_sensor_async to None
[2021-10-27 07:33:13,213] {processor.py:171} INFO - Processing /home/airflow/.local/lib/python3.6/site-packages/airflow/example_dags/example_time_delta_sensor_async.py took 0.079 seconds
[2021-10-27 07:33:44,071] {processor.py:163} INFO - Started process (PID=722) to work on /home/airflow/.local/lib/python3.6/site-packages/airflow/example_dags/example_time_delta_sensor_async.py
[2021-10-27 07:33:44,072] {processor.py:620} INFO - Processing file /home/airflow/.local/lib/python3.6/site-packages/airflow/example_dags/example_time_delta_sensor_async.py for tasks to queue
[2021-10-27 07:33:44,073] {logging_mixin.py:109} INFO - [2021-10-27 07:33:44,073] {dagbag.py:500} INFO - Filling up the DagBag from /home/airflow/.local/lib/python3.6/site-packages/airflow/example_dags/example_time_delta_sensor_async.py
[2021-10-27 07:33:44,101] {processor.py:632} INFO - DAG(s) dict_keys(['example_time_delta_sensor_async']) retrieved from /home/airflow/.local/lib/python3.6/site-packages/airflow/example_dags/example_time_delta_sensor_async.py
[2021-10-27 07:33:44,112] {logging_mixin.py:109} INFO - [2021-10-27 07:33:44,112] {dag.py:2389} INFO - Sync 1 DAGs
[2021-10-27 07:33:44,131] {logging_mixin.py:109} INFO - [2021-10-27 07:33:44,131] {dag.py:2914} INFO - Setting next_dagrun for example_time_delta_sensor_async to None
[2021-10-27 07:33:44,143] {processor.py:171} INFO - Processing /home/airflow/.local/lib/python3.6/site-packages/airflow/example_dags/example_time_delta_sensor_async.py took 0.075 seconds
[2021-10-27 07:34:14,739] {processor.py:163} INFO - Started process (PID=787) to work on /home/airflow/.local/lib/python3.6/site-packages/airflow/example_dags/example_time_delta_sensor_async.py
[2021-10-27 07:34:14,740] {processor.py:620} INFO - Processing file /home/airflow/.local/lib/python3.6/site-packages/airflow/example_dags/example_time_delta_sensor_async.py for tasks to queue
[2021-10-27 07:34:14,741] {logging_mixin.py:109} INFO - [2021-10-27 07:34:14,741] {dagbag.py:500} INFO - Filling up the DagBag from /home/airflow/.local/lib/python3.6/site-packages/airflow/example_dags/example_time_delta_sensor_async.py
[2021-10-27 07:34:14,767] {processor.py:632} INFO - DAG(s) dict_keys(['example_time_delta_sensor_async']) retrieved from /home/airflow/.local/lib/python3.6/site-packages/airflow/example_dags/example_time_delta_sensor_async.py
[2021-10-27 07:34:14,778] {logging_mixin.py:109} INFO - [2021-10-27 07:34:14,777] {dag.py:2389} INFO - Sync 1 DAGs
[2021-10-27 07:34:14,793] {logging_mixin.py:109} INFO - [2021-10-27 07:34:14,793] {dag.py:2914} INFO - Setting next_dagrun for example_time_delta_sensor_async to None
[2021-10-27 07:34:14,804] {processor.py:171} INFO - Processing /home/airflow/.local/lib/python3.6/site-packages/airflow/example_dags/example_time_delta_sensor_async.py took 0.068 seconds
[2021-10-27 07:34:45,485] {processor.py:163} INFO - Started process (PID=842) to work on /home/airflow/.local/lib/python3.6/site-packages/airflow/example_dags/example_time_delta_sensor_async.py
[2021-10-27 07:34:45,486] {processor.py:620} INFO - Processing file /home/airflow/.local/lib/python3.6/site-packages/airflow/example_dags/example_time_delta_sensor_async.py for tasks to queue
[2021-10-27 07:34:45,487] {logging_mixin.py:109} INFO - [2021-10-27 07:34:45,487] {dagbag.py:500} INFO - Filling up the DagBag from /home/airflow/.local/lib/python3.6/site-packages/airflow/example_dags/example_time_delta_sensor_async.py
[2021-10-27 07:34:45,515] {processor.py:632} INFO - DAG(s) dict_keys(['example_time_delta_sensor_async']) retrieved from /home/airflow/.local/lib/python3.6/site-packages/airflow/example_dags/example_time_delta_sensor_async.py
[2021-10-27 07:34:45,530] {logging_mixin.py:109} INFO - [2021-10-27 07:34:45,530] {dag.py:2389} INFO - Sync 1 DAGs
[2021-10-27 07:34:45,550] {logging_mixin.py:109} INFO - [2021-10-27 07:34:45,550] {dag.py:2914} INFO - Setting next_dagrun for example_time_delta_sensor_async to None
[2021-10-27 07:34:45,561] {processor.py:171} INFO - Processing /home/airflow/.local/lib/python3.6/site-packages/airflow/example_dags/example_time_delta_sensor_async.py took 0.080 seconds
[2021-10-27 07:35:15,681] {processor.py:163} INFO - Started process (PID=908) to work on /home/airflow/.local/lib/python3.6/site-packages/airflow/example_dags/example_time_delta_sensor_async.py
[2021-10-27 07:35:15,682] {processor.py:620} INFO - Processing file /home/airflow/.local/lib/python3.6/site-packages/airflow/example_dags/example_time_delta_sensor_async.py for tasks to queue
[2021-10-27 07:35:15,683] {logging_mixin.py:109} INFO - [2021-10-27 07:35:15,683] {dagbag.py:500} INFO - Filling up the DagBag from /home/airflow/.local/lib/python3.6/site-packages/airflow/example_dags/example_time_delta_sensor_async.py
[2021-10-27 07:35:15,709] {processor.py:632} INFO - DAG(s) dict_keys(['example_time_delta_sensor_async']) retrieved from /home/airflow/.local/lib/python3.6/site-packages/airflow/example_dags/example_time_delta_sensor_async.py
[2021-10-27 07:35:15,719] {logging_mixin.py:109} INFO - [2021-10-27 07:35:15,719] {dag.py:2389} INFO - Sync 1 DAGs
[2021-10-27 07:35:15,735] {logging_mixin.py:109} INFO - [2021-10-27 07:35:15,735] {dag.py:2914} INFO - Setting next_dagrun for example_time_delta_sensor_async to None
[2021-10-27 07:35:15,745] {processor.py:171} INFO - Processing /home/airflow/.local/lib/python3.6/site-packages/airflow/example_dags/example_time_delta_sensor_async.py took 0.067 seconds
[2021-10-27 07:35:46,003] {processor.py:163} INFO - Started process (PID=963) to work on /home/airflow/.local/lib/python3.6/site-packages/airflow/example_dags/example_time_delta_sensor_async.py
[2021-10-27 07:35:46,004] {processor.py:620} INFO - Processing file /home/airflow/.local/lib/python3.6/site-packages/airflow/example_dags/example_time_delta_sensor_async.py for tasks to queue
[2021-10-27 07:35:46,005] {logging_mixin.py:109} INFO - [2021-10-27 07:35:46,005] {dagbag.py:500} INFO - Filling up the DagBag from /home/airflow/.local/lib/python3.6/site-packages/airflow/example_dags/example_time_delta_sensor_async.py
[2021-10-27 07:35:46,030] {processor.py:632} INFO - DAG(s) dict_keys(['example_time_delta_sensor_async']) retrieved from /home/airflow/.local/lib/python3.6/site-packages/airflow/example_dags/example_time_delta_sensor_async.py
[2021-10-27 07:35:46,040] {logging_mixin.py:109} INFO - [2021-10-27 07:35:46,040] {dag.py:2389} INFO - Sync 1 DAGs
[2021-10-27 07:35:46,058] {logging_mixin.py:109} INFO - [2021-10-27 07:35:46,058] {dag.py:2914} INFO - Setting next_dagrun for example_time_delta_sensor_async to None
[2021-10-27 07:35:46,069] {processor.py:171} INFO - Processing /home/airflow/.local/lib/python3.6/site-packages/airflow/example_dags/example_time_delta_sensor_async.py took 0.070 seconds
[2021-10-27 07:36:18,354] {processor.py:163} INFO - Started process (PID=1028) to work on /home/airflow/.local/lib/python3.6/site-packages/airflow/example_dags/example_time_delta_sensor_async.py
[2021-10-27 07:36:18,363] {processor.py:620} INFO - Processing file /home/airflow/.local/lib/python3.6/site-packages/airflow/example_dags/example_time_delta_sensor_async.py for tasks to queue
[2021-10-27 07:36:18,378] {logging_mixin.py:109} INFO - [2021-10-27 07:36:18,378] {dagbag.py:500} INFO - Filling up the DagBag from /home/airflow/.local/lib/python3.6/site-packages/airflow/example_dags/example_time_delta_sensor_async.py
[2021-10-27 07:36:18,484] {processor.py:632} INFO - DAG(s) dict_keys(['example_time_delta_sensor_async']) retrieved from /home/airflow/.local/lib/python3.6/site-packages/airflow/example_dags/example_time_delta_sensor_async.py
[2021-10-27 07:36:18,524] {logging_mixin.py:109} INFO - [2021-10-27 07:36:18,524] {dag.py:2389} INFO - Sync 1 DAGs
[2021-10-27 07:36:18,580] {logging_mixin.py:109} INFO - [2021-10-27 07:36:18,580] {dag.py:2914} INFO - Setting next_dagrun for example_time_delta_sensor_async to None
[2021-10-27 07:36:18,610] {processor.py:171} INFO - Processing /home/airflow/.local/lib/python3.6/site-packages/airflow/example_dags/example_time_delta_sensor_async.py took 0.267 seconds
[2021-10-27 07:36:48,775] {processor.py:163} INFO - Started process (PID=1085) to work on /home/airflow/.local/lib/python3.6/site-packages/airflow/example_dags/example_time_delta_sensor_async.py
[2021-10-27 07:36:48,777] {processor.py:620} INFO - Processing file /home/airflow/.local/lib/python3.6/site-packages/airflow/example_dags/example_time_delta_sensor_async.py for tasks to queue
[2021-10-27 07:36:48,778] {logging_mixin.py:109} INFO - [2021-10-27 07:36:48,778] {dagbag.py:500} INFO - Filling up the DagBag from /home/airflow/.local/lib/python3.6/site-packages/airflow/example_dags/example_time_delta_sensor_async.py
[2021-10-27 07:36:48,807] {processor.py:632} INFO - DAG(s) dict_keys(['example_time_delta_sensor_async']) retrieved from /home/airflow/.local/lib/python3.6/site-packages/airflow/example_dags/example_time_delta_sensor_async.py
[2021-10-27 07:36:48,819] {logging_mixin.py:109} INFO - [2021-10-27 07:36:48,818] {dag.py:2389} INFO - Sync 1 DAGs
[2021-10-27 07:36:48,836] {logging_mixin.py:109} INFO - [2021-10-27 07:36:48,836] {dag.py:2914} INFO - Setting next_dagrun for example_time_delta_sensor_async to None
[2021-10-27 07:36:48,847] {processor.py:171} INFO - Processing /home/airflow/.local/lib/python3.6/site-packages/airflow/example_dags/example_time_delta_sensor_async.py took 0.075 seconds
[2021-10-27 07:37:19,318] {processor.py:163} INFO - Started process (PID=1151) to work on /home/airflow/.local/lib/python3.6/site-packages/airflow/example_dags/example_time_delta_sensor_async.py
[2021-10-27 07:37:19,319] {processor.py:620} INFO - Processing file /home/airflow/.local/lib/python3.6/site-packages/airflow/example_dags/example_time_delta_sensor_async.py for tasks to queue
[2021-10-27 07:37:19,320] {logging_mixin.py:109} INFO - [2021-10-27 07:37:19,320] {dagbag.py:500} INFO - Filling up the DagBag from /home/airflow/.local/lib/python3.6/site-packages/airflow/example_dags/example_time_delta_sensor_async.py
[2021-10-27 07:37:19,347] {processor.py:632} INFO - DAG(s) dict_keys(['example_time_delta_sensor_async']) retrieved from /home/airflow/.local/lib/python3.6/site-packages/airflow/example_dags/example_time_delta_sensor_async.py
[2021-10-27 07:37:19,356] {logging_mixin.py:109} INFO - [2021-10-27 07:37:19,356] {dag.py:2389} INFO - Sync 1 DAGs
[2021-10-27 07:37:19,376] {logging_mixin.py:109} INFO - [2021-10-27 07:37:19,376] {dag.py:2914} INFO - Setting next_dagrun for example_time_delta_sensor_async to None
[2021-10-27 07:37:19,388] {processor.py:171} INFO - Processing /home/airflow/.local/lib/python3.6/site-packages/airflow/example_dags/example_time_delta_sensor_async.py took 0.073 seconds
[2021-10-27 07:37:49,818] {processor.py:163} INFO - Started process (PID=1207) to work on /home/airflow/.local/lib/python3.6/site-packages/airflow/example_dags/example_time_delta_sensor_async.py
[2021-10-27 07:37:49,819] {processor.py:620} INFO - Processing file /home/airflow/.local/lib/python3.6/site-packages/airflow/example_dags/example_time_delta_sensor_async.py for tasks to queue
[2021-10-27 07:37:49,820] {logging_mixin.py:109} INFO - [2021-10-27 07:37:49,820] {dagbag.py:500} INFO - Filling up the DagBag from /home/airflow/.local/lib/python3.6/site-packages/airflow/example_dags/example_time_delta_sensor_async.py
[2021-10-27 07:37:49,846] {processor.py:632} INFO - DAG(s) dict_keys(['example_time_delta_sensor_async']) retrieved from /home/airflow/.local/lib/python3.6/site-packages/airflow/example_dags/example_time_delta_sensor_async.py
[2021-10-27 07:37:49,857] {logging_mixin.py:109} INFO - [2021-10-27 07:37:49,857] {dag.py:2389} INFO - Sync 1 DAGs
[2021-10-27 07:37:49,873] {logging_mixin.py:109} INFO - [2021-10-27 07:37:49,873] {dag.py:2914} INFO - Setting next_dagrun for example_time_delta_sensor_async to None
[2021-10-27 07:37:49,885] {processor.py:171} INFO - Processing /home/airflow/.local/lib/python3.6/site-packages/airflow/example_dags/example_time_delta_sensor_async.py took 0.070 seconds
[2021-10-27 07:38:20,467] {processor.py:163} INFO - Started process (PID=1272) to work on /home/airflow/.local/lib/python3.6/site-packages/airflow/example_dags/example_time_delta_sensor_async.py
[2021-10-27 07:38:20,468] {processor.py:620} INFO - Processing file /home/airflow/.local/lib/python3.6/site-packages/airflow/example_dags/example_time_delta_sensor_async.py for tasks to queue
[2021-10-27 07:38:20,469] {logging_mixin.py:109} INFO - [2021-10-27 07:38:20,469] {dagbag.py:500} INFO - Filling up the DagBag from /home/airflow/.local/lib/python3.6/site-packages/airflow/example_dags/example_time_delta_sensor_async.py
[2021-10-27 07:38:20,497] {processor.py:632} INFO - DAG(s) dict_keys(['example_time_delta_sensor_async']) retrieved from /home/airflow/.local/lib/python3.6/site-packages/airflow/example_dags/example_time_delta_sensor_async.py
[2021-10-27 07:38:20,507] {logging_mixin.py:109} INFO - [2021-10-27 07:38:20,506] {dag.py:2389} INFO - Sync 1 DAGs
[2021-10-27 07:38:20,523] {logging_mixin.py:109} INFO - [2021-10-27 07:38:20,522] {dag.py:2914} INFO - Setting next_dagrun for example_time_delta_sensor_async to None
[2021-10-27 07:38:20,533] {processor.py:171} INFO - Processing /home/airflow/.local/lib/python3.6/site-packages/airflow/example_dags/example_time_delta_sensor_async.py took 0.069 seconds
[2021-10-27 07:38:50,974] {processor.py:163} INFO - Started process (PID=1329) to work on /home/airflow/.local/lib/python3.6/site-packages/airflow/example_dags/example_time_delta_sensor_async.py
[2021-10-27 07:38:50,975] {processor.py:620} INFO - Processing file /home/airflow/.local/lib/python3.6/site-packages/airflow/example_dags/example_time_delta_sensor_async.py for tasks to queue
[2021-10-27 07:38:50,976] {logging_mixin.py:109} INFO - [2021-10-27 07:38:50,976] {dagbag.py:500} INFO - Filling up the DagBag from /home/airflow/.local/lib/python3.6/site-packages/airflow/example_dags/example_time_delta_sensor_async.py
[2021-10-27 07:38:51,001] {processor.py:632} INFO - DAG(s) dict_keys(['example_time_delta_sensor_async']) retrieved from /home/airflow/.local/lib/python3.6/site-packages/airflow/example_dags/example_time_delta_sensor_async.py
[2021-10-27 07:38:51,011] {logging_mixin.py:109} INFO - [2021-10-27 07:38:51,011] {dag.py:2389} INFO - Sync 1 DAGs
[2021-10-27 07:38:51,027] {logging_mixin.py:109} INFO - [2021-10-27 07:38:51,027] {dag.py:2914} INFO - Setting next_dagrun for example_time_delta_sensor_async to None
[2021-10-27 07:38:51,038] {processor.py:171} INFO - Processing /home/airflow/.local/lib/python3.6/site-packages/airflow/example_dags/example_time_delta_sensor_async.py took 0.068 seconds
[2021-10-27 07:39:21,378] {processor.py:163} INFO - Started process (PID=1394) to work on /home/airflow/.local/lib/python3.6/site-packages/airflow/example_dags/example_time_delta_sensor_async.py
[2021-10-27 07:39:21,380] {processor.py:620} INFO - Processing file /home/airflow/.local/lib/python3.6/site-packages/airflow/example_dags/example_time_delta_sensor_async.py for tasks to queue
[2021-10-27 07:39:21,381] {logging_mixin.py:109} INFO - [2021-10-27 07:39:21,380] {dagbag.py:500} INFO - Filling up the DagBag from /home/airflow/.local/lib/python3.6/site-packages/airflow/example_dags/example_time_delta_sensor_async.py
[2021-10-27 07:39:21,408] {processor.py:632} INFO - DAG(s) dict_keys(['example_time_delta_sensor_async']) retrieved from /home/airflow/.local/lib/python3.6/site-packages/airflow/example_dags/example_time_delta_sensor_async.py
[2021-10-27 07:39:21,419] {logging_mixin.py:109} INFO - [2021-10-27 07:39:21,419] {dag.py:2389} INFO - Sync 1 DAGs
[2021-10-27 07:39:21,434] {logging_mixin.py:109} INFO - [2021-10-27 07:39:21,433] {dag.py:2914} INFO - Setting next_dagrun for example_time_delta_sensor_async to None
[2021-10-27 07:39:21,443] {processor.py:171} INFO - Processing /home/airflow/.local/lib/python3.6/site-packages/airflow/example_dags/example_time_delta_sensor_async.py took 0.068 seconds
[2021-10-27 07:39:51,739] {processor.py:163} INFO - Started process (PID=1448) to work on /home/airflow/.local/lib/python3.6/site-packages/airflow/example_dags/example_time_delta_sensor_async.py
[2021-10-27 07:39:51,740] {processor.py:620} INFO - Processing file /home/airflow/.local/lib/python3.6/site-packages/airflow/example_dags/example_time_delta_sensor_async.py for tasks to queue
[2021-10-27 07:39:51,741] {logging_mixin.py:109} INFO - [2021-10-27 07:39:51,741] {dagbag.py:500} INFO - Filling up the DagBag from /home/airflow/.local/lib/python3.6/site-packages/airflow/example_dags/example_time_delta_sensor_async.py
[2021-10-27 07:39:51,770] {processor.py:632} INFO - DAG(s) dict_keys(['example_time_delta_sensor_async']) retrieved from /home/airflow/.local/lib/python3.6/site-packages/airflow/example_dags/example_time_delta_sensor_async.py
[2021-10-27 07:39:51,780] {logging_mixin.py:109} INFO - [2021-10-27 07:39:51,780] {dag.py:2389} INFO - Sync 1 DAGs
[2021-10-27 07:39:51,800] {logging_mixin.py:109} INFO - [2021-10-27 07:39:51,800] {dag.py:2914} INFO - Setting next_dagrun for example_time_delta_sensor_async to None
[2021-10-27 07:39:51,812] {processor.py:171} INFO - Processing /home/airflow/.local/lib/python3.6/site-packages/airflow/example_dags/example_time_delta_sensor_async.py took 0.076 seconds
[2021-10-27 07:40:22,192] {processor.py:163} INFO - Started process (PID=1514) to work on /home/airflow/.local/lib/python3.6/site-packages/airflow/example_dags/example_time_delta_sensor_async.py
[2021-10-27 07:40:22,193] {processor.py:620} INFO - Processing file /home/airflow/.local/lib/python3.6/site-packages/airflow/example_dags/example_time_delta_sensor_async.py for tasks to queue
[2021-10-27 07:40:22,194] {logging_mixin.py:109} INFO - [2021-10-27 07:40:22,194] {dagbag.py:500} INFO - Filling up the DagBag from /home/airflow/.local/lib/python3.6/site-packages/airflow/example_dags/example_time_delta_sensor_async.py
[2021-10-27 07:40:22,222] {processor.py:632} INFO - DAG(s) dict_keys(['example_time_delta_sensor_async']) retrieved from /home/airflow/.local/lib/python3.6/site-packages/airflow/example_dags/example_time_delta_sensor_async.py
[2021-10-27 07:40:22,234] {logging_mixin.py:109} INFO - [2021-10-27 07:40:22,234] {dag.py:2389} INFO - Sync 1 DAGs
[2021-10-27 07:40:22,250] {logging_mixin.py:109} INFO - [2021-10-27 07:40:22,250] {dag.py:2914} INFO - Setting next_dagrun for example_time_delta_sensor_async to None
[2021-10-27 07:40:22,260] {processor.py:171} INFO - Processing /home/airflow/.local/lib/python3.6/site-packages/airflow/example_dags/example_time_delta_sensor_async.py took 0.072 seconds
[2021-10-27 07:40:52,604] {processor.py:163} INFO - Started process (PID=1568) to work on /home/airflow/.local/lib/python3.6/site-packages/airflow/example_dags/example_time_delta_sensor_async.py
[2021-10-27 07:40:52,606] {processor.py:620} INFO - Processing file /home/airflow/.local/lib/python3.6/site-packages/airflow/example_dags/example_time_delta_sensor_async.py for tasks to queue
[2021-10-27 07:40:52,607] {logging_mixin.py:109} INFO - [2021-10-27 07:40:52,607] {dagbag.py:500} INFO - Filling up the DagBag from /home/airflow/.local/lib/python3.6/site-packages/airflow/example_dags/example_time_delta_sensor_async.py
[2021-10-27 07:40:52,636] {processor.py:632} INFO - DAG(s) dict_keys(['example_time_delta_sensor_async']) retrieved from /home/airflow/.local/lib/python3.6/site-packages/airflow/example_dags/example_time_delta_sensor_async.py
[2021-10-27 07:40:52,647] {logging_mixin.py:109} INFO - [2021-10-27 07:40:52,647] {dag.py:2389} INFO - Sync 1 DAGs
[2021-10-27 07:40:52,663] {logging_mixin.py:109} INFO - [2021-10-27 07:40:52,662] {dag.py:2914} INFO - Setting next_dagrun for example_time_delta_sensor_async to None
[2021-10-27 07:40:52,673] {processor.py:171} INFO - Processing /home/airflow/.local/lib/python3.6/site-packages/airflow/example_dags/example_time_delta_sensor_async.py took 0.072 seconds
[2021-10-27 07:41:23,088] {processor.py:163} INFO - Started process (PID=1632) to work on /home/airflow/.local/lib/python3.6/site-packages/airflow/example_dags/example_time_delta_sensor_async.py
[2021-10-27 07:41:23,090] {processor.py:620} INFO - Processing file /home/airflow/.local/lib/python3.6/site-packages/airflow/example_dags/example_time_delta_sensor_async.py for tasks to queue
[2021-10-27 07:41:23,091] {logging_mixin.py:109} INFO - [2021-10-27 07:41:23,091] {dagbag.py:500} INFO - Filling up the DagBag from /home/airflow/.local/lib/python3.6/site-packages/airflow/example_dags/example_time_delta_sensor_async.py
[2021-10-27 07:41:23,128] {processor.py:632} INFO - DAG(s) dict_keys(['example_time_delta_sensor_async']) retrieved from /home/airflow/.local/lib/python3.6/site-packages/airflow/example_dags/example_time_delta_sensor_async.py
[2021-10-27 07:41:23,141] {logging_mixin.py:109} INFO - [2021-10-27 07:41:23,140] {dag.py:2389} INFO - Sync 1 DAGs
[2021-10-27 07:41:23,167] {logging_mixin.py:109} INFO - [2021-10-27 07:41:23,167] {dag.py:2914} INFO - Setting next_dagrun for example_time_delta_sensor_async to None
[2021-10-27 07:41:23,178] {processor.py:171} INFO - Processing /home/airflow/.local/lib/python3.6/site-packages/airflow/example_dags/example_time_delta_sensor_async.py took 0.094 seconds
[2021-10-27 07:41:53,288] {processor.py:163} INFO - Started process (PID=1687) to work on /home/airflow/.local/lib/python3.6/site-packages/airflow/example_dags/example_time_delta_sensor_async.py
[2021-10-27 07:41:53,293] {processor.py:620} INFO - Processing file /home/airflow/.local/lib/python3.6/site-packages/airflow/example_dags/example_time_delta_sensor_async.py for tasks to queue
[2021-10-27 07:41:53,295] {logging_mixin.py:109} INFO - [2021-10-27 07:41:53,295] {dagbag.py:500} INFO - Filling up the DagBag from /home/airflow/.local/lib/python3.6/site-packages/airflow/example_dags/example_time_delta_sensor_async.py
[2021-10-27 07:41:53,335] {processor.py:632} INFO - DAG(s) dict_keys(['example_time_delta_sensor_async']) retrieved from /home/airflow/.local/lib/python3.6/site-packages/airflow/example_dags/example_time_delta_sensor_async.py
[2021-10-27 07:41:53,347] {logging_mixin.py:109} INFO - [2021-10-27 07:41:53,346] {dag.py:2389} INFO - Sync 1 DAGs
[2021-10-27 07:41:53,378] {logging_mixin.py:109} INFO - [2021-10-27 07:41:53,378] {dag.py:2914} INFO - Setting next_dagrun for example_time_delta_sensor_async to None
[2021-10-27 07:41:53,397] {processor.py:171} INFO - Processing /home/airflow/.local/lib/python3.6/site-packages/airflow/example_dags/example_time_delta_sensor_async.py took 0.114 seconds
[2021-10-27 07:42:24,926] {processor.py:163} INFO - Started process (PID=1751) to work on /home/airflow/.local/lib/python3.6/site-packages/airflow/example_dags/example_time_delta_sensor_async.py
[2021-10-27 07:42:24,928] {processor.py:620} INFO - Processing file /home/airflow/.local/lib/python3.6/site-packages/airflow/example_dags/example_time_delta_sensor_async.py for tasks to queue
[2021-10-27 07:42:24,929] {logging_mixin.py:109} INFO - [2021-10-27 07:42:24,929] {dagbag.py:500} INFO - Filling up the DagBag from /home/airflow/.local/lib/python3.6/site-packages/airflow/example_dags/example_time_delta_sensor_async.py
[2021-10-27 07:42:24,958] {processor.py:632} INFO - DAG(s) dict_keys(['example_time_delta_sensor_async']) retrieved from /home/airflow/.local/lib/python3.6/site-packages/airflow/example_dags/example_time_delta_sensor_async.py
[2021-10-27 07:42:24,969] {logging_mixin.py:109} INFO - [2021-10-27 07:42:24,969] {dag.py:2389} INFO - Sync 1 DAGs
[2021-10-27 07:42:24,989] {logging_mixin.py:109} INFO - [2021-10-27 07:42:24,988] {dag.py:2914} INFO - Setting next_dagrun for example_time_delta_sensor_async to None
[2021-10-27 07:42:25,001] {processor.py:171} INFO - Processing /home/airflow/.local/lib/python3.6/site-packages/airflow/example_dags/example_time_delta_sensor_async.py took 0.078 seconds
[2021-10-27 07:42:55,186] {processor.py:163} INFO - Started process (PID=1807) to work on /home/airflow/.local/lib/python3.6/site-packages/airflow/example_dags/example_time_delta_sensor_async.py
[2021-10-27 07:42:55,188] {processor.py:620} INFO - Processing file /home/airflow/.local/lib/python3.6/site-packages/airflow/example_dags/example_time_delta_sensor_async.py for tasks to queue
[2021-10-27 07:42:55,189] {logging_mixin.py:109} INFO - [2021-10-27 07:42:55,189] {dagbag.py:500} INFO - Filling up the DagBag from /home/airflow/.local/lib/python3.6/site-packages/airflow/example_dags/example_time_delta_sensor_async.py
[2021-10-27 07:42:55,214] {processor.py:632} INFO - DAG(s) dict_keys(['example_time_delta_sensor_async']) retrieved from /home/airflow/.local/lib/python3.6/site-packages/airflow/example_dags/example_time_delta_sensor_async.py
[2021-10-27 07:42:55,225] {logging_mixin.py:109} INFO - [2021-10-27 07:42:55,224] {dag.py:2389} INFO - Sync 1 DAGs
[2021-10-27 07:42:55,240] {logging_mixin.py:109} INFO - [2021-10-27 07:42:55,239] {dag.py:2914} INFO - Setting next_dagrun for example_time_delta_sensor_async to None
[2021-10-27 07:42:55,251] {processor.py:171} INFO - Processing /home/airflow/.local/lib/python3.6/site-packages/airflow/example_dags/example_time_delta_sensor_async.py took 0.068 seconds
[2021-10-27 07:43:25,754] {processor.py:163} INFO - Started process (PID=1863) to work on /home/airflow/.local/lib/python3.6/site-packages/airflow/example_dags/example_time_delta_sensor_async.py
[2021-10-27 07:43:25,756] {processor.py:620} INFO - Processing file /home/airflow/.local/lib/python3.6/site-packages/airflow/example_dags/example_time_delta_sensor_async.py for tasks to queue
[2021-10-27 07:43:25,757] {logging_mixin.py:109} INFO - [2021-10-27 07:43:25,757] {dagbag.py:500} INFO - Filling up the DagBag from /home/airflow/.local/lib/python3.6/site-packages/airflow/example_dags/example_time_delta_sensor_async.py
[2021-10-27 07:43:25,796] {processor.py:632} INFO - DAG(s) dict_keys(['example_time_delta_sensor_async']) retrieved from /home/airflow/.local/lib/python3.6/site-packages/airflow/example_dags/example_time_delta_sensor_async.py
[2021-10-27 07:43:25,817] {logging_mixin.py:109} INFO - [2021-10-27 07:43:25,817] {dag.py:2389} INFO - Sync 1 DAGs
[2021-10-27 07:43:25,838] {logging_mixin.py:109} INFO - [2021-10-27 07:43:25,838] {dag.py:2914} INFO - Setting next_dagrun for example_time_delta_sensor_async to None
[2021-10-27 07:43:25,852] {processor.py:171} INFO - Processing /home/airflow/.local/lib/python3.6/site-packages/airflow/example_dags/example_time_delta_sensor_async.py took 0.103 seconds
[2021-10-27 07:43:56,723] {processor.py:163} INFO - Started process (PID=1930) to work on /home/airflow/.local/lib/python3.6/site-packages/airflow/example_dags/example_time_delta_sensor_async.py
[2021-10-27 07:43:56,725] {processor.py:620} INFO - Processing file /home/airflow/.local/lib/python3.6/site-packages/airflow/example_dags/example_time_delta_sensor_async.py for tasks to queue
[2021-10-27 07:43:56,727] {logging_mixin.py:109} INFO - [2021-10-27 07:43:56,727] {dagbag.py:500} INFO - Filling up the DagBag from /home/airflow/.local/lib/python3.6/site-packages/airflow/example_dags/example_time_delta_sensor_async.py
[2021-10-27 07:43:56,761] {processor.py:632} INFO - DAG(s) dict_keys(['example_time_delta_sensor_async']) retrieved from /home/airflow/.local/lib/python3.6/site-packages/airflow/example_dags/example_time_delta_sensor_async.py
[2021-10-27 07:43:56,776] {logging_mixin.py:109} INFO - [2021-10-27 07:43:56,775] {dag.py:2389} INFO - Sync 1 DAGs
[2021-10-27 07:43:56,797] {logging_mixin.py:109} INFO - [2021-10-27 07:43:56,797] {dag.py:2914} INFO - Setting next_dagrun for example_time_delta_sensor_async to None
[2021-10-27 07:43:56,810] {processor.py:171} INFO - Processing /home/airflow/.local/lib/python3.6/site-packages/airflow/example_dags/example_time_delta_sensor_async.py took 0.091 seconds
[2021-10-27 07:44:27,275] {processor.py:163} INFO - Started process (PID=1986) to work on /home/airflow/.local/lib/python3.6/site-packages/airflow/example_dags/example_time_delta_sensor_async.py
[2021-10-27 07:44:27,277] {processor.py:620} INFO - Processing file /home/airflow/.local/lib/python3.6/site-packages/airflow/example_dags/example_time_delta_sensor_async.py for tasks to queue
[2021-10-27 07:44:27,277] {logging_mixin.py:109} INFO - [2021-10-27 07:44:27,277] {dagbag.py:500} INFO - Filling up the DagBag from /home/airflow/.local/lib/python3.6/site-packages/airflow/example_dags/example_time_delta_sensor_async.py
[2021-10-27 07:44:27,301] {processor.py:632} INFO - DAG(s) dict_keys(['example_time_delta_sensor_async']) retrieved from /home/airflow/.local/lib/python3.6/site-packages/airflow/example_dags/example_time_delta_sensor_async.py
[2021-10-27 07:44:27,312] {logging_mixin.py:109} INFO - [2021-10-27 07:44:27,312] {dag.py:2389} INFO - Sync 1 DAGs
[2021-10-27 07:44:27,326] {logging_mixin.py:109} INFO - [2021-10-27 07:44:27,326] {dag.py:2914} INFO - Setting next_dagrun for example_time_delta_sensor_async to None
[2021-10-27 07:44:27,335] {processor.py:171} INFO - Processing /home/airflow/.local/lib/python3.6/site-packages/airflow/example_dags/example_time_delta_sensor_async.py took 0.063 seconds
