[2021-10-27 07:17:45,420] {processor.py:163} INFO - Started process (PID=73) to work on /home/airflow/.local/lib/python3.6/site-packages/airflow/example_dags/example_latest_only_with_trigger.py
[2021-10-27 07:17:45,424] {processor.py:620} INFO - Processing file /home/airflow/.local/lib/python3.6/site-packages/airflow/example_dags/example_latest_only_with_trigger.py for tasks to queue
[2021-10-27 07:17:45,425] {logging_mixin.py:109} INFO - [2021-10-27 07:17:45,425] {dagbag.py:500} INFO - Filling up the DagBag from /home/airflow/.local/lib/python3.6/site-packages/airflow/example_dags/example_latest_only_with_trigger.py
[2021-10-27 07:17:45,649] {processor.py:632} INFO - DAG(s) dict_keys(['latest_only_with_trigger']) retrieved from /home/airflow/.local/lib/python3.6/site-packages/airflow/example_dags/example_latest_only_with_trigger.py
[2021-10-27 07:17:45,681] {logging_mixin.py:109} INFO - [2021-10-27 07:17:45,681] {dag.py:2389} INFO - Sync 1 DAGs
[2021-10-27 07:17:45,708] {logging_mixin.py:109} INFO - [2021-10-27 07:17:45,708] {dag.py:2914} INFO - Setting next_dagrun for latest_only_with_trigger to 2021-10-27T03:17:45.707715+00:00
[2021-10-27 07:17:45,729] {processor.py:171} INFO - Processing /home/airflow/.local/lib/python3.6/site-packages/airflow/example_dags/example_latest_only_with_trigger.py took 0.320 seconds
[2021-10-27 07:18:16,173] {processor.py:163} INFO - Started process (PID=129) to work on /home/airflow/.local/lib/python3.6/site-packages/airflow/example_dags/example_latest_only_with_trigger.py
[2021-10-27 07:18:16,174] {processor.py:620} INFO - Processing file /home/airflow/.local/lib/python3.6/site-packages/airflow/example_dags/example_latest_only_with_trigger.py for tasks to queue
[2021-10-27 07:18:16,175] {logging_mixin.py:109} INFO - [2021-10-27 07:18:16,175] {dagbag.py:500} INFO - Filling up the DagBag from /home/airflow/.local/lib/python3.6/site-packages/airflow/example_dags/example_latest_only_with_trigger.py
[2021-10-27 07:18:16,204] {processor.py:632} INFO - DAG(s) dict_keys(['latest_only_with_trigger']) retrieved from /home/airflow/.local/lib/python3.6/site-packages/airflow/example_dags/example_latest_only_with_trigger.py
[2021-10-27 07:18:16,215] {logging_mixin.py:109} INFO - [2021-10-27 07:18:16,215] {dag.py:2389} INFO - Sync 1 DAGs
[2021-10-27 07:18:16,231] {logging_mixin.py:109} INFO - [2021-10-27 07:18:16,230] {dag.py:2914} INFO - Setting next_dagrun for latest_only_with_trigger to 2021-10-27T03:18:16.230583+00:00
[2021-10-27 07:18:16,241] {processor.py:171} INFO - Processing /home/airflow/.local/lib/python3.6/site-packages/airflow/example_dags/example_latest_only_with_trigger.py took 0.072 seconds
[2021-10-27 07:18:46,398] {processor.py:163} INFO - Started process (PID=183) to work on /home/airflow/.local/lib/python3.6/site-packages/airflow/example_dags/example_latest_only_with_trigger.py
[2021-10-27 07:18:46,402] {processor.py:620} INFO - Processing file /home/airflow/.local/lib/python3.6/site-packages/airflow/example_dags/example_latest_only_with_trigger.py for tasks to queue
[2021-10-27 07:18:46,403] {logging_mixin.py:109} INFO - [2021-10-27 07:18:46,403] {dagbag.py:500} INFO - Filling up the DagBag from /home/airflow/.local/lib/python3.6/site-packages/airflow/example_dags/example_latest_only_with_trigger.py
[2021-10-27 07:18:46,428] {processor.py:632} INFO - DAG(s) dict_keys(['latest_only_with_trigger']) retrieved from /home/airflow/.local/lib/python3.6/site-packages/airflow/example_dags/example_latest_only_with_trigger.py
[2021-10-27 07:18:46,438] {logging_mixin.py:109} INFO - [2021-10-27 07:18:46,438] {dag.py:2389} INFO - Sync 1 DAGs
[2021-10-27 07:18:46,454] {logging_mixin.py:109} INFO - [2021-10-27 07:18:46,454] {dag.py:2914} INFO - Setting next_dagrun for latest_only_with_trigger to 2021-10-27T03:18:46.454125+00:00
[2021-10-27 07:18:46,465] {processor.py:171} INFO - Processing /home/airflow/.local/lib/python3.6/site-packages/airflow/example_dags/example_latest_only_with_trigger.py took 0.070 seconds
[2021-10-27 07:19:17,221] {processor.py:163} INFO - Started process (PID=248) to work on /home/airflow/.local/lib/python3.6/site-packages/airflow/example_dags/example_latest_only_with_trigger.py
[2021-10-27 07:19:17,223] {processor.py:620} INFO - Processing file /home/airflow/.local/lib/python3.6/site-packages/airflow/example_dags/example_latest_only_with_trigger.py for tasks to queue
[2021-10-27 07:19:17,224] {logging_mixin.py:109} INFO - [2021-10-27 07:19:17,224] {dagbag.py:500} INFO - Filling up the DagBag from /home/airflow/.local/lib/python3.6/site-packages/airflow/example_dags/example_latest_only_with_trigger.py
[2021-10-27 07:19:17,260] {processor.py:632} INFO - DAG(s) dict_keys(['latest_only_with_trigger']) retrieved from /home/airflow/.local/lib/python3.6/site-packages/airflow/example_dags/example_latest_only_with_trigger.py
[2021-10-27 07:19:17,275] {logging_mixin.py:109} INFO - [2021-10-27 07:19:17,275] {dag.py:2389} INFO - Sync 1 DAGs
[2021-10-27 07:19:17,296] {logging_mixin.py:109} INFO - [2021-10-27 07:19:17,295] {dag.py:2914} INFO - Setting next_dagrun for latest_only_with_trigger to 2021-10-27T03:19:17.295512+00:00
[2021-10-27 07:19:17,310] {processor.py:171} INFO - Processing /home/airflow/.local/lib/python3.6/site-packages/airflow/example_dags/example_latest_only_with_trigger.py took 0.094 seconds
[2021-10-27 07:19:48,176] {processor.py:163} INFO - Started process (PID=304) to work on /home/airflow/.local/lib/python3.6/site-packages/airflow/example_dags/example_latest_only_with_trigger.py
[2021-10-27 07:19:48,178] {processor.py:620} INFO - Processing file /home/airflow/.local/lib/python3.6/site-packages/airflow/example_dags/example_latest_only_with_trigger.py for tasks to queue
[2021-10-27 07:19:48,179] {logging_mixin.py:109} INFO - [2021-10-27 07:19:48,179] {dagbag.py:500} INFO - Filling up the DagBag from /home/airflow/.local/lib/python3.6/site-packages/airflow/example_dags/example_latest_only_with_trigger.py
[2021-10-27 07:19:48,217] {processor.py:632} INFO - DAG(s) dict_keys(['latest_only_with_trigger']) retrieved from /home/airflow/.local/lib/python3.6/site-packages/airflow/example_dags/example_latest_only_with_trigger.py
[2021-10-27 07:19:48,231] {logging_mixin.py:109} INFO - [2021-10-27 07:19:48,231] {dag.py:2389} INFO - Sync 1 DAGs
[2021-10-27 07:19:48,253] {logging_mixin.py:109} INFO - [2021-10-27 07:19:48,253] {dag.py:2914} INFO - Setting next_dagrun for latest_only_with_trigger to 2021-10-27T03:19:48.252717+00:00
[2021-10-27 07:19:48,267] {processor.py:171} INFO - Processing /home/airflow/.local/lib/python3.6/site-packages/airflow/example_dags/example_latest_only_with_trigger.py took 0.095 seconds
[2021-10-27 07:20:18,381] {processor.py:163} INFO - Started process (PID=371) to work on /home/airflow/.local/lib/python3.6/site-packages/airflow/example_dags/example_latest_only_with_trigger.py
[2021-10-27 07:20:18,382] {processor.py:620} INFO - Processing file /home/airflow/.local/lib/python3.6/site-packages/airflow/example_dags/example_latest_only_with_trigger.py for tasks to queue
[2021-10-27 07:20:18,383] {logging_mixin.py:109} INFO - [2021-10-27 07:20:18,383] {dagbag.py:500} INFO - Filling up the DagBag from /home/airflow/.local/lib/python3.6/site-packages/airflow/example_dags/example_latest_only_with_trigger.py
[2021-10-27 07:20:18,413] {processor.py:632} INFO - DAG(s) dict_keys(['latest_only_with_trigger']) retrieved from /home/airflow/.local/lib/python3.6/site-packages/airflow/example_dags/example_latest_only_with_trigger.py
[2021-10-27 07:20:18,431] {logging_mixin.py:109} INFO - [2021-10-27 07:20:18,431] {dag.py:2389} INFO - Sync 1 DAGs
[2021-10-27 07:20:18,448] {logging_mixin.py:109} INFO - [2021-10-27 07:20:18,448] {dag.py:2914} INFO - Setting next_dagrun for latest_only_with_trigger to 2021-10-27T03:20:18.447928+00:00
[2021-10-27 07:20:18,460] {processor.py:171} INFO - Processing /home/airflow/.local/lib/python3.6/site-packages/airflow/example_dags/example_latest_only_with_trigger.py took 0.082 seconds
[2021-10-27 07:20:48,502] {processor.py:163} INFO - Started process (PID=425) to work on /home/airflow/.local/lib/python3.6/site-packages/airflow/example_dags/example_latest_only_with_trigger.py
[2021-10-27 07:20:48,503] {processor.py:620} INFO - Processing file /home/airflow/.local/lib/python3.6/site-packages/airflow/example_dags/example_latest_only_with_trigger.py for tasks to queue
[2021-10-27 07:20:48,504] {logging_mixin.py:109} INFO - [2021-10-27 07:20:48,504] {dagbag.py:500} INFO - Filling up the DagBag from /home/airflow/.local/lib/python3.6/site-packages/airflow/example_dags/example_latest_only_with_trigger.py
[2021-10-27 07:20:48,528] {processor.py:632} INFO - DAG(s) dict_keys(['latest_only_with_trigger']) retrieved from /home/airflow/.local/lib/python3.6/site-packages/airflow/example_dags/example_latest_only_with_trigger.py
[2021-10-27 07:20:48,539] {logging_mixin.py:109} INFO - [2021-10-27 07:20:48,539] {dag.py:2389} INFO - Sync 1 DAGs
[2021-10-27 07:20:48,553] {logging_mixin.py:109} INFO - [2021-10-27 07:20:48,553] {dag.py:2914} INFO - Setting next_dagrun for latest_only_with_trigger to 2021-10-27T03:20:48.553570+00:00
[2021-10-27 07:20:48,562] {processor.py:171} INFO - Processing /home/airflow/.local/lib/python3.6/site-packages/airflow/example_dags/example_latest_only_with_trigger.py took 0.063 seconds
[2021-10-27 07:21:19,230] {processor.py:163} INFO - Started process (PID=491) to work on /home/airflow/.local/lib/python3.6/site-packages/airflow/example_dags/example_latest_only_with_trigger.py
[2021-10-27 07:21:19,231] {processor.py:620} INFO - Processing file /home/airflow/.local/lib/python3.6/site-packages/airflow/example_dags/example_latest_only_with_trigger.py for tasks to queue
[2021-10-27 07:21:19,232] {logging_mixin.py:109} INFO - [2021-10-27 07:21:19,232] {dagbag.py:500} INFO - Filling up the DagBag from /home/airflow/.local/lib/python3.6/site-packages/airflow/example_dags/example_latest_only_with_trigger.py
[2021-10-27 07:21:19,258] {processor.py:632} INFO - DAG(s) dict_keys(['latest_only_with_trigger']) retrieved from /home/airflow/.local/lib/python3.6/site-packages/airflow/example_dags/example_latest_only_with_trigger.py
[2021-10-27 07:21:19,268] {logging_mixin.py:109} INFO - [2021-10-27 07:21:19,268] {dag.py:2389} INFO - Sync 1 DAGs
[2021-10-27 07:21:19,283] {logging_mixin.py:109} INFO - [2021-10-27 07:21:19,283] {dag.py:2914} INFO - Setting next_dagrun for latest_only_with_trigger to 2021-10-27T03:21:19.282984+00:00
[2021-10-27 07:21:19,294] {processor.py:171} INFO - Processing /home/airflow/.local/lib/python3.6/site-packages/airflow/example_dags/example_latest_only_with_trigger.py took 0.067 seconds
[2021-10-27 07:21:49,416] {processor.py:163} INFO - Started process (PID=545) to work on /home/airflow/.local/lib/python3.6/site-packages/airflow/example_dags/example_latest_only_with_trigger.py
[2021-10-27 07:21:49,418] {processor.py:620} INFO - Processing file /home/airflow/.local/lib/python3.6/site-packages/airflow/example_dags/example_latest_only_with_trigger.py for tasks to queue
[2021-10-27 07:21:49,419] {logging_mixin.py:109} INFO - [2021-10-27 07:21:49,419] {dagbag.py:500} INFO - Filling up the DagBag from /home/airflow/.local/lib/python3.6/site-packages/airflow/example_dags/example_latest_only_with_trigger.py
[2021-10-27 07:21:49,445] {processor.py:632} INFO - DAG(s) dict_keys(['latest_only_with_trigger']) retrieved from /home/airflow/.local/lib/python3.6/site-packages/airflow/example_dags/example_latest_only_with_trigger.py
[2021-10-27 07:21:49,457] {logging_mixin.py:109} INFO - [2021-10-27 07:21:49,457] {dag.py:2389} INFO - Sync 1 DAGs
[2021-10-27 07:21:49,472] {logging_mixin.py:109} INFO - [2021-10-27 07:21:49,472] {dag.py:2914} INFO - Setting next_dagrun for latest_only_with_trigger to 2021-10-27T03:21:49.472077+00:00
[2021-10-27 07:21:49,483] {processor.py:171} INFO - Processing /home/airflow/.local/lib/python3.6/site-packages/airflow/example_dags/example_latest_only_with_trigger.py took 0.070 seconds
[2021-10-27 07:22:20,337] {processor.py:163} INFO - Started process (PID=610) to work on /home/airflow/.local/lib/python3.6/site-packages/airflow/example_dags/example_latest_only_with_trigger.py
[2021-10-27 07:22:20,338] {processor.py:620} INFO - Processing file /home/airflow/.local/lib/python3.6/site-packages/airflow/example_dags/example_latest_only_with_trigger.py for tasks to queue
[2021-10-27 07:22:20,340] {logging_mixin.py:109} INFO - [2021-10-27 07:22:20,339] {dagbag.py:500} INFO - Filling up the DagBag from /home/airflow/.local/lib/python3.6/site-packages/airflow/example_dags/example_latest_only_with_trigger.py
[2021-10-27 07:22:20,417] {processor.py:632} INFO - DAG(s) dict_keys(['latest_only_with_trigger']) retrieved from /home/airflow/.local/lib/python3.6/site-packages/airflow/example_dags/example_latest_only_with_trigger.py
[2021-10-27 07:22:20,433] {logging_mixin.py:109} INFO - [2021-10-27 07:22:20,432] {dag.py:2389} INFO - Sync 1 DAGs
[2021-10-27 07:22:20,462] {logging_mixin.py:109} INFO - [2021-10-27 07:22:20,461] {dag.py:2914} INFO - Setting next_dagrun for latest_only_with_trigger to 2021-10-27T03:22:20.461416+00:00
[2021-10-27 07:22:20,479] {processor.py:171} INFO - Processing /home/airflow/.local/lib/python3.6/site-packages/airflow/example_dags/example_latest_only_with_trigger.py took 0.147 seconds
[2021-10-27 07:22:51,407] {processor.py:163} INFO - Started process (PID=666) to work on /home/airflow/.local/lib/python3.6/site-packages/airflow/example_dags/example_latest_only_with_trigger.py
[2021-10-27 07:22:51,408] {processor.py:620} INFO - Processing file /home/airflow/.local/lib/python3.6/site-packages/airflow/example_dags/example_latest_only_with_trigger.py for tasks to queue
[2021-10-27 07:22:51,409] {logging_mixin.py:109} INFO - [2021-10-27 07:22:51,409] {dagbag.py:500} INFO - Filling up the DagBag from /home/airflow/.local/lib/python3.6/site-packages/airflow/example_dags/example_latest_only_with_trigger.py
[2021-10-27 07:22:51,433] {processor.py:632} INFO - DAG(s) dict_keys(['latest_only_with_trigger']) retrieved from /home/airflow/.local/lib/python3.6/site-packages/airflow/example_dags/example_latest_only_with_trigger.py
[2021-10-27 07:22:51,444] {logging_mixin.py:109} INFO - [2021-10-27 07:22:51,444] {dag.py:2389} INFO - Sync 1 DAGs
[2021-10-27 07:22:51,458] {logging_mixin.py:109} INFO - [2021-10-27 07:22:51,458] {dag.py:2914} INFO - Setting next_dagrun for latest_only_with_trigger to 2021-10-27T03:22:51.458523+00:00
[2021-10-27 07:22:51,468] {processor.py:171} INFO - Processing /home/airflow/.local/lib/python3.6/site-packages/airflow/example_dags/example_latest_only_with_trigger.py took 0.064 seconds
[2021-10-27 07:23:22,782] {processor.py:163} INFO - Started process (PID=721) to work on /home/airflow/.local/lib/python3.6/site-packages/airflow/example_dags/example_latest_only_with_trigger.py
[2021-10-27 07:23:22,783] {processor.py:620} INFO - Processing file /home/airflow/.local/lib/python3.6/site-packages/airflow/example_dags/example_latest_only_with_trigger.py for tasks to queue
[2021-10-27 07:23:22,784] {logging_mixin.py:109} INFO - [2021-10-27 07:23:22,784] {dagbag.py:500} INFO - Filling up the DagBag from /home/airflow/.local/lib/python3.6/site-packages/airflow/example_dags/example_latest_only_with_trigger.py
[2021-10-27 07:23:22,855] {processor.py:632} INFO - DAG(s) dict_keys(['latest_only_with_trigger']) retrieved from /home/airflow/.local/lib/python3.6/site-packages/airflow/example_dags/example_latest_only_with_trigger.py
[2021-10-27 07:23:22,869] {logging_mixin.py:109} INFO - [2021-10-27 07:23:22,868] {dag.py:2389} INFO - Sync 1 DAGs
[2021-10-27 07:23:22,889] {logging_mixin.py:109} INFO - [2021-10-27 07:23:22,889] {dag.py:2914} INFO - Setting next_dagrun for latest_only_with_trigger to 2021-10-27T03:23:22.889430+00:00
[2021-10-27 07:23:22,901] {processor.py:171} INFO - Processing /home/airflow/.local/lib/python3.6/site-packages/airflow/example_dags/example_latest_only_with_trigger.py took 0.124 seconds
[2021-10-27 07:23:53,796] {processor.py:163} INFO - Started process (PID=787) to work on /home/airflow/.local/lib/python3.6/site-packages/airflow/example_dags/example_latest_only_with_trigger.py
[2021-10-27 07:23:53,797] {processor.py:620} INFO - Processing file /home/airflow/.local/lib/python3.6/site-packages/airflow/example_dags/example_latest_only_with_trigger.py for tasks to queue
[2021-10-27 07:23:53,798] {logging_mixin.py:109} INFO - [2021-10-27 07:23:53,798] {dagbag.py:500} INFO - Filling up the DagBag from /home/airflow/.local/lib/python3.6/site-packages/airflow/example_dags/example_latest_only_with_trigger.py
[2021-10-27 07:23:53,827] {processor.py:632} INFO - DAG(s) dict_keys(['latest_only_with_trigger']) retrieved from /home/airflow/.local/lib/python3.6/site-packages/airflow/example_dags/example_latest_only_with_trigger.py
[2021-10-27 07:23:53,838] {logging_mixin.py:109} INFO - [2021-10-27 07:23:53,838] {dag.py:2389} INFO - Sync 1 DAGs
[2021-10-27 07:23:53,855] {logging_mixin.py:109} INFO - [2021-10-27 07:23:53,854] {dag.py:2914} INFO - Setting next_dagrun for latest_only_with_trigger to 2021-10-27T03:23:53.854666+00:00
[2021-10-27 07:23:53,865] {processor.py:171} INFO - Processing /home/airflow/.local/lib/python3.6/site-packages/airflow/example_dags/example_latest_only_with_trigger.py took 0.072 seconds
[2021-10-27 07:24:24,692] {processor.py:163} INFO - Started process (PID=853) to work on /home/airflow/.local/lib/python3.6/site-packages/airflow/example_dags/example_latest_only_with_trigger.py
[2021-10-27 07:24:24,694] {processor.py:620} INFO - Processing file /home/airflow/.local/lib/python3.6/site-packages/airflow/example_dags/example_latest_only_with_trigger.py for tasks to queue
[2021-10-27 07:24:24,695] {logging_mixin.py:109} INFO - [2021-10-27 07:24:24,695] {dagbag.py:500} INFO - Filling up the DagBag from /home/airflow/.local/lib/python3.6/site-packages/airflow/example_dags/example_latest_only_with_trigger.py
[2021-10-27 07:24:24,724] {processor.py:632} INFO - DAG(s) dict_keys(['latest_only_with_trigger']) retrieved from /home/airflow/.local/lib/python3.6/site-packages/airflow/example_dags/example_latest_only_with_trigger.py
[2021-10-27 07:24:24,736] {logging_mixin.py:109} INFO - [2021-10-27 07:24:24,736] {dag.py:2389} INFO - Sync 1 DAGs
[2021-10-27 07:24:24,754] {logging_mixin.py:109} INFO - [2021-10-27 07:24:24,754] {dag.py:2914} INFO - Setting next_dagrun for latest_only_with_trigger to 2021-10-27T03:24:24.754568+00:00
[2021-10-27 07:24:24,765] {processor.py:171} INFO - Processing /home/airflow/.local/lib/python3.6/site-packages/airflow/example_dags/example_latest_only_with_trigger.py took 0.076 seconds
[2021-10-27 07:24:55,307] {processor.py:163} INFO - Started process (PID=907) to work on /home/airflow/.local/lib/python3.6/site-packages/airflow/example_dags/example_latest_only_with_trigger.py
[2021-10-27 07:24:55,309] {processor.py:620} INFO - Processing file /home/airflow/.local/lib/python3.6/site-packages/airflow/example_dags/example_latest_only_with_trigger.py for tasks to queue
[2021-10-27 07:24:55,310] {logging_mixin.py:109} INFO - [2021-10-27 07:24:55,310] {dagbag.py:500} INFO - Filling up the DagBag from /home/airflow/.local/lib/python3.6/site-packages/airflow/example_dags/example_latest_only_with_trigger.py
[2021-10-27 07:24:55,352] {processor.py:632} INFO - DAG(s) dict_keys(['latest_only_with_trigger']) retrieved from /home/airflow/.local/lib/python3.6/site-packages/airflow/example_dags/example_latest_only_with_trigger.py
[2021-10-27 07:24:55,370] {logging_mixin.py:109} INFO - [2021-10-27 07:24:55,370] {dag.py:2389} INFO - Sync 1 DAGs
[2021-10-27 07:24:55,391] {logging_mixin.py:109} INFO - [2021-10-27 07:24:55,391] {dag.py:2914} INFO - Setting next_dagrun for latest_only_with_trigger to 2021-10-27T03:24:55.390865+00:00
[2021-10-27 07:24:55,402] {processor.py:171} INFO - Processing /home/airflow/.local/lib/python3.6/site-packages/airflow/example_dags/example_latest_only_with_trigger.py took 0.100 seconds
[2021-10-27 07:25:25,451] {processor.py:163} INFO - Started process (PID=962) to work on /home/airflow/.local/lib/python3.6/site-packages/airflow/example_dags/example_latest_only_with_trigger.py
[2021-10-27 07:25:25,452] {processor.py:620} INFO - Processing file /home/airflow/.local/lib/python3.6/site-packages/airflow/example_dags/example_latest_only_with_trigger.py for tasks to queue
[2021-10-27 07:25:25,453] {logging_mixin.py:109} INFO - [2021-10-27 07:25:25,453] {dagbag.py:500} INFO - Filling up the DagBag from /home/airflow/.local/lib/python3.6/site-packages/airflow/example_dags/example_latest_only_with_trigger.py
[2021-10-27 07:25:25,477] {processor.py:632} INFO - DAG(s) dict_keys(['latest_only_with_trigger']) retrieved from /home/airflow/.local/lib/python3.6/site-packages/airflow/example_dags/example_latest_only_with_trigger.py
[2021-10-27 07:25:25,488] {logging_mixin.py:109} INFO - [2021-10-27 07:25:25,488] {dag.py:2389} INFO - Sync 1 DAGs
[2021-10-27 07:25:25,503] {logging_mixin.py:109} INFO - [2021-10-27 07:25:25,503] {dag.py:2914} INFO - Setting next_dagrun for latest_only_with_trigger to 2021-10-27T03:25:25.503085+00:00
[2021-10-27 07:25:25,517] {processor.py:171} INFO - Processing /home/airflow/.local/lib/python3.6/site-packages/airflow/example_dags/example_latest_only_with_trigger.py took 0.070 seconds
[2021-10-27 07:25:56,329] {processor.py:163} INFO - Started process (PID=1029) to work on /home/airflow/.local/lib/python3.6/site-packages/airflow/example_dags/example_latest_only_with_trigger.py
[2021-10-27 07:25:56,330] {processor.py:620} INFO - Processing file /home/airflow/.local/lib/python3.6/site-packages/airflow/example_dags/example_latest_only_with_trigger.py for tasks to queue
[2021-10-27 07:25:56,331] {logging_mixin.py:109} INFO - [2021-10-27 07:25:56,331] {dagbag.py:500} INFO - Filling up the DagBag from /home/airflow/.local/lib/python3.6/site-packages/airflow/example_dags/example_latest_only_with_trigger.py
[2021-10-27 07:25:56,360] {processor.py:632} INFO - DAG(s) dict_keys(['latest_only_with_trigger']) retrieved from /home/airflow/.local/lib/python3.6/site-packages/airflow/example_dags/example_latest_only_with_trigger.py
[2021-10-27 07:25:56,372] {logging_mixin.py:109} INFO - [2021-10-27 07:25:56,372] {dag.py:2389} INFO - Sync 1 DAGs
[2021-10-27 07:25:56,389] {logging_mixin.py:109} INFO - [2021-10-27 07:25:56,389] {dag.py:2914} INFO - Setting next_dagrun for latest_only_with_trigger to 2021-10-27T03:25:56.388779+00:00
[2021-10-27 07:25:56,401] {processor.py:171} INFO - Processing /home/airflow/.local/lib/python3.6/site-packages/airflow/example_dags/example_latest_only_with_trigger.py took 0.075 seconds
[2021-10-27 07:26:26,822] {processor.py:163} INFO - Started process (PID=1084) to work on /home/airflow/.local/lib/python3.6/site-packages/airflow/example_dags/example_latest_only_with_trigger.py
[2021-10-27 07:26:26,823] {processor.py:620} INFO - Processing file /home/airflow/.local/lib/python3.6/site-packages/airflow/example_dags/example_latest_only_with_trigger.py for tasks to queue
[2021-10-27 07:26:26,824] {logging_mixin.py:109} INFO - [2021-10-27 07:26:26,824] {dagbag.py:500} INFO - Filling up the DagBag from /home/airflow/.local/lib/python3.6/site-packages/airflow/example_dags/example_latest_only_with_trigger.py
[2021-10-27 07:26:26,852] {processor.py:632} INFO - DAG(s) dict_keys(['latest_only_with_trigger']) retrieved from /home/airflow/.local/lib/python3.6/site-packages/airflow/example_dags/example_latest_only_with_trigger.py
[2021-10-27 07:26:26,863] {logging_mixin.py:109} INFO - [2021-10-27 07:26:26,862] {dag.py:2389} INFO - Sync 1 DAGs
[2021-10-27 07:26:26,878] {logging_mixin.py:109} INFO - [2021-10-27 07:26:26,878] {dag.py:2914} INFO - Setting next_dagrun for latest_only_with_trigger to 2021-10-27T03:26:26.878605+00:00
[2021-10-27 07:26:26,891] {processor.py:171} INFO - Processing /home/airflow/.local/lib/python3.6/site-packages/airflow/example_dags/example_latest_only_with_trigger.py took 0.072 seconds
[2021-10-27 07:28:06,371] {processor.py:163} INFO - Started process (PID=70) to work on /home/airflow/.local/lib/python3.6/site-packages/airflow/example_dags/example_latest_only_with_trigger.py
[2021-10-27 07:28:06,374] {processor.py:620} INFO - Processing file /home/airflow/.local/lib/python3.6/site-packages/airflow/example_dags/example_latest_only_with_trigger.py for tasks to queue
[2021-10-27 07:28:06,375] {logging_mixin.py:109} INFO - [2021-10-27 07:28:06,375] {dagbag.py:500} INFO - Filling up the DagBag from /home/airflow/.local/lib/python3.6/site-packages/airflow/example_dags/example_latest_only_with_trigger.py
[2021-10-27 07:28:06,436] {processor.py:632} INFO - DAG(s) dict_keys(['latest_only_with_trigger']) retrieved from /home/airflow/.local/lib/python3.6/site-packages/airflow/example_dags/example_latest_only_with_trigger.py
[2021-10-27 07:28:06,457] {logging_mixin.py:109} INFO - [2021-10-27 07:28:06,457] {dag.py:2389} INFO - Sync 1 DAGs
[2021-10-27 07:28:06,491] {logging_mixin.py:109} INFO - [2021-10-27 07:28:06,490] {dag.py:2914} INFO - Setting next_dagrun for latest_only_with_trigger to 2021-10-27T03:28:06.490438+00:00
[2021-10-27 07:28:06,509] {processor.py:171} INFO - Processing /home/airflow/.local/lib/python3.6/site-packages/airflow/example_dags/example_latest_only_with_trigger.py took 0.147 seconds
[2021-10-27 07:28:36,835] {processor.py:163} INFO - Started process (PID=136) to work on /home/airflow/.local/lib/python3.6/site-packages/airflow/example_dags/example_latest_only_with_trigger.py
[2021-10-27 07:28:36,837] {processor.py:620} INFO - Processing file /home/airflow/.local/lib/python3.6/site-packages/airflow/example_dags/example_latest_only_with_trigger.py for tasks to queue
[2021-10-27 07:28:36,838] {logging_mixin.py:109} INFO - [2021-10-27 07:28:36,838] {dagbag.py:500} INFO - Filling up the DagBag from /home/airflow/.local/lib/python3.6/site-packages/airflow/example_dags/example_latest_only_with_trigger.py
[2021-10-27 07:28:36,867] {processor.py:632} INFO - DAG(s) dict_keys(['latest_only_with_trigger']) retrieved from /home/airflow/.local/lib/python3.6/site-packages/airflow/example_dags/example_latest_only_with_trigger.py
[2021-10-27 07:28:36,878] {logging_mixin.py:109} INFO - [2021-10-27 07:28:36,878] {dag.py:2389} INFO - Sync 1 DAGs
[2021-10-27 07:28:36,895] {logging_mixin.py:109} INFO - [2021-10-27 07:28:36,895] {dag.py:2914} INFO - Setting next_dagrun for latest_only_with_trigger to 2021-10-27T03:28:36.894800+00:00
[2021-10-27 07:28:36,906] {processor.py:171} INFO - Processing /home/airflow/.local/lib/python3.6/site-packages/airflow/example_dags/example_latest_only_with_trigger.py took 0.075 seconds
[2021-10-27 07:29:07,980] {processor.py:163} INFO - Started process (PID=191) to work on /home/airflow/.local/lib/python3.6/site-packages/airflow/example_dags/example_latest_only_with_trigger.py
[2021-10-27 07:29:07,982] {processor.py:620} INFO - Processing file /home/airflow/.local/lib/python3.6/site-packages/airflow/example_dags/example_latest_only_with_trigger.py for tasks to queue
[2021-10-27 07:29:07,983] {logging_mixin.py:109} INFO - [2021-10-27 07:29:07,983] {dagbag.py:500} INFO - Filling up the DagBag from /home/airflow/.local/lib/python3.6/site-packages/airflow/example_dags/example_latest_only_with_trigger.py
[2021-10-27 07:29:08,039] {processor.py:632} INFO - DAG(s) dict_keys(['latest_only_with_trigger']) retrieved from /home/airflow/.local/lib/python3.6/site-packages/airflow/example_dags/example_latest_only_with_trigger.py
[2021-10-27 07:29:08,057] {logging_mixin.py:109} INFO - [2021-10-27 07:29:08,057] {dag.py:2389} INFO - Sync 1 DAGs
[2021-10-27 07:29:08,083] {logging_mixin.py:109} INFO - [2021-10-27 07:29:08,083] {dag.py:2914} INFO - Setting next_dagrun for latest_only_with_trigger to 2021-10-27T03:29:08.082922+00:00
[2021-10-27 07:29:08,101] {processor.py:171} INFO - Processing /home/airflow/.local/lib/python3.6/site-packages/airflow/example_dags/example_latest_only_with_trigger.py took 0.127 seconds
[2021-10-27 07:29:38,399] {processor.py:163} INFO - Started process (PID=256) to work on /home/airflow/.local/lib/python3.6/site-packages/airflow/example_dags/example_latest_only_with_trigger.py
[2021-10-27 07:29:38,401] {processor.py:620} INFO - Processing file /home/airflow/.local/lib/python3.6/site-packages/airflow/example_dags/example_latest_only_with_trigger.py for tasks to queue
[2021-10-27 07:29:38,404] {logging_mixin.py:109} INFO - [2021-10-27 07:29:38,404] {dagbag.py:500} INFO - Filling up the DagBag from /home/airflow/.local/lib/python3.6/site-packages/airflow/example_dags/example_latest_only_with_trigger.py
[2021-10-27 07:29:38,442] {processor.py:632} INFO - DAG(s) dict_keys(['latest_only_with_trigger']) retrieved from /home/airflow/.local/lib/python3.6/site-packages/airflow/example_dags/example_latest_only_with_trigger.py
[2021-10-27 07:29:38,457] {logging_mixin.py:109} INFO - [2021-10-27 07:29:38,457] {dag.py:2389} INFO - Sync 1 DAGs
[2021-10-27 07:29:38,474] {logging_mixin.py:109} INFO - [2021-10-27 07:29:38,474] {dag.py:2914} INFO - Setting next_dagrun for latest_only_with_trigger to 2021-10-27T03:29:38.474295+00:00
[2021-10-27 07:29:38,485] {processor.py:171} INFO - Processing /home/airflow/.local/lib/python3.6/site-packages/airflow/example_dags/example_latest_only_with_trigger.py took 0.090 seconds
[2021-10-27 07:30:08,978] {processor.py:163} INFO - Started process (PID=312) to work on /home/airflow/.local/lib/python3.6/site-packages/airflow/example_dags/example_latest_only_with_trigger.py
[2021-10-27 07:30:08,979] {processor.py:620} INFO - Processing file /home/airflow/.local/lib/python3.6/site-packages/airflow/example_dags/example_latest_only_with_trigger.py for tasks to queue
[2021-10-27 07:30:08,980] {logging_mixin.py:109} INFO - [2021-10-27 07:30:08,980] {dagbag.py:500} INFO - Filling up the DagBag from /home/airflow/.local/lib/python3.6/site-packages/airflow/example_dags/example_latest_only_with_trigger.py
[2021-10-27 07:30:09,008] {processor.py:632} INFO - DAG(s) dict_keys(['latest_only_with_trigger']) retrieved from /home/airflow/.local/lib/python3.6/site-packages/airflow/example_dags/example_latest_only_with_trigger.py
[2021-10-27 07:30:09,018] {logging_mixin.py:109} INFO - [2021-10-27 07:30:09,018] {dag.py:2389} INFO - Sync 1 DAGs
[2021-10-27 07:30:09,033] {logging_mixin.py:109} INFO - [2021-10-27 07:30:09,033] {dag.py:2914} INFO - Setting next_dagrun for latest_only_with_trigger to 2021-10-27T03:30:09.033465+00:00
[2021-10-27 07:30:09,044] {processor.py:171} INFO - Processing /home/airflow/.local/lib/python3.6/site-packages/airflow/example_dags/example_latest_only_with_trigger.py took 0.069 seconds
[2021-10-27 07:30:40,102] {processor.py:163} INFO - Started process (PID=377) to work on /home/airflow/.local/lib/python3.6/site-packages/airflow/example_dags/example_latest_only_with_trigger.py
[2021-10-27 07:30:40,104] {processor.py:620} INFO - Processing file /home/airflow/.local/lib/python3.6/site-packages/airflow/example_dags/example_latest_only_with_trigger.py for tasks to queue
[2021-10-27 07:30:40,105] {logging_mixin.py:109} INFO - [2021-10-27 07:30:40,105] {dagbag.py:500} INFO - Filling up the DagBag from /home/airflow/.local/lib/python3.6/site-packages/airflow/example_dags/example_latest_only_with_trigger.py
[2021-10-27 07:30:40,180] {processor.py:632} INFO - DAG(s) dict_keys(['latest_only_with_trigger']) retrieved from /home/airflow/.local/lib/python3.6/site-packages/airflow/example_dags/example_latest_only_with_trigger.py
[2021-10-27 07:30:40,199] {logging_mixin.py:109} INFO - [2021-10-27 07:30:40,199] {dag.py:2389} INFO - Sync 1 DAGs
[2021-10-27 07:30:40,234] {logging_mixin.py:109} INFO - [2021-10-27 07:30:40,234] {dag.py:2914} INFO - Setting next_dagrun for latest_only_with_trigger to 2021-10-27T03:30:40.233626+00:00
[2021-10-27 07:30:40,250] {processor.py:171} INFO - Processing /home/airflow/.local/lib/python3.6/site-packages/airflow/example_dags/example_latest_only_with_trigger.py took 0.153 seconds
[2021-10-27 07:31:10,841] {processor.py:163} INFO - Started process (PID=431) to work on /home/airflow/.local/lib/python3.6/site-packages/airflow/example_dags/example_latest_only_with_trigger.py
[2021-10-27 07:31:10,843] {processor.py:620} INFO - Processing file /home/airflow/.local/lib/python3.6/site-packages/airflow/example_dags/example_latest_only_with_trigger.py for tasks to queue
[2021-10-27 07:31:10,844] {logging_mixin.py:109} INFO - [2021-10-27 07:31:10,844] {dagbag.py:500} INFO - Filling up the DagBag from /home/airflow/.local/lib/python3.6/site-packages/airflow/example_dags/example_latest_only_with_trigger.py
[2021-10-27 07:31:10,879] {processor.py:632} INFO - DAG(s) dict_keys(['latest_only_with_trigger']) retrieved from /home/airflow/.local/lib/python3.6/site-packages/airflow/example_dags/example_latest_only_with_trigger.py
[2021-10-27 07:31:10,893] {logging_mixin.py:109} INFO - [2021-10-27 07:31:10,893] {dag.py:2389} INFO - Sync 1 DAGs
[2021-10-27 07:31:10,913] {logging_mixin.py:109} INFO - [2021-10-27 07:31:10,912] {dag.py:2914} INFO - Setting next_dagrun for latest_only_with_trigger to 2021-10-27T03:31:10.912633+00:00
[2021-10-27 07:31:10,926] {processor.py:171} INFO - Processing /home/airflow/.local/lib/python3.6/site-packages/airflow/example_dags/example_latest_only_with_trigger.py took 0.089 seconds
[2021-10-27 07:31:41,607] {processor.py:163} INFO - Started process (PID=485) to work on /home/airflow/.local/lib/python3.6/site-packages/airflow/example_dags/example_latest_only_with_trigger.py
[2021-10-27 07:31:41,608] {processor.py:620} INFO - Processing file /home/airflow/.local/lib/python3.6/site-packages/airflow/example_dags/example_latest_only_with_trigger.py for tasks to queue
[2021-10-27 07:31:41,609] {logging_mixin.py:109} INFO - [2021-10-27 07:31:41,609] {dagbag.py:500} INFO - Filling up the DagBag from /home/airflow/.local/lib/python3.6/site-packages/airflow/example_dags/example_latest_only_with_trigger.py
[2021-10-27 07:31:41,647] {processor.py:632} INFO - DAG(s) dict_keys(['latest_only_with_trigger']) retrieved from /home/airflow/.local/lib/python3.6/site-packages/airflow/example_dags/example_latest_only_with_trigger.py
[2021-10-27 07:31:41,664] {logging_mixin.py:109} INFO - [2021-10-27 07:31:41,663] {dag.py:2389} INFO - Sync 1 DAGs
[2021-10-27 07:31:41,688] {logging_mixin.py:109} INFO - [2021-10-27 07:31:41,688] {dag.py:2914} INFO - Setting next_dagrun for latest_only_with_trigger to 2021-10-27T03:31:41.687720+00:00
[2021-10-27 07:31:41,703] {processor.py:171} INFO - Processing /home/airflow/.local/lib/python3.6/site-packages/airflow/example_dags/example_latest_only_with_trigger.py took 0.101 seconds
[2021-10-27 07:32:12,033] {processor.py:163} INFO - Started process (PID=551) to work on /home/airflow/.local/lib/python3.6/site-packages/airflow/example_dags/example_latest_only_with_trigger.py
[2021-10-27 07:32:12,034] {processor.py:620} INFO - Processing file /home/airflow/.local/lib/python3.6/site-packages/airflow/example_dags/example_latest_only_with_trigger.py for tasks to queue
[2021-10-27 07:32:12,036] {logging_mixin.py:109} INFO - [2021-10-27 07:32:12,035] {dagbag.py:500} INFO - Filling up the DagBag from /home/airflow/.local/lib/python3.6/site-packages/airflow/example_dags/example_latest_only_with_trigger.py
[2021-10-27 07:32:12,070] {processor.py:632} INFO - DAG(s) dict_keys(['latest_only_with_trigger']) retrieved from /home/airflow/.local/lib/python3.6/site-packages/airflow/example_dags/example_latest_only_with_trigger.py
[2021-10-27 07:32:12,081] {logging_mixin.py:109} INFO - [2021-10-27 07:32:12,081] {dag.py:2389} INFO - Sync 1 DAGs
[2021-10-27 07:32:12,096] {logging_mixin.py:109} INFO - [2021-10-27 07:32:12,096] {dag.py:2914} INFO - Setting next_dagrun for latest_only_with_trigger to 2021-10-27T03:32:12.096043+00:00
[2021-10-27 07:32:12,107] {processor.py:171} INFO - Processing /home/airflow/.local/lib/python3.6/site-packages/airflow/example_dags/example_latest_only_with_trigger.py took 0.077 seconds
[2021-10-27 07:32:42,562] {processor.py:163} INFO - Started process (PID=606) to work on /home/airflow/.local/lib/python3.6/site-packages/airflow/example_dags/example_latest_only_with_trigger.py
[2021-10-27 07:32:42,563] {processor.py:620} INFO - Processing file /home/airflow/.local/lib/python3.6/site-packages/airflow/example_dags/example_latest_only_with_trigger.py for tasks to queue
[2021-10-27 07:32:42,564] {logging_mixin.py:109} INFO - [2021-10-27 07:32:42,564] {dagbag.py:500} INFO - Filling up the DagBag from /home/airflow/.local/lib/python3.6/site-packages/airflow/example_dags/example_latest_only_with_trigger.py
[2021-10-27 07:32:42,593] {processor.py:632} INFO - DAG(s) dict_keys(['latest_only_with_trigger']) retrieved from /home/airflow/.local/lib/python3.6/site-packages/airflow/example_dags/example_latest_only_with_trigger.py
[2021-10-27 07:32:42,603] {logging_mixin.py:109} INFO - [2021-10-27 07:32:42,603] {dag.py:2389} INFO - Sync 1 DAGs
[2021-10-27 07:32:42,619] {logging_mixin.py:109} INFO - [2021-10-27 07:32:42,619] {dag.py:2914} INFO - Setting next_dagrun for latest_only_with_trigger to 2021-10-27T03:32:42.618745+00:00
[2021-10-27 07:32:42,630] {processor.py:171} INFO - Processing /home/airflow/.local/lib/python3.6/site-packages/airflow/example_dags/example_latest_only_with_trigger.py took 0.072 seconds
[2021-10-27 07:33:13,817] {processor.py:163} INFO - Started process (PID=673) to work on /home/airflow/.local/lib/python3.6/site-packages/airflow/example_dags/example_latest_only_with_trigger.py
[2021-10-27 07:33:13,819] {processor.py:620} INFO - Processing file /home/airflow/.local/lib/python3.6/site-packages/airflow/example_dags/example_latest_only_with_trigger.py for tasks to queue
[2021-10-27 07:33:13,820] {logging_mixin.py:109} INFO - [2021-10-27 07:33:13,820] {dagbag.py:500} INFO - Filling up the DagBag from /home/airflow/.local/lib/python3.6/site-packages/airflow/example_dags/example_latest_only_with_trigger.py
[2021-10-27 07:33:13,859] {processor.py:632} INFO - DAG(s) dict_keys(['latest_only_with_trigger']) retrieved from /home/airflow/.local/lib/python3.6/site-packages/airflow/example_dags/example_latest_only_with_trigger.py
[2021-10-27 07:33:13,872] {logging_mixin.py:109} INFO - [2021-10-27 07:33:13,872] {dag.py:2389} INFO - Sync 1 DAGs
[2021-10-27 07:33:13,888] {logging_mixin.py:109} INFO - [2021-10-27 07:33:13,888] {dag.py:2914} INFO - Setting next_dagrun for latest_only_with_trigger to 2021-10-27T03:33:13.888214+00:00
[2021-10-27 07:33:13,902] {processor.py:171} INFO - Processing /home/airflow/.local/lib/python3.6/site-packages/airflow/example_dags/example_latest_only_with_trigger.py took 0.090 seconds
[2021-10-27 07:33:44,329] {processor.py:163} INFO - Started process (PID=728) to work on /home/airflow/.local/lib/python3.6/site-packages/airflow/example_dags/example_latest_only_with_trigger.py
[2021-10-27 07:33:44,330] {processor.py:620} INFO - Processing file /home/airflow/.local/lib/python3.6/site-packages/airflow/example_dags/example_latest_only_with_trigger.py for tasks to queue
[2021-10-27 07:33:44,331] {logging_mixin.py:109} INFO - [2021-10-27 07:33:44,331] {dagbag.py:500} INFO - Filling up the DagBag from /home/airflow/.local/lib/python3.6/site-packages/airflow/example_dags/example_latest_only_with_trigger.py
[2021-10-27 07:33:44,356] {processor.py:632} INFO - DAG(s) dict_keys(['latest_only_with_trigger']) retrieved from /home/airflow/.local/lib/python3.6/site-packages/airflow/example_dags/example_latest_only_with_trigger.py
[2021-10-27 07:33:44,366] {logging_mixin.py:109} INFO - [2021-10-27 07:33:44,366] {dag.py:2389} INFO - Sync 1 DAGs
[2021-10-27 07:33:44,381] {logging_mixin.py:109} INFO - [2021-10-27 07:33:44,381] {dag.py:2914} INFO - Setting next_dagrun for latest_only_with_trigger to 2021-10-27T03:33:44.381144+00:00
[2021-10-27 07:33:44,391] {processor.py:171} INFO - Processing /home/airflow/.local/lib/python3.6/site-packages/airflow/example_dags/example_latest_only_with_trigger.py took 0.065 seconds
[2021-10-27 07:34:15,025] {processor.py:163} INFO - Started process (PID=792) to work on /home/airflow/.local/lib/python3.6/site-packages/airflow/example_dags/example_latest_only_with_trigger.py
[2021-10-27 07:34:15,026] {processor.py:620} INFO - Processing file /home/airflow/.local/lib/python3.6/site-packages/airflow/example_dags/example_latest_only_with_trigger.py for tasks to queue
[2021-10-27 07:34:15,027] {logging_mixin.py:109} INFO - [2021-10-27 07:34:15,027] {dagbag.py:500} INFO - Filling up the DagBag from /home/airflow/.local/lib/python3.6/site-packages/airflow/example_dags/example_latest_only_with_trigger.py
[2021-10-27 07:34:15,054] {processor.py:632} INFO - DAG(s) dict_keys(['latest_only_with_trigger']) retrieved from /home/airflow/.local/lib/python3.6/site-packages/airflow/example_dags/example_latest_only_with_trigger.py
[2021-10-27 07:34:15,065] {logging_mixin.py:109} INFO - [2021-10-27 07:34:15,065] {dag.py:2389} INFO - Sync 1 DAGs
[2021-10-27 07:34:15,079] {logging_mixin.py:109} INFO - [2021-10-27 07:34:15,079] {dag.py:2914} INFO - Setting next_dagrun for latest_only_with_trigger to 2021-10-27T03:34:15.079655+00:00
[2021-10-27 07:34:15,090] {processor.py:171} INFO - Processing /home/airflow/.local/lib/python3.6/site-packages/airflow/example_dags/example_latest_only_with_trigger.py took 0.068 seconds
[2021-10-27 07:34:45,862] {processor.py:163} INFO - Started process (PID=848) to work on /home/airflow/.local/lib/python3.6/site-packages/airflow/example_dags/example_latest_only_with_trigger.py
[2021-10-27 07:34:45,864] {processor.py:620} INFO - Processing file /home/airflow/.local/lib/python3.6/site-packages/airflow/example_dags/example_latest_only_with_trigger.py for tasks to queue
[2021-10-27 07:34:45,865] {logging_mixin.py:109} INFO - [2021-10-27 07:34:45,865] {dagbag.py:500} INFO - Filling up the DagBag from /home/airflow/.local/lib/python3.6/site-packages/airflow/example_dags/example_latest_only_with_trigger.py
[2021-10-27 07:34:45,893] {processor.py:632} INFO - DAG(s) dict_keys(['latest_only_with_trigger']) retrieved from /home/airflow/.local/lib/python3.6/site-packages/airflow/example_dags/example_latest_only_with_trigger.py
[2021-10-27 07:34:45,906] {logging_mixin.py:109} INFO - [2021-10-27 07:34:45,906] {dag.py:2389} INFO - Sync 1 DAGs
[2021-10-27 07:34:45,924] {logging_mixin.py:109} INFO - [2021-10-27 07:34:45,924] {dag.py:2914} INFO - Setting next_dagrun for latest_only_with_trigger to 2021-10-27T03:34:45.924077+00:00
[2021-10-27 07:34:45,935] {processor.py:171} INFO - Processing /home/airflow/.local/lib/python3.6/site-packages/airflow/example_dags/example_latest_only_with_trigger.py took 0.077 seconds
[2021-10-27 07:35:16,018] {processor.py:163} INFO - Started process (PID=914) to work on /home/airflow/.local/lib/python3.6/site-packages/airflow/example_dags/example_latest_only_with_trigger.py
[2021-10-27 07:35:16,019] {processor.py:620} INFO - Processing file /home/airflow/.local/lib/python3.6/site-packages/airflow/example_dags/example_latest_only_with_trigger.py for tasks to queue
[2021-10-27 07:35:16,020] {logging_mixin.py:109} INFO - [2021-10-27 07:35:16,020] {dagbag.py:500} INFO - Filling up the DagBag from /home/airflow/.local/lib/python3.6/site-packages/airflow/example_dags/example_latest_only_with_trigger.py
[2021-10-27 07:35:16,045] {processor.py:632} INFO - DAG(s) dict_keys(['latest_only_with_trigger']) retrieved from /home/airflow/.local/lib/python3.6/site-packages/airflow/example_dags/example_latest_only_with_trigger.py
[2021-10-27 07:35:16,056] {logging_mixin.py:109} INFO - [2021-10-27 07:35:16,056] {dag.py:2389} INFO - Sync 1 DAGs
[2021-10-27 07:35:16,070] {logging_mixin.py:109} INFO - [2021-10-27 07:35:16,070] {dag.py:2914} INFO - Setting next_dagrun for latest_only_with_trigger to 2021-10-27T03:35:16.070419+00:00
[2021-10-27 07:35:16,081] {processor.py:171} INFO - Processing /home/airflow/.local/lib/python3.6/site-packages/airflow/example_dags/example_latest_only_with_trigger.py took 0.067 seconds
[2021-10-27 07:35:46,462] {processor.py:163} INFO - Started process (PID=969) to work on /home/airflow/.local/lib/python3.6/site-packages/airflow/example_dags/example_latest_only_with_trigger.py
[2021-10-27 07:35:46,463] {processor.py:620} INFO - Processing file /home/airflow/.local/lib/python3.6/site-packages/airflow/example_dags/example_latest_only_with_trigger.py for tasks to queue
[2021-10-27 07:35:46,464] {logging_mixin.py:109} INFO - [2021-10-27 07:35:46,464] {dagbag.py:500} INFO - Filling up the DagBag from /home/airflow/.local/lib/python3.6/site-packages/airflow/example_dags/example_latest_only_with_trigger.py
[2021-10-27 07:35:46,491] {processor.py:632} INFO - DAG(s) dict_keys(['latest_only_with_trigger']) retrieved from /home/airflow/.local/lib/python3.6/site-packages/airflow/example_dags/example_latest_only_with_trigger.py
[2021-10-27 07:35:46,503] {logging_mixin.py:109} INFO - [2021-10-27 07:35:46,503] {dag.py:2389} INFO - Sync 1 DAGs
[2021-10-27 07:35:46,523] {logging_mixin.py:109} INFO - [2021-10-27 07:35:46,522] {dag.py:2914} INFO - Setting next_dagrun for latest_only_with_trigger to 2021-10-27T03:35:46.522702+00:00
[2021-10-27 07:35:46,537] {processor.py:171} INFO - Processing /home/airflow/.local/lib/python3.6/site-packages/airflow/example_dags/example_latest_only_with_trigger.py took 0.078 seconds
[2021-10-27 07:36:20,408] {processor.py:163} INFO - Started process (PID=1036) to work on /home/airflow/.local/lib/python3.6/site-packages/airflow/example_dags/example_latest_only_with_trigger.py
[2021-10-27 07:36:20,410] {processor.py:620} INFO - Processing file /home/airflow/.local/lib/python3.6/site-packages/airflow/example_dags/example_latest_only_with_trigger.py for tasks to queue
[2021-10-27 07:36:20,413] {logging_mixin.py:109} INFO - [2021-10-27 07:36:20,413] {dagbag.py:500} INFO - Filling up the DagBag from /home/airflow/.local/lib/python3.6/site-packages/airflow/example_dags/example_latest_only_with_trigger.py
[2021-10-27 07:36:20,499] {processor.py:632} INFO - DAG(s) dict_keys(['latest_only_with_trigger']) retrieved from /home/airflow/.local/lib/python3.6/site-packages/airflow/example_dags/example_latest_only_with_trigger.py
[2021-10-27 07:36:20,541] {logging_mixin.py:109} INFO - [2021-10-27 07:36:20,541] {dag.py:2389} INFO - Sync 1 DAGs
[2021-10-27 07:36:20,581] {logging_mixin.py:109} INFO - [2021-10-27 07:36:20,581] {dag.py:2914} INFO - Setting next_dagrun for latest_only_with_trigger to 2021-10-27T03:36:20.580579+00:00
[2021-10-27 07:36:20,605] {processor.py:171} INFO - Processing /home/airflow/.local/lib/python3.6/site-packages/airflow/example_dags/example_latest_only_with_trigger.py took 0.211 seconds
[2021-10-27 07:36:51,019] {processor.py:163} INFO - Started process (PID=1092) to work on /home/airflow/.local/lib/python3.6/site-packages/airflow/example_dags/example_latest_only_with_trigger.py
[2021-10-27 07:36:51,021] {processor.py:620} INFO - Processing file /home/airflow/.local/lib/python3.6/site-packages/airflow/example_dags/example_latest_only_with_trigger.py for tasks to queue
[2021-10-27 07:36:51,022] {logging_mixin.py:109} INFO - [2021-10-27 07:36:51,022] {dagbag.py:500} INFO - Filling up the DagBag from /home/airflow/.local/lib/python3.6/site-packages/airflow/example_dags/example_latest_only_with_trigger.py
[2021-10-27 07:36:51,074] {processor.py:632} INFO - DAG(s) dict_keys(['latest_only_with_trigger']) retrieved from /home/airflow/.local/lib/python3.6/site-packages/airflow/example_dags/example_latest_only_with_trigger.py
[2021-10-27 07:36:51,099] {logging_mixin.py:109} INFO - [2021-10-27 07:36:51,099] {dag.py:2389} INFO - Sync 1 DAGs
[2021-10-27 07:36:51,136] {logging_mixin.py:109} INFO - [2021-10-27 07:36:51,135] {dag.py:2914} INFO - Setting next_dagrun for latest_only_with_trigger to 2021-10-27T03:36:51.135203+00:00
[2021-10-27 07:36:51,155] {processor.py:171} INFO - Processing /home/airflow/.local/lib/python3.6/site-packages/airflow/example_dags/example_latest_only_with_trigger.py took 0.142 seconds
[2021-10-27 07:37:21,757] {processor.py:163} INFO - Started process (PID=1158) to work on /home/airflow/.local/lib/python3.6/site-packages/airflow/example_dags/example_latest_only_with_trigger.py
[2021-10-27 07:37:21,758] {processor.py:620} INFO - Processing file /home/airflow/.local/lib/python3.6/site-packages/airflow/example_dags/example_latest_only_with_trigger.py for tasks to queue
[2021-10-27 07:37:21,759] {logging_mixin.py:109} INFO - [2021-10-27 07:37:21,759] {dagbag.py:500} INFO - Filling up the DagBag from /home/airflow/.local/lib/python3.6/site-packages/airflow/example_dags/example_latest_only_with_trigger.py
[2021-10-27 07:37:21,787] {processor.py:632} INFO - DAG(s) dict_keys(['latest_only_with_trigger']) retrieved from /home/airflow/.local/lib/python3.6/site-packages/airflow/example_dags/example_latest_only_with_trigger.py
[2021-10-27 07:37:21,799] {logging_mixin.py:109} INFO - [2021-10-27 07:37:21,799] {dag.py:2389} INFO - Sync 1 DAGs
[2021-10-27 07:37:21,817] {logging_mixin.py:109} INFO - [2021-10-27 07:37:21,816] {dag.py:2914} INFO - Setting next_dagrun for latest_only_with_trigger to 2021-10-27T03:37:21.816655+00:00
[2021-10-27 07:37:21,828] {processor.py:171} INFO - Processing /home/airflow/.local/lib/python3.6/site-packages/airflow/example_dags/example_latest_only_with_trigger.py took 0.074 seconds
[2021-10-27 07:37:52,256] {processor.py:163} INFO - Started process (PID=1214) to work on /home/airflow/.local/lib/python3.6/site-packages/airflow/example_dags/example_latest_only_with_trigger.py
[2021-10-27 07:37:52,257] {processor.py:620} INFO - Processing file /home/airflow/.local/lib/python3.6/site-packages/airflow/example_dags/example_latest_only_with_trigger.py for tasks to queue
[2021-10-27 07:37:52,258] {logging_mixin.py:109} INFO - [2021-10-27 07:37:52,258] {dagbag.py:500} INFO - Filling up the DagBag from /home/airflow/.local/lib/python3.6/site-packages/airflow/example_dags/example_latest_only_with_trigger.py
[2021-10-27 07:37:52,313] {processor.py:632} INFO - DAG(s) dict_keys(['latest_only_with_trigger']) retrieved from /home/airflow/.local/lib/python3.6/site-packages/airflow/example_dags/example_latest_only_with_trigger.py
[2021-10-27 07:37:52,325] {logging_mixin.py:109} INFO - [2021-10-27 07:37:52,324] {dag.py:2389} INFO - Sync 1 DAGs
[2021-10-27 07:37:52,354] {logging_mixin.py:109} INFO - [2021-10-27 07:37:52,354] {dag.py:2914} INFO - Setting next_dagrun for latest_only_with_trigger to 2021-10-27T03:37:52.354026+00:00
[2021-10-27 07:37:52,365] {processor.py:171} INFO - Processing /home/airflow/.local/lib/python3.6/site-packages/airflow/example_dags/example_latest_only_with_trigger.py took 0.112 seconds
[2021-10-27 07:38:22,888] {processor.py:163} INFO - Started process (PID=1280) to work on /home/airflow/.local/lib/python3.6/site-packages/airflow/example_dags/example_latest_only_with_trigger.py
[2021-10-27 07:38:22,890] {processor.py:620} INFO - Processing file /home/airflow/.local/lib/python3.6/site-packages/airflow/example_dags/example_latest_only_with_trigger.py for tasks to queue
[2021-10-27 07:38:22,892] {logging_mixin.py:109} INFO - [2021-10-27 07:38:22,891] {dagbag.py:500} INFO - Filling up the DagBag from /home/airflow/.local/lib/python3.6/site-packages/airflow/example_dags/example_latest_only_with_trigger.py
[2021-10-27 07:38:22,995] {processor.py:632} INFO - DAG(s) dict_keys(['latest_only_with_trigger']) retrieved from /home/airflow/.local/lib/python3.6/site-packages/airflow/example_dags/example_latest_only_with_trigger.py
[2021-10-27 07:38:23,007] {logging_mixin.py:109} INFO - [2021-10-27 07:38:23,007] {dag.py:2389} INFO - Sync 1 DAGs
[2021-10-27 07:38:23,038] {logging_mixin.py:109} INFO - [2021-10-27 07:38:23,038] {dag.py:2914} INFO - Setting next_dagrun for latest_only_with_trigger to 2021-10-27T03:38:23.037766+00:00
[2021-10-27 07:38:23,049] {processor.py:171} INFO - Processing /home/airflow/.local/lib/python3.6/site-packages/airflow/example_dags/example_latest_only_with_trigger.py took 0.169 seconds
[2021-10-27 07:38:53,318] {processor.py:163} INFO - Started process (PID=1336) to work on /home/airflow/.local/lib/python3.6/site-packages/airflow/example_dags/example_latest_only_with_trigger.py
[2021-10-27 07:38:53,319] {processor.py:620} INFO - Processing file /home/airflow/.local/lib/python3.6/site-packages/airflow/example_dags/example_latest_only_with_trigger.py for tasks to queue
[2021-10-27 07:38:53,321] {logging_mixin.py:109} INFO - [2021-10-27 07:38:53,320] {dagbag.py:500} INFO - Filling up the DagBag from /home/airflow/.local/lib/python3.6/site-packages/airflow/example_dags/example_latest_only_with_trigger.py
[2021-10-27 07:38:53,352] {processor.py:632} INFO - DAG(s) dict_keys(['latest_only_with_trigger']) retrieved from /home/airflow/.local/lib/python3.6/site-packages/airflow/example_dags/example_latest_only_with_trigger.py
[2021-10-27 07:38:53,366] {logging_mixin.py:109} INFO - [2021-10-27 07:38:53,366] {dag.py:2389} INFO - Sync 1 DAGs
[2021-10-27 07:38:53,381] {logging_mixin.py:109} INFO - [2021-10-27 07:38:53,381] {dag.py:2914} INFO - Setting next_dagrun for latest_only_with_trigger to 2021-10-27T03:38:53.380967+00:00
[2021-10-27 07:38:53,392] {processor.py:171} INFO - Processing /home/airflow/.local/lib/python3.6/site-packages/airflow/example_dags/example_latest_only_with_trigger.py took 0.077 seconds
[2021-10-27 07:39:23,778] {processor.py:163} INFO - Started process (PID=1401) to work on /home/airflow/.local/lib/python3.6/site-packages/airflow/example_dags/example_latest_only_with_trigger.py
[2021-10-27 07:39:23,779] {processor.py:620} INFO - Processing file /home/airflow/.local/lib/python3.6/site-packages/airflow/example_dags/example_latest_only_with_trigger.py for tasks to queue
[2021-10-27 07:39:23,780] {logging_mixin.py:109} INFO - [2021-10-27 07:39:23,780] {dagbag.py:500} INFO - Filling up the DagBag from /home/airflow/.local/lib/python3.6/site-packages/airflow/example_dags/example_latest_only_with_trigger.py
[2021-10-27 07:39:23,809] {processor.py:632} INFO - DAG(s) dict_keys(['latest_only_with_trigger']) retrieved from /home/airflow/.local/lib/python3.6/site-packages/airflow/example_dags/example_latest_only_with_trigger.py
[2021-10-27 07:39:23,821] {logging_mixin.py:109} INFO - [2021-10-27 07:39:23,821] {dag.py:2389} INFO - Sync 1 DAGs
[2021-10-27 07:39:23,836] {logging_mixin.py:109} INFO - [2021-10-27 07:39:23,836] {dag.py:2914} INFO - Setting next_dagrun for latest_only_with_trigger to 2021-10-27T03:39:23.836005+00:00
[2021-10-27 07:39:23,849] {processor.py:171} INFO - Processing /home/airflow/.local/lib/python3.6/site-packages/airflow/example_dags/example_latest_only_with_trigger.py took 0.073 seconds
[2021-10-27 07:39:54,150] {processor.py:163} INFO - Started process (PID=1455) to work on /home/airflow/.local/lib/python3.6/site-packages/airflow/example_dags/example_latest_only_with_trigger.py
[2021-10-27 07:39:54,151] {processor.py:620} INFO - Processing file /home/airflow/.local/lib/python3.6/site-packages/airflow/example_dags/example_latest_only_with_trigger.py for tasks to queue
[2021-10-27 07:39:54,152] {logging_mixin.py:109} INFO - [2021-10-27 07:39:54,152] {dagbag.py:500} INFO - Filling up the DagBag from /home/airflow/.local/lib/python3.6/site-packages/airflow/example_dags/example_latest_only_with_trigger.py
[2021-10-27 07:39:54,180] {processor.py:632} INFO - DAG(s) dict_keys(['latest_only_with_trigger']) retrieved from /home/airflow/.local/lib/python3.6/site-packages/airflow/example_dags/example_latest_only_with_trigger.py
[2021-10-27 07:39:54,191] {logging_mixin.py:109} INFO - [2021-10-27 07:39:54,191] {dag.py:2389} INFO - Sync 1 DAGs
[2021-10-27 07:39:54,208] {logging_mixin.py:109} INFO - [2021-10-27 07:39:54,208] {dag.py:2914} INFO - Setting next_dagrun for latest_only_with_trigger to 2021-10-27T03:39:54.207748+00:00
[2021-10-27 07:39:54,221] {processor.py:171} INFO - Processing /home/airflow/.local/lib/python3.6/site-packages/airflow/example_dags/example_latest_only_with_trigger.py took 0.075 seconds
[2021-10-27 07:40:24,598] {processor.py:163} INFO - Started process (PID=1521) to work on /home/airflow/.local/lib/python3.6/site-packages/airflow/example_dags/example_latest_only_with_trigger.py
[2021-10-27 07:40:24,600] {processor.py:620} INFO - Processing file /home/airflow/.local/lib/python3.6/site-packages/airflow/example_dags/example_latest_only_with_trigger.py for tasks to queue
[2021-10-27 07:40:24,601] {logging_mixin.py:109} INFO - [2021-10-27 07:40:24,600] {dagbag.py:500} INFO - Filling up the DagBag from /home/airflow/.local/lib/python3.6/site-packages/airflow/example_dags/example_latest_only_with_trigger.py
[2021-10-27 07:40:24,626] {processor.py:632} INFO - DAG(s) dict_keys(['latest_only_with_trigger']) retrieved from /home/airflow/.local/lib/python3.6/site-packages/airflow/example_dags/example_latest_only_with_trigger.py
[2021-10-27 07:40:24,639] {logging_mixin.py:109} INFO - [2021-10-27 07:40:24,639] {dag.py:2389} INFO - Sync 1 DAGs
[2021-10-27 07:40:24,655] {logging_mixin.py:109} INFO - [2021-10-27 07:40:24,654] {dag.py:2914} INFO - Setting next_dagrun for latest_only_with_trigger to 2021-10-27T03:40:24.654728+00:00
[2021-10-27 07:40:24,667] {processor.py:171} INFO - Processing /home/airflow/.local/lib/python3.6/site-packages/airflow/example_dags/example_latest_only_with_trigger.py took 0.071 seconds
[2021-10-27 07:40:55,006] {processor.py:163} INFO - Started process (PID=1575) to work on /home/airflow/.local/lib/python3.6/site-packages/airflow/example_dags/example_latest_only_with_trigger.py
[2021-10-27 07:40:55,007] {processor.py:620} INFO - Processing file /home/airflow/.local/lib/python3.6/site-packages/airflow/example_dags/example_latest_only_with_trigger.py for tasks to queue
[2021-10-27 07:40:55,008] {logging_mixin.py:109} INFO - [2021-10-27 07:40:55,008] {dagbag.py:500} INFO - Filling up the DagBag from /home/airflow/.local/lib/python3.6/site-packages/airflow/example_dags/example_latest_only_with_trigger.py
[2021-10-27 07:40:55,041] {processor.py:632} INFO - DAG(s) dict_keys(['latest_only_with_trigger']) retrieved from /home/airflow/.local/lib/python3.6/site-packages/airflow/example_dags/example_latest_only_with_trigger.py
[2021-10-27 07:40:55,052] {logging_mixin.py:109} INFO - [2021-10-27 07:40:55,052] {dag.py:2389} INFO - Sync 1 DAGs
[2021-10-27 07:40:55,068] {logging_mixin.py:109} INFO - [2021-10-27 07:40:55,068] {dag.py:2914} INFO - Setting next_dagrun for latest_only_with_trigger to 2021-10-27T03:40:55.068312+00:00
[2021-10-27 07:40:55,081] {processor.py:171} INFO - Processing /home/airflow/.local/lib/python3.6/site-packages/airflow/example_dags/example_latest_only_with_trigger.py took 0.079 seconds
[2021-10-27 07:41:25,594] {processor.py:163} INFO - Started process (PID=1639) to work on /home/airflow/.local/lib/python3.6/site-packages/airflow/example_dags/example_latest_only_with_trigger.py
[2021-10-27 07:41:25,595] {processor.py:620} INFO - Processing file /home/airflow/.local/lib/python3.6/site-packages/airflow/example_dags/example_latest_only_with_trigger.py for tasks to queue
[2021-10-27 07:41:25,596] {logging_mixin.py:109} INFO - [2021-10-27 07:41:25,596] {dagbag.py:500} INFO - Filling up the DagBag from /home/airflow/.local/lib/python3.6/site-packages/airflow/example_dags/example_latest_only_with_trigger.py
[2021-10-27 07:41:25,622] {processor.py:632} INFO - DAG(s) dict_keys(['latest_only_with_trigger']) retrieved from /home/airflow/.local/lib/python3.6/site-packages/airflow/example_dags/example_latest_only_with_trigger.py
[2021-10-27 07:41:25,633] {logging_mixin.py:109} INFO - [2021-10-27 07:41:25,633] {dag.py:2389} INFO - Sync 1 DAGs
[2021-10-27 07:41:25,648] {logging_mixin.py:109} INFO - [2021-10-27 07:41:25,648] {dag.py:2914} INFO - Setting next_dagrun for latest_only_with_trigger to 2021-10-27T03:41:25.648429+00:00
[2021-10-27 07:41:25,660] {processor.py:171} INFO - Processing /home/airflow/.local/lib/python3.6/site-packages/airflow/example_dags/example_latest_only_with_trigger.py took 0.069 seconds
[2021-10-27 07:41:55,734] {processor.py:163} INFO - Started process (PID=1693) to work on /home/airflow/.local/lib/python3.6/site-packages/airflow/example_dags/example_latest_only_with_trigger.py
[2021-10-27 07:41:55,736] {processor.py:620} INFO - Processing file /home/airflow/.local/lib/python3.6/site-packages/airflow/example_dags/example_latest_only_with_trigger.py for tasks to queue
[2021-10-27 07:41:55,737] {logging_mixin.py:109} INFO - [2021-10-27 07:41:55,737] {dagbag.py:500} INFO - Filling up the DagBag from /home/airflow/.local/lib/python3.6/site-packages/airflow/example_dags/example_latest_only_with_trigger.py
[2021-10-27 07:41:55,762] {processor.py:632} INFO - DAG(s) dict_keys(['latest_only_with_trigger']) retrieved from /home/airflow/.local/lib/python3.6/site-packages/airflow/example_dags/example_latest_only_with_trigger.py
[2021-10-27 07:41:55,773] {logging_mixin.py:109} INFO - [2021-10-27 07:41:55,773] {dag.py:2389} INFO - Sync 1 DAGs
[2021-10-27 07:41:55,787] {logging_mixin.py:109} INFO - [2021-10-27 07:41:55,787] {dag.py:2914} INFO - Setting next_dagrun for latest_only_with_trigger to 2021-10-27T03:41:55.787232+00:00
[2021-10-27 07:41:55,797] {processor.py:171} INFO - Processing /home/airflow/.local/lib/python3.6/site-packages/airflow/example_dags/example_latest_only_with_trigger.py took 0.066 seconds
[2021-10-27 07:42:26,851] {processor.py:163} INFO - Started process (PID=1759) to work on /home/airflow/.local/lib/python3.6/site-packages/airflow/example_dags/example_latest_only_with_trigger.py
[2021-10-27 07:42:26,853] {processor.py:620} INFO - Processing file /home/airflow/.local/lib/python3.6/site-packages/airflow/example_dags/example_latest_only_with_trigger.py for tasks to queue
[2021-10-27 07:42:26,853] {logging_mixin.py:109} INFO - [2021-10-27 07:42:26,853] {dagbag.py:500} INFO - Filling up the DagBag from /home/airflow/.local/lib/python3.6/site-packages/airflow/example_dags/example_latest_only_with_trigger.py
[2021-10-27 07:42:26,880] {processor.py:632} INFO - DAG(s) dict_keys(['latest_only_with_trigger']) retrieved from /home/airflow/.local/lib/python3.6/site-packages/airflow/example_dags/example_latest_only_with_trigger.py
[2021-10-27 07:42:26,894] {logging_mixin.py:109} INFO - [2021-10-27 07:42:26,894] {dag.py:2389} INFO - Sync 1 DAGs
[2021-10-27 07:42:26,912] {logging_mixin.py:109} INFO - [2021-10-27 07:42:26,912] {dag.py:2914} INFO - Setting next_dagrun for latest_only_with_trigger to 2021-10-27T03:42:26.912002+00:00
[2021-10-27 07:42:26,923] {processor.py:171} INFO - Processing /home/airflow/.local/lib/python3.6/site-packages/airflow/example_dags/example_latest_only_with_trigger.py took 0.076 seconds
[2021-10-27 07:42:57,880] {processor.py:163} INFO - Started process (PID=1815) to work on /home/airflow/.local/lib/python3.6/site-packages/airflow/example_dags/example_latest_only_with_trigger.py
[2021-10-27 07:42:57,881] {processor.py:620} INFO - Processing file /home/airflow/.local/lib/python3.6/site-packages/airflow/example_dags/example_latest_only_with_trigger.py for tasks to queue
[2021-10-27 07:42:57,882] {logging_mixin.py:109} INFO - [2021-10-27 07:42:57,882] {dagbag.py:500} INFO - Filling up the DagBag from /home/airflow/.local/lib/python3.6/site-packages/airflow/example_dags/example_latest_only_with_trigger.py
[2021-10-27 07:42:57,907] {processor.py:632} INFO - DAG(s) dict_keys(['latest_only_with_trigger']) retrieved from /home/airflow/.local/lib/python3.6/site-packages/airflow/example_dags/example_latest_only_with_trigger.py
[2021-10-27 07:42:57,918] {logging_mixin.py:109} INFO - [2021-10-27 07:42:57,918] {dag.py:2389} INFO - Sync 1 DAGs
[2021-10-27 07:42:57,934] {logging_mixin.py:109} INFO - [2021-10-27 07:42:57,934] {dag.py:2914} INFO - Setting next_dagrun for latest_only_with_trigger to 2021-10-27T03:42:57.934580+00:00
[2021-10-27 07:42:57,946] {processor.py:171} INFO - Processing /home/airflow/.local/lib/python3.6/site-packages/airflow/example_dags/example_latest_only_with_trigger.py took 0.069 seconds
[2021-10-27 07:43:28,816] {processor.py:163} INFO - Started process (PID=1882) to work on /home/airflow/.local/lib/python3.6/site-packages/airflow/example_dags/example_latest_only_with_trigger.py
[2021-10-27 07:43:28,818] {processor.py:620} INFO - Processing file /home/airflow/.local/lib/python3.6/site-packages/airflow/example_dags/example_latest_only_with_trigger.py for tasks to queue
[2021-10-27 07:43:28,819] {logging_mixin.py:109} INFO - [2021-10-27 07:43:28,819] {dagbag.py:500} INFO - Filling up the DagBag from /home/airflow/.local/lib/python3.6/site-packages/airflow/example_dags/example_latest_only_with_trigger.py
[2021-10-27 07:43:28,948] {processor.py:632} INFO - DAG(s) dict_keys(['latest_only_with_trigger']) retrieved from /home/airflow/.local/lib/python3.6/site-packages/airflow/example_dags/example_latest_only_with_trigger.py
[2021-10-27 07:43:28,980] {logging_mixin.py:109} INFO - [2021-10-27 07:43:28,979] {dag.py:2389} INFO - Sync 1 DAGs
[2021-10-27 07:43:29,005] {logging_mixin.py:109} INFO - [2021-10-27 07:43:29,005] {dag.py:2914} INFO - Setting next_dagrun for latest_only_with_trigger to 2021-10-27T03:43:29.005542+00:00
[2021-10-27 07:43:29,018] {processor.py:171} INFO - Processing /home/airflow/.local/lib/python3.6/site-packages/airflow/example_dags/example_latest_only_with_trigger.py took 0.204 seconds
[2021-10-27 07:43:59,559] {processor.py:163} INFO - Started process (PID=1938) to work on /home/airflow/.local/lib/python3.6/site-packages/airflow/example_dags/example_latest_only_with_trigger.py
[2021-10-27 07:43:59,561] {processor.py:620} INFO - Processing file /home/airflow/.local/lib/python3.6/site-packages/airflow/example_dags/example_latest_only_with_trigger.py for tasks to queue
[2021-10-27 07:43:59,562] {logging_mixin.py:109} INFO - [2021-10-27 07:43:59,562] {dagbag.py:500} INFO - Filling up the DagBag from /home/airflow/.local/lib/python3.6/site-packages/airflow/example_dags/example_latest_only_with_trigger.py
[2021-10-27 07:43:59,590] {processor.py:632} INFO - DAG(s) dict_keys(['latest_only_with_trigger']) retrieved from /home/airflow/.local/lib/python3.6/site-packages/airflow/example_dags/example_latest_only_with_trigger.py
[2021-10-27 07:43:59,603] {logging_mixin.py:109} INFO - [2021-10-27 07:43:59,603] {dag.py:2389} INFO - Sync 1 DAGs
[2021-10-27 07:43:59,620] {logging_mixin.py:109} INFO - [2021-10-27 07:43:59,620] {dag.py:2914} INFO - Setting next_dagrun for latest_only_with_trigger to 2021-10-27T03:43:59.619807+00:00
[2021-10-27 07:43:59,633] {processor.py:171} INFO - Processing /home/airflow/.local/lib/python3.6/site-packages/airflow/example_dags/example_latest_only_with_trigger.py took 0.077 seconds
[2021-10-27 07:44:29,859] {processor.py:163} INFO - Started process (PID=1994) to work on /home/airflow/.local/lib/python3.6/site-packages/airflow/example_dags/example_latest_only_with_trigger.py
[2021-10-27 07:44:29,860] {processor.py:620} INFO - Processing file /home/airflow/.local/lib/python3.6/site-packages/airflow/example_dags/example_latest_only_with_trigger.py for tasks to queue
[2021-10-27 07:44:29,861] {logging_mixin.py:109} INFO - [2021-10-27 07:44:29,861] {dagbag.py:500} INFO - Filling up the DagBag from /home/airflow/.local/lib/python3.6/site-packages/airflow/example_dags/example_latest_only_with_trigger.py
[2021-10-27 07:44:29,893] {processor.py:632} INFO - DAG(s) dict_keys(['latest_only_with_trigger']) retrieved from /home/airflow/.local/lib/python3.6/site-packages/airflow/example_dags/example_latest_only_with_trigger.py
[2021-10-27 07:44:29,905] {logging_mixin.py:109} INFO - [2021-10-27 07:44:29,905] {dag.py:2389} INFO - Sync 1 DAGs
[2021-10-27 07:44:29,921] {logging_mixin.py:109} INFO - [2021-10-27 07:44:29,920] {dag.py:2914} INFO - Setting next_dagrun for latest_only_with_trigger to 2021-10-27T03:44:29.920619+00:00
[2021-10-27 07:44:29,933] {processor.py:171} INFO - Processing /home/airflow/.local/lib/python3.6/site-packages/airflow/example_dags/example_latest_only_with_trigger.py took 0.077 seconds
