[2021-10-27 07:17:43,604] {processor.py:163} INFO - Started process (PID=61) to work on /home/airflow/.local/lib/python3.6/site-packages/airflow/example_dags/example_branch_day_of_week_operator.py
[2021-10-27 07:17:43,606] {processor.py:620} INFO - Processing file /home/airflow/.local/lib/python3.6/site-packages/airflow/example_dags/example_branch_day_of_week_operator.py for tasks to queue
[2021-10-27 07:17:43,607] {logging_mixin.py:109} INFO - [2021-10-27 07:17:43,607] {dagbag.py:500} INFO - Filling up the DagBag from /home/airflow/.local/lib/python3.6/site-packages/airflow/example_dags/example_branch_day_of_week_operator.py
[2021-10-27 07:17:43,742] {processor.py:632} INFO - DAG(s) dict_keys(['example_weekday_branch_operator']) retrieved from /home/airflow/.local/lib/python3.6/site-packages/airflow/example_dags/example_branch_day_of_week_operator.py
[2021-10-27 07:17:43,753] {logging_mixin.py:109} INFO - [2021-10-27 07:17:43,753] {dag.py:2389} INFO - Sync 1 DAGs
[2021-10-27 07:17:43,769] {logging_mixin.py:109} INFO - [2021-10-27 07:17:43,769] {dag.py:2914} INFO - Setting next_dagrun for example_weekday_branch_operator to 2021-10-26 00:00:00+00:00
[2021-10-27 07:17:43,783] {processor.py:171} INFO - Processing /home/airflow/.local/lib/python3.6/site-packages/airflow/example_dags/example_branch_day_of_week_operator.py took 0.184 seconds
[2021-10-27 07:18:14,427] {processor.py:163} INFO - Started process (PID=117) to work on /home/airflow/.local/lib/python3.6/site-packages/airflow/example_dags/example_branch_day_of_week_operator.py
[2021-10-27 07:18:14,429] {processor.py:620} INFO - Processing file /home/airflow/.local/lib/python3.6/site-packages/airflow/example_dags/example_branch_day_of_week_operator.py for tasks to queue
[2021-10-27 07:18:14,430] {logging_mixin.py:109} INFO - [2021-10-27 07:18:14,430] {dagbag.py:500} INFO - Filling up the DagBag from /home/airflow/.local/lib/python3.6/site-packages/airflow/example_dags/example_branch_day_of_week_operator.py
[2021-10-27 07:18:14,459] {processor.py:632} INFO - DAG(s) dict_keys(['example_weekday_branch_operator']) retrieved from /home/airflow/.local/lib/python3.6/site-packages/airflow/example_dags/example_branch_day_of_week_operator.py
[2021-10-27 07:18:14,470] {logging_mixin.py:109} INFO - [2021-10-27 07:18:14,470] {dag.py:2389} INFO - Sync 1 DAGs
[2021-10-27 07:18:14,487] {logging_mixin.py:109} INFO - [2021-10-27 07:18:14,487] {dag.py:2914} INFO - Setting next_dagrun for example_weekday_branch_operator to 2021-10-26 00:00:00+00:00
[2021-10-27 07:18:14,500] {processor.py:171} INFO - Processing /home/airflow/.local/lib/python3.6/site-packages/airflow/example_dags/example_branch_day_of_week_operator.py took 0.076 seconds
[2021-10-27 07:18:44,774] {processor.py:163} INFO - Started process (PID=172) to work on /home/airflow/.local/lib/python3.6/site-packages/airflow/example_dags/example_branch_day_of_week_operator.py
[2021-10-27 07:18:44,776] {processor.py:620} INFO - Processing file /home/airflow/.local/lib/python3.6/site-packages/airflow/example_dags/example_branch_day_of_week_operator.py for tasks to queue
[2021-10-27 07:18:44,777] {logging_mixin.py:109} INFO - [2021-10-27 07:18:44,777] {dagbag.py:500} INFO - Filling up the DagBag from /home/airflow/.local/lib/python3.6/site-packages/airflow/example_dags/example_branch_day_of_week_operator.py
[2021-10-27 07:18:44,810] {processor.py:632} INFO - DAG(s) dict_keys(['example_weekday_branch_operator']) retrieved from /home/airflow/.local/lib/python3.6/site-packages/airflow/example_dags/example_branch_day_of_week_operator.py
[2021-10-27 07:18:44,822] {logging_mixin.py:109} INFO - [2021-10-27 07:18:44,822] {dag.py:2389} INFO - Sync 1 DAGs
[2021-10-27 07:18:44,846] {logging_mixin.py:109} INFO - [2021-10-27 07:18:44,846] {dag.py:2914} INFO - Setting next_dagrun for example_weekday_branch_operator to 2021-10-26 00:00:00+00:00
[2021-10-27 07:18:44,857] {processor.py:171} INFO - Processing /home/airflow/.local/lib/python3.6/site-packages/airflow/example_dags/example_branch_day_of_week_operator.py took 0.086 seconds
[2021-10-27 07:19:15,926] {processor.py:163} INFO - Started process (PID=236) to work on /home/airflow/.local/lib/python3.6/site-packages/airflow/example_dags/example_branch_day_of_week_operator.py
[2021-10-27 07:19:15,928] {processor.py:620} INFO - Processing file /home/airflow/.local/lib/python3.6/site-packages/airflow/example_dags/example_branch_day_of_week_operator.py for tasks to queue
[2021-10-27 07:19:15,930] {logging_mixin.py:109} INFO - [2021-10-27 07:19:15,930] {dagbag.py:500} INFO - Filling up the DagBag from /home/airflow/.local/lib/python3.6/site-packages/airflow/example_dags/example_branch_day_of_week_operator.py
[2021-10-27 07:19:15,977] {processor.py:632} INFO - DAG(s) dict_keys(['example_weekday_branch_operator']) retrieved from /home/airflow/.local/lib/python3.6/site-packages/airflow/example_dags/example_branch_day_of_week_operator.py
[2021-10-27 07:19:15,997] {logging_mixin.py:109} INFO - [2021-10-27 07:19:15,997] {dag.py:2389} INFO - Sync 1 DAGs
[2021-10-27 07:19:16,026] {logging_mixin.py:109} INFO - [2021-10-27 07:19:16,026] {dag.py:2914} INFO - Setting next_dagrun for example_weekday_branch_operator to 2021-10-26 00:00:00+00:00
[2021-10-27 07:19:16,042] {processor.py:171} INFO - Processing /home/airflow/.local/lib/python3.6/site-packages/airflow/example_dags/example_branch_day_of_week_operator.py took 0.121 seconds
[2021-10-27 07:19:47,029] {processor.py:163} INFO - Started process (PID=292) to work on /home/airflow/.local/lib/python3.6/site-packages/airflow/example_dags/example_branch_day_of_week_operator.py
[2021-10-27 07:19:47,030] {processor.py:620} INFO - Processing file /home/airflow/.local/lib/python3.6/site-packages/airflow/example_dags/example_branch_day_of_week_operator.py for tasks to queue
[2021-10-27 07:19:47,031] {logging_mixin.py:109} INFO - [2021-10-27 07:19:47,031] {dagbag.py:500} INFO - Filling up the DagBag from /home/airflow/.local/lib/python3.6/site-packages/airflow/example_dags/example_branch_day_of_week_operator.py
[2021-10-27 07:19:47,062] {processor.py:632} INFO - DAG(s) dict_keys(['example_weekday_branch_operator']) retrieved from /home/airflow/.local/lib/python3.6/site-packages/airflow/example_dags/example_branch_day_of_week_operator.py
[2021-10-27 07:19:47,076] {logging_mixin.py:109} INFO - [2021-10-27 07:19:47,076] {dag.py:2389} INFO - Sync 1 DAGs
[2021-10-27 07:19:47,097] {logging_mixin.py:109} INFO - [2021-10-27 07:19:47,097] {dag.py:2914} INFO - Setting next_dagrun for example_weekday_branch_operator to 2021-10-26 00:00:00+00:00
[2021-10-27 07:19:47,111] {processor.py:171} INFO - Processing /home/airflow/.local/lib/python3.6/site-packages/airflow/example_dags/example_branch_day_of_week_operator.py took 0.086 seconds
[2021-10-27 07:20:17,518] {processor.py:163} INFO - Started process (PID=359) to work on /home/airflow/.local/lib/python3.6/site-packages/airflow/example_dags/example_branch_day_of_week_operator.py
[2021-10-27 07:20:17,519] {processor.py:620} INFO - Processing file /home/airflow/.local/lib/python3.6/site-packages/airflow/example_dags/example_branch_day_of_week_operator.py for tasks to queue
[2021-10-27 07:20:17,520] {logging_mixin.py:109} INFO - [2021-10-27 07:20:17,520] {dagbag.py:500} INFO - Filling up the DagBag from /home/airflow/.local/lib/python3.6/site-packages/airflow/example_dags/example_branch_day_of_week_operator.py
[2021-10-27 07:20:17,551] {processor.py:632} INFO - DAG(s) dict_keys(['example_weekday_branch_operator']) retrieved from /home/airflow/.local/lib/python3.6/site-packages/airflow/example_dags/example_branch_day_of_week_operator.py
[2021-10-27 07:20:17,563] {logging_mixin.py:109} INFO - [2021-10-27 07:20:17,563] {dag.py:2389} INFO - Sync 1 DAGs
[2021-10-27 07:20:17,584] {logging_mixin.py:109} INFO - [2021-10-27 07:20:17,584] {dag.py:2914} INFO - Setting next_dagrun for example_weekday_branch_operator to 2021-10-26 00:00:00+00:00
[2021-10-27 07:20:17,595] {processor.py:171} INFO - Processing /home/airflow/.local/lib/python3.6/site-packages/airflow/example_dags/example_branch_day_of_week_operator.py took 0.080 seconds
[2021-10-27 07:20:47,716] {processor.py:163} INFO - Started process (PID=413) to work on /home/airflow/.local/lib/python3.6/site-packages/airflow/example_dags/example_branch_day_of_week_operator.py
[2021-10-27 07:20:47,717] {processor.py:620} INFO - Processing file /home/airflow/.local/lib/python3.6/site-packages/airflow/example_dags/example_branch_day_of_week_operator.py for tasks to queue
[2021-10-27 07:20:47,718] {logging_mixin.py:109} INFO - [2021-10-27 07:20:47,718] {dagbag.py:500} INFO - Filling up the DagBag from /home/airflow/.local/lib/python3.6/site-packages/airflow/example_dags/example_branch_day_of_week_operator.py
[2021-10-27 07:20:47,748] {processor.py:632} INFO - DAG(s) dict_keys(['example_weekday_branch_operator']) retrieved from /home/airflow/.local/lib/python3.6/site-packages/airflow/example_dags/example_branch_day_of_week_operator.py
[2021-10-27 07:20:47,760] {logging_mixin.py:109} INFO - [2021-10-27 07:20:47,760] {dag.py:2389} INFO - Sync 1 DAGs
[2021-10-27 07:20:47,777] {logging_mixin.py:109} INFO - [2021-10-27 07:20:47,777] {dag.py:2914} INFO - Setting next_dagrun for example_weekday_branch_operator to 2021-10-26 00:00:00+00:00
[2021-10-27 07:20:47,788] {processor.py:171} INFO - Processing /home/airflow/.local/lib/python3.6/site-packages/airflow/example_dags/example_branch_day_of_week_operator.py took 0.075 seconds
[2021-10-27 07:21:18,365] {processor.py:163} INFO - Started process (PID=480) to work on /home/airflow/.local/lib/python3.6/site-packages/airflow/example_dags/example_branch_day_of_week_operator.py
[2021-10-27 07:21:18,367] {processor.py:620} INFO - Processing file /home/airflow/.local/lib/python3.6/site-packages/airflow/example_dags/example_branch_day_of_week_operator.py for tasks to queue
[2021-10-27 07:21:18,368] {logging_mixin.py:109} INFO - [2021-10-27 07:21:18,368] {dagbag.py:500} INFO - Filling up the DagBag from /home/airflow/.local/lib/python3.6/site-packages/airflow/example_dags/example_branch_day_of_week_operator.py
[2021-10-27 07:21:18,408] {processor.py:632} INFO - DAG(s) dict_keys(['example_weekday_branch_operator']) retrieved from /home/airflow/.local/lib/python3.6/site-packages/airflow/example_dags/example_branch_day_of_week_operator.py
[2021-10-27 07:21:18,425] {logging_mixin.py:109} INFO - [2021-10-27 07:21:18,424] {dag.py:2389} INFO - Sync 1 DAGs
[2021-10-27 07:21:18,446] {logging_mixin.py:109} INFO - [2021-10-27 07:21:18,446] {dag.py:2914} INFO - Setting next_dagrun for example_weekday_branch_operator to 2021-10-26 00:00:00+00:00
[2021-10-27 07:21:18,460] {processor.py:171} INFO - Processing /home/airflow/.local/lib/python3.6/site-packages/airflow/example_dags/example_branch_day_of_week_operator.py took 0.099 seconds
[2021-10-27 07:21:48,698] {processor.py:163} INFO - Started process (PID=533) to work on /home/airflow/.local/lib/python3.6/site-packages/airflow/example_dags/example_branch_day_of_week_operator.py
[2021-10-27 07:21:48,699] {processor.py:620} INFO - Processing file /home/airflow/.local/lib/python3.6/site-packages/airflow/example_dags/example_branch_day_of_week_operator.py for tasks to queue
[2021-10-27 07:21:48,700] {logging_mixin.py:109} INFO - [2021-10-27 07:21:48,700] {dagbag.py:500} INFO - Filling up the DagBag from /home/airflow/.local/lib/python3.6/site-packages/airflow/example_dags/example_branch_day_of_week_operator.py
[2021-10-27 07:21:48,730] {processor.py:632} INFO - DAG(s) dict_keys(['example_weekday_branch_operator']) retrieved from /home/airflow/.local/lib/python3.6/site-packages/airflow/example_dags/example_branch_day_of_week_operator.py
[2021-10-27 07:21:48,741] {logging_mixin.py:109} INFO - [2021-10-27 07:21:48,741] {dag.py:2389} INFO - Sync 1 DAGs
[2021-10-27 07:21:48,758] {logging_mixin.py:109} INFO - [2021-10-27 07:21:48,758] {dag.py:2914} INFO - Setting next_dagrun for example_weekday_branch_operator to 2021-10-26 00:00:00+00:00
[2021-10-27 07:21:48,769] {processor.py:171} INFO - Processing /home/airflow/.local/lib/python3.6/site-packages/airflow/example_dags/example_branch_day_of_week_operator.py took 0.074 seconds
[2021-10-27 07:22:19,131] {processor.py:163} INFO - Started process (PID=588) to work on /home/airflow/.local/lib/python3.6/site-packages/airflow/example_dags/example_branch_day_of_week_operator.py
[2021-10-27 07:22:19,133] {processor.py:620} INFO - Processing file /home/airflow/.local/lib/python3.6/site-packages/airflow/example_dags/example_branch_day_of_week_operator.py for tasks to queue
[2021-10-27 07:22:19,134] {logging_mixin.py:109} INFO - [2021-10-27 07:22:19,134] {dagbag.py:500} INFO - Filling up the DagBag from /home/airflow/.local/lib/python3.6/site-packages/airflow/example_dags/example_branch_day_of_week_operator.py
[2021-10-27 07:22:19,176] {processor.py:632} INFO - DAG(s) dict_keys(['example_weekday_branch_operator']) retrieved from /home/airflow/.local/lib/python3.6/site-packages/airflow/example_dags/example_branch_day_of_week_operator.py
[2021-10-27 07:22:19,191] {logging_mixin.py:109} INFO - [2021-10-27 07:22:19,191] {dag.py:2389} INFO - Sync 1 DAGs
[2021-10-27 07:22:19,216] {logging_mixin.py:109} INFO - [2021-10-27 07:22:19,216] {dag.py:2914} INFO - Setting next_dagrun for example_weekday_branch_operator to 2021-10-26 00:00:00+00:00
[2021-10-27 07:22:19,230] {processor.py:171} INFO - Processing /home/airflow/.local/lib/python3.6/site-packages/airflow/example_dags/example_branch_day_of_week_operator.py took 0.102 seconds
[2021-10-27 07:22:49,542] {processor.py:163} INFO - Started process (PID=654) to work on /home/airflow/.local/lib/python3.6/site-packages/airflow/example_dags/example_branch_day_of_week_operator.py
[2021-10-27 07:22:49,544] {processor.py:620} INFO - Processing file /home/airflow/.local/lib/python3.6/site-packages/airflow/example_dags/example_branch_day_of_week_operator.py for tasks to queue
[2021-10-27 07:22:49,545] {logging_mixin.py:109} INFO - [2021-10-27 07:22:49,545] {dagbag.py:500} INFO - Filling up the DagBag from /home/airflow/.local/lib/python3.6/site-packages/airflow/example_dags/example_branch_day_of_week_operator.py
[2021-10-27 07:22:49,573] {processor.py:632} INFO - DAG(s) dict_keys(['example_weekday_branch_operator']) retrieved from /home/airflow/.local/lib/python3.6/site-packages/airflow/example_dags/example_branch_day_of_week_operator.py
[2021-10-27 07:22:49,584] {logging_mixin.py:109} INFO - [2021-10-27 07:22:49,584] {dag.py:2389} INFO - Sync 1 DAGs
[2021-10-27 07:22:49,601] {logging_mixin.py:109} INFO - [2021-10-27 07:22:49,601] {dag.py:2914} INFO - Setting next_dagrun for example_weekday_branch_operator to 2021-10-26 00:00:00+00:00
[2021-10-27 07:22:49,613] {processor.py:171} INFO - Processing /home/airflow/.local/lib/python3.6/site-packages/airflow/example_dags/example_branch_day_of_week_operator.py took 0.075 seconds
[2021-10-27 07:23:19,833] {processor.py:163} INFO - Started process (PID=709) to work on /home/airflow/.local/lib/python3.6/site-packages/airflow/example_dags/example_branch_day_of_week_operator.py
[2021-10-27 07:23:19,835] {processor.py:620} INFO - Processing file /home/airflow/.local/lib/python3.6/site-packages/airflow/example_dags/example_branch_day_of_week_operator.py for tasks to queue
[2021-10-27 07:23:19,836] {logging_mixin.py:109} INFO - [2021-10-27 07:23:19,835] {dagbag.py:500} INFO - Filling up the DagBag from /home/airflow/.local/lib/python3.6/site-packages/airflow/example_dags/example_branch_day_of_week_operator.py
[2021-10-27 07:23:19,868] {processor.py:632} INFO - DAG(s) dict_keys(['example_weekday_branch_operator']) retrieved from /home/airflow/.local/lib/python3.6/site-packages/airflow/example_dags/example_branch_day_of_week_operator.py
[2021-10-27 07:23:19,883] {logging_mixin.py:109} INFO - [2021-10-27 07:23:19,883] {dag.py:2389} INFO - Sync 1 DAGs
[2021-10-27 07:23:19,904] {logging_mixin.py:109} INFO - [2021-10-27 07:23:19,904] {dag.py:2914} INFO - Setting next_dagrun for example_weekday_branch_operator to 2021-10-26 00:00:00+00:00
[2021-10-27 07:23:19,914] {processor.py:171} INFO - Processing /home/airflow/.local/lib/python3.6/site-packages/airflow/example_dags/example_branch_day_of_week_operator.py took 0.084 seconds
[2021-10-27 07:23:50,494] {processor.py:163} INFO - Started process (PID=774) to work on /home/airflow/.local/lib/python3.6/site-packages/airflow/example_dags/example_branch_day_of_week_operator.py
[2021-10-27 07:23:50,496] {processor.py:620} INFO - Processing file /home/airflow/.local/lib/python3.6/site-packages/airflow/example_dags/example_branch_day_of_week_operator.py for tasks to queue
[2021-10-27 07:23:50,497] {logging_mixin.py:109} INFO - [2021-10-27 07:23:50,497] {dagbag.py:500} INFO - Filling up the DagBag from /home/airflow/.local/lib/python3.6/site-packages/airflow/example_dags/example_branch_day_of_week_operator.py
[2021-10-27 07:23:50,522] {processor.py:632} INFO - DAG(s) dict_keys(['example_weekday_branch_operator']) retrieved from /home/airflow/.local/lib/python3.6/site-packages/airflow/example_dags/example_branch_day_of_week_operator.py
[2021-10-27 07:23:50,533] {logging_mixin.py:109} INFO - [2021-10-27 07:23:50,533] {dag.py:2389} INFO - Sync 1 DAGs
[2021-10-27 07:23:50,549] {logging_mixin.py:109} INFO - [2021-10-27 07:23:50,549] {dag.py:2914} INFO - Setting next_dagrun for example_weekday_branch_operator to 2021-10-26 00:00:00+00:00
[2021-10-27 07:23:50,562] {processor.py:171} INFO - Processing /home/airflow/.local/lib/python3.6/site-packages/airflow/example_dags/example_branch_day_of_week_operator.py took 0.071 seconds
[2021-10-27 07:24:21,436] {processor.py:163} INFO - Started process (PID=829) to work on /home/airflow/.local/lib/python3.6/site-packages/airflow/example_dags/example_branch_day_of_week_operator.py
[2021-10-27 07:24:21,438] {processor.py:620} INFO - Processing file /home/airflow/.local/lib/python3.6/site-packages/airflow/example_dags/example_branch_day_of_week_operator.py for tasks to queue
[2021-10-27 07:24:21,439] {logging_mixin.py:109} INFO - [2021-10-27 07:24:21,439] {dagbag.py:500} INFO - Filling up the DagBag from /home/airflow/.local/lib/python3.6/site-packages/airflow/example_dags/example_branch_day_of_week_operator.py
[2021-10-27 07:24:21,469] {processor.py:632} INFO - DAG(s) dict_keys(['example_weekday_branch_operator']) retrieved from /home/airflow/.local/lib/python3.6/site-packages/airflow/example_dags/example_branch_day_of_week_operator.py
[2021-10-27 07:24:21,482] {logging_mixin.py:109} INFO - [2021-10-27 07:24:21,482] {dag.py:2389} INFO - Sync 1 DAGs
[2021-10-27 07:24:21,499] {logging_mixin.py:109} INFO - [2021-10-27 07:24:21,498] {dag.py:2914} INFO - Setting next_dagrun for example_weekday_branch_operator to 2021-10-26 00:00:00+00:00
[2021-10-27 07:24:21,511] {processor.py:171} INFO - Processing /home/airflow/.local/lib/python3.6/site-packages/airflow/example_dags/example_branch_day_of_week_operator.py took 0.077 seconds
[2021-10-27 07:24:52,114] {processor.py:163} INFO - Started process (PID=894) to work on /home/airflow/.local/lib/python3.6/site-packages/airflow/example_dags/example_branch_day_of_week_operator.py
[2021-10-27 07:24:52,116] {processor.py:620} INFO - Processing file /home/airflow/.local/lib/python3.6/site-packages/airflow/example_dags/example_branch_day_of_week_operator.py for tasks to queue
[2021-10-27 07:24:52,116] {logging_mixin.py:109} INFO - [2021-10-27 07:24:52,116] {dagbag.py:500} INFO - Filling up the DagBag from /home/airflow/.local/lib/python3.6/site-packages/airflow/example_dags/example_branch_day_of_week_operator.py
[2021-10-27 07:24:52,144] {processor.py:632} INFO - DAG(s) dict_keys(['example_weekday_branch_operator']) retrieved from /home/airflow/.local/lib/python3.6/site-packages/airflow/example_dags/example_branch_day_of_week_operator.py
[2021-10-27 07:24:52,155] {logging_mixin.py:109} INFO - [2021-10-27 07:24:52,155] {dag.py:2389} INFO - Sync 1 DAGs
[2021-10-27 07:24:52,174] {logging_mixin.py:109} INFO - [2021-10-27 07:24:52,173] {dag.py:2914} INFO - Setting next_dagrun for example_weekday_branch_operator to 2021-10-26 00:00:00+00:00
[2021-10-27 07:24:52,184] {processor.py:171} INFO - Processing /home/airflow/.local/lib/python3.6/site-packages/airflow/example_dags/example_branch_day_of_week_operator.py took 0.073 seconds
[2021-10-27 07:25:22,543] {processor.py:163} INFO - Started process (PID=949) to work on /home/airflow/.local/lib/python3.6/site-packages/airflow/example_dags/example_branch_day_of_week_operator.py
[2021-10-27 07:25:22,545] {processor.py:620} INFO - Processing file /home/airflow/.local/lib/python3.6/site-packages/airflow/example_dags/example_branch_day_of_week_operator.py for tasks to queue
[2021-10-27 07:25:22,546] {logging_mixin.py:109} INFO - [2021-10-27 07:25:22,546] {dagbag.py:500} INFO - Filling up the DagBag from /home/airflow/.local/lib/python3.6/site-packages/airflow/example_dags/example_branch_day_of_week_operator.py
[2021-10-27 07:25:22,582] {processor.py:632} INFO - DAG(s) dict_keys(['example_weekday_branch_operator']) retrieved from /home/airflow/.local/lib/python3.6/site-packages/airflow/example_dags/example_branch_day_of_week_operator.py
[2021-10-27 07:25:22,596] {logging_mixin.py:109} INFO - [2021-10-27 07:25:22,596] {dag.py:2389} INFO - Sync 1 DAGs
[2021-10-27 07:25:22,618] {logging_mixin.py:109} INFO - [2021-10-27 07:25:22,617] {dag.py:2914} INFO - Setting next_dagrun for example_weekday_branch_operator to 2021-10-26 00:00:00+00:00
[2021-10-27 07:25:22,629] {processor.py:171} INFO - Processing /home/airflow/.local/lib/python3.6/site-packages/airflow/example_dags/example_branch_day_of_week_operator.py took 0.089 seconds
[2021-10-27 07:25:53,305] {processor.py:163} INFO - Started process (PID=1016) to work on /home/airflow/.local/lib/python3.6/site-packages/airflow/example_dags/example_branch_day_of_week_operator.py
[2021-10-27 07:25:53,306] {processor.py:620} INFO - Processing file /home/airflow/.local/lib/python3.6/site-packages/airflow/example_dags/example_branch_day_of_week_operator.py for tasks to queue
[2021-10-27 07:25:53,307] {logging_mixin.py:109} INFO - [2021-10-27 07:25:53,307] {dagbag.py:500} INFO - Filling up the DagBag from /home/airflow/.local/lib/python3.6/site-packages/airflow/example_dags/example_branch_day_of_week_operator.py
[2021-10-27 07:25:53,365] {processor.py:632} INFO - DAG(s) dict_keys(['example_weekday_branch_operator']) retrieved from /home/airflow/.local/lib/python3.6/site-packages/airflow/example_dags/example_branch_day_of_week_operator.py
[2021-10-27 07:25:53,377] {logging_mixin.py:109} INFO - [2021-10-27 07:25:53,377] {dag.py:2389} INFO - Sync 1 DAGs
[2021-10-27 07:25:53,401] {logging_mixin.py:109} INFO - [2021-10-27 07:25:53,401] {dag.py:2914} INFO - Setting next_dagrun for example_weekday_branch_operator to 2021-10-26 00:00:00+00:00
[2021-10-27 07:25:53,413] {processor.py:171} INFO - Processing /home/airflow/.local/lib/python3.6/site-packages/airflow/example_dags/example_branch_day_of_week_operator.py took 0.112 seconds
[2021-10-27 07:26:23,508] {processor.py:163} INFO - Started process (PID=1071) to work on /home/airflow/.local/lib/python3.6/site-packages/airflow/example_dags/example_branch_day_of_week_operator.py
[2021-10-27 07:26:23,509] {processor.py:620} INFO - Processing file /home/airflow/.local/lib/python3.6/site-packages/airflow/example_dags/example_branch_day_of_week_operator.py for tasks to queue
[2021-10-27 07:26:23,510] {logging_mixin.py:109} INFO - [2021-10-27 07:26:23,510] {dagbag.py:500} INFO - Filling up the DagBag from /home/airflow/.local/lib/python3.6/site-packages/airflow/example_dags/example_branch_day_of_week_operator.py
[2021-10-27 07:26:23,595] {processor.py:632} INFO - DAG(s) dict_keys(['example_weekday_branch_operator']) retrieved from /home/airflow/.local/lib/python3.6/site-packages/airflow/example_dags/example_branch_day_of_week_operator.py
[2021-10-27 07:26:23,607] {logging_mixin.py:109} INFO - [2021-10-27 07:26:23,607] {dag.py:2389} INFO - Sync 1 DAGs
[2021-10-27 07:26:23,631] {logging_mixin.py:109} INFO - [2021-10-27 07:26:23,631] {dag.py:2914} INFO - Setting next_dagrun for example_weekday_branch_operator to 2021-10-26 00:00:00+00:00
[2021-10-27 07:26:23,641] {processor.py:171} INFO - Processing /home/airflow/.local/lib/python3.6/site-packages/airflow/example_dags/example_branch_day_of_week_operator.py took 0.137 seconds
[2021-10-27 07:28:05,088] {processor.py:163} INFO - Started process (PID=58) to work on /home/airflow/.local/lib/python3.6/site-packages/airflow/example_dags/example_branch_day_of_week_operator.py
[2021-10-27 07:28:05,090] {processor.py:620} INFO - Processing file /home/airflow/.local/lib/python3.6/site-packages/airflow/example_dags/example_branch_day_of_week_operator.py for tasks to queue
[2021-10-27 07:28:05,092] {logging_mixin.py:109} INFO - [2021-10-27 07:28:05,091] {dagbag.py:500} INFO - Filling up the DagBag from /home/airflow/.local/lib/python3.6/site-packages/airflow/example_dags/example_branch_day_of_week_operator.py
[2021-10-27 07:28:05,132] {processor.py:632} INFO - DAG(s) dict_keys(['example_weekday_branch_operator']) retrieved from /home/airflow/.local/lib/python3.6/site-packages/airflow/example_dags/example_branch_day_of_week_operator.py
[2021-10-27 07:28:05,149] {logging_mixin.py:109} INFO - [2021-10-27 07:28:05,149] {dag.py:2389} INFO - Sync 1 DAGs
[2021-10-27 07:28:05,177] {logging_mixin.py:109} INFO - [2021-10-27 07:28:05,177] {dag.py:2914} INFO - Setting next_dagrun for example_weekday_branch_operator to 2021-10-26 00:00:00+00:00
[2021-10-27 07:28:05,191] {processor.py:171} INFO - Processing /home/airflow/.local/lib/python3.6/site-packages/airflow/example_dags/example_branch_day_of_week_operator.py took 0.108 seconds
[2021-10-27 07:28:35,881] {processor.py:163} INFO - Started process (PID=123) to work on /home/airflow/.local/lib/python3.6/site-packages/airflow/example_dags/example_branch_day_of_week_operator.py
[2021-10-27 07:28:35,883] {processor.py:620} INFO - Processing file /home/airflow/.local/lib/python3.6/site-packages/airflow/example_dags/example_branch_day_of_week_operator.py for tasks to queue
[2021-10-27 07:28:35,884] {logging_mixin.py:109} INFO - [2021-10-27 07:28:35,884] {dagbag.py:500} INFO - Filling up the DagBag from /home/airflow/.local/lib/python3.6/site-packages/airflow/example_dags/example_branch_day_of_week_operator.py
[2021-10-27 07:28:35,922] {processor.py:632} INFO - DAG(s) dict_keys(['example_weekday_branch_operator']) retrieved from /home/airflow/.local/lib/python3.6/site-packages/airflow/example_dags/example_branch_day_of_week_operator.py
[2021-10-27 07:28:35,939] {logging_mixin.py:109} INFO - [2021-10-27 07:28:35,939] {dag.py:2389} INFO - Sync 1 DAGs
[2021-10-27 07:28:35,964] {logging_mixin.py:109} INFO - [2021-10-27 07:28:35,964] {dag.py:2914} INFO - Setting next_dagrun for example_weekday_branch_operator to 2021-10-26 00:00:00+00:00
[2021-10-27 07:28:35,978] {processor.py:171} INFO - Processing /home/airflow/.local/lib/python3.6/site-packages/airflow/example_dags/example_branch_day_of_week_operator.py took 0.102 seconds
[2021-10-27 07:29:06,924] {processor.py:163} INFO - Started process (PID=178) to work on /home/airflow/.local/lib/python3.6/site-packages/airflow/example_dags/example_branch_day_of_week_operator.py
[2021-10-27 07:29:06,926] {processor.py:620} INFO - Processing file /home/airflow/.local/lib/python3.6/site-packages/airflow/example_dags/example_branch_day_of_week_operator.py for tasks to queue
[2021-10-27 07:29:06,927] {logging_mixin.py:109} INFO - [2021-10-27 07:29:06,927] {dagbag.py:500} INFO - Filling up the DagBag from /home/airflow/.local/lib/python3.6/site-packages/airflow/example_dags/example_branch_day_of_week_operator.py
[2021-10-27 07:29:06,964] {processor.py:632} INFO - DAG(s) dict_keys(['example_weekday_branch_operator']) retrieved from /home/airflow/.local/lib/python3.6/site-packages/airflow/example_dags/example_branch_day_of_week_operator.py
[2021-10-27 07:29:06,980] {logging_mixin.py:109} INFO - [2021-10-27 07:29:06,980] {dag.py:2389} INFO - Sync 1 DAGs
[2021-10-27 07:29:07,007] {logging_mixin.py:109} INFO - [2021-10-27 07:29:07,007] {dag.py:2914} INFO - Setting next_dagrun for example_weekday_branch_operator to 2021-10-26 00:00:00+00:00
[2021-10-27 07:29:07,021] {processor.py:171} INFO - Processing /home/airflow/.local/lib/python3.6/site-packages/airflow/example_dags/example_branch_day_of_week_operator.py took 0.102 seconds
[2021-10-27 07:29:37,303] {processor.py:163} INFO - Started process (PID=234) to work on /home/airflow/.local/lib/python3.6/site-packages/airflow/example_dags/example_branch_day_of_week_operator.py
[2021-10-27 07:29:37,305] {processor.py:620} INFO - Processing file /home/airflow/.local/lib/python3.6/site-packages/airflow/example_dags/example_branch_day_of_week_operator.py for tasks to queue
[2021-10-27 07:29:37,306] {logging_mixin.py:109} INFO - [2021-10-27 07:29:37,306] {dagbag.py:500} INFO - Filling up the DagBag from /home/airflow/.local/lib/python3.6/site-packages/airflow/example_dags/example_branch_day_of_week_operator.py
[2021-10-27 07:29:37,331] {processor.py:632} INFO - DAG(s) dict_keys(['example_weekday_branch_operator']) retrieved from /home/airflow/.local/lib/python3.6/site-packages/airflow/example_dags/example_branch_day_of_week_operator.py
[2021-10-27 07:29:37,341] {logging_mixin.py:109} INFO - [2021-10-27 07:29:37,341] {dag.py:2389} INFO - Sync 1 DAGs
[2021-10-27 07:29:37,356] {logging_mixin.py:109} INFO - [2021-10-27 07:29:37,356] {dag.py:2914} INFO - Setting next_dagrun for example_weekday_branch_operator to 2021-10-26 00:00:00+00:00
[2021-10-27 07:29:37,368] {processor.py:171} INFO - Processing /home/airflow/.local/lib/python3.6/site-packages/airflow/example_dags/example_branch_day_of_week_operator.py took 0.068 seconds
[2021-10-27 07:30:08,082] {processor.py:163} INFO - Started process (PID=300) to work on /home/airflow/.local/lib/python3.6/site-packages/airflow/example_dags/example_branch_day_of_week_operator.py
[2021-10-27 07:30:08,084] {processor.py:620} INFO - Processing file /home/airflow/.local/lib/python3.6/site-packages/airflow/example_dags/example_branch_day_of_week_operator.py for tasks to queue
[2021-10-27 07:30:08,085] {logging_mixin.py:109} INFO - [2021-10-27 07:30:08,085] {dagbag.py:500} INFO - Filling up the DagBag from /home/airflow/.local/lib/python3.6/site-packages/airflow/example_dags/example_branch_day_of_week_operator.py
[2021-10-27 07:30:08,114] {processor.py:632} INFO - DAG(s) dict_keys(['example_weekday_branch_operator']) retrieved from /home/airflow/.local/lib/python3.6/site-packages/airflow/example_dags/example_branch_day_of_week_operator.py
[2021-10-27 07:30:08,126] {logging_mixin.py:109} INFO - [2021-10-27 07:30:08,126] {dag.py:2389} INFO - Sync 1 DAGs
[2021-10-27 07:30:08,144] {logging_mixin.py:109} INFO - [2021-10-27 07:30:08,144] {dag.py:2914} INFO - Setting next_dagrun for example_weekday_branch_operator to 2021-10-26 00:00:00+00:00
[2021-10-27 07:30:08,154] {processor.py:171} INFO - Processing /home/airflow/.local/lib/python3.6/site-packages/airflow/example_dags/example_branch_day_of_week_operator.py took 0.076 seconds
[2021-10-27 07:30:38,980] {processor.py:163} INFO - Started process (PID=356) to work on /home/airflow/.local/lib/python3.6/site-packages/airflow/example_dags/example_branch_day_of_week_operator.py
[2021-10-27 07:30:38,982] {processor.py:620} INFO - Processing file /home/airflow/.local/lib/python3.6/site-packages/airflow/example_dags/example_branch_day_of_week_operator.py for tasks to queue
[2021-10-27 07:30:38,983] {logging_mixin.py:109} INFO - [2021-10-27 07:30:38,983] {dagbag.py:500} INFO - Filling up the DagBag from /home/airflow/.local/lib/python3.6/site-packages/airflow/example_dags/example_branch_day_of_week_operator.py
[2021-10-27 07:30:39,017] {processor.py:632} INFO - DAG(s) dict_keys(['example_weekday_branch_operator']) retrieved from /home/airflow/.local/lib/python3.6/site-packages/airflow/example_dags/example_branch_day_of_week_operator.py
[2021-10-27 07:30:39,034] {logging_mixin.py:109} INFO - [2021-10-27 07:30:39,034] {dag.py:2389} INFO - Sync 1 DAGs
[2021-10-27 07:30:39,060] {logging_mixin.py:109} INFO - [2021-10-27 07:30:39,060] {dag.py:2914} INFO - Setting next_dagrun for example_weekday_branch_operator to 2021-10-26 00:00:00+00:00
[2021-10-27 07:30:39,074] {processor.py:171} INFO - Processing /home/airflow/.local/lib/python3.6/site-packages/airflow/example_dags/example_branch_day_of_week_operator.py took 0.098 seconds
[2021-10-27 07:31:10,007] {processor.py:163} INFO - Started process (PID=420) to work on /home/airflow/.local/lib/python3.6/site-packages/airflow/example_dags/example_branch_day_of_week_operator.py
[2021-10-27 07:31:10,008] {processor.py:620} INFO - Processing file /home/airflow/.local/lib/python3.6/site-packages/airflow/example_dags/example_branch_day_of_week_operator.py for tasks to queue
[2021-10-27 07:31:10,009] {logging_mixin.py:109} INFO - [2021-10-27 07:31:10,009] {dagbag.py:500} INFO - Filling up the DagBag from /home/airflow/.local/lib/python3.6/site-packages/airflow/example_dags/example_branch_day_of_week_operator.py
[2021-10-27 07:31:10,036] {processor.py:632} INFO - DAG(s) dict_keys(['example_weekday_branch_operator']) retrieved from /home/airflow/.local/lib/python3.6/site-packages/airflow/example_dags/example_branch_day_of_week_operator.py
[2021-10-27 07:31:10,048] {logging_mixin.py:109} INFO - [2021-10-27 07:31:10,048] {dag.py:2389} INFO - Sync 1 DAGs
[2021-10-27 07:31:10,068] {logging_mixin.py:109} INFO - [2021-10-27 07:31:10,068] {dag.py:2914} INFO - Setting next_dagrun for example_weekday_branch_operator to 2021-10-26 00:00:00+00:00
[2021-10-27 07:31:10,080] {processor.py:171} INFO - Processing /home/airflow/.local/lib/python3.6/site-packages/airflow/example_dags/example_branch_day_of_week_operator.py took 0.076 seconds
[2021-10-27 07:31:40,784] {processor.py:163} INFO - Started process (PID=474) to work on /home/airflow/.local/lib/python3.6/site-packages/airflow/example_dags/example_branch_day_of_week_operator.py
[2021-10-27 07:31:40,786] {processor.py:620} INFO - Processing file /home/airflow/.local/lib/python3.6/site-packages/airflow/example_dags/example_branch_day_of_week_operator.py for tasks to queue
[2021-10-27 07:31:40,787] {logging_mixin.py:109} INFO - [2021-10-27 07:31:40,787] {dagbag.py:500} INFO - Filling up the DagBag from /home/airflow/.local/lib/python3.6/site-packages/airflow/example_dags/example_branch_day_of_week_operator.py
[2021-10-27 07:31:40,815] {processor.py:632} INFO - DAG(s) dict_keys(['example_weekday_branch_operator']) retrieved from /home/airflow/.local/lib/python3.6/site-packages/airflow/example_dags/example_branch_day_of_week_operator.py
[2021-10-27 07:31:40,826] {logging_mixin.py:109} INFO - [2021-10-27 07:31:40,826] {dag.py:2389} INFO - Sync 1 DAGs
[2021-10-27 07:31:40,845] {logging_mixin.py:109} INFO - [2021-10-27 07:31:40,845] {dag.py:2914} INFO - Setting next_dagrun for example_weekday_branch_operator to 2021-10-26 00:00:00+00:00
[2021-10-27 07:31:40,854] {processor.py:171} INFO - Processing /home/airflow/.local/lib/python3.6/site-packages/airflow/example_dags/example_branch_day_of_week_operator.py took 0.073 seconds
[2021-10-27 07:32:11,240] {processor.py:163} INFO - Started process (PID=540) to work on /home/airflow/.local/lib/python3.6/site-packages/airflow/example_dags/example_branch_day_of_week_operator.py
[2021-10-27 07:32:11,241] {processor.py:620} INFO - Processing file /home/airflow/.local/lib/python3.6/site-packages/airflow/example_dags/example_branch_day_of_week_operator.py for tasks to queue
[2021-10-27 07:32:11,242] {logging_mixin.py:109} INFO - [2021-10-27 07:32:11,242] {dagbag.py:500} INFO - Filling up the DagBag from /home/airflow/.local/lib/python3.6/site-packages/airflow/example_dags/example_branch_day_of_week_operator.py
[2021-10-27 07:32:11,269] {processor.py:632} INFO - DAG(s) dict_keys(['example_weekday_branch_operator']) retrieved from /home/airflow/.local/lib/python3.6/site-packages/airflow/example_dags/example_branch_day_of_week_operator.py
[2021-10-27 07:32:11,280] {logging_mixin.py:109} INFO - [2021-10-27 07:32:11,280] {dag.py:2389} INFO - Sync 1 DAGs
[2021-10-27 07:32:11,296] {logging_mixin.py:109} INFO - [2021-10-27 07:32:11,296] {dag.py:2914} INFO - Setting next_dagrun for example_weekday_branch_operator to 2021-10-26 00:00:00+00:00
[2021-10-27 07:32:11,306] {processor.py:171} INFO - Processing /home/airflow/.local/lib/python3.6/site-packages/airflow/example_dags/example_branch_day_of_week_operator.py took 0.069 seconds
[2021-10-27 07:32:41,917] {processor.py:163} INFO - Started process (PID=595) to work on /home/airflow/.local/lib/python3.6/site-packages/airflow/example_dags/example_branch_day_of_week_operator.py
[2021-10-27 07:32:41,918] {processor.py:620} INFO - Processing file /home/airflow/.local/lib/python3.6/site-packages/airflow/example_dags/example_branch_day_of_week_operator.py for tasks to queue
[2021-10-27 07:32:41,919] {logging_mixin.py:109} INFO - [2021-10-27 07:32:41,919] {dagbag.py:500} INFO - Filling up the DagBag from /home/airflow/.local/lib/python3.6/site-packages/airflow/example_dags/example_branch_day_of_week_operator.py
[2021-10-27 07:32:41,946] {processor.py:632} INFO - DAG(s) dict_keys(['example_weekday_branch_operator']) retrieved from /home/airflow/.local/lib/python3.6/site-packages/airflow/example_dags/example_branch_day_of_week_operator.py
[2021-10-27 07:32:41,957] {logging_mixin.py:109} INFO - [2021-10-27 07:32:41,957] {dag.py:2389} INFO - Sync 1 DAGs
[2021-10-27 07:32:41,973] {logging_mixin.py:109} INFO - [2021-10-27 07:32:41,973] {dag.py:2914} INFO - Setting next_dagrun for example_weekday_branch_operator to 2021-10-26 00:00:00+00:00
[2021-10-27 07:32:41,984] {processor.py:171} INFO - Processing /home/airflow/.local/lib/python3.6/site-packages/airflow/example_dags/example_branch_day_of_week_operator.py took 0.071 seconds
[2021-10-27 07:33:12,497] {processor.py:163} INFO - Started process (PID=661) to work on /home/airflow/.local/lib/python3.6/site-packages/airflow/example_dags/example_branch_day_of_week_operator.py
[2021-10-27 07:33:12,498] {processor.py:620} INFO - Processing file /home/airflow/.local/lib/python3.6/site-packages/airflow/example_dags/example_branch_day_of_week_operator.py for tasks to queue
[2021-10-27 07:33:12,499] {logging_mixin.py:109} INFO - [2021-10-27 07:33:12,499] {dagbag.py:500} INFO - Filling up the DagBag from /home/airflow/.local/lib/python3.6/site-packages/airflow/example_dags/example_branch_day_of_week_operator.py
[2021-10-27 07:33:12,539] {processor.py:632} INFO - DAG(s) dict_keys(['example_weekday_branch_operator']) retrieved from /home/airflow/.local/lib/python3.6/site-packages/airflow/example_dags/example_branch_day_of_week_operator.py
[2021-10-27 07:33:12,554] {logging_mixin.py:109} INFO - [2021-10-27 07:33:12,553] {dag.py:2389} INFO - Sync 1 DAGs
[2021-10-27 07:33:12,574] {logging_mixin.py:109} INFO - [2021-10-27 07:33:12,574] {dag.py:2914} INFO - Setting next_dagrun for example_weekday_branch_operator to 2021-10-26 00:00:00+00:00
[2021-10-27 07:33:12,586] {processor.py:171} INFO - Processing /home/airflow/.local/lib/python3.6/site-packages/airflow/example_dags/example_branch_day_of_week_operator.py took 0.093 seconds
[2021-10-27 07:33:43,623] {processor.py:163} INFO - Started process (PID=716) to work on /home/airflow/.local/lib/python3.6/site-packages/airflow/example_dags/example_branch_day_of_week_operator.py
[2021-10-27 07:33:43,624] {processor.py:620} INFO - Processing file /home/airflow/.local/lib/python3.6/site-packages/airflow/example_dags/example_branch_day_of_week_operator.py for tasks to queue
[2021-10-27 07:33:43,625] {logging_mixin.py:109} INFO - [2021-10-27 07:33:43,625] {dagbag.py:500} INFO - Filling up the DagBag from /home/airflow/.local/lib/python3.6/site-packages/airflow/example_dags/example_branch_day_of_week_operator.py
[2021-10-27 07:33:43,651] {processor.py:632} INFO - DAG(s) dict_keys(['example_weekday_branch_operator']) retrieved from /home/airflow/.local/lib/python3.6/site-packages/airflow/example_dags/example_branch_day_of_week_operator.py
[2021-10-27 07:33:43,663] {logging_mixin.py:109} INFO - [2021-10-27 07:33:43,663] {dag.py:2389} INFO - Sync 1 DAGs
[2021-10-27 07:33:43,682] {logging_mixin.py:109} INFO - [2021-10-27 07:33:43,681] {dag.py:2914} INFO - Setting next_dagrun for example_weekday_branch_operator to 2021-10-26 00:00:00+00:00
[2021-10-27 07:33:43,693] {processor.py:171} INFO - Processing /home/airflow/.local/lib/python3.6/site-packages/airflow/example_dags/example_branch_day_of_week_operator.py took 0.073 seconds
[2021-10-27 07:34:13,907] {processor.py:163} INFO - Started process (PID=780) to work on /home/airflow/.local/lib/python3.6/site-packages/airflow/example_dags/example_branch_day_of_week_operator.py
[2021-10-27 07:34:13,909] {processor.py:620} INFO - Processing file /home/airflow/.local/lib/python3.6/site-packages/airflow/example_dags/example_branch_day_of_week_operator.py for tasks to queue
[2021-10-27 07:34:13,909] {logging_mixin.py:109} INFO - [2021-10-27 07:34:13,909] {dagbag.py:500} INFO - Filling up the DagBag from /home/airflow/.local/lib/python3.6/site-packages/airflow/example_dags/example_branch_day_of_week_operator.py
[2021-10-27 07:34:13,937] {processor.py:632} INFO - DAG(s) dict_keys(['example_weekday_branch_operator']) retrieved from /home/airflow/.local/lib/python3.6/site-packages/airflow/example_dags/example_branch_day_of_week_operator.py
[2021-10-27 07:34:13,948] {logging_mixin.py:109} INFO - [2021-10-27 07:34:13,948] {dag.py:2389} INFO - Sync 1 DAGs
[2021-10-27 07:34:13,966] {logging_mixin.py:109} INFO - [2021-10-27 07:34:13,966] {dag.py:2914} INFO - Setting next_dagrun for example_weekday_branch_operator to 2021-10-26 00:00:00+00:00
[2021-10-27 07:34:13,979] {processor.py:171} INFO - Processing /home/airflow/.local/lib/python3.6/site-packages/airflow/example_dags/example_branch_day_of_week_operator.py took 0.074 seconds
[2021-10-27 07:34:44,785] {processor.py:163} INFO - Started process (PID=835) to work on /home/airflow/.local/lib/python3.6/site-packages/airflow/example_dags/example_branch_day_of_week_operator.py
[2021-10-27 07:34:44,786] {processor.py:620} INFO - Processing file /home/airflow/.local/lib/python3.6/site-packages/airflow/example_dags/example_branch_day_of_week_operator.py for tasks to queue
[2021-10-27 07:34:44,786] {logging_mixin.py:109} INFO - [2021-10-27 07:34:44,786] {dagbag.py:500} INFO - Filling up the DagBag from /home/airflow/.local/lib/python3.6/site-packages/airflow/example_dags/example_branch_day_of_week_operator.py
[2021-10-27 07:34:44,816] {processor.py:632} INFO - DAG(s) dict_keys(['example_weekday_branch_operator']) retrieved from /home/airflow/.local/lib/python3.6/site-packages/airflow/example_dags/example_branch_day_of_week_operator.py
[2021-10-27 07:34:44,826] {logging_mixin.py:109} INFO - [2021-10-27 07:34:44,826] {dag.py:2389} INFO - Sync 1 DAGs
[2021-10-27 07:34:44,841] {logging_mixin.py:109} INFO - [2021-10-27 07:34:44,841] {dag.py:2914} INFO - Setting next_dagrun for example_weekday_branch_operator to 2021-10-26 00:00:00+00:00
[2021-10-27 07:34:44,851] {processor.py:171} INFO - Processing /home/airflow/.local/lib/python3.6/site-packages/airflow/example_dags/example_branch_day_of_week_operator.py took 0.070 seconds
[2021-10-27 07:35:15,213] {processor.py:163} INFO - Started process (PID=901) to work on /home/airflow/.local/lib/python3.6/site-packages/airflow/example_dags/example_branch_day_of_week_operator.py
[2021-10-27 07:35:15,214] {processor.py:620} INFO - Processing file /home/airflow/.local/lib/python3.6/site-packages/airflow/example_dags/example_branch_day_of_week_operator.py for tasks to queue
[2021-10-27 07:35:15,215] {logging_mixin.py:109} INFO - [2021-10-27 07:35:15,215] {dagbag.py:500} INFO - Filling up the DagBag from /home/airflow/.local/lib/python3.6/site-packages/airflow/example_dags/example_branch_day_of_week_operator.py
[2021-10-27 07:35:15,245] {processor.py:632} INFO - DAG(s) dict_keys(['example_weekday_branch_operator']) retrieved from /home/airflow/.local/lib/python3.6/site-packages/airflow/example_dags/example_branch_day_of_week_operator.py
[2021-10-27 07:35:15,256] {logging_mixin.py:109} INFO - [2021-10-27 07:35:15,256] {dag.py:2389} INFO - Sync 1 DAGs
[2021-10-27 07:35:15,273] {logging_mixin.py:109} INFO - [2021-10-27 07:35:15,272] {dag.py:2914} INFO - Setting next_dagrun for example_weekday_branch_operator to 2021-10-26 00:00:00+00:00
[2021-10-27 07:35:15,283] {processor.py:171} INFO - Processing /home/airflow/.local/lib/python3.6/site-packages/airflow/example_dags/example_branch_day_of_week_operator.py took 0.074 seconds
[2021-10-27 07:35:45,608] {processor.py:163} INFO - Started process (PID=956) to work on /home/airflow/.local/lib/python3.6/site-packages/airflow/example_dags/example_branch_day_of_week_operator.py
[2021-10-27 07:35:45,609] {processor.py:620} INFO - Processing file /home/airflow/.local/lib/python3.6/site-packages/airflow/example_dags/example_branch_day_of_week_operator.py for tasks to queue
[2021-10-27 07:35:45,610] {logging_mixin.py:109} INFO - [2021-10-27 07:35:45,610] {dagbag.py:500} INFO - Filling up the DagBag from /home/airflow/.local/lib/python3.6/site-packages/airflow/example_dags/example_branch_day_of_week_operator.py
[2021-10-27 07:35:45,636] {processor.py:632} INFO - DAG(s) dict_keys(['example_weekday_branch_operator']) retrieved from /home/airflow/.local/lib/python3.6/site-packages/airflow/example_dags/example_branch_day_of_week_operator.py
[2021-10-27 07:35:45,650] {logging_mixin.py:109} INFO - [2021-10-27 07:35:45,650] {dag.py:2389} INFO - Sync 1 DAGs
[2021-10-27 07:35:45,671] {logging_mixin.py:109} INFO - [2021-10-27 07:35:45,671] {dag.py:2914} INFO - Setting next_dagrun for example_weekday_branch_operator to 2021-10-26 00:00:00+00:00
[2021-10-27 07:35:45,681] {processor.py:171} INFO - Processing /home/airflow/.local/lib/python3.6/site-packages/airflow/example_dags/example_branch_day_of_week_operator.py took 0.076 seconds
[2021-10-27 07:36:17,218] {processor.py:163} INFO - Started process (PID=1023) to work on /home/airflow/.local/lib/python3.6/site-packages/airflow/example_dags/example_branch_day_of_week_operator.py
[2021-10-27 07:36:17,220] {processor.py:620} INFO - Processing file /home/airflow/.local/lib/python3.6/site-packages/airflow/example_dags/example_branch_day_of_week_operator.py for tasks to queue
[2021-10-27 07:36:17,222] {logging_mixin.py:109} INFO - [2021-10-27 07:36:17,221] {dagbag.py:500} INFO - Filling up the DagBag from /home/airflow/.local/lib/python3.6/site-packages/airflow/example_dags/example_branch_day_of_week_operator.py
[2021-10-27 07:36:17,263] {processor.py:632} INFO - DAG(s) dict_keys(['example_weekday_branch_operator']) retrieved from /home/airflow/.local/lib/python3.6/site-packages/airflow/example_dags/example_branch_day_of_week_operator.py
[2021-10-27 07:36:17,280] {logging_mixin.py:109} INFO - [2021-10-27 07:36:17,280] {dag.py:2389} INFO - Sync 1 DAGs
[2021-10-27 07:36:17,310] {logging_mixin.py:109} INFO - [2021-10-27 07:36:17,310] {dag.py:2914} INFO - Setting next_dagrun for example_weekday_branch_operator to 2021-10-26 00:00:00+00:00
[2021-10-27 07:36:17,325] {processor.py:171} INFO - Processing /home/airflow/.local/lib/python3.6/site-packages/airflow/example_dags/example_branch_day_of_week_operator.py took 0.112 seconds
[2021-10-27 07:36:48,273] {processor.py:163} INFO - Started process (PID=1079) to work on /home/airflow/.local/lib/python3.6/site-packages/airflow/example_dags/example_branch_day_of_week_operator.py
[2021-10-27 07:36:48,274] {processor.py:620} INFO - Processing file /home/airflow/.local/lib/python3.6/site-packages/airflow/example_dags/example_branch_day_of_week_operator.py for tasks to queue
[2021-10-27 07:36:48,275] {logging_mixin.py:109} INFO - [2021-10-27 07:36:48,275] {dagbag.py:500} INFO - Filling up the DagBag from /home/airflow/.local/lib/python3.6/site-packages/airflow/example_dags/example_branch_day_of_week_operator.py
[2021-10-27 07:36:48,308] {processor.py:632} INFO - DAG(s) dict_keys(['example_weekday_branch_operator']) retrieved from /home/airflow/.local/lib/python3.6/site-packages/airflow/example_dags/example_branch_day_of_week_operator.py
[2021-10-27 07:36:48,320] {logging_mixin.py:109} INFO - [2021-10-27 07:36:48,320] {dag.py:2389} INFO - Sync 1 DAGs
[2021-10-27 07:36:48,339] {logging_mixin.py:109} INFO - [2021-10-27 07:36:48,339] {dag.py:2914} INFO - Setting next_dagrun for example_weekday_branch_operator to 2021-10-26 00:00:00+00:00
[2021-10-27 07:36:48,349] {processor.py:171} INFO - Processing /home/airflow/.local/lib/python3.6/site-packages/airflow/example_dags/example_branch_day_of_week_operator.py took 0.080 seconds
[2021-10-27 07:37:18,730] {processor.py:163} INFO - Started process (PID=1145) to work on /home/airflow/.local/lib/python3.6/site-packages/airflow/example_dags/example_branch_day_of_week_operator.py
[2021-10-27 07:37:18,731] {processor.py:620} INFO - Processing file /home/airflow/.local/lib/python3.6/site-packages/airflow/example_dags/example_branch_day_of_week_operator.py for tasks to queue
[2021-10-27 07:37:18,732] {logging_mixin.py:109} INFO - [2021-10-27 07:37:18,732] {dagbag.py:500} INFO - Filling up the DagBag from /home/airflow/.local/lib/python3.6/site-packages/airflow/example_dags/example_branch_day_of_week_operator.py
[2021-10-27 07:37:18,766] {processor.py:632} INFO - DAG(s) dict_keys(['example_weekday_branch_operator']) retrieved from /home/airflow/.local/lib/python3.6/site-packages/airflow/example_dags/example_branch_day_of_week_operator.py
[2021-10-27 07:37:18,780] {logging_mixin.py:109} INFO - [2021-10-27 07:37:18,780] {dag.py:2389} INFO - Sync 1 DAGs
[2021-10-27 07:37:18,802] {logging_mixin.py:109} INFO - [2021-10-27 07:37:18,802] {dag.py:2914} INFO - Setting next_dagrun for example_weekday_branch_operator to 2021-10-26 00:00:00+00:00
[2021-10-27 07:37:18,817] {processor.py:171} INFO - Processing /home/airflow/.local/lib/python3.6/site-packages/airflow/example_dags/example_branch_day_of_week_operator.py took 0.091 seconds
[2021-10-27 07:37:49,215] {processor.py:163} INFO - Started process (PID=1200) to work on /home/airflow/.local/lib/python3.6/site-packages/airflow/example_dags/example_branch_day_of_week_operator.py
[2021-10-27 07:37:49,216] {processor.py:620} INFO - Processing file /home/airflow/.local/lib/python3.6/site-packages/airflow/example_dags/example_branch_day_of_week_operator.py for tasks to queue
[2021-10-27 07:37:49,217] {logging_mixin.py:109} INFO - [2021-10-27 07:37:49,217] {dagbag.py:500} INFO - Filling up the DagBag from /home/airflow/.local/lib/python3.6/site-packages/airflow/example_dags/example_branch_day_of_week_operator.py
[2021-10-27 07:37:49,243] {processor.py:632} INFO - DAG(s) dict_keys(['example_weekday_branch_operator']) retrieved from /home/airflow/.local/lib/python3.6/site-packages/airflow/example_dags/example_branch_day_of_week_operator.py
[2021-10-27 07:37:49,253] {logging_mixin.py:109} INFO - [2021-10-27 07:37:49,253] {dag.py:2389} INFO - Sync 1 DAGs
[2021-10-27 07:37:49,271] {logging_mixin.py:109} INFO - [2021-10-27 07:37:49,271] {dag.py:2914} INFO - Setting next_dagrun for example_weekday_branch_operator to 2021-10-26 00:00:00+00:00
[2021-10-27 07:37:49,282] {processor.py:171} INFO - Processing /home/airflow/.local/lib/python3.6/site-packages/airflow/example_dags/example_branch_day_of_week_operator.py took 0.070 seconds
[2021-10-27 07:38:20,168] {processor.py:163} INFO - Started process (PID=1265) to work on /home/airflow/.local/lib/python3.6/site-packages/airflow/example_dags/example_branch_day_of_week_operator.py
[2021-10-27 07:38:20,169] {processor.py:620} INFO - Processing file /home/airflow/.local/lib/python3.6/site-packages/airflow/example_dags/example_branch_day_of_week_operator.py for tasks to queue
[2021-10-27 07:38:20,170] {logging_mixin.py:109} INFO - [2021-10-27 07:38:20,170] {dagbag.py:500} INFO - Filling up the DagBag from /home/airflow/.local/lib/python3.6/site-packages/airflow/example_dags/example_branch_day_of_week_operator.py
[2021-10-27 07:38:20,199] {processor.py:632} INFO - DAG(s) dict_keys(['example_weekday_branch_operator']) retrieved from /home/airflow/.local/lib/python3.6/site-packages/airflow/example_dags/example_branch_day_of_week_operator.py
[2021-10-27 07:38:20,210] {logging_mixin.py:109} INFO - [2021-10-27 07:38:20,210] {dag.py:2389} INFO - Sync 1 DAGs
[2021-10-27 07:38:20,228] {logging_mixin.py:109} INFO - [2021-10-27 07:38:20,228] {dag.py:2914} INFO - Setting next_dagrun for example_weekday_branch_operator to 2021-10-26 00:00:00+00:00
[2021-10-27 07:38:20,240] {processor.py:171} INFO - Processing /home/airflow/.local/lib/python3.6/site-packages/airflow/example_dags/example_branch_day_of_week_operator.py took 0.075 seconds
[2021-10-27 07:38:50,581] {processor.py:163} INFO - Started process (PID=1324) to work on /home/airflow/.local/lib/python3.6/site-packages/airflow/example_dags/example_branch_day_of_week_operator.py
[2021-10-27 07:38:50,582] {processor.py:620} INFO - Processing file /home/airflow/.local/lib/python3.6/site-packages/airflow/example_dags/example_branch_day_of_week_operator.py for tasks to queue
[2021-10-27 07:38:50,583] {logging_mixin.py:109} INFO - [2021-10-27 07:38:50,583] {dagbag.py:500} INFO - Filling up the DagBag from /home/airflow/.local/lib/python3.6/site-packages/airflow/example_dags/example_branch_day_of_week_operator.py
[2021-10-27 07:38:50,614] {processor.py:632} INFO - DAG(s) dict_keys(['example_weekday_branch_operator']) retrieved from /home/airflow/.local/lib/python3.6/site-packages/airflow/example_dags/example_branch_day_of_week_operator.py
[2021-10-27 07:38:50,627] {logging_mixin.py:109} INFO - [2021-10-27 07:38:50,627] {dag.py:2389} INFO - Sync 1 DAGs
[2021-10-27 07:38:50,645] {logging_mixin.py:109} INFO - [2021-10-27 07:38:50,645] {dag.py:2914} INFO - Setting next_dagrun for example_weekday_branch_operator to 2021-10-26 00:00:00+00:00
[2021-10-27 07:38:50,658] {processor.py:171} INFO - Processing /home/airflow/.local/lib/python3.6/site-packages/airflow/example_dags/example_branch_day_of_week_operator.py took 0.080 seconds
[2021-10-27 07:39:21,049] {processor.py:163} INFO - Started process (PID=1388) to work on /home/airflow/.local/lib/python3.6/site-packages/airflow/example_dags/example_branch_day_of_week_operator.py
[2021-10-27 07:39:21,050] {processor.py:620} INFO - Processing file /home/airflow/.local/lib/python3.6/site-packages/airflow/example_dags/example_branch_day_of_week_operator.py for tasks to queue
[2021-10-27 07:39:21,051] {logging_mixin.py:109} INFO - [2021-10-27 07:39:21,051] {dagbag.py:500} INFO - Filling up the DagBag from /home/airflow/.local/lib/python3.6/site-packages/airflow/example_dags/example_branch_day_of_week_operator.py
[2021-10-27 07:39:21,081] {processor.py:632} INFO - DAG(s) dict_keys(['example_weekday_branch_operator']) retrieved from /home/airflow/.local/lib/python3.6/site-packages/airflow/example_dags/example_branch_day_of_week_operator.py
[2021-10-27 07:39:21,093] {logging_mixin.py:109} INFO - [2021-10-27 07:39:21,093] {dag.py:2389} INFO - Sync 1 DAGs
[2021-10-27 07:39:21,113] {logging_mixin.py:109} INFO - [2021-10-27 07:39:21,113] {dag.py:2914} INFO - Setting next_dagrun for example_weekday_branch_operator to 2021-10-26 00:00:00+00:00
[2021-10-27 07:39:21,125] {processor.py:171} INFO - Processing /home/airflow/.local/lib/python3.6/site-packages/airflow/example_dags/example_branch_day_of_week_operator.py took 0.080 seconds
[2021-10-27 07:39:51,187] {processor.py:163} INFO - Started process (PID=1442) to work on /home/airflow/.local/lib/python3.6/site-packages/airflow/example_dags/example_branch_day_of_week_operator.py
[2021-10-27 07:39:51,188] {processor.py:620} INFO - Processing file /home/airflow/.local/lib/python3.6/site-packages/airflow/example_dags/example_branch_day_of_week_operator.py for tasks to queue
[2021-10-27 07:39:51,189] {logging_mixin.py:109} INFO - [2021-10-27 07:39:51,189] {dagbag.py:500} INFO - Filling up the DagBag from /home/airflow/.local/lib/python3.6/site-packages/airflow/example_dags/example_branch_day_of_week_operator.py
[2021-10-27 07:39:51,226] {processor.py:632} INFO - DAG(s) dict_keys(['example_weekday_branch_operator']) retrieved from /home/airflow/.local/lib/python3.6/site-packages/airflow/example_dags/example_branch_day_of_week_operator.py
[2021-10-27 07:39:51,238] {logging_mixin.py:109} INFO - [2021-10-27 07:39:51,238] {dag.py:2389} INFO - Sync 1 DAGs
[2021-10-27 07:39:51,262] {logging_mixin.py:109} INFO - [2021-10-27 07:39:51,262] {dag.py:2914} INFO - Setting next_dagrun for example_weekday_branch_operator to 2021-10-26 00:00:00+00:00
[2021-10-27 07:39:51,274] {processor.py:171} INFO - Processing /home/airflow/.local/lib/python3.6/site-packages/airflow/example_dags/example_branch_day_of_week_operator.py took 0.092 seconds
[2021-10-27 07:40:21,745] {processor.py:163} INFO - Started process (PID=1507) to work on /home/airflow/.local/lib/python3.6/site-packages/airflow/example_dags/example_branch_day_of_week_operator.py
[2021-10-27 07:40:21,748] {processor.py:620} INFO - Processing file /home/airflow/.local/lib/python3.6/site-packages/airflow/example_dags/example_branch_day_of_week_operator.py for tasks to queue
[2021-10-27 07:40:21,749] {logging_mixin.py:109} INFO - [2021-10-27 07:40:21,748] {dagbag.py:500} INFO - Filling up the DagBag from /home/airflow/.local/lib/python3.6/site-packages/airflow/example_dags/example_branch_day_of_week_operator.py
[2021-10-27 07:40:21,827] {processor.py:632} INFO - DAG(s) dict_keys(['example_weekday_branch_operator']) retrieved from /home/airflow/.local/lib/python3.6/site-packages/airflow/example_dags/example_branch_day_of_week_operator.py
[2021-10-27 07:40:21,840] {logging_mixin.py:109} INFO - [2021-10-27 07:40:21,839] {dag.py:2389} INFO - Sync 1 DAGs
[2021-10-27 07:40:21,867] {logging_mixin.py:109} INFO - [2021-10-27 07:40:21,867] {dag.py:2914} INFO - Setting next_dagrun for example_weekday_branch_operator to 2021-10-26 00:00:00+00:00
[2021-10-27 07:40:21,882] {processor.py:171} INFO - Processing /home/airflow/.local/lib/python3.6/site-packages/airflow/example_dags/example_branch_day_of_week_operator.py took 0.143 seconds
[2021-10-27 07:40:52,143] {processor.py:163} INFO - Started process (PID=1562) to work on /home/airflow/.local/lib/python3.6/site-packages/airflow/example_dags/example_branch_day_of_week_operator.py
[2021-10-27 07:40:52,144] {processor.py:620} INFO - Processing file /home/airflow/.local/lib/python3.6/site-packages/airflow/example_dags/example_branch_day_of_week_operator.py for tasks to queue
[2021-10-27 07:40:52,145] {logging_mixin.py:109} INFO - [2021-10-27 07:40:52,145] {dagbag.py:500} INFO - Filling up the DagBag from /home/airflow/.local/lib/python3.6/site-packages/airflow/example_dags/example_branch_day_of_week_operator.py
[2021-10-27 07:40:52,173] {processor.py:632} INFO - DAG(s) dict_keys(['example_weekday_branch_operator']) retrieved from /home/airflow/.local/lib/python3.6/site-packages/airflow/example_dags/example_branch_day_of_week_operator.py
[2021-10-27 07:40:52,184] {logging_mixin.py:109} INFO - [2021-10-27 07:40:52,184] {dag.py:2389} INFO - Sync 1 DAGs
[2021-10-27 07:40:52,207] {logging_mixin.py:109} INFO - [2021-10-27 07:40:52,207] {dag.py:2914} INFO - Setting next_dagrun for example_weekday_branch_operator to 2021-10-26 00:00:00+00:00
[2021-10-27 07:40:52,220] {processor.py:171} INFO - Processing /home/airflow/.local/lib/python3.6/site-packages/airflow/example_dags/example_branch_day_of_week_operator.py took 0.080 seconds
[2021-10-27 07:41:22,467] {processor.py:163} INFO - Started process (PID=1623) to work on /home/airflow/.local/lib/python3.6/site-packages/airflow/example_dags/example_branch_day_of_week_operator.py
[2021-10-27 07:41:22,468] {processor.py:620} INFO - Processing file /home/airflow/.local/lib/python3.6/site-packages/airflow/example_dags/example_branch_day_of_week_operator.py for tasks to queue
[2021-10-27 07:41:22,469] {logging_mixin.py:109} INFO - [2021-10-27 07:41:22,469] {dagbag.py:500} INFO - Filling up the DagBag from /home/airflow/.local/lib/python3.6/site-packages/airflow/example_dags/example_branch_day_of_week_operator.py
[2021-10-27 07:41:22,505] {processor.py:632} INFO - DAG(s) dict_keys(['example_weekday_branch_operator']) retrieved from /home/airflow/.local/lib/python3.6/site-packages/airflow/example_dags/example_branch_day_of_week_operator.py
[2021-10-27 07:41:22,517] {logging_mixin.py:109} INFO - [2021-10-27 07:41:22,517] {dag.py:2389} INFO - Sync 1 DAGs
[2021-10-27 07:41:22,539] {logging_mixin.py:109} INFO - [2021-10-27 07:41:22,539] {dag.py:2914} INFO - Setting next_dagrun for example_weekday_branch_operator to 2021-10-26 00:00:00+00:00
[2021-10-27 07:41:22,552] {processor.py:171} INFO - Processing /home/airflow/.local/lib/python3.6/site-packages/airflow/example_dags/example_branch_day_of_week_operator.py took 0.089 seconds
[2021-10-27 07:41:52,960] {processor.py:163} INFO - Started process (PID=1681) to work on /home/airflow/.local/lib/python3.6/site-packages/airflow/example_dags/example_branch_day_of_week_operator.py
[2021-10-27 07:41:52,961] {processor.py:620} INFO - Processing file /home/airflow/.local/lib/python3.6/site-packages/airflow/example_dags/example_branch_day_of_week_operator.py for tasks to queue
[2021-10-27 07:41:52,962] {logging_mixin.py:109} INFO - [2021-10-27 07:41:52,962] {dagbag.py:500} INFO - Filling up the DagBag from /home/airflow/.local/lib/python3.6/site-packages/airflow/example_dags/example_branch_day_of_week_operator.py
[2021-10-27 07:41:52,987] {processor.py:632} INFO - DAG(s) dict_keys(['example_weekday_branch_operator']) retrieved from /home/airflow/.local/lib/python3.6/site-packages/airflow/example_dags/example_branch_day_of_week_operator.py
[2021-10-27 07:41:52,998] {logging_mixin.py:109} INFO - [2021-10-27 07:41:52,998] {dag.py:2389} INFO - Sync 1 DAGs
[2021-10-27 07:41:53,014] {logging_mixin.py:109} INFO - [2021-10-27 07:41:53,014] {dag.py:2914} INFO - Setting next_dagrun for example_weekday_branch_operator to 2021-10-26 00:00:00+00:00
[2021-10-27 07:41:53,025] {processor.py:171} INFO - Processing /home/airflow/.local/lib/python3.6/site-packages/airflow/example_dags/example_branch_day_of_week_operator.py took 0.069 seconds
[2021-10-27 07:42:24,716] {processor.py:163} INFO - Started process (PID=1745) to work on /home/airflow/.local/lib/python3.6/site-packages/airflow/example_dags/example_branch_day_of_week_operator.py
[2021-10-27 07:42:24,718] {processor.py:620} INFO - Processing file /home/airflow/.local/lib/python3.6/site-packages/airflow/example_dags/example_branch_day_of_week_operator.py for tasks to queue
[2021-10-27 07:42:24,719] {logging_mixin.py:109} INFO - [2021-10-27 07:42:24,718] {dagbag.py:500} INFO - Filling up the DagBag from /home/airflow/.local/lib/python3.6/site-packages/airflow/example_dags/example_branch_day_of_week_operator.py
[2021-10-27 07:42:24,749] {processor.py:632} INFO - DAG(s) dict_keys(['example_weekday_branch_operator']) retrieved from /home/airflow/.local/lib/python3.6/site-packages/airflow/example_dags/example_branch_day_of_week_operator.py
[2021-10-27 07:42:24,764] {logging_mixin.py:109} INFO - [2021-10-27 07:42:24,764] {dag.py:2389} INFO - Sync 1 DAGs
[2021-10-27 07:42:24,787] {logging_mixin.py:109} INFO - [2021-10-27 07:42:24,787] {dag.py:2914} INFO - Setting next_dagrun for example_weekday_branch_operator to 2021-10-26 00:00:00+00:00
[2021-10-27 07:42:24,799] {processor.py:171} INFO - Processing /home/airflow/.local/lib/python3.6/site-packages/airflow/example_dags/example_branch_day_of_week_operator.py took 0.087 seconds
[2021-10-27 07:42:54,844] {processor.py:163} INFO - Started process (PID=1802) to work on /home/airflow/.local/lib/python3.6/site-packages/airflow/example_dags/example_branch_day_of_week_operator.py
[2021-10-27 07:42:54,846] {processor.py:620} INFO - Processing file /home/airflow/.local/lib/python3.6/site-packages/airflow/example_dags/example_branch_day_of_week_operator.py for tasks to queue
[2021-10-27 07:42:54,846] {logging_mixin.py:109} INFO - [2021-10-27 07:42:54,846] {dagbag.py:500} INFO - Filling up the DagBag from /home/airflow/.local/lib/python3.6/site-packages/airflow/example_dags/example_branch_day_of_week_operator.py
[2021-10-27 07:42:54,885] {processor.py:632} INFO - DAG(s) dict_keys(['example_weekday_branch_operator']) retrieved from /home/airflow/.local/lib/python3.6/site-packages/airflow/example_dags/example_branch_day_of_week_operator.py
[2021-10-27 07:42:54,895] {logging_mixin.py:109} INFO - [2021-10-27 07:42:54,895] {dag.py:2389} INFO - Sync 1 DAGs
[2021-10-27 07:42:54,914] {logging_mixin.py:109} INFO - [2021-10-27 07:42:54,914] {dag.py:2914} INFO - Setting next_dagrun for example_weekday_branch_operator to 2021-10-26 00:00:00+00:00
[2021-10-27 07:42:54,925] {processor.py:171} INFO - Processing /home/airflow/.local/lib/python3.6/site-packages/airflow/example_dags/example_branch_day_of_week_operator.py took 0.084 seconds
[2021-10-27 07:43:25,509] {processor.py:163} INFO - Started process (PID=1858) to work on /home/airflow/.local/lib/python3.6/site-packages/airflow/example_dags/example_branch_day_of_week_operator.py
[2021-10-27 07:43:25,511] {processor.py:620} INFO - Processing file /home/airflow/.local/lib/python3.6/site-packages/airflow/example_dags/example_branch_day_of_week_operator.py for tasks to queue
[2021-10-27 07:43:25,512] {logging_mixin.py:109} INFO - [2021-10-27 07:43:25,512] {dagbag.py:500} INFO - Filling up the DagBag from /home/airflow/.local/lib/python3.6/site-packages/airflow/example_dags/example_branch_day_of_week_operator.py
[2021-10-27 07:43:25,543] {processor.py:632} INFO - DAG(s) dict_keys(['example_weekday_branch_operator']) retrieved from /home/airflow/.local/lib/python3.6/site-packages/airflow/example_dags/example_branch_day_of_week_operator.py
[2021-10-27 07:43:25,555] {logging_mixin.py:109} INFO - [2021-10-27 07:43:25,555] {dag.py:2389} INFO - Sync 1 DAGs
[2021-10-27 07:43:25,574] {logging_mixin.py:109} INFO - [2021-10-27 07:43:25,574] {dag.py:2914} INFO - Setting next_dagrun for example_weekday_branch_operator to 2021-10-26 00:00:00+00:00
[2021-10-27 07:43:25,583] {processor.py:171} INFO - Processing /home/airflow/.local/lib/python3.6/site-packages/airflow/example_dags/example_branch_day_of_week_operator.py took 0.077 seconds
[2021-10-27 07:43:56,329] {processor.py:163} INFO - Started process (PID=1925) to work on /home/airflow/.local/lib/python3.6/site-packages/airflow/example_dags/example_branch_day_of_week_operator.py
[2021-10-27 07:43:56,331] {processor.py:620} INFO - Processing file /home/airflow/.local/lib/python3.6/site-packages/airflow/example_dags/example_branch_day_of_week_operator.py for tasks to queue
[2021-10-27 07:43:56,332] {logging_mixin.py:109} INFO - [2021-10-27 07:43:56,332] {dagbag.py:500} INFO - Filling up the DagBag from /home/airflow/.local/lib/python3.6/site-packages/airflow/example_dags/example_branch_day_of_week_operator.py
[2021-10-27 07:43:56,373] {processor.py:632} INFO - DAG(s) dict_keys(['example_weekday_branch_operator']) retrieved from /home/airflow/.local/lib/python3.6/site-packages/airflow/example_dags/example_branch_day_of_week_operator.py
[2021-10-27 07:43:56,387] {logging_mixin.py:109} INFO - [2021-10-27 07:43:56,387] {dag.py:2389} INFO - Sync 1 DAGs
[2021-10-27 07:43:56,414] {logging_mixin.py:109} INFO - [2021-10-27 07:43:56,414] {dag.py:2914} INFO - Setting next_dagrun for example_weekday_branch_operator to 2021-10-26 00:00:00+00:00
[2021-10-27 07:43:56,428] {processor.py:171} INFO - Processing /home/airflow/.local/lib/python3.6/site-packages/airflow/example_dags/example_branch_day_of_week_operator.py took 0.104 seconds
[2021-10-27 07:44:26,976] {processor.py:163} INFO - Started process (PID=1981) to work on /home/airflow/.local/lib/python3.6/site-packages/airflow/example_dags/example_branch_day_of_week_operator.py
[2021-10-27 07:44:26,978] {processor.py:620} INFO - Processing file /home/airflow/.local/lib/python3.6/site-packages/airflow/example_dags/example_branch_day_of_week_operator.py for tasks to queue
[2021-10-27 07:44:26,979] {logging_mixin.py:109} INFO - [2021-10-27 07:44:26,979] {dagbag.py:500} INFO - Filling up the DagBag from /home/airflow/.local/lib/python3.6/site-packages/airflow/example_dags/example_branch_day_of_week_operator.py
[2021-10-27 07:44:27,005] {processor.py:632} INFO - DAG(s) dict_keys(['example_weekday_branch_operator']) retrieved from /home/airflow/.local/lib/python3.6/site-packages/airflow/example_dags/example_branch_day_of_week_operator.py
[2021-10-27 07:44:27,018] {logging_mixin.py:109} INFO - [2021-10-27 07:44:27,018] {dag.py:2389} INFO - Sync 1 DAGs
[2021-10-27 07:44:27,036] {logging_mixin.py:109} INFO - [2021-10-27 07:44:27,036] {dag.py:2914} INFO - Setting next_dagrun for example_weekday_branch_operator to 2021-10-26 00:00:00+00:00
[2021-10-27 07:44:27,049] {processor.py:171} INFO - Processing /home/airflow/.local/lib/python3.6/site-packages/airflow/example_dags/example_branch_day_of_week_operator.py took 0.076 seconds
