[2021-10-27 07:17:44,627] {processor.py:163} INFO - Started process (PID=70) to work on /home/airflow/.local/lib/python3.6/site-packages/airflow/example_dags/example_task_group_decorator.py
[2021-10-27 07:17:44,629] {processor.py:620} INFO - Processing file /home/airflow/.local/lib/python3.6/site-packages/airflow/example_dags/example_task_group_decorator.py for tasks to queue
[2021-10-27 07:17:44,630] {logging_mixin.py:109} INFO - [2021-10-27 07:17:44,630] {dagbag.py:500} INFO - Filling up the DagBag from /home/airflow/.local/lib/python3.6/site-packages/airflow/example_dags/example_task_group_decorator.py
[2021-10-27 07:17:44,802] {processor.py:632} INFO - DAG(s) dict_keys(['example_task_group_decorator']) retrieved from /home/airflow/.local/lib/python3.6/site-packages/airflow/example_dags/example_task_group_decorator.py
[2021-10-27 07:17:45,272] {logging_mixin.py:109} INFO - [2021-10-27 07:17:45,271] {dag.py:2389} INFO - Sync 1 DAGs
[2021-10-27 07:17:45,307] {logging_mixin.py:109} INFO - [2021-10-27 07:17:45,306] {dag.py:2914} INFO - Setting next_dagrun for example_task_group_decorator to 2021-10-26T07:17:45.306141+00:00
[2021-10-27 07:17:45,350] {processor.py:171} INFO - Processing /home/airflow/.local/lib/python3.6/site-packages/airflow/example_dags/example_task_group_decorator.py took 0.728 seconds
[2021-10-27 07:18:16,082] {processor.py:163} INFO - Started process (PID=127) to work on /home/airflow/.local/lib/python3.6/site-packages/airflow/example_dags/example_task_group_decorator.py
[2021-10-27 07:18:16,083] {processor.py:620} INFO - Processing file /home/airflow/.local/lib/python3.6/site-packages/airflow/example_dags/example_task_group_decorator.py for tasks to queue
[2021-10-27 07:18:16,084] {logging_mixin.py:109} INFO - [2021-10-27 07:18:16,084] {dagbag.py:500} INFO - Filling up the DagBag from /home/airflow/.local/lib/python3.6/site-packages/airflow/example_dags/example_task_group_decorator.py
[2021-10-27 07:18:16,127] {processor.py:632} INFO - DAG(s) dict_keys(['example_task_group_decorator']) retrieved from /home/airflow/.local/lib/python3.6/site-packages/airflow/example_dags/example_task_group_decorator.py
[2021-10-27 07:18:16,353] {logging_mixin.py:109} INFO - [2021-10-27 07:18:16,353] {dag.py:2389} INFO - Sync 1 DAGs
[2021-10-27 07:18:16,369] {logging_mixin.py:109} INFO - [2021-10-27 07:18:16,368] {dag.py:2914} INFO - Setting next_dagrun for example_task_group_decorator to 2021-10-26T07:18:16.368589+00:00
[2021-10-27 07:18:16,379] {processor.py:171} INFO - Processing /home/airflow/.local/lib/python3.6/site-packages/airflow/example_dags/example_task_group_decorator.py took 0.300 seconds
[2021-10-27 07:18:46,584] {processor.py:163} INFO - Started process (PID=185) to work on /home/airflow/.local/lib/python3.6/site-packages/airflow/example_dags/example_task_group_decorator.py
[2021-10-27 07:18:46,586] {processor.py:620} INFO - Processing file /home/airflow/.local/lib/python3.6/site-packages/airflow/example_dags/example_task_group_decorator.py for tasks to queue
[2021-10-27 07:18:46,587] {logging_mixin.py:109} INFO - [2021-10-27 07:18:46,587] {dagbag.py:500} INFO - Filling up the DagBag from /home/airflow/.local/lib/python3.6/site-packages/airflow/example_dags/example_task_group_decorator.py
[2021-10-27 07:18:46,622] {processor.py:632} INFO - DAG(s) dict_keys(['example_task_group_decorator']) retrieved from /home/airflow/.local/lib/python3.6/site-packages/airflow/example_dags/example_task_group_decorator.py
[2021-10-27 07:18:46,799] {logging_mixin.py:109} INFO - [2021-10-27 07:18:46,798] {dag.py:2389} INFO - Sync 1 DAGs
[2021-10-27 07:18:46,817] {logging_mixin.py:109} INFO - [2021-10-27 07:18:46,817] {dag.py:2914} INFO - Setting next_dagrun for example_task_group_decorator to 2021-10-26T07:18:46.816999+00:00
[2021-10-27 07:18:46,829] {processor.py:171} INFO - Processing /home/airflow/.local/lib/python3.6/site-packages/airflow/example_dags/example_task_group_decorator.py took 0.247 seconds
[2021-10-27 07:19:16,935] {processor.py:163} INFO - Started process (PID=246) to work on /home/airflow/.local/lib/python3.6/site-packages/airflow/example_dags/example_task_group_decorator.py
[2021-10-27 07:19:16,937] {processor.py:620} INFO - Processing file /home/airflow/.local/lib/python3.6/site-packages/airflow/example_dags/example_task_group_decorator.py for tasks to queue
[2021-10-27 07:19:16,939] {logging_mixin.py:109} INFO - [2021-10-27 07:19:16,939] {dagbag.py:500} INFO - Filling up the DagBag from /home/airflow/.local/lib/python3.6/site-packages/airflow/example_dags/example_task_group_decorator.py
[2021-10-27 07:19:17,030] {processor.py:632} INFO - DAG(s) dict_keys(['example_task_group_decorator']) retrieved from /home/airflow/.local/lib/python3.6/site-packages/airflow/example_dags/example_task_group_decorator.py
[2021-10-27 07:19:17,353] {logging_mixin.py:109} INFO - [2021-10-27 07:19:17,352] {dag.py:2389} INFO - Sync 1 DAGs
[2021-10-27 07:19:17,375] {logging_mixin.py:109} INFO - [2021-10-27 07:19:17,375] {dag.py:2914} INFO - Setting next_dagrun for example_task_group_decorator to 2021-10-26T07:19:17.375173+00:00
[2021-10-27 07:19:17,392] {processor.py:171} INFO - Processing /home/airflow/.local/lib/python3.6/site-packages/airflow/example_dags/example_task_group_decorator.py took 0.464 seconds
[2021-10-27 07:19:47,897] {processor.py:163} INFO - Started process (PID=301) to work on /home/airflow/.local/lib/python3.6/site-packages/airflow/example_dags/example_task_group_decorator.py
[2021-10-27 07:19:47,899] {processor.py:620} INFO - Processing file /home/airflow/.local/lib/python3.6/site-packages/airflow/example_dags/example_task_group_decorator.py for tasks to queue
[2021-10-27 07:19:47,900] {logging_mixin.py:109} INFO - [2021-10-27 07:19:47,900] {dagbag.py:500} INFO - Filling up the DagBag from /home/airflow/.local/lib/python3.6/site-packages/airflow/example_dags/example_task_group_decorator.py
[2021-10-27 07:19:47,960] {processor.py:632} INFO - DAG(s) dict_keys(['example_task_group_decorator']) retrieved from /home/airflow/.local/lib/python3.6/site-packages/airflow/example_dags/example_task_group_decorator.py
[2021-10-27 07:19:48,262] {logging_mixin.py:109} INFO - [2021-10-27 07:19:48,261] {dag.py:2389} INFO - Sync 1 DAGs
[2021-10-27 07:19:48,280] {logging_mixin.py:109} INFO - [2021-10-27 07:19:48,280] {dag.py:2914} INFO - Setting next_dagrun for example_task_group_decorator to 2021-10-26T07:19:48.279851+00:00
[2021-10-27 07:19:48,295] {processor.py:171} INFO - Processing /home/airflow/.local/lib/python3.6/site-packages/airflow/example_dags/example_task_group_decorator.py took 0.403 seconds
[2021-10-27 07:20:18,381] {processor.py:163} INFO - Started process (PID=370) to work on /home/airflow/.local/lib/python3.6/site-packages/airflow/example_dags/example_task_group_decorator.py
[2021-10-27 07:20:18,382] {processor.py:620} INFO - Processing file /home/airflow/.local/lib/python3.6/site-packages/airflow/example_dags/example_task_group_decorator.py for tasks to queue
[2021-10-27 07:20:18,383] {logging_mixin.py:109} INFO - [2021-10-27 07:20:18,383] {dagbag.py:500} INFO - Filling up the DagBag from /home/airflow/.local/lib/python3.6/site-packages/airflow/example_dags/example_task_group_decorator.py
[2021-10-27 07:20:18,432] {processor.py:632} INFO - DAG(s) dict_keys(['example_task_group_decorator']) retrieved from /home/airflow/.local/lib/python3.6/site-packages/airflow/example_dags/example_task_group_decorator.py
[2021-10-27 07:20:18,683] {logging_mixin.py:109} INFO - [2021-10-27 07:20:18,683] {dag.py:2389} INFO - Sync 1 DAGs
[2021-10-27 07:20:18,696] {logging_mixin.py:109} INFO - [2021-10-27 07:20:18,696] {dag.py:2914} INFO - Setting next_dagrun for example_task_group_decorator to 2021-10-26T07:20:18.696553+00:00
[2021-10-27 07:20:18,707] {processor.py:171} INFO - Processing /home/airflow/.local/lib/python3.6/site-packages/airflow/example_dags/example_task_group_decorator.py took 0.330 seconds
[2021-10-27 07:20:49,565] {processor.py:163} INFO - Started process (PID=426) to work on /home/airflow/.local/lib/python3.6/site-packages/airflow/example_dags/example_task_group_decorator.py
[2021-10-27 07:20:49,566] {processor.py:620} INFO - Processing file /home/airflow/.local/lib/python3.6/site-packages/airflow/example_dags/example_task_group_decorator.py for tasks to queue
[2021-10-27 07:20:49,568] {logging_mixin.py:109} INFO - [2021-10-27 07:20:49,568] {dagbag.py:500} INFO - Filling up the DagBag from /home/airflow/.local/lib/python3.6/site-packages/airflow/example_dags/example_task_group_decorator.py
[2021-10-27 07:20:49,612] {processor.py:632} INFO - DAG(s) dict_keys(['example_task_group_decorator']) retrieved from /home/airflow/.local/lib/python3.6/site-packages/airflow/example_dags/example_task_group_decorator.py
[2021-10-27 07:20:49,843] {logging_mixin.py:109} INFO - [2021-10-27 07:20:49,843] {dag.py:2389} INFO - Sync 1 DAGs
[2021-10-27 07:20:49,859] {logging_mixin.py:109} INFO - [2021-10-27 07:20:49,859] {dag.py:2914} INFO - Setting next_dagrun for example_task_group_decorator to 2021-10-26T07:20:49.858644+00:00
[2021-10-27 07:20:49,875] {processor.py:171} INFO - Processing /home/airflow/.local/lib/python3.6/site-packages/airflow/example_dags/example_task_group_decorator.py took 0.313 seconds
[2021-10-27 07:21:20,315] {processor.py:163} INFO - Started process (PID=492) to work on /home/airflow/.local/lib/python3.6/site-packages/airflow/example_dags/example_task_group_decorator.py
[2021-10-27 07:21:20,317] {processor.py:620} INFO - Processing file /home/airflow/.local/lib/python3.6/site-packages/airflow/example_dags/example_task_group_decorator.py for tasks to queue
[2021-10-27 07:21:20,318] {logging_mixin.py:109} INFO - [2021-10-27 07:21:20,318] {dagbag.py:500} INFO - Filling up the DagBag from /home/airflow/.local/lib/python3.6/site-packages/airflow/example_dags/example_task_group_decorator.py
[2021-10-27 07:21:20,360] {processor.py:632} INFO - DAG(s) dict_keys(['example_task_group_decorator']) retrieved from /home/airflow/.local/lib/python3.6/site-packages/airflow/example_dags/example_task_group_decorator.py
[2021-10-27 07:21:20,576] {logging_mixin.py:109} INFO - [2021-10-27 07:21:20,576] {dag.py:2389} INFO - Sync 1 DAGs
[2021-10-27 07:21:20,590] {logging_mixin.py:109} INFO - [2021-10-27 07:21:20,589] {dag.py:2914} INFO - Setting next_dagrun for example_task_group_decorator to 2021-10-26T07:21:20.589714+00:00
[2021-10-27 07:21:20,602] {processor.py:171} INFO - Processing /home/airflow/.local/lib/python3.6/site-packages/airflow/example_dags/example_task_group_decorator.py took 0.289 seconds
[2021-10-27 07:21:50,772] {processor.py:163} INFO - Started process (PID=548) to work on /home/airflow/.local/lib/python3.6/site-packages/airflow/example_dags/example_task_group_decorator.py
[2021-10-27 07:21:50,774] {processor.py:620} INFO - Processing file /home/airflow/.local/lib/python3.6/site-packages/airflow/example_dags/example_task_group_decorator.py for tasks to queue
[2021-10-27 07:21:50,775] {logging_mixin.py:109} INFO - [2021-10-27 07:21:50,775] {dagbag.py:500} INFO - Filling up the DagBag from /home/airflow/.local/lib/python3.6/site-packages/airflow/example_dags/example_task_group_decorator.py
[2021-10-27 07:21:50,846] {processor.py:632} INFO - DAG(s) dict_keys(['example_task_group_decorator']) retrieved from /home/airflow/.local/lib/python3.6/site-packages/airflow/example_dags/example_task_group_decorator.py
[2021-10-27 07:21:51,116] {logging_mixin.py:109} INFO - [2021-10-27 07:21:51,116] {dag.py:2389} INFO - Sync 1 DAGs
[2021-10-27 07:21:51,130] {logging_mixin.py:109} INFO - [2021-10-27 07:21:51,130] {dag.py:2914} INFO - Setting next_dagrun for example_task_group_decorator to 2021-10-26T07:21:51.129823+00:00
[2021-10-27 07:21:51,144] {processor.py:171} INFO - Processing /home/airflow/.local/lib/python3.6/site-packages/airflow/example_dags/example_task_group_decorator.py took 0.377 seconds
[2021-10-27 07:22:21,364] {processor.py:163} INFO - Started process (PID=612) to work on /home/airflow/.local/lib/python3.6/site-packages/airflow/example_dags/example_task_group_decorator.py
[2021-10-27 07:22:21,366] {processor.py:620} INFO - Processing file /home/airflow/.local/lib/python3.6/site-packages/airflow/example_dags/example_task_group_decorator.py for tasks to queue
[2021-10-27 07:22:21,367] {logging_mixin.py:109} INFO - [2021-10-27 07:22:21,367] {dagbag.py:500} INFO - Filling up the DagBag from /home/airflow/.local/lib/python3.6/site-packages/airflow/example_dags/example_task_group_decorator.py
[2021-10-27 07:22:21,436] {processor.py:632} INFO - DAG(s) dict_keys(['example_task_group_decorator']) retrieved from /home/airflow/.local/lib/python3.6/site-packages/airflow/example_dags/example_task_group_decorator.py
[2021-10-27 07:22:21,784] {logging_mixin.py:109} INFO - [2021-10-27 07:22:21,784] {dag.py:2389} INFO - Sync 1 DAGs
[2021-10-27 07:22:21,807] {logging_mixin.py:109} INFO - [2021-10-27 07:22:21,807] {dag.py:2914} INFO - Setting next_dagrun for example_task_group_decorator to 2021-10-26T07:22:21.807270+00:00
[2021-10-27 07:22:21,825] {processor.py:171} INFO - Processing /home/airflow/.local/lib/python3.6/site-packages/airflow/example_dags/example_task_group_decorator.py took 0.464 seconds
[2021-10-27 07:22:52,416] {processor.py:163} INFO - Started process (PID=667) to work on /home/airflow/.local/lib/python3.6/site-packages/airflow/example_dags/example_task_group_decorator.py
[2021-10-27 07:22:52,417] {processor.py:620} INFO - Processing file /home/airflow/.local/lib/python3.6/site-packages/airflow/example_dags/example_task_group_decorator.py for tasks to queue
[2021-10-27 07:22:52,418] {logging_mixin.py:109} INFO - [2021-10-27 07:22:52,418] {dagbag.py:500} INFO - Filling up the DagBag from /home/airflow/.local/lib/python3.6/site-packages/airflow/example_dags/example_task_group_decorator.py
[2021-10-27 07:22:52,459] {processor.py:632} INFO - DAG(s) dict_keys(['example_task_group_decorator']) retrieved from /home/airflow/.local/lib/python3.6/site-packages/airflow/example_dags/example_task_group_decorator.py
[2021-10-27 07:22:52,671] {logging_mixin.py:109} INFO - [2021-10-27 07:22:52,671] {dag.py:2389} INFO - Sync 1 DAGs
[2021-10-27 07:22:52,687] {logging_mixin.py:109} INFO - [2021-10-27 07:22:52,687] {dag.py:2914} INFO - Setting next_dagrun for example_task_group_decorator to 2021-10-26T07:22:52.686793+00:00
[2021-10-27 07:22:52,701] {processor.py:171} INFO - Processing /home/airflow/.local/lib/python3.6/site-packages/airflow/example_dags/example_task_group_decorator.py took 0.288 seconds
[2021-10-27 07:23:22,934] {processor.py:163} INFO - Started process (PID=729) to work on /home/airflow/.local/lib/python3.6/site-packages/airflow/example_dags/example_task_group_decorator.py
[2021-10-27 07:23:22,936] {processor.py:620} INFO - Processing file /home/airflow/.local/lib/python3.6/site-packages/airflow/example_dags/example_task_group_decorator.py for tasks to queue
[2021-10-27 07:23:22,937] {logging_mixin.py:109} INFO - [2021-10-27 07:23:22,937] {dagbag.py:500} INFO - Filling up the DagBag from /home/airflow/.local/lib/python3.6/site-packages/airflow/example_dags/example_task_group_decorator.py
[2021-10-27 07:23:23,000] {processor.py:632} INFO - DAG(s) dict_keys(['example_task_group_decorator']) retrieved from /home/airflow/.local/lib/python3.6/site-packages/airflow/example_dags/example_task_group_decorator.py
[2021-10-27 07:23:23,311] {logging_mixin.py:109} INFO - [2021-10-27 07:23:23,311] {dag.py:2389} INFO - Sync 1 DAGs
[2021-10-27 07:23:23,332] {logging_mixin.py:109} INFO - [2021-10-27 07:23:23,332] {dag.py:2914} INFO - Setting next_dagrun for example_task_group_decorator to 2021-10-26T07:23:23.332178+00:00
[2021-10-27 07:23:23,347] {processor.py:171} INFO - Processing /home/airflow/.local/lib/python3.6/site-packages/airflow/example_dags/example_task_group_decorator.py took 0.417 seconds
[2021-10-27 07:23:53,457] {processor.py:163} INFO - Started process (PID=785) to work on /home/airflow/.local/lib/python3.6/site-packages/airflow/example_dags/example_task_group_decorator.py
[2021-10-27 07:23:53,458] {processor.py:620} INFO - Processing file /home/airflow/.local/lib/python3.6/site-packages/airflow/example_dags/example_task_group_decorator.py for tasks to queue
[2021-10-27 07:23:53,459] {logging_mixin.py:109} INFO - [2021-10-27 07:23:53,459] {dagbag.py:500} INFO - Filling up the DagBag from /home/airflow/.local/lib/python3.6/site-packages/airflow/example_dags/example_task_group_decorator.py
[2021-10-27 07:23:53,499] {processor.py:632} INFO - DAG(s) dict_keys(['example_task_group_decorator']) retrieved from /home/airflow/.local/lib/python3.6/site-packages/airflow/example_dags/example_task_group_decorator.py
[2021-10-27 07:23:53,739] {logging_mixin.py:109} INFO - [2021-10-27 07:23:53,739] {dag.py:2389} INFO - Sync 1 DAGs
[2021-10-27 07:23:53,755] {logging_mixin.py:109} INFO - [2021-10-27 07:23:53,755] {dag.py:2914} INFO - Setting next_dagrun for example_task_group_decorator to 2021-10-26T07:23:53.754661+00:00
[2021-10-27 07:23:53,769] {processor.py:171} INFO - Processing /home/airflow/.local/lib/python3.6/site-packages/airflow/example_dags/example_task_group_decorator.py took 0.318 seconds
[2021-10-27 07:24:24,388] {processor.py:163} INFO - Started process (PID=850) to work on /home/airflow/.local/lib/python3.6/site-packages/airflow/example_dags/example_task_group_decorator.py
[2021-10-27 07:24:24,389] {processor.py:620} INFO - Processing file /home/airflow/.local/lib/python3.6/site-packages/airflow/example_dags/example_task_group_decorator.py for tasks to queue
[2021-10-27 07:24:24,390] {logging_mixin.py:109} INFO - [2021-10-27 07:24:24,390] {dagbag.py:500} INFO - Filling up the DagBag from /home/airflow/.local/lib/python3.6/site-packages/airflow/example_dags/example_task_group_decorator.py
[2021-10-27 07:24:24,429] {processor.py:632} INFO - DAG(s) dict_keys(['example_task_group_decorator']) retrieved from /home/airflow/.local/lib/python3.6/site-packages/airflow/example_dags/example_task_group_decorator.py
[2021-10-27 07:24:24,636] {logging_mixin.py:109} INFO - [2021-10-27 07:24:24,636] {dag.py:2389} INFO - Sync 1 DAGs
[2021-10-27 07:24:24,651] {logging_mixin.py:109} INFO - [2021-10-27 07:24:24,651] {dag.py:2914} INFO - Setting next_dagrun for example_task_group_decorator to 2021-10-26T07:24:24.651218+00:00
[2021-10-27 07:24:24,664] {processor.py:171} INFO - Processing /home/airflow/.local/lib/python3.6/site-packages/airflow/example_dags/example_task_group_decorator.py took 0.279 seconds
[2021-10-27 07:24:54,805] {processor.py:163} INFO - Started process (PID=904) to work on /home/airflow/.local/lib/python3.6/site-packages/airflow/example_dags/example_task_group_decorator.py
[2021-10-27 07:24:54,807] {processor.py:620} INFO - Processing file /home/airflow/.local/lib/python3.6/site-packages/airflow/example_dags/example_task_group_decorator.py for tasks to queue
[2021-10-27 07:24:54,807] {logging_mixin.py:109} INFO - [2021-10-27 07:24:54,807] {dagbag.py:500} INFO - Filling up the DagBag from /home/airflow/.local/lib/python3.6/site-packages/airflow/example_dags/example_task_group_decorator.py
[2021-10-27 07:24:54,847] {processor.py:632} INFO - DAG(s) dict_keys(['example_task_group_decorator']) retrieved from /home/airflow/.local/lib/python3.6/site-packages/airflow/example_dags/example_task_group_decorator.py
[2021-10-27 07:24:55,041] {logging_mixin.py:109} INFO - [2021-10-27 07:24:55,041] {dag.py:2389} INFO - Sync 1 DAGs
[2021-10-27 07:24:55,055] {logging_mixin.py:109} INFO - [2021-10-27 07:24:55,055] {dag.py:2914} INFO - Setting next_dagrun for example_task_group_decorator to 2021-10-26T07:24:55.055104+00:00
[2021-10-27 07:24:55,068] {processor.py:171} INFO - Processing /home/airflow/.local/lib/python3.6/site-packages/airflow/example_dags/example_task_group_decorator.py took 0.266 seconds
[2021-10-27 07:25:25,259] {processor.py:163} INFO - Started process (PID=959) to work on /home/airflow/.local/lib/python3.6/site-packages/airflow/example_dags/example_task_group_decorator.py
[2021-10-27 07:25:25,260] {processor.py:620} INFO - Processing file /home/airflow/.local/lib/python3.6/site-packages/airflow/example_dags/example_task_group_decorator.py for tasks to queue
[2021-10-27 07:25:25,261] {logging_mixin.py:109} INFO - [2021-10-27 07:25:25,261] {dagbag.py:500} INFO - Filling up the DagBag from /home/airflow/.local/lib/python3.6/site-packages/airflow/example_dags/example_task_group_decorator.py
[2021-10-27 07:25:25,302] {processor.py:632} INFO - DAG(s) dict_keys(['example_task_group_decorator']) retrieved from /home/airflow/.local/lib/python3.6/site-packages/airflow/example_dags/example_task_group_decorator.py
[2021-10-27 07:25:25,317] {logging_mixin.py:109} INFO - [2021-10-27 07:25:25,317] {dag.py:2389} INFO - Sync 1 DAGs
[2021-10-27 07:25:25,332] {logging_mixin.py:109} INFO - [2021-10-27 07:25:25,331] {dag.py:2914} INFO - Setting next_dagrun for example_task_group_decorator to 2021-10-26T07:25:25.331595+00:00
[2021-10-27 07:25:25,343] {processor.py:171} INFO - Processing /home/airflow/.local/lib/python3.6/site-packages/airflow/example_dags/example_task_group_decorator.py took 0.087 seconds
[2021-10-27 07:25:56,053] {processor.py:163} INFO - Started process (PID=1026) to work on /home/airflow/.local/lib/python3.6/site-packages/airflow/example_dags/example_task_group_decorator.py
[2021-10-27 07:25:56,054] {processor.py:620} INFO - Processing file /home/airflow/.local/lib/python3.6/site-packages/airflow/example_dags/example_task_group_decorator.py for tasks to queue
[2021-10-27 07:25:56,055] {logging_mixin.py:109} INFO - [2021-10-27 07:25:56,055] {dagbag.py:500} INFO - Filling up the DagBag from /home/airflow/.local/lib/python3.6/site-packages/airflow/example_dags/example_task_group_decorator.py
[2021-10-27 07:25:56,095] {processor.py:632} INFO - DAG(s) dict_keys(['example_task_group_decorator']) retrieved from /home/airflow/.local/lib/python3.6/site-packages/airflow/example_dags/example_task_group_decorator.py
[2021-10-27 07:25:56,304] {logging_mixin.py:109} INFO - [2021-10-27 07:25:56,304] {dag.py:2389} INFO - Sync 1 DAGs
[2021-10-27 07:25:56,321] {logging_mixin.py:109} INFO - [2021-10-27 07:25:56,321] {dag.py:2914} INFO - Setting next_dagrun for example_task_group_decorator to 2021-10-26T07:25:56.320680+00:00
[2021-10-27 07:25:56,333] {processor.py:171} INFO - Processing /home/airflow/.local/lib/python3.6/site-packages/airflow/example_dags/example_task_group_decorator.py took 0.284 seconds
[2021-10-27 07:26:26,560] {processor.py:163} INFO - Started process (PID=1081) to work on /home/airflow/.local/lib/python3.6/site-packages/airflow/example_dags/example_task_group_decorator.py
[2021-10-27 07:26:26,561] {processor.py:620} INFO - Processing file /home/airflow/.local/lib/python3.6/site-packages/airflow/example_dags/example_task_group_decorator.py for tasks to queue
[2021-10-27 07:26:26,562] {logging_mixin.py:109} INFO - [2021-10-27 07:26:26,562] {dagbag.py:500} INFO - Filling up the DagBag from /home/airflow/.local/lib/python3.6/site-packages/airflow/example_dags/example_task_group_decorator.py
[2021-10-27 07:26:26,600] {processor.py:632} INFO - DAG(s) dict_keys(['example_task_group_decorator']) retrieved from /home/airflow/.local/lib/python3.6/site-packages/airflow/example_dags/example_task_group_decorator.py
[2021-10-27 07:26:26,799] {logging_mixin.py:109} INFO - [2021-10-27 07:26:26,799] {dag.py:2389} INFO - Sync 1 DAGs
[2021-10-27 07:26:26,817] {logging_mixin.py:109} INFO - [2021-10-27 07:26:26,816] {dag.py:2914} INFO - Setting next_dagrun for example_task_group_decorator to 2021-10-26T07:26:26.816602+00:00
[2021-10-27 07:26:26,829] {processor.py:171} INFO - Processing /home/airflow/.local/lib/python3.6/site-packages/airflow/example_dags/example_task_group_decorator.py took 0.273 seconds
[2021-10-27 07:28:06,020] {processor.py:163} INFO - Started process (PID=67) to work on /home/airflow/.local/lib/python3.6/site-packages/airflow/example_dags/example_task_group_decorator.py
[2021-10-27 07:28:06,022] {processor.py:620} INFO - Processing file /home/airflow/.local/lib/python3.6/site-packages/airflow/example_dags/example_task_group_decorator.py for tasks to queue
[2021-10-27 07:28:06,024] {logging_mixin.py:109} INFO - [2021-10-27 07:28:06,024] {dagbag.py:500} INFO - Filling up the DagBag from /home/airflow/.local/lib/python3.6/site-packages/airflow/example_dags/example_task_group_decorator.py
[2021-10-27 07:28:06,088] {processor.py:632} INFO - DAG(s) dict_keys(['example_task_group_decorator']) retrieved from /home/airflow/.local/lib/python3.6/site-packages/airflow/example_dags/example_task_group_decorator.py
[2021-10-27 07:28:06,538] {logging_mixin.py:109} INFO - [2021-10-27 07:28:06,538] {dag.py:2389} INFO - Sync 1 DAGs
[2021-10-27 07:28:06,571] {logging_mixin.py:109} INFO - [2021-10-27 07:28:06,571] {dag.py:2914} INFO - Setting next_dagrun for example_task_group_decorator to 2021-10-26T07:28:06.570577+00:00
[2021-10-27 07:28:06,593] {processor.py:171} INFO - Processing /home/airflow/.local/lib/python3.6/site-packages/airflow/example_dags/example_task_group_decorator.py took 0.578 seconds
[2021-10-27 07:28:36,621] {processor.py:163} INFO - Started process (PID=133) to work on /home/airflow/.local/lib/python3.6/site-packages/airflow/example_dags/example_task_group_decorator.py
[2021-10-27 07:28:36,622] {processor.py:620} INFO - Processing file /home/airflow/.local/lib/python3.6/site-packages/airflow/example_dags/example_task_group_decorator.py for tasks to queue
[2021-10-27 07:28:36,623] {logging_mixin.py:109} INFO - [2021-10-27 07:28:36,623] {dagbag.py:500} INFO - Filling up the DagBag from /home/airflow/.local/lib/python3.6/site-packages/airflow/example_dags/example_task_group_decorator.py
[2021-10-27 07:28:36,669] {processor.py:632} INFO - DAG(s) dict_keys(['example_task_group_decorator']) retrieved from /home/airflow/.local/lib/python3.6/site-packages/airflow/example_dags/example_task_group_decorator.py
[2021-10-27 07:28:36,918] {logging_mixin.py:109} INFO - [2021-10-27 07:28:36,917] {dag.py:2389} INFO - Sync 1 DAGs
[2021-10-27 07:28:36,933] {logging_mixin.py:109} INFO - [2021-10-27 07:28:36,933] {dag.py:2914} INFO - Setting next_dagrun for example_task_group_decorator to 2021-10-26T07:28:36.933079+00:00
[2021-10-27 07:28:36,946] {processor.py:171} INFO - Processing /home/airflow/.local/lib/python3.6/site-packages/airflow/example_dags/example_task_group_decorator.py took 0.329 seconds
[2021-10-27 07:29:07,920] {processor.py:163} INFO - Started process (PID=190) to work on /home/airflow/.local/lib/python3.6/site-packages/airflow/example_dags/example_task_group_decorator.py
[2021-10-27 07:29:07,923] {processor.py:620} INFO - Processing file /home/airflow/.local/lib/python3.6/site-packages/airflow/example_dags/example_task_group_decorator.py for tasks to queue
[2021-10-27 07:29:07,925] {logging_mixin.py:109} INFO - [2021-10-27 07:29:07,925] {dagbag.py:500} INFO - Filling up the DagBag from /home/airflow/.local/lib/python3.6/site-packages/airflow/example_dags/example_task_group_decorator.py
[2021-10-27 07:29:08,023] {processor.py:632} INFO - DAG(s) dict_keys(['example_task_group_decorator']) retrieved from /home/airflow/.local/lib/python3.6/site-packages/airflow/example_dags/example_task_group_decorator.py
[2021-10-27 07:29:08,435] {logging_mixin.py:109} INFO - [2021-10-27 07:29:08,434] {dag.py:2389} INFO - Sync 1 DAGs
[2021-10-27 07:29:08,456] {logging_mixin.py:109} INFO - [2021-10-27 07:29:08,456] {dag.py:2914} INFO - Setting next_dagrun for example_task_group_decorator to 2021-10-26T07:29:08.456213+00:00
[2021-10-27 07:29:08,475] {processor.py:171} INFO - Processing /home/airflow/.local/lib/python3.6/site-packages/airflow/example_dags/example_task_group_decorator.py took 0.562 seconds
[2021-10-27 07:29:38,512] {processor.py:163} INFO - Started process (PID=258) to work on /home/airflow/.local/lib/python3.6/site-packages/airflow/example_dags/example_task_group_decorator.py
[2021-10-27 07:29:38,513] {processor.py:620} INFO - Processing file /home/airflow/.local/lib/python3.6/site-packages/airflow/example_dags/example_task_group_decorator.py for tasks to queue
[2021-10-27 07:29:38,514] {logging_mixin.py:109} INFO - [2021-10-27 07:29:38,514] {dagbag.py:500} INFO - Filling up the DagBag from /home/airflow/.local/lib/python3.6/site-packages/airflow/example_dags/example_task_group_decorator.py
[2021-10-27 07:29:38,555] {processor.py:632} INFO - DAG(s) dict_keys(['example_task_group_decorator']) retrieved from /home/airflow/.local/lib/python3.6/site-packages/airflow/example_dags/example_task_group_decorator.py
[2021-10-27 07:29:38,783] {logging_mixin.py:109} INFO - [2021-10-27 07:29:38,783] {dag.py:2389} INFO - Sync 1 DAGs
[2021-10-27 07:29:38,801] {logging_mixin.py:109} INFO - [2021-10-27 07:29:38,800] {dag.py:2914} INFO - Setting next_dagrun for example_task_group_decorator to 2021-10-26T07:29:38.800521+00:00
[2021-10-27 07:29:38,817] {processor.py:171} INFO - Processing /home/airflow/.local/lib/python3.6/site-packages/airflow/example_dags/example_task_group_decorator.py took 0.309 seconds
[2021-10-27 07:30:09,065] {processor.py:163} INFO - Started process (PID=314) to work on /home/airflow/.local/lib/python3.6/site-packages/airflow/example_dags/example_task_group_decorator.py
[2021-10-27 07:30:09,067] {processor.py:620} INFO - Processing file /home/airflow/.local/lib/python3.6/site-packages/airflow/example_dags/example_task_group_decorator.py for tasks to queue
[2021-10-27 07:30:09,067] {logging_mixin.py:109} INFO - [2021-10-27 07:30:09,067] {dagbag.py:500} INFO - Filling up the DagBag from /home/airflow/.local/lib/python3.6/site-packages/airflow/example_dags/example_task_group_decorator.py
[2021-10-27 07:30:09,114] {processor.py:632} INFO - DAG(s) dict_keys(['example_task_group_decorator']) retrieved from /home/airflow/.local/lib/python3.6/site-packages/airflow/example_dags/example_task_group_decorator.py
[2021-10-27 07:30:09,358] {logging_mixin.py:109} INFO - [2021-10-27 07:30:09,358] {dag.py:2389} INFO - Sync 1 DAGs
[2021-10-27 07:30:09,375] {logging_mixin.py:109} INFO - [2021-10-27 07:30:09,375] {dag.py:2914} INFO - Setting next_dagrun for example_task_group_decorator to 2021-10-26T07:30:09.374938+00:00
[2021-10-27 07:30:09,387] {processor.py:171} INFO - Processing /home/airflow/.local/lib/python3.6/site-packages/airflow/example_dags/example_task_group_decorator.py took 0.325 seconds
[2021-10-27 07:30:40,440] {processor.py:163} INFO - Started process (PID=380) to work on /home/airflow/.local/lib/python3.6/site-packages/airflow/example_dags/example_task_group_decorator.py
[2021-10-27 07:30:40,442] {processor.py:620} INFO - Processing file /home/airflow/.local/lib/python3.6/site-packages/airflow/example_dags/example_task_group_decorator.py for tasks to queue
[2021-10-27 07:30:40,444] {logging_mixin.py:109} INFO - [2021-10-27 07:30:40,443] {dagbag.py:500} INFO - Filling up the DagBag from /home/airflow/.local/lib/python3.6/site-packages/airflow/example_dags/example_task_group_decorator.py
[2021-10-27 07:30:40,504] {processor.py:632} INFO - DAG(s) dict_keys(['example_task_group_decorator']) retrieved from /home/airflow/.local/lib/python3.6/site-packages/airflow/example_dags/example_task_group_decorator.py
[2021-10-27 07:30:40,841] {logging_mixin.py:109} INFO - [2021-10-27 07:30:40,841] {dag.py:2389} INFO - Sync 1 DAGs
[2021-10-27 07:30:40,862] {logging_mixin.py:109} INFO - [2021-10-27 07:30:40,862] {dag.py:2914} INFO - Setting next_dagrun for example_task_group_decorator to 2021-10-26T07:30:40.862153+00:00
[2021-10-27 07:30:40,887] {processor.py:171} INFO - Processing /home/airflow/.local/lib/python3.6/site-packages/airflow/example_dags/example_task_group_decorator.py took 0.452 seconds
[2021-10-27 07:31:11,222] {processor.py:163} INFO - Started process (PID=437) to work on /home/airflow/.local/lib/python3.6/site-packages/airflow/example_dags/example_task_group_decorator.py
[2021-10-27 07:31:11,223] {processor.py:620} INFO - Processing file /home/airflow/.local/lib/python3.6/site-packages/airflow/example_dags/example_task_group_decorator.py for tasks to queue
[2021-10-27 07:31:11,224] {logging_mixin.py:109} INFO - [2021-10-27 07:31:11,224] {dagbag.py:500} INFO - Filling up the DagBag from /home/airflow/.local/lib/python3.6/site-packages/airflow/example_dags/example_task_group_decorator.py
[2021-10-27 07:31:11,270] {processor.py:632} INFO - DAG(s) dict_keys(['example_task_group_decorator']) retrieved from /home/airflow/.local/lib/python3.6/site-packages/airflow/example_dags/example_task_group_decorator.py
[2021-10-27 07:31:11,503] {logging_mixin.py:109} INFO - [2021-10-27 07:31:11,503] {dag.py:2389} INFO - Sync 1 DAGs
[2021-10-27 07:31:11,519] {logging_mixin.py:109} INFO - [2021-10-27 07:31:11,519] {dag.py:2914} INFO - Setting next_dagrun for example_task_group_decorator to 2021-10-26T07:31:11.519114+00:00
[2021-10-27 07:31:11,535] {processor.py:171} INFO - Processing /home/airflow/.local/lib/python3.6/site-packages/airflow/example_dags/example_task_group_decorator.py took 0.317 seconds
[2021-10-27 07:31:41,741] {processor.py:163} INFO - Started process (PID=487) to work on /home/airflow/.local/lib/python3.6/site-packages/airflow/example_dags/example_task_group_decorator.py
[2021-10-27 07:31:41,742] {processor.py:620} INFO - Processing file /home/airflow/.local/lib/python3.6/site-packages/airflow/example_dags/example_task_group_decorator.py for tasks to queue
[2021-10-27 07:31:41,743] {logging_mixin.py:109} INFO - [2021-10-27 07:31:41,743] {dagbag.py:500} INFO - Filling up the DagBag from /home/airflow/.local/lib/python3.6/site-packages/airflow/example_dags/example_task_group_decorator.py
[2021-10-27 07:31:41,801] {processor.py:632} INFO - DAG(s) dict_keys(['example_task_group_decorator']) retrieved from /home/airflow/.local/lib/python3.6/site-packages/airflow/example_dags/example_task_group_decorator.py
[2021-10-27 07:31:42,103] {logging_mixin.py:109} INFO - [2021-10-27 07:31:42,103] {dag.py:2389} INFO - Sync 1 DAGs
[2021-10-27 07:31:42,118] {logging_mixin.py:109} INFO - [2021-10-27 07:31:42,118] {dag.py:2914} INFO - Setting next_dagrun for example_task_group_decorator to 2021-10-26T07:31:42.118387+00:00
[2021-10-27 07:31:42,131] {processor.py:171} INFO - Processing /home/airflow/.local/lib/python3.6/site-packages/airflow/example_dags/example_task_group_decorator.py took 0.395 seconds
[2021-10-27 07:32:12,345] {processor.py:163} INFO - Started process (PID=554) to work on /home/airflow/.local/lib/python3.6/site-packages/airflow/example_dags/example_task_group_decorator.py
[2021-10-27 07:32:12,347] {processor.py:620} INFO - Processing file /home/airflow/.local/lib/python3.6/site-packages/airflow/example_dags/example_task_group_decorator.py for tasks to queue
[2021-10-27 07:32:12,348] {logging_mixin.py:109} INFO - [2021-10-27 07:32:12,348] {dagbag.py:500} INFO - Filling up the DagBag from /home/airflow/.local/lib/python3.6/site-packages/airflow/example_dags/example_task_group_decorator.py
[2021-10-27 07:32:12,393] {processor.py:632} INFO - DAG(s) dict_keys(['example_task_group_decorator']) retrieved from /home/airflow/.local/lib/python3.6/site-packages/airflow/example_dags/example_task_group_decorator.py
[2021-10-27 07:32:12,598] {logging_mixin.py:109} INFO - [2021-10-27 07:32:12,598] {dag.py:2389} INFO - Sync 1 DAGs
[2021-10-27 07:32:12,612] {logging_mixin.py:109} INFO - [2021-10-27 07:32:12,612] {dag.py:2914} INFO - Setting next_dagrun for example_task_group_decorator to 2021-10-26T07:32:12.612612+00:00
[2021-10-27 07:32:12,628] {processor.py:171} INFO - Processing /home/airflow/.local/lib/python3.6/site-packages/airflow/example_dags/example_task_group_decorator.py took 0.285 seconds
[2021-10-27 07:32:42,890] {processor.py:163} INFO - Started process (PID=612) to work on /home/airflow/.local/lib/python3.6/site-packages/airflow/example_dags/example_task_group_decorator.py
[2021-10-27 07:32:42,892] {processor.py:620} INFO - Processing file /home/airflow/.local/lib/python3.6/site-packages/airflow/example_dags/example_task_group_decorator.py for tasks to queue
[2021-10-27 07:32:42,892] {logging_mixin.py:109} INFO - [2021-10-27 07:32:42,892] {dagbag.py:500} INFO - Filling up the DagBag from /home/airflow/.local/lib/python3.6/site-packages/airflow/example_dags/example_task_group_decorator.py
[2021-10-27 07:32:42,931] {processor.py:632} INFO - DAG(s) dict_keys(['example_task_group_decorator']) retrieved from /home/airflow/.local/lib/python3.6/site-packages/airflow/example_dags/example_task_group_decorator.py
[2021-10-27 07:32:43,125] {logging_mixin.py:109} INFO - [2021-10-27 07:32:43,125] {dag.py:2389} INFO - Sync 1 DAGs
[2021-10-27 07:32:43,137] {logging_mixin.py:109} INFO - [2021-10-27 07:32:43,137] {dag.py:2914} INFO - Setting next_dagrun for example_task_group_decorator to 2021-10-26T07:32:43.137086+00:00
[2021-10-27 07:32:43,149] {processor.py:171} INFO - Processing /home/airflow/.local/lib/python3.6/site-packages/airflow/example_dags/example_task_group_decorator.py took 0.262 seconds
[2021-10-27 07:33:13,463] {processor.py:163} INFO - Started process (PID=672) to work on /home/airflow/.local/lib/python3.6/site-packages/airflow/example_dags/example_task_group_decorator.py
[2021-10-27 07:33:13,464] {processor.py:620} INFO - Processing file /home/airflow/.local/lib/python3.6/site-packages/airflow/example_dags/example_task_group_decorator.py for tasks to queue
[2021-10-27 07:33:13,465] {logging_mixin.py:109} INFO - [2021-10-27 07:33:13,465] {dagbag.py:500} INFO - Filling up the DagBag from /home/airflow/.local/lib/python3.6/site-packages/airflow/example_dags/example_task_group_decorator.py
[2021-10-27 07:33:13,513] {processor.py:632} INFO - DAG(s) dict_keys(['example_task_group_decorator']) retrieved from /home/airflow/.local/lib/python3.6/site-packages/airflow/example_dags/example_task_group_decorator.py
[2021-10-27 07:33:13,755] {logging_mixin.py:109} INFO - [2021-10-27 07:33:13,755] {dag.py:2389} INFO - Sync 1 DAGs
[2021-10-27 07:33:13,770] {logging_mixin.py:109} INFO - [2021-10-27 07:33:13,770] {dag.py:2914} INFO - Setting next_dagrun for example_task_group_decorator to 2021-10-26T07:33:13.770043+00:00
[2021-10-27 07:33:13,785] {processor.py:171} INFO - Processing /home/airflow/.local/lib/python3.6/site-packages/airflow/example_dags/example_task_group_decorator.py took 0.325 seconds
[2021-10-27 07:33:44,301] {processor.py:163} INFO - Started process (PID=727) to work on /home/airflow/.local/lib/python3.6/site-packages/airflow/example_dags/example_task_group_decorator.py
[2021-10-27 07:33:44,303] {processor.py:620} INFO - Processing file /home/airflow/.local/lib/python3.6/site-packages/airflow/example_dags/example_task_group_decorator.py for tasks to queue
[2021-10-27 07:33:44,304] {logging_mixin.py:109} INFO - [2021-10-27 07:33:44,304] {dagbag.py:500} INFO - Filling up the DagBag from /home/airflow/.local/lib/python3.6/site-packages/airflow/example_dags/example_task_group_decorator.py
[2021-10-27 07:33:44,342] {processor.py:632} INFO - DAG(s) dict_keys(['example_task_group_decorator']) retrieved from /home/airflow/.local/lib/python3.6/site-packages/airflow/example_dags/example_task_group_decorator.py
[2021-10-27 07:33:44,548] {logging_mixin.py:109} INFO - [2021-10-27 07:33:44,548] {dag.py:2389} INFO - Sync 1 DAGs
[2021-10-27 07:33:44,561] {logging_mixin.py:109} INFO - [2021-10-27 07:33:44,561] {dag.py:2914} INFO - Setting next_dagrun for example_task_group_decorator to 2021-10-26T07:33:44.561373+00:00
[2021-10-27 07:33:44,575] {processor.py:171} INFO - Processing /home/airflow/.local/lib/python3.6/site-packages/airflow/example_dags/example_task_group_decorator.py took 0.276 seconds
[2021-10-27 07:34:15,117] {processor.py:163} INFO - Started process (PID=793) to work on /home/airflow/.local/lib/python3.6/site-packages/airflow/example_dags/example_task_group_decorator.py
[2021-10-27 07:34:15,118] {processor.py:620} INFO - Processing file /home/airflow/.local/lib/python3.6/site-packages/airflow/example_dags/example_task_group_decorator.py for tasks to queue
[2021-10-27 07:34:15,119] {logging_mixin.py:109} INFO - [2021-10-27 07:34:15,119] {dagbag.py:500} INFO - Filling up the DagBag from /home/airflow/.local/lib/python3.6/site-packages/airflow/example_dags/example_task_group_decorator.py
[2021-10-27 07:34:15,156] {processor.py:632} INFO - DAG(s) dict_keys(['example_task_group_decorator']) retrieved from /home/airflow/.local/lib/python3.6/site-packages/airflow/example_dags/example_task_group_decorator.py
[2021-10-27 07:34:15,344] {logging_mixin.py:109} INFO - [2021-10-27 07:34:15,344] {dag.py:2389} INFO - Sync 1 DAGs
[2021-10-27 07:34:15,358] {logging_mixin.py:109} INFO - [2021-10-27 07:34:15,358] {dag.py:2914} INFO - Setting next_dagrun for example_task_group_decorator to 2021-10-26T07:34:15.358516+00:00
[2021-10-27 07:34:15,372] {processor.py:171} INFO - Processing /home/airflow/.local/lib/python3.6/site-packages/airflow/example_dags/example_task_group_decorator.py took 0.258 seconds
[2021-10-27 07:34:45,614] {processor.py:163} INFO - Started process (PID=845) to work on /home/airflow/.local/lib/python3.6/site-packages/airflow/example_dags/example_task_group_decorator.py
[2021-10-27 07:34:45,616] {processor.py:620} INFO - Processing file /home/airflow/.local/lib/python3.6/site-packages/airflow/example_dags/example_task_group_decorator.py for tasks to queue
[2021-10-27 07:34:45,617] {logging_mixin.py:109} INFO - [2021-10-27 07:34:45,616] {dagbag.py:500} INFO - Filling up the DagBag from /home/airflow/.local/lib/python3.6/site-packages/airflow/example_dags/example_task_group_decorator.py
[2021-10-27 07:34:45,660] {processor.py:632} INFO - DAG(s) dict_keys(['example_task_group_decorator']) retrieved from /home/airflow/.local/lib/python3.6/site-packages/airflow/example_dags/example_task_group_decorator.py
[2021-10-27 07:34:45,891] {logging_mixin.py:109} INFO - [2021-10-27 07:34:45,890] {dag.py:2389} INFO - Sync 1 DAGs
[2021-10-27 07:34:45,906] {logging_mixin.py:109} INFO - [2021-10-27 07:34:45,906] {dag.py:2914} INFO - Setting next_dagrun for example_task_group_decorator to 2021-10-26T07:34:45.906129+00:00
[2021-10-27 07:34:45,917] {processor.py:171} INFO - Processing /home/airflow/.local/lib/python3.6/site-packages/airflow/example_dags/example_task_group_decorator.py took 0.307 seconds
[2021-10-27 07:35:15,960] {processor.py:163} INFO - Started process (PID=913) to work on /home/airflow/.local/lib/python3.6/site-packages/airflow/example_dags/example_task_group_decorator.py
[2021-10-27 07:35:15,961] {processor.py:620} INFO - Processing file /home/airflow/.local/lib/python3.6/site-packages/airflow/example_dags/example_task_group_decorator.py for tasks to queue
[2021-10-27 07:35:15,962] {logging_mixin.py:109} INFO - [2021-10-27 07:35:15,962] {dagbag.py:500} INFO - Filling up the DagBag from /home/airflow/.local/lib/python3.6/site-packages/airflow/example_dags/example_task_group_decorator.py
[2021-10-27 07:35:16,002] {processor.py:632} INFO - DAG(s) dict_keys(['example_task_group_decorator']) retrieved from /home/airflow/.local/lib/python3.6/site-packages/airflow/example_dags/example_task_group_decorator.py
[2021-10-27 07:35:16,215] {logging_mixin.py:109} INFO - [2021-10-27 07:35:16,215] {dag.py:2389} INFO - Sync 1 DAGs
[2021-10-27 07:35:16,230] {logging_mixin.py:109} INFO - [2021-10-27 07:35:16,230] {dag.py:2914} INFO - Setting next_dagrun for example_task_group_decorator to 2021-10-26T07:35:16.229957+00:00
[2021-10-27 07:35:16,242] {processor.py:171} INFO - Processing /home/airflow/.local/lib/python3.6/site-packages/airflow/example_dags/example_task_group_decorator.py took 0.285 seconds
[2021-10-27 07:35:46,289] {processor.py:163} INFO - Started process (PID=967) to work on /home/airflow/.local/lib/python3.6/site-packages/airflow/example_dags/example_task_group_decorator.py
[2021-10-27 07:35:46,291] {processor.py:620} INFO - Processing file /home/airflow/.local/lib/python3.6/site-packages/airflow/example_dags/example_task_group_decorator.py for tasks to queue
[2021-10-27 07:35:46,292] {logging_mixin.py:109} INFO - [2021-10-27 07:35:46,292] {dagbag.py:500} INFO - Filling up the DagBag from /home/airflow/.local/lib/python3.6/site-packages/airflow/example_dags/example_task_group_decorator.py
[2021-10-27 07:35:46,334] {processor.py:632} INFO - DAG(s) dict_keys(['example_task_group_decorator']) retrieved from /home/airflow/.local/lib/python3.6/site-packages/airflow/example_dags/example_task_group_decorator.py
[2021-10-27 07:35:46,560] {logging_mixin.py:109} INFO - [2021-10-27 07:35:46,560] {dag.py:2389} INFO - Sync 1 DAGs
[2021-10-27 07:35:46,578] {logging_mixin.py:109} INFO - [2021-10-27 07:35:46,578] {dag.py:2914} INFO - Setting next_dagrun for example_task_group_decorator to 2021-10-26T07:35:46.578014+00:00
[2021-10-27 07:35:46,593] {processor.py:171} INFO - Processing /home/airflow/.local/lib/python3.6/site-packages/airflow/example_dags/example_task_group_decorator.py took 0.307 seconds
[2021-10-27 07:36:19,415] {processor.py:163} INFO - Started process (PID=1033) to work on /home/airflow/.local/lib/python3.6/site-packages/airflow/example_dags/example_task_group_decorator.py
[2021-10-27 07:36:19,420] {processor.py:620} INFO - Processing file /home/airflow/.local/lib/python3.6/site-packages/airflow/example_dags/example_task_group_decorator.py for tasks to queue
[2021-10-27 07:36:19,433] {logging_mixin.py:109} INFO - [2021-10-27 07:36:19,432] {dagbag.py:500} INFO - Filling up the DagBag from /home/airflow/.local/lib/python3.6/site-packages/airflow/example_dags/example_task_group_decorator.py
[2021-10-27 07:36:19,578] {processor.py:632} INFO - DAG(s) dict_keys(['example_task_group_decorator']) retrieved from /home/airflow/.local/lib/python3.6/site-packages/airflow/example_dags/example_task_group_decorator.py
[2021-10-27 07:36:20,282] {logging_mixin.py:109} INFO - [2021-10-27 07:36:20,282] {dag.py:2389} INFO - Sync 1 DAGs
[2021-10-27 07:36:20,318] {logging_mixin.py:109} INFO - [2021-10-27 07:36:20,318] {dag.py:2914} INFO - Setting next_dagrun for example_task_group_decorator to 2021-10-26T07:36:20.318168+00:00
[2021-10-27 07:36:20,354] {processor.py:171} INFO - Processing /home/airflow/.local/lib/python3.6/site-packages/airflow/example_dags/example_task_group_decorator.py took 0.944 seconds
[2021-10-27 07:36:50,464] {processor.py:163} INFO - Started process (PID=1090) to work on /home/airflow/.local/lib/python3.6/site-packages/airflow/example_dags/example_task_group_decorator.py
[2021-10-27 07:36:50,466] {processor.py:620} INFO - Processing file /home/airflow/.local/lib/python3.6/site-packages/airflow/example_dags/example_task_group_decorator.py for tasks to queue
[2021-10-27 07:36:50,467] {logging_mixin.py:109} INFO - [2021-10-27 07:36:50,467] {dagbag.py:500} INFO - Filling up the DagBag from /home/airflow/.local/lib/python3.6/site-packages/airflow/example_dags/example_task_group_decorator.py
[2021-10-27 07:36:50,541] {processor.py:632} INFO - DAG(s) dict_keys(['example_task_group_decorator']) retrieved from /home/airflow/.local/lib/python3.6/site-packages/airflow/example_dags/example_task_group_decorator.py
[2021-10-27 07:36:50,922] {logging_mixin.py:109} INFO - [2021-10-27 07:36:50,922] {dag.py:2389} INFO - Sync 1 DAGs
[2021-10-27 07:36:50,943] {logging_mixin.py:109} INFO - [2021-10-27 07:36:50,943] {dag.py:2914} INFO - Setting next_dagrun for example_task_group_decorator to 2021-10-26T07:36:50.943370+00:00
[2021-10-27 07:36:50,966] {processor.py:171} INFO - Processing /home/airflow/.local/lib/python3.6/site-packages/airflow/example_dags/example_task_group_decorator.py took 0.507 seconds
[2021-10-27 07:37:21,757] {processor.py:163} INFO - Started process (PID=1157) to work on /home/airflow/.local/lib/python3.6/site-packages/airflow/example_dags/example_task_group_decorator.py
[2021-10-27 07:37:21,758] {processor.py:620} INFO - Processing file /home/airflow/.local/lib/python3.6/site-packages/airflow/example_dags/example_task_group_decorator.py for tasks to queue
[2021-10-27 07:37:21,759] {logging_mixin.py:109} INFO - [2021-10-27 07:37:21,759] {dagbag.py:500} INFO - Filling up the DagBag from /home/airflow/.local/lib/python3.6/site-packages/airflow/example_dags/example_task_group_decorator.py
[2021-10-27 07:37:21,804] {processor.py:632} INFO - DAG(s) dict_keys(['example_task_group_decorator']) retrieved from /home/airflow/.local/lib/python3.6/site-packages/airflow/example_dags/example_task_group_decorator.py
[2021-10-27 07:37:22,047] {logging_mixin.py:109} INFO - [2021-10-27 07:37:22,047] {dag.py:2389} INFO - Sync 1 DAGs
[2021-10-27 07:37:22,061] {logging_mixin.py:109} INFO - [2021-10-27 07:37:22,061] {dag.py:2914} INFO - Setting next_dagrun for example_task_group_decorator to 2021-10-26T07:37:22.061337+00:00
[2021-10-27 07:37:22,074] {processor.py:171} INFO - Processing /home/airflow/.local/lib/python3.6/site-packages/airflow/example_dags/example_task_group_decorator.py took 0.321 seconds
[2021-10-27 07:37:52,256] {processor.py:163} INFO - Started process (PID=1213) to work on /home/airflow/.local/lib/python3.6/site-packages/airflow/example_dags/example_task_group_decorator.py
[2021-10-27 07:37:52,257] {processor.py:620} INFO - Processing file /home/airflow/.local/lib/python3.6/site-packages/airflow/example_dags/example_task_group_decorator.py for tasks to queue
[2021-10-27 07:37:52,258] {logging_mixin.py:109} INFO - [2021-10-27 07:37:52,258] {dagbag.py:500} INFO - Filling up the DagBag from /home/airflow/.local/lib/python3.6/site-packages/airflow/example_dags/example_task_group_decorator.py
[2021-10-27 07:37:52,313] {processor.py:632} INFO - DAG(s) dict_keys(['example_task_group_decorator']) retrieved from /home/airflow/.local/lib/python3.6/site-packages/airflow/example_dags/example_task_group_decorator.py
[2021-10-27 07:37:52,537] {logging_mixin.py:109} INFO - [2021-10-27 07:37:52,537] {dag.py:2389} INFO - Sync 1 DAGs
[2021-10-27 07:37:52,551] {logging_mixin.py:109} INFO - [2021-10-27 07:37:52,551] {dag.py:2914} INFO - Setting next_dagrun for example_task_group_decorator to 2021-10-26T07:37:52.551133+00:00
[2021-10-27 07:37:52,563] {processor.py:171} INFO - Processing /home/airflow/.local/lib/python3.6/site-packages/airflow/example_dags/example_task_group_decorator.py took 0.311 seconds
[2021-10-27 07:38:22,892] {processor.py:163} INFO - Started process (PID=1279) to work on /home/airflow/.local/lib/python3.6/site-packages/airflow/example_dags/example_task_group_decorator.py
[2021-10-27 07:38:22,894] {processor.py:620} INFO - Processing file /home/airflow/.local/lib/python3.6/site-packages/airflow/example_dags/example_task_group_decorator.py for tasks to queue
[2021-10-27 07:38:22,895] {logging_mixin.py:109} INFO - [2021-10-27 07:38:22,895] {dagbag.py:500} INFO - Filling up the DagBag from /home/airflow/.local/lib/python3.6/site-packages/airflow/example_dags/example_task_group_decorator.py
[2021-10-27 07:38:22,995] {processor.py:632} INFO - DAG(s) dict_keys(['example_task_group_decorator']) retrieved from /home/airflow/.local/lib/python3.6/site-packages/airflow/example_dags/example_task_group_decorator.py
[2021-10-27 07:38:23,245] {logging_mixin.py:109} INFO - [2021-10-27 07:38:23,245] {dag.py:2389} INFO - Sync 1 DAGs
[2021-10-27 07:38:23,259] {logging_mixin.py:109} INFO - [2021-10-27 07:38:23,259] {dag.py:2914} INFO - Setting next_dagrun for example_task_group_decorator to 2021-10-26T07:38:23.259594+00:00
[2021-10-27 07:38:23,272] {processor.py:171} INFO - Processing /home/airflow/.local/lib/python3.6/site-packages/airflow/example_dags/example_task_group_decorator.py took 0.385 seconds
[2021-10-27 07:38:53,318] {processor.py:163} INFO - Started process (PID=1335) to work on /home/airflow/.local/lib/python3.6/site-packages/airflow/example_dags/example_task_group_decorator.py
[2021-10-27 07:38:53,319] {processor.py:620} INFO - Processing file /home/airflow/.local/lib/python3.6/site-packages/airflow/example_dags/example_task_group_decorator.py for tasks to queue
[2021-10-27 07:38:53,320] {logging_mixin.py:109} INFO - [2021-10-27 07:38:53,320] {dagbag.py:500} INFO - Filling up the DagBag from /home/airflow/.local/lib/python3.6/site-packages/airflow/example_dags/example_task_group_decorator.py
[2021-10-27 07:38:53,368] {processor.py:632} INFO - DAG(s) dict_keys(['example_task_group_decorator']) retrieved from /home/airflow/.local/lib/python3.6/site-packages/airflow/example_dags/example_task_group_decorator.py
[2021-10-27 07:38:53,598] {logging_mixin.py:109} INFO - [2021-10-27 07:38:53,597] {dag.py:2389} INFO - Sync 1 DAGs
[2021-10-27 07:38:53,612] {logging_mixin.py:109} INFO - [2021-10-27 07:38:53,612] {dag.py:2914} INFO - Setting next_dagrun for example_task_group_decorator to 2021-10-26T07:38:53.611802+00:00
[2021-10-27 07:38:53,624] {processor.py:171} INFO - Processing /home/airflow/.local/lib/python3.6/site-packages/airflow/example_dags/example_task_group_decorator.py took 0.309 seconds
[2021-10-27 07:39:23,778] {processor.py:163} INFO - Started process (PID=1400) to work on /home/airflow/.local/lib/python3.6/site-packages/airflow/example_dags/example_task_group_decorator.py
[2021-10-27 07:39:23,779] {processor.py:620} INFO - Processing file /home/airflow/.local/lib/python3.6/site-packages/airflow/example_dags/example_task_group_decorator.py for tasks to queue
[2021-10-27 07:39:23,780] {logging_mixin.py:109} INFO - [2021-10-27 07:39:23,780] {dagbag.py:500} INFO - Filling up the DagBag from /home/airflow/.local/lib/python3.6/site-packages/airflow/example_dags/example_task_group_decorator.py
[2021-10-27 07:39:23,822] {processor.py:632} INFO - DAG(s) dict_keys(['example_task_group_decorator']) retrieved from /home/airflow/.local/lib/python3.6/site-packages/airflow/example_dags/example_task_group_decorator.py
[2021-10-27 07:39:24,028] {logging_mixin.py:109} INFO - [2021-10-27 07:39:24,028] {dag.py:2389} INFO - Sync 1 DAGs
[2021-10-27 07:39:24,043] {logging_mixin.py:109} INFO - [2021-10-27 07:39:24,042] {dag.py:2914} INFO - Setting next_dagrun for example_task_group_decorator to 2021-10-26T07:39:24.042694+00:00
[2021-10-27 07:39:24,055] {processor.py:171} INFO - Processing /home/airflow/.local/lib/python3.6/site-packages/airflow/example_dags/example_task_group_decorator.py took 0.280 seconds
[2021-10-27 07:39:54,150] {processor.py:163} INFO - Started process (PID=1454) to work on /home/airflow/.local/lib/python3.6/site-packages/airflow/example_dags/example_task_group_decorator.py
[2021-10-27 07:39:54,152] {processor.py:620} INFO - Processing file /home/airflow/.local/lib/python3.6/site-packages/airflow/example_dags/example_task_group_decorator.py for tasks to queue
[2021-10-27 07:39:54,153] {logging_mixin.py:109} INFO - [2021-10-27 07:39:54,152] {dagbag.py:500} INFO - Filling up the DagBag from /home/airflow/.local/lib/python3.6/site-packages/airflow/example_dags/example_task_group_decorator.py
[2021-10-27 07:39:54,195] {processor.py:632} INFO - DAG(s) dict_keys(['example_task_group_decorator']) retrieved from /home/airflow/.local/lib/python3.6/site-packages/airflow/example_dags/example_task_group_decorator.py
[2021-10-27 07:39:54,414] {logging_mixin.py:109} INFO - [2021-10-27 07:39:54,413] {dag.py:2389} INFO - Sync 1 DAGs
[2021-10-27 07:39:54,429] {logging_mixin.py:109} INFO - [2021-10-27 07:39:54,428] {dag.py:2914} INFO - Setting next_dagrun for example_task_group_decorator to 2021-10-26T07:39:54.428496+00:00
[2021-10-27 07:39:54,441] {processor.py:171} INFO - Processing /home/airflow/.local/lib/python3.6/site-packages/airflow/example_dags/example_task_group_decorator.py took 0.295 seconds
[2021-10-27 07:40:24,598] {processor.py:163} INFO - Started process (PID=1520) to work on /home/airflow/.local/lib/python3.6/site-packages/airflow/example_dags/example_task_group_decorator.py
[2021-10-27 07:40:24,599] {processor.py:620} INFO - Processing file /home/airflow/.local/lib/python3.6/site-packages/airflow/example_dags/example_task_group_decorator.py for tasks to queue
[2021-10-27 07:40:24,600] {logging_mixin.py:109} INFO - [2021-10-27 07:40:24,600] {dagbag.py:500} INFO - Filling up the DagBag from /home/airflow/.local/lib/python3.6/site-packages/airflow/example_dags/example_task_group_decorator.py
[2021-10-27 07:40:24,641] {processor.py:632} INFO - DAG(s) dict_keys(['example_task_group_decorator']) retrieved from /home/airflow/.local/lib/python3.6/site-packages/airflow/example_dags/example_task_group_decorator.py
[2021-10-27 07:40:24,846] {logging_mixin.py:109} INFO - [2021-10-27 07:40:24,846] {dag.py:2389} INFO - Sync 1 DAGs
[2021-10-27 07:40:24,862] {logging_mixin.py:109} INFO - [2021-10-27 07:40:24,861] {dag.py:2914} INFO - Setting next_dagrun for example_task_group_decorator to 2021-10-26T07:40:24.861680+00:00
[2021-10-27 07:40:24,874] {processor.py:171} INFO - Processing /home/airflow/.local/lib/python3.6/site-packages/airflow/example_dags/example_task_group_decorator.py took 0.279 seconds
[2021-10-27 07:40:55,007] {processor.py:163} INFO - Started process (PID=1574) to work on /home/airflow/.local/lib/python3.6/site-packages/airflow/example_dags/example_task_group_decorator.py
[2021-10-27 07:40:55,008] {processor.py:620} INFO - Processing file /home/airflow/.local/lib/python3.6/site-packages/airflow/example_dags/example_task_group_decorator.py for tasks to queue
[2021-10-27 07:40:55,009] {logging_mixin.py:109} INFO - [2021-10-27 07:40:55,009] {dagbag.py:500} INFO - Filling up the DagBag from /home/airflow/.local/lib/python3.6/site-packages/airflow/example_dags/example_task_group_decorator.py
[2021-10-27 07:40:55,057] {processor.py:632} INFO - DAG(s) dict_keys(['example_task_group_decorator']) retrieved from /home/airflow/.local/lib/python3.6/site-packages/airflow/example_dags/example_task_group_decorator.py
[2021-10-27 07:40:55,288] {logging_mixin.py:109} INFO - [2021-10-27 07:40:55,288] {dag.py:2389} INFO - Sync 1 DAGs
[2021-10-27 07:40:55,305] {logging_mixin.py:109} INFO - [2021-10-27 07:40:55,305] {dag.py:2914} INFO - Setting next_dagrun for example_task_group_decorator to 2021-10-26T07:40:55.305393+00:00
[2021-10-27 07:40:55,317] {processor.py:171} INFO - Processing /home/airflow/.local/lib/python3.6/site-packages/airflow/example_dags/example_task_group_decorator.py took 0.315 seconds
[2021-10-27 07:41:25,594] {processor.py:163} INFO - Started process (PID=1638) to work on /home/airflow/.local/lib/python3.6/site-packages/airflow/example_dags/example_task_group_decorator.py
[2021-10-27 07:41:25,595] {processor.py:620} INFO - Processing file /home/airflow/.local/lib/python3.6/site-packages/airflow/example_dags/example_task_group_decorator.py for tasks to queue
[2021-10-27 07:41:25,596] {logging_mixin.py:109} INFO - [2021-10-27 07:41:25,596] {dagbag.py:500} INFO - Filling up the DagBag from /home/airflow/.local/lib/python3.6/site-packages/airflow/example_dags/example_task_group_decorator.py
[2021-10-27 07:41:25,637] {processor.py:632} INFO - DAG(s) dict_keys(['example_task_group_decorator']) retrieved from /home/airflow/.local/lib/python3.6/site-packages/airflow/example_dags/example_task_group_decorator.py
[2021-10-27 07:41:25,850] {logging_mixin.py:109} INFO - [2021-10-27 07:41:25,850] {dag.py:2389} INFO - Sync 1 DAGs
[2021-10-27 07:41:25,864] {logging_mixin.py:109} INFO - [2021-10-27 07:41:25,864] {dag.py:2914} INFO - Setting next_dagrun for example_task_group_decorator to 2021-10-26T07:41:25.864565+00:00
[2021-10-27 07:41:25,878] {processor.py:171} INFO - Processing /home/airflow/.local/lib/python3.6/site-packages/airflow/example_dags/example_task_group_decorator.py took 0.287 seconds
[2021-10-27 07:41:55,908] {processor.py:163} INFO - Started process (PID=1695) to work on /home/airflow/.local/lib/python3.6/site-packages/airflow/example_dags/example_task_group_decorator.py
[2021-10-27 07:41:55,909] {processor.py:620} INFO - Processing file /home/airflow/.local/lib/python3.6/site-packages/airflow/example_dags/example_task_group_decorator.py for tasks to queue
[2021-10-27 07:41:55,910] {logging_mixin.py:109} INFO - [2021-10-27 07:41:55,910] {dagbag.py:500} INFO - Filling up the DagBag from /home/airflow/.local/lib/python3.6/site-packages/airflow/example_dags/example_task_group_decorator.py
[2021-10-27 07:41:55,949] {processor.py:632} INFO - DAG(s) dict_keys(['example_task_group_decorator']) retrieved from /home/airflow/.local/lib/python3.6/site-packages/airflow/example_dags/example_task_group_decorator.py
[2021-10-27 07:41:56,160] {logging_mixin.py:109} INFO - [2021-10-27 07:41:56,160] {dag.py:2389} INFO - Sync 1 DAGs
[2021-10-27 07:41:56,175] {logging_mixin.py:109} INFO - [2021-10-27 07:41:56,175] {dag.py:2914} INFO - Setting next_dagrun for example_task_group_decorator to 2021-10-26T07:41:56.175199+00:00
[2021-10-27 07:41:56,188] {processor.py:171} INFO - Processing /home/airflow/.local/lib/python3.6/site-packages/airflow/example_dags/example_task_group_decorator.py took 0.283 seconds
[2021-10-27 07:42:26,364] {processor.py:163} INFO - Started process (PID=1756) to work on /home/airflow/.local/lib/python3.6/site-packages/airflow/example_dags/example_task_group_decorator.py
[2021-10-27 07:42:26,366] {processor.py:620} INFO - Processing file /home/airflow/.local/lib/python3.6/site-packages/airflow/example_dags/example_task_group_decorator.py for tasks to queue
[2021-10-27 07:42:26,366] {logging_mixin.py:109} INFO - [2021-10-27 07:42:26,366] {dagbag.py:500} INFO - Filling up the DagBag from /home/airflow/.local/lib/python3.6/site-packages/airflow/example_dags/example_task_group_decorator.py
[2021-10-27 07:42:26,419] {processor.py:632} INFO - DAG(s) dict_keys(['example_task_group_decorator']) retrieved from /home/airflow/.local/lib/python3.6/site-packages/airflow/example_dags/example_task_group_decorator.py
[2021-10-27 07:42:26,692] {logging_mixin.py:109} INFO - [2021-10-27 07:42:26,691] {dag.py:2389} INFO - Sync 1 DAGs
[2021-10-27 07:42:26,710] {logging_mixin.py:109} INFO - [2021-10-27 07:42:26,710] {dag.py:2914} INFO - Setting next_dagrun for example_task_group_decorator to 2021-10-26T07:42:26.710167+00:00
[2021-10-27 07:42:26,724] {processor.py:171} INFO - Processing /home/airflow/.local/lib/python3.6/site-packages/airflow/example_dags/example_task_group_decorator.py took 0.365 seconds
[2021-10-27 07:42:57,486] {processor.py:163} INFO - Started process (PID=1812) to work on /home/airflow/.local/lib/python3.6/site-packages/airflow/example_dags/example_task_group_decorator.py
[2021-10-27 07:42:57,487] {processor.py:620} INFO - Processing file /home/airflow/.local/lib/python3.6/site-packages/airflow/example_dags/example_task_group_decorator.py for tasks to queue
[2021-10-27 07:42:57,488] {logging_mixin.py:109} INFO - [2021-10-27 07:42:57,488] {dagbag.py:500} INFO - Filling up the DagBag from /home/airflow/.local/lib/python3.6/site-packages/airflow/example_dags/example_task_group_decorator.py
[2021-10-27 07:42:57,533] {processor.py:632} INFO - DAG(s) dict_keys(['example_task_group_decorator']) retrieved from /home/airflow/.local/lib/python3.6/site-packages/airflow/example_dags/example_task_group_decorator.py
[2021-10-27 07:42:57,741] {logging_mixin.py:109} INFO - [2021-10-27 07:42:57,741] {dag.py:2389} INFO - Sync 1 DAGs
[2021-10-27 07:42:57,757] {logging_mixin.py:109} INFO - [2021-10-27 07:42:57,756] {dag.py:2914} INFO - Setting next_dagrun for example_task_group_decorator to 2021-10-26T07:42:57.756726+00:00
[2021-10-27 07:42:57,771] {processor.py:171} INFO - Processing /home/airflow/.local/lib/python3.6/site-packages/airflow/example_dags/example_task_group_decorator.py took 0.288 seconds
[2021-10-27 07:43:28,215] {processor.py:163} INFO - Started process (PID=1879) to work on /home/airflow/.local/lib/python3.6/site-packages/airflow/example_dags/example_task_group_decorator.py
[2021-10-27 07:43:28,220] {processor.py:620} INFO - Processing file /home/airflow/.local/lib/python3.6/site-packages/airflow/example_dags/example_task_group_decorator.py for tasks to queue
[2021-10-27 07:43:28,226] {logging_mixin.py:109} INFO - [2021-10-27 07:43:28,225] {dagbag.py:500} INFO - Filling up the DagBag from /home/airflow/.local/lib/python3.6/site-packages/airflow/example_dags/example_task_group_decorator.py
[2021-10-27 07:43:28,351] {processor.py:632} INFO - DAG(s) dict_keys(['example_task_group_decorator']) retrieved from /home/airflow/.local/lib/python3.6/site-packages/airflow/example_dags/example_task_group_decorator.py
[2021-10-27 07:43:28,655] {logging_mixin.py:109} INFO - [2021-10-27 07:43:28,654] {dag.py:2389} INFO - Sync 1 DAGs
[2021-10-27 07:43:28,670] {logging_mixin.py:109} INFO - [2021-10-27 07:43:28,669] {dag.py:2914} INFO - Setting next_dagrun for example_task_group_decorator to 2021-10-26T07:43:28.669740+00:00
[2021-10-27 07:43:28,682] {processor.py:171} INFO - Processing /home/airflow/.local/lib/python3.6/site-packages/airflow/example_dags/example_task_group_decorator.py took 0.483 seconds
[2021-10-27 07:43:59,129] {processor.py:163} INFO - Started process (PID=1935) to work on /home/airflow/.local/lib/python3.6/site-packages/airflow/example_dags/example_task_group_decorator.py
[2021-10-27 07:43:59,130] {processor.py:620} INFO - Processing file /home/airflow/.local/lib/python3.6/site-packages/airflow/example_dags/example_task_group_decorator.py for tasks to queue
[2021-10-27 07:43:59,131] {logging_mixin.py:109} INFO - [2021-10-27 07:43:59,131] {dagbag.py:500} INFO - Filling up the DagBag from /home/airflow/.local/lib/python3.6/site-packages/airflow/example_dags/example_task_group_decorator.py
[2021-10-27 07:43:59,177] {processor.py:632} INFO - DAG(s) dict_keys(['example_task_group_decorator']) retrieved from /home/airflow/.local/lib/python3.6/site-packages/airflow/example_dags/example_task_group_decorator.py
[2021-10-27 07:43:59,408] {logging_mixin.py:109} INFO - [2021-10-27 07:43:59,408] {dag.py:2389} INFO - Sync 1 DAGs
[2021-10-27 07:43:59,423] {logging_mixin.py:109} INFO - [2021-10-27 07:43:59,423] {dag.py:2914} INFO - Setting next_dagrun for example_task_group_decorator to 2021-10-26T07:43:59.423443+00:00
[2021-10-27 07:43:59,436] {processor.py:171} INFO - Processing /home/airflow/.local/lib/python3.6/site-packages/airflow/example_dags/example_task_group_decorator.py took 0.312 seconds
[2021-10-27 07:44:29,475] {processor.py:163} INFO - Started process (PID=1991) to work on /home/airflow/.local/lib/python3.6/site-packages/airflow/example_dags/example_task_group_decorator.py
[2021-10-27 07:44:29,476] {processor.py:620} INFO - Processing file /home/airflow/.local/lib/python3.6/site-packages/airflow/example_dags/example_task_group_decorator.py for tasks to queue
[2021-10-27 07:44:29,477] {logging_mixin.py:109} INFO - [2021-10-27 07:44:29,477] {dagbag.py:500} INFO - Filling up the DagBag from /home/airflow/.local/lib/python3.6/site-packages/airflow/example_dags/example_task_group_decorator.py
[2021-10-27 07:44:29,519] {processor.py:632} INFO - DAG(s) dict_keys(['example_task_group_decorator']) retrieved from /home/airflow/.local/lib/python3.6/site-packages/airflow/example_dags/example_task_group_decorator.py
[2021-10-27 07:44:29,716] {logging_mixin.py:109} INFO - [2021-10-27 07:44:29,716] {dag.py:2389} INFO - Sync 1 DAGs
[2021-10-27 07:44:29,730] {logging_mixin.py:109} INFO - [2021-10-27 07:44:29,730] {dag.py:2914} INFO - Setting next_dagrun for example_task_group_decorator to 2021-10-26T07:44:29.730346+00:00
[2021-10-27 07:44:29,744] {processor.py:171} INFO - Processing /home/airflow/.local/lib/python3.6/site-packages/airflow/example_dags/example_task_group_decorator.py took 0.272 seconds
