[2021-10-27 07:17:44,724] {processor.py:163} INFO - Started process (PID=71) to work on /home/airflow/.local/lib/python3.6/site-packages/airflow/example_dags/example_branch_python_dop_operator_3.py
[2021-10-27 07:17:44,726] {processor.py:620} INFO - Processing file /home/airflow/.local/lib/python3.6/site-packages/airflow/example_dags/example_branch_python_dop_operator_3.py for tasks to queue
[2021-10-27 07:17:44,727] {logging_mixin.py:109} INFO - [2021-10-27 07:17:44,727] {dagbag.py:500} INFO - Filling up the DagBag from /home/airflow/.local/lib/python3.6/site-packages/airflow/example_dags/example_branch_python_dop_operator_3.py
[2021-10-27 07:17:44,896] {processor.py:632} INFO - DAG(s) dict_keys(['example_branch_dop_operator_v3']) retrieved from /home/airflow/.local/lib/python3.6/site-packages/airflow/example_dags/example_branch_python_dop_operator_3.py
[2021-10-27 07:17:44,921] {logging_mixin.py:109} INFO - [2021-10-27 07:17:44,921] {dag.py:2389} INFO - Sync 1 DAGs
[2021-10-27 07:17:44,960] {logging_mixin.py:109} INFO - [2021-10-27 07:17:44,960] {dag.py:2914} INFO - Setting next_dagrun for example_branch_dop_operator_v3 to 2021-10-27T07:16:00+00:00
[2021-10-27 07:17:44,978] {processor.py:171} INFO - Processing /home/airflow/.local/lib/python3.6/site-packages/airflow/example_dags/example_branch_python_dop_operator_3.py took 0.260 seconds
[2021-10-27 07:18:15,077] {processor.py:163} INFO - Started process (PID=126) to work on /home/airflow/.local/lib/python3.6/site-packages/airflow/example_dags/example_branch_python_dop_operator_3.py
[2021-10-27 07:18:15,078] {processor.py:620} INFO - Processing file /home/airflow/.local/lib/python3.6/site-packages/airflow/example_dags/example_branch_python_dop_operator_3.py for tasks to queue
[2021-10-27 07:18:15,079] {logging_mixin.py:109} INFO - [2021-10-27 07:18:15,079] {dagbag.py:500} INFO - Filling up the DagBag from /home/airflow/.local/lib/python3.6/site-packages/airflow/example_dags/example_branch_python_dop_operator_3.py
[2021-10-27 07:18:15,105] {processor.py:632} INFO - DAG(s) dict_keys(['example_branch_dop_operator_v3']) retrieved from /home/airflow/.local/lib/python3.6/site-packages/airflow/example_dags/example_branch_python_dop_operator_3.py
[2021-10-27 07:18:15,116] {logging_mixin.py:109} INFO - [2021-10-27 07:18:15,116] {dag.py:2389} INFO - Sync 1 DAGs
[2021-10-27 07:18:15,139] {logging_mixin.py:109} INFO - [2021-10-27 07:18:15,139] {dag.py:2914} INFO - Setting next_dagrun for example_branch_dop_operator_v3 to 2021-10-27T07:17:00+00:00
[2021-10-27 07:18:15,150] {processor.py:171} INFO - Processing /home/airflow/.local/lib/python3.6/site-packages/airflow/example_dags/example_branch_python_dop_operator_3.py took 0.077 seconds
[2021-10-27 07:18:45,355] {processor.py:163} INFO - Started process (PID=181) to work on /home/airflow/.local/lib/python3.6/site-packages/airflow/example_dags/example_branch_python_dop_operator_3.py
[2021-10-27 07:18:45,357] {processor.py:620} INFO - Processing file /home/airflow/.local/lib/python3.6/site-packages/airflow/example_dags/example_branch_python_dop_operator_3.py for tasks to queue
[2021-10-27 07:18:45,358] {logging_mixin.py:109} INFO - [2021-10-27 07:18:45,358] {dagbag.py:500} INFO - Filling up the DagBag from /home/airflow/.local/lib/python3.6/site-packages/airflow/example_dags/example_branch_python_dop_operator_3.py
[2021-10-27 07:18:45,388] {processor.py:632} INFO - DAG(s) dict_keys(['example_branch_dop_operator_v3']) retrieved from /home/airflow/.local/lib/python3.6/site-packages/airflow/example_dags/example_branch_python_dop_operator_3.py
[2021-10-27 07:18:45,398] {logging_mixin.py:109} INFO - [2021-10-27 07:18:45,398] {dag.py:2389} INFO - Sync 1 DAGs
[2021-10-27 07:18:45,416] {logging_mixin.py:109} INFO - [2021-10-27 07:18:45,416] {dag.py:2914} INFO - Setting next_dagrun for example_branch_dop_operator_v3 to 2021-10-27T07:17:00+00:00
[2021-10-27 07:18:45,427] {processor.py:171} INFO - Processing /home/airflow/.local/lib/python3.6/site-packages/airflow/example_dags/example_branch_python_dop_operator_3.py took 0.075 seconds
[2021-10-27 07:19:16,920] {processor.py:163} INFO - Started process (PID=245) to work on /home/airflow/.local/lib/python3.6/site-packages/airflow/example_dags/example_branch_python_dop_operator_3.py
[2021-10-27 07:19:16,922] {processor.py:620} INFO - Processing file /home/airflow/.local/lib/python3.6/site-packages/airflow/example_dags/example_branch_python_dop_operator_3.py for tasks to queue
[2021-10-27 07:19:16,924] {logging_mixin.py:109} INFO - [2021-10-27 07:19:16,924] {dagbag.py:500} INFO - Filling up the DagBag from /home/airflow/.local/lib/python3.6/site-packages/airflow/example_dags/example_branch_python_dop_operator_3.py
[2021-10-27 07:19:16,979] {processor.py:632} INFO - DAG(s) dict_keys(['example_branch_dop_operator_v3']) retrieved from /home/airflow/.local/lib/python3.6/site-packages/airflow/example_dags/example_branch_python_dop_operator_3.py
[2021-10-27 07:19:17,003] {logging_mixin.py:109} INFO - [2021-10-27 07:19:17,002] {dag.py:2389} INFO - Sync 1 DAGs
[2021-10-27 07:19:17,059] {logging_mixin.py:109} INFO - [2021-10-27 07:19:17,058] {dag.py:2914} INFO - Setting next_dagrun for example_branch_dop_operator_v3 to 2021-10-27T07:18:00+00:00
[2021-10-27 07:19:17,076] {processor.py:171} INFO - Processing /home/airflow/.local/lib/python3.6/site-packages/airflow/example_dags/example_branch_python_dop_operator_3.py took 0.161 seconds
[2021-10-27 07:19:47,911] {processor.py:163} INFO - Started process (PID=302) to work on /home/airflow/.local/lib/python3.6/site-packages/airflow/example_dags/example_branch_python_dop_operator_3.py
[2021-10-27 07:19:47,913] {processor.py:620} INFO - Processing file /home/airflow/.local/lib/python3.6/site-packages/airflow/example_dags/example_branch_python_dop_operator_3.py for tasks to queue
[2021-10-27 07:19:47,914] {logging_mixin.py:109} INFO - [2021-10-27 07:19:47,914] {dagbag.py:500} INFO - Filling up the DagBag from /home/airflow/.local/lib/python3.6/site-packages/airflow/example_dags/example_branch_python_dop_operator_3.py
[2021-10-27 07:19:47,955] {processor.py:632} INFO - DAG(s) dict_keys(['example_branch_dop_operator_v3']) retrieved from /home/airflow/.local/lib/python3.6/site-packages/airflow/example_dags/example_branch_python_dop_operator_3.py
[2021-10-27 07:19:47,972] {logging_mixin.py:109} INFO - [2021-10-27 07:19:47,972] {dag.py:2389} INFO - Sync 1 DAGs
[2021-10-27 07:19:48,000] {logging_mixin.py:109} INFO - [2021-10-27 07:19:48,000] {dag.py:2914} INFO - Setting next_dagrun for example_branch_dop_operator_v3 to 2021-10-27T07:18:00+00:00
[2021-10-27 07:19:48,011] {processor.py:171} INFO - Processing /home/airflow/.local/lib/python3.6/site-packages/airflow/example_dags/example_branch_python_dop_operator_3.py took 0.104 seconds
[2021-10-27 07:20:18,191] {processor.py:163} INFO - Started process (PID=368) to work on /home/airflow/.local/lib/python3.6/site-packages/airflow/example_dags/example_branch_python_dop_operator_3.py
[2021-10-27 07:20:18,192] {processor.py:620} INFO - Processing file /home/airflow/.local/lib/python3.6/site-packages/airflow/example_dags/example_branch_python_dop_operator_3.py for tasks to queue
[2021-10-27 07:20:18,193] {logging_mixin.py:109} INFO - [2021-10-27 07:20:18,193] {dagbag.py:500} INFO - Filling up the DagBag from /home/airflow/.local/lib/python3.6/site-packages/airflow/example_dags/example_branch_python_dop_operator_3.py
[2021-10-27 07:20:18,221] {processor.py:632} INFO - DAG(s) dict_keys(['example_branch_dop_operator_v3']) retrieved from /home/airflow/.local/lib/python3.6/site-packages/airflow/example_dags/example_branch_python_dop_operator_3.py
[2021-10-27 07:20:18,231] {logging_mixin.py:109} INFO - [2021-10-27 07:20:18,230] {dag.py:2389} INFO - Sync 1 DAGs
[2021-10-27 07:20:18,250] {logging_mixin.py:109} INFO - [2021-10-27 07:20:18,250] {dag.py:2914} INFO - Setting next_dagrun for example_branch_dop_operator_v3 to 2021-10-27T07:19:00+00:00
[2021-10-27 07:20:18,260] {processor.py:171} INFO - Processing /home/airflow/.local/lib/python3.6/site-packages/airflow/example_dags/example_branch_python_dop_operator_3.py took 0.073 seconds
[2021-10-27 07:20:48,410] {processor.py:163} INFO - Started process (PID=423) to work on /home/airflow/.local/lib/python3.6/site-packages/airflow/example_dags/example_branch_python_dop_operator_3.py
[2021-10-27 07:20:48,412] {processor.py:620} INFO - Processing file /home/airflow/.local/lib/python3.6/site-packages/airflow/example_dags/example_branch_python_dop_operator_3.py for tasks to queue
[2021-10-27 07:20:48,413] {logging_mixin.py:109} INFO - [2021-10-27 07:20:48,413] {dagbag.py:500} INFO - Filling up the DagBag from /home/airflow/.local/lib/python3.6/site-packages/airflow/example_dags/example_branch_python_dop_operator_3.py
[2021-10-27 07:20:48,444] {processor.py:632} INFO - DAG(s) dict_keys(['example_branch_dop_operator_v3']) retrieved from /home/airflow/.local/lib/python3.6/site-packages/airflow/example_dags/example_branch_python_dop_operator_3.py
[2021-10-27 07:20:48,454] {logging_mixin.py:109} INFO - [2021-10-27 07:20:48,454] {dag.py:2389} INFO - Sync 1 DAGs
[2021-10-27 07:20:48,474] {logging_mixin.py:109} INFO - [2021-10-27 07:20:48,474] {dag.py:2914} INFO - Setting next_dagrun for example_branch_dop_operator_v3 to 2021-10-27T07:19:00+00:00
[2021-10-27 07:20:48,483] {processor.py:171} INFO - Processing /home/airflow/.local/lib/python3.6/site-packages/airflow/example_dags/example_branch_python_dop_operator_3.py took 0.077 seconds
[2021-10-27 07:21:19,128] {processor.py:163} INFO - Started process (PID=489) to work on /home/airflow/.local/lib/python3.6/site-packages/airflow/example_dags/example_branch_python_dop_operator_3.py
[2021-10-27 07:21:19,130] {processor.py:620} INFO - Processing file /home/airflow/.local/lib/python3.6/site-packages/airflow/example_dags/example_branch_python_dop_operator_3.py for tasks to queue
[2021-10-27 07:21:19,131] {logging_mixin.py:109} INFO - [2021-10-27 07:21:19,131] {dagbag.py:500} INFO - Filling up the DagBag from /home/airflow/.local/lib/python3.6/site-packages/airflow/example_dags/example_branch_python_dop_operator_3.py
[2021-10-27 07:21:19,157] {processor.py:632} INFO - DAG(s) dict_keys(['example_branch_dop_operator_v3']) retrieved from /home/airflow/.local/lib/python3.6/site-packages/airflow/example_dags/example_branch_python_dop_operator_3.py
[2021-10-27 07:21:19,171] {logging_mixin.py:109} INFO - [2021-10-27 07:21:19,171] {dag.py:2389} INFO - Sync 1 DAGs
[2021-10-27 07:21:19,194] {logging_mixin.py:109} INFO - [2021-10-27 07:21:19,193] {dag.py:2914} INFO - Setting next_dagrun for example_branch_dop_operator_v3 to 2021-10-27T07:20:00+00:00
[2021-10-27 07:21:19,203] {processor.py:171} INFO - Processing /home/airflow/.local/lib/python3.6/site-packages/airflow/example_dags/example_branch_python_dop_operator_3.py took 0.078 seconds
[2021-10-27 07:21:49,323] {processor.py:163} INFO - Started process (PID=543) to work on /home/airflow/.local/lib/python3.6/site-packages/airflow/example_dags/example_branch_python_dop_operator_3.py
[2021-10-27 07:21:49,324] {processor.py:620} INFO - Processing file /home/airflow/.local/lib/python3.6/site-packages/airflow/example_dags/example_branch_python_dop_operator_3.py for tasks to queue
[2021-10-27 07:21:49,325] {logging_mixin.py:109} INFO - [2021-10-27 07:21:49,325] {dagbag.py:500} INFO - Filling up the DagBag from /home/airflow/.local/lib/python3.6/site-packages/airflow/example_dags/example_branch_python_dop_operator_3.py
[2021-10-27 07:21:49,353] {processor.py:632} INFO - DAG(s) dict_keys(['example_branch_dop_operator_v3']) retrieved from /home/airflow/.local/lib/python3.6/site-packages/airflow/example_dags/example_branch_python_dop_operator_3.py
[2021-10-27 07:21:49,364] {logging_mixin.py:109} INFO - [2021-10-27 07:21:49,364] {dag.py:2389} INFO - Sync 1 DAGs
[2021-10-27 07:21:49,385] {logging_mixin.py:109} INFO - [2021-10-27 07:21:49,385] {dag.py:2914} INFO - Setting next_dagrun for example_branch_dop_operator_v3 to 2021-10-27T07:20:00+00:00
[2021-10-27 07:21:49,396] {processor.py:171} INFO - Processing /home/airflow/.local/lib/python3.6/site-packages/airflow/example_dags/example_branch_python_dop_operator_3.py took 0.077 seconds
[2021-10-27 07:22:20,197] {processor.py:163} INFO - Started process (PID=608) to work on /home/airflow/.local/lib/python3.6/site-packages/airflow/example_dags/example_branch_python_dop_operator_3.py
[2021-10-27 07:22:20,199] {processor.py:620} INFO - Processing file /home/airflow/.local/lib/python3.6/site-packages/airflow/example_dags/example_branch_python_dop_operator_3.py for tasks to queue
[2021-10-27 07:22:20,200] {logging_mixin.py:109} INFO - [2021-10-27 07:22:20,200] {dagbag.py:500} INFO - Filling up the DagBag from /home/airflow/.local/lib/python3.6/site-packages/airflow/example_dags/example_branch_python_dop_operator_3.py
[2021-10-27 07:22:20,252] {processor.py:632} INFO - DAG(s) dict_keys(['example_branch_dop_operator_v3']) retrieved from /home/airflow/.local/lib/python3.6/site-packages/airflow/example_dags/example_branch_python_dop_operator_3.py
[2021-10-27 07:22:20,269] {logging_mixin.py:109} INFO - [2021-10-27 07:22:20,268] {dag.py:2389} INFO - Sync 1 DAGs
[2021-10-27 07:22:20,305] {logging_mixin.py:109} INFO - [2021-10-27 07:22:20,305] {dag.py:2914} INFO - Setting next_dagrun for example_branch_dop_operator_v3 to 2021-10-27T07:21:00+00:00
[2021-10-27 07:22:20,322] {processor.py:171} INFO - Processing /home/airflow/.local/lib/python3.6/site-packages/airflow/example_dags/example_branch_python_dop_operator_3.py took 0.131 seconds
[2021-10-27 07:22:51,313] {processor.py:163} INFO - Started process (PID=664) to work on /home/airflow/.local/lib/python3.6/site-packages/airflow/example_dags/example_branch_python_dop_operator_3.py
[2021-10-27 07:22:51,314] {processor.py:620} INFO - Processing file /home/airflow/.local/lib/python3.6/site-packages/airflow/example_dags/example_branch_python_dop_operator_3.py for tasks to queue
[2021-10-27 07:22:51,315] {logging_mixin.py:109} INFO - [2021-10-27 07:22:51,315] {dagbag.py:500} INFO - Filling up the DagBag from /home/airflow/.local/lib/python3.6/site-packages/airflow/example_dags/example_branch_python_dop_operator_3.py
[2021-10-27 07:22:51,344] {processor.py:632} INFO - DAG(s) dict_keys(['example_branch_dop_operator_v3']) retrieved from /home/airflow/.local/lib/python3.6/site-packages/airflow/example_dags/example_branch_python_dop_operator_3.py
[2021-10-27 07:22:51,354] {logging_mixin.py:109} INFO - [2021-10-27 07:22:51,354] {dag.py:2389} INFO - Sync 1 DAGs
[2021-10-27 07:22:51,375] {logging_mixin.py:109} INFO - [2021-10-27 07:22:51,375] {dag.py:2914} INFO - Setting next_dagrun for example_branch_dop_operator_v3 to 2021-10-27T07:21:00+00:00
[2021-10-27 07:22:51,386] {processor.py:171} INFO - Processing /home/airflow/.local/lib/python3.6/site-packages/airflow/example_dags/example_branch_python_dop_operator_3.py took 0.076 seconds
[2021-10-27 07:23:22,577] {processor.py:163} INFO - Started process (PID=719) to work on /home/airflow/.local/lib/python3.6/site-packages/airflow/example_dags/example_branch_python_dop_operator_3.py
[2021-10-27 07:23:22,579] {processor.py:620} INFO - Processing file /home/airflow/.local/lib/python3.6/site-packages/airflow/example_dags/example_branch_python_dop_operator_3.py for tasks to queue
[2021-10-27 07:23:22,580] {logging_mixin.py:109} INFO - [2021-10-27 07:23:22,580] {dagbag.py:500} INFO - Filling up the DagBag from /home/airflow/.local/lib/python3.6/site-packages/airflow/example_dags/example_branch_python_dop_operator_3.py
[2021-10-27 07:23:22,607] {processor.py:632} INFO - DAG(s) dict_keys(['example_branch_dop_operator_v3']) retrieved from /home/airflow/.local/lib/python3.6/site-packages/airflow/example_dags/example_branch_python_dop_operator_3.py
[2021-10-27 07:23:22,618] {logging_mixin.py:109} INFO - [2021-10-27 07:23:22,617] {dag.py:2389} INFO - Sync 1 DAGs
[2021-10-27 07:23:22,639] {logging_mixin.py:109} INFO - [2021-10-27 07:23:22,638] {dag.py:2914} INFO - Setting next_dagrun for example_branch_dop_operator_v3 to 2021-10-27T07:22:00+00:00
[2021-10-27 07:23:22,651] {processor.py:171} INFO - Processing /home/airflow/.local/lib/python3.6/site-packages/airflow/example_dags/example_branch_python_dop_operator_3.py took 0.077 seconds
[2021-10-27 07:23:53,347] {processor.py:163} INFO - Started process (PID=784) to work on /home/airflow/.local/lib/python3.6/site-packages/airflow/example_dags/example_branch_python_dop_operator_3.py
[2021-10-27 07:23:53,349] {processor.py:620} INFO - Processing file /home/airflow/.local/lib/python3.6/site-packages/airflow/example_dags/example_branch_python_dop_operator_3.py for tasks to queue
[2021-10-27 07:23:53,350] {logging_mixin.py:109} INFO - [2021-10-27 07:23:53,350] {dagbag.py:500} INFO - Filling up the DagBag from /home/airflow/.local/lib/python3.6/site-packages/airflow/example_dags/example_branch_python_dop_operator_3.py
[2021-10-27 07:23:53,382] {processor.py:632} INFO - DAG(s) dict_keys(['example_branch_dop_operator_v3']) retrieved from /home/airflow/.local/lib/python3.6/site-packages/airflow/example_dags/example_branch_python_dop_operator_3.py
[2021-10-27 07:23:53,394] {logging_mixin.py:109} INFO - [2021-10-27 07:23:53,394] {dag.py:2389} INFO - Sync 1 DAGs
[2021-10-27 07:23:53,415] {logging_mixin.py:109} INFO - [2021-10-27 07:23:53,414] {dag.py:2914} INFO - Setting next_dagrun for example_branch_dop_operator_v3 to 2021-10-27T07:22:00+00:00
[2021-10-27 07:23:53,428] {processor.py:171} INFO - Processing /home/airflow/.local/lib/python3.6/site-packages/airflow/example_dags/example_branch_python_dop_operator_3.py took 0.086 seconds
[2021-10-27 07:24:24,285] {processor.py:163} INFO - Started process (PID=847) to work on /home/airflow/.local/lib/python3.6/site-packages/airflow/example_dags/example_branch_python_dop_operator_3.py
[2021-10-27 07:24:24,287] {processor.py:620} INFO - Processing file /home/airflow/.local/lib/python3.6/site-packages/airflow/example_dags/example_branch_python_dop_operator_3.py for tasks to queue
[2021-10-27 07:24:24,288] {logging_mixin.py:109} INFO - [2021-10-27 07:24:24,288] {dagbag.py:500} INFO - Filling up the DagBag from /home/airflow/.local/lib/python3.6/site-packages/airflow/example_dags/example_branch_python_dop_operator_3.py
[2021-10-27 07:24:24,317] {processor.py:632} INFO - DAG(s) dict_keys(['example_branch_dop_operator_v3']) retrieved from /home/airflow/.local/lib/python3.6/site-packages/airflow/example_dags/example_branch_python_dop_operator_3.py
[2021-10-27 07:24:24,332] {logging_mixin.py:109} INFO - [2021-10-27 07:24:24,332] {dag.py:2389} INFO - Sync 1 DAGs
[2021-10-27 07:24:24,355] {logging_mixin.py:109} INFO - [2021-10-27 07:24:24,354] {dag.py:2914} INFO - Setting next_dagrun for example_branch_dop_operator_v3 to 2021-10-27T07:23:00+00:00
[2021-10-27 07:24:24,365] {processor.py:171} INFO - Processing /home/airflow/.local/lib/python3.6/site-packages/airflow/example_dags/example_branch_python_dop_operator_3.py took 0.083 seconds
[2021-10-27 07:24:55,098] {processor.py:163} INFO - Started process (PID=905) to work on /home/airflow/.local/lib/python3.6/site-packages/airflow/example_dags/example_branch_python_dop_operator_3.py
[2021-10-27 07:24:55,099] {processor.py:620} INFO - Processing file /home/airflow/.local/lib/python3.6/site-packages/airflow/example_dags/example_branch_python_dop_operator_3.py for tasks to queue
[2021-10-27 07:24:55,100] {logging_mixin.py:109} INFO - [2021-10-27 07:24:55,100] {dagbag.py:500} INFO - Filling up the DagBag from /home/airflow/.local/lib/python3.6/site-packages/airflow/example_dags/example_branch_python_dop_operator_3.py
[2021-10-27 07:24:55,127] {processor.py:632} INFO - DAG(s) dict_keys(['example_branch_dop_operator_v3']) retrieved from /home/airflow/.local/lib/python3.6/site-packages/airflow/example_dags/example_branch_python_dop_operator_3.py
[2021-10-27 07:24:55,138] {logging_mixin.py:109} INFO - [2021-10-27 07:24:55,138] {dag.py:2389} INFO - Sync 1 DAGs
[2021-10-27 07:24:55,164] {logging_mixin.py:109} INFO - [2021-10-27 07:24:55,164] {dag.py:2914} INFO - Setting next_dagrun for example_branch_dop_operator_v3 to 2021-10-27T07:23:00+00:00
[2021-10-27 07:24:55,176] {processor.py:171} INFO - Processing /home/airflow/.local/lib/python3.6/site-packages/airflow/example_dags/example_branch_python_dop_operator_3.py took 0.082 seconds
[2021-10-27 07:25:25,355] {processor.py:163} INFO - Started process (PID=960) to work on /home/airflow/.local/lib/python3.6/site-packages/airflow/example_dags/example_branch_python_dop_operator_3.py
[2021-10-27 07:25:25,356] {processor.py:620} INFO - Processing file /home/airflow/.local/lib/python3.6/site-packages/airflow/example_dags/example_branch_python_dop_operator_3.py for tasks to queue
[2021-10-27 07:25:25,357] {logging_mixin.py:109} INFO - [2021-10-27 07:25:25,357] {dagbag.py:500} INFO - Filling up the DagBag from /home/airflow/.local/lib/python3.6/site-packages/airflow/example_dags/example_branch_python_dop_operator_3.py
[2021-10-27 07:25:25,385] {processor.py:632} INFO - DAG(s) dict_keys(['example_branch_dop_operator_v3']) retrieved from /home/airflow/.local/lib/python3.6/site-packages/airflow/example_dags/example_branch_python_dop_operator_3.py
[2021-10-27 07:25:25,394] {logging_mixin.py:109} INFO - [2021-10-27 07:25:25,394] {dag.py:2389} INFO - Sync 1 DAGs
[2021-10-27 07:25:25,414] {logging_mixin.py:109} INFO - [2021-10-27 07:25:25,414] {dag.py:2914} INFO - Setting next_dagrun for example_branch_dop_operator_v3 to 2021-10-27T07:24:00+00:00
[2021-10-27 07:25:25,425] {processor.py:171} INFO - Processing /home/airflow/.local/lib/python3.6/site-packages/airflow/example_dags/example_branch_python_dop_operator_3.py took 0.073 seconds
[2021-10-27 07:25:56,144] {processor.py:163} INFO - Started process (PID=1027) to work on /home/airflow/.local/lib/python3.6/site-packages/airflow/example_dags/example_branch_python_dop_operator_3.py
[2021-10-27 07:25:56,145] {processor.py:620} INFO - Processing file /home/airflow/.local/lib/python3.6/site-packages/airflow/example_dags/example_branch_python_dop_operator_3.py for tasks to queue
[2021-10-27 07:25:56,146] {logging_mixin.py:109} INFO - [2021-10-27 07:25:56,146] {dagbag.py:500} INFO - Filling up the DagBag from /home/airflow/.local/lib/python3.6/site-packages/airflow/example_dags/example_branch_python_dop_operator_3.py
[2021-10-27 07:25:56,176] {processor.py:632} INFO - DAG(s) dict_keys(['example_branch_dop_operator_v3']) retrieved from /home/airflow/.local/lib/python3.6/site-packages/airflow/example_dags/example_branch_python_dop_operator_3.py
[2021-10-27 07:25:56,187] {logging_mixin.py:109} INFO - [2021-10-27 07:25:56,187] {dag.py:2389} INFO - Sync 1 DAGs
[2021-10-27 07:25:56,208] {logging_mixin.py:109} INFO - [2021-10-27 07:25:56,208] {dag.py:2914} INFO - Setting next_dagrun for example_branch_dop_operator_v3 to 2021-10-27T07:24:00+00:00
[2021-10-27 07:25:56,221] {processor.py:171} INFO - Processing /home/airflow/.local/lib/python3.6/site-packages/airflow/example_dags/example_branch_python_dop_operator_3.py took 0.080 seconds
[2021-10-27 07:26:26,649] {processor.py:163} INFO - Started process (PID=1082) to work on /home/airflow/.local/lib/python3.6/site-packages/airflow/example_dags/example_branch_python_dop_operator_3.py
[2021-10-27 07:26:26,650] {processor.py:620} INFO - Processing file /home/airflow/.local/lib/python3.6/site-packages/airflow/example_dags/example_branch_python_dop_operator_3.py for tasks to queue
[2021-10-27 07:26:26,651] {logging_mixin.py:109} INFO - [2021-10-27 07:26:26,651] {dagbag.py:500} INFO - Filling up the DagBag from /home/airflow/.local/lib/python3.6/site-packages/airflow/example_dags/example_branch_python_dop_operator_3.py
[2021-10-27 07:26:26,680] {processor.py:632} INFO - DAG(s) dict_keys(['example_branch_dop_operator_v3']) retrieved from /home/airflow/.local/lib/python3.6/site-packages/airflow/example_dags/example_branch_python_dop_operator_3.py
[2021-10-27 07:26:26,691] {logging_mixin.py:109} INFO - [2021-10-27 07:26:26,691] {dag.py:2389} INFO - Sync 1 DAGs
[2021-10-27 07:26:26,711] {logging_mixin.py:109} INFO - [2021-10-27 07:26:26,711] {dag.py:2914} INFO - Setting next_dagrun for example_branch_dop_operator_v3 to 2021-10-27T07:25:00+00:00
[2021-10-27 07:26:26,720] {processor.py:171} INFO - Processing /home/airflow/.local/lib/python3.6/site-packages/airflow/example_dags/example_branch_python_dop_operator_3.py took 0.075 seconds
[2021-10-27 07:28:06,038] {processor.py:163} INFO - Started process (PID=68) to work on /home/airflow/.local/lib/python3.6/site-packages/airflow/example_dags/example_branch_python_dop_operator_3.py
[2021-10-27 07:28:06,040] {processor.py:620} INFO - Processing file /home/airflow/.local/lib/python3.6/site-packages/airflow/example_dags/example_branch_python_dop_operator_3.py for tasks to queue
[2021-10-27 07:28:06,042] {logging_mixin.py:109} INFO - [2021-10-27 07:28:06,042] {dagbag.py:500} INFO - Filling up the DagBag from /home/airflow/.local/lib/python3.6/site-packages/airflow/example_dags/example_branch_python_dop_operator_3.py
[2021-10-27 07:28:06,088] {processor.py:632} INFO - DAG(s) dict_keys(['example_branch_dop_operator_v3']) retrieved from /home/airflow/.local/lib/python3.6/site-packages/airflow/example_dags/example_branch_python_dop_operator_3.py
[2021-10-27 07:28:06,104] {logging_mixin.py:109} INFO - [2021-10-27 07:28:06,103] {dag.py:2389} INFO - Sync 1 DAGs
[2021-10-27 07:28:06,137] {logging_mixin.py:109} INFO - [2021-10-27 07:28:06,137] {dag.py:2914} INFO - Setting next_dagrun for example_branch_dop_operator_v3 to 2021-10-27T07:27:00+00:00
[2021-10-27 07:28:06,153] {processor.py:171} INFO - Processing /home/airflow/.local/lib/python3.6/site-packages/airflow/example_dags/example_branch_python_dop_operator_3.py took 0.121 seconds
[2021-10-27 07:28:36,637] {processor.py:163} INFO - Started process (PID=134) to work on /home/airflow/.local/lib/python3.6/site-packages/airflow/example_dags/example_branch_python_dop_operator_3.py
[2021-10-27 07:28:36,638] {processor.py:620} INFO - Processing file /home/airflow/.local/lib/python3.6/site-packages/airflow/example_dags/example_branch_python_dop_operator_3.py for tasks to queue
[2021-10-27 07:28:36,639] {logging_mixin.py:109} INFO - [2021-10-27 07:28:36,639] {dagbag.py:500} INFO - Filling up the DagBag from /home/airflow/.local/lib/python3.6/site-packages/airflow/example_dags/example_branch_python_dop_operator_3.py
[2021-10-27 07:28:36,669] {processor.py:632} INFO - DAG(s) dict_keys(['example_branch_dop_operator_v3']) retrieved from /home/airflow/.local/lib/python3.6/site-packages/airflow/example_dags/example_branch_python_dop_operator_3.py
[2021-10-27 07:28:36,679] {logging_mixin.py:109} INFO - [2021-10-27 07:28:36,679] {dag.py:2389} INFO - Sync 1 DAGs
[2021-10-27 07:28:36,701] {logging_mixin.py:109} INFO - [2021-10-27 07:28:36,701] {dag.py:2914} INFO - Setting next_dagrun for example_branch_dop_operator_v3 to 2021-10-27T07:27:00+00:00
[2021-10-27 07:28:36,712] {processor.py:171} INFO - Processing /home/airflow/.local/lib/python3.6/site-packages/airflow/example_dags/example_branch_python_dop_operator_3.py took 0.078 seconds
[2021-10-27 07:29:07,735] {processor.py:163} INFO - Started process (PID=188) to work on /home/airflow/.local/lib/python3.6/site-packages/airflow/example_dags/example_branch_python_dop_operator_3.py
[2021-10-27 07:29:07,738] {processor.py:620} INFO - Processing file /home/airflow/.local/lib/python3.6/site-packages/airflow/example_dags/example_branch_python_dop_operator_3.py for tasks to queue
[2021-10-27 07:29:07,739] {logging_mixin.py:109} INFO - [2021-10-27 07:29:07,739] {dagbag.py:500} INFO - Filling up the DagBag from /home/airflow/.local/lib/python3.6/site-packages/airflow/example_dags/example_branch_python_dop_operator_3.py
[2021-10-27 07:29:07,802] {processor.py:632} INFO - DAG(s) dict_keys(['example_branch_dop_operator_v3']) retrieved from /home/airflow/.local/lib/python3.6/site-packages/airflow/example_dags/example_branch_python_dop_operator_3.py
[2021-10-27 07:29:07,826] {logging_mixin.py:109} INFO - [2021-10-27 07:29:07,825] {dag.py:2389} INFO - Sync 1 DAGs
[2021-10-27 07:29:07,867] {logging_mixin.py:109} INFO - [2021-10-27 07:29:07,867] {dag.py:2914} INFO - Setting next_dagrun for example_branch_dop_operator_v3 to 2021-10-27T07:28:00+00:00
[2021-10-27 07:29:07,885] {processor.py:171} INFO - Processing /home/airflow/.local/lib/python3.6/site-packages/airflow/example_dags/example_branch_python_dop_operator_3.py took 0.154 seconds
[2021-10-27 07:29:38,185] {processor.py:163} INFO - Started process (PID=254) to work on /home/airflow/.local/lib/python3.6/site-packages/airflow/example_dags/example_branch_python_dop_operator_3.py
[2021-10-27 07:29:38,186] {processor.py:620} INFO - Processing file /home/airflow/.local/lib/python3.6/site-packages/airflow/example_dags/example_branch_python_dop_operator_3.py for tasks to queue
[2021-10-27 07:29:38,187] {logging_mixin.py:109} INFO - [2021-10-27 07:29:38,187] {dagbag.py:500} INFO - Filling up the DagBag from /home/airflow/.local/lib/python3.6/site-packages/airflow/example_dags/example_branch_python_dop_operator_3.py
[2021-10-27 07:29:38,216] {processor.py:632} INFO - DAG(s) dict_keys(['example_branch_dop_operator_v3']) retrieved from /home/airflow/.local/lib/python3.6/site-packages/airflow/example_dags/example_branch_python_dop_operator_3.py
[2021-10-27 07:29:38,227] {logging_mixin.py:109} INFO - [2021-10-27 07:29:38,226] {dag.py:2389} INFO - Sync 1 DAGs
[2021-10-27 07:29:38,252] {logging_mixin.py:109} INFO - [2021-10-27 07:29:38,252] {dag.py:2914} INFO - Setting next_dagrun for example_branch_dop_operator_v3 to 2021-10-27T07:28:00+00:00
[2021-10-27 07:29:38,262] {processor.py:171} INFO - Processing /home/airflow/.local/lib/python3.6/site-packages/airflow/example_dags/example_branch_python_dop_operator_3.py took 0.081 seconds
[2021-10-27 07:30:08,881] {processor.py:163} INFO - Started process (PID=310) to work on /home/airflow/.local/lib/python3.6/site-packages/airflow/example_dags/example_branch_python_dop_operator_3.py
[2021-10-27 07:30:08,882] {processor.py:620} INFO - Processing file /home/airflow/.local/lib/python3.6/site-packages/airflow/example_dags/example_branch_python_dop_operator_3.py for tasks to queue
[2021-10-27 07:30:08,883] {logging_mixin.py:109} INFO - [2021-10-27 07:30:08,883] {dagbag.py:500} INFO - Filling up the DagBag from /home/airflow/.local/lib/python3.6/site-packages/airflow/example_dags/example_branch_python_dop_operator_3.py
[2021-10-27 07:30:08,911] {processor.py:632} INFO - DAG(s) dict_keys(['example_branch_dop_operator_v3']) retrieved from /home/airflow/.local/lib/python3.6/site-packages/airflow/example_dags/example_branch_python_dop_operator_3.py
[2021-10-27 07:30:08,922] {logging_mixin.py:109} INFO - [2021-10-27 07:30:08,922] {dag.py:2389} INFO - Sync 1 DAGs
[2021-10-27 07:30:08,944] {logging_mixin.py:109} INFO - [2021-10-27 07:30:08,944] {dag.py:2914} INFO - Setting next_dagrun for example_branch_dop_operator_v3 to 2021-10-27T07:29:00+00:00
[2021-10-27 07:30:08,956] {processor.py:171} INFO - Processing /home/airflow/.local/lib/python3.6/site-packages/airflow/example_dags/example_branch_python_dop_operator_3.py took 0.078 seconds
[2021-10-27 07:30:39,956] {processor.py:163} INFO - Started process (PID=375) to work on /home/airflow/.local/lib/python3.6/site-packages/airflow/example_dags/example_branch_python_dop_operator_3.py
[2021-10-27 07:30:39,958] {processor.py:620} INFO - Processing file /home/airflow/.local/lib/python3.6/site-packages/airflow/example_dags/example_branch_python_dop_operator_3.py for tasks to queue
[2021-10-27 07:30:39,959] {logging_mixin.py:109} INFO - [2021-10-27 07:30:39,959] {dagbag.py:500} INFO - Filling up the DagBag from /home/airflow/.local/lib/python3.6/site-packages/airflow/example_dags/example_branch_python_dop_operator_3.py
[2021-10-27 07:30:39,999] {processor.py:632} INFO - DAG(s) dict_keys(['example_branch_dop_operator_v3']) retrieved from /home/airflow/.local/lib/python3.6/site-packages/airflow/example_dags/example_branch_python_dop_operator_3.py
[2021-10-27 07:30:40,017] {logging_mixin.py:109} INFO - [2021-10-27 07:30:40,016] {dag.py:2389} INFO - Sync 1 DAGs
[2021-10-27 07:30:40,047] {logging_mixin.py:109} INFO - [2021-10-27 07:30:40,047] {dag.py:2914} INFO - Setting next_dagrun for example_branch_dop_operator_v3 to 2021-10-27T07:29:00+00:00
[2021-10-27 07:30:40,062] {processor.py:171} INFO - Processing /home/airflow/.local/lib/python3.6/site-packages/airflow/example_dags/example_branch_python_dop_operator_3.py took 0.112 seconds
[2021-10-27 07:31:10,722] {processor.py:163} INFO - Started process (PID=429) to work on /home/airflow/.local/lib/python3.6/site-packages/airflow/example_dags/example_branch_python_dop_operator_3.py
[2021-10-27 07:31:10,724] {processor.py:620} INFO - Processing file /home/airflow/.local/lib/python3.6/site-packages/airflow/example_dags/example_branch_python_dop_operator_3.py for tasks to queue
[2021-10-27 07:31:10,725] {logging_mixin.py:109} INFO - [2021-10-27 07:31:10,725] {dagbag.py:500} INFO - Filling up the DagBag from /home/airflow/.local/lib/python3.6/site-packages/airflow/example_dags/example_branch_python_dop_operator_3.py
[2021-10-27 07:31:10,759] {processor.py:632} INFO - DAG(s) dict_keys(['example_branch_dop_operator_v3']) retrieved from /home/airflow/.local/lib/python3.6/site-packages/airflow/example_dags/example_branch_python_dop_operator_3.py
[2021-10-27 07:31:10,772] {logging_mixin.py:109} INFO - [2021-10-27 07:31:10,772] {dag.py:2389} INFO - Sync 1 DAGs
[2021-10-27 07:31:10,799] {logging_mixin.py:109} INFO - [2021-10-27 07:31:10,799] {dag.py:2914} INFO - Setting next_dagrun for example_branch_dop_operator_v3 to 2021-10-27T07:30:00+00:00
[2021-10-27 07:31:10,814] {processor.py:171} INFO - Processing /home/airflow/.local/lib/python3.6/site-packages/airflow/example_dags/example_branch_python_dop_operator_3.py took 0.096 seconds
[2021-10-27 07:31:41,485] {processor.py:163} INFO - Started process (PID=483) to work on /home/airflow/.local/lib/python3.6/site-packages/airflow/example_dags/example_branch_python_dop_operator_3.py
[2021-10-27 07:31:41,487] {processor.py:620} INFO - Processing file /home/airflow/.local/lib/python3.6/site-packages/airflow/example_dags/example_branch_python_dop_operator_3.py for tasks to queue
[2021-10-27 07:31:41,488] {logging_mixin.py:109} INFO - [2021-10-27 07:31:41,488] {dagbag.py:500} INFO - Filling up the DagBag from /home/airflow/.local/lib/python3.6/site-packages/airflow/example_dags/example_branch_python_dop_operator_3.py
[2021-10-27 07:31:41,524] {processor.py:632} INFO - DAG(s) dict_keys(['example_branch_dop_operator_v3']) retrieved from /home/airflow/.local/lib/python3.6/site-packages/airflow/example_dags/example_branch_python_dop_operator_3.py
[2021-10-27 07:31:41,539] {logging_mixin.py:109} INFO - [2021-10-27 07:31:41,539] {dag.py:2389} INFO - Sync 1 DAGs
[2021-10-27 07:31:41,570] {logging_mixin.py:109} INFO - [2021-10-27 07:31:41,570] {dag.py:2914} INFO - Setting next_dagrun for example_branch_dop_operator_v3 to 2021-10-27T07:30:00+00:00
[2021-10-27 07:31:41,583] {processor.py:171} INFO - Processing /home/airflow/.local/lib/python3.6/site-packages/airflow/example_dags/example_branch_python_dop_operator_3.py took 0.102 seconds
[2021-10-27 07:32:11,930] {processor.py:163} INFO - Started process (PID=549) to work on /home/airflow/.local/lib/python3.6/site-packages/airflow/example_dags/example_branch_python_dop_operator_3.py
[2021-10-27 07:32:11,931] {processor.py:620} INFO - Processing file /home/airflow/.local/lib/python3.6/site-packages/airflow/example_dags/example_branch_python_dop_operator_3.py for tasks to queue
[2021-10-27 07:32:11,932] {logging_mixin.py:109} INFO - [2021-10-27 07:32:11,932] {dagbag.py:500} INFO - Filling up the DagBag from /home/airflow/.local/lib/python3.6/site-packages/airflow/example_dags/example_branch_python_dop_operator_3.py
[2021-10-27 07:32:11,961] {processor.py:632} INFO - DAG(s) dict_keys(['example_branch_dop_operator_v3']) retrieved from /home/airflow/.local/lib/python3.6/site-packages/airflow/example_dags/example_branch_python_dop_operator_3.py
[2021-10-27 07:32:11,972] {logging_mixin.py:109} INFO - [2021-10-27 07:32:11,972] {dag.py:2389} INFO - Sync 1 DAGs
[2021-10-27 07:32:11,993] {logging_mixin.py:109} INFO - [2021-10-27 07:32:11,993] {dag.py:2914} INFO - Setting next_dagrun for example_branch_dop_operator_v3 to 2021-10-27T07:31:00+00:00
[2021-10-27 07:32:12,005] {processor.py:171} INFO - Processing /home/airflow/.local/lib/python3.6/site-packages/airflow/example_dags/example_branch_python_dop_operator_3.py took 0.078 seconds
[2021-10-27 07:32:42,466] {processor.py:163} INFO - Started process (PID=604) to work on /home/airflow/.local/lib/python3.6/site-packages/airflow/example_dags/example_branch_python_dop_operator_3.py
[2021-10-27 07:32:42,468] {processor.py:620} INFO - Processing file /home/airflow/.local/lib/python3.6/site-packages/airflow/example_dags/example_branch_python_dop_operator_3.py for tasks to queue
[2021-10-27 07:32:42,469] {logging_mixin.py:109} INFO - [2021-10-27 07:32:42,468] {dagbag.py:500} INFO - Filling up the DagBag from /home/airflow/.local/lib/python3.6/site-packages/airflow/example_dags/example_branch_python_dop_operator_3.py
[2021-10-27 07:32:42,499] {processor.py:632} INFO - DAG(s) dict_keys(['example_branch_dop_operator_v3']) retrieved from /home/airflow/.local/lib/python3.6/site-packages/airflow/example_dags/example_branch_python_dop_operator_3.py
[2021-10-27 07:32:42,510] {logging_mixin.py:109} INFO - [2021-10-27 07:32:42,510] {dag.py:2389} INFO - Sync 1 DAGs
[2021-10-27 07:32:42,531] {logging_mixin.py:109} INFO - [2021-10-27 07:32:42,531] {dag.py:2914} INFO - Setting next_dagrun for example_branch_dop_operator_v3 to 2021-10-27T07:31:00+00:00
[2021-10-27 07:32:42,541] {processor.py:171} INFO - Processing /home/airflow/.local/lib/python3.6/site-packages/airflow/example_dags/example_branch_python_dop_operator_3.py took 0.078 seconds
[2021-10-27 07:33:13,348] {processor.py:163} INFO - Started process (PID=670) to work on /home/airflow/.local/lib/python3.6/site-packages/airflow/example_dags/example_branch_python_dop_operator_3.py
[2021-10-27 07:33:13,350] {processor.py:620} INFO - Processing file /home/airflow/.local/lib/python3.6/site-packages/airflow/example_dags/example_branch_python_dop_operator_3.py for tasks to queue
[2021-10-27 07:33:13,351] {logging_mixin.py:109} INFO - [2021-10-27 07:33:13,350] {dagbag.py:500} INFO - Filling up the DagBag from /home/airflow/.local/lib/python3.6/site-packages/airflow/example_dags/example_branch_python_dop_operator_3.py
[2021-10-27 07:33:13,385] {processor.py:632} INFO - DAG(s) dict_keys(['example_branch_dop_operator_v3']) retrieved from /home/airflow/.local/lib/python3.6/site-packages/airflow/example_dags/example_branch_python_dop_operator_3.py
[2021-10-27 07:33:13,397] {logging_mixin.py:109} INFO - [2021-10-27 07:33:13,397] {dag.py:2389} INFO - Sync 1 DAGs
[2021-10-27 07:33:13,422] {logging_mixin.py:109} INFO - [2021-10-27 07:33:13,422] {dag.py:2914} INFO - Setting next_dagrun for example_branch_dop_operator_v3 to 2021-10-27T07:32:00+00:00
[2021-10-27 07:33:13,433] {processor.py:171} INFO - Processing /home/airflow/.local/lib/python3.6/site-packages/airflow/example_dags/example_branch_python_dop_operator_3.py took 0.089 seconds
[2021-10-27 07:33:44,210] {processor.py:163} INFO - Started process (PID=725) to work on /home/airflow/.local/lib/python3.6/site-packages/airflow/example_dags/example_branch_python_dop_operator_3.py
[2021-10-27 07:33:44,211] {processor.py:620} INFO - Processing file /home/airflow/.local/lib/python3.6/site-packages/airflow/example_dags/example_branch_python_dop_operator_3.py for tasks to queue
[2021-10-27 07:33:44,212] {logging_mixin.py:109} INFO - [2021-10-27 07:33:44,212] {dagbag.py:500} INFO - Filling up the DagBag from /home/airflow/.local/lib/python3.6/site-packages/airflow/example_dags/example_branch_python_dop_operator_3.py
[2021-10-27 07:33:44,240] {processor.py:632} INFO - DAG(s) dict_keys(['example_branch_dop_operator_v3']) retrieved from /home/airflow/.local/lib/python3.6/site-packages/airflow/example_dags/example_branch_python_dop_operator_3.py
[2021-10-27 07:33:44,252] {logging_mixin.py:109} INFO - [2021-10-27 07:33:44,252] {dag.py:2389} INFO - Sync 1 DAGs
[2021-10-27 07:33:44,272] {logging_mixin.py:109} INFO - [2021-10-27 07:33:44,272] {dag.py:2914} INFO - Setting next_dagrun for example_branch_dop_operator_v3 to 2021-10-27T07:32:00+00:00
[2021-10-27 07:33:44,281] {processor.py:171} INFO - Processing /home/airflow/.local/lib/python3.6/site-packages/airflow/example_dags/example_branch_python_dop_operator_3.py took 0.074 seconds
[2021-10-27 07:34:14,924] {processor.py:163} INFO - Started process (PID=790) to work on /home/airflow/.local/lib/python3.6/site-packages/airflow/example_dags/example_branch_python_dop_operator_3.py
[2021-10-27 07:34:14,925] {processor.py:620} INFO - Processing file /home/airflow/.local/lib/python3.6/site-packages/airflow/example_dags/example_branch_python_dop_operator_3.py for tasks to queue
[2021-10-27 07:34:14,926] {logging_mixin.py:109} INFO - [2021-10-27 07:34:14,926] {dagbag.py:500} INFO - Filling up the DagBag from /home/airflow/.local/lib/python3.6/site-packages/airflow/example_dags/example_branch_python_dop_operator_3.py
[2021-10-27 07:34:14,953] {processor.py:632} INFO - DAG(s) dict_keys(['example_branch_dop_operator_v3']) retrieved from /home/airflow/.local/lib/python3.6/site-packages/airflow/example_dags/example_branch_python_dop_operator_3.py
[2021-10-27 07:34:14,963] {logging_mixin.py:109} INFO - [2021-10-27 07:34:14,963] {dag.py:2389} INFO - Sync 1 DAGs
[2021-10-27 07:34:14,986] {logging_mixin.py:109} INFO - [2021-10-27 07:34:14,986] {dag.py:2914} INFO - Setting next_dagrun for example_branch_dop_operator_v3 to 2021-10-27T07:33:00+00:00
[2021-10-27 07:34:14,999] {processor.py:171} INFO - Processing /home/airflow/.local/lib/python3.6/site-packages/airflow/example_dags/example_branch_python_dop_operator_3.py took 0.078 seconds
[2021-10-27 07:34:45,674] {processor.py:163} INFO - Started process (PID=846) to work on /home/airflow/.local/lib/python3.6/site-packages/airflow/example_dags/example_branch_python_dop_operator_3.py
[2021-10-27 07:34:45,675] {processor.py:620} INFO - Processing file /home/airflow/.local/lib/python3.6/site-packages/airflow/example_dags/example_branch_python_dop_operator_3.py for tasks to queue
[2021-10-27 07:34:45,676] {logging_mixin.py:109} INFO - [2021-10-27 07:34:45,676] {dagbag.py:500} INFO - Filling up the DagBag from /home/airflow/.local/lib/python3.6/site-packages/airflow/example_dags/example_branch_python_dop_operator_3.py
[2021-10-27 07:34:45,707] {processor.py:632} INFO - DAG(s) dict_keys(['example_branch_dop_operator_v3']) retrieved from /home/airflow/.local/lib/python3.6/site-packages/airflow/example_dags/example_branch_python_dop_operator_3.py
[2021-10-27 07:34:45,718] {logging_mixin.py:109} INFO - [2021-10-27 07:34:45,717] {dag.py:2389} INFO - Sync 1 DAGs
[2021-10-27 07:34:45,742] {logging_mixin.py:109} INFO - [2021-10-27 07:34:45,742] {dag.py:2914} INFO - Setting next_dagrun for example_branch_dop_operator_v3 to 2021-10-27T07:33:00+00:00
[2021-10-27 07:34:45,754] {processor.py:171} INFO - Processing /home/airflow/.local/lib/python3.6/site-packages/airflow/example_dags/example_branch_python_dop_operator_3.py took 0.084 seconds
[2021-10-27 07:35:15,864] {processor.py:163} INFO - Started process (PID=911) to work on /home/airflow/.local/lib/python3.6/site-packages/airflow/example_dags/example_branch_python_dop_operator_3.py
[2021-10-27 07:35:15,865] {processor.py:620} INFO - Processing file /home/airflow/.local/lib/python3.6/site-packages/airflow/example_dags/example_branch_python_dop_operator_3.py for tasks to queue
[2021-10-27 07:35:15,866] {logging_mixin.py:109} INFO - [2021-10-27 07:35:15,866] {dagbag.py:500} INFO - Filling up the DagBag from /home/airflow/.local/lib/python3.6/site-packages/airflow/example_dags/example_branch_python_dop_operator_3.py
[2021-10-27 07:35:15,893] {processor.py:632} INFO - DAG(s) dict_keys(['example_branch_dop_operator_v3']) retrieved from /home/airflow/.local/lib/python3.6/site-packages/airflow/example_dags/example_branch_python_dop_operator_3.py
[2021-10-27 07:35:15,904] {logging_mixin.py:109} INFO - [2021-10-27 07:35:15,904] {dag.py:2389} INFO - Sync 1 DAGs
[2021-10-27 07:35:15,925] {logging_mixin.py:109} INFO - [2021-10-27 07:35:15,925] {dag.py:2914} INFO - Setting next_dagrun for example_branch_dop_operator_v3 to 2021-10-27T07:34:00+00:00
[2021-10-27 07:35:15,936] {processor.py:171} INFO - Processing /home/airflow/.local/lib/python3.6/site-packages/airflow/example_dags/example_branch_python_dop_operator_3.py took 0.075 seconds
[2021-10-27 07:35:46,280] {processor.py:163} INFO - Started process (PID=966) to work on /home/airflow/.local/lib/python3.6/site-packages/airflow/example_dags/example_branch_python_dop_operator_3.py
[2021-10-27 07:35:46,281] {processor.py:620} INFO - Processing file /home/airflow/.local/lib/python3.6/site-packages/airflow/example_dags/example_branch_python_dop_operator_3.py for tasks to queue
[2021-10-27 07:35:46,282] {logging_mixin.py:109} INFO - [2021-10-27 07:35:46,282] {dagbag.py:500} INFO - Filling up the DagBag from /home/airflow/.local/lib/python3.6/site-packages/airflow/example_dags/example_branch_python_dop_operator_3.py
[2021-10-27 07:35:46,311] {processor.py:632} INFO - DAG(s) dict_keys(['example_branch_dop_operator_v3']) retrieved from /home/airflow/.local/lib/python3.6/site-packages/airflow/example_dags/example_branch_python_dop_operator_3.py
[2021-10-27 07:35:46,323] {logging_mixin.py:109} INFO - [2021-10-27 07:35:46,323] {dag.py:2389} INFO - Sync 1 DAGs
[2021-10-27 07:35:46,345] {logging_mixin.py:109} INFO - [2021-10-27 07:35:46,344] {dag.py:2914} INFO - Setting next_dagrun for example_branch_dop_operator_v3 to 2021-10-27T07:34:00+00:00
[2021-10-27 07:35:46,356] {processor.py:171} INFO - Processing /home/airflow/.local/lib/python3.6/site-packages/airflow/example_dags/example_branch_python_dop_operator_3.py took 0.079 seconds
[2021-10-27 07:36:19,872] {processor.py:163} INFO - Started process (PID=1034) to work on /home/airflow/.local/lib/python3.6/site-packages/airflow/example_dags/example_branch_python_dop_operator_3.py
[2021-10-27 07:36:19,875] {processor.py:620} INFO - Processing file /home/airflow/.local/lib/python3.6/site-packages/airflow/example_dags/example_branch_python_dop_operator_3.py for tasks to queue
[2021-10-27 07:36:19,878] {logging_mixin.py:109} INFO - [2021-10-27 07:36:19,877] {dagbag.py:500} INFO - Filling up the DagBag from /home/airflow/.local/lib/python3.6/site-packages/airflow/example_dags/example_branch_python_dop_operator_3.py
[2021-10-27 07:36:19,979] {processor.py:632} INFO - DAG(s) dict_keys(['example_branch_dop_operator_v3']) retrieved from /home/airflow/.local/lib/python3.6/site-packages/airflow/example_dags/example_branch_python_dop_operator_3.py
[2021-10-27 07:36:20,003] {logging_mixin.py:109} INFO - [2021-10-27 07:36:20,003] {dag.py:2389} INFO - Sync 1 DAGs
[2021-10-27 07:36:20,086] {logging_mixin.py:109} INFO - [2021-10-27 07:36:20,086] {dag.py:2914} INFO - Setting next_dagrun for example_branch_dop_operator_v3 to 2021-10-27T07:35:00+00:00
[2021-10-27 07:36:20,113] {processor.py:171} INFO - Processing /home/airflow/.local/lib/python3.6/site-packages/airflow/example_dags/example_branch_python_dop_operator_3.py took 0.246 seconds
[2021-10-27 07:36:50,310] {processor.py:163} INFO - Started process (PID=1089) to work on /home/airflow/.local/lib/python3.6/site-packages/airflow/example_dags/example_branch_python_dop_operator_3.py
[2021-10-27 07:36:50,312] {processor.py:620} INFO - Processing file /home/airflow/.local/lib/python3.6/site-packages/airflow/example_dags/example_branch_python_dop_operator_3.py for tasks to queue
[2021-10-27 07:36:50,314] {logging_mixin.py:109} INFO - [2021-10-27 07:36:50,314] {dagbag.py:500} INFO - Filling up the DagBag from /home/airflow/.local/lib/python3.6/site-packages/airflow/example_dags/example_branch_python_dop_operator_3.py
[2021-10-27 07:36:50,349] {processor.py:632} INFO - DAG(s) dict_keys(['example_branch_dop_operator_v3']) retrieved from /home/airflow/.local/lib/python3.6/site-packages/airflow/example_dags/example_branch_python_dop_operator_3.py
[2021-10-27 07:36:50,364] {logging_mixin.py:109} INFO - [2021-10-27 07:36:50,364] {dag.py:2389} INFO - Sync 1 DAGs
[2021-10-27 07:36:50,417] {logging_mixin.py:109} INFO - [2021-10-27 07:36:50,417] {dag.py:2914} INFO - Setting next_dagrun for example_branch_dop_operator_v3 to 2021-10-27T07:35:00+00:00
[2021-10-27 07:36:50,430] {processor.py:171} INFO - Processing /home/airflow/.local/lib/python3.6/site-packages/airflow/example_dags/example_branch_python_dop_operator_3.py took 0.126 seconds
[2021-10-27 07:37:20,577] {processor.py:163} INFO - Started process (PID=1155) to work on /home/airflow/.local/lib/python3.6/site-packages/airflow/example_dags/example_branch_python_dop_operator_3.py
[2021-10-27 07:37:20,578] {processor.py:620} INFO - Processing file /home/airflow/.local/lib/python3.6/site-packages/airflow/example_dags/example_branch_python_dop_operator_3.py for tasks to queue
[2021-10-27 07:37:20,579] {logging_mixin.py:109} INFO - [2021-10-27 07:37:20,579] {dagbag.py:500} INFO - Filling up the DagBag from /home/airflow/.local/lib/python3.6/site-packages/airflow/example_dags/example_branch_python_dop_operator_3.py
[2021-10-27 07:37:20,616] {processor.py:632} INFO - DAG(s) dict_keys(['example_branch_dop_operator_v3']) retrieved from /home/airflow/.local/lib/python3.6/site-packages/airflow/example_dags/example_branch_python_dop_operator_3.py
[2021-10-27 07:37:20,632] {logging_mixin.py:109} INFO - [2021-10-27 07:37:20,632] {dag.py:2389} INFO - Sync 1 DAGs
[2021-10-27 07:37:20,671] {logging_mixin.py:109} INFO - [2021-10-27 07:37:20,671] {dag.py:2914} INFO - Setting next_dagrun for example_branch_dop_operator_v3 to 2021-10-27T07:36:00+00:00
[2021-10-27 07:37:20,685] {processor.py:171} INFO - Processing /home/airflow/.local/lib/python3.6/site-packages/airflow/example_dags/example_branch_python_dop_operator_3.py took 0.113 seconds
[2021-10-27 07:37:51,111] {processor.py:163} INFO - Started process (PID=1211) to work on /home/airflow/.local/lib/python3.6/site-packages/airflow/example_dags/example_branch_python_dop_operator_3.py
[2021-10-27 07:37:51,112] {processor.py:620} INFO - Processing file /home/airflow/.local/lib/python3.6/site-packages/airflow/example_dags/example_branch_python_dop_operator_3.py for tasks to queue
[2021-10-27 07:37:51,113] {logging_mixin.py:109} INFO - [2021-10-27 07:37:51,113] {dagbag.py:500} INFO - Filling up the DagBag from /home/airflow/.local/lib/python3.6/site-packages/airflow/example_dags/example_branch_python_dop_operator_3.py
[2021-10-27 07:37:51,140] {processor.py:632} INFO - DAG(s) dict_keys(['example_branch_dop_operator_v3']) retrieved from /home/airflow/.local/lib/python3.6/site-packages/airflow/example_dags/example_branch_python_dop_operator_3.py
[2021-10-27 07:37:51,150] {logging_mixin.py:109} INFO - [2021-10-27 07:37:51,150] {dag.py:2389} INFO - Sync 1 DAGs
[2021-10-27 07:37:51,173] {logging_mixin.py:109} INFO - [2021-10-27 07:37:51,172] {dag.py:2914} INFO - Setting next_dagrun for example_branch_dop_operator_v3 to 2021-10-27T07:36:00+00:00
[2021-10-27 07:37:51,184] {processor.py:171} INFO - Processing /home/airflow/.local/lib/python3.6/site-packages/airflow/example_dags/example_branch_python_dop_operator_3.py took 0.076 seconds
[2021-10-27 07:38:21,744] {processor.py:163} INFO - Started process (PID=1277) to work on /home/airflow/.local/lib/python3.6/site-packages/airflow/example_dags/example_branch_python_dop_operator_3.py
[2021-10-27 07:38:21,745] {processor.py:620} INFO - Processing file /home/airflow/.local/lib/python3.6/site-packages/airflow/example_dags/example_branch_python_dop_operator_3.py for tasks to queue
[2021-10-27 07:38:21,746] {logging_mixin.py:109} INFO - [2021-10-27 07:38:21,746] {dagbag.py:500} INFO - Filling up the DagBag from /home/airflow/.local/lib/python3.6/site-packages/airflow/example_dags/example_branch_python_dop_operator_3.py
[2021-10-27 07:38:21,776] {processor.py:632} INFO - DAG(s) dict_keys(['example_branch_dop_operator_v3']) retrieved from /home/airflow/.local/lib/python3.6/site-packages/airflow/example_dags/example_branch_python_dop_operator_3.py
[2021-10-27 07:38:21,788] {logging_mixin.py:109} INFO - [2021-10-27 07:38:21,787] {dag.py:2389} INFO - Sync 1 DAGs
[2021-10-27 07:38:21,810] {logging_mixin.py:109} INFO - [2021-10-27 07:38:21,810] {dag.py:2914} INFO - Setting next_dagrun for example_branch_dop_operator_v3 to 2021-10-27T07:37:00+00:00
[2021-10-27 07:38:21,819] {processor.py:171} INFO - Processing /home/airflow/.local/lib/python3.6/site-packages/airflow/example_dags/example_branch_python_dop_operator_3.py took 0.079 seconds
[2021-10-27 07:38:52,210] {processor.py:163} INFO - Started process (PID=1333) to work on /home/airflow/.local/lib/python3.6/site-packages/airflow/example_dags/example_branch_python_dop_operator_3.py
[2021-10-27 07:38:52,211] {processor.py:620} INFO - Processing file /home/airflow/.local/lib/python3.6/site-packages/airflow/example_dags/example_branch_python_dop_operator_3.py for tasks to queue
[2021-10-27 07:38:52,212] {logging_mixin.py:109} INFO - [2021-10-27 07:38:52,212] {dagbag.py:500} INFO - Filling up the DagBag from /home/airflow/.local/lib/python3.6/site-packages/airflow/example_dags/example_branch_python_dop_operator_3.py
[2021-10-27 07:38:52,239] {processor.py:632} INFO - DAG(s) dict_keys(['example_branch_dop_operator_v3']) retrieved from /home/airflow/.local/lib/python3.6/site-packages/airflow/example_dags/example_branch_python_dop_operator_3.py
[2021-10-27 07:38:52,249] {logging_mixin.py:109} INFO - [2021-10-27 07:38:52,249] {dag.py:2389} INFO - Sync 1 DAGs
[2021-10-27 07:38:52,268] {logging_mixin.py:109} INFO - [2021-10-27 07:38:52,268] {dag.py:2914} INFO - Setting next_dagrun for example_branch_dop_operator_v3 to 2021-10-27T07:37:00+00:00
[2021-10-27 07:38:52,280] {processor.py:171} INFO - Processing /home/airflow/.local/lib/python3.6/site-packages/airflow/example_dags/example_branch_python_dop_operator_3.py took 0.073 seconds
[2021-10-27 07:39:22,634] {processor.py:163} INFO - Started process (PID=1398) to work on /home/airflow/.local/lib/python3.6/site-packages/airflow/example_dags/example_branch_python_dop_operator_3.py
[2021-10-27 07:39:22,635] {processor.py:620} INFO - Processing file /home/airflow/.local/lib/python3.6/site-packages/airflow/example_dags/example_branch_python_dop_operator_3.py for tasks to queue
[2021-10-27 07:39:22,636] {logging_mixin.py:109} INFO - [2021-10-27 07:39:22,636] {dagbag.py:500} INFO - Filling up the DagBag from /home/airflow/.local/lib/python3.6/site-packages/airflow/example_dags/example_branch_python_dop_operator_3.py
[2021-10-27 07:39:22,666] {processor.py:632} INFO - DAG(s) dict_keys(['example_branch_dop_operator_v3']) retrieved from /home/airflow/.local/lib/python3.6/site-packages/airflow/example_dags/example_branch_python_dop_operator_3.py
[2021-10-27 07:39:22,678] {logging_mixin.py:109} INFO - [2021-10-27 07:39:22,678] {dag.py:2389} INFO - Sync 1 DAGs
[2021-10-27 07:39:22,701] {logging_mixin.py:109} INFO - [2021-10-27 07:39:22,701] {dag.py:2914} INFO - Setting next_dagrun for example_branch_dop_operator_v3 to 2021-10-27T07:38:00+00:00
[2021-10-27 07:39:22,714] {processor.py:171} INFO - Processing /home/airflow/.local/lib/python3.6/site-packages/airflow/example_dags/example_branch_python_dop_operator_3.py took 0.085 seconds
[2021-10-27 07:39:53,013] {processor.py:163} INFO - Started process (PID=1452) to work on /home/airflow/.local/lib/python3.6/site-packages/airflow/example_dags/example_branch_python_dop_operator_3.py
[2021-10-27 07:39:53,014] {processor.py:620} INFO - Processing file /home/airflow/.local/lib/python3.6/site-packages/airflow/example_dags/example_branch_python_dop_operator_3.py for tasks to queue
[2021-10-27 07:39:53,015] {logging_mixin.py:109} INFO - [2021-10-27 07:39:53,015] {dagbag.py:500} INFO - Filling up the DagBag from /home/airflow/.local/lib/python3.6/site-packages/airflow/example_dags/example_branch_python_dop_operator_3.py
[2021-10-27 07:39:53,045] {processor.py:632} INFO - DAG(s) dict_keys(['example_branch_dop_operator_v3']) retrieved from /home/airflow/.local/lib/python3.6/site-packages/airflow/example_dags/example_branch_python_dop_operator_3.py
[2021-10-27 07:39:53,057] {logging_mixin.py:109} INFO - [2021-10-27 07:39:53,056] {dag.py:2389} INFO - Sync 1 DAGs
[2021-10-27 07:39:53,077] {logging_mixin.py:109} INFO - [2021-10-27 07:39:53,077] {dag.py:2914} INFO - Setting next_dagrun for example_branch_dop_operator_v3 to 2021-10-27T07:38:00+00:00
[2021-10-27 07:39:53,089] {processor.py:171} INFO - Processing /home/airflow/.local/lib/python3.6/site-packages/airflow/example_dags/example_branch_python_dop_operator_3.py took 0.080 seconds
[2021-10-27 07:40:23,465] {processor.py:163} INFO - Started process (PID=1518) to work on /home/airflow/.local/lib/python3.6/site-packages/airflow/example_dags/example_branch_python_dop_operator_3.py
[2021-10-27 07:40:23,467] {processor.py:620} INFO - Processing file /home/airflow/.local/lib/python3.6/site-packages/airflow/example_dags/example_branch_python_dop_operator_3.py for tasks to queue
[2021-10-27 07:40:23,468] {logging_mixin.py:109} INFO - [2021-10-27 07:40:23,467] {dagbag.py:500} INFO - Filling up the DagBag from /home/airflow/.local/lib/python3.6/site-packages/airflow/example_dags/example_branch_python_dop_operator_3.py
[2021-10-27 07:40:23,500] {processor.py:632} INFO - DAG(s) dict_keys(['example_branch_dop_operator_v3']) retrieved from /home/airflow/.local/lib/python3.6/site-packages/airflow/example_dags/example_branch_python_dop_operator_3.py
[2021-10-27 07:40:23,511] {logging_mixin.py:109} INFO - [2021-10-27 07:40:23,511] {dag.py:2389} INFO - Sync 1 DAGs
[2021-10-27 07:40:23,533] {logging_mixin.py:109} INFO - [2021-10-27 07:40:23,533] {dag.py:2914} INFO - Setting next_dagrun for example_branch_dop_operator_v3 to 2021-10-27T07:39:00+00:00
[2021-10-27 07:40:23,546] {processor.py:171} INFO - Processing /home/airflow/.local/lib/python3.6/site-packages/airflow/example_dags/example_branch_python_dop_operator_3.py took 0.084 seconds
[2021-10-27 07:40:53,891] {processor.py:163} INFO - Started process (PID=1572) to work on /home/airflow/.local/lib/python3.6/site-packages/airflow/example_dags/example_branch_python_dop_operator_3.py
[2021-10-27 07:40:53,892] {processor.py:620} INFO - Processing file /home/airflow/.local/lib/python3.6/site-packages/airflow/example_dags/example_branch_python_dop_operator_3.py for tasks to queue
[2021-10-27 07:40:53,893] {logging_mixin.py:109} INFO - [2021-10-27 07:40:53,893] {dagbag.py:500} INFO - Filling up the DagBag from /home/airflow/.local/lib/python3.6/site-packages/airflow/example_dags/example_branch_python_dop_operator_3.py
[2021-10-27 07:40:53,921] {processor.py:632} INFO - DAG(s) dict_keys(['example_branch_dop_operator_v3']) retrieved from /home/airflow/.local/lib/python3.6/site-packages/airflow/example_dags/example_branch_python_dop_operator_3.py
[2021-10-27 07:40:53,931] {logging_mixin.py:109} INFO - [2021-10-27 07:40:53,931] {dag.py:2389} INFO - Sync 1 DAGs
[2021-10-27 07:40:53,951] {logging_mixin.py:109} INFO - [2021-10-27 07:40:53,951] {dag.py:2914} INFO - Setting next_dagrun for example_branch_dop_operator_v3 to 2021-10-27T07:39:00+00:00
[2021-10-27 07:40:53,963] {processor.py:171} INFO - Processing /home/airflow/.local/lib/python3.6/site-packages/airflow/example_dags/example_branch_python_dop_operator_3.py took 0.076 seconds
[2021-10-27 07:41:24,416] {processor.py:163} INFO - Started process (PID=1636) to work on /home/airflow/.local/lib/python3.6/site-packages/airflow/example_dags/example_branch_python_dop_operator_3.py
[2021-10-27 07:41:24,418] {processor.py:620} INFO - Processing file /home/airflow/.local/lib/python3.6/site-packages/airflow/example_dags/example_branch_python_dop_operator_3.py for tasks to queue
[2021-10-27 07:41:24,420] {logging_mixin.py:109} INFO - [2021-10-27 07:41:24,419] {dagbag.py:500} INFO - Filling up the DagBag from /home/airflow/.local/lib/python3.6/site-packages/airflow/example_dags/example_branch_python_dop_operator_3.py
[2021-10-27 07:41:24,457] {processor.py:632} INFO - DAG(s) dict_keys(['example_branch_dop_operator_v3']) retrieved from /home/airflow/.local/lib/python3.6/site-packages/airflow/example_dags/example_branch_python_dop_operator_3.py
[2021-10-27 07:41:24,471] {logging_mixin.py:109} INFO - [2021-10-27 07:41:24,471] {dag.py:2389} INFO - Sync 1 DAGs
[2021-10-27 07:41:24,502] {logging_mixin.py:109} INFO - [2021-10-27 07:41:24,502] {dag.py:2914} INFO - Setting next_dagrun for example_branch_dop_operator_v3 to 2021-10-27T07:40:00+00:00
[2021-10-27 07:41:24,516] {processor.py:171} INFO - Processing /home/airflow/.local/lib/python3.6/site-packages/airflow/example_dags/example_branch_python_dop_operator_3.py took 0.103 seconds
[2021-10-27 07:41:55,553] {processor.py:163} INFO - Started process (PID=1691) to work on /home/airflow/.local/lib/python3.6/site-packages/airflow/example_dags/example_branch_python_dop_operator_3.py
[2021-10-27 07:41:55,554] {processor.py:620} INFO - Processing file /home/airflow/.local/lib/python3.6/site-packages/airflow/example_dags/example_branch_python_dop_operator_3.py for tasks to queue
[2021-10-27 07:41:55,555] {logging_mixin.py:109} INFO - [2021-10-27 07:41:55,555] {dagbag.py:500} INFO - Filling up the DagBag from /home/airflow/.local/lib/python3.6/site-packages/airflow/example_dags/example_branch_python_dop_operator_3.py
[2021-10-27 07:41:55,583] {processor.py:632} INFO - DAG(s) dict_keys(['example_branch_dop_operator_v3']) retrieved from /home/airflow/.local/lib/python3.6/site-packages/airflow/example_dags/example_branch_python_dop_operator_3.py
[2021-10-27 07:41:55,595] {logging_mixin.py:109} INFO - [2021-10-27 07:41:55,595] {dag.py:2389} INFO - Sync 1 DAGs
[2021-10-27 07:41:55,615] {logging_mixin.py:109} INFO - [2021-10-27 07:41:55,615] {dag.py:2914} INFO - Setting next_dagrun for example_branch_dop_operator_v3 to 2021-10-27T07:40:00+00:00
[2021-10-27 07:41:55,626] {processor.py:171} INFO - Processing /home/airflow/.local/lib/python3.6/site-packages/airflow/example_dags/example_branch_python_dop_operator_3.py took 0.077 seconds
[2021-10-27 07:42:26,741] {processor.py:163} INFO - Started process (PID=1757) to work on /home/airflow/.local/lib/python3.6/site-packages/airflow/example_dags/example_branch_python_dop_operator_3.py
[2021-10-27 07:42:26,743] {processor.py:620} INFO - Processing file /home/airflow/.local/lib/python3.6/site-packages/airflow/example_dags/example_branch_python_dop_operator_3.py for tasks to queue
[2021-10-27 07:42:26,744] {logging_mixin.py:109} INFO - [2021-10-27 07:42:26,744] {dagbag.py:500} INFO - Filling up the DagBag from /home/airflow/.local/lib/python3.6/site-packages/airflow/example_dags/example_branch_python_dop_operator_3.py
[2021-10-27 07:42:26,776] {processor.py:632} INFO - DAG(s) dict_keys(['example_branch_dop_operator_v3']) retrieved from /home/airflow/.local/lib/python3.6/site-packages/airflow/example_dags/example_branch_python_dop_operator_3.py
[2021-10-27 07:42:26,791] {logging_mixin.py:109} INFO - [2021-10-27 07:42:26,791] {dag.py:2389} INFO - Sync 1 DAGs
[2021-10-27 07:42:26,827] {logging_mixin.py:109} INFO - [2021-10-27 07:42:26,827] {dag.py:2914} INFO - Setting next_dagrun for example_branch_dop_operator_v3 to 2021-10-27T07:41:00+00:00
[2021-10-27 07:42:26,839] {processor.py:171} INFO - Processing /home/airflow/.local/lib/python3.6/site-packages/airflow/example_dags/example_branch_python_dop_operator_3.py took 0.102 seconds
[2021-10-27 07:42:57,775] {processor.py:163} INFO - Started process (PID=1813) to work on /home/airflow/.local/lib/python3.6/site-packages/airflow/example_dags/example_branch_python_dop_operator_3.py
[2021-10-27 07:42:57,777] {processor.py:620} INFO - Processing file /home/airflow/.local/lib/python3.6/site-packages/airflow/example_dags/example_branch_python_dop_operator_3.py for tasks to queue
[2021-10-27 07:42:57,777] {logging_mixin.py:109} INFO - [2021-10-27 07:42:57,777] {dagbag.py:500} INFO - Filling up the DagBag from /home/airflow/.local/lib/python3.6/site-packages/airflow/example_dags/example_branch_python_dop_operator_3.py
[2021-10-27 07:42:57,807] {processor.py:632} INFO - DAG(s) dict_keys(['example_branch_dop_operator_v3']) retrieved from /home/airflow/.local/lib/python3.6/site-packages/airflow/example_dags/example_branch_python_dop_operator_3.py
[2021-10-27 07:42:57,819] {logging_mixin.py:109} INFO - [2021-10-27 07:42:57,819] {dag.py:2389} INFO - Sync 1 DAGs
[2021-10-27 07:42:57,839] {logging_mixin.py:109} INFO - [2021-10-27 07:42:57,839] {dag.py:2914} INFO - Setting next_dagrun for example_branch_dop_operator_v3 to 2021-10-27T07:41:00+00:00
[2021-10-27 07:42:57,851] {processor.py:171} INFO - Processing /home/airflow/.local/lib/python3.6/site-packages/airflow/example_dags/example_branch_python_dop_operator_3.py took 0.079 seconds
[2021-10-27 07:43:28,695] {processor.py:163} INFO - Started process (PID=1880) to work on /home/airflow/.local/lib/python3.6/site-packages/airflow/example_dags/example_branch_python_dop_operator_3.py
[2021-10-27 07:43:28,697] {processor.py:620} INFO - Processing file /home/airflow/.local/lib/python3.6/site-packages/airflow/example_dags/example_branch_python_dop_operator_3.py for tasks to queue
[2021-10-27 07:43:28,698] {logging_mixin.py:109} INFO - [2021-10-27 07:43:28,698] {dagbag.py:500} INFO - Filling up the DagBag from /home/airflow/.local/lib/python3.6/site-packages/airflow/example_dags/example_branch_python_dop_operator_3.py
[2021-10-27 07:43:28,731] {processor.py:632} INFO - DAG(s) dict_keys(['example_branch_dop_operator_v3']) retrieved from /home/airflow/.local/lib/python3.6/site-packages/airflow/example_dags/example_branch_python_dop_operator_3.py
[2021-10-27 07:43:28,743] {logging_mixin.py:109} INFO - [2021-10-27 07:43:28,743] {dag.py:2389} INFO - Sync 1 DAGs
[2021-10-27 07:43:28,773] {logging_mixin.py:109} INFO - [2021-10-27 07:43:28,772] {dag.py:2914} INFO - Setting next_dagrun for example_branch_dop_operator_v3 to 2021-10-27T07:42:00+00:00
[2021-10-27 07:43:28,787] {processor.py:171} INFO - Processing /home/airflow/.local/lib/python3.6/site-packages/airflow/example_dags/example_branch_python_dop_operator_3.py took 0.095 seconds
[2021-10-27 07:43:59,447] {processor.py:163} INFO - Started process (PID=1936) to work on /home/airflow/.local/lib/python3.6/site-packages/airflow/example_dags/example_branch_python_dop_operator_3.py
[2021-10-27 07:43:59,449] {processor.py:620} INFO - Processing file /home/airflow/.local/lib/python3.6/site-packages/airflow/example_dags/example_branch_python_dop_operator_3.py for tasks to queue
[2021-10-27 07:43:59,450] {logging_mixin.py:109} INFO - [2021-10-27 07:43:59,450] {dagbag.py:500} INFO - Filling up the DagBag from /home/airflow/.local/lib/python3.6/site-packages/airflow/example_dags/example_branch_python_dop_operator_3.py
[2021-10-27 07:43:59,480] {processor.py:632} INFO - DAG(s) dict_keys(['example_branch_dop_operator_v3']) retrieved from /home/airflow/.local/lib/python3.6/site-packages/airflow/example_dags/example_branch_python_dop_operator_3.py
[2021-10-27 07:43:59,493] {logging_mixin.py:109} INFO - [2021-10-27 07:43:59,492] {dag.py:2389} INFO - Sync 1 DAGs
[2021-10-27 07:43:59,515] {logging_mixin.py:109} INFO - [2021-10-27 07:43:59,515] {dag.py:2914} INFO - Setting next_dagrun for example_branch_dop_operator_v3 to 2021-10-27T07:42:00+00:00
[2021-10-27 07:43:59,527] {processor.py:171} INFO - Processing /home/airflow/.local/lib/python3.6/site-packages/airflow/example_dags/example_branch_python_dop_operator_3.py took 0.082 seconds
[2021-10-27 07:44:29,754] {processor.py:163} INFO - Started process (PID=1992) to work on /home/airflow/.local/lib/python3.6/site-packages/airflow/example_dags/example_branch_python_dop_operator_3.py
[2021-10-27 07:44:29,755] {processor.py:620} INFO - Processing file /home/airflow/.local/lib/python3.6/site-packages/airflow/example_dags/example_branch_python_dop_operator_3.py for tasks to queue
[2021-10-27 07:44:29,756] {logging_mixin.py:109} INFO - [2021-10-27 07:44:29,756] {dagbag.py:500} INFO - Filling up the DagBag from /home/airflow/.local/lib/python3.6/site-packages/airflow/example_dags/example_branch_python_dop_operator_3.py
[2021-10-27 07:44:29,785] {processor.py:632} INFO - DAG(s) dict_keys(['example_branch_dop_operator_v3']) retrieved from /home/airflow/.local/lib/python3.6/site-packages/airflow/example_dags/example_branch_python_dop_operator_3.py
[2021-10-27 07:44:29,797] {logging_mixin.py:109} INFO - [2021-10-27 07:44:29,797] {dag.py:2389} INFO - Sync 1 DAGs
[2021-10-27 07:44:29,818] {logging_mixin.py:109} INFO - [2021-10-27 07:44:29,818] {dag.py:2914} INFO - Setting next_dagrun for example_branch_dop_operator_v3 to 2021-10-27T07:43:00+00:00
[2021-10-27 07:44:29,830] {processor.py:171} INFO - Processing /home/airflow/.local/lib/python3.6/site-packages/airflow/example_dags/example_branch_python_dop_operator_3.py took 0.080 seconds
