[2021-10-27 07:17:42,326] {processor.py:163} INFO - Started process (PID=53) to work on /home/airflow/.local/lib/python3.6/site-packages/airflow/example_dags/example_task_group.py
[2021-10-27 07:17:42,328] {processor.py:620} INFO - Processing file /home/airflow/.local/lib/python3.6/site-packages/airflow/example_dags/example_task_group.py for tasks to queue
[2021-10-27 07:17:42,329] {logging_mixin.py:109} INFO - [2021-10-27 07:17:42,329] {dagbag.py:500} INFO - Filling up the DagBag from /home/airflow/.local/lib/python3.6/site-packages/airflow/example_dags/example_task_group.py
[2021-10-27 07:17:42,493] {processor.py:632} INFO - DAG(s) dict_keys(['example_task_group']) retrieved from /home/airflow/.local/lib/python3.6/site-packages/airflow/example_dags/example_task_group.py
[2021-10-27 07:17:42,518] {logging_mixin.py:109} INFO - [2021-10-27 07:17:42,518] {dag.py:2389} INFO - Sync 1 DAGs
[2021-10-27 07:17:42,542] {logging_mixin.py:109} INFO - [2021-10-27 07:17:42,542] {dag.py:2914} INFO - Setting next_dagrun for example_task_group to 2021-10-26T07:17:42.542034+00:00
[2021-10-27 07:17:42,563] {processor.py:171} INFO - Processing /home/airflow/.local/lib/python3.6/site-packages/airflow/example_dags/example_task_group.py took 0.241 seconds
[2021-10-27 07:18:12,853] {processor.py:163} INFO - Started process (PID=109) to work on /home/airflow/.local/lib/python3.6/site-packages/airflow/example_dags/example_task_group.py
[2021-10-27 07:18:12,855] {processor.py:620} INFO - Processing file /home/airflow/.local/lib/python3.6/site-packages/airflow/example_dags/example_task_group.py for tasks to queue
[2021-10-27 07:18:12,856] {logging_mixin.py:109} INFO - [2021-10-27 07:18:12,856] {dagbag.py:500} INFO - Filling up the DagBag from /home/airflow/.local/lib/python3.6/site-packages/airflow/example_dags/example_task_group.py
[2021-10-27 07:18:12,886] {processor.py:632} INFO - DAG(s) dict_keys(['example_task_group']) retrieved from /home/airflow/.local/lib/python3.6/site-packages/airflow/example_dags/example_task_group.py
[2021-10-27 07:18:12,898] {logging_mixin.py:109} INFO - [2021-10-27 07:18:12,898] {dag.py:2389} INFO - Sync 1 DAGs
[2021-10-27 07:18:12,913] {logging_mixin.py:109} INFO - [2021-10-27 07:18:12,913] {dag.py:2914} INFO - Setting next_dagrun for example_task_group to 2021-10-26T07:18:12.912995+00:00
[2021-10-27 07:18:12,924] {processor.py:171} INFO - Processing /home/airflow/.local/lib/python3.6/site-packages/airflow/example_dags/example_task_group.py took 0.074 seconds
[2021-10-27 07:18:43,228] {processor.py:163} INFO - Started process (PID=164) to work on /home/airflow/.local/lib/python3.6/site-packages/airflow/example_dags/example_task_group.py
[2021-10-27 07:18:43,230] {processor.py:620} INFO - Processing file /home/airflow/.local/lib/python3.6/site-packages/airflow/example_dags/example_task_group.py for tasks to queue
[2021-10-27 07:18:43,231] {logging_mixin.py:109} INFO - [2021-10-27 07:18:43,231] {dagbag.py:500} INFO - Filling up the DagBag from /home/airflow/.local/lib/python3.6/site-packages/airflow/example_dags/example_task_group.py
[2021-10-27 07:18:43,260] {processor.py:632} INFO - DAG(s) dict_keys(['example_task_group']) retrieved from /home/airflow/.local/lib/python3.6/site-packages/airflow/example_dags/example_task_group.py
[2021-10-27 07:18:43,271] {logging_mixin.py:109} INFO - [2021-10-27 07:18:43,271] {dag.py:2389} INFO - Sync 1 DAGs
[2021-10-27 07:18:43,286] {logging_mixin.py:109} INFO - [2021-10-27 07:18:43,286] {dag.py:2914} INFO - Setting next_dagrun for example_task_group to 2021-10-26T07:18:43.286280+00:00
[2021-10-27 07:18:43,296] {processor.py:171} INFO - Processing /home/airflow/.local/lib/python3.6/site-packages/airflow/example_dags/example_task_group.py took 0.071 seconds
[2021-10-27 07:19:13,487] {processor.py:163} INFO - Started process (PID=227) to work on /home/airflow/.local/lib/python3.6/site-packages/airflow/example_dags/example_task_group.py
[2021-10-27 07:19:13,488] {processor.py:620} INFO - Processing file /home/airflow/.local/lib/python3.6/site-packages/airflow/example_dags/example_task_group.py for tasks to queue
[2021-10-27 07:19:13,490] {logging_mixin.py:109} INFO - [2021-10-27 07:19:13,489] {dagbag.py:500} INFO - Filling up the DagBag from /home/airflow/.local/lib/python3.6/site-packages/airflow/example_dags/example_task_group.py
[2021-10-27 07:19:13,529] {processor.py:632} INFO - DAG(s) dict_keys(['example_task_group']) retrieved from /home/airflow/.local/lib/python3.6/site-packages/airflow/example_dags/example_task_group.py
[2021-10-27 07:19:13,549] {logging_mixin.py:109} INFO - [2021-10-27 07:19:13,549] {dag.py:2389} INFO - Sync 1 DAGs
[2021-10-27 07:19:13,575] {logging_mixin.py:109} INFO - [2021-10-27 07:19:13,574] {dag.py:2914} INFO - Setting next_dagrun for example_task_group to 2021-10-26T07:19:13.574619+00:00
[2021-10-27 07:19:13,586] {processor.py:171} INFO - Processing /home/airflow/.local/lib/python3.6/site-packages/airflow/example_dags/example_task_group.py took 0.104 seconds
[2021-10-27 07:19:44,103] {processor.py:163} INFO - Started process (PID=282) to work on /home/airflow/.local/lib/python3.6/site-packages/airflow/example_dags/example_task_group.py
[2021-10-27 07:19:44,104] {processor.py:620} INFO - Processing file /home/airflow/.local/lib/python3.6/site-packages/airflow/example_dags/example_task_group.py for tasks to queue
[2021-10-27 07:19:44,105] {logging_mixin.py:109} INFO - [2021-10-27 07:19:44,105] {dagbag.py:500} INFO - Filling up the DagBag from /home/airflow/.local/lib/python3.6/site-packages/airflow/example_dags/example_task_group.py
[2021-10-27 07:19:44,136] {processor.py:632} INFO - DAG(s) dict_keys(['example_task_group']) retrieved from /home/airflow/.local/lib/python3.6/site-packages/airflow/example_dags/example_task_group.py
[2021-10-27 07:19:44,147] {logging_mixin.py:109} INFO - [2021-10-27 07:19:44,147] {dag.py:2389} INFO - Sync 1 DAGs
[2021-10-27 07:19:44,165] {logging_mixin.py:109} INFO - [2021-10-27 07:19:44,164] {dag.py:2914} INFO - Setting next_dagrun for example_task_group to 2021-10-26T07:19:44.164750+00:00
[2021-10-27 07:19:44,177] {processor.py:171} INFO - Processing /home/airflow/.local/lib/python3.6/site-packages/airflow/example_dags/example_task_group.py took 0.078 seconds
[2021-10-27 07:20:15,071] {processor.py:163} INFO - Started process (PID=339) to work on /home/airflow/.local/lib/python3.6/site-packages/airflow/example_dags/example_task_group.py
[2021-10-27 07:20:15,073] {processor.py:620} INFO - Processing file /home/airflow/.local/lib/python3.6/site-packages/airflow/example_dags/example_task_group.py for tasks to queue
[2021-10-27 07:20:15,074] {logging_mixin.py:109} INFO - [2021-10-27 07:20:15,074] {dagbag.py:500} INFO - Filling up the DagBag from /home/airflow/.local/lib/python3.6/site-packages/airflow/example_dags/example_task_group.py
[2021-10-27 07:20:15,108] {processor.py:632} INFO - DAG(s) dict_keys(['example_task_group']) retrieved from /home/airflow/.local/lib/python3.6/site-packages/airflow/example_dags/example_task_group.py
[2021-10-27 07:20:15,121] {logging_mixin.py:109} INFO - [2021-10-27 07:20:15,121] {dag.py:2389} INFO - Sync 1 DAGs
[2021-10-27 07:20:15,141] {logging_mixin.py:109} INFO - [2021-10-27 07:20:15,141] {dag.py:2914} INFO - Setting next_dagrun for example_task_group to 2021-10-26T07:20:15.140800+00:00
[2021-10-27 07:20:15,154] {processor.py:171} INFO - Processing /home/airflow/.local/lib/python3.6/site-packages/airflow/example_dags/example_task_group.py took 0.086 seconds
[2021-10-27 07:20:45,301] {processor.py:163} INFO - Started process (PID=405) to work on /home/airflow/.local/lib/python3.6/site-packages/airflow/example_dags/example_task_group.py
[2021-10-27 07:20:45,302] {processor.py:620} INFO - Processing file /home/airflow/.local/lib/python3.6/site-packages/airflow/example_dags/example_task_group.py for tasks to queue
[2021-10-27 07:20:45,303] {logging_mixin.py:109} INFO - [2021-10-27 07:20:45,303] {dagbag.py:500} INFO - Filling up the DagBag from /home/airflow/.local/lib/python3.6/site-packages/airflow/example_dags/example_task_group.py
[2021-10-27 07:20:45,333] {processor.py:632} INFO - DAG(s) dict_keys(['example_task_group']) retrieved from /home/airflow/.local/lib/python3.6/site-packages/airflow/example_dags/example_task_group.py
[2021-10-27 07:20:45,346] {logging_mixin.py:109} INFO - [2021-10-27 07:20:45,346] {dag.py:2389} INFO - Sync 1 DAGs
[2021-10-27 07:20:45,360] {logging_mixin.py:109} INFO - [2021-10-27 07:20:45,360] {dag.py:2914} INFO - Setting next_dagrun for example_task_group to 2021-10-26T07:20:45.360274+00:00
[2021-10-27 07:20:45,370] {processor.py:171} INFO - Processing /home/airflow/.local/lib/python3.6/site-packages/airflow/example_dags/example_task_group.py took 0.072 seconds
[2021-10-27 07:21:15,523] {processor.py:163} INFO - Started process (PID=459) to work on /home/airflow/.local/lib/python3.6/site-packages/airflow/example_dags/example_task_group.py
[2021-10-27 07:21:15,525] {processor.py:620} INFO - Processing file /home/airflow/.local/lib/python3.6/site-packages/airflow/example_dags/example_task_group.py for tasks to queue
[2021-10-27 07:21:15,525] {logging_mixin.py:109} INFO - [2021-10-27 07:21:15,525] {dagbag.py:500} INFO - Filling up the DagBag from /home/airflow/.local/lib/python3.6/site-packages/airflow/example_dags/example_task_group.py
[2021-10-27 07:21:15,557] {processor.py:632} INFO - DAG(s) dict_keys(['example_task_group']) retrieved from /home/airflow/.local/lib/python3.6/site-packages/airflow/example_dags/example_task_group.py
[2021-10-27 07:21:15,569] {logging_mixin.py:109} INFO - [2021-10-27 07:21:15,569] {dag.py:2389} INFO - Sync 1 DAGs
[2021-10-27 07:21:15,590] {logging_mixin.py:109} INFO - [2021-10-27 07:21:15,589] {dag.py:2914} INFO - Setting next_dagrun for example_task_group to 2021-10-26T07:21:15.589639+00:00
[2021-10-27 07:21:15,601] {processor.py:171} INFO - Processing /home/airflow/.local/lib/python3.6/site-packages/airflow/example_dags/example_task_group.py took 0.081 seconds
[2021-10-27 07:21:46,054] {processor.py:163} INFO - Started process (PID=524) to work on /home/airflow/.local/lib/python3.6/site-packages/airflow/example_dags/example_task_group.py
[2021-10-27 07:21:46,055] {processor.py:620} INFO - Processing file /home/airflow/.local/lib/python3.6/site-packages/airflow/example_dags/example_task_group.py for tasks to queue
[2021-10-27 07:21:46,056] {logging_mixin.py:109} INFO - [2021-10-27 07:21:46,056] {dagbag.py:500} INFO - Filling up the DagBag from /home/airflow/.local/lib/python3.6/site-packages/airflow/example_dags/example_task_group.py
[2021-10-27 07:21:46,091] {processor.py:632} INFO - DAG(s) dict_keys(['example_task_group']) retrieved from /home/airflow/.local/lib/python3.6/site-packages/airflow/example_dags/example_task_group.py
[2021-10-27 07:21:46,102] {logging_mixin.py:109} INFO - [2021-10-27 07:21:46,102] {dag.py:2389} INFO - Sync 1 DAGs
[2021-10-27 07:21:46,117] {logging_mixin.py:109} INFO - [2021-10-27 07:21:46,117] {dag.py:2914} INFO - Setting next_dagrun for example_task_group to 2021-10-26T07:21:46.117441+00:00
[2021-10-27 07:21:46,129] {processor.py:171} INFO - Processing /home/airflow/.local/lib/python3.6/site-packages/airflow/example_dags/example_task_group.py took 0.079 seconds
[2021-10-27 07:22:16,611] {processor.py:163} INFO - Started process (PID=579) to work on /home/airflow/.local/lib/python3.6/site-packages/airflow/example_dags/example_task_group.py
[2021-10-27 07:22:16,613] {processor.py:620} INFO - Processing file /home/airflow/.local/lib/python3.6/site-packages/airflow/example_dags/example_task_group.py for tasks to queue
[2021-10-27 07:22:16,614] {logging_mixin.py:109} INFO - [2021-10-27 07:22:16,613] {dagbag.py:500} INFO - Filling up the DagBag from /home/airflow/.local/lib/python3.6/site-packages/airflow/example_dags/example_task_group.py
[2021-10-27 07:22:16,649] {processor.py:632} INFO - DAG(s) dict_keys(['example_task_group']) retrieved from /home/airflow/.local/lib/python3.6/site-packages/airflow/example_dags/example_task_group.py
[2021-10-27 07:22:16,662] {logging_mixin.py:109} INFO - [2021-10-27 07:22:16,662] {dag.py:2389} INFO - Sync 1 DAGs
[2021-10-27 07:22:16,679] {logging_mixin.py:109} INFO - [2021-10-27 07:22:16,679] {dag.py:2914} INFO - Setting next_dagrun for example_task_group to 2021-10-26T07:22:16.679359+00:00
[2021-10-27 07:22:16,690] {processor.py:171} INFO - Processing /home/airflow/.local/lib/python3.6/site-packages/airflow/example_dags/example_task_group.py took 0.083 seconds
[2021-10-27 07:22:46,917] {processor.py:163} INFO - Started process (PID=645) to work on /home/airflow/.local/lib/python3.6/site-packages/airflow/example_dags/example_task_group.py
[2021-10-27 07:22:46,919] {processor.py:620} INFO - Processing file /home/airflow/.local/lib/python3.6/site-packages/airflow/example_dags/example_task_group.py for tasks to queue
[2021-10-27 07:22:46,920] {logging_mixin.py:109} INFO - [2021-10-27 07:22:46,919] {dagbag.py:500} INFO - Filling up the DagBag from /home/airflow/.local/lib/python3.6/site-packages/airflow/example_dags/example_task_group.py
[2021-10-27 07:22:46,957] {processor.py:632} INFO - DAG(s) dict_keys(['example_task_group']) retrieved from /home/airflow/.local/lib/python3.6/site-packages/airflow/example_dags/example_task_group.py
[2021-10-27 07:22:46,973] {logging_mixin.py:109} INFO - [2021-10-27 07:22:46,973] {dag.py:2389} INFO - Sync 1 DAGs
[2021-10-27 07:22:46,992] {logging_mixin.py:109} INFO - [2021-10-27 07:22:46,992] {dag.py:2914} INFO - Setting next_dagrun for example_task_group to 2021-10-26T07:22:46.992292+00:00
[2021-10-27 07:22:47,003] {processor.py:171} INFO - Processing /home/airflow/.local/lib/python3.6/site-packages/airflow/example_dags/example_task_group.py took 0.089 seconds
[2021-10-27 07:23:17,223] {processor.py:163} INFO - Started process (PID=700) to work on /home/airflow/.local/lib/python3.6/site-packages/airflow/example_dags/example_task_group.py
[2021-10-27 07:23:17,224] {processor.py:620} INFO - Processing file /home/airflow/.local/lib/python3.6/site-packages/airflow/example_dags/example_task_group.py for tasks to queue
[2021-10-27 07:23:17,225] {logging_mixin.py:109} INFO - [2021-10-27 07:23:17,225] {dagbag.py:500} INFO - Filling up the DagBag from /home/airflow/.local/lib/python3.6/site-packages/airflow/example_dags/example_task_group.py
[2021-10-27 07:23:17,262] {processor.py:632} INFO - DAG(s) dict_keys(['example_task_group']) retrieved from /home/airflow/.local/lib/python3.6/site-packages/airflow/example_dags/example_task_group.py
[2021-10-27 07:23:17,277] {logging_mixin.py:109} INFO - [2021-10-27 07:23:17,277] {dag.py:2389} INFO - Sync 1 DAGs
[2021-10-27 07:23:17,298] {logging_mixin.py:109} INFO - [2021-10-27 07:23:17,298] {dag.py:2914} INFO - Setting next_dagrun for example_task_group to 2021-10-26T07:23:17.298019+00:00
[2021-10-27 07:23:17,311] {processor.py:171} INFO - Processing /home/airflow/.local/lib/python3.6/site-packages/airflow/example_dags/example_task_group.py took 0.093 seconds
[2021-10-27 07:23:47,981] {processor.py:163} INFO - Started process (PID=765) to work on /home/airflow/.local/lib/python3.6/site-packages/airflow/example_dags/example_task_group.py
[2021-10-27 07:23:47,982] {processor.py:620} INFO - Processing file /home/airflow/.local/lib/python3.6/site-packages/airflow/example_dags/example_task_group.py for tasks to queue
[2021-10-27 07:23:47,983] {logging_mixin.py:109} INFO - [2021-10-27 07:23:47,983] {dagbag.py:500} INFO - Filling up the DagBag from /home/airflow/.local/lib/python3.6/site-packages/airflow/example_dags/example_task_group.py
[2021-10-27 07:23:48,015] {processor.py:632} INFO - DAG(s) dict_keys(['example_task_group']) retrieved from /home/airflow/.local/lib/python3.6/site-packages/airflow/example_dags/example_task_group.py
[2021-10-27 07:23:48,027] {logging_mixin.py:109} INFO - [2021-10-27 07:23:48,027] {dag.py:2389} INFO - Sync 1 DAGs
[2021-10-27 07:23:48,046] {logging_mixin.py:109} INFO - [2021-10-27 07:23:48,046] {dag.py:2914} INFO - Setting next_dagrun for example_task_group to 2021-10-26T07:23:48.045829+00:00
[2021-10-27 07:23:48,058] {processor.py:171} INFO - Processing /home/airflow/.local/lib/python3.6/site-packages/airflow/example_dags/example_task_group.py took 0.081 seconds
[2021-10-27 07:24:18,751] {processor.py:163} INFO - Started process (PID=821) to work on /home/airflow/.local/lib/python3.6/site-packages/airflow/example_dags/example_task_group.py
[2021-10-27 07:24:18,752] {processor.py:620} INFO - Processing file /home/airflow/.local/lib/python3.6/site-packages/airflow/example_dags/example_task_group.py for tasks to queue
[2021-10-27 07:24:18,753] {logging_mixin.py:109} INFO - [2021-10-27 07:24:18,753] {dagbag.py:500} INFO - Filling up the DagBag from /home/airflow/.local/lib/python3.6/site-packages/airflow/example_dags/example_task_group.py
[2021-10-27 07:24:18,790] {processor.py:632} INFO - DAG(s) dict_keys(['example_task_group']) retrieved from /home/airflow/.local/lib/python3.6/site-packages/airflow/example_dags/example_task_group.py
[2021-10-27 07:24:18,805] {logging_mixin.py:109} INFO - [2021-10-27 07:24:18,805] {dag.py:2389} INFO - Sync 1 DAGs
[2021-10-27 07:24:18,822] {logging_mixin.py:109} INFO - [2021-10-27 07:24:18,822] {dag.py:2914} INFO - Setting next_dagrun for example_task_group to 2021-10-26T07:24:18.821810+00:00
[2021-10-27 07:24:18,833] {processor.py:171} INFO - Processing /home/airflow/.local/lib/python3.6/site-packages/airflow/example_dags/example_task_group.py took 0.086 seconds
[2021-10-27 07:24:49,610] {processor.py:163} INFO - Started process (PID=886) to work on /home/airflow/.local/lib/python3.6/site-packages/airflow/example_dags/example_task_group.py
[2021-10-27 07:24:49,611] {processor.py:620} INFO - Processing file /home/airflow/.local/lib/python3.6/site-packages/airflow/example_dags/example_task_group.py for tasks to queue
[2021-10-27 07:24:49,612] {logging_mixin.py:109} INFO - [2021-10-27 07:24:49,612] {dagbag.py:500} INFO - Filling up the DagBag from /home/airflow/.local/lib/python3.6/site-packages/airflow/example_dags/example_task_group.py
[2021-10-27 07:24:49,652] {processor.py:632} INFO - DAG(s) dict_keys(['example_task_group']) retrieved from /home/airflow/.local/lib/python3.6/site-packages/airflow/example_dags/example_task_group.py
[2021-10-27 07:24:49,670] {logging_mixin.py:109} INFO - [2021-10-27 07:24:49,670] {dag.py:2389} INFO - Sync 1 DAGs
[2021-10-27 07:24:49,690] {logging_mixin.py:109} INFO - [2021-10-27 07:24:49,690] {dag.py:2914} INFO - Setting next_dagrun for example_task_group to 2021-10-26T07:24:49.689887+00:00
[2021-10-27 07:24:49,703] {processor.py:171} INFO - Processing /home/airflow/.local/lib/python3.6/site-packages/airflow/example_dags/example_task_group.py took 0.098 seconds
[2021-10-27 07:25:20,186] {processor.py:163} INFO - Started process (PID=941) to work on /home/airflow/.local/lib/python3.6/site-packages/airflow/example_dags/example_task_group.py
[2021-10-27 07:25:20,188] {processor.py:620} INFO - Processing file /home/airflow/.local/lib/python3.6/site-packages/airflow/example_dags/example_task_group.py for tasks to queue
[2021-10-27 07:25:20,189] {logging_mixin.py:109} INFO - [2021-10-27 07:25:20,189] {dagbag.py:500} INFO - Filling up the DagBag from /home/airflow/.local/lib/python3.6/site-packages/airflow/example_dags/example_task_group.py
[2021-10-27 07:25:20,220] {processor.py:632} INFO - DAG(s) dict_keys(['example_task_group']) retrieved from /home/airflow/.local/lib/python3.6/site-packages/airflow/example_dags/example_task_group.py
[2021-10-27 07:25:20,234] {logging_mixin.py:109} INFO - [2021-10-27 07:25:20,234] {dag.py:2389} INFO - Sync 1 DAGs
[2021-10-27 07:25:20,248] {logging_mixin.py:109} INFO - [2021-10-27 07:25:20,248] {dag.py:2914} INFO - Setting next_dagrun for example_task_group to 2021-10-26T07:25:20.248458+00:00
[2021-10-27 07:25:20,261] {processor.py:171} INFO - Processing /home/airflow/.local/lib/python3.6/site-packages/airflow/example_dags/example_task_group.py took 0.078 seconds
[2021-10-27 07:25:50,709] {processor.py:163} INFO - Started process (PID=1008) to work on /home/airflow/.local/lib/python3.6/site-packages/airflow/example_dags/example_task_group.py
[2021-10-27 07:25:50,710] {processor.py:620} INFO - Processing file /home/airflow/.local/lib/python3.6/site-packages/airflow/example_dags/example_task_group.py for tasks to queue
[2021-10-27 07:25:50,711] {logging_mixin.py:109} INFO - [2021-10-27 07:25:50,711] {dagbag.py:500} INFO - Filling up the DagBag from /home/airflow/.local/lib/python3.6/site-packages/airflow/example_dags/example_task_group.py
[2021-10-27 07:25:50,754] {processor.py:632} INFO - DAG(s) dict_keys(['example_task_group']) retrieved from /home/airflow/.local/lib/python3.6/site-packages/airflow/example_dags/example_task_group.py
[2021-10-27 07:25:50,771] {logging_mixin.py:109} INFO - [2021-10-27 07:25:50,771] {dag.py:2389} INFO - Sync 1 DAGs
[2021-10-27 07:25:50,793] {logging_mixin.py:109} INFO - [2021-10-27 07:25:50,793] {dag.py:2914} INFO - Setting next_dagrun for example_task_group to 2021-10-26T07:25:50.793151+00:00
[2021-10-27 07:25:50,807] {processor.py:171} INFO - Processing /home/airflow/.local/lib/python3.6/site-packages/airflow/example_dags/example_task_group.py took 0.101 seconds
[2021-10-27 07:26:21,087] {processor.py:163} INFO - Started process (PID=1063) to work on /home/airflow/.local/lib/python3.6/site-packages/airflow/example_dags/example_task_group.py
[2021-10-27 07:26:21,089] {processor.py:620} INFO - Processing file /home/airflow/.local/lib/python3.6/site-packages/airflow/example_dags/example_task_group.py for tasks to queue
[2021-10-27 07:26:21,090] {logging_mixin.py:109} INFO - [2021-10-27 07:26:21,090] {dagbag.py:500} INFO - Filling up the DagBag from /home/airflow/.local/lib/python3.6/site-packages/airflow/example_dags/example_task_group.py
[2021-10-27 07:26:21,124] {processor.py:632} INFO - DAG(s) dict_keys(['example_task_group']) retrieved from /home/airflow/.local/lib/python3.6/site-packages/airflow/example_dags/example_task_group.py
[2021-10-27 07:26:21,137] {logging_mixin.py:109} INFO - [2021-10-27 07:26:21,137] {dag.py:2389} INFO - Sync 1 DAGs
[2021-10-27 07:26:21,155] {logging_mixin.py:109} INFO - [2021-10-27 07:26:21,155] {dag.py:2914} INFO - Setting next_dagrun for example_task_group to 2021-10-26T07:26:21.155048+00:00
[2021-10-27 07:26:21,165] {processor.py:171} INFO - Processing /home/airflow/.local/lib/python3.6/site-packages/airflow/example_dags/example_task_group.py took 0.081 seconds
[2021-10-27 07:28:04,419] {processor.py:163} INFO - Started process (PID=50) to work on /home/airflow/.local/lib/python3.6/site-packages/airflow/example_dags/example_task_group.py
[2021-10-27 07:28:04,421] {processor.py:620} INFO - Processing file /home/airflow/.local/lib/python3.6/site-packages/airflow/example_dags/example_task_group.py for tasks to queue
[2021-10-27 07:28:04,422] {logging_mixin.py:109} INFO - [2021-10-27 07:28:04,422] {dagbag.py:500} INFO - Filling up the DagBag from /home/airflow/.local/lib/python3.6/site-packages/airflow/example_dags/example_task_group.py
[2021-10-27 07:28:04,462] {processor.py:632} INFO - DAG(s) dict_keys(['example_task_group']) retrieved from /home/airflow/.local/lib/python3.6/site-packages/airflow/example_dags/example_task_group.py
[2021-10-27 07:28:04,477] {logging_mixin.py:109} INFO - [2021-10-27 07:28:04,477] {dag.py:2389} INFO - Sync 1 DAGs
[2021-10-27 07:28:04,497] {logging_mixin.py:109} INFO - [2021-10-27 07:28:04,497] {dag.py:2914} INFO - Setting next_dagrun for example_task_group to 2021-10-26T07:28:04.496731+00:00
[2021-10-27 07:28:04,511] {processor.py:171} INFO - Processing /home/airflow/.local/lib/python3.6/site-packages/airflow/example_dags/example_task_group.py took 0.096 seconds
[2021-10-27 07:28:35,100] {processor.py:163} INFO - Started process (PID=105) to work on /home/airflow/.local/lib/python3.6/site-packages/airflow/example_dags/example_task_group.py
[2021-10-27 07:28:35,102] {processor.py:620} INFO - Processing file /home/airflow/.local/lib/python3.6/site-packages/airflow/example_dags/example_task_group.py for tasks to queue
[2021-10-27 07:28:35,104] {logging_mixin.py:109} INFO - [2021-10-27 07:28:35,104] {dagbag.py:500} INFO - Filling up the DagBag from /home/airflow/.local/lib/python3.6/site-packages/airflow/example_dags/example_task_group.py
[2021-10-27 07:28:35,144] {processor.py:632} INFO - DAG(s) dict_keys(['example_task_group']) retrieved from /home/airflow/.local/lib/python3.6/site-packages/airflow/example_dags/example_task_group.py
[2021-10-27 07:28:35,161] {logging_mixin.py:109} INFO - [2021-10-27 07:28:35,161] {dag.py:2389} INFO - Sync 1 DAGs
[2021-10-27 07:28:35,195] {logging_mixin.py:109} INFO - [2021-10-27 07:28:35,195] {dag.py:2914} INFO - Setting next_dagrun for example_task_group to 2021-10-26T07:28:35.194725+00:00
[2021-10-27 07:28:35,211] {processor.py:171} INFO - Processing /home/airflow/.local/lib/python3.6/site-packages/airflow/example_dags/example_task_group.py took 0.115 seconds
[2021-10-27 07:29:06,424] {processor.py:163} INFO - Started process (PID=171) to work on /home/airflow/.local/lib/python3.6/site-packages/airflow/example_dags/example_task_group.py
[2021-10-27 07:29:06,425] {processor.py:620} INFO - Processing file /home/airflow/.local/lib/python3.6/site-packages/airflow/example_dags/example_task_group.py for tasks to queue
[2021-10-27 07:29:06,427] {logging_mixin.py:109} INFO - [2021-10-27 07:29:06,427] {dagbag.py:500} INFO - Filling up the DagBag from /home/airflow/.local/lib/python3.6/site-packages/airflow/example_dags/example_task_group.py
[2021-10-27 07:29:06,474] {processor.py:632} INFO - DAG(s) dict_keys(['example_task_group']) retrieved from /home/airflow/.local/lib/python3.6/site-packages/airflow/example_dags/example_task_group.py
[2021-10-27 07:29:06,491] {logging_mixin.py:109} INFO - [2021-10-27 07:29:06,491] {dag.py:2389} INFO - Sync 1 DAGs
[2021-10-27 07:29:06,514] {logging_mixin.py:109} INFO - [2021-10-27 07:29:06,514] {dag.py:2914} INFO - Setting next_dagrun for example_task_group to 2021-10-26T07:29:06.513936+00:00
[2021-10-27 07:29:06,529] {processor.py:171} INFO - Processing /home/airflow/.local/lib/python3.6/site-packages/airflow/example_dags/example_task_group.py took 0.110 seconds
[2021-10-27 07:29:36,716] {processor.py:163} INFO - Started process (PID=227) to work on /home/airflow/.local/lib/python3.6/site-packages/airflow/example_dags/example_task_group.py
[2021-10-27 07:29:36,717] {processor.py:620} INFO - Processing file /home/airflow/.local/lib/python3.6/site-packages/airflow/example_dags/example_task_group.py for tasks to queue
[2021-10-27 07:29:36,718] {logging_mixin.py:109} INFO - [2021-10-27 07:29:36,718] {dagbag.py:500} INFO - Filling up the DagBag from /home/airflow/.local/lib/python3.6/site-packages/airflow/example_dags/example_task_group.py
[2021-10-27 07:29:36,747] {processor.py:632} INFO - DAG(s) dict_keys(['example_task_group']) retrieved from /home/airflow/.local/lib/python3.6/site-packages/airflow/example_dags/example_task_group.py
[2021-10-27 07:29:36,759] {logging_mixin.py:109} INFO - [2021-10-27 07:29:36,759] {dag.py:2389} INFO - Sync 1 DAGs
[2021-10-27 07:29:36,775] {logging_mixin.py:109} INFO - [2021-10-27 07:29:36,775] {dag.py:2914} INFO - Setting next_dagrun for example_task_group to 2021-10-26T07:29:36.774881+00:00
[2021-10-27 07:29:36,787] {processor.py:171} INFO - Processing /home/airflow/.local/lib/python3.6/site-packages/airflow/example_dags/example_task_group.py took 0.073 seconds
[2021-10-27 07:30:07,589] {processor.py:163} INFO - Started process (PID=293) to work on /home/airflow/.local/lib/python3.6/site-packages/airflow/example_dags/example_task_group.py
[2021-10-27 07:30:07,591] {processor.py:620} INFO - Processing file /home/airflow/.local/lib/python3.6/site-packages/airflow/example_dags/example_task_group.py for tasks to queue
[2021-10-27 07:30:07,592] {logging_mixin.py:109} INFO - [2021-10-27 07:30:07,592] {dagbag.py:500} INFO - Filling up the DagBag from /home/airflow/.local/lib/python3.6/site-packages/airflow/example_dags/example_task_group.py
[2021-10-27 07:30:07,623] {processor.py:632} INFO - DAG(s) dict_keys(['example_task_group']) retrieved from /home/airflow/.local/lib/python3.6/site-packages/airflow/example_dags/example_task_group.py
[2021-10-27 07:30:07,636] {logging_mixin.py:109} INFO - [2021-10-27 07:30:07,635] {dag.py:2389} INFO - Sync 1 DAGs
[2021-10-27 07:30:07,654] {logging_mixin.py:109} INFO - [2021-10-27 07:30:07,654] {dag.py:2914} INFO - Setting next_dagrun for example_task_group to 2021-10-26T07:30:07.654484+00:00
[2021-10-27 07:30:07,666] {processor.py:171} INFO - Processing /home/airflow/.local/lib/python3.6/site-packages/airflow/example_dags/example_task_group.py took 0.079 seconds
[2021-10-27 07:30:38,387] {processor.py:163} INFO - Started process (PID=348) to work on /home/airflow/.local/lib/python3.6/site-packages/airflow/example_dags/example_task_group.py
[2021-10-27 07:30:38,389] {processor.py:620} INFO - Processing file /home/airflow/.local/lib/python3.6/site-packages/airflow/example_dags/example_task_group.py for tasks to queue
[2021-10-27 07:30:38,390] {logging_mixin.py:109} INFO - [2021-10-27 07:30:38,390] {dagbag.py:500} INFO - Filling up the DagBag from /home/airflow/.local/lib/python3.6/site-packages/airflow/example_dags/example_task_group.py
[2021-10-27 07:30:38,427] {processor.py:632} INFO - DAG(s) dict_keys(['example_task_group']) retrieved from /home/airflow/.local/lib/python3.6/site-packages/airflow/example_dags/example_task_group.py
[2021-10-27 07:30:38,442] {logging_mixin.py:109} INFO - [2021-10-27 07:30:38,442] {dag.py:2389} INFO - Sync 1 DAGs
[2021-10-27 07:30:38,461] {logging_mixin.py:109} INFO - [2021-10-27 07:30:38,461] {dag.py:2914} INFO - Setting next_dagrun for example_task_group to 2021-10-26T07:30:38.461299+00:00
[2021-10-27 07:30:38,474] {processor.py:171} INFO - Processing /home/airflow/.local/lib/python3.6/site-packages/airflow/example_dags/example_task_group.py took 0.091 seconds
[2021-10-27 07:31:09,635] {processor.py:163} INFO - Started process (PID=412) to work on /home/airflow/.local/lib/python3.6/site-packages/airflow/example_dags/example_task_group.py
[2021-10-27 07:31:09,636] {processor.py:620} INFO - Processing file /home/airflow/.local/lib/python3.6/site-packages/airflow/example_dags/example_task_group.py for tasks to queue
[2021-10-27 07:31:09,637] {logging_mixin.py:109} INFO - [2021-10-27 07:31:09,637] {dagbag.py:500} INFO - Filling up the DagBag from /home/airflow/.local/lib/python3.6/site-packages/airflow/example_dags/example_task_group.py
[2021-10-27 07:31:09,666] {processor.py:632} INFO - DAG(s) dict_keys(['example_task_group']) retrieved from /home/airflow/.local/lib/python3.6/site-packages/airflow/example_dags/example_task_group.py
[2021-10-27 07:31:09,677] {logging_mixin.py:109} INFO - [2021-10-27 07:31:09,677] {dag.py:2389} INFO - Sync 1 DAGs
[2021-10-27 07:31:09,693] {logging_mixin.py:109} INFO - [2021-10-27 07:31:09,693] {dag.py:2914} INFO - Setting next_dagrun for example_task_group to 2021-10-26T07:31:09.693166+00:00
[2021-10-27 07:31:09,704] {processor.py:171} INFO - Processing /home/airflow/.local/lib/python3.6/site-packages/airflow/example_dags/example_task_group.py took 0.073 seconds
[2021-10-27 07:31:40,341] {processor.py:163} INFO - Started process (PID=466) to work on /home/airflow/.local/lib/python3.6/site-packages/airflow/example_dags/example_task_group.py
[2021-10-27 07:31:40,343] {processor.py:620} INFO - Processing file /home/airflow/.local/lib/python3.6/site-packages/airflow/example_dags/example_task_group.py for tasks to queue
[2021-10-27 07:31:40,345] {logging_mixin.py:109} INFO - [2021-10-27 07:31:40,344] {dagbag.py:500} INFO - Filling up the DagBag from /home/airflow/.local/lib/python3.6/site-packages/airflow/example_dags/example_task_group.py
[2021-10-27 07:31:40,380] {processor.py:632} INFO - DAG(s) dict_keys(['example_task_group']) retrieved from /home/airflow/.local/lib/python3.6/site-packages/airflow/example_dags/example_task_group.py
[2021-10-27 07:31:40,394] {logging_mixin.py:109} INFO - [2021-10-27 07:31:40,394] {dag.py:2389} INFO - Sync 1 DAGs
[2021-10-27 07:31:40,419] {logging_mixin.py:109} INFO - [2021-10-27 07:31:40,419] {dag.py:2914} INFO - Setting next_dagrun for example_task_group to 2021-10-26T07:31:40.419483+00:00
[2021-10-27 07:31:40,431] {processor.py:171} INFO - Processing /home/airflow/.local/lib/python3.6/site-packages/airflow/example_dags/example_task_group.py took 0.094 seconds
[2021-10-27 07:32:10,830] {processor.py:163} INFO - Started process (PID=532) to work on /home/airflow/.local/lib/python3.6/site-packages/airflow/example_dags/example_task_group.py
[2021-10-27 07:32:10,831] {processor.py:620} INFO - Processing file /home/airflow/.local/lib/python3.6/site-packages/airflow/example_dags/example_task_group.py for tasks to queue
[2021-10-27 07:32:10,832] {logging_mixin.py:109} INFO - [2021-10-27 07:32:10,832] {dagbag.py:500} INFO - Filling up the DagBag from /home/airflow/.local/lib/python3.6/site-packages/airflow/example_dags/example_task_group.py
[2021-10-27 07:32:10,864] {processor.py:632} INFO - DAG(s) dict_keys(['example_task_group']) retrieved from /home/airflow/.local/lib/python3.6/site-packages/airflow/example_dags/example_task_group.py
[2021-10-27 07:32:10,877] {logging_mixin.py:109} INFO - [2021-10-27 07:32:10,877] {dag.py:2389} INFO - Sync 1 DAGs
[2021-10-27 07:32:10,895] {logging_mixin.py:109} INFO - [2021-10-27 07:32:10,895] {dag.py:2914} INFO - Setting next_dagrun for example_task_group to 2021-10-26T07:32:10.895250+00:00
[2021-10-27 07:32:10,906] {processor.py:171} INFO - Processing /home/airflow/.local/lib/python3.6/site-packages/airflow/example_dags/example_task_group.py took 0.080 seconds
[2021-10-27 07:32:41,328] {processor.py:163} INFO - Started process (PID=587) to work on /home/airflow/.local/lib/python3.6/site-packages/airflow/example_dags/example_task_group.py
[2021-10-27 07:32:41,330] {processor.py:620} INFO - Processing file /home/airflow/.local/lib/python3.6/site-packages/airflow/example_dags/example_task_group.py for tasks to queue
[2021-10-27 07:32:41,332] {logging_mixin.py:109} INFO - [2021-10-27 07:32:41,332] {dagbag.py:500} INFO - Filling up the DagBag from /home/airflow/.local/lib/python3.6/site-packages/airflow/example_dags/example_task_group.py
[2021-10-27 07:32:41,366] {processor.py:632} INFO - DAG(s) dict_keys(['example_task_group']) retrieved from /home/airflow/.local/lib/python3.6/site-packages/airflow/example_dags/example_task_group.py
[2021-10-27 07:32:41,378] {logging_mixin.py:109} INFO - [2021-10-27 07:32:41,378] {dag.py:2389} INFO - Sync 1 DAGs
[2021-10-27 07:32:41,394] {logging_mixin.py:109} INFO - [2021-10-27 07:32:41,394] {dag.py:2914} INFO - Setting next_dagrun for example_task_group to 2021-10-26T07:32:41.394215+00:00
[2021-10-27 07:32:41,404] {processor.py:171} INFO - Processing /home/airflow/.local/lib/python3.6/site-packages/airflow/example_dags/example_task_group.py took 0.081 seconds
[2021-10-27 07:33:11,974] {processor.py:163} INFO - Started process (PID=653) to work on /home/airflow/.local/lib/python3.6/site-packages/airflow/example_dags/example_task_group.py
[2021-10-27 07:33:11,976] {processor.py:620} INFO - Processing file /home/airflow/.local/lib/python3.6/site-packages/airflow/example_dags/example_task_group.py for tasks to queue
[2021-10-27 07:33:11,977] {logging_mixin.py:109} INFO - [2021-10-27 07:33:11,977] {dagbag.py:500} INFO - Filling up the DagBag from /home/airflow/.local/lib/python3.6/site-packages/airflow/example_dags/example_task_group.py
[2021-10-27 07:33:12,009] {processor.py:632} INFO - DAG(s) dict_keys(['example_task_group']) retrieved from /home/airflow/.local/lib/python3.6/site-packages/airflow/example_dags/example_task_group.py
[2021-10-27 07:33:12,021] {logging_mixin.py:109} INFO - [2021-10-27 07:33:12,021] {dag.py:2389} INFO - Sync 1 DAGs
[2021-10-27 07:33:12,038] {logging_mixin.py:109} INFO - [2021-10-27 07:33:12,038] {dag.py:2914} INFO - Setting next_dagrun for example_task_group to 2021-10-26T07:33:12.038482+00:00
[2021-10-27 07:33:12,050] {processor.py:171} INFO - Processing /home/airflow/.local/lib/python3.6/site-packages/airflow/example_dags/example_task_group.py took 0.080 seconds
[2021-10-27 07:33:43,087] {processor.py:163} INFO - Started process (PID=708) to work on /home/airflow/.local/lib/python3.6/site-packages/airflow/example_dags/example_task_group.py
[2021-10-27 07:33:43,089] {processor.py:620} INFO - Processing file /home/airflow/.local/lib/python3.6/site-packages/airflow/example_dags/example_task_group.py for tasks to queue
[2021-10-27 07:33:43,090] {logging_mixin.py:109} INFO - [2021-10-27 07:33:43,089] {dagbag.py:500} INFO - Filling up the DagBag from /home/airflow/.local/lib/python3.6/site-packages/airflow/example_dags/example_task_group.py
[2021-10-27 07:33:43,118] {processor.py:632} INFO - DAG(s) dict_keys(['example_task_group']) retrieved from /home/airflow/.local/lib/python3.6/site-packages/airflow/example_dags/example_task_group.py
[2021-10-27 07:33:43,129] {logging_mixin.py:109} INFO - [2021-10-27 07:33:43,129] {dag.py:2389} INFO - Sync 1 DAGs
[2021-10-27 07:33:43,143] {logging_mixin.py:109} INFO - [2021-10-27 07:33:43,143] {dag.py:2914} INFO - Setting next_dagrun for example_task_group to 2021-10-26T07:33:43.143382+00:00
[2021-10-27 07:33:43,154] {processor.py:171} INFO - Processing /home/airflow/.local/lib/python3.6/site-packages/airflow/example_dags/example_task_group.py took 0.069 seconds
[2021-10-27 07:34:13,423] {processor.py:163} INFO - Started process (PID=773) to work on /home/airflow/.local/lib/python3.6/site-packages/airflow/example_dags/example_task_group.py
[2021-10-27 07:34:13,424] {processor.py:620} INFO - Processing file /home/airflow/.local/lib/python3.6/site-packages/airflow/example_dags/example_task_group.py for tasks to queue
[2021-10-27 07:34:13,425] {logging_mixin.py:109} INFO - [2021-10-27 07:34:13,425] {dagbag.py:500} INFO - Filling up the DagBag from /home/airflow/.local/lib/python3.6/site-packages/airflow/example_dags/example_task_group.py
[2021-10-27 07:34:13,460] {processor.py:632} INFO - DAG(s) dict_keys(['example_task_group']) retrieved from /home/airflow/.local/lib/python3.6/site-packages/airflow/example_dags/example_task_group.py
[2021-10-27 07:34:13,472] {logging_mixin.py:109} INFO - [2021-10-27 07:34:13,472] {dag.py:2389} INFO - Sync 1 DAGs
[2021-10-27 07:34:13,490] {logging_mixin.py:109} INFO - [2021-10-27 07:34:13,490] {dag.py:2914} INFO - Setting next_dagrun for example_task_group to 2021-10-26T07:34:13.489771+00:00
[2021-10-27 07:34:13,501] {processor.py:171} INFO - Processing /home/airflow/.local/lib/python3.6/site-packages/airflow/example_dags/example_task_group.py took 0.082 seconds
[2021-10-27 07:34:44,431] {processor.py:163} INFO - Started process (PID=828) to work on /home/airflow/.local/lib/python3.6/site-packages/airflow/example_dags/example_task_group.py
[2021-10-27 07:34:44,432] {processor.py:620} INFO - Processing file /home/airflow/.local/lib/python3.6/site-packages/airflow/example_dags/example_task_group.py for tasks to queue
[2021-10-27 07:34:44,433] {logging_mixin.py:109} INFO - [2021-10-27 07:34:44,433] {dagbag.py:500} INFO - Filling up the DagBag from /home/airflow/.local/lib/python3.6/site-packages/airflow/example_dags/example_task_group.py
[2021-10-27 07:34:44,459] {processor.py:632} INFO - DAG(s) dict_keys(['example_task_group']) retrieved from /home/airflow/.local/lib/python3.6/site-packages/airflow/example_dags/example_task_group.py
[2021-10-27 07:34:44,471] {logging_mixin.py:109} INFO - [2021-10-27 07:34:44,471] {dag.py:2389} INFO - Sync 1 DAGs
[2021-10-27 07:34:44,487] {logging_mixin.py:109} INFO - [2021-10-27 07:34:44,486] {dag.py:2914} INFO - Setting next_dagrun for example_task_group to 2021-10-26T07:34:44.486712+00:00
[2021-10-27 07:34:44,497] {processor.py:171} INFO - Processing /home/airflow/.local/lib/python3.6/site-packages/airflow/example_dags/example_task_group.py took 0.069 seconds
[2021-10-27 07:35:14,921] {processor.py:163} INFO - Started process (PID=894) to work on /home/airflow/.local/lib/python3.6/site-packages/airflow/example_dags/example_task_group.py
[2021-10-27 07:35:14,922] {processor.py:620} INFO - Processing file /home/airflow/.local/lib/python3.6/site-packages/airflow/example_dags/example_task_group.py for tasks to queue
[2021-10-27 07:35:14,923] {logging_mixin.py:109} INFO - [2021-10-27 07:35:14,923] {dagbag.py:500} INFO - Filling up the DagBag from /home/airflow/.local/lib/python3.6/site-packages/airflow/example_dags/example_task_group.py
[2021-10-27 07:35:14,962] {processor.py:632} INFO - DAG(s) dict_keys(['example_task_group']) retrieved from /home/airflow/.local/lib/python3.6/site-packages/airflow/example_dags/example_task_group.py
[2021-10-27 07:35:14,973] {logging_mixin.py:109} INFO - [2021-10-27 07:35:14,973] {dag.py:2389} INFO - Sync 1 DAGs
[2021-10-27 07:35:14,988] {logging_mixin.py:109} INFO - [2021-10-27 07:35:14,987] {dag.py:2914} INFO - Setting next_dagrun for example_task_group to 2021-10-26T07:35:14.987745+00:00
[2021-10-27 07:35:14,998] {processor.py:171} INFO - Processing /home/airflow/.local/lib/python3.6/site-packages/airflow/example_dags/example_task_group.py took 0.080 seconds
[2021-10-27 07:35:45,228] {processor.py:163} INFO - Started process (PID=949) to work on /home/airflow/.local/lib/python3.6/site-packages/airflow/example_dags/example_task_group.py
[2021-10-27 07:35:45,229] {processor.py:620} INFO - Processing file /home/airflow/.local/lib/python3.6/site-packages/airflow/example_dags/example_task_group.py for tasks to queue
[2021-10-27 07:35:45,230] {logging_mixin.py:109} INFO - [2021-10-27 07:35:45,230] {dagbag.py:500} INFO - Filling up the DagBag from /home/airflow/.local/lib/python3.6/site-packages/airflow/example_dags/example_task_group.py
[2021-10-27 07:35:45,264] {processor.py:632} INFO - DAG(s) dict_keys(['example_task_group']) retrieved from /home/airflow/.local/lib/python3.6/site-packages/airflow/example_dags/example_task_group.py
[2021-10-27 07:35:45,277] {logging_mixin.py:109} INFO - [2021-10-27 07:35:45,277] {dag.py:2389} INFO - Sync 1 DAGs
[2021-10-27 07:35:45,293] {logging_mixin.py:109} INFO - [2021-10-27 07:35:45,293] {dag.py:2914} INFO - Setting next_dagrun for example_task_group to 2021-10-26T07:35:45.292947+00:00
[2021-10-27 07:35:45,304] {processor.py:171} INFO - Processing /home/airflow/.local/lib/python3.6/site-packages/airflow/example_dags/example_task_group.py took 0.080 seconds
[2021-10-27 07:36:16,474] {processor.py:163} INFO - Started process (PID=1015) to work on /home/airflow/.local/lib/python3.6/site-packages/airflow/example_dags/example_task_group.py
[2021-10-27 07:36:16,475] {processor.py:620} INFO - Processing file /home/airflow/.local/lib/python3.6/site-packages/airflow/example_dags/example_task_group.py for tasks to queue
[2021-10-27 07:36:16,476] {logging_mixin.py:109} INFO - [2021-10-27 07:36:16,476] {dagbag.py:500} INFO - Filling up the DagBag from /home/airflow/.local/lib/python3.6/site-packages/airflow/example_dags/example_task_group.py
[2021-10-27 07:36:16,512] {processor.py:632} INFO - DAG(s) dict_keys(['example_task_group']) retrieved from /home/airflow/.local/lib/python3.6/site-packages/airflow/example_dags/example_task_group.py
[2021-10-27 07:36:16,527] {logging_mixin.py:109} INFO - [2021-10-27 07:36:16,526] {dag.py:2389} INFO - Sync 1 DAGs
[2021-10-27 07:36:16,549] {logging_mixin.py:109} INFO - [2021-10-27 07:36:16,548] {dag.py:2914} INFO - Setting next_dagrun for example_task_group to 2021-10-26T07:36:16.548538+00:00
[2021-10-27 07:36:16,569] {processor.py:171} INFO - Processing /home/airflow/.local/lib/python3.6/site-packages/airflow/example_dags/example_task_group.py took 0.098 seconds
[2021-10-27 07:36:46,913] {processor.py:163} INFO - Started process (PID=1071) to work on /home/airflow/.local/lib/python3.6/site-packages/airflow/example_dags/example_task_group.py
[2021-10-27 07:36:46,915] {processor.py:620} INFO - Processing file /home/airflow/.local/lib/python3.6/site-packages/airflow/example_dags/example_task_group.py for tasks to queue
[2021-10-27 07:36:46,916] {logging_mixin.py:109} INFO - [2021-10-27 07:36:46,916] {dagbag.py:500} INFO - Filling up the DagBag from /home/airflow/.local/lib/python3.6/site-packages/airflow/example_dags/example_task_group.py
[2021-10-27 07:36:46,950] {processor.py:632} INFO - DAG(s) dict_keys(['example_task_group']) retrieved from /home/airflow/.local/lib/python3.6/site-packages/airflow/example_dags/example_task_group.py
[2021-10-27 07:36:46,964] {logging_mixin.py:109} INFO - [2021-10-27 07:36:46,964] {dag.py:2389} INFO - Sync 1 DAGs
[2021-10-27 07:36:46,985] {logging_mixin.py:109} INFO - [2021-10-27 07:36:46,985] {dag.py:2914} INFO - Setting next_dagrun for example_task_group to 2021-10-26T07:36:46.985452+00:00
[2021-10-27 07:36:46,996] {processor.py:171} INFO - Processing /home/airflow/.local/lib/python3.6/site-packages/airflow/example_dags/example_task_group.py took 0.088 seconds
[2021-10-27 07:37:18,223] {processor.py:163} INFO - Started process (PID=1137) to work on /home/airflow/.local/lib/python3.6/site-packages/airflow/example_dags/example_task_group.py
[2021-10-27 07:37:18,225] {processor.py:620} INFO - Processing file /home/airflow/.local/lib/python3.6/site-packages/airflow/example_dags/example_task_group.py for tasks to queue
[2021-10-27 07:37:18,226] {logging_mixin.py:109} INFO - [2021-10-27 07:37:18,226] {dagbag.py:500} INFO - Filling up the DagBag from /home/airflow/.local/lib/python3.6/site-packages/airflow/example_dags/example_task_group.py
[2021-10-27 07:37:18,260] {processor.py:632} INFO - DAG(s) dict_keys(['example_task_group']) retrieved from /home/airflow/.local/lib/python3.6/site-packages/airflow/example_dags/example_task_group.py
[2021-10-27 07:37:18,273] {logging_mixin.py:109} INFO - [2021-10-27 07:37:18,273] {dag.py:2389} INFO - Sync 1 DAGs
[2021-10-27 07:37:18,290] {logging_mixin.py:109} INFO - [2021-10-27 07:37:18,290] {dag.py:2914} INFO - Setting next_dagrun for example_task_group to 2021-10-26T07:37:18.290250+00:00
[2021-10-27 07:37:18,303] {processor.py:171} INFO - Processing /home/airflow/.local/lib/python3.6/site-packages/airflow/example_dags/example_task_group.py took 0.083 seconds
[2021-10-27 07:37:48,855] {processor.py:163} INFO - Started process (PID=1193) to work on /home/airflow/.local/lib/python3.6/site-packages/airflow/example_dags/example_task_group.py
[2021-10-27 07:37:48,856] {processor.py:620} INFO - Processing file /home/airflow/.local/lib/python3.6/site-packages/airflow/example_dags/example_task_group.py for tasks to queue
[2021-10-27 07:37:48,857] {logging_mixin.py:109} INFO - [2021-10-27 07:37:48,857] {dagbag.py:500} INFO - Filling up the DagBag from /home/airflow/.local/lib/python3.6/site-packages/airflow/example_dags/example_task_group.py
[2021-10-27 07:37:48,886] {processor.py:632} INFO - DAG(s) dict_keys(['example_task_group']) retrieved from /home/airflow/.local/lib/python3.6/site-packages/airflow/example_dags/example_task_group.py
[2021-10-27 07:37:48,897] {logging_mixin.py:109} INFO - [2021-10-27 07:37:48,897] {dag.py:2389} INFO - Sync 1 DAGs
[2021-10-27 07:37:48,913] {logging_mixin.py:109} INFO - [2021-10-27 07:37:48,913] {dag.py:2914} INFO - Setting next_dagrun for example_task_group to 2021-10-26T07:37:48.912831+00:00
[2021-10-27 07:37:48,925] {processor.py:171} INFO - Processing /home/airflow/.local/lib/python3.6/site-packages/airflow/example_dags/example_task_group.py took 0.073 seconds
[2021-10-27 07:38:19,487] {processor.py:163} INFO - Started process (PID=1248) to work on /home/airflow/.local/lib/python3.6/site-packages/airflow/example_dags/example_task_group.py
[2021-10-27 07:38:19,488] {processor.py:620} INFO - Processing file /home/airflow/.local/lib/python3.6/site-packages/airflow/example_dags/example_task_group.py for tasks to queue
[2021-10-27 07:38:19,489] {logging_mixin.py:109} INFO - [2021-10-27 07:38:19,489] {dagbag.py:500} INFO - Filling up the DagBag from /home/airflow/.local/lib/python3.6/site-packages/airflow/example_dags/example_task_group.py
[2021-10-27 07:38:19,518] {processor.py:632} INFO - DAG(s) dict_keys(['example_task_group']) retrieved from /home/airflow/.local/lib/python3.6/site-packages/airflow/example_dags/example_task_group.py
[2021-10-27 07:38:19,530] {logging_mixin.py:109} INFO - [2021-10-27 07:38:19,530] {dag.py:2389} INFO - Sync 1 DAGs
[2021-10-27 07:38:19,553] {logging_mixin.py:109} INFO - [2021-10-27 07:38:19,553] {dag.py:2914} INFO - Setting next_dagrun for example_task_group to 2021-10-26T07:38:19.552796+00:00
[2021-10-27 07:38:19,562] {processor.py:171} INFO - Processing /home/airflow/.local/lib/python3.6/site-packages/airflow/example_dags/example_task_group.py took 0.078 seconds
[2021-10-27 07:38:50,058] {processor.py:163} INFO - Started process (PID=1315) to work on /home/airflow/.local/lib/python3.6/site-packages/airflow/example_dags/example_task_group.py
[2021-10-27 07:38:50,059] {processor.py:620} INFO - Processing file /home/airflow/.local/lib/python3.6/site-packages/airflow/example_dags/example_task_group.py for tasks to queue
[2021-10-27 07:38:50,060] {logging_mixin.py:109} INFO - [2021-10-27 07:38:50,060] {dagbag.py:500} INFO - Filling up the DagBag from /home/airflow/.local/lib/python3.6/site-packages/airflow/example_dags/example_task_group.py
[2021-10-27 07:38:50,092] {processor.py:632} INFO - DAG(s) dict_keys(['example_task_group']) retrieved from /home/airflow/.local/lib/python3.6/site-packages/airflow/example_dags/example_task_group.py
[2021-10-27 07:38:50,103] {logging_mixin.py:109} INFO - [2021-10-27 07:38:50,103] {dag.py:2389} INFO - Sync 1 DAGs
[2021-10-27 07:38:50,119] {logging_mixin.py:109} INFO - [2021-10-27 07:38:50,119] {dag.py:2914} INFO - Setting next_dagrun for example_task_group to 2021-10-26T07:38:50.118871+00:00
[2021-10-27 07:38:50,131] {processor.py:171} INFO - Processing /home/airflow/.local/lib/python3.6/site-packages/airflow/example_dags/example_task_group.py took 0.076 seconds
[2021-10-27 07:39:20,489] {processor.py:163} INFO - Started process (PID=1370) to work on /home/airflow/.local/lib/python3.6/site-packages/airflow/example_dags/example_task_group.py
[2021-10-27 07:39:20,490] {processor.py:620} INFO - Processing file /home/airflow/.local/lib/python3.6/site-packages/airflow/example_dags/example_task_group.py for tasks to queue
[2021-10-27 07:39:20,491] {logging_mixin.py:109} INFO - [2021-10-27 07:39:20,491] {dagbag.py:500} INFO - Filling up the DagBag from /home/airflow/.local/lib/python3.6/site-packages/airflow/example_dags/example_task_group.py
[2021-10-27 07:39:20,518] {processor.py:632} INFO - DAG(s) dict_keys(['example_task_group']) retrieved from /home/airflow/.local/lib/python3.6/site-packages/airflow/example_dags/example_task_group.py
[2021-10-27 07:39:20,530] {logging_mixin.py:109} INFO - [2021-10-27 07:39:20,530] {dag.py:2389} INFO - Sync 1 DAGs
[2021-10-27 07:39:20,544] {logging_mixin.py:109} INFO - [2021-10-27 07:39:20,543] {dag.py:2914} INFO - Setting next_dagrun for example_task_group to 2021-10-26T07:39:20.543732+00:00
[2021-10-27 07:39:20,559] {processor.py:171} INFO - Processing /home/airflow/.local/lib/python3.6/site-packages/airflow/example_dags/example_task_group.py took 0.073 seconds
[2021-10-27 07:39:50,821] {processor.py:163} INFO - Started process (PID=1435) to work on /home/airflow/.local/lib/python3.6/site-packages/airflow/example_dags/example_task_group.py
[2021-10-27 07:39:50,822] {processor.py:620} INFO - Processing file /home/airflow/.local/lib/python3.6/site-packages/airflow/example_dags/example_task_group.py for tasks to queue
[2021-10-27 07:39:50,823] {logging_mixin.py:109} INFO - [2021-10-27 07:39:50,823] {dagbag.py:500} INFO - Filling up the DagBag from /home/airflow/.local/lib/python3.6/site-packages/airflow/example_dags/example_task_group.py
[2021-10-27 07:39:50,857] {processor.py:632} INFO - DAG(s) dict_keys(['example_task_group']) retrieved from /home/airflow/.local/lib/python3.6/site-packages/airflow/example_dags/example_task_group.py
[2021-10-27 07:39:50,870] {logging_mixin.py:109} INFO - [2021-10-27 07:39:50,870] {dag.py:2389} INFO - Sync 1 DAGs
[2021-10-27 07:39:50,888] {logging_mixin.py:109} INFO - [2021-10-27 07:39:50,888] {dag.py:2914} INFO - Setting next_dagrun for example_task_group to 2021-10-26T07:39:50.888010+00:00
[2021-10-27 07:39:50,900] {processor.py:171} INFO - Processing /home/airflow/.local/lib/python3.6/site-packages/airflow/example_dags/example_task_group.py took 0.082 seconds
[2021-10-27 07:40:21,410] {processor.py:163} INFO - Started process (PID=1493) to work on /home/airflow/.local/lib/python3.6/site-packages/airflow/example_dags/example_task_group.py
[2021-10-27 07:40:21,413] {processor.py:620} INFO - Processing file /home/airflow/.local/lib/python3.6/site-packages/airflow/example_dags/example_task_group.py for tasks to queue
[2021-10-27 07:40:21,415] {logging_mixin.py:109} INFO - [2021-10-27 07:40:21,415] {dagbag.py:500} INFO - Filling up the DagBag from /home/airflow/.local/lib/python3.6/site-packages/airflow/example_dags/example_task_group.py
[2021-10-27 07:40:21,463] {processor.py:632} INFO - DAG(s) dict_keys(['example_task_group']) retrieved from /home/airflow/.local/lib/python3.6/site-packages/airflow/example_dags/example_task_group.py
[2021-10-27 07:40:21,477] {logging_mixin.py:109} INFO - [2021-10-27 07:40:21,477] {dag.py:2389} INFO - Sync 1 DAGs
[2021-10-27 07:40:21,493] {logging_mixin.py:109} INFO - [2021-10-27 07:40:21,493] {dag.py:2914} INFO - Setting next_dagrun for example_task_group to 2021-10-26T07:40:21.492772+00:00
[2021-10-27 07:40:21,505] {processor.py:171} INFO - Processing /home/airflow/.local/lib/python3.6/site-packages/airflow/example_dags/example_task_group.py took 0.105 seconds
[2021-10-27 07:40:51,692] {processor.py:163} INFO - Started process (PID=1555) to work on /home/airflow/.local/lib/python3.6/site-packages/airflow/example_dags/example_task_group.py
[2021-10-27 07:40:51,693] {processor.py:620} INFO - Processing file /home/airflow/.local/lib/python3.6/site-packages/airflow/example_dags/example_task_group.py for tasks to queue
[2021-10-27 07:40:51,694] {logging_mixin.py:109} INFO - [2021-10-27 07:40:51,694] {dagbag.py:500} INFO - Filling up the DagBag from /home/airflow/.local/lib/python3.6/site-packages/airflow/example_dags/example_task_group.py
[2021-10-27 07:40:51,723] {processor.py:632} INFO - DAG(s) dict_keys(['example_task_group']) retrieved from /home/airflow/.local/lib/python3.6/site-packages/airflow/example_dags/example_task_group.py
[2021-10-27 07:40:51,737] {logging_mixin.py:109} INFO - [2021-10-27 07:40:51,737] {dag.py:2389} INFO - Sync 1 DAGs
[2021-10-27 07:40:51,753] {logging_mixin.py:109} INFO - [2021-10-27 07:40:51,752] {dag.py:2914} INFO - Setting next_dagrun for example_task_group to 2021-10-26T07:40:51.752669+00:00
[2021-10-27 07:40:51,769] {processor.py:171} INFO - Processing /home/airflow/.local/lib/python3.6/site-packages/airflow/example_dags/example_task_group.py took 0.080 seconds
[2021-10-27 07:41:22,042] {processor.py:163} INFO - Started process (PID=1609) to work on /home/airflow/.local/lib/python3.6/site-packages/airflow/example_dags/example_task_group.py
[2021-10-27 07:41:22,043] {processor.py:620} INFO - Processing file /home/airflow/.local/lib/python3.6/site-packages/airflow/example_dags/example_task_group.py for tasks to queue
[2021-10-27 07:41:22,044] {logging_mixin.py:109} INFO - [2021-10-27 07:41:22,044] {dagbag.py:500} INFO - Filling up the DagBag from /home/airflow/.local/lib/python3.6/site-packages/airflow/example_dags/example_task_group.py
[2021-10-27 07:41:22,074] {processor.py:632} INFO - DAG(s) dict_keys(['example_task_group']) retrieved from /home/airflow/.local/lib/python3.6/site-packages/airflow/example_dags/example_task_group.py
[2021-10-27 07:41:22,087] {logging_mixin.py:109} INFO - [2021-10-27 07:41:22,087] {dag.py:2389} INFO - Sync 1 DAGs
[2021-10-27 07:41:22,106] {logging_mixin.py:109} INFO - [2021-10-27 07:41:22,106] {dag.py:2914} INFO - Setting next_dagrun for example_task_group to 2021-10-26T07:41:22.105807+00:00
[2021-10-27 07:41:22,117] {processor.py:171} INFO - Processing /home/airflow/.local/lib/python3.6/site-packages/airflow/example_dags/example_task_group.py took 0.078 seconds
[2021-10-27 07:41:52,632] {processor.py:163} INFO - Started process (PID=1674) to work on /home/airflow/.local/lib/python3.6/site-packages/airflow/example_dags/example_task_group.py
[2021-10-27 07:41:52,634] {processor.py:620} INFO - Processing file /home/airflow/.local/lib/python3.6/site-packages/airflow/example_dags/example_task_group.py for tasks to queue
[2021-10-27 07:41:52,635] {logging_mixin.py:109} INFO - [2021-10-27 07:41:52,635] {dagbag.py:500} INFO - Filling up the DagBag from /home/airflow/.local/lib/python3.6/site-packages/airflow/example_dags/example_task_group.py
[2021-10-27 07:41:52,667] {processor.py:632} INFO - DAG(s) dict_keys(['example_task_group']) retrieved from /home/airflow/.local/lib/python3.6/site-packages/airflow/example_dags/example_task_group.py
[2021-10-27 07:41:52,679] {logging_mixin.py:109} INFO - [2021-10-27 07:41:52,679] {dag.py:2389} INFO - Sync 1 DAGs
[2021-10-27 07:41:52,696] {logging_mixin.py:109} INFO - [2021-10-27 07:41:52,696] {dag.py:2914} INFO - Setting next_dagrun for example_task_group to 2021-10-26T07:41:52.696275+00:00
[2021-10-27 07:41:52,708] {processor.py:171} INFO - Processing /home/airflow/.local/lib/python3.6/site-packages/airflow/example_dags/example_task_group.py took 0.079 seconds
[2021-10-27 07:42:23,856] {processor.py:163} INFO - Started process (PID=1729) to work on /home/airflow/.local/lib/python3.6/site-packages/airflow/example_dags/example_task_group.py
[2021-10-27 07:42:23,858] {processor.py:620} INFO - Processing file /home/airflow/.local/lib/python3.6/site-packages/airflow/example_dags/example_task_group.py for tasks to queue
[2021-10-27 07:42:23,859] {logging_mixin.py:109} INFO - [2021-10-27 07:42:23,859] {dagbag.py:500} INFO - Filling up the DagBag from /home/airflow/.local/lib/python3.6/site-packages/airflow/example_dags/example_task_group.py
[2021-10-27 07:42:23,890] {processor.py:632} INFO - DAG(s) dict_keys(['example_task_group']) retrieved from /home/airflow/.local/lib/python3.6/site-packages/airflow/example_dags/example_task_group.py
[2021-10-27 07:42:23,901] {logging_mixin.py:109} INFO - [2021-10-27 07:42:23,901] {dag.py:2389} INFO - Sync 1 DAGs
[2021-10-27 07:42:23,915] {logging_mixin.py:109} INFO - [2021-10-27 07:42:23,915] {dag.py:2914} INFO - Setting next_dagrun for example_task_group to 2021-10-26T07:42:23.915186+00:00
[2021-10-27 07:42:23,926] {processor.py:171} INFO - Processing /home/airflow/.local/lib/python3.6/site-packages/airflow/example_dags/example_task_group.py took 0.074 seconds
[2021-10-27 07:42:54,253] {processor.py:163} INFO - Started process (PID=1795) to work on /home/airflow/.local/lib/python3.6/site-packages/airflow/example_dags/example_task_group.py
[2021-10-27 07:42:54,254] {processor.py:620} INFO - Processing file /home/airflow/.local/lib/python3.6/site-packages/airflow/example_dags/example_task_group.py for tasks to queue
[2021-10-27 07:42:54,255] {logging_mixin.py:109} INFO - [2021-10-27 07:42:54,255] {dagbag.py:500} INFO - Filling up the DagBag from /home/airflow/.local/lib/python3.6/site-packages/airflow/example_dags/example_task_group.py
[2021-10-27 07:42:54,294] {processor.py:632} INFO - DAG(s) dict_keys(['example_task_group']) retrieved from /home/airflow/.local/lib/python3.6/site-packages/airflow/example_dags/example_task_group.py
[2021-10-27 07:42:54,306] {logging_mixin.py:109} INFO - [2021-10-27 07:42:54,306] {dag.py:2389} INFO - Sync 1 DAGs
[2021-10-27 07:42:54,320] {logging_mixin.py:109} INFO - [2021-10-27 07:42:54,320] {dag.py:2914} INFO - Setting next_dagrun for example_task_group to 2021-10-26T07:42:54.319904+00:00
[2021-10-27 07:42:54,330] {processor.py:171} INFO - Processing /home/airflow/.local/lib/python3.6/site-packages/airflow/example_dags/example_task_group.py took 0.082 seconds
[2021-10-27 07:43:25,108] {processor.py:163} INFO - Started process (PID=1851) to work on /home/airflow/.local/lib/python3.6/site-packages/airflow/example_dags/example_task_group.py
[2021-10-27 07:43:25,109] {processor.py:620} INFO - Processing file /home/airflow/.local/lib/python3.6/site-packages/airflow/example_dags/example_task_group.py for tasks to queue
[2021-10-27 07:43:25,110] {logging_mixin.py:109} INFO - [2021-10-27 07:43:25,110] {dagbag.py:500} INFO - Filling up the DagBag from /home/airflow/.local/lib/python3.6/site-packages/airflow/example_dags/example_task_group.py
[2021-10-27 07:43:25,141] {processor.py:632} INFO - DAG(s) dict_keys(['example_task_group']) retrieved from /home/airflow/.local/lib/python3.6/site-packages/airflow/example_dags/example_task_group.py
[2021-10-27 07:43:25,154] {logging_mixin.py:109} INFO - [2021-10-27 07:43:25,153] {dag.py:2389} INFO - Sync 1 DAGs
[2021-10-27 07:43:25,171] {logging_mixin.py:109} INFO - [2021-10-27 07:43:25,170] {dag.py:2914} INFO - Setting next_dagrun for example_task_group to 2021-10-26T07:43:25.170631+00:00
[2021-10-27 07:43:25,183] {processor.py:171} INFO - Processing /home/airflow/.local/lib/python3.6/site-packages/airflow/example_dags/example_task_group.py took 0.080 seconds
[2021-10-27 07:43:55,681] {processor.py:163} INFO - Started process (PID=1918) to work on /home/airflow/.local/lib/python3.6/site-packages/airflow/example_dags/example_task_group.py
[2021-10-27 07:43:55,682] {processor.py:620} INFO - Processing file /home/airflow/.local/lib/python3.6/site-packages/airflow/example_dags/example_task_group.py for tasks to queue
[2021-10-27 07:43:55,683] {logging_mixin.py:109} INFO - [2021-10-27 07:43:55,683] {dagbag.py:500} INFO - Filling up the DagBag from /home/airflow/.local/lib/python3.6/site-packages/airflow/example_dags/example_task_group.py
[2021-10-27 07:43:55,720] {processor.py:632} INFO - DAG(s) dict_keys(['example_task_group']) retrieved from /home/airflow/.local/lib/python3.6/site-packages/airflow/example_dags/example_task_group.py
[2021-10-27 07:43:55,736] {logging_mixin.py:109} INFO - [2021-10-27 07:43:55,735] {dag.py:2389} INFO - Sync 1 DAGs
[2021-10-27 07:43:55,766] {logging_mixin.py:109} INFO - [2021-10-27 07:43:55,766] {dag.py:2914} INFO - Setting next_dagrun for example_task_group to 2021-10-26T07:43:55.765823+00:00
[2021-10-27 07:43:55,788] {processor.py:171} INFO - Processing /home/airflow/.local/lib/python3.6/site-packages/airflow/example_dags/example_task_group.py took 0.110 seconds
[2021-10-27 07:44:26,598] {processor.py:163} INFO - Started process (PID=1974) to work on /home/airflow/.local/lib/python3.6/site-packages/airflow/example_dags/example_task_group.py
[2021-10-27 07:44:26,599] {processor.py:620} INFO - Processing file /home/airflow/.local/lib/python3.6/site-packages/airflow/example_dags/example_task_group.py for tasks to queue
[2021-10-27 07:44:26,600] {logging_mixin.py:109} INFO - [2021-10-27 07:44:26,600] {dagbag.py:500} INFO - Filling up the DagBag from /home/airflow/.local/lib/python3.6/site-packages/airflow/example_dags/example_task_group.py
[2021-10-27 07:44:26,629] {processor.py:632} INFO - DAG(s) dict_keys(['example_task_group']) retrieved from /home/airflow/.local/lib/python3.6/site-packages/airflow/example_dags/example_task_group.py
[2021-10-27 07:44:26,641] {logging_mixin.py:109} INFO - [2021-10-27 07:44:26,641] {dag.py:2389} INFO - Sync 1 DAGs
[2021-10-27 07:44:26,656] {logging_mixin.py:109} INFO - [2021-10-27 07:44:26,656] {dag.py:2914} INFO - Setting next_dagrun for example_task_group to 2021-10-26T07:44:26.656615+00:00
[2021-10-27 07:44:26,666] {processor.py:171} INFO - Processing /home/airflow/.local/lib/python3.6/site-packages/airflow/example_dags/example_task_group.py took 0.072 seconds
