[2021-10-27 07:17:42,996] {processor.py:163} INFO - Started process (PID=57) to work on /home/airflow/.local/lib/python3.6/site-packages/airflow/example_dags/example_skip_dag.py
[2021-10-27 07:17:42,998] {processor.py:620} INFO - Processing file /home/airflow/.local/lib/python3.6/site-packages/airflow/example_dags/example_skip_dag.py for tasks to queue
[2021-10-27 07:17:42,999] {logging_mixin.py:109} INFO - [2021-10-27 07:17:42,999] {dagbag.py:500} INFO - Filling up the DagBag from /home/airflow/.local/lib/python3.6/site-packages/airflow/example_dags/example_skip_dag.py
[2021-10-27 07:17:43,113] {processor.py:632} INFO - DAG(s) dict_keys(['example_skip_dag']) retrieved from /home/airflow/.local/lib/python3.6/site-packages/airflow/example_dags/example_skip_dag.py
[2021-10-27 07:17:43,125] {logging_mixin.py:109} INFO - [2021-10-27 07:17:43,125] {dag.py:2389} INFO - Sync 1 DAGs
[2021-10-27 07:17:43,141] {logging_mixin.py:109} INFO - [2021-10-27 07:17:43,141] {dag.py:2914} INFO - Setting next_dagrun for example_skip_dag to 2021-10-26T07:17:43.141570+00:00
[2021-10-27 07:17:43,152] {processor.py:171} INFO - Processing /home/airflow/.local/lib/python3.6/site-packages/airflow/example_dags/example_skip_dag.py took 0.160 seconds
[2021-10-27 07:18:13,241] {processor.py:163} INFO - Started process (PID=113) to work on /home/airflow/.local/lib/python3.6/site-packages/airflow/example_dags/example_skip_dag.py
[2021-10-27 07:18:13,242] {processor.py:620} INFO - Processing file /home/airflow/.local/lib/python3.6/site-packages/airflow/example_dags/example_skip_dag.py for tasks to queue
[2021-10-27 07:18:13,243] {logging_mixin.py:109} INFO - [2021-10-27 07:18:13,243] {dagbag.py:500} INFO - Filling up the DagBag from /home/airflow/.local/lib/python3.6/site-packages/airflow/example_dags/example_skip_dag.py
[2021-10-27 07:18:13,271] {processor.py:632} INFO - DAG(s) dict_keys(['example_skip_dag']) retrieved from /home/airflow/.local/lib/python3.6/site-packages/airflow/example_dags/example_skip_dag.py
[2021-10-27 07:18:13,282] {logging_mixin.py:109} INFO - [2021-10-27 07:18:13,282] {dag.py:2389} INFO - Sync 1 DAGs
[2021-10-27 07:18:13,297] {logging_mixin.py:109} INFO - [2021-10-27 07:18:13,297] {dag.py:2914} INFO - Setting next_dagrun for example_skip_dag to 2021-10-26T07:18:13.297610+00:00
[2021-10-27 07:18:13,309] {processor.py:171} INFO - Processing /home/airflow/.local/lib/python3.6/site-packages/airflow/example_dags/example_skip_dag.py took 0.071 seconds
[2021-10-27 07:18:43,502] {processor.py:163} INFO - Started process (PID=168) to work on /home/airflow/.local/lib/python3.6/site-packages/airflow/example_dags/example_skip_dag.py
[2021-10-27 07:18:43,503] {processor.py:620} INFO - Processing file /home/airflow/.local/lib/python3.6/site-packages/airflow/example_dags/example_skip_dag.py for tasks to queue
[2021-10-27 07:18:43,504] {logging_mixin.py:109} INFO - [2021-10-27 07:18:43,504] {dagbag.py:500} INFO - Filling up the DagBag from /home/airflow/.local/lib/python3.6/site-packages/airflow/example_dags/example_skip_dag.py
[2021-10-27 07:18:43,531] {processor.py:632} INFO - DAG(s) dict_keys(['example_skip_dag']) retrieved from /home/airflow/.local/lib/python3.6/site-packages/airflow/example_dags/example_skip_dag.py
[2021-10-27 07:18:43,543] {logging_mixin.py:109} INFO - [2021-10-27 07:18:43,542] {dag.py:2389} INFO - Sync 1 DAGs
[2021-10-27 07:18:43,558] {logging_mixin.py:109} INFO - [2021-10-27 07:18:43,558] {dag.py:2914} INFO - Setting next_dagrun for example_skip_dag to 2021-10-26T07:18:43.558437+00:00
[2021-10-27 07:18:43,575] {processor.py:171} INFO - Processing /home/airflow/.local/lib/python3.6/site-packages/airflow/example_dags/example_skip_dag.py took 0.077 seconds
[2021-10-27 07:19:14,459] {processor.py:163} INFO - Started process (PID=232) to work on /home/airflow/.local/lib/python3.6/site-packages/airflow/example_dags/example_skip_dag.py
[2021-10-27 07:19:14,461] {processor.py:620} INFO - Processing file /home/airflow/.local/lib/python3.6/site-packages/airflow/example_dags/example_skip_dag.py for tasks to queue
[2021-10-27 07:19:14,463] {logging_mixin.py:109} INFO - [2021-10-27 07:19:14,463] {dagbag.py:500} INFO - Filling up the DagBag from /home/airflow/.local/lib/python3.6/site-packages/airflow/example_dags/example_skip_dag.py
[2021-10-27 07:19:14,515] {processor.py:632} INFO - DAG(s) dict_keys(['example_skip_dag']) retrieved from /home/airflow/.local/lib/python3.6/site-packages/airflow/example_dags/example_skip_dag.py
[2021-10-27 07:19:14,538] {logging_mixin.py:109} INFO - [2021-10-27 07:19:14,538] {dag.py:2389} INFO - Sync 1 DAGs
[2021-10-27 07:19:14,568] {logging_mixin.py:109} INFO - [2021-10-27 07:19:14,568] {dag.py:2914} INFO - Setting next_dagrun for example_skip_dag to 2021-10-26T07:19:14.567954+00:00
[2021-10-27 07:19:14,586] {processor.py:171} INFO - Processing /home/airflow/.local/lib/python3.6/site-packages/airflow/example_dags/example_skip_dag.py took 0.133 seconds
[2021-10-27 07:19:44,925] {processor.py:163} INFO - Started process (PID=288) to work on /home/airflow/.local/lib/python3.6/site-packages/airflow/example_dags/example_skip_dag.py
[2021-10-27 07:19:44,927] {processor.py:620} INFO - Processing file /home/airflow/.local/lib/python3.6/site-packages/airflow/example_dags/example_skip_dag.py for tasks to queue
[2021-10-27 07:19:44,928] {logging_mixin.py:109} INFO - [2021-10-27 07:19:44,927] {dagbag.py:500} INFO - Filling up the DagBag from /home/airflow/.local/lib/python3.6/site-packages/airflow/example_dags/example_skip_dag.py
[2021-10-27 07:19:44,955] {processor.py:632} INFO - DAG(s) dict_keys(['example_skip_dag']) retrieved from /home/airflow/.local/lib/python3.6/site-packages/airflow/example_dags/example_skip_dag.py
[2021-10-27 07:19:44,966] {logging_mixin.py:109} INFO - [2021-10-27 07:19:44,966] {dag.py:2389} INFO - Sync 1 DAGs
[2021-10-27 07:19:44,981] {logging_mixin.py:109} INFO - [2021-10-27 07:19:44,981] {dag.py:2914} INFO - Setting next_dagrun for example_skip_dag to 2021-10-26T07:19:44.981590+00:00
[2021-10-27 07:19:44,995] {processor.py:171} INFO - Processing /home/airflow/.local/lib/python3.6/site-packages/airflow/example_dags/example_skip_dag.py took 0.072 seconds
[2021-10-27 07:20:15,315] {processor.py:163} INFO - Started process (PID=344) to work on /home/airflow/.local/lib/python3.6/site-packages/airflow/example_dags/example_skip_dag.py
[2021-10-27 07:20:15,317] {processor.py:620} INFO - Processing file /home/airflow/.local/lib/python3.6/site-packages/airflow/example_dags/example_skip_dag.py for tasks to queue
[2021-10-27 07:20:15,318] {logging_mixin.py:109} INFO - [2021-10-27 07:20:15,318] {dagbag.py:500} INFO - Filling up the DagBag from /home/airflow/.local/lib/python3.6/site-packages/airflow/example_dags/example_skip_dag.py
[2021-10-27 07:20:15,348] {processor.py:632} INFO - DAG(s) dict_keys(['example_skip_dag']) retrieved from /home/airflow/.local/lib/python3.6/site-packages/airflow/example_dags/example_skip_dag.py
[2021-10-27 07:20:15,362] {logging_mixin.py:109} INFO - [2021-10-27 07:20:15,362] {dag.py:2389} INFO - Sync 1 DAGs
[2021-10-27 07:20:15,379] {logging_mixin.py:109} INFO - [2021-10-27 07:20:15,379] {dag.py:2914} INFO - Setting next_dagrun for example_skip_dag to 2021-10-26T07:20:15.379580+00:00
[2021-10-27 07:20:15,394] {processor.py:171} INFO - Processing /home/airflow/.local/lib/python3.6/site-packages/airflow/example_dags/example_skip_dag.py took 0.082 seconds
[2021-10-27 07:20:45,585] {processor.py:163} INFO - Started process (PID=409) to work on /home/airflow/.local/lib/python3.6/site-packages/airflow/example_dags/example_skip_dag.py
[2021-10-27 07:20:45,586] {processor.py:620} INFO - Processing file /home/airflow/.local/lib/python3.6/site-packages/airflow/example_dags/example_skip_dag.py for tasks to queue
[2021-10-27 07:20:45,587] {logging_mixin.py:109} INFO - [2021-10-27 07:20:45,587] {dagbag.py:500} INFO - Filling up the DagBag from /home/airflow/.local/lib/python3.6/site-packages/airflow/example_dags/example_skip_dag.py
[2021-10-27 07:20:45,614] {processor.py:632} INFO - DAG(s) dict_keys(['example_skip_dag']) retrieved from /home/airflow/.local/lib/python3.6/site-packages/airflow/example_dags/example_skip_dag.py
[2021-10-27 07:20:45,625] {logging_mixin.py:109} INFO - [2021-10-27 07:20:45,625] {dag.py:2389} INFO - Sync 1 DAGs
[2021-10-27 07:20:45,640] {logging_mixin.py:109} INFO - [2021-10-27 07:20:45,640] {dag.py:2914} INFO - Setting next_dagrun for example_skip_dag to 2021-10-26T07:20:45.640263+00:00
[2021-10-27 07:20:45,651] {processor.py:171} INFO - Processing /home/airflow/.local/lib/python3.6/site-packages/airflow/example_dags/example_skip_dag.py took 0.069 seconds
[2021-10-27 07:21:16,137] {processor.py:163} INFO - Started process (PID=465) to work on /home/airflow/.local/lib/python3.6/site-packages/airflow/example_dags/example_skip_dag.py
[2021-10-27 07:21:16,138] {processor.py:620} INFO - Processing file /home/airflow/.local/lib/python3.6/site-packages/airflow/example_dags/example_skip_dag.py for tasks to queue
[2021-10-27 07:21:16,139] {logging_mixin.py:109} INFO - [2021-10-27 07:21:16,139] {dagbag.py:500} INFO - Filling up the DagBag from /home/airflow/.local/lib/python3.6/site-packages/airflow/example_dags/example_skip_dag.py
[2021-10-27 07:21:16,168] {processor.py:632} INFO - DAG(s) dict_keys(['example_skip_dag']) retrieved from /home/airflow/.local/lib/python3.6/site-packages/airflow/example_dags/example_skip_dag.py
[2021-10-27 07:21:16,180] {logging_mixin.py:109} INFO - [2021-10-27 07:21:16,180] {dag.py:2389} INFO - Sync 1 DAGs
[2021-10-27 07:21:16,199] {logging_mixin.py:109} INFO - [2021-10-27 07:21:16,198] {dag.py:2914} INFO - Setting next_dagrun for example_skip_dag to 2021-10-26T07:21:16.198564+00:00
[2021-10-27 07:21:16,210] {processor.py:171} INFO - Processing /home/airflow/.local/lib/python3.6/site-packages/airflow/example_dags/example_skip_dag.py took 0.077 seconds
[2021-10-27 07:21:46,425] {processor.py:163} INFO - Started process (PID=529) to work on /home/airflow/.local/lib/python3.6/site-packages/airflow/example_dags/example_skip_dag.py
[2021-10-27 07:21:46,427] {processor.py:620} INFO - Processing file /home/airflow/.local/lib/python3.6/site-packages/airflow/example_dags/example_skip_dag.py for tasks to queue
[2021-10-27 07:21:46,428] {logging_mixin.py:109} INFO - [2021-10-27 07:21:46,427] {dagbag.py:500} INFO - Filling up the DagBag from /home/airflow/.local/lib/python3.6/site-packages/airflow/example_dags/example_skip_dag.py
[2021-10-27 07:21:46,453] {processor.py:632} INFO - DAG(s) dict_keys(['example_skip_dag']) retrieved from /home/airflow/.local/lib/python3.6/site-packages/airflow/example_dags/example_skip_dag.py
[2021-10-27 07:21:46,464] {logging_mixin.py:109} INFO - [2021-10-27 07:21:46,464] {dag.py:2389} INFO - Sync 1 DAGs
[2021-10-27 07:21:46,483] {logging_mixin.py:109} INFO - [2021-10-27 07:21:46,483] {dag.py:2914} INFO - Setting next_dagrun for example_skip_dag to 2021-10-26T07:21:46.482764+00:00
[2021-10-27 07:21:46,496] {processor.py:171} INFO - Processing /home/airflow/.local/lib/python3.6/site-packages/airflow/example_dags/example_skip_dag.py took 0.074 seconds
[2021-10-27 07:22:16,933] {processor.py:163} INFO - Started process (PID=584) to work on /home/airflow/.local/lib/python3.6/site-packages/airflow/example_dags/example_skip_dag.py
[2021-10-27 07:22:16,935] {processor.py:620} INFO - Processing file /home/airflow/.local/lib/python3.6/site-packages/airflow/example_dags/example_skip_dag.py for tasks to queue
[2021-10-27 07:22:16,936] {logging_mixin.py:109} INFO - [2021-10-27 07:22:16,936] {dagbag.py:500} INFO - Filling up the DagBag from /home/airflow/.local/lib/python3.6/site-packages/airflow/example_dags/example_skip_dag.py
[2021-10-27 07:22:16,968] {processor.py:632} INFO - DAG(s) dict_keys(['example_skip_dag']) retrieved from /home/airflow/.local/lib/python3.6/site-packages/airflow/example_dags/example_skip_dag.py
[2021-10-27 07:22:16,982] {logging_mixin.py:109} INFO - [2021-10-27 07:22:16,982] {dag.py:2389} INFO - Sync 1 DAGs
[2021-10-27 07:22:17,003] {logging_mixin.py:109} INFO - [2021-10-27 07:22:17,003] {dag.py:2914} INFO - Setting next_dagrun for example_skip_dag to 2021-10-26T07:22:17.002729+00:00
[2021-10-27 07:22:17,015] {processor.py:171} INFO - Processing /home/airflow/.local/lib/python3.6/site-packages/airflow/example_dags/example_skip_dag.py took 0.087 seconds
[2021-10-27 07:22:47,157] {processor.py:163} INFO - Started process (PID=649) to work on /home/airflow/.local/lib/python3.6/site-packages/airflow/example_dags/example_skip_dag.py
[2021-10-27 07:22:47,158] {processor.py:620} INFO - Processing file /home/airflow/.local/lib/python3.6/site-packages/airflow/example_dags/example_skip_dag.py for tasks to queue
[2021-10-27 07:22:47,159] {logging_mixin.py:109} INFO - [2021-10-27 07:22:47,159] {dagbag.py:500} INFO - Filling up the DagBag from /home/airflow/.local/lib/python3.6/site-packages/airflow/example_dags/example_skip_dag.py
[2021-10-27 07:22:47,206] {processor.py:632} INFO - DAG(s) dict_keys(['example_skip_dag']) retrieved from /home/airflow/.local/lib/python3.6/site-packages/airflow/example_dags/example_skip_dag.py
[2021-10-27 07:22:47,224] {logging_mixin.py:109} INFO - [2021-10-27 07:22:47,224] {dag.py:2389} INFO - Sync 1 DAGs
[2021-10-27 07:22:47,248] {logging_mixin.py:109} INFO - [2021-10-27 07:22:47,248] {dag.py:2914} INFO - Setting next_dagrun for example_skip_dag to 2021-10-26T07:22:47.247968+00:00
[2021-10-27 07:22:47,262] {processor.py:171} INFO - Processing /home/airflow/.local/lib/python3.6/site-packages/airflow/example_dags/example_skip_dag.py took 0.110 seconds
[2021-10-27 07:23:17,444] {processor.py:163} INFO - Started process (PID=704) to work on /home/airflow/.local/lib/python3.6/site-packages/airflow/example_dags/example_skip_dag.py
[2021-10-27 07:23:17,445] {processor.py:620} INFO - Processing file /home/airflow/.local/lib/python3.6/site-packages/airflow/example_dags/example_skip_dag.py for tasks to queue
[2021-10-27 07:23:17,446] {logging_mixin.py:109} INFO - [2021-10-27 07:23:17,445] {dagbag.py:500} INFO - Filling up the DagBag from /home/airflow/.local/lib/python3.6/site-packages/airflow/example_dags/example_skip_dag.py
[2021-10-27 07:23:17,472] {processor.py:632} INFO - DAG(s) dict_keys(['example_skip_dag']) retrieved from /home/airflow/.local/lib/python3.6/site-packages/airflow/example_dags/example_skip_dag.py
[2021-10-27 07:23:17,483] {logging_mixin.py:109} INFO - [2021-10-27 07:23:17,483] {dag.py:2389} INFO - Sync 1 DAGs
[2021-10-27 07:23:17,500] {logging_mixin.py:109} INFO - [2021-10-27 07:23:17,500] {dag.py:2914} INFO - Setting next_dagrun for example_skip_dag to 2021-10-26T07:23:17.500193+00:00
[2021-10-27 07:23:17,514] {processor.py:171} INFO - Processing /home/airflow/.local/lib/python3.6/site-packages/airflow/example_dags/example_skip_dag.py took 0.073 seconds
[2021-10-27 07:23:48,173] {processor.py:163} INFO - Started process (PID=769) to work on /home/airflow/.local/lib/python3.6/site-packages/airflow/example_dags/example_skip_dag.py
[2021-10-27 07:23:48,174] {processor.py:620} INFO - Processing file /home/airflow/.local/lib/python3.6/site-packages/airflow/example_dags/example_skip_dag.py for tasks to queue
[2021-10-27 07:23:48,175] {logging_mixin.py:109} INFO - [2021-10-27 07:23:48,175] {dagbag.py:500} INFO - Filling up the DagBag from /home/airflow/.local/lib/python3.6/site-packages/airflow/example_dags/example_skip_dag.py
[2021-10-27 07:23:48,200] {processor.py:632} INFO - DAG(s) dict_keys(['example_skip_dag']) retrieved from /home/airflow/.local/lib/python3.6/site-packages/airflow/example_dags/example_skip_dag.py
[2021-10-27 07:23:48,212] {logging_mixin.py:109} INFO - [2021-10-27 07:23:48,211] {dag.py:2389} INFO - Sync 1 DAGs
[2021-10-27 07:23:48,228] {logging_mixin.py:109} INFO - [2021-10-27 07:23:48,228] {dag.py:2914} INFO - Setting next_dagrun for example_skip_dag to 2021-10-26T07:23:48.227740+00:00
[2021-10-27 07:23:48,238] {processor.py:171} INFO - Processing /home/airflow/.local/lib/python3.6/site-packages/airflow/example_dags/example_skip_dag.py took 0.068 seconds
[2021-10-27 07:24:19,032] {processor.py:163} INFO - Started process (PID=825) to work on /home/airflow/.local/lib/python3.6/site-packages/airflow/example_dags/example_skip_dag.py
[2021-10-27 07:24:19,033] {processor.py:620} INFO - Processing file /home/airflow/.local/lib/python3.6/site-packages/airflow/example_dags/example_skip_dag.py for tasks to queue
[2021-10-27 07:24:19,034] {logging_mixin.py:109} INFO - [2021-10-27 07:24:19,034] {dagbag.py:500} INFO - Filling up the DagBag from /home/airflow/.local/lib/python3.6/site-packages/airflow/example_dags/example_skip_dag.py
[2021-10-27 07:24:19,061] {processor.py:632} INFO - DAG(s) dict_keys(['example_skip_dag']) retrieved from /home/airflow/.local/lib/python3.6/site-packages/airflow/example_dags/example_skip_dag.py
[2021-10-27 07:24:19,075] {logging_mixin.py:109} INFO - [2021-10-27 07:24:19,074] {dag.py:2389} INFO - Sync 1 DAGs
[2021-10-27 07:24:19,089] {logging_mixin.py:109} INFO - [2021-10-27 07:24:19,089] {dag.py:2914} INFO - Setting next_dagrun for example_skip_dag to 2021-10-26T07:24:19.089236+00:00
[2021-10-27 07:24:19,097] {processor.py:171} INFO - Processing /home/airflow/.local/lib/python3.6/site-packages/airflow/example_dags/example_skip_dag.py took 0.070 seconds
[2021-10-27 07:24:49,829] {processor.py:163} INFO - Started process (PID=890) to work on /home/airflow/.local/lib/python3.6/site-packages/airflow/example_dags/example_skip_dag.py
[2021-10-27 07:24:49,831] {processor.py:620} INFO - Processing file /home/airflow/.local/lib/python3.6/site-packages/airflow/example_dags/example_skip_dag.py for tasks to queue
[2021-10-27 07:24:49,832] {logging_mixin.py:109} INFO - [2021-10-27 07:24:49,832] {dagbag.py:500} INFO - Filling up the DagBag from /home/airflow/.local/lib/python3.6/site-packages/airflow/example_dags/example_skip_dag.py
[2021-10-27 07:24:49,862] {processor.py:632} INFO - DAG(s) dict_keys(['example_skip_dag']) retrieved from /home/airflow/.local/lib/python3.6/site-packages/airflow/example_dags/example_skip_dag.py
[2021-10-27 07:24:49,874] {logging_mixin.py:109} INFO - [2021-10-27 07:24:49,874] {dag.py:2389} INFO - Sync 1 DAGs
[2021-10-27 07:24:49,894] {logging_mixin.py:109} INFO - [2021-10-27 07:24:49,894] {dag.py:2914} INFO - Setting next_dagrun for example_skip_dag to 2021-10-26T07:24:49.893929+00:00
[2021-10-27 07:24:49,905] {processor.py:171} INFO - Processing /home/airflow/.local/lib/python3.6/site-packages/airflow/example_dags/example_skip_dag.py took 0.080 seconds
[2021-10-27 07:25:20,371] {processor.py:163} INFO - Started process (PID=945) to work on /home/airflow/.local/lib/python3.6/site-packages/airflow/example_dags/example_skip_dag.py
[2021-10-27 07:25:20,372] {processor.py:620} INFO - Processing file /home/airflow/.local/lib/python3.6/site-packages/airflow/example_dags/example_skip_dag.py for tasks to queue
[2021-10-27 07:25:20,373] {logging_mixin.py:109} INFO - [2021-10-27 07:25:20,373] {dagbag.py:500} INFO - Filling up the DagBag from /home/airflow/.local/lib/python3.6/site-packages/airflow/example_dags/example_skip_dag.py
[2021-10-27 07:25:20,400] {processor.py:632} INFO - DAG(s) dict_keys(['example_skip_dag']) retrieved from /home/airflow/.local/lib/python3.6/site-packages/airflow/example_dags/example_skip_dag.py
[2021-10-27 07:25:20,412] {logging_mixin.py:109} INFO - [2021-10-27 07:25:20,412] {dag.py:2389} INFO - Sync 1 DAGs
[2021-10-27 07:25:20,428] {logging_mixin.py:109} INFO - [2021-10-27 07:25:20,428] {dag.py:2914} INFO - Setting next_dagrun for example_skip_dag to 2021-10-26T07:25:20.427895+00:00
[2021-10-27 07:25:20,438] {processor.py:171} INFO - Processing /home/airflow/.local/lib/python3.6/site-packages/airflow/example_dags/example_skip_dag.py took 0.070 seconds
[2021-10-27 07:25:50,965] {processor.py:163} INFO - Started process (PID=1012) to work on /home/airflow/.local/lib/python3.6/site-packages/airflow/example_dags/example_skip_dag.py
[2021-10-27 07:25:50,966] {processor.py:620} INFO - Processing file /home/airflow/.local/lib/python3.6/site-packages/airflow/example_dags/example_skip_dag.py for tasks to queue
[2021-10-27 07:25:50,967] {logging_mixin.py:109} INFO - [2021-10-27 07:25:50,967] {dagbag.py:500} INFO - Filling up the DagBag from /home/airflow/.local/lib/python3.6/site-packages/airflow/example_dags/example_skip_dag.py
[2021-10-27 07:25:51,001] {processor.py:632} INFO - DAG(s) dict_keys(['example_skip_dag']) retrieved from /home/airflow/.local/lib/python3.6/site-packages/airflow/example_dags/example_skip_dag.py
[2021-10-27 07:25:51,012] {logging_mixin.py:109} INFO - [2021-10-27 07:25:51,012] {dag.py:2389} INFO - Sync 1 DAGs
[2021-10-27 07:25:51,028] {logging_mixin.py:109} INFO - [2021-10-27 07:25:51,027] {dag.py:2914} INFO - Setting next_dagrun for example_skip_dag to 2021-10-26T07:25:51.027661+00:00
[2021-10-27 07:25:51,038] {processor.py:171} INFO - Processing /home/airflow/.local/lib/python3.6/site-packages/airflow/example_dags/example_skip_dag.py took 0.077 seconds
[2021-10-27 07:26:21,279] {processor.py:163} INFO - Started process (PID=1067) to work on /home/airflow/.local/lib/python3.6/site-packages/airflow/example_dags/example_skip_dag.py
[2021-10-27 07:26:21,281] {processor.py:620} INFO - Processing file /home/airflow/.local/lib/python3.6/site-packages/airflow/example_dags/example_skip_dag.py for tasks to queue
[2021-10-27 07:26:21,282] {logging_mixin.py:109} INFO - [2021-10-27 07:26:21,282] {dagbag.py:500} INFO - Filling up the DagBag from /home/airflow/.local/lib/python3.6/site-packages/airflow/example_dags/example_skip_dag.py
[2021-10-27 07:26:21,308] {processor.py:632} INFO - DAG(s) dict_keys(['example_skip_dag']) retrieved from /home/airflow/.local/lib/python3.6/site-packages/airflow/example_dags/example_skip_dag.py
[2021-10-27 07:26:21,319] {logging_mixin.py:109} INFO - [2021-10-27 07:26:21,318] {dag.py:2389} INFO - Sync 1 DAGs
[2021-10-27 07:26:21,333] {logging_mixin.py:109} INFO - [2021-10-27 07:26:21,333] {dag.py:2914} INFO - Setting next_dagrun for example_skip_dag to 2021-10-26T07:26:21.333342+00:00
[2021-10-27 07:26:21,343] {processor.py:171} INFO - Processing /home/airflow/.local/lib/python3.6/site-packages/airflow/example_dags/example_skip_dag.py took 0.067 seconds
[2021-10-27 07:28:04,686] {processor.py:163} INFO - Started process (PID=54) to work on /home/airflow/.local/lib/python3.6/site-packages/airflow/example_dags/example_skip_dag.py
[2021-10-27 07:28:04,688] {processor.py:620} INFO - Processing file /home/airflow/.local/lib/python3.6/site-packages/airflow/example_dags/example_skip_dag.py for tasks to queue
[2021-10-27 07:28:04,689] {logging_mixin.py:109} INFO - [2021-10-27 07:28:04,689] {dagbag.py:500} INFO - Filling up the DagBag from /home/airflow/.local/lib/python3.6/site-packages/airflow/example_dags/example_skip_dag.py
[2021-10-27 07:28:04,737] {processor.py:632} INFO - DAG(s) dict_keys(['example_skip_dag']) retrieved from /home/airflow/.local/lib/python3.6/site-packages/airflow/example_dags/example_skip_dag.py
[2021-10-27 07:28:04,775] {logging_mixin.py:109} INFO - [2021-10-27 07:28:04,774] {dag.py:2389} INFO - Sync 1 DAGs
[2021-10-27 07:28:04,803] {logging_mixin.py:109} INFO - [2021-10-27 07:28:04,802] {dag.py:2914} INFO - Setting next_dagrun for example_skip_dag to 2021-10-26T07:28:04.802205+00:00
[2021-10-27 07:28:04,819] {processor.py:171} INFO - Processing /home/airflow/.local/lib/python3.6/site-packages/airflow/example_dags/example_skip_dag.py took 0.138 seconds
[2021-10-27 07:28:35,510] {processor.py:163} INFO - Started process (PID=117) to work on /home/airflow/.local/lib/python3.6/site-packages/airflow/example_dags/example_skip_dag.py
[2021-10-27 07:28:35,512] {processor.py:620} INFO - Processing file /home/airflow/.local/lib/python3.6/site-packages/airflow/example_dags/example_skip_dag.py for tasks to queue
[2021-10-27 07:28:35,513] {logging_mixin.py:109} INFO - [2021-10-27 07:28:35,513] {dagbag.py:500} INFO - Filling up the DagBag from /home/airflow/.local/lib/python3.6/site-packages/airflow/example_dags/example_skip_dag.py
[2021-10-27 07:28:35,554] {processor.py:632} INFO - DAG(s) dict_keys(['example_skip_dag']) retrieved from /home/airflow/.local/lib/python3.6/site-packages/airflow/example_dags/example_skip_dag.py
[2021-10-27 07:28:35,571] {logging_mixin.py:109} INFO - [2021-10-27 07:28:35,571] {dag.py:2389} INFO - Sync 1 DAGs
[2021-10-27 07:28:35,593] {logging_mixin.py:109} INFO - [2021-10-27 07:28:35,593] {dag.py:2914} INFO - Setting next_dagrun for example_skip_dag to 2021-10-26T07:28:35.592910+00:00
[2021-10-27 07:28:35,608] {processor.py:171} INFO - Processing /home/airflow/.local/lib/python3.6/site-packages/airflow/example_dags/example_skip_dag.py took 0.104 seconds
[2021-10-27 07:29:06,687] {processor.py:163} INFO - Started process (PID=175) to work on /home/airflow/.local/lib/python3.6/site-packages/airflow/example_dags/example_skip_dag.py
[2021-10-27 07:29:06,688] {processor.py:620} INFO - Processing file /home/airflow/.local/lib/python3.6/site-packages/airflow/example_dags/example_skip_dag.py for tasks to queue
[2021-10-27 07:29:06,689] {logging_mixin.py:109} INFO - [2021-10-27 07:29:06,689] {dagbag.py:500} INFO - Filling up the DagBag from /home/airflow/.local/lib/python3.6/site-packages/airflow/example_dags/example_skip_dag.py
[2021-10-27 07:29:06,720] {processor.py:632} INFO - DAG(s) dict_keys(['example_skip_dag']) retrieved from /home/airflow/.local/lib/python3.6/site-packages/airflow/example_dags/example_skip_dag.py
[2021-10-27 07:29:06,735] {logging_mixin.py:109} INFO - [2021-10-27 07:29:06,735] {dag.py:2389} INFO - Sync 1 DAGs
[2021-10-27 07:29:06,757] {logging_mixin.py:109} INFO - [2021-10-27 07:29:06,757] {dag.py:2914} INFO - Setting next_dagrun for example_skip_dag to 2021-10-26T07:29:06.756750+00:00
[2021-10-27 07:29:06,770] {processor.py:171} INFO - Processing /home/airflow/.local/lib/python3.6/site-packages/airflow/example_dags/example_skip_dag.py took 0.087 seconds
[2021-10-27 07:29:37,109] {processor.py:163} INFO - Started process (PID=231) to work on /home/airflow/.local/lib/python3.6/site-packages/airflow/example_dags/example_skip_dag.py
[2021-10-27 07:29:37,110] {processor.py:620} INFO - Processing file /home/airflow/.local/lib/python3.6/site-packages/airflow/example_dags/example_skip_dag.py for tasks to queue
[2021-10-27 07:29:37,111] {logging_mixin.py:109} INFO - [2021-10-27 07:29:37,111] {dagbag.py:500} INFO - Filling up the DagBag from /home/airflow/.local/lib/python3.6/site-packages/airflow/example_dags/example_skip_dag.py
[2021-10-27 07:29:37,136] {processor.py:632} INFO - DAG(s) dict_keys(['example_skip_dag']) retrieved from /home/airflow/.local/lib/python3.6/site-packages/airflow/example_dags/example_skip_dag.py
[2021-10-27 07:29:37,147] {logging_mixin.py:109} INFO - [2021-10-27 07:29:37,147] {dag.py:2389} INFO - Sync 1 DAGs
[2021-10-27 07:29:37,161] {logging_mixin.py:109} INFO - [2021-10-27 07:29:37,161] {dag.py:2914} INFO - Setting next_dagrun for example_skip_dag to 2021-10-26T07:29:37.161464+00:00
[2021-10-27 07:29:37,174] {processor.py:171} INFO - Processing /home/airflow/.local/lib/python3.6/site-packages/airflow/example_dags/example_skip_dag.py took 0.068 seconds
[2021-10-27 07:30:07,901] {processor.py:163} INFO - Started process (PID=297) to work on /home/airflow/.local/lib/python3.6/site-packages/airflow/example_dags/example_skip_dag.py
[2021-10-27 07:30:07,902] {processor.py:620} INFO - Processing file /home/airflow/.local/lib/python3.6/site-packages/airflow/example_dags/example_skip_dag.py for tasks to queue
[2021-10-27 07:30:07,903] {logging_mixin.py:109} INFO - [2021-10-27 07:30:07,903] {dagbag.py:500} INFO - Filling up the DagBag from /home/airflow/.local/lib/python3.6/site-packages/airflow/example_dags/example_skip_dag.py
[2021-10-27 07:30:07,929] {processor.py:632} INFO - DAG(s) dict_keys(['example_skip_dag']) retrieved from /home/airflow/.local/lib/python3.6/site-packages/airflow/example_dags/example_skip_dag.py
[2021-10-27 07:30:07,940] {logging_mixin.py:109} INFO - [2021-10-27 07:30:07,940] {dag.py:2389} INFO - Sync 1 DAGs
[2021-10-27 07:30:07,955] {logging_mixin.py:109} INFO - [2021-10-27 07:30:07,955] {dag.py:2914} INFO - Setting next_dagrun for example_skip_dag to 2021-10-26T07:30:07.955524+00:00
[2021-10-27 07:30:07,968] {processor.py:171} INFO - Processing /home/airflow/.local/lib/python3.6/site-packages/airflow/example_dags/example_skip_dag.py took 0.070 seconds
[2021-10-27 07:30:38,638] {processor.py:163} INFO - Started process (PID=352) to work on /home/airflow/.local/lib/python3.6/site-packages/airflow/example_dags/example_skip_dag.py
[2021-10-27 07:30:38,640] {processor.py:620} INFO - Processing file /home/airflow/.local/lib/python3.6/site-packages/airflow/example_dags/example_skip_dag.py for tasks to queue
[2021-10-27 07:30:38,641] {logging_mixin.py:109} INFO - [2021-10-27 07:30:38,641] {dagbag.py:500} INFO - Filling up the DagBag from /home/airflow/.local/lib/python3.6/site-packages/airflow/example_dags/example_skip_dag.py
[2021-10-27 07:30:38,677] {processor.py:632} INFO - DAG(s) dict_keys(['example_skip_dag']) retrieved from /home/airflow/.local/lib/python3.6/site-packages/airflow/example_dags/example_skip_dag.py
[2021-10-27 07:30:38,692] {logging_mixin.py:109} INFO - [2021-10-27 07:30:38,692] {dag.py:2389} INFO - Sync 1 DAGs
[2021-10-27 07:30:38,715] {logging_mixin.py:109} INFO - [2021-10-27 07:30:38,715] {dag.py:2914} INFO - Setting next_dagrun for example_skip_dag to 2021-10-26T07:30:38.715306+00:00
[2021-10-27 07:30:38,730] {processor.py:171} INFO - Processing /home/airflow/.local/lib/python3.6/site-packages/airflow/example_dags/example_skip_dag.py took 0.095 seconds
[2021-10-27 07:31:09,816] {processor.py:163} INFO - Started process (PID=416) to work on /home/airflow/.local/lib/python3.6/site-packages/airflow/example_dags/example_skip_dag.py
[2021-10-27 07:31:09,818] {processor.py:620} INFO - Processing file /home/airflow/.local/lib/python3.6/site-packages/airflow/example_dags/example_skip_dag.py for tasks to queue
[2021-10-27 07:31:09,819] {logging_mixin.py:109} INFO - [2021-10-27 07:31:09,819] {dagbag.py:500} INFO - Filling up the DagBag from /home/airflow/.local/lib/python3.6/site-packages/airflow/example_dags/example_skip_dag.py
[2021-10-27 07:31:09,844] {processor.py:632} INFO - DAG(s) dict_keys(['example_skip_dag']) retrieved from /home/airflow/.local/lib/python3.6/site-packages/airflow/example_dags/example_skip_dag.py
[2021-10-27 07:31:09,856] {logging_mixin.py:109} INFO - [2021-10-27 07:31:09,856] {dag.py:2389} INFO - Sync 1 DAGs
[2021-10-27 07:31:09,872] {logging_mixin.py:109} INFO - [2021-10-27 07:31:09,872] {dag.py:2914} INFO - Setting next_dagrun for example_skip_dag to 2021-10-26T07:31:09.872025+00:00
[2021-10-27 07:31:09,884] {processor.py:171} INFO - Processing /home/airflow/.local/lib/python3.6/site-packages/airflow/example_dags/example_skip_dag.py took 0.071 seconds
[2021-10-27 07:31:40,554] {processor.py:163} INFO - Started process (PID=470) to work on /home/airflow/.local/lib/python3.6/site-packages/airflow/example_dags/example_skip_dag.py
[2021-10-27 07:31:40,556] {processor.py:620} INFO - Processing file /home/airflow/.local/lib/python3.6/site-packages/airflow/example_dags/example_skip_dag.py for tasks to queue
[2021-10-27 07:31:40,557] {logging_mixin.py:109} INFO - [2021-10-27 07:31:40,557] {dagbag.py:500} INFO - Filling up the DagBag from /home/airflow/.local/lib/python3.6/site-packages/airflow/example_dags/example_skip_dag.py
[2021-10-27 07:31:40,591] {processor.py:632} INFO - DAG(s) dict_keys(['example_skip_dag']) retrieved from /home/airflow/.local/lib/python3.6/site-packages/airflow/example_dags/example_skip_dag.py
[2021-10-27 07:31:40,606] {logging_mixin.py:109} INFO - [2021-10-27 07:31:40,606] {dag.py:2389} INFO - Sync 1 DAGs
[2021-10-27 07:31:40,625] {logging_mixin.py:109} INFO - [2021-10-27 07:31:40,625] {dag.py:2914} INFO - Setting next_dagrun for example_skip_dag to 2021-10-26T07:31:40.624870+00:00
[2021-10-27 07:31:40,638] {processor.py:171} INFO - Processing /home/airflow/.local/lib/python3.6/site-packages/airflow/example_dags/example_skip_dag.py took 0.087 seconds
[2021-10-27 07:32:11,046] {processor.py:163} INFO - Started process (PID=536) to work on /home/airflow/.local/lib/python3.6/site-packages/airflow/example_dags/example_skip_dag.py
[2021-10-27 07:32:11,047] {processor.py:620} INFO - Processing file /home/airflow/.local/lib/python3.6/site-packages/airflow/example_dags/example_skip_dag.py for tasks to queue
[2021-10-27 07:32:11,048] {logging_mixin.py:109} INFO - [2021-10-27 07:32:11,048] {dagbag.py:500} INFO - Filling up the DagBag from /home/airflow/.local/lib/python3.6/site-packages/airflow/example_dags/example_skip_dag.py
[2021-10-27 07:32:11,081] {processor.py:632} INFO - DAG(s) dict_keys(['example_skip_dag']) retrieved from /home/airflow/.local/lib/python3.6/site-packages/airflow/example_dags/example_skip_dag.py
[2021-10-27 07:32:11,095] {logging_mixin.py:109} INFO - [2021-10-27 07:32:11,095] {dag.py:2389} INFO - Sync 1 DAGs
[2021-10-27 07:32:11,123] {logging_mixin.py:109} INFO - [2021-10-27 07:32:11,123] {dag.py:2914} INFO - Setting next_dagrun for example_skip_dag to 2021-10-26T07:32:11.123471+00:00
[2021-10-27 07:32:11,133] {processor.py:171} INFO - Processing /home/airflow/.local/lib/python3.6/site-packages/airflow/example_dags/example_skip_dag.py took 0.091 seconds
[2021-10-27 07:32:41,657] {processor.py:163} INFO - Started process (PID=591) to work on /home/airflow/.local/lib/python3.6/site-packages/airflow/example_dags/example_skip_dag.py
[2021-10-27 07:32:41,658] {processor.py:620} INFO - Processing file /home/airflow/.local/lib/python3.6/site-packages/airflow/example_dags/example_skip_dag.py for tasks to queue
[2021-10-27 07:32:41,659] {logging_mixin.py:109} INFO - [2021-10-27 07:32:41,659] {dagbag.py:500} INFO - Filling up the DagBag from /home/airflow/.local/lib/python3.6/site-packages/airflow/example_dags/example_skip_dag.py
[2021-10-27 07:32:41,683] {processor.py:632} INFO - DAG(s) dict_keys(['example_skip_dag']) retrieved from /home/airflow/.local/lib/python3.6/site-packages/airflow/example_dags/example_skip_dag.py
[2021-10-27 07:32:41,694] {logging_mixin.py:109} INFO - [2021-10-27 07:32:41,694] {dag.py:2389} INFO - Sync 1 DAGs
[2021-10-27 07:32:41,708] {logging_mixin.py:109} INFO - [2021-10-27 07:32:41,708] {dag.py:2914} INFO - Setting next_dagrun for example_skip_dag to 2021-10-26T07:32:41.708336+00:00
[2021-10-27 07:32:41,721] {processor.py:171} INFO - Processing /home/airflow/.local/lib/python3.6/site-packages/airflow/example_dags/example_skip_dag.py took 0.067 seconds
[2021-10-27 07:33:12,175] {processor.py:163} INFO - Started process (PID=657) to work on /home/airflow/.local/lib/python3.6/site-packages/airflow/example_dags/example_skip_dag.py
[2021-10-27 07:33:12,176] {processor.py:620} INFO - Processing file /home/airflow/.local/lib/python3.6/site-packages/airflow/example_dags/example_skip_dag.py for tasks to queue
[2021-10-27 07:33:12,177] {logging_mixin.py:109} INFO - [2021-10-27 07:33:12,177] {dagbag.py:500} INFO - Filling up the DagBag from /home/airflow/.local/lib/python3.6/site-packages/airflow/example_dags/example_skip_dag.py
[2021-10-27 07:33:12,209] {processor.py:632} INFO - DAG(s) dict_keys(['example_skip_dag']) retrieved from /home/airflow/.local/lib/python3.6/site-packages/airflow/example_dags/example_skip_dag.py
[2021-10-27 07:33:12,225] {logging_mixin.py:109} INFO - [2021-10-27 07:33:12,224] {dag.py:2389} INFO - Sync 1 DAGs
[2021-10-27 07:33:12,243] {logging_mixin.py:109} INFO - [2021-10-27 07:33:12,243] {dag.py:2914} INFO - Setting next_dagrun for example_skip_dag to 2021-10-26T07:33:12.243419+00:00
[2021-10-27 07:33:12,256] {processor.py:171} INFO - Processing /home/airflow/.local/lib/python3.6/site-packages/airflow/example_dags/example_skip_dag.py took 0.085 seconds
[2021-10-27 07:33:43,281] {processor.py:163} INFO - Started process (PID=712) to work on /home/airflow/.local/lib/python3.6/site-packages/airflow/example_dags/example_skip_dag.py
[2021-10-27 07:33:43,282] {processor.py:620} INFO - Processing file /home/airflow/.local/lib/python3.6/site-packages/airflow/example_dags/example_skip_dag.py for tasks to queue
[2021-10-27 07:33:43,283] {logging_mixin.py:109} INFO - [2021-10-27 07:33:43,283] {dagbag.py:500} INFO - Filling up the DagBag from /home/airflow/.local/lib/python3.6/site-packages/airflow/example_dags/example_skip_dag.py
[2021-10-27 07:33:43,322] {processor.py:632} INFO - DAG(s) dict_keys(['example_skip_dag']) retrieved from /home/airflow/.local/lib/python3.6/site-packages/airflow/example_dags/example_skip_dag.py
[2021-10-27 07:33:43,332] {logging_mixin.py:109} INFO - [2021-10-27 07:33:43,332] {dag.py:2389} INFO - Sync 1 DAGs
[2021-10-27 07:33:43,348] {logging_mixin.py:109} INFO - [2021-10-27 07:33:43,348] {dag.py:2914} INFO - Setting next_dagrun for example_skip_dag to 2021-10-26T07:33:43.347981+00:00
[2021-10-27 07:33:43,358] {processor.py:171} INFO - Processing /home/airflow/.local/lib/python3.6/site-packages/airflow/example_dags/example_skip_dag.py took 0.080 seconds
[2021-10-27 07:34:13,720] {processor.py:163} INFO - Started process (PID=777) to work on /home/airflow/.local/lib/python3.6/site-packages/airflow/example_dags/example_skip_dag.py
[2021-10-27 07:34:13,722] {processor.py:620} INFO - Processing file /home/airflow/.local/lib/python3.6/site-packages/airflow/example_dags/example_skip_dag.py for tasks to queue
[2021-10-27 07:34:13,723] {logging_mixin.py:109} INFO - [2021-10-27 07:34:13,723] {dagbag.py:500} INFO - Filling up the DagBag from /home/airflow/.local/lib/python3.6/site-packages/airflow/example_dags/example_skip_dag.py
[2021-10-27 07:34:13,748] {processor.py:632} INFO - DAG(s) dict_keys(['example_skip_dag']) retrieved from /home/airflow/.local/lib/python3.6/site-packages/airflow/example_dags/example_skip_dag.py
[2021-10-27 07:34:13,760] {logging_mixin.py:109} INFO - [2021-10-27 07:34:13,759] {dag.py:2389} INFO - Sync 1 DAGs
[2021-10-27 07:34:13,775] {logging_mixin.py:109} INFO - [2021-10-27 07:34:13,775] {dag.py:2914} INFO - Setting next_dagrun for example_skip_dag to 2021-10-26T07:34:13.774675+00:00
[2021-10-27 07:34:13,786] {processor.py:171} INFO - Processing /home/airflow/.local/lib/python3.6/site-packages/airflow/example_dags/example_skip_dag.py took 0.070 seconds
[2021-10-27 07:34:44,620] {processor.py:163} INFO - Started process (PID=832) to work on /home/airflow/.local/lib/python3.6/site-packages/airflow/example_dags/example_skip_dag.py
[2021-10-27 07:34:44,622] {processor.py:620} INFO - Processing file /home/airflow/.local/lib/python3.6/site-packages/airflow/example_dags/example_skip_dag.py for tasks to queue
[2021-10-27 07:34:44,623] {logging_mixin.py:109} INFO - [2021-10-27 07:34:44,622] {dagbag.py:500} INFO - Filling up the DagBag from /home/airflow/.local/lib/python3.6/site-packages/airflow/example_dags/example_skip_dag.py
[2021-10-27 07:34:44,647] {processor.py:632} INFO - DAG(s) dict_keys(['example_skip_dag']) retrieved from /home/airflow/.local/lib/python3.6/site-packages/airflow/example_dags/example_skip_dag.py
[2021-10-27 07:34:44,658] {logging_mixin.py:109} INFO - [2021-10-27 07:34:44,657] {dag.py:2389} INFO - Sync 1 DAGs
[2021-10-27 07:34:44,672] {logging_mixin.py:109} INFO - [2021-10-27 07:34:44,672] {dag.py:2914} INFO - Setting next_dagrun for example_skip_dag to 2021-10-26T07:34:44.672579+00:00
[2021-10-27 07:34:44,683] {processor.py:171} INFO - Processing /home/airflow/.local/lib/python3.6/site-packages/airflow/example_dags/example_skip_dag.py took 0.066 seconds
[2021-10-27 07:35:15,106] {processor.py:163} INFO - Started process (PID=898) to work on /home/airflow/.local/lib/python3.6/site-packages/airflow/example_dags/example_skip_dag.py
[2021-10-27 07:35:15,107] {processor.py:620} INFO - Processing file /home/airflow/.local/lib/python3.6/site-packages/airflow/example_dags/example_skip_dag.py for tasks to queue
[2021-10-27 07:35:15,108] {logging_mixin.py:109} INFO - [2021-10-27 07:35:15,108] {dagbag.py:500} INFO - Filling up the DagBag from /home/airflow/.local/lib/python3.6/site-packages/airflow/example_dags/example_skip_dag.py
[2021-10-27 07:35:15,134] {processor.py:632} INFO - DAG(s) dict_keys(['example_skip_dag']) retrieved from /home/airflow/.local/lib/python3.6/site-packages/airflow/example_dags/example_skip_dag.py
[2021-10-27 07:35:15,148] {logging_mixin.py:109} INFO - [2021-10-27 07:35:15,148] {dag.py:2389} INFO - Sync 1 DAGs
[2021-10-27 07:35:15,164] {logging_mixin.py:109} INFO - [2021-10-27 07:35:15,164] {dag.py:2914} INFO - Setting next_dagrun for example_skip_dag to 2021-10-26T07:35:15.164044+00:00
[2021-10-27 07:35:15,174] {processor.py:171} INFO - Processing /home/airflow/.local/lib/python3.6/site-packages/airflow/example_dags/example_skip_dag.py took 0.071 seconds
[2021-10-27 07:35:45,418] {processor.py:163} INFO - Started process (PID=953) to work on /home/airflow/.local/lib/python3.6/site-packages/airflow/example_dags/example_skip_dag.py
[2021-10-27 07:35:45,419] {processor.py:620} INFO - Processing file /home/airflow/.local/lib/python3.6/site-packages/airflow/example_dags/example_skip_dag.py for tasks to queue
[2021-10-27 07:35:45,420] {logging_mixin.py:109} INFO - [2021-10-27 07:35:45,420] {dagbag.py:500} INFO - Filling up the DagBag from /home/airflow/.local/lib/python3.6/site-packages/airflow/example_dags/example_skip_dag.py
[2021-10-27 07:35:45,451] {processor.py:632} INFO - DAG(s) dict_keys(['example_skip_dag']) retrieved from /home/airflow/.local/lib/python3.6/site-packages/airflow/example_dags/example_skip_dag.py
[2021-10-27 07:35:45,464] {logging_mixin.py:109} INFO - [2021-10-27 07:35:45,464] {dag.py:2389} INFO - Sync 1 DAGs
[2021-10-27 07:35:45,480] {logging_mixin.py:109} INFO - [2021-10-27 07:35:45,480] {dag.py:2914} INFO - Setting next_dagrun for example_skip_dag to 2021-10-26T07:35:45.480499+00:00
[2021-10-27 07:35:45,493] {processor.py:171} INFO - Processing /home/airflow/.local/lib/python3.6/site-packages/airflow/example_dags/example_skip_dag.py took 0.078 seconds
[2021-10-27 07:36:16,855] {processor.py:163} INFO - Started process (PID=1019) to work on /home/airflow/.local/lib/python3.6/site-packages/airflow/example_dags/example_skip_dag.py
[2021-10-27 07:36:16,857] {processor.py:620} INFO - Processing file /home/airflow/.local/lib/python3.6/site-packages/airflow/example_dags/example_skip_dag.py for tasks to queue
[2021-10-27 07:36:16,858] {logging_mixin.py:109} INFO - [2021-10-27 07:36:16,858] {dagbag.py:500} INFO - Filling up the DagBag from /home/airflow/.local/lib/python3.6/site-packages/airflow/example_dags/example_skip_dag.py
[2021-10-27 07:36:16,910] {processor.py:632} INFO - DAG(s) dict_keys(['example_skip_dag']) retrieved from /home/airflow/.local/lib/python3.6/site-packages/airflow/example_dags/example_skip_dag.py
[2021-10-27 07:36:16,932] {logging_mixin.py:109} INFO - [2021-10-27 07:36:16,932] {dag.py:2389} INFO - Sync 1 DAGs
[2021-10-27 07:36:16,960] {logging_mixin.py:109} INFO - [2021-10-27 07:36:16,960] {dag.py:2914} INFO - Setting next_dagrun for example_skip_dag to 2021-10-26T07:36:16.960269+00:00
[2021-10-27 07:36:16,974] {processor.py:171} INFO - Processing /home/airflow/.local/lib/python3.6/site-packages/airflow/example_dags/example_skip_dag.py took 0.129 seconds
[2021-10-27 07:36:47,130] {processor.py:163} INFO - Started process (PID=1075) to work on /home/airflow/.local/lib/python3.6/site-packages/airflow/example_dags/example_skip_dag.py
[2021-10-27 07:36:47,132] {processor.py:620} INFO - Processing file /home/airflow/.local/lib/python3.6/site-packages/airflow/example_dags/example_skip_dag.py for tasks to queue
[2021-10-27 07:36:47,134] {logging_mixin.py:109} INFO - [2021-10-27 07:36:47,133] {dagbag.py:500} INFO - Filling up the DagBag from /home/airflow/.local/lib/python3.6/site-packages/airflow/example_dags/example_skip_dag.py
[2021-10-27 07:36:47,168] {processor.py:632} INFO - DAG(s) dict_keys(['example_skip_dag']) retrieved from /home/airflow/.local/lib/python3.6/site-packages/airflow/example_dags/example_skip_dag.py
[2021-10-27 07:36:47,183] {logging_mixin.py:109} INFO - [2021-10-27 07:36:47,183] {dag.py:2389} INFO - Sync 1 DAGs
[2021-10-27 07:36:47,204] {logging_mixin.py:109} INFO - [2021-10-27 07:36:47,204] {dag.py:2914} INFO - Setting next_dagrun for example_skip_dag to 2021-10-26T07:36:47.204163+00:00
[2021-10-27 07:36:47,216] {processor.py:171} INFO - Processing /home/airflow/.local/lib/python3.6/site-packages/airflow/example_dags/example_skip_dag.py took 0.092 seconds
[2021-10-27 07:37:18,486] {processor.py:163} INFO - Started process (PID=1141) to work on /home/airflow/.local/lib/python3.6/site-packages/airflow/example_dags/example_skip_dag.py
[2021-10-27 07:37:18,488] {processor.py:620} INFO - Processing file /home/airflow/.local/lib/python3.6/site-packages/airflow/example_dags/example_skip_dag.py for tasks to queue
[2021-10-27 07:37:18,489] {logging_mixin.py:109} INFO - [2021-10-27 07:37:18,489] {dagbag.py:500} INFO - Filling up the DagBag from /home/airflow/.local/lib/python3.6/site-packages/airflow/example_dags/example_skip_dag.py
[2021-10-27 07:37:18,532] {processor.py:632} INFO - DAG(s) dict_keys(['example_skip_dag']) retrieved from /home/airflow/.local/lib/python3.6/site-packages/airflow/example_dags/example_skip_dag.py
[2021-10-27 07:37:18,551] {logging_mixin.py:109} INFO - [2021-10-27 07:37:18,551] {dag.py:2389} INFO - Sync 1 DAGs
[2021-10-27 07:37:18,575] {logging_mixin.py:109} INFO - [2021-10-27 07:37:18,575] {dag.py:2914} INFO - Setting next_dagrun for example_skip_dag to 2021-10-26T07:37:18.574773+00:00
[2021-10-27 07:37:18,587] {processor.py:171} INFO - Processing /home/airflow/.local/lib/python3.6/site-packages/airflow/example_dags/example_skip_dag.py took 0.105 seconds
[2021-10-27 07:37:49,057] {processor.py:163} INFO - Started process (PID=1197) to work on /home/airflow/.local/lib/python3.6/site-packages/airflow/example_dags/example_skip_dag.py
[2021-10-27 07:37:49,058] {processor.py:620} INFO - Processing file /home/airflow/.local/lib/python3.6/site-packages/airflow/example_dags/example_skip_dag.py for tasks to queue
[2021-10-27 07:37:49,059] {logging_mixin.py:109} INFO - [2021-10-27 07:37:49,059] {dagbag.py:500} INFO - Filling up the DagBag from /home/airflow/.local/lib/python3.6/site-packages/airflow/example_dags/example_skip_dag.py
[2021-10-27 07:37:49,085] {processor.py:632} INFO - DAG(s) dict_keys(['example_skip_dag']) retrieved from /home/airflow/.local/lib/python3.6/site-packages/airflow/example_dags/example_skip_dag.py
[2021-10-27 07:37:49,098] {logging_mixin.py:109} INFO - [2021-10-27 07:37:49,098] {dag.py:2389} INFO - Sync 1 DAGs
[2021-10-27 07:37:49,114] {logging_mixin.py:109} INFO - [2021-10-27 07:37:49,114] {dag.py:2914} INFO - Setting next_dagrun for example_skip_dag to 2021-10-26T07:37:49.114113+00:00
[2021-10-27 07:37:49,125] {processor.py:171} INFO - Processing /home/airflow/.local/lib/python3.6/site-packages/airflow/example_dags/example_skip_dag.py took 0.072 seconds
[2021-10-27 07:38:19,691] {processor.py:163} INFO - Started process (PID=1252) to work on /home/airflow/.local/lib/python3.6/site-packages/airflow/example_dags/example_skip_dag.py
[2021-10-27 07:38:19,693] {processor.py:620} INFO - Processing file /home/airflow/.local/lib/python3.6/site-packages/airflow/example_dags/example_skip_dag.py for tasks to queue
[2021-10-27 07:38:19,694] {logging_mixin.py:109} INFO - [2021-10-27 07:38:19,694] {dagbag.py:500} INFO - Filling up the DagBag from /home/airflow/.local/lib/python3.6/site-packages/airflow/example_dags/example_skip_dag.py
[2021-10-27 07:38:19,721] {processor.py:632} INFO - DAG(s) dict_keys(['example_skip_dag']) retrieved from /home/airflow/.local/lib/python3.6/site-packages/airflow/example_dags/example_skip_dag.py
[2021-10-27 07:38:19,733] {logging_mixin.py:109} INFO - [2021-10-27 07:38:19,733] {dag.py:2389} INFO - Sync 1 DAGs
[2021-10-27 07:38:19,749] {logging_mixin.py:109} INFO - [2021-10-27 07:38:19,749] {dag.py:2914} INFO - Setting next_dagrun for example_skip_dag to 2021-10-26T07:38:19.748943+00:00
[2021-10-27 07:38:19,759] {processor.py:171} INFO - Processing /home/airflow/.local/lib/python3.6/site-packages/airflow/example_dags/example_skip_dag.py took 0.071 seconds
[2021-10-27 07:38:50,359] {processor.py:163} INFO - Started process (PID=1320) to work on /home/airflow/.local/lib/python3.6/site-packages/airflow/example_dags/example_skip_dag.py
[2021-10-27 07:38:50,361] {processor.py:620} INFO - Processing file /home/airflow/.local/lib/python3.6/site-packages/airflow/example_dags/example_skip_dag.py for tasks to queue
[2021-10-27 07:38:50,363] {logging_mixin.py:109} INFO - [2021-10-27 07:38:50,362] {dagbag.py:500} INFO - Filling up the DagBag from /home/airflow/.local/lib/python3.6/site-packages/airflow/example_dags/example_skip_dag.py
[2021-10-27 07:38:50,398] {processor.py:632} INFO - DAG(s) dict_keys(['example_skip_dag']) retrieved from /home/airflow/.local/lib/python3.6/site-packages/airflow/example_dags/example_skip_dag.py
[2021-10-27 07:38:50,410] {logging_mixin.py:109} INFO - [2021-10-27 07:38:50,410] {dag.py:2389} INFO - Sync 1 DAGs
[2021-10-27 07:38:50,426] {logging_mixin.py:109} INFO - [2021-10-27 07:38:50,426] {dag.py:2914} INFO - Setting next_dagrun for example_skip_dag to 2021-10-26T07:38:50.426253+00:00
[2021-10-27 07:38:50,437] {processor.py:171} INFO - Processing /home/airflow/.local/lib/python3.6/site-packages/airflow/example_dags/example_skip_dag.py took 0.084 seconds
[2021-10-27 07:39:20,778] {processor.py:163} INFO - Started process (PID=1382) to work on /home/airflow/.local/lib/python3.6/site-packages/airflow/example_dags/example_skip_dag.py
[2021-10-27 07:39:20,779] {processor.py:620} INFO - Processing file /home/airflow/.local/lib/python3.6/site-packages/airflow/example_dags/example_skip_dag.py for tasks to queue
[2021-10-27 07:39:20,780] {logging_mixin.py:109} INFO - [2021-10-27 07:39:20,780] {dagbag.py:500} INFO - Filling up the DagBag from /home/airflow/.local/lib/python3.6/site-packages/airflow/example_dags/example_skip_dag.py
[2021-10-27 07:39:20,809] {processor.py:632} INFO - DAG(s) dict_keys(['example_skip_dag']) retrieved from /home/airflow/.local/lib/python3.6/site-packages/airflow/example_dags/example_skip_dag.py
[2021-10-27 07:39:20,822] {logging_mixin.py:109} INFO - [2021-10-27 07:39:20,822] {dag.py:2389} INFO - Sync 1 DAGs
[2021-10-27 07:39:20,845] {logging_mixin.py:109} INFO - [2021-10-27 07:39:20,845] {dag.py:2914} INFO - Setting next_dagrun for example_skip_dag to 2021-10-26T07:39:20.844875+00:00
[2021-10-27 07:39:20,859] {processor.py:171} INFO - Processing /home/airflow/.local/lib/python3.6/site-packages/airflow/example_dags/example_skip_dag.py took 0.085 seconds
[2021-10-27 07:39:51,017] {processor.py:163} INFO - Started process (PID=1439) to work on /home/airflow/.local/lib/python3.6/site-packages/airflow/example_dags/example_skip_dag.py
[2021-10-27 07:39:51,018] {processor.py:620} INFO - Processing file /home/airflow/.local/lib/python3.6/site-packages/airflow/example_dags/example_skip_dag.py for tasks to queue
[2021-10-27 07:39:51,019] {logging_mixin.py:109} INFO - [2021-10-27 07:39:51,019] {dagbag.py:500} INFO - Filling up the DagBag from /home/airflow/.local/lib/python3.6/site-packages/airflow/example_dags/example_skip_dag.py
[2021-10-27 07:39:51,047] {processor.py:632} INFO - DAG(s) dict_keys(['example_skip_dag']) retrieved from /home/airflow/.local/lib/python3.6/site-packages/airflow/example_dags/example_skip_dag.py
[2021-10-27 07:39:51,058] {logging_mixin.py:109} INFO - [2021-10-27 07:39:51,058] {dag.py:2389} INFO - Sync 1 DAGs
[2021-10-27 07:39:51,074] {logging_mixin.py:109} INFO - [2021-10-27 07:39:51,074] {dag.py:2914} INFO - Setting next_dagrun for example_skip_dag to 2021-10-26T07:39:51.073813+00:00
[2021-10-27 07:39:51,084] {processor.py:171} INFO - Processing /home/airflow/.local/lib/python3.6/site-packages/airflow/example_dags/example_skip_dag.py took 0.070 seconds
[2021-10-27 07:40:21,621] {processor.py:163} INFO - Started process (PID=1504) to work on /home/airflow/.local/lib/python3.6/site-packages/airflow/example_dags/example_skip_dag.py
[2021-10-27 07:40:21,622] {processor.py:620} INFO - Processing file /home/airflow/.local/lib/python3.6/site-packages/airflow/example_dags/example_skip_dag.py for tasks to queue
[2021-10-27 07:40:21,623] {logging_mixin.py:109} INFO - [2021-10-27 07:40:21,623] {dagbag.py:500} INFO - Filling up the DagBag from /home/airflow/.local/lib/python3.6/site-packages/airflow/example_dags/example_skip_dag.py
[2021-10-27 07:40:21,654] {processor.py:632} INFO - DAG(s) dict_keys(['example_skip_dag']) retrieved from /home/airflow/.local/lib/python3.6/site-packages/airflow/example_dags/example_skip_dag.py
[2021-10-27 07:40:21,669] {logging_mixin.py:109} INFO - [2021-10-27 07:40:21,669] {dag.py:2389} INFO - Sync 1 DAGs
[2021-10-27 07:40:21,690] {logging_mixin.py:109} INFO - [2021-10-27 07:40:21,690] {dag.py:2914} INFO - Setting next_dagrun for example_skip_dag to 2021-10-26T07:40:21.690554+00:00
[2021-10-27 07:40:21,701] {processor.py:171} INFO - Processing /home/airflow/.local/lib/python3.6/site-packages/airflow/example_dags/example_skip_dag.py took 0.084 seconds
[2021-10-27 07:40:51,954] {processor.py:163} INFO - Started process (PID=1559) to work on /home/airflow/.local/lib/python3.6/site-packages/airflow/example_dags/example_skip_dag.py
[2021-10-27 07:40:51,956] {processor.py:620} INFO - Processing file /home/airflow/.local/lib/python3.6/site-packages/airflow/example_dags/example_skip_dag.py for tasks to queue
[2021-10-27 07:40:51,957] {logging_mixin.py:109} INFO - [2021-10-27 07:40:51,957] {dagbag.py:500} INFO - Filling up the DagBag from /home/airflow/.local/lib/python3.6/site-packages/airflow/example_dags/example_skip_dag.py
[2021-10-27 07:40:51,984] {processor.py:632} INFO - DAG(s) dict_keys(['example_skip_dag']) retrieved from /home/airflow/.local/lib/python3.6/site-packages/airflow/example_dags/example_skip_dag.py
[2021-10-27 07:40:51,994] {logging_mixin.py:109} INFO - [2021-10-27 07:40:51,994] {dag.py:2389} INFO - Sync 1 DAGs
[2021-10-27 07:40:52,011] {logging_mixin.py:109} INFO - [2021-10-27 07:40:52,011] {dag.py:2914} INFO - Setting next_dagrun for example_skip_dag to 2021-10-26T07:40:52.011537+00:00
[2021-10-27 07:40:52,022] {processor.py:171} INFO - Processing /home/airflow/.local/lib/python3.6/site-packages/airflow/example_dags/example_skip_dag.py took 0.072 seconds
[2021-10-27 07:41:22,231] {processor.py:163} INFO - Started process (PID=1613) to work on /home/airflow/.local/lib/python3.6/site-packages/airflow/example_dags/example_skip_dag.py
[2021-10-27 07:41:22,232] {processor.py:620} INFO - Processing file /home/airflow/.local/lib/python3.6/site-packages/airflow/example_dags/example_skip_dag.py for tasks to queue
[2021-10-27 07:41:22,233] {logging_mixin.py:109} INFO - [2021-10-27 07:41:22,233] {dagbag.py:500} INFO - Filling up the DagBag from /home/airflow/.local/lib/python3.6/site-packages/airflow/example_dags/example_skip_dag.py
[2021-10-27 07:41:22,260] {processor.py:632} INFO - DAG(s) dict_keys(['example_skip_dag']) retrieved from /home/airflow/.local/lib/python3.6/site-packages/airflow/example_dags/example_skip_dag.py
[2021-10-27 07:41:22,272] {logging_mixin.py:109} INFO - [2021-10-27 07:41:22,272] {dag.py:2389} INFO - Sync 1 DAGs
[2021-10-27 07:41:22,293] {logging_mixin.py:109} INFO - [2021-10-27 07:41:22,293] {dag.py:2914} INFO - Setting next_dagrun for example_skip_dag to 2021-10-26T07:41:22.293398+00:00
[2021-10-27 07:41:22,307] {processor.py:171} INFO - Processing /home/airflow/.local/lib/python3.6/site-packages/airflow/example_dags/example_skip_dag.py took 0.080 seconds
[2021-10-27 07:41:52,814] {processor.py:163} INFO - Started process (PID=1678) to work on /home/airflow/.local/lib/python3.6/site-packages/airflow/example_dags/example_skip_dag.py
[2021-10-27 07:41:52,815] {processor.py:620} INFO - Processing file /home/airflow/.local/lib/python3.6/site-packages/airflow/example_dags/example_skip_dag.py for tasks to queue
[2021-10-27 07:41:52,816] {logging_mixin.py:109} INFO - [2021-10-27 07:41:52,816] {dagbag.py:500} INFO - Filling up the DagBag from /home/airflow/.local/lib/python3.6/site-packages/airflow/example_dags/example_skip_dag.py
[2021-10-27 07:41:52,840] {processor.py:632} INFO - DAG(s) dict_keys(['example_skip_dag']) retrieved from /home/airflow/.local/lib/python3.6/site-packages/airflow/example_dags/example_skip_dag.py
[2021-10-27 07:41:52,851] {logging_mixin.py:109} INFO - [2021-10-27 07:41:52,851] {dag.py:2389} INFO - Sync 1 DAGs
[2021-10-27 07:41:52,867] {logging_mixin.py:109} INFO - [2021-10-27 07:41:52,867] {dag.py:2914} INFO - Setting next_dagrun for example_skip_dag to 2021-10-26T07:41:52.866887+00:00
[2021-10-27 07:41:52,876] {processor.py:171} INFO - Processing /home/airflow/.local/lib/python3.6/site-packages/airflow/example_dags/example_skip_dag.py took 0.066 seconds
[2021-10-27 07:42:24,269] {processor.py:163} INFO - Started process (PID=1740) to work on /home/airflow/.local/lib/python3.6/site-packages/airflow/example_dags/example_skip_dag.py
[2021-10-27 07:42:24,271] {processor.py:620} INFO - Processing file /home/airflow/.local/lib/python3.6/site-packages/airflow/example_dags/example_skip_dag.py for tasks to queue
[2021-10-27 07:42:24,272] {logging_mixin.py:109} INFO - [2021-10-27 07:42:24,272] {dagbag.py:500} INFO - Filling up the DagBag from /home/airflow/.local/lib/python3.6/site-packages/airflow/example_dags/example_skip_dag.py
[2021-10-27 07:42:24,300] {processor.py:632} INFO - DAG(s) dict_keys(['example_skip_dag']) retrieved from /home/airflow/.local/lib/python3.6/site-packages/airflow/example_dags/example_skip_dag.py
[2021-10-27 07:42:24,317] {logging_mixin.py:109} INFO - [2021-10-27 07:42:24,316] {dag.py:2389} INFO - Sync 1 DAGs
[2021-10-27 07:42:24,344] {logging_mixin.py:109} INFO - [2021-10-27 07:42:24,343] {dag.py:2914} INFO - Setting next_dagrun for example_skip_dag to 2021-10-26T07:42:24.343664+00:00
[2021-10-27 07:42:24,355] {processor.py:171} INFO - Processing /home/airflow/.local/lib/python3.6/site-packages/airflow/example_dags/example_skip_dag.py took 0.088 seconds
[2021-10-27 07:42:54,558] {processor.py:163} INFO - Started process (PID=1799) to work on /home/airflow/.local/lib/python3.6/site-packages/airflow/example_dags/example_skip_dag.py
[2021-10-27 07:42:54,559] {processor.py:620} INFO - Processing file /home/airflow/.local/lib/python3.6/site-packages/airflow/example_dags/example_skip_dag.py for tasks to queue
[2021-10-27 07:42:54,560] {logging_mixin.py:109} INFO - [2021-10-27 07:42:54,560] {dagbag.py:500} INFO - Filling up the DagBag from /home/airflow/.local/lib/python3.6/site-packages/airflow/example_dags/example_skip_dag.py
[2021-10-27 07:42:54,586] {processor.py:632} INFO - DAG(s) dict_keys(['example_skip_dag']) retrieved from /home/airflow/.local/lib/python3.6/site-packages/airflow/example_dags/example_skip_dag.py
[2021-10-27 07:42:54,596] {logging_mixin.py:109} INFO - [2021-10-27 07:42:54,596] {dag.py:2389} INFO - Sync 1 DAGs
[2021-10-27 07:42:54,611] {logging_mixin.py:109} INFO - [2021-10-27 07:42:54,611] {dag.py:2914} INFO - Setting next_dagrun for example_skip_dag to 2021-10-26T07:42:54.611029+00:00
[2021-10-27 07:42:54,622] {processor.py:171} INFO - Processing /home/airflow/.local/lib/python3.6/site-packages/airflow/example_dags/example_skip_dag.py took 0.066 seconds
[2021-10-27 07:43:25,315] {processor.py:163} INFO - Started process (PID=1855) to work on /home/airflow/.local/lib/python3.6/site-packages/airflow/example_dags/example_skip_dag.py
[2021-10-27 07:43:25,317] {processor.py:620} INFO - Processing file /home/airflow/.local/lib/python3.6/site-packages/airflow/example_dags/example_skip_dag.py for tasks to queue
[2021-10-27 07:43:25,318] {logging_mixin.py:109} INFO - [2021-10-27 07:43:25,317] {dagbag.py:500} INFO - Filling up the DagBag from /home/airflow/.local/lib/python3.6/site-packages/airflow/example_dags/example_skip_dag.py
[2021-10-27 07:43:25,352] {processor.py:632} INFO - DAG(s) dict_keys(['example_skip_dag']) retrieved from /home/airflow/.local/lib/python3.6/site-packages/airflow/example_dags/example_skip_dag.py
[2021-10-27 07:43:25,365] {logging_mixin.py:109} INFO - [2021-10-27 07:43:25,365] {dag.py:2389} INFO - Sync 1 DAGs
[2021-10-27 07:43:25,384] {logging_mixin.py:109} INFO - [2021-10-27 07:43:25,383] {dag.py:2914} INFO - Setting next_dagrun for example_skip_dag to 2021-10-26T07:43:25.383604+00:00
[2021-10-27 07:43:25,397] {processor.py:171} INFO - Processing /home/airflow/.local/lib/python3.6/site-packages/airflow/example_dags/example_skip_dag.py took 0.086 seconds
[2021-10-27 07:43:56,046] {processor.py:163} INFO - Started process (PID=1922) to work on /home/airflow/.local/lib/python3.6/site-packages/airflow/example_dags/example_skip_dag.py
[2021-10-27 07:43:56,051] {processor.py:620} INFO - Processing file /home/airflow/.local/lib/python3.6/site-packages/airflow/example_dags/example_skip_dag.py for tasks to queue
[2021-10-27 07:43:56,052] {logging_mixin.py:109} INFO - [2021-10-27 07:43:56,052] {dagbag.py:500} INFO - Filling up the DagBag from /home/airflow/.local/lib/python3.6/site-packages/airflow/example_dags/example_skip_dag.py
[2021-10-27 07:43:56,103] {processor.py:632} INFO - DAG(s) dict_keys(['example_skip_dag']) retrieved from /home/airflow/.local/lib/python3.6/site-packages/airflow/example_dags/example_skip_dag.py
[2021-10-27 07:43:56,124] {logging_mixin.py:109} INFO - [2021-10-27 07:43:56,124] {dag.py:2389} INFO - Sync 1 DAGs
[2021-10-27 07:43:56,155] {logging_mixin.py:109} INFO - [2021-10-27 07:43:56,155] {dag.py:2914} INFO - Setting next_dagrun for example_skip_dag to 2021-10-26T07:43:56.155095+00:00
[2021-10-27 07:43:56,171] {processor.py:171} INFO - Processing /home/airflow/.local/lib/python3.6/site-packages/airflow/example_dags/example_skip_dag.py took 0.135 seconds
[2021-10-27 07:44:26,778] {processor.py:163} INFO - Started process (PID=1978) to work on /home/airflow/.local/lib/python3.6/site-packages/airflow/example_dags/example_skip_dag.py
[2021-10-27 07:44:26,780] {processor.py:620} INFO - Processing file /home/airflow/.local/lib/python3.6/site-packages/airflow/example_dags/example_skip_dag.py for tasks to queue
[2021-10-27 07:44:26,781] {logging_mixin.py:109} INFO - [2021-10-27 07:44:26,780] {dagbag.py:500} INFO - Filling up the DagBag from /home/airflow/.local/lib/python3.6/site-packages/airflow/example_dags/example_skip_dag.py
[2021-10-27 07:44:26,809] {processor.py:632} INFO - DAG(s) dict_keys(['example_skip_dag']) retrieved from /home/airflow/.local/lib/python3.6/site-packages/airflow/example_dags/example_skip_dag.py
[2021-10-27 07:44:26,820] {logging_mixin.py:109} INFO - [2021-10-27 07:44:26,820] {dag.py:2389} INFO - Sync 1 DAGs
[2021-10-27 07:44:26,835] {logging_mixin.py:109} INFO - [2021-10-27 07:44:26,835] {dag.py:2914} INFO - Setting next_dagrun for example_skip_dag to 2021-10-26T07:44:26.835564+00:00
[2021-10-27 07:44:26,847] {processor.py:171} INFO - Processing /home/airflow/.local/lib/python3.6/site-packages/airflow/example_dags/example_skip_dag.py took 0.072 seconds
