[2021-10-27 07:17:41,695] {processor.py:163} INFO - Started process (PID=50) to work on /home/airflow/.local/lib/python3.6/site-packages/airflow/example_dags/example_kubernetes_executor.py
[2021-10-27 07:17:41,697] {processor.py:620} INFO - Processing file /home/airflow/.local/lib/python3.6/site-packages/airflow/example_dags/example_kubernetes_executor.py for tasks to queue
[2021-10-27 07:17:41,699] {logging_mixin.py:109} INFO - [2021-10-27 07:17:41,698] {dagbag.py:500} INFO - Filling up the DagBag from /home/airflow/.local/lib/python3.6/site-packages/airflow/example_dags/example_kubernetes_executor.py
[2021-10-27 07:17:41,923] {processor.py:632} INFO - DAG(s) dict_keys(['example_kubernetes_executor']) retrieved from /home/airflow/.local/lib/python3.6/site-packages/airflow/example_dags/example_kubernetes_executor.py
[2021-10-27 07:17:41,953] {logging_mixin.py:109} INFO - [2021-10-27 07:17:41,952] {dag.py:2389} INFO - Sync 1 DAGs
[2021-10-27 07:17:42,006] {logging_mixin.py:109} INFO - [2021-10-27 07:17:42,006] {dag.py:2914} INFO - Setting next_dagrun for example_kubernetes_executor to None
[2021-10-27 07:17:42,023] {processor.py:171} INFO - Processing /home/airflow/.local/lib/python3.6/site-packages/airflow/example_dags/example_kubernetes_executor.py took 0.334 seconds
[2021-10-27 07:18:12,637] {processor.py:163} INFO - Started process (PID=106) to work on /home/airflow/.local/lib/python3.6/site-packages/airflow/example_dags/example_kubernetes_executor.py
[2021-10-27 07:18:12,638] {processor.py:620} INFO - Processing file /home/airflow/.local/lib/python3.6/site-packages/airflow/example_dags/example_kubernetes_executor.py for tasks to queue
[2021-10-27 07:18:12,639] {logging_mixin.py:109} INFO - [2021-10-27 07:18:12,639] {dagbag.py:500} INFO - Filling up the DagBag from /home/airflow/.local/lib/python3.6/site-packages/airflow/example_dags/example_kubernetes_executor.py
[2021-10-27 07:18:12,669] {processor.py:632} INFO - DAG(s) dict_keys(['example_kubernetes_executor']) retrieved from /home/airflow/.local/lib/python3.6/site-packages/airflow/example_dags/example_kubernetes_executor.py
[2021-10-27 07:18:12,682] {logging_mixin.py:109} INFO - [2021-10-27 07:18:12,682] {dag.py:2389} INFO - Sync 1 DAGs
[2021-10-27 07:18:12,700] {logging_mixin.py:109} INFO - [2021-10-27 07:18:12,700] {dag.py:2914} INFO - Setting next_dagrun for example_kubernetes_executor to None
[2021-10-27 07:18:12,713] {processor.py:171} INFO - Processing /home/airflow/.local/lib/python3.6/site-packages/airflow/example_dags/example_kubernetes_executor.py took 0.079 seconds
[2021-10-27 07:18:43,022] {processor.py:163} INFO - Started process (PID=161) to work on /home/airflow/.local/lib/python3.6/site-packages/airflow/example_dags/example_kubernetes_executor.py
[2021-10-27 07:18:43,023] {processor.py:620} INFO - Processing file /home/airflow/.local/lib/python3.6/site-packages/airflow/example_dags/example_kubernetes_executor.py for tasks to queue
[2021-10-27 07:18:43,024] {logging_mixin.py:109} INFO - [2021-10-27 07:18:43,024] {dagbag.py:500} INFO - Filling up the DagBag from /home/airflow/.local/lib/python3.6/site-packages/airflow/example_dags/example_kubernetes_executor.py
[2021-10-27 07:18:43,049] {processor.py:632} INFO - DAG(s) dict_keys(['example_kubernetes_executor']) retrieved from /home/airflow/.local/lib/python3.6/site-packages/airflow/example_dags/example_kubernetes_executor.py
[2021-10-27 07:18:43,059] {logging_mixin.py:109} INFO - [2021-10-27 07:18:43,059] {dag.py:2389} INFO - Sync 1 DAGs
[2021-10-27 07:18:43,074] {logging_mixin.py:109} INFO - [2021-10-27 07:18:43,074] {dag.py:2914} INFO - Setting next_dagrun for example_kubernetes_executor to None
[2021-10-27 07:18:43,084] {processor.py:171} INFO - Processing /home/airflow/.local/lib/python3.6/site-packages/airflow/example_dags/example_kubernetes_executor.py took 0.065 seconds
[2021-10-27 07:19:13,217] {processor.py:163} INFO - Started process (PID=224) to work on /home/airflow/.local/lib/python3.6/site-packages/airflow/example_dags/example_kubernetes_executor.py
[2021-10-27 07:19:13,219] {processor.py:620} INFO - Processing file /home/airflow/.local/lib/python3.6/site-packages/airflow/example_dags/example_kubernetes_executor.py for tasks to queue
[2021-10-27 07:19:13,220] {logging_mixin.py:109} INFO - [2021-10-27 07:19:13,220] {dagbag.py:500} INFO - Filling up the DagBag from /home/airflow/.local/lib/python3.6/site-packages/airflow/example_dags/example_kubernetes_executor.py
[2021-10-27 07:19:13,261] {processor.py:632} INFO - DAG(s) dict_keys(['example_kubernetes_executor']) retrieved from /home/airflow/.local/lib/python3.6/site-packages/airflow/example_dags/example_kubernetes_executor.py
[2021-10-27 07:19:13,275] {logging_mixin.py:109} INFO - [2021-10-27 07:19:13,275] {dag.py:2389} INFO - Sync 1 DAGs
[2021-10-27 07:19:13,298] {logging_mixin.py:109} INFO - [2021-10-27 07:19:13,298] {dag.py:2914} INFO - Setting next_dagrun for example_kubernetes_executor to None
[2021-10-27 07:19:13,310] {processor.py:171} INFO - Processing /home/airflow/.local/lib/python3.6/site-packages/airflow/example_dags/example_kubernetes_executor.py took 0.098 seconds
[2021-10-27 07:19:43,906] {processor.py:163} INFO - Started process (PID=280) to work on /home/airflow/.local/lib/python3.6/site-packages/airflow/example_dags/example_kubernetes_executor.py
[2021-10-27 07:19:43,907] {processor.py:620} INFO - Processing file /home/airflow/.local/lib/python3.6/site-packages/airflow/example_dags/example_kubernetes_executor.py for tasks to queue
[2021-10-27 07:19:43,908] {logging_mixin.py:109} INFO - [2021-10-27 07:19:43,908] {dagbag.py:500} INFO - Filling up the DagBag from /home/airflow/.local/lib/python3.6/site-packages/airflow/example_dags/example_kubernetes_executor.py
[2021-10-27 07:19:43,941] {processor.py:632} INFO - DAG(s) dict_keys(['example_kubernetes_executor']) retrieved from /home/airflow/.local/lib/python3.6/site-packages/airflow/example_dags/example_kubernetes_executor.py
[2021-10-27 07:19:43,952] {logging_mixin.py:109} INFO - [2021-10-27 07:19:43,952] {dag.py:2389} INFO - Sync 1 DAGs
[2021-10-27 07:19:43,967] {logging_mixin.py:109} INFO - [2021-10-27 07:19:43,967] {dag.py:2914} INFO - Setting next_dagrun for example_kubernetes_executor to None
[2021-10-27 07:19:43,980] {processor.py:171} INFO - Processing /home/airflow/.local/lib/python3.6/site-packages/airflow/example_dags/example_kubernetes_executor.py took 0.078 seconds
[2021-10-27 07:20:14,884] {processor.py:163} INFO - Started process (PID=337) to work on /home/airflow/.local/lib/python3.6/site-packages/airflow/example_dags/example_kubernetes_executor.py
[2021-10-27 07:20:14,886] {processor.py:620} INFO - Processing file /home/airflow/.local/lib/python3.6/site-packages/airflow/example_dags/example_kubernetes_executor.py for tasks to queue
[2021-10-27 07:20:14,887] {logging_mixin.py:109} INFO - [2021-10-27 07:20:14,887] {dagbag.py:500} INFO - Filling up the DagBag from /home/airflow/.local/lib/python3.6/site-packages/airflow/example_dags/example_kubernetes_executor.py
[2021-10-27 07:20:14,920] {processor.py:632} INFO - DAG(s) dict_keys(['example_kubernetes_executor']) retrieved from /home/airflow/.local/lib/python3.6/site-packages/airflow/example_dags/example_kubernetes_executor.py
[2021-10-27 07:20:14,933] {logging_mixin.py:109} INFO - [2021-10-27 07:20:14,933] {dag.py:2389} INFO - Sync 1 DAGs
[2021-10-27 07:20:14,949] {logging_mixin.py:109} INFO - [2021-10-27 07:20:14,949] {dag.py:2914} INFO - Setting next_dagrun for example_kubernetes_executor to None
[2021-10-27 07:20:14,960] {processor.py:171} INFO - Processing /home/airflow/.local/lib/python3.6/site-packages/airflow/example_dags/example_kubernetes_executor.py took 0.079 seconds
[2021-10-27 07:20:45,108] {processor.py:163} INFO - Started process (PID=402) to work on /home/airflow/.local/lib/python3.6/site-packages/airflow/example_dags/example_kubernetes_executor.py
[2021-10-27 07:20:45,109] {processor.py:620} INFO - Processing file /home/airflow/.local/lib/python3.6/site-packages/airflow/example_dags/example_kubernetes_executor.py for tasks to queue
[2021-10-27 07:20:45,111] {logging_mixin.py:109} INFO - [2021-10-27 07:20:45,110] {dagbag.py:500} INFO - Filling up the DagBag from /home/airflow/.local/lib/python3.6/site-packages/airflow/example_dags/example_kubernetes_executor.py
[2021-10-27 07:20:45,138] {processor.py:632} INFO - DAG(s) dict_keys(['example_kubernetes_executor']) retrieved from /home/airflow/.local/lib/python3.6/site-packages/airflow/example_dags/example_kubernetes_executor.py
[2021-10-27 07:20:45,152] {logging_mixin.py:109} INFO - [2021-10-27 07:20:45,152] {dag.py:2389} INFO - Sync 1 DAGs
[2021-10-27 07:20:45,169] {logging_mixin.py:109} INFO - [2021-10-27 07:20:45,169] {dag.py:2914} INFO - Setting next_dagrun for example_kubernetes_executor to None
[2021-10-27 07:20:45,182] {processor.py:171} INFO - Processing /home/airflow/.local/lib/python3.6/site-packages/airflow/example_dags/example_kubernetes_executor.py took 0.078 seconds
[2021-10-27 07:21:15,321] {processor.py:163} INFO - Started process (PID=457) to work on /home/airflow/.local/lib/python3.6/site-packages/airflow/example_dags/example_kubernetes_executor.py
[2021-10-27 07:21:15,322] {processor.py:620} INFO - Processing file /home/airflow/.local/lib/python3.6/site-packages/airflow/example_dags/example_kubernetes_executor.py for tasks to queue
[2021-10-27 07:21:15,323] {logging_mixin.py:109} INFO - [2021-10-27 07:21:15,323] {dagbag.py:500} INFO - Filling up the DagBag from /home/airflow/.local/lib/python3.6/site-packages/airflow/example_dags/example_kubernetes_executor.py
[2021-10-27 07:21:15,351] {processor.py:632} INFO - DAG(s) dict_keys(['example_kubernetes_executor']) retrieved from /home/airflow/.local/lib/python3.6/site-packages/airflow/example_dags/example_kubernetes_executor.py
[2021-10-27 07:21:15,365] {logging_mixin.py:109} INFO - [2021-10-27 07:21:15,365] {dag.py:2389} INFO - Sync 1 DAGs
[2021-10-27 07:21:15,380] {logging_mixin.py:109} INFO - [2021-10-27 07:21:15,380] {dag.py:2914} INFO - Setting next_dagrun for example_kubernetes_executor to None
[2021-10-27 07:21:15,392] {processor.py:171} INFO - Processing /home/airflow/.local/lib/python3.6/site-packages/airflow/example_dags/example_kubernetes_executor.py took 0.075 seconds
[2021-10-27 07:21:45,959] {processor.py:163} INFO - Started process (PID=522) to work on /home/airflow/.local/lib/python3.6/site-packages/airflow/example_dags/example_kubernetes_executor.py
[2021-10-27 07:21:45,961] {processor.py:620} INFO - Processing file /home/airflow/.local/lib/python3.6/site-packages/airflow/example_dags/example_kubernetes_executor.py for tasks to queue
[2021-10-27 07:21:45,962] {logging_mixin.py:109} INFO - [2021-10-27 07:21:45,962] {dagbag.py:500} INFO - Filling up the DagBag from /home/airflow/.local/lib/python3.6/site-packages/airflow/example_dags/example_kubernetes_executor.py
[2021-10-27 07:21:45,992] {processor.py:632} INFO - DAG(s) dict_keys(['example_kubernetes_executor']) retrieved from /home/airflow/.local/lib/python3.6/site-packages/airflow/example_dags/example_kubernetes_executor.py
[2021-10-27 07:21:46,002] {logging_mixin.py:109} INFO - [2021-10-27 07:21:46,002] {dag.py:2389} INFO - Sync 1 DAGs
[2021-10-27 07:21:46,017] {logging_mixin.py:109} INFO - [2021-10-27 07:21:46,017] {dag.py:2914} INFO - Setting next_dagrun for example_kubernetes_executor to None
[2021-10-27 07:21:46,028] {processor.py:171} INFO - Processing /home/airflow/.local/lib/python3.6/site-packages/airflow/example_dags/example_kubernetes_executor.py took 0.073 seconds
[2021-10-27 07:22:16,414] {processor.py:163} INFO - Started process (PID=577) to work on /home/airflow/.local/lib/python3.6/site-packages/airflow/example_dags/example_kubernetes_executor.py
[2021-10-27 07:22:16,415] {processor.py:620} INFO - Processing file /home/airflow/.local/lib/python3.6/site-packages/airflow/example_dags/example_kubernetes_executor.py for tasks to queue
[2021-10-27 07:22:16,416] {logging_mixin.py:109} INFO - [2021-10-27 07:22:16,416] {dagbag.py:500} INFO - Filling up the DagBag from /home/airflow/.local/lib/python3.6/site-packages/airflow/example_dags/example_kubernetes_executor.py
[2021-10-27 07:22:16,446] {processor.py:632} INFO - DAG(s) dict_keys(['example_kubernetes_executor']) retrieved from /home/airflow/.local/lib/python3.6/site-packages/airflow/example_dags/example_kubernetes_executor.py
[2021-10-27 07:22:16,458] {logging_mixin.py:109} INFO - [2021-10-27 07:22:16,458] {dag.py:2389} INFO - Sync 1 DAGs
[2021-10-27 07:22:16,473] {logging_mixin.py:109} INFO - [2021-10-27 07:22:16,473] {dag.py:2914} INFO - Setting next_dagrun for example_kubernetes_executor to None
[2021-10-27 07:22:16,485] {processor.py:171} INFO - Processing /home/airflow/.local/lib/python3.6/site-packages/airflow/example_dags/example_kubernetes_executor.py took 0.075 seconds
[2021-10-27 07:22:46,622] {processor.py:163} INFO - Started process (PID=643) to work on /home/airflow/.local/lib/python3.6/site-packages/airflow/example_dags/example_kubernetes_executor.py
[2021-10-27 07:22:46,624] {processor.py:620} INFO - Processing file /home/airflow/.local/lib/python3.6/site-packages/airflow/example_dags/example_kubernetes_executor.py for tasks to queue
[2021-10-27 07:22:46,625] {logging_mixin.py:109} INFO - [2021-10-27 07:22:46,625] {dagbag.py:500} INFO - Filling up the DagBag from /home/airflow/.local/lib/python3.6/site-packages/airflow/example_dags/example_kubernetes_executor.py
[2021-10-27 07:22:46,685] {processor.py:632} INFO - DAG(s) dict_keys(['example_kubernetes_executor']) retrieved from /home/airflow/.local/lib/python3.6/site-packages/airflow/example_dags/example_kubernetes_executor.py
[2021-10-27 07:22:46,704] {logging_mixin.py:109} INFO - [2021-10-27 07:22:46,704] {dag.py:2389} INFO - Sync 1 DAGs
[2021-10-27 07:22:46,737] {logging_mixin.py:109} INFO - [2021-10-27 07:22:46,737] {dag.py:2914} INFO - Setting next_dagrun for example_kubernetes_executor to None
[2021-10-27 07:22:46,771] {processor.py:171} INFO - Processing /home/airflow/.local/lib/python3.6/site-packages/airflow/example_dags/example_kubernetes_executor.py took 0.152 seconds
[2021-10-27 07:23:17,024] {processor.py:163} INFO - Started process (PID=698) to work on /home/airflow/.local/lib/python3.6/site-packages/airflow/example_dags/example_kubernetes_executor.py
[2021-10-27 07:23:17,025] {processor.py:620} INFO - Processing file /home/airflow/.local/lib/python3.6/site-packages/airflow/example_dags/example_kubernetes_executor.py for tasks to queue
[2021-10-27 07:23:17,026] {logging_mixin.py:109} INFO - [2021-10-27 07:23:17,025] {dagbag.py:500} INFO - Filling up the DagBag from /home/airflow/.local/lib/python3.6/site-packages/airflow/example_dags/example_kubernetes_executor.py
[2021-10-27 07:23:17,053] {processor.py:632} INFO - DAG(s) dict_keys(['example_kubernetes_executor']) retrieved from /home/airflow/.local/lib/python3.6/site-packages/airflow/example_dags/example_kubernetes_executor.py
[2021-10-27 07:23:17,064] {logging_mixin.py:109} INFO - [2021-10-27 07:23:17,064] {dag.py:2389} INFO - Sync 1 DAGs
[2021-10-27 07:23:17,079] {logging_mixin.py:109} INFO - [2021-10-27 07:23:17,079] {dag.py:2914} INFO - Setting next_dagrun for example_kubernetes_executor to None
[2021-10-27 07:23:17,090] {processor.py:171} INFO - Processing /home/airflow/.local/lib/python3.6/site-packages/airflow/example_dags/example_kubernetes_executor.py took 0.070 seconds
[2021-10-27 07:23:47,713] {processor.py:163} INFO - Started process (PID=762) to work on /home/airflow/.local/lib/python3.6/site-packages/airflow/example_dags/example_kubernetes_executor.py
[2021-10-27 07:23:47,714] {processor.py:620} INFO - Processing file /home/airflow/.local/lib/python3.6/site-packages/airflow/example_dags/example_kubernetes_executor.py for tasks to queue
[2021-10-27 07:23:47,715] {logging_mixin.py:109} INFO - [2021-10-27 07:23:47,715] {dagbag.py:500} INFO - Filling up the DagBag from /home/airflow/.local/lib/python3.6/site-packages/airflow/example_dags/example_kubernetes_executor.py
[2021-10-27 07:23:47,796] {processor.py:632} INFO - DAG(s) dict_keys(['example_kubernetes_executor']) retrieved from /home/airflow/.local/lib/python3.6/site-packages/airflow/example_dags/example_kubernetes_executor.py
[2021-10-27 07:23:47,809] {logging_mixin.py:109} INFO - [2021-10-27 07:23:47,809] {dag.py:2389} INFO - Sync 1 DAGs
[2021-10-27 07:23:47,834] {logging_mixin.py:109} INFO - [2021-10-27 07:23:47,834] {dag.py:2914} INFO - Setting next_dagrun for example_kubernetes_executor to None
[2021-10-27 07:23:47,849] {processor.py:171} INFO - Processing /home/airflow/.local/lib/python3.6/site-packages/airflow/example_dags/example_kubernetes_executor.py took 0.141 seconds
[2021-10-27 07:24:18,566] {processor.py:163} INFO - Started process (PID=819) to work on /home/airflow/.local/lib/python3.6/site-packages/airflow/example_dags/example_kubernetes_executor.py
[2021-10-27 07:24:18,568] {processor.py:620} INFO - Processing file /home/airflow/.local/lib/python3.6/site-packages/airflow/example_dags/example_kubernetes_executor.py for tasks to queue
[2021-10-27 07:24:18,568] {logging_mixin.py:109} INFO - [2021-10-27 07:24:18,568] {dagbag.py:500} INFO - Filling up the DagBag from /home/airflow/.local/lib/python3.6/site-packages/airflow/example_dags/example_kubernetes_executor.py
[2021-10-27 07:24:18,598] {processor.py:632} INFO - DAG(s) dict_keys(['example_kubernetes_executor']) retrieved from /home/airflow/.local/lib/python3.6/site-packages/airflow/example_dags/example_kubernetes_executor.py
[2021-10-27 07:24:18,609] {logging_mixin.py:109} INFO - [2021-10-27 07:24:18,609] {dag.py:2389} INFO - Sync 1 DAGs
[2021-10-27 07:24:18,625] {logging_mixin.py:109} INFO - [2021-10-27 07:24:18,625] {dag.py:2914} INFO - Setting next_dagrun for example_kubernetes_executor to None
[2021-10-27 07:24:18,637] {processor.py:171} INFO - Processing /home/airflow/.local/lib/python3.6/site-packages/airflow/example_dags/example_kubernetes_executor.py took 0.074 seconds
[2021-10-27 07:24:49,410] {processor.py:163} INFO - Started process (PID=884) to work on /home/airflow/.local/lib/python3.6/site-packages/airflow/example_dags/example_kubernetes_executor.py
[2021-10-27 07:24:49,412] {processor.py:620} INFO - Processing file /home/airflow/.local/lib/python3.6/site-packages/airflow/example_dags/example_kubernetes_executor.py for tasks to queue
[2021-10-27 07:24:49,413] {logging_mixin.py:109} INFO - [2021-10-27 07:24:49,413] {dagbag.py:500} INFO - Filling up the DagBag from /home/airflow/.local/lib/python3.6/site-packages/airflow/example_dags/example_kubernetes_executor.py
[2021-10-27 07:24:49,447] {processor.py:632} INFO - DAG(s) dict_keys(['example_kubernetes_executor']) retrieved from /home/airflow/.local/lib/python3.6/site-packages/airflow/example_dags/example_kubernetes_executor.py
[2021-10-27 07:24:49,460] {logging_mixin.py:109} INFO - [2021-10-27 07:24:49,459] {dag.py:2389} INFO - Sync 1 DAGs
[2021-10-27 07:24:49,479] {logging_mixin.py:109} INFO - [2021-10-27 07:24:49,479] {dag.py:2914} INFO - Setting next_dagrun for example_kubernetes_executor to None
[2021-10-27 07:24:49,493] {processor.py:171} INFO - Processing /home/airflow/.local/lib/python3.6/site-packages/airflow/example_dags/example_kubernetes_executor.py took 0.088 seconds
[2021-10-27 07:25:20,017] {processor.py:163} INFO - Started process (PID=939) to work on /home/airflow/.local/lib/python3.6/site-packages/airflow/example_dags/example_kubernetes_executor.py
[2021-10-27 07:25:20,018] {processor.py:620} INFO - Processing file /home/airflow/.local/lib/python3.6/site-packages/airflow/example_dags/example_kubernetes_executor.py for tasks to queue
[2021-10-27 07:25:20,020] {logging_mixin.py:109} INFO - [2021-10-27 07:25:20,019] {dagbag.py:500} INFO - Filling up the DagBag from /home/airflow/.local/lib/python3.6/site-packages/airflow/example_dags/example_kubernetes_executor.py
[2021-10-27 07:25:20,046] {processor.py:632} INFO - DAG(s) dict_keys(['example_kubernetes_executor']) retrieved from /home/airflow/.local/lib/python3.6/site-packages/airflow/example_dags/example_kubernetes_executor.py
[2021-10-27 07:25:20,057] {logging_mixin.py:109} INFO - [2021-10-27 07:25:20,057] {dag.py:2389} INFO - Sync 1 DAGs
[2021-10-27 07:25:20,073] {logging_mixin.py:109} INFO - [2021-10-27 07:25:20,073] {dag.py:2914} INFO - Setting next_dagrun for example_kubernetes_executor to None
[2021-10-27 07:25:20,083] {processor.py:171} INFO - Processing /home/airflow/.local/lib/python3.6/site-packages/airflow/example_dags/example_kubernetes_executor.py took 0.069 seconds
[2021-10-27 07:25:50,152] {processor.py:163} INFO - Started process (PID=1000) to work on /home/airflow/.local/lib/python3.6/site-packages/airflow/example_dags/example_kubernetes_executor.py
[2021-10-27 07:25:50,153] {processor.py:620} INFO - Processing file /home/airflow/.local/lib/python3.6/site-packages/airflow/example_dags/example_kubernetes_executor.py for tasks to queue
[2021-10-27 07:25:50,154] {logging_mixin.py:109} INFO - [2021-10-27 07:25:50,154] {dagbag.py:500} INFO - Filling up the DagBag from /home/airflow/.local/lib/python3.6/site-packages/airflow/example_dags/example_kubernetes_executor.py
[2021-10-27 07:25:50,192] {processor.py:632} INFO - DAG(s) dict_keys(['example_kubernetes_executor']) retrieved from /home/airflow/.local/lib/python3.6/site-packages/airflow/example_dags/example_kubernetes_executor.py
[2021-10-27 07:25:50,207] {logging_mixin.py:109} INFO - [2021-10-27 07:25:50,207] {dag.py:2389} INFO - Sync 1 DAGs
[2021-10-27 07:25:50,225] {logging_mixin.py:109} INFO - [2021-10-27 07:25:50,225] {dag.py:2914} INFO - Setting next_dagrun for example_kubernetes_executor to None
[2021-10-27 07:25:50,237] {processor.py:171} INFO - Processing /home/airflow/.local/lib/python3.6/site-packages/airflow/example_dags/example_kubernetes_executor.py took 0.088 seconds
[2021-10-27 07:26:20,906] {processor.py:163} INFO - Started process (PID=1061) to work on /home/airflow/.local/lib/python3.6/site-packages/airflow/example_dags/example_kubernetes_executor.py
[2021-10-27 07:26:20,907] {processor.py:620} INFO - Processing file /home/airflow/.local/lib/python3.6/site-packages/airflow/example_dags/example_kubernetes_executor.py for tasks to queue
[2021-10-27 07:26:20,908] {logging_mixin.py:109} INFO - [2021-10-27 07:26:20,908] {dagbag.py:500} INFO - Filling up the DagBag from /home/airflow/.local/lib/python3.6/site-packages/airflow/example_dags/example_kubernetes_executor.py
[2021-10-27 07:26:20,937] {processor.py:632} INFO - DAG(s) dict_keys(['example_kubernetes_executor']) retrieved from /home/airflow/.local/lib/python3.6/site-packages/airflow/example_dags/example_kubernetes_executor.py
[2021-10-27 07:26:20,948] {logging_mixin.py:109} INFO - [2021-10-27 07:26:20,948] {dag.py:2389} INFO - Sync 1 DAGs
[2021-10-27 07:26:20,962] {logging_mixin.py:109} INFO - [2021-10-27 07:26:20,962] {dag.py:2914} INFO - Setting next_dagrun for example_kubernetes_executor to None
[2021-10-27 07:26:20,974] {processor.py:171} INFO - Processing /home/airflow/.local/lib/python3.6/site-packages/airflow/example_dags/example_kubernetes_executor.py took 0.071 seconds
[2021-10-27 07:28:03,509] {processor.py:163} INFO - Started process (PID=47) to work on /home/airflow/.local/lib/python3.6/site-packages/airflow/example_dags/example_kubernetes_executor.py
[2021-10-27 07:28:03,511] {processor.py:620} INFO - Processing file /home/airflow/.local/lib/python3.6/site-packages/airflow/example_dags/example_kubernetes_executor.py for tasks to queue
[2021-10-27 07:28:03,513] {logging_mixin.py:109} INFO - [2021-10-27 07:28:03,513] {dagbag.py:500} INFO - Filling up the DagBag from /home/airflow/.local/lib/python3.6/site-packages/airflow/example_dags/example_kubernetes_executor.py
[2021-10-27 07:28:03,556] {processor.py:632} INFO - DAG(s) dict_keys(['example_kubernetes_executor']) retrieved from /home/airflow/.local/lib/python3.6/site-packages/airflow/example_dags/example_kubernetes_executor.py
[2021-10-27 07:28:03,574] {logging_mixin.py:109} INFO - [2021-10-27 07:28:03,574] {dag.py:2389} INFO - Sync 1 DAGs
[2021-10-27 07:28:03,599] {logging_mixin.py:109} INFO - [2021-10-27 07:28:03,599] {dag.py:2914} INFO - Setting next_dagrun for example_kubernetes_executor to None
[2021-10-27 07:28:03,614] {processor.py:171} INFO - Processing /home/airflow/.local/lib/python3.6/site-packages/airflow/example_dags/example_kubernetes_executor.py took 0.111 seconds
[2021-10-27 07:28:34,480] {processor.py:163} INFO - Started process (PID=101) to work on /home/airflow/.local/lib/python3.6/site-packages/airflow/example_dags/example_kubernetes_executor.py
[2021-10-27 07:28:34,481] {processor.py:620} INFO - Processing file /home/airflow/.local/lib/python3.6/site-packages/airflow/example_dags/example_kubernetes_executor.py for tasks to queue
[2021-10-27 07:28:34,482] {logging_mixin.py:109} INFO - [2021-10-27 07:28:34,482] {dagbag.py:500} INFO - Filling up the DagBag from /home/airflow/.local/lib/python3.6/site-packages/airflow/example_dags/example_kubernetes_executor.py
[2021-10-27 07:28:34,515] {processor.py:632} INFO - DAG(s) dict_keys(['example_kubernetes_executor']) retrieved from /home/airflow/.local/lib/python3.6/site-packages/airflow/example_dags/example_kubernetes_executor.py
[2021-10-27 07:28:34,527] {logging_mixin.py:109} INFO - [2021-10-27 07:28:34,527] {dag.py:2389} INFO - Sync 1 DAGs
[2021-10-27 07:28:34,544] {logging_mixin.py:109} INFO - [2021-10-27 07:28:34,544] {dag.py:2914} INFO - Setting next_dagrun for example_kubernetes_executor to None
[2021-10-27 07:28:34,556] {processor.py:171} INFO - Processing /home/airflow/.local/lib/python3.6/site-packages/airflow/example_dags/example_kubernetes_executor.py took 0.079 seconds
[2021-10-27 07:29:04,887] {processor.py:163} INFO - Started process (PID=167) to work on /home/airflow/.local/lib/python3.6/site-packages/airflow/example_dags/example_kubernetes_executor.py
[2021-10-27 07:29:04,889] {processor.py:620} INFO - Processing file /home/airflow/.local/lib/python3.6/site-packages/airflow/example_dags/example_kubernetes_executor.py for tasks to queue
[2021-10-27 07:29:04,890] {logging_mixin.py:109} INFO - [2021-10-27 07:29:04,890] {dagbag.py:500} INFO - Filling up the DagBag from /home/airflow/.local/lib/python3.6/site-packages/airflow/example_dags/example_kubernetes_executor.py
[2021-10-27 07:29:04,925] {processor.py:632} INFO - DAG(s) dict_keys(['example_kubernetes_executor']) retrieved from /home/airflow/.local/lib/python3.6/site-packages/airflow/example_dags/example_kubernetes_executor.py
[2021-10-27 07:29:04,942] {logging_mixin.py:109} INFO - [2021-10-27 07:29:04,942] {dag.py:2389} INFO - Sync 1 DAGs
[2021-10-27 07:29:04,961] {logging_mixin.py:109} INFO - [2021-10-27 07:29:04,961] {dag.py:2914} INFO - Setting next_dagrun for example_kubernetes_executor to None
[2021-10-27 07:29:04,973] {processor.py:171} INFO - Processing /home/airflow/.local/lib/python3.6/site-packages/airflow/example_dags/example_kubernetes_executor.py took 0.090 seconds
[2021-10-27 07:29:35,304] {processor.py:163} INFO - Started process (PID=223) to work on /home/airflow/.local/lib/python3.6/site-packages/airflow/example_dags/example_kubernetes_executor.py
[2021-10-27 07:29:35,306] {processor.py:620} INFO - Processing file /home/airflow/.local/lib/python3.6/site-packages/airflow/example_dags/example_kubernetes_executor.py for tasks to queue
[2021-10-27 07:29:35,306] {logging_mixin.py:109} INFO - [2021-10-27 07:29:35,306] {dagbag.py:500} INFO - Filling up the DagBag from /home/airflow/.local/lib/python3.6/site-packages/airflow/example_dags/example_kubernetes_executor.py
[2021-10-27 07:29:35,337] {processor.py:632} INFO - DAG(s) dict_keys(['example_kubernetes_executor']) retrieved from /home/airflow/.local/lib/python3.6/site-packages/airflow/example_dags/example_kubernetes_executor.py
[2021-10-27 07:29:35,348] {logging_mixin.py:109} INFO - [2021-10-27 07:29:35,348] {dag.py:2389} INFO - Sync 1 DAGs
[2021-10-27 07:29:35,365] {logging_mixin.py:109} INFO - [2021-10-27 07:29:35,365] {dag.py:2914} INFO - Setting next_dagrun for example_kubernetes_executor to None
[2021-10-27 07:29:35,376] {processor.py:171} INFO - Processing /home/airflow/.local/lib/python3.6/site-packages/airflow/example_dags/example_kubernetes_executor.py took 0.077 seconds
[2021-10-27 07:30:05,465] {processor.py:163} INFO - Started process (PID=289) to work on /home/airflow/.local/lib/python3.6/site-packages/airflow/example_dags/example_kubernetes_executor.py
[2021-10-27 07:30:05,466] {processor.py:620} INFO - Processing file /home/airflow/.local/lib/python3.6/site-packages/airflow/example_dags/example_kubernetes_executor.py for tasks to queue
[2021-10-27 07:30:05,467] {logging_mixin.py:109} INFO - [2021-10-27 07:30:05,467] {dagbag.py:500} INFO - Filling up the DagBag from /home/airflow/.local/lib/python3.6/site-packages/airflow/example_dags/example_kubernetes_executor.py
[2021-10-27 07:30:05,494] {processor.py:632} INFO - DAG(s) dict_keys(['example_kubernetes_executor']) retrieved from /home/airflow/.local/lib/python3.6/site-packages/airflow/example_dags/example_kubernetes_executor.py
[2021-10-27 07:30:05,507] {logging_mixin.py:109} INFO - [2021-10-27 07:30:05,507] {dag.py:2389} INFO - Sync 1 DAGs
[2021-10-27 07:30:05,523] {logging_mixin.py:109} INFO - [2021-10-27 07:30:05,523] {dag.py:2914} INFO - Setting next_dagrun for example_kubernetes_executor to None
[2021-10-27 07:30:05,534] {processor.py:171} INFO - Processing /home/airflow/.local/lib/python3.6/site-packages/airflow/example_dags/example_kubernetes_executor.py took 0.072 seconds
[2021-10-27 07:30:35,849] {processor.py:163} INFO - Started process (PID=344) to work on /home/airflow/.local/lib/python3.6/site-packages/airflow/example_dags/example_kubernetes_executor.py
[2021-10-27 07:30:35,850] {processor.py:620} INFO - Processing file /home/airflow/.local/lib/python3.6/site-packages/airflow/example_dags/example_kubernetes_executor.py for tasks to queue
[2021-10-27 07:30:35,852] {logging_mixin.py:109} INFO - [2021-10-27 07:30:35,852] {dagbag.py:500} INFO - Filling up the DagBag from /home/airflow/.local/lib/python3.6/site-packages/airflow/example_dags/example_kubernetes_executor.py
[2021-10-27 07:30:35,903] {processor.py:632} INFO - DAG(s) dict_keys(['example_kubernetes_executor']) retrieved from /home/airflow/.local/lib/python3.6/site-packages/airflow/example_dags/example_kubernetes_executor.py
[2021-10-27 07:30:35,923] {logging_mixin.py:109} INFO - [2021-10-27 07:30:35,923] {dag.py:2389} INFO - Sync 1 DAGs
[2021-10-27 07:30:35,948] {logging_mixin.py:109} INFO - [2021-10-27 07:30:35,948] {dag.py:2914} INFO - Setting next_dagrun for example_kubernetes_executor to None
[2021-10-27 07:30:35,964] {processor.py:171} INFO - Processing /home/airflow/.local/lib/python3.6/site-packages/airflow/example_dags/example_kubernetes_executor.py took 0.119 seconds
[2021-10-27 07:31:06,191] {processor.py:163} INFO - Started process (PID=408) to work on /home/airflow/.local/lib/python3.6/site-packages/airflow/example_dags/example_kubernetes_executor.py
[2021-10-27 07:31:06,192] {processor.py:620} INFO - Processing file /home/airflow/.local/lib/python3.6/site-packages/airflow/example_dags/example_kubernetes_executor.py for tasks to queue
[2021-10-27 07:31:06,193] {logging_mixin.py:109} INFO - [2021-10-27 07:31:06,193] {dagbag.py:500} INFO - Filling up the DagBag from /home/airflow/.local/lib/python3.6/site-packages/airflow/example_dags/example_kubernetes_executor.py
[2021-10-27 07:31:06,228] {processor.py:632} INFO - DAG(s) dict_keys(['example_kubernetes_executor']) retrieved from /home/airflow/.local/lib/python3.6/site-packages/airflow/example_dags/example_kubernetes_executor.py
[2021-10-27 07:31:06,241] {logging_mixin.py:109} INFO - [2021-10-27 07:31:06,241] {dag.py:2389} INFO - Sync 1 DAGs
[2021-10-27 07:31:06,259] {logging_mixin.py:109} INFO - [2021-10-27 07:31:06,259] {dag.py:2914} INFO - Setting next_dagrun for example_kubernetes_executor to None
[2021-10-27 07:31:06,270] {processor.py:171} INFO - Processing /home/airflow/.local/lib/python3.6/site-packages/airflow/example_dags/example_kubernetes_executor.py took 0.083 seconds
[2021-10-27 07:31:36,818] {processor.py:163} INFO - Started process (PID=462) to work on /home/airflow/.local/lib/python3.6/site-packages/airflow/example_dags/example_kubernetes_executor.py
[2021-10-27 07:31:36,819] {processor.py:620} INFO - Processing file /home/airflow/.local/lib/python3.6/site-packages/airflow/example_dags/example_kubernetes_executor.py for tasks to queue
[2021-10-27 07:31:36,820] {logging_mixin.py:109} INFO - [2021-10-27 07:31:36,820] {dagbag.py:500} INFO - Filling up the DagBag from /home/airflow/.local/lib/python3.6/site-packages/airflow/example_dags/example_kubernetes_executor.py
[2021-10-27 07:31:36,846] {processor.py:632} INFO - DAG(s) dict_keys(['example_kubernetes_executor']) retrieved from /home/airflow/.local/lib/python3.6/site-packages/airflow/example_dags/example_kubernetes_executor.py
[2021-10-27 07:31:36,858] {logging_mixin.py:109} INFO - [2021-10-27 07:31:36,858] {dag.py:2389} INFO - Sync 1 DAGs
[2021-10-27 07:31:36,872] {logging_mixin.py:109} INFO - [2021-10-27 07:31:36,872] {dag.py:2914} INFO - Setting next_dagrun for example_kubernetes_executor to None
[2021-10-27 07:31:36,884] {processor.py:171} INFO - Processing /home/airflow/.local/lib/python3.6/site-packages/airflow/example_dags/example_kubernetes_executor.py took 0.069 seconds
[2021-10-27 07:32:07,419] {processor.py:163} INFO - Started process (PID=518) to work on /home/airflow/.local/lib/python3.6/site-packages/airflow/example_dags/example_kubernetes_executor.py
[2021-10-27 07:32:07,420] {processor.py:620} INFO - Processing file /home/airflow/.local/lib/python3.6/site-packages/airflow/example_dags/example_kubernetes_executor.py for tasks to queue
[2021-10-27 07:32:07,421] {logging_mixin.py:109} INFO - [2021-10-27 07:32:07,421] {dagbag.py:500} INFO - Filling up the DagBag from /home/airflow/.local/lib/python3.6/site-packages/airflow/example_dags/example_kubernetes_executor.py
[2021-10-27 07:32:07,469] {processor.py:632} INFO - DAG(s) dict_keys(['example_kubernetes_executor']) retrieved from /home/airflow/.local/lib/python3.6/site-packages/airflow/example_dags/example_kubernetes_executor.py
[2021-10-27 07:32:07,481] {logging_mixin.py:109} INFO - [2021-10-27 07:32:07,481] {dag.py:2389} INFO - Sync 1 DAGs
[2021-10-27 07:32:07,495] {logging_mixin.py:109} INFO - [2021-10-27 07:32:07,495] {dag.py:2914} INFO - Setting next_dagrun for example_kubernetes_executor to None
[2021-10-27 07:32:07,504] {processor.py:171} INFO - Processing /home/airflow/.local/lib/python3.6/site-packages/airflow/example_dags/example_kubernetes_executor.py took 0.088 seconds
[2021-10-27 07:32:37,934] {processor.py:163} INFO - Started process (PID=583) to work on /home/airflow/.local/lib/python3.6/site-packages/airflow/example_dags/example_kubernetes_executor.py
[2021-10-27 07:32:37,936] {processor.py:620} INFO - Processing file /home/airflow/.local/lib/python3.6/site-packages/airflow/example_dags/example_kubernetes_executor.py for tasks to queue
[2021-10-27 07:32:37,937] {logging_mixin.py:109} INFO - [2021-10-27 07:32:37,937] {dagbag.py:500} INFO - Filling up the DagBag from /home/airflow/.local/lib/python3.6/site-packages/airflow/example_dags/example_kubernetes_executor.py
[2021-10-27 07:32:37,964] {processor.py:632} INFO - DAG(s) dict_keys(['example_kubernetes_executor']) retrieved from /home/airflow/.local/lib/python3.6/site-packages/airflow/example_dags/example_kubernetes_executor.py
[2021-10-27 07:32:37,975] {logging_mixin.py:109} INFO - [2021-10-27 07:32:37,975] {dag.py:2389} INFO - Sync 1 DAGs
[2021-10-27 07:32:37,989] {logging_mixin.py:109} INFO - [2021-10-27 07:32:37,989] {dag.py:2914} INFO - Setting next_dagrun for example_kubernetes_executor to None
[2021-10-27 07:32:38,001] {processor.py:171} INFO - Processing /home/airflow/.local/lib/python3.6/site-packages/airflow/example_dags/example_kubernetes_executor.py took 0.069 seconds
[2021-10-27 07:33:08,502] {processor.py:163} INFO - Started process (PID=638) to work on /home/airflow/.local/lib/python3.6/site-packages/airflow/example_dags/example_kubernetes_executor.py
[2021-10-27 07:33:08,503] {processor.py:620} INFO - Processing file /home/airflow/.local/lib/python3.6/site-packages/airflow/example_dags/example_kubernetes_executor.py for tasks to queue
[2021-10-27 07:33:08,505] {logging_mixin.py:109} INFO - [2021-10-27 07:33:08,505] {dagbag.py:500} INFO - Filling up the DagBag from /home/airflow/.local/lib/python3.6/site-packages/airflow/example_dags/example_kubernetes_executor.py
[2021-10-27 07:33:08,531] {processor.py:632} INFO - DAG(s) dict_keys(['example_kubernetes_executor']) retrieved from /home/airflow/.local/lib/python3.6/site-packages/airflow/example_dags/example_kubernetes_executor.py
[2021-10-27 07:33:08,542] {logging_mixin.py:109} INFO - [2021-10-27 07:33:08,541] {dag.py:2389} INFO - Sync 1 DAGs
[2021-10-27 07:33:08,556] {logging_mixin.py:109} INFO - [2021-10-27 07:33:08,556] {dag.py:2914} INFO - Setting next_dagrun for example_kubernetes_executor to None
[2021-10-27 07:33:08,567] {processor.py:171} INFO - Processing /home/airflow/.local/lib/python3.6/site-packages/airflow/example_dags/example_kubernetes_executor.py took 0.068 seconds
[2021-10-27 07:33:38,674] {processor.py:163} INFO - Started process (PID=704) to work on /home/airflow/.local/lib/python3.6/site-packages/airflow/example_dags/example_kubernetes_executor.py
[2021-10-27 07:33:38,675] {processor.py:620} INFO - Processing file /home/airflow/.local/lib/python3.6/site-packages/airflow/example_dags/example_kubernetes_executor.py for tasks to queue
[2021-10-27 07:33:38,676] {logging_mixin.py:109} INFO - [2021-10-27 07:33:38,676] {dagbag.py:500} INFO - Filling up the DagBag from /home/airflow/.local/lib/python3.6/site-packages/airflow/example_dags/example_kubernetes_executor.py
[2021-10-27 07:33:38,707] {processor.py:632} INFO - DAG(s) dict_keys(['example_kubernetes_executor']) retrieved from /home/airflow/.local/lib/python3.6/site-packages/airflow/example_dags/example_kubernetes_executor.py
[2021-10-27 07:33:38,718] {logging_mixin.py:109} INFO - [2021-10-27 07:33:38,718] {dag.py:2389} INFO - Sync 1 DAGs
[2021-10-27 07:33:38,734] {logging_mixin.py:109} INFO - [2021-10-27 07:33:38,734] {dag.py:2914} INFO - Setting next_dagrun for example_kubernetes_executor to None
[2021-10-27 07:33:38,744] {processor.py:171} INFO - Processing /home/airflow/.local/lib/python3.6/site-packages/airflow/example_dags/example_kubernetes_executor.py took 0.074 seconds
[2021-10-27 07:34:08,983] {processor.py:163} INFO - Started process (PID=759) to work on /home/airflow/.local/lib/python3.6/site-packages/airflow/example_dags/example_kubernetes_executor.py
[2021-10-27 07:34:08,984] {processor.py:620} INFO - Processing file /home/airflow/.local/lib/python3.6/site-packages/airflow/example_dags/example_kubernetes_executor.py for tasks to queue
[2021-10-27 07:34:08,985] {logging_mixin.py:109} INFO - [2021-10-27 07:34:08,985] {dagbag.py:500} INFO - Filling up the DagBag from /home/airflow/.local/lib/python3.6/site-packages/airflow/example_dags/example_kubernetes_executor.py
[2021-10-27 07:34:09,012] {processor.py:632} INFO - DAG(s) dict_keys(['example_kubernetes_executor']) retrieved from /home/airflow/.local/lib/python3.6/site-packages/airflow/example_dags/example_kubernetes_executor.py
[2021-10-27 07:34:09,024] {logging_mixin.py:109} INFO - [2021-10-27 07:34:09,024] {dag.py:2389} INFO - Sync 1 DAGs
[2021-10-27 07:34:09,038] {logging_mixin.py:109} INFO - [2021-10-27 07:34:09,038] {dag.py:2914} INFO - Setting next_dagrun for example_kubernetes_executor to None
[2021-10-27 07:34:09,048] {processor.py:171} INFO - Processing /home/airflow/.local/lib/python3.6/site-packages/airflow/example_dags/example_kubernetes_executor.py took 0.068 seconds
[2021-10-27 07:34:39,119] {processor.py:163} INFO - Started process (PID=824) to work on /home/airflow/.local/lib/python3.6/site-packages/airflow/example_dags/example_kubernetes_executor.py
[2021-10-27 07:34:39,120] {processor.py:620} INFO - Processing file /home/airflow/.local/lib/python3.6/site-packages/airflow/example_dags/example_kubernetes_executor.py for tasks to queue
[2021-10-27 07:34:39,121] {logging_mixin.py:109} INFO - [2021-10-27 07:34:39,121] {dagbag.py:500} INFO - Filling up the DagBag from /home/airflow/.local/lib/python3.6/site-packages/airflow/example_dags/example_kubernetes_executor.py
[2021-10-27 07:34:39,151] {processor.py:632} INFO - DAG(s) dict_keys(['example_kubernetes_executor']) retrieved from /home/airflow/.local/lib/python3.6/site-packages/airflow/example_dags/example_kubernetes_executor.py
[2021-10-27 07:34:39,163] {logging_mixin.py:109} INFO - [2021-10-27 07:34:39,163] {dag.py:2389} INFO - Sync 1 DAGs
[2021-10-27 07:34:39,178] {logging_mixin.py:109} INFO - [2021-10-27 07:34:39,178] {dag.py:2914} INFO - Setting next_dagrun for example_kubernetes_executor to None
[2021-10-27 07:34:39,188] {processor.py:171} INFO - Processing /home/airflow/.local/lib/python3.6/site-packages/airflow/example_dags/example_kubernetes_executor.py took 0.073 seconds
[2021-10-27 07:35:09,479] {processor.py:163} INFO - Started process (PID=880) to work on /home/airflow/.local/lib/python3.6/site-packages/airflow/example_dags/example_kubernetes_executor.py
[2021-10-27 07:35:09,480] {processor.py:620} INFO - Processing file /home/airflow/.local/lib/python3.6/site-packages/airflow/example_dags/example_kubernetes_executor.py for tasks to queue
[2021-10-27 07:35:09,481] {logging_mixin.py:109} INFO - [2021-10-27 07:35:09,481] {dagbag.py:500} INFO - Filling up the DagBag from /home/airflow/.local/lib/python3.6/site-packages/airflow/example_dags/example_kubernetes_executor.py
[2021-10-27 07:35:09,509] {processor.py:632} INFO - DAG(s) dict_keys(['example_kubernetes_executor']) retrieved from /home/airflow/.local/lib/python3.6/site-packages/airflow/example_dags/example_kubernetes_executor.py
[2021-10-27 07:35:09,521] {logging_mixin.py:109} INFO - [2021-10-27 07:35:09,520] {dag.py:2389} INFO - Sync 1 DAGs
[2021-10-27 07:35:09,537] {logging_mixin.py:109} INFO - [2021-10-27 07:35:09,537] {dag.py:2914} INFO - Setting next_dagrun for example_kubernetes_executor to None
[2021-10-27 07:35:09,547] {processor.py:171} INFO - Processing /home/airflow/.local/lib/python3.6/site-packages/airflow/example_dags/example_kubernetes_executor.py took 0.071 seconds
[2021-10-27 07:35:39,807] {processor.py:163} INFO - Started process (PID=945) to work on /home/airflow/.local/lib/python3.6/site-packages/airflow/example_dags/example_kubernetes_executor.py
[2021-10-27 07:35:39,809] {processor.py:620} INFO - Processing file /home/airflow/.local/lib/python3.6/site-packages/airflow/example_dags/example_kubernetes_executor.py for tasks to queue
[2021-10-27 07:35:39,809] {logging_mixin.py:109} INFO - [2021-10-27 07:35:39,809] {dagbag.py:500} INFO - Filling up the DagBag from /home/airflow/.local/lib/python3.6/site-packages/airflow/example_dags/example_kubernetes_executor.py
[2021-10-27 07:35:39,836] {processor.py:632} INFO - DAG(s) dict_keys(['example_kubernetes_executor']) retrieved from /home/airflow/.local/lib/python3.6/site-packages/airflow/example_dags/example_kubernetes_executor.py
[2021-10-27 07:35:39,847] {logging_mixin.py:109} INFO - [2021-10-27 07:35:39,847] {dag.py:2389} INFO - Sync 1 DAGs
[2021-10-27 07:35:39,862] {logging_mixin.py:109} INFO - [2021-10-27 07:35:39,862] {dag.py:2914} INFO - Setting next_dagrun for example_kubernetes_executor to None
[2021-10-27 07:35:39,872] {processor.py:171} INFO - Processing /home/airflow/.local/lib/python3.6/site-packages/airflow/example_dags/example_kubernetes_executor.py took 0.067 seconds
[2021-10-27 07:36:10,060] {processor.py:163} INFO - Started process (PID=1000) to work on /home/airflow/.local/lib/python3.6/site-packages/airflow/example_dags/example_kubernetes_executor.py
[2021-10-27 07:36:10,061] {processor.py:620} INFO - Processing file /home/airflow/.local/lib/python3.6/site-packages/airflow/example_dags/example_kubernetes_executor.py for tasks to queue
[2021-10-27 07:36:10,062] {logging_mixin.py:109} INFO - [2021-10-27 07:36:10,062] {dagbag.py:500} INFO - Filling up the DagBag from /home/airflow/.local/lib/python3.6/site-packages/airflow/example_dags/example_kubernetes_executor.py
[2021-10-27 07:36:10,092] {processor.py:632} INFO - DAG(s) dict_keys(['example_kubernetes_executor']) retrieved from /home/airflow/.local/lib/python3.6/site-packages/airflow/example_dags/example_kubernetes_executor.py
[2021-10-27 07:36:10,104] {logging_mixin.py:109} INFO - [2021-10-27 07:36:10,103] {dag.py:2389} INFO - Sync 1 DAGs
[2021-10-27 07:36:10,120] {logging_mixin.py:109} INFO - [2021-10-27 07:36:10,120] {dag.py:2914} INFO - Setting next_dagrun for example_kubernetes_executor to None
[2021-10-27 07:36:10,130] {processor.py:171} INFO - Processing /home/airflow/.local/lib/python3.6/site-packages/airflow/example_dags/example_kubernetes_executor.py took 0.073 seconds
[2021-10-27 07:36:40,346] {processor.py:163} INFO - Started process (PID=1067) to work on /home/airflow/.local/lib/python3.6/site-packages/airflow/example_dags/example_kubernetes_executor.py
[2021-10-27 07:36:40,348] {processor.py:620} INFO - Processing file /home/airflow/.local/lib/python3.6/site-packages/airflow/example_dags/example_kubernetes_executor.py for tasks to queue
[2021-10-27 07:36:40,349] {logging_mixin.py:109} INFO - [2021-10-27 07:36:40,349] {dagbag.py:500} INFO - Filling up the DagBag from /home/airflow/.local/lib/python3.6/site-packages/airflow/example_dags/example_kubernetes_executor.py
[2021-10-27 07:36:40,394] {processor.py:632} INFO - DAG(s) dict_keys(['example_kubernetes_executor']) retrieved from /home/airflow/.local/lib/python3.6/site-packages/airflow/example_dags/example_kubernetes_executor.py
[2021-10-27 07:36:40,410] {logging_mixin.py:109} INFO - [2021-10-27 07:36:40,410] {dag.py:2389} INFO - Sync 1 DAGs
[2021-10-27 07:36:40,435] {logging_mixin.py:109} INFO - [2021-10-27 07:36:40,434] {dag.py:2914} INFO - Setting next_dagrun for example_kubernetes_executor to None
[2021-10-27 07:36:40,448] {processor.py:171} INFO - Processing /home/airflow/.local/lib/python3.6/site-packages/airflow/example_dags/example_kubernetes_executor.py took 0.108 seconds
[2021-10-27 07:37:10,745] {processor.py:163} INFO - Started process (PID=1123) to work on /home/airflow/.local/lib/python3.6/site-packages/airflow/example_dags/example_kubernetes_executor.py
[2021-10-27 07:37:10,746] {processor.py:620} INFO - Processing file /home/airflow/.local/lib/python3.6/site-packages/airflow/example_dags/example_kubernetes_executor.py for tasks to queue
[2021-10-27 07:37:10,747] {logging_mixin.py:109} INFO - [2021-10-27 07:37:10,747] {dagbag.py:500} INFO - Filling up the DagBag from /home/airflow/.local/lib/python3.6/site-packages/airflow/example_dags/example_kubernetes_executor.py
[2021-10-27 07:37:10,773] {processor.py:632} INFO - DAG(s) dict_keys(['example_kubernetes_executor']) retrieved from /home/airflow/.local/lib/python3.6/site-packages/airflow/example_dags/example_kubernetes_executor.py
[2021-10-27 07:37:10,785] {logging_mixin.py:109} INFO - [2021-10-27 07:37:10,785] {dag.py:2389} INFO - Sync 1 DAGs
[2021-10-27 07:37:10,803] {logging_mixin.py:109} INFO - [2021-10-27 07:37:10,803] {dag.py:2914} INFO - Setting next_dagrun for example_kubernetes_executor to None
[2021-10-27 07:37:10,814] {processor.py:171} INFO - Processing /home/airflow/.local/lib/python3.6/site-packages/airflow/example_dags/example_kubernetes_executor.py took 0.072 seconds
[2021-10-27 07:37:41,417] {processor.py:163} INFO - Started process (PID=1178) to work on /home/airflow/.local/lib/python3.6/site-packages/airflow/example_dags/example_kubernetes_executor.py
[2021-10-27 07:37:41,418] {processor.py:620} INFO - Processing file /home/airflow/.local/lib/python3.6/site-packages/airflow/example_dags/example_kubernetes_executor.py for tasks to queue
[2021-10-27 07:37:41,419] {logging_mixin.py:109} INFO - [2021-10-27 07:37:41,419] {dagbag.py:500} INFO - Filling up the DagBag from /home/airflow/.local/lib/python3.6/site-packages/airflow/example_dags/example_kubernetes_executor.py
[2021-10-27 07:37:41,446] {processor.py:632} INFO - DAG(s) dict_keys(['example_kubernetes_executor']) retrieved from /home/airflow/.local/lib/python3.6/site-packages/airflow/example_dags/example_kubernetes_executor.py
[2021-10-27 07:37:41,458] {logging_mixin.py:109} INFO - [2021-10-27 07:37:41,457] {dag.py:2389} INFO - Sync 1 DAGs
[2021-10-27 07:37:41,472] {logging_mixin.py:109} INFO - [2021-10-27 07:37:41,472] {dag.py:2914} INFO - Setting next_dagrun for example_kubernetes_executor to None
[2021-10-27 07:37:41,484] {processor.py:171} INFO - Processing /home/airflow/.local/lib/python3.6/site-packages/airflow/example_dags/example_kubernetes_executor.py took 0.070 seconds
[2021-10-27 07:38:12,020] {processor.py:163} INFO - Started process (PID=1244) to work on /home/airflow/.local/lib/python3.6/site-packages/airflow/example_dags/example_kubernetes_executor.py
[2021-10-27 07:38:12,021] {processor.py:620} INFO - Processing file /home/airflow/.local/lib/python3.6/site-packages/airflow/example_dags/example_kubernetes_executor.py for tasks to queue
[2021-10-27 07:38:12,022] {logging_mixin.py:109} INFO - [2021-10-27 07:38:12,022] {dagbag.py:500} INFO - Filling up the DagBag from /home/airflow/.local/lib/python3.6/site-packages/airflow/example_dags/example_kubernetes_executor.py
[2021-10-27 07:38:12,049] {processor.py:632} INFO - DAG(s) dict_keys(['example_kubernetes_executor']) retrieved from /home/airflow/.local/lib/python3.6/site-packages/airflow/example_dags/example_kubernetes_executor.py
[2021-10-27 07:38:12,063] {logging_mixin.py:109} INFO - [2021-10-27 07:38:12,063] {dag.py:2389} INFO - Sync 1 DAGs
[2021-10-27 07:38:12,079] {logging_mixin.py:109} INFO - [2021-10-27 07:38:12,079] {dag.py:2914} INFO - Setting next_dagrun for example_kubernetes_executor to None
[2021-10-27 07:38:12,089] {processor.py:171} INFO - Processing /home/airflow/.local/lib/python3.6/site-packages/airflow/example_dags/example_kubernetes_executor.py took 0.072 seconds
[2021-10-27 07:38:42,616] {processor.py:163} INFO - Started process (PID=1300) to work on /home/airflow/.local/lib/python3.6/site-packages/airflow/example_dags/example_kubernetes_executor.py
[2021-10-27 07:38:42,617] {processor.py:620} INFO - Processing file /home/airflow/.local/lib/python3.6/site-packages/airflow/example_dags/example_kubernetes_executor.py for tasks to queue
[2021-10-27 07:38:42,618] {logging_mixin.py:109} INFO - [2021-10-27 07:38:42,618] {dagbag.py:500} INFO - Filling up the DagBag from /home/airflow/.local/lib/python3.6/site-packages/airflow/example_dags/example_kubernetes_executor.py
[2021-10-27 07:38:42,648] {processor.py:632} INFO - DAG(s) dict_keys(['example_kubernetes_executor']) retrieved from /home/airflow/.local/lib/python3.6/site-packages/airflow/example_dags/example_kubernetes_executor.py
[2021-10-27 07:38:42,660] {logging_mixin.py:109} INFO - [2021-10-27 07:38:42,660] {dag.py:2389} INFO - Sync 1 DAGs
[2021-10-27 07:38:42,675] {logging_mixin.py:109} INFO - [2021-10-27 07:38:42,674] {dag.py:2914} INFO - Setting next_dagrun for example_kubernetes_executor to None
[2021-10-27 07:38:42,684] {processor.py:171} INFO - Processing /home/airflow/.local/lib/python3.6/site-packages/airflow/example_dags/example_kubernetes_executor.py took 0.071 seconds
[2021-10-27 07:39:13,045] {processor.py:163} INFO - Started process (PID=1366) to work on /home/airflow/.local/lib/python3.6/site-packages/airflow/example_dags/example_kubernetes_executor.py
[2021-10-27 07:39:13,047] {processor.py:620} INFO - Processing file /home/airflow/.local/lib/python3.6/site-packages/airflow/example_dags/example_kubernetes_executor.py for tasks to queue
[2021-10-27 07:39:13,047] {logging_mixin.py:109} INFO - [2021-10-27 07:39:13,047] {dagbag.py:500} INFO - Filling up the DagBag from /home/airflow/.local/lib/python3.6/site-packages/airflow/example_dags/example_kubernetes_executor.py
[2021-10-27 07:39:13,074] {processor.py:632} INFO - DAG(s) dict_keys(['example_kubernetes_executor']) retrieved from /home/airflow/.local/lib/python3.6/site-packages/airflow/example_dags/example_kubernetes_executor.py
[2021-10-27 07:39:13,084] {logging_mixin.py:109} INFO - [2021-10-27 07:39:13,084] {dag.py:2389} INFO - Sync 1 DAGs
[2021-10-27 07:39:13,099] {logging_mixin.py:109} INFO - [2021-10-27 07:39:13,099] {dag.py:2914} INFO - Setting next_dagrun for example_kubernetes_executor to None
[2021-10-27 07:39:13,110] {processor.py:171} INFO - Processing /home/airflow/.local/lib/python3.6/site-packages/airflow/example_dags/example_kubernetes_executor.py took 0.068 seconds
[2021-10-27 07:39:43,369] {processor.py:163} INFO - Started process (PID=1420) to work on /home/airflow/.local/lib/python3.6/site-packages/airflow/example_dags/example_kubernetes_executor.py
[2021-10-27 07:39:43,370] {processor.py:620} INFO - Processing file /home/airflow/.local/lib/python3.6/site-packages/airflow/example_dags/example_kubernetes_executor.py for tasks to queue
[2021-10-27 07:39:43,371] {logging_mixin.py:109} INFO - [2021-10-27 07:39:43,371] {dagbag.py:500} INFO - Filling up the DagBag from /home/airflow/.local/lib/python3.6/site-packages/airflow/example_dags/example_kubernetes_executor.py
[2021-10-27 07:39:43,399] {processor.py:632} INFO - DAG(s) dict_keys(['example_kubernetes_executor']) retrieved from /home/airflow/.local/lib/python3.6/site-packages/airflow/example_dags/example_kubernetes_executor.py
[2021-10-27 07:39:43,411] {logging_mixin.py:109} INFO - [2021-10-27 07:39:43,411] {dag.py:2389} INFO - Sync 1 DAGs
[2021-10-27 07:39:43,426] {logging_mixin.py:109} INFO - [2021-10-27 07:39:43,426] {dag.py:2914} INFO - Setting next_dagrun for example_kubernetes_executor to None
[2021-10-27 07:39:43,437] {processor.py:171} INFO - Processing /home/airflow/.local/lib/python3.6/site-packages/airflow/example_dags/example_kubernetes_executor.py took 0.071 seconds
[2021-10-27 07:40:13,773] {processor.py:163} INFO - Started process (PID=1486) to work on /home/airflow/.local/lib/python3.6/site-packages/airflow/example_dags/example_kubernetes_executor.py
[2021-10-27 07:40:13,774] {processor.py:620} INFO - Processing file /home/airflow/.local/lib/python3.6/site-packages/airflow/example_dags/example_kubernetes_executor.py for tasks to queue
[2021-10-27 07:40:13,775] {logging_mixin.py:109} INFO - [2021-10-27 07:40:13,775] {dagbag.py:500} INFO - Filling up the DagBag from /home/airflow/.local/lib/python3.6/site-packages/airflow/example_dags/example_kubernetes_executor.py
[2021-10-27 07:40:13,808] {processor.py:632} INFO - DAG(s) dict_keys(['example_kubernetes_executor']) retrieved from /home/airflow/.local/lib/python3.6/site-packages/airflow/example_dags/example_kubernetes_executor.py
[2021-10-27 07:40:13,820] {logging_mixin.py:109} INFO - [2021-10-27 07:40:13,820] {dag.py:2389} INFO - Sync 1 DAGs
[2021-10-27 07:40:13,837] {logging_mixin.py:109} INFO - [2021-10-27 07:40:13,837] {dag.py:2914} INFO - Setting next_dagrun for example_kubernetes_executor to None
[2021-10-27 07:40:13,848] {processor.py:171} INFO - Processing /home/airflow/.local/lib/python3.6/site-packages/airflow/example_dags/example_kubernetes_executor.py took 0.079 seconds
[2021-10-27 07:40:44,260] {processor.py:163} INFO - Started process (PID=1540) to work on /home/airflow/.local/lib/python3.6/site-packages/airflow/example_dags/example_kubernetes_executor.py
[2021-10-27 07:40:44,261] {processor.py:620} INFO - Processing file /home/airflow/.local/lib/python3.6/site-packages/airflow/example_dags/example_kubernetes_executor.py for tasks to queue
[2021-10-27 07:40:44,262] {logging_mixin.py:109} INFO - [2021-10-27 07:40:44,262] {dagbag.py:500} INFO - Filling up the DagBag from /home/airflow/.local/lib/python3.6/site-packages/airflow/example_dags/example_kubernetes_executor.py
[2021-10-27 07:40:44,290] {processor.py:632} INFO - DAG(s) dict_keys(['example_kubernetes_executor']) retrieved from /home/airflow/.local/lib/python3.6/site-packages/airflow/example_dags/example_kubernetes_executor.py
[2021-10-27 07:40:44,302] {logging_mixin.py:109} INFO - [2021-10-27 07:40:44,302] {dag.py:2389} INFO - Sync 1 DAGs
[2021-10-27 07:40:44,317] {logging_mixin.py:109} INFO - [2021-10-27 07:40:44,317] {dag.py:2914} INFO - Setting next_dagrun for example_kubernetes_executor to None
[2021-10-27 07:40:44,329] {processor.py:171} INFO - Processing /home/airflow/.local/lib/python3.6/site-packages/airflow/example_dags/example_kubernetes_executor.py took 0.073 seconds
[2021-10-27 07:41:14,664] {processor.py:163} INFO - Started process (PID=1604) to work on /home/airflow/.local/lib/python3.6/site-packages/airflow/example_dags/example_kubernetes_executor.py
[2021-10-27 07:41:14,665] {processor.py:620} INFO - Processing file /home/airflow/.local/lib/python3.6/site-packages/airflow/example_dags/example_kubernetes_executor.py for tasks to queue
[2021-10-27 07:41:14,666] {logging_mixin.py:109} INFO - [2021-10-27 07:41:14,666] {dagbag.py:500} INFO - Filling up the DagBag from /home/airflow/.local/lib/python3.6/site-packages/airflow/example_dags/example_kubernetes_executor.py
[2021-10-27 07:41:14,694] {processor.py:632} INFO - DAG(s) dict_keys(['example_kubernetes_executor']) retrieved from /home/airflow/.local/lib/python3.6/site-packages/airflow/example_dags/example_kubernetes_executor.py
[2021-10-27 07:41:14,705] {logging_mixin.py:109} INFO - [2021-10-27 07:41:14,704] {dag.py:2389} INFO - Sync 1 DAGs
[2021-10-27 07:41:14,721] {logging_mixin.py:109} INFO - [2021-10-27 07:41:14,721] {dag.py:2914} INFO - Setting next_dagrun for example_kubernetes_executor to None
[2021-10-27 07:41:14,731] {processor.py:171} INFO - Processing /home/airflow/.local/lib/python3.6/site-packages/airflow/example_dags/example_kubernetes_executor.py took 0.070 seconds
[2021-10-27 07:41:45,211] {processor.py:163} INFO - Started process (PID=1659) to work on /home/airflow/.local/lib/python3.6/site-packages/airflow/example_dags/example_kubernetes_executor.py
[2021-10-27 07:41:45,212] {processor.py:620} INFO - Processing file /home/airflow/.local/lib/python3.6/site-packages/airflow/example_dags/example_kubernetes_executor.py for tasks to queue
[2021-10-27 07:41:45,213] {logging_mixin.py:109} INFO - [2021-10-27 07:41:45,213] {dagbag.py:500} INFO - Filling up the DagBag from /home/airflow/.local/lib/python3.6/site-packages/airflow/example_dags/example_kubernetes_executor.py
[2021-10-27 07:41:45,239] {processor.py:632} INFO - DAG(s) dict_keys(['example_kubernetes_executor']) retrieved from /home/airflow/.local/lib/python3.6/site-packages/airflow/example_dags/example_kubernetes_executor.py
[2021-10-27 07:41:45,250] {logging_mixin.py:109} INFO - [2021-10-27 07:41:45,250] {dag.py:2389} INFO - Sync 1 DAGs
[2021-10-27 07:41:45,264] {logging_mixin.py:109} INFO - [2021-10-27 07:41:45,264] {dag.py:2914} INFO - Setting next_dagrun for example_kubernetes_executor to None
[2021-10-27 07:41:45,277] {processor.py:171} INFO - Processing /home/airflow/.local/lib/python3.6/site-packages/airflow/example_dags/example_kubernetes_executor.py took 0.069 seconds
[2021-10-27 07:42:15,418] {processor.py:163} INFO - Started process (PID=1724) to work on /home/airflow/.local/lib/python3.6/site-packages/airflow/example_dags/example_kubernetes_executor.py
[2021-10-27 07:42:15,419] {processor.py:620} INFO - Processing file /home/airflow/.local/lib/python3.6/site-packages/airflow/example_dags/example_kubernetes_executor.py for tasks to queue
[2021-10-27 07:42:15,421] {logging_mixin.py:109} INFO - [2021-10-27 07:42:15,420] {dagbag.py:500} INFO - Filling up the DagBag from /home/airflow/.local/lib/python3.6/site-packages/airflow/example_dags/example_kubernetes_executor.py
[2021-10-27 07:42:15,447] {processor.py:632} INFO - DAG(s) dict_keys(['example_kubernetes_executor']) retrieved from /home/airflow/.local/lib/python3.6/site-packages/airflow/example_dags/example_kubernetes_executor.py
[2021-10-27 07:42:15,460] {logging_mixin.py:109} INFO - [2021-10-27 07:42:15,460] {dag.py:2389} INFO - Sync 1 DAGs
[2021-10-27 07:42:15,475] {logging_mixin.py:109} INFO - [2021-10-27 07:42:15,475] {dag.py:2914} INFO - Setting next_dagrun for example_kubernetes_executor to None
[2021-10-27 07:42:15,487] {processor.py:171} INFO - Processing /home/airflow/.local/lib/python3.6/site-packages/airflow/example_dags/example_kubernetes_executor.py took 0.071 seconds
[2021-10-27 07:42:45,651] {processor.py:163} INFO - Started process (PID=1779) to work on /home/airflow/.local/lib/python3.6/site-packages/airflow/example_dags/example_kubernetes_executor.py
[2021-10-27 07:42:45,652] {processor.py:620} INFO - Processing file /home/airflow/.local/lib/python3.6/site-packages/airflow/example_dags/example_kubernetes_executor.py for tasks to queue
[2021-10-27 07:42:45,653] {logging_mixin.py:109} INFO - [2021-10-27 07:42:45,653] {dagbag.py:500} INFO - Filling up the DagBag from /home/airflow/.local/lib/python3.6/site-packages/airflow/example_dags/example_kubernetes_executor.py
[2021-10-27 07:42:45,684] {processor.py:632} INFO - DAG(s) dict_keys(['example_kubernetes_executor']) retrieved from /home/airflow/.local/lib/python3.6/site-packages/airflow/example_dags/example_kubernetes_executor.py
[2021-10-27 07:42:45,697] {logging_mixin.py:109} INFO - [2021-10-27 07:42:45,697] {dag.py:2389} INFO - Sync 1 DAGs
[2021-10-27 07:42:45,715] {logging_mixin.py:109} INFO - [2021-10-27 07:42:45,715] {dag.py:2914} INFO - Setting next_dagrun for example_kubernetes_executor to None
[2021-10-27 07:42:45,729] {processor.py:171} INFO - Processing /home/airflow/.local/lib/python3.6/site-packages/airflow/example_dags/example_kubernetes_executor.py took 0.081 seconds
[2021-10-27 07:43:16,447] {processor.py:163} INFO - Started process (PID=1846) to work on /home/airflow/.local/lib/python3.6/site-packages/airflow/example_dags/example_kubernetes_executor.py
[2021-10-27 07:43:16,449] {processor.py:620} INFO - Processing file /home/airflow/.local/lib/python3.6/site-packages/airflow/example_dags/example_kubernetes_executor.py for tasks to queue
[2021-10-27 07:43:16,450] {logging_mixin.py:109} INFO - [2021-10-27 07:43:16,450] {dagbag.py:500} INFO - Filling up the DagBag from /home/airflow/.local/lib/python3.6/site-packages/airflow/example_dags/example_kubernetes_executor.py
[2021-10-27 07:43:16,483] {processor.py:632} INFO - DAG(s) dict_keys(['example_kubernetes_executor']) retrieved from /home/airflow/.local/lib/python3.6/site-packages/airflow/example_dags/example_kubernetes_executor.py
[2021-10-27 07:43:16,495] {logging_mixin.py:109} INFO - [2021-10-27 07:43:16,495] {dag.py:2389} INFO - Sync 1 DAGs
[2021-10-27 07:43:16,514] {logging_mixin.py:109} INFO - [2021-10-27 07:43:16,514] {dag.py:2914} INFO - Setting next_dagrun for example_kubernetes_executor to None
[2021-10-27 07:43:16,527] {processor.py:171} INFO - Processing /home/airflow/.local/lib/python3.6/site-packages/airflow/example_dags/example_kubernetes_executor.py took 0.083 seconds
[2021-10-27 07:43:46,936] {processor.py:163} INFO - Started process (PID=1902) to work on /home/airflow/.local/lib/python3.6/site-packages/airflow/example_dags/example_kubernetes_executor.py
[2021-10-27 07:43:46,938] {processor.py:620} INFO - Processing file /home/airflow/.local/lib/python3.6/site-packages/airflow/example_dags/example_kubernetes_executor.py for tasks to queue
[2021-10-27 07:43:46,939] {logging_mixin.py:109} INFO - [2021-10-27 07:43:46,938] {dagbag.py:500} INFO - Filling up the DagBag from /home/airflow/.local/lib/python3.6/site-packages/airflow/example_dags/example_kubernetes_executor.py
[2021-10-27 07:43:46,965] {processor.py:632} INFO - DAG(s) dict_keys(['example_kubernetes_executor']) retrieved from /home/airflow/.local/lib/python3.6/site-packages/airflow/example_dags/example_kubernetes_executor.py
[2021-10-27 07:43:46,976] {logging_mixin.py:109} INFO - [2021-10-27 07:43:46,976] {dag.py:2389} INFO - Sync 1 DAGs
[2021-10-27 07:43:46,990] {logging_mixin.py:109} INFO - [2021-10-27 07:43:46,990] {dag.py:2914} INFO - Setting next_dagrun for example_kubernetes_executor to None
[2021-10-27 07:43:47,003] {processor.py:171} INFO - Processing /home/airflow/.local/lib/python3.6/site-packages/airflow/example_dags/example_kubernetes_executor.py took 0.070 seconds
[2021-10-27 07:44:17,095] {processor.py:163} INFO - Started process (PID=1958) to work on /home/airflow/.local/lib/python3.6/site-packages/airflow/example_dags/example_kubernetes_executor.py
[2021-10-27 07:44:17,096] {processor.py:620} INFO - Processing file /home/airflow/.local/lib/python3.6/site-packages/airflow/example_dags/example_kubernetes_executor.py for tasks to queue
[2021-10-27 07:44:17,098] {logging_mixin.py:109} INFO - [2021-10-27 07:44:17,097] {dagbag.py:500} INFO - Filling up the DagBag from /home/airflow/.local/lib/python3.6/site-packages/airflow/example_dags/example_kubernetes_executor.py
[2021-10-27 07:44:17,125] {processor.py:632} INFO - DAG(s) dict_keys(['example_kubernetes_executor']) retrieved from /home/airflow/.local/lib/python3.6/site-packages/airflow/example_dags/example_kubernetes_executor.py
[2021-10-27 07:44:17,138] {logging_mixin.py:109} INFO - [2021-10-27 07:44:17,138] {dag.py:2389} INFO - Sync 1 DAGs
[2021-10-27 07:44:17,165] {logging_mixin.py:109} INFO - [2021-10-27 07:44:17,165] {dag.py:2914} INFO - Setting next_dagrun for example_kubernetes_executor to None
[2021-10-27 07:44:17,182] {processor.py:171} INFO - Processing /home/airflow/.local/lib/python3.6/site-packages/airflow/example_dags/example_kubernetes_executor.py took 0.090 seconds
[2021-10-27 07:44:47,368] {processor.py:163} INFO - Started process (PID=2024) to work on /home/airflow/.local/lib/python3.6/site-packages/airflow/example_dags/example_kubernetes_executor.py
[2021-10-27 07:44:47,369] {processor.py:620} INFO - Processing file /home/airflow/.local/lib/python3.6/site-packages/airflow/example_dags/example_kubernetes_executor.py for tasks to queue
[2021-10-27 07:44:47,370] {logging_mixin.py:109} INFO - [2021-10-27 07:44:47,370] {dagbag.py:500} INFO - Filling up the DagBag from /home/airflow/.local/lib/python3.6/site-packages/airflow/example_dags/example_kubernetes_executor.py
[2021-10-27 07:44:47,410] {processor.py:632} INFO - DAG(s) dict_keys(['example_kubernetes_executor']) retrieved from /home/airflow/.local/lib/python3.6/site-packages/airflow/example_dags/example_kubernetes_executor.py
[2021-10-27 07:44:47,422] {logging_mixin.py:109} INFO - [2021-10-27 07:44:47,422] {dag.py:2389} INFO - Sync 1 DAGs
[2021-10-27 07:44:47,437] {logging_mixin.py:109} INFO - [2021-10-27 07:44:47,437] {dag.py:2914} INFO - Setting next_dagrun for example_kubernetes_executor to None
[2021-10-27 07:44:47,447] {processor.py:171} INFO - Processing /home/airflow/.local/lib/python3.6/site-packages/airflow/example_dags/example_kubernetes_executor.py took 0.083 seconds
