[2021-10-27 07:17:46,426] {processor.py:163} INFO - Started process (PID=76) to work on /home/airflow/.local/lib/python3.6/site-packages/airflow/example_dags/example_external_task_marker_dag.py
[2021-10-27 07:17:46,428] {processor.py:620} INFO - Processing file /home/airflow/.local/lib/python3.6/site-packages/airflow/example_dags/example_external_task_marker_dag.py for tasks to queue
[2021-10-27 07:17:46,429] {logging_mixin.py:109} INFO - [2021-10-27 07:17:46,429] {dagbag.py:500} INFO - Filling up the DagBag from /home/airflow/.local/lib/python3.6/site-packages/airflow/example_dags/example_external_task_marker_dag.py
[2021-10-27 07:17:46,624] {processor.py:632} INFO - DAG(s) dict_keys(['example_external_task_marker_parent', 'example_external_task_marker_child']) retrieved from /home/airflow/.local/lib/python3.6/site-packages/airflow/example_dags/example_external_task_marker_dag.py
[2021-10-27 07:17:46,658] {logging_mixin.py:109} INFO - [2021-10-27 07:17:46,658] {dag.py:2389} INFO - Sync 2 DAGs
[2021-10-27 07:17:46,686] {logging_mixin.py:109} INFO - [2021-10-27 07:17:46,686] {dag.py:2914} INFO - Setting next_dagrun for example_external_task_marker_child to None
[2021-10-27 07:17:46,687] {logging_mixin.py:109} INFO - [2021-10-27 07:17:46,687] {dag.py:2914} INFO - Setting next_dagrun for example_external_task_marker_parent to None
[2021-10-27 07:17:46,707] {processor.py:171} INFO - Processing /home/airflow/.local/lib/python3.6/site-packages/airflow/example_dags/example_external_task_marker_dag.py took 0.289 seconds
[2021-10-27 07:18:17,393] {processor.py:163} INFO - Started process (PID=132) to work on /home/airflow/.local/lib/python3.6/site-packages/airflow/example_dags/example_external_task_marker_dag.py
[2021-10-27 07:18:17,394] {processor.py:620} INFO - Processing file /home/airflow/.local/lib/python3.6/site-packages/airflow/example_dags/example_external_task_marker_dag.py for tasks to queue
[2021-10-27 07:18:17,395] {logging_mixin.py:109} INFO - [2021-10-27 07:18:17,395] {dagbag.py:500} INFO - Filling up the DagBag from /home/airflow/.local/lib/python3.6/site-packages/airflow/example_dags/example_external_task_marker_dag.py
[2021-10-27 07:18:17,423] {processor.py:632} INFO - DAG(s) dict_keys(['example_external_task_marker_parent', 'example_external_task_marker_child']) retrieved from /home/airflow/.local/lib/python3.6/site-packages/airflow/example_dags/example_external_task_marker_dag.py
[2021-10-27 07:18:17,436] {logging_mixin.py:109} INFO - [2021-10-27 07:18:17,436] {dag.py:2389} INFO - Sync 2 DAGs
[2021-10-27 07:18:17,452] {logging_mixin.py:109} INFO - [2021-10-27 07:18:17,452] {dag.py:2914} INFO - Setting next_dagrun for example_external_task_marker_child to None
[2021-10-27 07:18:17,453] {logging_mixin.py:109} INFO - [2021-10-27 07:18:17,453] {dag.py:2914} INFO - Setting next_dagrun for example_external_task_marker_parent to None
[2021-10-27 07:18:17,463] {processor.py:171} INFO - Processing /home/airflow/.local/lib/python3.6/site-packages/airflow/example_dags/example_external_task_marker_dag.py took 0.073 seconds
[2021-10-27 07:18:47,593] {processor.py:163} INFO - Started process (PID=196) to work on /home/airflow/.local/lib/python3.6/site-packages/airflow/example_dags/example_external_task_marker_dag.py
[2021-10-27 07:18:47,596] {processor.py:620} INFO - Processing file /home/airflow/.local/lib/python3.6/site-packages/airflow/example_dags/example_external_task_marker_dag.py for tasks to queue
[2021-10-27 07:18:47,597] {logging_mixin.py:109} INFO - [2021-10-27 07:18:47,597] {dagbag.py:500} INFO - Filling up the DagBag from /home/airflow/.local/lib/python3.6/site-packages/airflow/example_dags/example_external_task_marker_dag.py
[2021-10-27 07:18:47,634] {processor.py:632} INFO - DAG(s) dict_keys(['example_external_task_marker_parent', 'example_external_task_marker_child']) retrieved from /home/airflow/.local/lib/python3.6/site-packages/airflow/example_dags/example_external_task_marker_dag.py
[2021-10-27 07:18:47,655] {logging_mixin.py:109} INFO - [2021-10-27 07:18:47,654] {dag.py:2389} INFO - Sync 2 DAGs
[2021-10-27 07:18:47,676] {logging_mixin.py:109} INFO - [2021-10-27 07:18:47,676] {dag.py:2914} INFO - Setting next_dagrun for example_external_task_marker_child to None
[2021-10-27 07:18:47,677] {logging_mixin.py:109} INFO - [2021-10-27 07:18:47,677] {dag.py:2914} INFO - Setting next_dagrun for example_external_task_marker_parent to None
[2021-10-27 07:18:47,692] {processor.py:171} INFO - Processing /home/airflow/.local/lib/python3.6/site-packages/airflow/example_dags/example_external_task_marker_dag.py took 0.104 seconds
[2021-10-27 07:19:18,428] {processor.py:163} INFO - Started process (PID=251) to work on /home/airflow/.local/lib/python3.6/site-packages/airflow/example_dags/example_external_task_marker_dag.py
[2021-10-27 07:19:18,429] {processor.py:620} INFO - Processing file /home/airflow/.local/lib/python3.6/site-packages/airflow/example_dags/example_external_task_marker_dag.py for tasks to queue
[2021-10-27 07:19:18,430] {logging_mixin.py:109} INFO - [2021-10-27 07:19:18,430] {dagbag.py:500} INFO - Filling up the DagBag from /home/airflow/.local/lib/python3.6/site-packages/airflow/example_dags/example_external_task_marker_dag.py
[2021-10-27 07:19:18,459] {processor.py:632} INFO - DAG(s) dict_keys(['example_external_task_marker_parent', 'example_external_task_marker_child']) retrieved from /home/airflow/.local/lib/python3.6/site-packages/airflow/example_dags/example_external_task_marker_dag.py
[2021-10-27 07:19:18,474] {logging_mixin.py:109} INFO - [2021-10-27 07:19:18,474] {dag.py:2389} INFO - Sync 2 DAGs
[2021-10-27 07:19:18,490] {logging_mixin.py:109} INFO - [2021-10-27 07:19:18,490] {dag.py:2914} INFO - Setting next_dagrun for example_external_task_marker_child to None
[2021-10-27 07:19:18,491] {logging_mixin.py:109} INFO - [2021-10-27 07:19:18,491] {dag.py:2914} INFO - Setting next_dagrun for example_external_task_marker_parent to None
[2021-10-27 07:19:18,503] {processor.py:171} INFO - Processing /home/airflow/.local/lib/python3.6/site-packages/airflow/example_dags/example_external_task_marker_dag.py took 0.078 seconds
[2021-10-27 07:19:49,347] {processor.py:163} INFO - Started process (PID=307) to work on /home/airflow/.local/lib/python3.6/site-packages/airflow/example_dags/example_external_task_marker_dag.py
[2021-10-27 07:19:49,348] {processor.py:620} INFO - Processing file /home/airflow/.local/lib/python3.6/site-packages/airflow/example_dags/example_external_task_marker_dag.py for tasks to queue
[2021-10-27 07:19:49,349] {logging_mixin.py:109} INFO - [2021-10-27 07:19:49,349] {dagbag.py:500} INFO - Filling up the DagBag from /home/airflow/.local/lib/python3.6/site-packages/airflow/example_dags/example_external_task_marker_dag.py
[2021-10-27 07:19:49,378] {processor.py:632} INFO - DAG(s) dict_keys(['example_external_task_marker_parent', 'example_external_task_marker_child']) retrieved from /home/airflow/.local/lib/python3.6/site-packages/airflow/example_dags/example_external_task_marker_dag.py
[2021-10-27 07:19:49,392] {logging_mixin.py:109} INFO - [2021-10-27 07:19:49,392] {dag.py:2389} INFO - Sync 2 DAGs
[2021-10-27 07:19:49,408] {logging_mixin.py:109} INFO - [2021-10-27 07:19:49,408] {dag.py:2914} INFO - Setting next_dagrun for example_external_task_marker_child to None
[2021-10-27 07:19:49,408] {logging_mixin.py:109} INFO - [2021-10-27 07:19:49,408] {dag.py:2914} INFO - Setting next_dagrun for example_external_task_marker_parent to None
[2021-10-27 07:19:49,421] {processor.py:171} INFO - Processing /home/airflow/.local/lib/python3.6/site-packages/airflow/example_dags/example_external_task_marker_dag.py took 0.077 seconds
[2021-10-27 07:20:19,648] {processor.py:163} INFO - Started process (PID=374) to work on /home/airflow/.local/lib/python3.6/site-packages/airflow/example_dags/example_external_task_marker_dag.py
[2021-10-27 07:20:19,650] {processor.py:620} INFO - Processing file /home/airflow/.local/lib/python3.6/site-packages/airflow/example_dags/example_external_task_marker_dag.py for tasks to queue
[2021-10-27 07:20:19,652] {logging_mixin.py:109} INFO - [2021-10-27 07:20:19,652] {dagbag.py:500} INFO - Filling up the DagBag from /home/airflow/.local/lib/python3.6/site-packages/airflow/example_dags/example_external_task_marker_dag.py
[2021-10-27 07:20:19,682] {processor.py:632} INFO - DAG(s) dict_keys(['example_external_task_marker_parent', 'example_external_task_marker_child']) retrieved from /home/airflow/.local/lib/python3.6/site-packages/airflow/example_dags/example_external_task_marker_dag.py
[2021-10-27 07:20:19,696] {logging_mixin.py:109} INFO - [2021-10-27 07:20:19,696] {dag.py:2389} INFO - Sync 2 DAGs
[2021-10-27 07:20:19,726] {logging_mixin.py:109} INFO - [2021-10-27 07:20:19,725] {dag.py:2914} INFO - Setting next_dagrun for example_external_task_marker_child to None
[2021-10-27 07:20:19,730] {logging_mixin.py:109} INFO - [2021-10-27 07:20:19,730] {dag.py:2914} INFO - Setting next_dagrun for example_external_task_marker_parent to None
[2021-10-27 07:20:19,750] {processor.py:171} INFO - Processing /home/airflow/.local/lib/python3.6/site-packages/airflow/example_dags/example_external_task_marker_dag.py took 0.107 seconds
[2021-10-27 07:20:49,906] {processor.py:163} INFO - Started process (PID=429) to work on /home/airflow/.local/lib/python3.6/site-packages/airflow/example_dags/example_external_task_marker_dag.py
[2021-10-27 07:20:49,908] {processor.py:620} INFO - Processing file /home/airflow/.local/lib/python3.6/site-packages/airflow/example_dags/example_external_task_marker_dag.py for tasks to queue
[2021-10-27 07:20:49,909] {logging_mixin.py:109} INFO - [2021-10-27 07:20:49,909] {dagbag.py:500} INFO - Filling up the DagBag from /home/airflow/.local/lib/python3.6/site-packages/airflow/example_dags/example_external_task_marker_dag.py
[2021-10-27 07:20:49,939] {processor.py:632} INFO - DAG(s) dict_keys(['example_external_task_marker_parent', 'example_external_task_marker_child']) retrieved from /home/airflow/.local/lib/python3.6/site-packages/airflow/example_dags/example_external_task_marker_dag.py
[2021-10-27 07:20:49,955] {logging_mixin.py:109} INFO - [2021-10-27 07:20:49,955] {dag.py:2389} INFO - Sync 2 DAGs
[2021-10-27 07:20:49,972] {logging_mixin.py:109} INFO - [2021-10-27 07:20:49,972] {dag.py:2914} INFO - Setting next_dagrun for example_external_task_marker_child to None
[2021-10-27 07:20:49,972] {logging_mixin.py:109} INFO - [2021-10-27 07:20:49,972] {dag.py:2914} INFO - Setting next_dagrun for example_external_task_marker_parent to None
[2021-10-27 07:20:49,985] {processor.py:171} INFO - Processing /home/airflow/.local/lib/python3.6/site-packages/airflow/example_dags/example_external_task_marker_dag.py took 0.082 seconds
[2021-10-27 07:21:20,518] {processor.py:163} INFO - Started process (PID=495) to work on /home/airflow/.local/lib/python3.6/site-packages/airflow/example_dags/example_external_task_marker_dag.py
[2021-10-27 07:21:20,519] {processor.py:620} INFO - Processing file /home/airflow/.local/lib/python3.6/site-packages/airflow/example_dags/example_external_task_marker_dag.py for tasks to queue
[2021-10-27 07:21:20,520] {logging_mixin.py:109} INFO - [2021-10-27 07:21:20,520] {dagbag.py:500} INFO - Filling up the DagBag from /home/airflow/.local/lib/python3.6/site-packages/airflow/example_dags/example_external_task_marker_dag.py
[2021-10-27 07:21:20,547] {processor.py:632} INFO - DAG(s) dict_keys(['example_external_task_marker_parent', 'example_external_task_marker_child']) retrieved from /home/airflow/.local/lib/python3.6/site-packages/airflow/example_dags/example_external_task_marker_dag.py
[2021-10-27 07:21:20,562] {logging_mixin.py:109} INFO - [2021-10-27 07:21:20,561] {dag.py:2389} INFO - Sync 2 DAGs
[2021-10-27 07:21:20,578] {logging_mixin.py:109} INFO - [2021-10-27 07:21:20,578] {dag.py:2914} INFO - Setting next_dagrun for example_external_task_marker_child to None
[2021-10-27 07:21:20,579] {logging_mixin.py:109} INFO - [2021-10-27 07:21:20,578] {dag.py:2914} INFO - Setting next_dagrun for example_external_task_marker_parent to None
[2021-10-27 07:21:20,590] {processor.py:171} INFO - Processing /home/airflow/.local/lib/python3.6/site-packages/airflow/example_dags/example_external_task_marker_dag.py took 0.076 seconds
[2021-10-27 07:21:50,772] {processor.py:163} INFO - Started process (PID=549) to work on /home/airflow/.local/lib/python3.6/site-packages/airflow/example_dags/example_external_task_marker_dag.py
[2021-10-27 07:21:50,774] {processor.py:620} INFO - Processing file /home/airflow/.local/lib/python3.6/site-packages/airflow/example_dags/example_external_task_marker_dag.py for tasks to queue
[2021-10-27 07:21:50,775] {logging_mixin.py:109} INFO - [2021-10-27 07:21:50,775] {dagbag.py:500} INFO - Filling up the DagBag from /home/airflow/.local/lib/python3.6/site-packages/airflow/example_dags/example_external_task_marker_dag.py
[2021-10-27 07:21:50,816] {processor.py:632} INFO - DAG(s) dict_keys(['example_external_task_marker_parent', 'example_external_task_marker_child']) retrieved from /home/airflow/.local/lib/python3.6/site-packages/airflow/example_dags/example_external_task_marker_dag.py
[2021-10-27 07:21:50,841] {logging_mixin.py:109} INFO - [2021-10-27 07:21:50,840] {dag.py:2389} INFO - Sync 2 DAGs
[2021-10-27 07:21:50,866] {logging_mixin.py:109} INFO - [2021-10-27 07:21:50,865] {dag.py:2914} INFO - Setting next_dagrun for example_external_task_marker_child to None
[2021-10-27 07:21:50,866] {logging_mixin.py:109} INFO - [2021-10-27 07:21:50,866] {dag.py:2914} INFO - Setting next_dagrun for example_external_task_marker_parent to None
[2021-10-27 07:21:50,880] {processor.py:171} INFO - Processing /home/airflow/.local/lib/python3.6/site-packages/airflow/example_dags/example_external_task_marker_dag.py took 0.112 seconds
[2021-10-27 07:22:21,663] {processor.py:163} INFO - Started process (PID=615) to work on /home/airflow/.local/lib/python3.6/site-packages/airflow/example_dags/example_external_task_marker_dag.py
[2021-10-27 07:22:21,665] {processor.py:620} INFO - Processing file /home/airflow/.local/lib/python3.6/site-packages/airflow/example_dags/example_external_task_marker_dag.py for tasks to queue
[2021-10-27 07:22:21,666] {logging_mixin.py:109} INFO - [2021-10-27 07:22:21,666] {dagbag.py:500} INFO - Filling up the DagBag from /home/airflow/.local/lib/python3.6/site-packages/airflow/example_dags/example_external_task_marker_dag.py
[2021-10-27 07:22:21,710] {processor.py:632} INFO - DAG(s) dict_keys(['example_external_task_marker_parent', 'example_external_task_marker_child']) retrieved from /home/airflow/.local/lib/python3.6/site-packages/airflow/example_dags/example_external_task_marker_dag.py
[2021-10-27 07:22:21,731] {logging_mixin.py:109} INFO - [2021-10-27 07:22:21,731] {dag.py:2389} INFO - Sync 2 DAGs
[2021-10-27 07:22:21,754] {logging_mixin.py:109} INFO - [2021-10-27 07:22:21,754] {dag.py:2914} INFO - Setting next_dagrun for example_external_task_marker_child to None
[2021-10-27 07:22:21,755] {logging_mixin.py:109} INFO - [2021-10-27 07:22:21,755] {dag.py:2914} INFO - Setting next_dagrun for example_external_task_marker_parent to None
[2021-10-27 07:22:21,768] {processor.py:171} INFO - Processing /home/airflow/.local/lib/python3.6/site-packages/airflow/example_dags/example_external_task_marker_dag.py took 0.110 seconds
[2021-10-27 07:22:52,610] {processor.py:163} INFO - Started process (PID=670) to work on /home/airflow/.local/lib/python3.6/site-packages/airflow/example_dags/example_external_task_marker_dag.py
[2021-10-27 07:22:52,611] {processor.py:620} INFO - Processing file /home/airflow/.local/lib/python3.6/site-packages/airflow/example_dags/example_external_task_marker_dag.py for tasks to queue
[2021-10-27 07:22:52,612] {logging_mixin.py:109} INFO - [2021-10-27 07:22:52,612] {dagbag.py:500} INFO - Filling up the DagBag from /home/airflow/.local/lib/python3.6/site-packages/airflow/example_dags/example_external_task_marker_dag.py
[2021-10-27 07:22:52,639] {processor.py:632} INFO - DAG(s) dict_keys(['example_external_task_marker_parent', 'example_external_task_marker_child']) retrieved from /home/airflow/.local/lib/python3.6/site-packages/airflow/example_dags/example_external_task_marker_dag.py
[2021-10-27 07:22:52,653] {logging_mixin.py:109} INFO - [2021-10-27 07:22:52,653] {dag.py:2389} INFO - Sync 2 DAGs
[2021-10-27 07:22:52,668] {logging_mixin.py:109} INFO - [2021-10-27 07:22:52,668] {dag.py:2914} INFO - Setting next_dagrun for example_external_task_marker_child to None
[2021-10-27 07:22:52,669] {logging_mixin.py:109} INFO - [2021-10-27 07:22:52,669] {dag.py:2914} INFO - Setting next_dagrun for example_external_task_marker_parent to None
[2021-10-27 07:22:52,681] {processor.py:171} INFO - Processing /home/airflow/.local/lib/python3.6/site-packages/airflow/example_dags/example_external_task_marker_dag.py took 0.074 seconds
[2021-10-27 07:23:23,207] {processor.py:163} INFO - Started process (PID=734) to work on /home/airflow/.local/lib/python3.6/site-packages/airflow/example_dags/example_external_task_marker_dag.py
[2021-10-27 07:23:23,208] {processor.py:620} INFO - Processing file /home/airflow/.local/lib/python3.6/site-packages/airflow/example_dags/example_external_task_marker_dag.py for tasks to queue
[2021-10-27 07:23:23,210] {logging_mixin.py:109} INFO - [2021-10-27 07:23:23,209] {dagbag.py:500} INFO - Filling up the DagBag from /home/airflow/.local/lib/python3.6/site-packages/airflow/example_dags/example_external_task_marker_dag.py
[2021-10-27 07:23:23,245] {processor.py:632} INFO - DAG(s) dict_keys(['example_external_task_marker_parent', 'example_external_task_marker_child']) retrieved from /home/airflow/.local/lib/python3.6/site-packages/airflow/example_dags/example_external_task_marker_dag.py
[2021-10-27 07:23:23,266] {logging_mixin.py:109} INFO - [2021-10-27 07:23:23,266] {dag.py:2389} INFO - Sync 2 DAGs
[2021-10-27 07:23:23,284] {logging_mixin.py:109} INFO - [2021-10-27 07:23:23,284] {dag.py:2914} INFO - Setting next_dagrun for example_external_task_marker_child to None
[2021-10-27 07:23:23,284] {logging_mixin.py:109} INFO - [2021-10-27 07:23:23,284] {dag.py:2914} INFO - Setting next_dagrun for example_external_task_marker_parent to None
[2021-10-27 07:23:23,297] {processor.py:171} INFO - Processing /home/airflow/.local/lib/python3.6/site-packages/airflow/example_dags/example_external_task_marker_dag.py took 0.095 seconds
[2021-10-27 07:23:54,011] {processor.py:163} INFO - Started process (PID=790) to work on /home/airflow/.local/lib/python3.6/site-packages/airflow/example_dags/example_external_task_marker_dag.py
[2021-10-27 07:23:54,013] {processor.py:620} INFO - Processing file /home/airflow/.local/lib/python3.6/site-packages/airflow/example_dags/example_external_task_marker_dag.py for tasks to queue
[2021-10-27 07:23:54,014] {logging_mixin.py:109} INFO - [2021-10-27 07:23:54,014] {dagbag.py:500} INFO - Filling up the DagBag from /home/airflow/.local/lib/python3.6/site-packages/airflow/example_dags/example_external_task_marker_dag.py
[2021-10-27 07:23:54,049] {processor.py:632} INFO - DAG(s) dict_keys(['example_external_task_marker_parent', 'example_external_task_marker_child']) retrieved from /home/airflow/.local/lib/python3.6/site-packages/airflow/example_dags/example_external_task_marker_dag.py
[2021-10-27 07:23:54,070] {logging_mixin.py:109} INFO - [2021-10-27 07:23:54,069] {dag.py:2389} INFO - Sync 2 DAGs
[2021-10-27 07:23:54,093] {logging_mixin.py:109} INFO - [2021-10-27 07:23:54,092] {dag.py:2914} INFO - Setting next_dagrun for example_external_task_marker_child to None
[2021-10-27 07:23:54,093] {logging_mixin.py:109} INFO - [2021-10-27 07:23:54,093] {dag.py:2914} INFO - Setting next_dagrun for example_external_task_marker_parent to None
[2021-10-27 07:23:54,107] {processor.py:171} INFO - Processing /home/airflow/.local/lib/python3.6/site-packages/airflow/example_dags/example_external_task_marker_dag.py took 0.099 seconds
[2021-10-27 07:24:24,882] {processor.py:163} INFO - Started process (PID=856) to work on /home/airflow/.local/lib/python3.6/site-packages/airflow/example_dags/example_external_task_marker_dag.py
[2021-10-27 07:24:24,884] {processor.py:620} INFO - Processing file /home/airflow/.local/lib/python3.6/site-packages/airflow/example_dags/example_external_task_marker_dag.py for tasks to queue
[2021-10-27 07:24:24,885] {logging_mixin.py:109} INFO - [2021-10-27 07:24:24,885] {dagbag.py:500} INFO - Filling up the DagBag from /home/airflow/.local/lib/python3.6/site-packages/airflow/example_dags/example_external_task_marker_dag.py
[2021-10-27 07:24:24,917] {processor.py:632} INFO - DAG(s) dict_keys(['example_external_task_marker_parent', 'example_external_task_marker_child']) retrieved from /home/airflow/.local/lib/python3.6/site-packages/airflow/example_dags/example_external_task_marker_dag.py
[2021-10-27 07:24:24,934] {logging_mixin.py:109} INFO - [2021-10-27 07:24:24,934] {dag.py:2389} INFO - Sync 2 DAGs
[2021-10-27 07:24:24,949] {logging_mixin.py:109} INFO - [2021-10-27 07:24:24,949] {dag.py:2914} INFO - Setting next_dagrun for example_external_task_marker_child to None
[2021-10-27 07:24:24,950] {logging_mixin.py:109} INFO - [2021-10-27 07:24:24,950] {dag.py:2914} INFO - Setting next_dagrun for example_external_task_marker_parent to None
[2021-10-27 07:24:24,963] {processor.py:171} INFO - Processing /home/airflow/.local/lib/python3.6/site-packages/airflow/example_dags/example_external_task_marker_dag.py took 0.083 seconds
[2021-10-27 07:24:55,517] {processor.py:163} INFO - Started process (PID=910) to work on /home/airflow/.local/lib/python3.6/site-packages/airflow/example_dags/example_external_task_marker_dag.py
[2021-10-27 07:24:55,518] {processor.py:620} INFO - Processing file /home/airflow/.local/lib/python3.6/site-packages/airflow/example_dags/example_external_task_marker_dag.py for tasks to queue
[2021-10-27 07:24:55,519] {logging_mixin.py:109} INFO - [2021-10-27 07:24:55,519] {dagbag.py:500} INFO - Filling up the DagBag from /home/airflow/.local/lib/python3.6/site-packages/airflow/example_dags/example_external_task_marker_dag.py
[2021-10-27 07:24:55,547] {processor.py:632} INFO - DAG(s) dict_keys(['example_external_task_marker_parent', 'example_external_task_marker_child']) retrieved from /home/airflow/.local/lib/python3.6/site-packages/airflow/example_dags/example_external_task_marker_dag.py
[2021-10-27 07:24:55,563] {logging_mixin.py:109} INFO - [2021-10-27 07:24:55,563] {dag.py:2389} INFO - Sync 2 DAGs
[2021-10-27 07:24:55,581] {logging_mixin.py:109} INFO - [2021-10-27 07:24:55,581] {dag.py:2914} INFO - Setting next_dagrun for example_external_task_marker_child to None
[2021-10-27 07:24:55,582] {logging_mixin.py:109} INFO - [2021-10-27 07:24:55,582] {dag.py:2914} INFO - Setting next_dagrun for example_external_task_marker_parent to None
[2021-10-27 07:24:55,597] {processor.py:171} INFO - Processing /home/airflow/.local/lib/python3.6/site-packages/airflow/example_dags/example_external_task_marker_dag.py took 0.083 seconds
[2021-10-27 07:25:25,702] {processor.py:163} INFO - Started process (PID=973) to work on /home/airflow/.local/lib/python3.6/site-packages/airflow/example_dags/example_external_task_marker_dag.py
[2021-10-27 07:25:25,703] {processor.py:620} INFO - Processing file /home/airflow/.local/lib/python3.6/site-packages/airflow/example_dags/example_external_task_marker_dag.py for tasks to queue
[2021-10-27 07:25:25,704] {logging_mixin.py:109} INFO - [2021-10-27 07:25:25,704] {dagbag.py:500} INFO - Filling up the DagBag from /home/airflow/.local/lib/python3.6/site-packages/airflow/example_dags/example_external_task_marker_dag.py
[2021-10-27 07:25:25,733] {processor.py:632} INFO - DAG(s) dict_keys(['example_external_task_marker_parent', 'example_external_task_marker_child']) retrieved from /home/airflow/.local/lib/python3.6/site-packages/airflow/example_dags/example_external_task_marker_dag.py
[2021-10-27 07:25:25,747] {logging_mixin.py:109} INFO - [2021-10-27 07:25:25,747] {dag.py:2389} INFO - Sync 2 DAGs
[2021-10-27 07:25:25,762] {logging_mixin.py:109} INFO - [2021-10-27 07:25:25,762] {dag.py:2914} INFO - Setting next_dagrun for example_external_task_marker_child to None
[2021-10-27 07:25:25,763] {logging_mixin.py:109} INFO - [2021-10-27 07:25:25,763] {dag.py:2914} INFO - Setting next_dagrun for example_external_task_marker_parent to None
[2021-10-27 07:25:25,777] {processor.py:171} INFO - Processing /home/airflow/.local/lib/python3.6/site-packages/airflow/example_dags/example_external_task_marker_dag.py took 0.078 seconds
[2021-10-27 07:25:56,447] {processor.py:163} INFO - Started process (PID=1032) to work on /home/airflow/.local/lib/python3.6/site-packages/airflow/example_dags/example_external_task_marker_dag.py
[2021-10-27 07:25:56,449] {processor.py:620} INFO - Processing file /home/airflow/.local/lib/python3.6/site-packages/airflow/example_dags/example_external_task_marker_dag.py for tasks to queue
[2021-10-27 07:25:56,450] {logging_mixin.py:109} INFO - [2021-10-27 07:25:56,450] {dagbag.py:500} INFO - Filling up the DagBag from /home/airflow/.local/lib/python3.6/site-packages/airflow/example_dags/example_external_task_marker_dag.py
[2021-10-27 07:25:56,477] {processor.py:632} INFO - DAG(s) dict_keys(['example_external_task_marker_parent', 'example_external_task_marker_child']) retrieved from /home/airflow/.local/lib/python3.6/site-packages/airflow/example_dags/example_external_task_marker_dag.py
[2021-10-27 07:25:56,492] {logging_mixin.py:109} INFO - [2021-10-27 07:25:56,492] {dag.py:2389} INFO - Sync 2 DAGs
[2021-10-27 07:25:56,507] {logging_mixin.py:109} INFO - [2021-10-27 07:25:56,507] {dag.py:2914} INFO - Setting next_dagrun for example_external_task_marker_child to None
[2021-10-27 07:25:56,508] {logging_mixin.py:109} INFO - [2021-10-27 07:25:56,508] {dag.py:2914} INFO - Setting next_dagrun for example_external_task_marker_parent to None
[2021-10-27 07:25:56,519] {processor.py:171} INFO - Processing /home/airflow/.local/lib/python3.6/site-packages/airflow/example_dags/example_external_task_marker_dag.py took 0.075 seconds
[2021-10-27 07:26:26,938] {processor.py:163} INFO - Started process (PID=1087) to work on /home/airflow/.local/lib/python3.6/site-packages/airflow/example_dags/example_external_task_marker_dag.py
[2021-10-27 07:26:26,940] {processor.py:620} INFO - Processing file /home/airflow/.local/lib/python3.6/site-packages/airflow/example_dags/example_external_task_marker_dag.py for tasks to queue
[2021-10-27 07:26:26,941] {logging_mixin.py:109} INFO - [2021-10-27 07:26:26,941] {dagbag.py:500} INFO - Filling up the DagBag from /home/airflow/.local/lib/python3.6/site-packages/airflow/example_dags/example_external_task_marker_dag.py
[2021-10-27 07:26:26,969] {processor.py:632} INFO - DAG(s) dict_keys(['example_external_task_marker_parent', 'example_external_task_marker_child']) retrieved from /home/airflow/.local/lib/python3.6/site-packages/airflow/example_dags/example_external_task_marker_dag.py
[2021-10-27 07:26:26,985] {logging_mixin.py:109} INFO - [2021-10-27 07:26:26,985] {dag.py:2389} INFO - Sync 2 DAGs
[2021-10-27 07:26:27,001] {logging_mixin.py:109} INFO - [2021-10-27 07:26:27,001] {dag.py:2914} INFO - Setting next_dagrun for example_external_task_marker_child to None
[2021-10-27 07:26:27,002] {logging_mixin.py:109} INFO - [2021-10-27 07:26:27,002] {dag.py:2914} INFO - Setting next_dagrun for example_external_task_marker_parent to None
[2021-10-27 07:26:27,013] {processor.py:171} INFO - Processing /home/airflow/.local/lib/python3.6/site-packages/airflow/example_dags/example_external_task_marker_dag.py took 0.078 seconds
[2021-10-27 07:28:06,778] {processor.py:163} INFO - Started process (PID=73) to work on /home/airflow/.local/lib/python3.6/site-packages/airflow/example_dags/example_external_task_marker_dag.py
[2021-10-27 07:28:06,780] {processor.py:620} INFO - Processing file /home/airflow/.local/lib/python3.6/site-packages/airflow/example_dags/example_external_task_marker_dag.py for tasks to queue
[2021-10-27 07:28:06,782] {logging_mixin.py:109} INFO - [2021-10-27 07:28:06,781] {dagbag.py:500} INFO - Filling up the DagBag from /home/airflow/.local/lib/python3.6/site-packages/airflow/example_dags/example_external_task_marker_dag.py
[2021-10-27 07:28:06,843] {processor.py:632} INFO - DAG(s) dict_keys(['example_external_task_marker_parent', 'example_external_task_marker_child']) retrieved from /home/airflow/.local/lib/python3.6/site-packages/airflow/example_dags/example_external_task_marker_dag.py
[2021-10-27 07:28:06,874] {logging_mixin.py:109} INFO - [2021-10-27 07:28:06,873] {dag.py:2389} INFO - Sync 2 DAGs
[2021-10-27 07:28:06,904] {logging_mixin.py:109} INFO - [2021-10-27 07:28:06,904] {dag.py:2914} INFO - Setting next_dagrun for example_external_task_marker_child to None
[2021-10-27 07:28:06,905] {logging_mixin.py:109} INFO - [2021-10-27 07:28:06,905] {dag.py:2914} INFO - Setting next_dagrun for example_external_task_marker_parent to None
[2021-10-27 07:28:06,920] {processor.py:171} INFO - Processing /home/airflow/.local/lib/python3.6/site-packages/airflow/example_dags/example_external_task_marker_dag.py took 0.147 seconds
[2021-10-27 07:28:37,035] {processor.py:163} INFO - Started process (PID=139) to work on /home/airflow/.local/lib/python3.6/site-packages/airflow/example_dags/example_external_task_marker_dag.py
[2021-10-27 07:28:37,037] {processor.py:620} INFO - Processing file /home/airflow/.local/lib/python3.6/site-packages/airflow/example_dags/example_external_task_marker_dag.py for tasks to queue
[2021-10-27 07:28:37,038] {logging_mixin.py:109} INFO - [2021-10-27 07:28:37,038] {dagbag.py:500} INFO - Filling up the DagBag from /home/airflow/.local/lib/python3.6/site-packages/airflow/example_dags/example_external_task_marker_dag.py
[2021-10-27 07:28:37,079] {processor.py:632} INFO - DAG(s) dict_keys(['example_external_task_marker_parent', 'example_external_task_marker_child']) retrieved from /home/airflow/.local/lib/python3.6/site-packages/airflow/example_dags/example_external_task_marker_dag.py
[2021-10-27 07:28:37,097] {logging_mixin.py:109} INFO - [2021-10-27 07:28:37,097] {dag.py:2389} INFO - Sync 2 DAGs
[2021-10-27 07:28:37,115] {logging_mixin.py:109} INFO - [2021-10-27 07:28:37,115] {dag.py:2914} INFO - Setting next_dagrun for example_external_task_marker_child to None
[2021-10-27 07:28:37,116] {logging_mixin.py:109} INFO - [2021-10-27 07:28:37,116] {dag.py:2914} INFO - Setting next_dagrun for example_external_task_marker_parent to None
[2021-10-27 07:28:37,128] {processor.py:171} INFO - Processing /home/airflow/.local/lib/python3.6/site-packages/airflow/example_dags/example_external_task_marker_dag.py took 0.098 seconds
[2021-10-27 07:29:08,488] {processor.py:163} INFO - Started process (PID=194) to work on /home/airflow/.local/lib/python3.6/site-packages/airflow/example_dags/example_external_task_marker_dag.py
[2021-10-27 07:29:08,490] {processor.py:620} INFO - Processing file /home/airflow/.local/lib/python3.6/site-packages/airflow/example_dags/example_external_task_marker_dag.py for tasks to queue
[2021-10-27 07:29:08,491] {logging_mixin.py:109} INFO - [2021-10-27 07:29:08,491] {dagbag.py:500} INFO - Filling up the DagBag from /home/airflow/.local/lib/python3.6/site-packages/airflow/example_dags/example_external_task_marker_dag.py
[2021-10-27 07:29:08,534] {processor.py:632} INFO - DAG(s) dict_keys(['example_external_task_marker_parent', 'example_external_task_marker_child']) retrieved from /home/airflow/.local/lib/python3.6/site-packages/airflow/example_dags/example_external_task_marker_dag.py
[2021-10-27 07:29:08,557] {logging_mixin.py:109} INFO - [2021-10-27 07:29:08,557] {dag.py:2389} INFO - Sync 2 DAGs
[2021-10-27 07:29:08,584] {logging_mixin.py:109} INFO - [2021-10-27 07:29:08,584] {dag.py:2914} INFO - Setting next_dagrun for example_external_task_marker_child to None
[2021-10-27 07:29:08,585] {logging_mixin.py:109} INFO - [2021-10-27 07:29:08,585] {dag.py:2914} INFO - Setting next_dagrun for example_external_task_marker_parent to None
[2021-10-27 07:29:08,601] {processor.py:171} INFO - Processing /home/airflow/.local/lib/python3.6/site-packages/airflow/example_dags/example_external_task_marker_dag.py took 0.120 seconds
[2021-10-27 07:29:38,995] {processor.py:163} INFO - Started process (PID=260) to work on /home/airflow/.local/lib/python3.6/site-packages/airflow/example_dags/example_external_task_marker_dag.py
[2021-10-27 07:29:38,997] {processor.py:620} INFO - Processing file /home/airflow/.local/lib/python3.6/site-packages/airflow/example_dags/example_external_task_marker_dag.py for tasks to queue
[2021-10-27 07:29:38,998] {logging_mixin.py:109} INFO - [2021-10-27 07:29:38,998] {dagbag.py:500} INFO - Filling up the DagBag from /home/airflow/.local/lib/python3.6/site-packages/airflow/example_dags/example_external_task_marker_dag.py
[2021-10-27 07:29:39,106] {processor.py:632} INFO - DAG(s) dict_keys(['example_external_task_marker_parent', 'example_external_task_marker_child']) retrieved from /home/airflow/.local/lib/python3.6/site-packages/airflow/example_dags/example_external_task_marker_dag.py
[2021-10-27 07:29:39,131] {logging_mixin.py:109} INFO - [2021-10-27 07:29:39,130] {dag.py:2389} INFO - Sync 2 DAGs
[2021-10-27 07:29:39,162] {logging_mixin.py:109} INFO - [2021-10-27 07:29:39,162] {dag.py:2914} INFO - Setting next_dagrun for example_external_task_marker_child to None
[2021-10-27 07:29:39,162] {logging_mixin.py:109} INFO - [2021-10-27 07:29:39,162] {dag.py:2914} INFO - Setting next_dagrun for example_external_task_marker_parent to None
[2021-10-27 07:29:39,175] {processor.py:171} INFO - Processing /home/airflow/.local/lib/python3.6/site-packages/airflow/example_dags/example_external_task_marker_dag.py took 0.185 seconds
[2021-10-27 07:30:09,285] {processor.py:163} INFO - Started process (PID=316) to work on /home/airflow/.local/lib/python3.6/site-packages/airflow/example_dags/example_external_task_marker_dag.py
[2021-10-27 07:30:09,286] {processor.py:620} INFO - Processing file /home/airflow/.local/lib/python3.6/site-packages/airflow/example_dags/example_external_task_marker_dag.py for tasks to queue
[2021-10-27 07:30:09,287] {logging_mixin.py:109} INFO - [2021-10-27 07:30:09,287] {dagbag.py:500} INFO - Filling up the DagBag from /home/airflow/.local/lib/python3.6/site-packages/airflow/example_dags/example_external_task_marker_dag.py
[2021-10-27 07:30:09,324] {processor.py:632} INFO - DAG(s) dict_keys(['example_external_task_marker_parent', 'example_external_task_marker_child']) retrieved from /home/airflow/.local/lib/python3.6/site-packages/airflow/example_dags/example_external_task_marker_dag.py
[2021-10-27 07:30:09,341] {logging_mixin.py:109} INFO - [2021-10-27 07:30:09,341] {dag.py:2389} INFO - Sync 2 DAGs
[2021-10-27 07:30:09,356] {logging_mixin.py:109} INFO - [2021-10-27 07:30:09,356] {dag.py:2914} INFO - Setting next_dagrun for example_external_task_marker_child to None
[2021-10-27 07:30:09,356] {logging_mixin.py:109} INFO - [2021-10-27 07:30:09,356] {dag.py:2914} INFO - Setting next_dagrun for example_external_task_marker_parent to None
[2021-10-27 07:30:09,366] {processor.py:171} INFO - Processing /home/airflow/.local/lib/python3.6/site-packages/airflow/example_dags/example_external_task_marker_dag.py took 0.084 seconds
[2021-10-27 07:30:40,440] {processor.py:163} INFO - Started process (PID=381) to work on /home/airflow/.local/lib/python3.6/site-packages/airflow/example_dags/example_external_task_marker_dag.py
[2021-10-27 07:30:40,442] {processor.py:620} INFO - Processing file /home/airflow/.local/lib/python3.6/site-packages/airflow/example_dags/example_external_task_marker_dag.py for tasks to queue
[2021-10-27 07:30:40,443] {logging_mixin.py:109} INFO - [2021-10-27 07:30:40,443] {dagbag.py:500} INFO - Filling up the DagBag from /home/airflow/.local/lib/python3.6/site-packages/airflow/example_dags/example_external_task_marker_dag.py
[2021-10-27 07:30:40,483] {processor.py:632} INFO - DAG(s) dict_keys(['example_external_task_marker_parent', 'example_external_task_marker_child']) retrieved from /home/airflow/.local/lib/python3.6/site-packages/airflow/example_dags/example_external_task_marker_dag.py
[2021-10-27 07:30:40,506] {logging_mixin.py:109} INFO - [2021-10-27 07:30:40,505] {dag.py:2389} INFO - Sync 2 DAGs
[2021-10-27 07:30:40,529] {logging_mixin.py:109} INFO - [2021-10-27 07:30:40,529] {dag.py:2914} INFO - Setting next_dagrun for example_external_task_marker_child to None
[2021-10-27 07:30:40,530] {logging_mixin.py:109} INFO - [2021-10-27 07:30:40,530] {dag.py:2914} INFO - Setting next_dagrun for example_external_task_marker_parent to None
[2021-10-27 07:30:40,543] {processor.py:171} INFO - Processing /home/airflow/.local/lib/python3.6/site-packages/airflow/example_dags/example_external_task_marker_dag.py took 0.108 seconds
[2021-10-27 07:31:10,965] {processor.py:163} INFO - Started process (PID=434) to work on /home/airflow/.local/lib/python3.6/site-packages/airflow/example_dags/example_external_task_marker_dag.py
[2021-10-27 07:31:10,967] {processor.py:620} INFO - Processing file /home/airflow/.local/lib/python3.6/site-packages/airflow/example_dags/example_external_task_marker_dag.py for tasks to queue
[2021-10-27 07:31:10,968] {logging_mixin.py:109} INFO - [2021-10-27 07:31:10,968] {dagbag.py:500} INFO - Filling up the DagBag from /home/airflow/.local/lib/python3.6/site-packages/airflow/example_dags/example_external_task_marker_dag.py
[2021-10-27 07:31:11,005] {processor.py:632} INFO - DAG(s) dict_keys(['example_external_task_marker_parent', 'example_external_task_marker_child']) retrieved from /home/airflow/.local/lib/python3.6/site-packages/airflow/example_dags/example_external_task_marker_dag.py
[2021-10-27 07:31:11,024] {logging_mixin.py:109} INFO - [2021-10-27 07:31:11,024] {dag.py:2389} INFO - Sync 2 DAGs
[2021-10-27 07:31:11,043] {logging_mixin.py:109} INFO - [2021-10-27 07:31:11,043] {dag.py:2914} INFO - Setting next_dagrun for example_external_task_marker_child to None
[2021-10-27 07:31:11,044] {logging_mixin.py:109} INFO - [2021-10-27 07:31:11,044] {dag.py:2914} INFO - Setting next_dagrun for example_external_task_marker_parent to None
[2021-10-27 07:31:11,058] {processor.py:171} INFO - Processing /home/airflow/.local/lib/python3.6/site-packages/airflow/example_dags/example_external_task_marker_dag.py took 0.097 seconds
[2021-10-27 07:31:41,880] {processor.py:163} INFO - Started process (PID=489) to work on /home/airflow/.local/lib/python3.6/site-packages/airflow/example_dags/example_external_task_marker_dag.py
[2021-10-27 07:31:41,882] {processor.py:620} INFO - Processing file /home/airflow/.local/lib/python3.6/site-packages/airflow/example_dags/example_external_task_marker_dag.py for tasks to queue
[2021-10-27 07:31:41,884] {logging_mixin.py:109} INFO - [2021-10-27 07:31:41,883] {dagbag.py:500} INFO - Filling up the DagBag from /home/airflow/.local/lib/python3.6/site-packages/airflow/example_dags/example_external_task_marker_dag.py
[2021-10-27 07:31:41,924] {processor.py:632} INFO - DAG(s) dict_keys(['example_external_task_marker_parent', 'example_external_task_marker_child']) retrieved from /home/airflow/.local/lib/python3.6/site-packages/airflow/example_dags/example_external_task_marker_dag.py
[2021-10-27 07:31:41,945] {logging_mixin.py:109} INFO - [2021-10-27 07:31:41,945] {dag.py:2389} INFO - Sync 2 DAGs
[2021-10-27 07:31:41,985] {logging_mixin.py:109} INFO - [2021-10-27 07:31:41,985] {dag.py:2914} INFO - Setting next_dagrun for example_external_task_marker_child to None
[2021-10-27 07:31:41,986] {logging_mixin.py:109} INFO - [2021-10-27 07:31:41,985] {dag.py:2914} INFO - Setting next_dagrun for example_external_task_marker_parent to None
[2021-10-27 07:31:42,002] {processor.py:171} INFO - Processing /home/airflow/.local/lib/python3.6/site-packages/airflow/example_dags/example_external_task_marker_dag.py took 0.130 seconds
[2021-10-27 07:32:12,346] {processor.py:163} INFO - Started process (PID=555) to work on /home/airflow/.local/lib/python3.6/site-packages/airflow/example_dags/example_external_task_marker_dag.py
[2021-10-27 07:32:12,347] {processor.py:620} INFO - Processing file /home/airflow/.local/lib/python3.6/site-packages/airflow/example_dags/example_external_task_marker_dag.py for tasks to queue
[2021-10-27 07:32:12,348] {logging_mixin.py:109} INFO - [2021-10-27 07:32:12,348] {dagbag.py:500} INFO - Filling up the DagBag from /home/airflow/.local/lib/python3.6/site-packages/airflow/example_dags/example_external_task_marker_dag.py
[2021-10-27 07:32:12,380] {processor.py:632} INFO - DAG(s) dict_keys(['example_external_task_marker_parent', 'example_external_task_marker_child']) retrieved from /home/airflow/.local/lib/python3.6/site-packages/airflow/example_dags/example_external_task_marker_dag.py
[2021-10-27 07:32:12,395] {logging_mixin.py:109} INFO - [2021-10-27 07:32:12,395] {dag.py:2389} INFO - Sync 2 DAGs
[2021-10-27 07:32:12,411] {logging_mixin.py:109} INFO - [2021-10-27 07:32:12,411] {dag.py:2914} INFO - Setting next_dagrun for example_external_task_marker_child to None
[2021-10-27 07:32:12,412] {logging_mixin.py:109} INFO - [2021-10-27 07:32:12,412] {dag.py:2914} INFO - Setting next_dagrun for example_external_task_marker_parent to None
[2021-10-27 07:32:12,423] {processor.py:171} INFO - Processing /home/airflow/.local/lib/python3.6/site-packages/airflow/example_dags/example_external_task_marker_dag.py took 0.081 seconds
[2021-10-27 07:32:42,673] {processor.py:163} INFO - Started process (PID=609) to work on /home/airflow/.local/lib/python3.6/site-packages/airflow/example_dags/example_external_task_marker_dag.py
[2021-10-27 07:32:42,674] {processor.py:620} INFO - Processing file /home/airflow/.local/lib/python3.6/site-packages/airflow/example_dags/example_external_task_marker_dag.py for tasks to queue
[2021-10-27 07:32:42,675] {logging_mixin.py:109} INFO - [2021-10-27 07:32:42,675] {dagbag.py:500} INFO - Filling up the DagBag from /home/airflow/.local/lib/python3.6/site-packages/airflow/example_dags/example_external_task_marker_dag.py
[2021-10-27 07:32:42,702] {processor.py:632} INFO - DAG(s) dict_keys(['example_external_task_marker_parent', 'example_external_task_marker_child']) retrieved from /home/airflow/.local/lib/python3.6/site-packages/airflow/example_dags/example_external_task_marker_dag.py
[2021-10-27 07:32:42,715] {logging_mixin.py:109} INFO - [2021-10-27 07:32:42,715] {dag.py:2389} INFO - Sync 2 DAGs
[2021-10-27 07:32:42,731] {logging_mixin.py:109} INFO - [2021-10-27 07:32:42,731] {dag.py:2914} INFO - Setting next_dagrun for example_external_task_marker_child to None
[2021-10-27 07:32:42,732] {logging_mixin.py:109} INFO - [2021-10-27 07:32:42,732] {dag.py:2914} INFO - Setting next_dagrun for example_external_task_marker_parent to None
[2021-10-27 07:32:42,742] {processor.py:171} INFO - Processing /home/airflow/.local/lib/python3.6/site-packages/airflow/example_dags/example_external_task_marker_dag.py took 0.073 seconds
[2021-10-27 07:33:13,929] {processor.py:163} INFO - Started process (PID=676) to work on /home/airflow/.local/lib/python3.6/site-packages/airflow/example_dags/example_external_task_marker_dag.py
[2021-10-27 07:33:13,931] {processor.py:620} INFO - Processing file /home/airflow/.local/lib/python3.6/site-packages/airflow/example_dags/example_external_task_marker_dag.py for tasks to queue
[2021-10-27 07:33:13,932] {logging_mixin.py:109} INFO - [2021-10-27 07:33:13,932] {dagbag.py:500} INFO - Filling up the DagBag from /home/airflow/.local/lib/python3.6/site-packages/airflow/example_dags/example_external_task_marker_dag.py
[2021-10-27 07:33:13,970] {processor.py:632} INFO - DAG(s) dict_keys(['example_external_task_marker_parent', 'example_external_task_marker_child']) retrieved from /home/airflow/.local/lib/python3.6/site-packages/airflow/example_dags/example_external_task_marker_dag.py
[2021-10-27 07:33:13,989] {logging_mixin.py:109} INFO - [2021-10-27 07:33:13,989] {dag.py:2389} INFO - Sync 2 DAGs
[2021-10-27 07:33:14,013] {logging_mixin.py:109} INFO - [2021-10-27 07:33:14,013] {dag.py:2914} INFO - Setting next_dagrun for example_external_task_marker_child to None
[2021-10-27 07:33:14,014] {logging_mixin.py:109} INFO - [2021-10-27 07:33:14,014] {dag.py:2914} INFO - Setting next_dagrun for example_external_task_marker_parent to None
[2021-10-27 07:33:14,026] {processor.py:171} INFO - Processing /home/airflow/.local/lib/python3.6/site-packages/airflow/example_dags/example_external_task_marker_dag.py took 0.102 seconds
[2021-10-27 07:33:44,600] {processor.py:163} INFO - Started process (PID=731) to work on /home/airflow/.local/lib/python3.6/site-packages/airflow/example_dags/example_external_task_marker_dag.py
[2021-10-27 07:33:44,601] {processor.py:620} INFO - Processing file /home/airflow/.local/lib/python3.6/site-packages/airflow/example_dags/example_external_task_marker_dag.py for tasks to queue
[2021-10-27 07:33:44,602] {logging_mixin.py:109} INFO - [2021-10-27 07:33:44,602] {dagbag.py:500} INFO - Filling up the DagBag from /home/airflow/.local/lib/python3.6/site-packages/airflow/example_dags/example_external_task_marker_dag.py
[2021-10-27 07:33:44,629] {processor.py:632} INFO - DAG(s) dict_keys(['example_external_task_marker_parent', 'example_external_task_marker_child']) retrieved from /home/airflow/.local/lib/python3.6/site-packages/airflow/example_dags/example_external_task_marker_dag.py
[2021-10-27 07:33:44,643] {logging_mixin.py:109} INFO - [2021-10-27 07:33:44,643] {dag.py:2389} INFO - Sync 2 DAGs
[2021-10-27 07:33:44,659] {logging_mixin.py:109} INFO - [2021-10-27 07:33:44,659] {dag.py:2914} INFO - Setting next_dagrun for example_external_task_marker_child to None
[2021-10-27 07:33:44,660] {logging_mixin.py:109} INFO - [2021-10-27 07:33:44,660] {dag.py:2914} INFO - Setting next_dagrun for example_external_task_marker_parent to None
[2021-10-27 07:33:44,672] {processor.py:171} INFO - Processing /home/airflow/.local/lib/python3.6/site-packages/airflow/example_dags/example_external_task_marker_dag.py took 0.075 seconds
[2021-10-27 07:34:15,490] {processor.py:163} INFO - Started process (PID=796) to work on /home/airflow/.local/lib/python3.6/site-packages/airflow/example_dags/example_external_task_marker_dag.py
[2021-10-27 07:34:15,492] {processor.py:620} INFO - Processing file /home/airflow/.local/lib/python3.6/site-packages/airflow/example_dags/example_external_task_marker_dag.py for tasks to queue
[2021-10-27 07:34:15,493] {logging_mixin.py:109} INFO - [2021-10-27 07:34:15,493] {dagbag.py:500} INFO - Filling up the DagBag from /home/airflow/.local/lib/python3.6/site-packages/airflow/example_dags/example_external_task_marker_dag.py
[2021-10-27 07:34:15,521] {processor.py:632} INFO - DAG(s) dict_keys(['example_external_task_marker_parent', 'example_external_task_marker_child']) retrieved from /home/airflow/.local/lib/python3.6/site-packages/airflow/example_dags/example_external_task_marker_dag.py
[2021-10-27 07:34:15,536] {logging_mixin.py:109} INFO - [2021-10-27 07:34:15,536] {dag.py:2389} INFO - Sync 2 DAGs
[2021-10-27 07:34:15,551] {logging_mixin.py:109} INFO - [2021-10-27 07:34:15,551] {dag.py:2914} INFO - Setting next_dagrun for example_external_task_marker_child to None
[2021-10-27 07:34:15,552] {logging_mixin.py:109} INFO - [2021-10-27 07:34:15,552] {dag.py:2914} INFO - Setting next_dagrun for example_external_task_marker_parent to None
[2021-10-27 07:34:15,562] {processor.py:171} INFO - Processing /home/airflow/.local/lib/python3.6/site-packages/airflow/example_dags/example_external_task_marker_dag.py took 0.075 seconds
[2021-10-27 07:34:46,037] {processor.py:163} INFO - Started process (PID=851) to work on /home/airflow/.local/lib/python3.6/site-packages/airflow/example_dags/example_external_task_marker_dag.py
[2021-10-27 07:34:46,038] {processor.py:620} INFO - Processing file /home/airflow/.local/lib/python3.6/site-packages/airflow/example_dags/example_external_task_marker_dag.py for tasks to queue
[2021-10-27 07:34:46,039] {logging_mixin.py:109} INFO - [2021-10-27 07:34:46,039] {dagbag.py:500} INFO - Filling up the DagBag from /home/airflow/.local/lib/python3.6/site-packages/airflow/example_dags/example_external_task_marker_dag.py
[2021-10-27 07:34:46,069] {processor.py:632} INFO - DAG(s) dict_keys(['example_external_task_marker_parent', 'example_external_task_marker_child']) retrieved from /home/airflow/.local/lib/python3.6/site-packages/airflow/example_dags/example_external_task_marker_dag.py
[2021-10-27 07:34:46,083] {logging_mixin.py:109} INFO - [2021-10-27 07:34:46,083] {dag.py:2389} INFO - Sync 2 DAGs
[2021-10-27 07:34:46,102] {logging_mixin.py:109} INFO - [2021-10-27 07:34:46,102] {dag.py:2914} INFO - Setting next_dagrun for example_external_task_marker_child to None
[2021-10-27 07:34:46,103] {logging_mixin.py:109} INFO - [2021-10-27 07:34:46,103] {dag.py:2914} INFO - Setting next_dagrun for example_external_task_marker_parent to None
[2021-10-27 07:34:46,115] {processor.py:171} INFO - Processing /home/airflow/.local/lib/python3.6/site-packages/airflow/example_dags/example_external_task_marker_dag.py took 0.081 seconds
[2021-10-27 07:35:16,268] {processor.py:163} INFO - Started process (PID=917) to work on /home/airflow/.local/lib/python3.6/site-packages/airflow/example_dags/example_external_task_marker_dag.py
[2021-10-27 07:35:16,270] {processor.py:620} INFO - Processing file /home/airflow/.local/lib/python3.6/site-packages/airflow/example_dags/example_external_task_marker_dag.py for tasks to queue
[2021-10-27 07:35:16,271] {logging_mixin.py:109} INFO - [2021-10-27 07:35:16,271] {dagbag.py:500} INFO - Filling up the DagBag from /home/airflow/.local/lib/python3.6/site-packages/airflow/example_dags/example_external_task_marker_dag.py
[2021-10-27 07:35:16,377] {processor.py:632} INFO - DAG(s) dict_keys(['example_external_task_marker_parent', 'example_external_task_marker_child']) retrieved from /home/airflow/.local/lib/python3.6/site-packages/airflow/example_dags/example_external_task_marker_dag.py
[2021-10-27 07:35:16,403] {logging_mixin.py:109} INFO - [2021-10-27 07:35:16,403] {dag.py:2389} INFO - Sync 2 DAGs
[2021-10-27 07:35:16,429] {logging_mixin.py:109} INFO - [2021-10-27 07:35:16,429] {dag.py:2914} INFO - Setting next_dagrun for example_external_task_marker_child to None
[2021-10-27 07:35:16,429] {logging_mixin.py:109} INFO - [2021-10-27 07:35:16,429] {dag.py:2914} INFO - Setting next_dagrun for example_external_task_marker_parent to None
[2021-10-27 07:35:16,443] {processor.py:171} INFO - Processing /home/airflow/.local/lib/python3.6/site-packages/airflow/example_dags/example_external_task_marker_dag.py took 0.179 seconds
[2021-10-27 07:35:46,655] {processor.py:163} INFO - Started process (PID=972) to work on /home/airflow/.local/lib/python3.6/site-packages/airflow/example_dags/example_external_task_marker_dag.py
[2021-10-27 07:35:46,656] {processor.py:620} INFO - Processing file /home/airflow/.local/lib/python3.6/site-packages/airflow/example_dags/example_external_task_marker_dag.py for tasks to queue
[2021-10-27 07:35:46,657] {logging_mixin.py:109} INFO - [2021-10-27 07:35:46,657] {dagbag.py:500} INFO - Filling up the DagBag from /home/airflow/.local/lib/python3.6/site-packages/airflow/example_dags/example_external_task_marker_dag.py
[2021-10-27 07:35:46,685] {processor.py:632} INFO - DAG(s) dict_keys(['example_external_task_marker_parent', 'example_external_task_marker_child']) retrieved from /home/airflow/.local/lib/python3.6/site-packages/airflow/example_dags/example_external_task_marker_dag.py
[2021-10-27 07:35:46,699] {logging_mixin.py:109} INFO - [2021-10-27 07:35:46,699] {dag.py:2389} INFO - Sync 2 DAGs
[2021-10-27 07:35:46,716] {logging_mixin.py:109} INFO - [2021-10-27 07:35:46,715] {dag.py:2914} INFO - Setting next_dagrun for example_external_task_marker_child to None
[2021-10-27 07:35:46,716] {logging_mixin.py:109} INFO - [2021-10-27 07:35:46,716] {dag.py:2914} INFO - Setting next_dagrun for example_external_task_marker_parent to None
[2021-10-27 07:35:46,727] {processor.py:171} INFO - Processing /home/airflow/.local/lib/python3.6/site-packages/airflow/example_dags/example_external_task_marker_dag.py took 0.076 seconds
[2021-10-27 07:36:20,654] {processor.py:163} INFO - Started process (PID=1039) to work on /home/airflow/.local/lib/python3.6/site-packages/airflow/example_dags/example_external_task_marker_dag.py
[2021-10-27 07:36:20,661] {processor.py:620} INFO - Processing file /home/airflow/.local/lib/python3.6/site-packages/airflow/example_dags/example_external_task_marker_dag.py for tasks to queue
[2021-10-27 07:36:20,666] {logging_mixin.py:109} INFO - [2021-10-27 07:36:20,666] {dagbag.py:500} INFO - Filling up the DagBag from /home/airflow/.local/lib/python3.6/site-packages/airflow/example_dags/example_external_task_marker_dag.py
[2021-10-27 07:36:20,739] {processor.py:632} INFO - DAG(s) dict_keys(['example_external_task_marker_parent', 'example_external_task_marker_child']) retrieved from /home/airflow/.local/lib/python3.6/site-packages/airflow/example_dags/example_external_task_marker_dag.py
[2021-10-27 07:36:20,764] {logging_mixin.py:109} INFO - [2021-10-27 07:36:20,764] {dag.py:2389} INFO - Sync 2 DAGs
[2021-10-27 07:36:20,792] {logging_mixin.py:109} INFO - [2021-10-27 07:36:20,792] {dag.py:2914} INFO - Setting next_dagrun for example_external_task_marker_child to None
[2021-10-27 07:36:20,793] {logging_mixin.py:109} INFO - [2021-10-27 07:36:20,793] {dag.py:2914} INFO - Setting next_dagrun for example_external_task_marker_parent to None
[2021-10-27 07:36:20,814] {processor.py:171} INFO - Processing /home/airflow/.local/lib/python3.6/site-packages/airflow/example_dags/example_external_task_marker_dag.py took 0.165 seconds
[2021-10-27 07:36:51,376] {processor.py:163} INFO - Started process (PID=1095) to work on /home/airflow/.local/lib/python3.6/site-packages/airflow/example_dags/example_external_task_marker_dag.py
[2021-10-27 07:36:51,379] {processor.py:620} INFO - Processing file /home/airflow/.local/lib/python3.6/site-packages/airflow/example_dags/example_external_task_marker_dag.py for tasks to queue
[2021-10-27 07:36:51,380] {logging_mixin.py:109} INFO - [2021-10-27 07:36:51,380] {dagbag.py:500} INFO - Filling up the DagBag from /home/airflow/.local/lib/python3.6/site-packages/airflow/example_dags/example_external_task_marker_dag.py
[2021-10-27 07:36:51,429] {processor.py:632} INFO - DAG(s) dict_keys(['example_external_task_marker_parent', 'example_external_task_marker_child']) retrieved from /home/airflow/.local/lib/python3.6/site-packages/airflow/example_dags/example_external_task_marker_dag.py
[2021-10-27 07:36:51,457] {logging_mixin.py:109} INFO - [2021-10-27 07:36:51,457] {dag.py:2389} INFO - Sync 2 DAGs
[2021-10-27 07:36:51,487] {logging_mixin.py:109} INFO - [2021-10-27 07:36:51,486] {dag.py:2914} INFO - Setting next_dagrun for example_external_task_marker_child to None
[2021-10-27 07:36:51,487] {logging_mixin.py:109} INFO - [2021-10-27 07:36:51,487] {dag.py:2914} INFO - Setting next_dagrun for example_external_task_marker_parent to None
[2021-10-27 07:36:51,506] {processor.py:171} INFO - Processing /home/airflow/.local/lib/python3.6/site-packages/airflow/example_dags/example_external_task_marker_dag.py took 0.134 seconds
[2021-10-27 07:37:22,085] {processor.py:163} INFO - Started process (PID=1161) to work on /home/airflow/.local/lib/python3.6/site-packages/airflow/example_dags/example_external_task_marker_dag.py
[2021-10-27 07:37:22,086] {processor.py:620} INFO - Processing file /home/airflow/.local/lib/python3.6/site-packages/airflow/example_dags/example_external_task_marker_dag.py for tasks to queue
[2021-10-27 07:37:22,087] {logging_mixin.py:109} INFO - [2021-10-27 07:37:22,087] {dagbag.py:500} INFO - Filling up the DagBag from /home/airflow/.local/lib/python3.6/site-packages/airflow/example_dags/example_external_task_marker_dag.py
[2021-10-27 07:37:22,119] {processor.py:632} INFO - DAG(s) dict_keys(['example_external_task_marker_parent', 'example_external_task_marker_child']) retrieved from /home/airflow/.local/lib/python3.6/site-packages/airflow/example_dags/example_external_task_marker_dag.py
[2021-10-27 07:37:22,139] {logging_mixin.py:109} INFO - [2021-10-27 07:37:22,139] {dag.py:2389} INFO - Sync 2 DAGs
[2021-10-27 07:37:22,159] {logging_mixin.py:109} INFO - [2021-10-27 07:37:22,159] {dag.py:2914} INFO - Setting next_dagrun for example_external_task_marker_child to None
[2021-10-27 07:37:22,160] {logging_mixin.py:109} INFO - [2021-10-27 07:37:22,159] {dag.py:2914} INFO - Setting next_dagrun for example_external_task_marker_parent to None
[2021-10-27 07:37:22,170] {processor.py:171} INFO - Processing /home/airflow/.local/lib/python3.6/site-packages/airflow/example_dags/example_external_task_marker_dag.py took 0.089 seconds
[2021-10-27 07:37:52,597] {processor.py:163} INFO - Started process (PID=1217) to work on /home/airflow/.local/lib/python3.6/site-packages/airflow/example_dags/example_external_task_marker_dag.py
[2021-10-27 07:37:52,598] {processor.py:620} INFO - Processing file /home/airflow/.local/lib/python3.6/site-packages/airflow/example_dags/example_external_task_marker_dag.py for tasks to queue
[2021-10-27 07:37:52,599] {logging_mixin.py:109} INFO - [2021-10-27 07:37:52,599] {dagbag.py:500} INFO - Filling up the DagBag from /home/airflow/.local/lib/python3.6/site-packages/airflow/example_dags/example_external_task_marker_dag.py
[2021-10-27 07:37:52,624] {processor.py:632} INFO - DAG(s) dict_keys(['example_external_task_marker_parent', 'example_external_task_marker_child']) retrieved from /home/airflow/.local/lib/python3.6/site-packages/airflow/example_dags/example_external_task_marker_dag.py
[2021-10-27 07:37:52,637] {logging_mixin.py:109} INFO - [2021-10-27 07:37:52,637] {dag.py:2389} INFO - Sync 2 DAGs
[2021-10-27 07:37:52,651] {logging_mixin.py:109} INFO - [2021-10-27 07:37:52,651] {dag.py:2914} INFO - Setting next_dagrun for example_external_task_marker_child to None
[2021-10-27 07:37:52,652] {logging_mixin.py:109} INFO - [2021-10-27 07:37:52,652] {dag.py:2914} INFO - Setting next_dagrun for example_external_task_marker_parent to None
[2021-10-27 07:37:52,665] {processor.py:171} INFO - Processing /home/airflow/.local/lib/python3.6/site-packages/airflow/example_dags/example_external_task_marker_dag.py took 0.072 seconds
[2021-10-27 07:38:23,297] {processor.py:163} INFO - Started process (PID=1283) to work on /home/airflow/.local/lib/python3.6/site-packages/airflow/example_dags/example_external_task_marker_dag.py
[2021-10-27 07:38:23,298] {processor.py:620} INFO - Processing file /home/airflow/.local/lib/python3.6/site-packages/airflow/example_dags/example_external_task_marker_dag.py for tasks to queue
[2021-10-27 07:38:23,299] {logging_mixin.py:109} INFO - [2021-10-27 07:38:23,299] {dagbag.py:500} INFO - Filling up the DagBag from /home/airflow/.local/lib/python3.6/site-packages/airflow/example_dags/example_external_task_marker_dag.py
[2021-10-27 07:38:23,327] {processor.py:632} INFO - DAG(s) dict_keys(['example_external_task_marker_parent', 'example_external_task_marker_child']) retrieved from /home/airflow/.local/lib/python3.6/site-packages/airflow/example_dags/example_external_task_marker_dag.py
[2021-10-27 07:38:23,343] {logging_mixin.py:109} INFO - [2021-10-27 07:38:23,343] {dag.py:2389} INFO - Sync 2 DAGs
[2021-10-27 07:38:23,360] {logging_mixin.py:109} INFO - [2021-10-27 07:38:23,359] {dag.py:2914} INFO - Setting next_dagrun for example_external_task_marker_child to None
[2021-10-27 07:38:23,360] {logging_mixin.py:109} INFO - [2021-10-27 07:38:23,360] {dag.py:2914} INFO - Setting next_dagrun for example_external_task_marker_parent to None
[2021-10-27 07:38:23,372] {processor.py:171} INFO - Processing /home/airflow/.local/lib/python3.6/site-packages/airflow/example_dags/example_external_task_marker_dag.py took 0.079 seconds
[2021-10-27 07:38:53,612] {processor.py:163} INFO - Started process (PID=1339) to work on /home/airflow/.local/lib/python3.6/site-packages/airflow/example_dags/example_external_task_marker_dag.py
[2021-10-27 07:38:53,614] {processor.py:620} INFO - Processing file /home/airflow/.local/lib/python3.6/site-packages/airflow/example_dags/example_external_task_marker_dag.py for tasks to queue
[2021-10-27 07:38:53,615] {logging_mixin.py:109} INFO - [2021-10-27 07:38:53,615] {dagbag.py:500} INFO - Filling up the DagBag from /home/airflow/.local/lib/python3.6/site-packages/airflow/example_dags/example_external_task_marker_dag.py
[2021-10-27 07:38:53,652] {processor.py:632} INFO - DAG(s) dict_keys(['example_external_task_marker_parent', 'example_external_task_marker_child']) retrieved from /home/airflow/.local/lib/python3.6/site-packages/airflow/example_dags/example_external_task_marker_dag.py
[2021-10-27 07:38:53,672] {logging_mixin.py:109} INFO - [2021-10-27 07:38:53,672] {dag.py:2389} INFO - Sync 2 DAGs
[2021-10-27 07:38:53,687] {logging_mixin.py:109} INFO - [2021-10-27 07:38:53,687] {dag.py:2914} INFO - Setting next_dagrun for example_external_task_marker_child to None
[2021-10-27 07:38:53,688] {logging_mixin.py:109} INFO - [2021-10-27 07:38:53,688] {dag.py:2914} INFO - Setting next_dagrun for example_external_task_marker_parent to None
[2021-10-27 07:38:53,697] {processor.py:171} INFO - Processing /home/airflow/.local/lib/python3.6/site-packages/airflow/example_dags/example_external_task_marker_dag.py took 0.088 seconds
[2021-10-27 07:39:24,069] {processor.py:163} INFO - Started process (PID=1404) to work on /home/airflow/.local/lib/python3.6/site-packages/airflow/example_dags/example_external_task_marker_dag.py
[2021-10-27 07:39:24,070] {processor.py:620} INFO - Processing file /home/airflow/.local/lib/python3.6/site-packages/airflow/example_dags/example_external_task_marker_dag.py for tasks to queue
[2021-10-27 07:39:24,071] {logging_mixin.py:109} INFO - [2021-10-27 07:39:24,071] {dagbag.py:500} INFO - Filling up the DagBag from /home/airflow/.local/lib/python3.6/site-packages/airflow/example_dags/example_external_task_marker_dag.py
[2021-10-27 07:39:24,098] {processor.py:632} INFO - DAG(s) dict_keys(['example_external_task_marker_parent', 'example_external_task_marker_child']) retrieved from /home/airflow/.local/lib/python3.6/site-packages/airflow/example_dags/example_external_task_marker_dag.py
[2021-10-27 07:39:24,112] {logging_mixin.py:109} INFO - [2021-10-27 07:39:24,111] {dag.py:2389} INFO - Sync 2 DAGs
[2021-10-27 07:39:24,128] {logging_mixin.py:109} INFO - [2021-10-27 07:39:24,127] {dag.py:2914} INFO - Setting next_dagrun for example_external_task_marker_child to None
[2021-10-27 07:39:24,128] {logging_mixin.py:109} INFO - [2021-10-27 07:39:24,128] {dag.py:2914} INFO - Setting next_dagrun for example_external_task_marker_parent to None
[2021-10-27 07:39:24,141] {processor.py:171} INFO - Processing /home/airflow/.local/lib/python3.6/site-packages/airflow/example_dags/example_external_task_marker_dag.py took 0.075 seconds
[2021-10-27 07:39:54,465] {processor.py:163} INFO - Started process (PID=1459) to work on /home/airflow/.local/lib/python3.6/site-packages/airflow/example_dags/example_external_task_marker_dag.py
[2021-10-27 07:39:54,466] {processor.py:620} INFO - Processing file /home/airflow/.local/lib/python3.6/site-packages/airflow/example_dags/example_external_task_marker_dag.py for tasks to queue
[2021-10-27 07:39:54,467] {logging_mixin.py:109} INFO - [2021-10-27 07:39:54,467] {dagbag.py:500} INFO - Filling up the DagBag from /home/airflow/.local/lib/python3.6/site-packages/airflow/example_dags/example_external_task_marker_dag.py
[2021-10-27 07:39:54,495] {processor.py:632} INFO - DAG(s) dict_keys(['example_external_task_marker_parent', 'example_external_task_marker_child']) retrieved from /home/airflow/.local/lib/python3.6/site-packages/airflow/example_dags/example_external_task_marker_dag.py
[2021-10-27 07:39:54,509] {logging_mixin.py:109} INFO - [2021-10-27 07:39:54,509] {dag.py:2389} INFO - Sync 2 DAGs
[2021-10-27 07:39:54,525] {logging_mixin.py:109} INFO - [2021-10-27 07:39:54,525] {dag.py:2914} INFO - Setting next_dagrun for example_external_task_marker_child to None
[2021-10-27 07:39:54,526] {logging_mixin.py:109} INFO - [2021-10-27 07:39:54,526] {dag.py:2914} INFO - Setting next_dagrun for example_external_task_marker_parent to None
[2021-10-27 07:39:54,537] {processor.py:171} INFO - Processing /home/airflow/.local/lib/python3.6/site-packages/airflow/example_dags/example_external_task_marker_dag.py took 0.075 seconds
[2021-10-27 07:40:24,907] {processor.py:163} INFO - Started process (PID=1524) to work on /home/airflow/.local/lib/python3.6/site-packages/airflow/example_dags/example_external_task_marker_dag.py
[2021-10-27 07:40:24,908] {processor.py:620} INFO - Processing file /home/airflow/.local/lib/python3.6/site-packages/airflow/example_dags/example_external_task_marker_dag.py for tasks to queue
[2021-10-27 07:40:24,909] {logging_mixin.py:109} INFO - [2021-10-27 07:40:24,909] {dagbag.py:500} INFO - Filling up the DagBag from /home/airflow/.local/lib/python3.6/site-packages/airflow/example_dags/example_external_task_marker_dag.py
[2021-10-27 07:40:24,934] {processor.py:632} INFO - DAG(s) dict_keys(['example_external_task_marker_parent', 'example_external_task_marker_child']) retrieved from /home/airflow/.local/lib/python3.6/site-packages/airflow/example_dags/example_external_task_marker_dag.py
[2021-10-27 07:40:24,948] {logging_mixin.py:109} INFO - [2021-10-27 07:40:24,947] {dag.py:2389} INFO - Sync 2 DAGs
[2021-10-27 07:40:24,961] {logging_mixin.py:109} INFO - [2021-10-27 07:40:24,961] {dag.py:2914} INFO - Setting next_dagrun for example_external_task_marker_child to None
[2021-10-27 07:40:24,962] {logging_mixin.py:109} INFO - [2021-10-27 07:40:24,962] {dag.py:2914} INFO - Setting next_dagrun for example_external_task_marker_parent to None
[2021-10-27 07:40:24,975] {processor.py:171} INFO - Processing /home/airflow/.local/lib/python3.6/site-packages/airflow/example_dags/example_external_task_marker_dag.py took 0.071 seconds
[2021-10-27 07:40:55,303] {processor.py:163} INFO - Started process (PID=1578) to work on /home/airflow/.local/lib/python3.6/site-packages/airflow/example_dags/example_external_task_marker_dag.py
[2021-10-27 07:40:55,305] {processor.py:620} INFO - Processing file /home/airflow/.local/lib/python3.6/site-packages/airflow/example_dags/example_external_task_marker_dag.py for tasks to queue
[2021-10-27 07:40:55,306] {logging_mixin.py:109} INFO - [2021-10-27 07:40:55,305] {dagbag.py:500} INFO - Filling up the DagBag from /home/airflow/.local/lib/python3.6/site-packages/airflow/example_dags/example_external_task_marker_dag.py
[2021-10-27 07:40:55,335] {processor.py:632} INFO - DAG(s) dict_keys(['example_external_task_marker_parent', 'example_external_task_marker_child']) retrieved from /home/airflow/.local/lib/python3.6/site-packages/airflow/example_dags/example_external_task_marker_dag.py
[2021-10-27 07:40:55,350] {logging_mixin.py:109} INFO - [2021-10-27 07:40:55,349] {dag.py:2389} INFO - Sync 2 DAGs
[2021-10-27 07:40:55,366] {logging_mixin.py:109} INFO - [2021-10-27 07:40:55,366] {dag.py:2914} INFO - Setting next_dagrun for example_external_task_marker_child to None
[2021-10-27 07:40:55,367] {logging_mixin.py:109} INFO - [2021-10-27 07:40:55,367] {dag.py:2914} INFO - Setting next_dagrun for example_external_task_marker_parent to None
[2021-10-27 07:40:55,380] {processor.py:171} INFO - Processing /home/airflow/.local/lib/python3.6/site-packages/airflow/example_dags/example_external_task_marker_dag.py took 0.080 seconds
[2021-10-27 07:41:25,881] {processor.py:163} INFO - Started process (PID=1642) to work on /home/airflow/.local/lib/python3.6/site-packages/airflow/example_dags/example_external_task_marker_dag.py
[2021-10-27 07:41:25,883] {processor.py:620} INFO - Processing file /home/airflow/.local/lib/python3.6/site-packages/airflow/example_dags/example_external_task_marker_dag.py for tasks to queue
[2021-10-27 07:41:25,884] {logging_mixin.py:109} INFO - [2021-10-27 07:41:25,884] {dagbag.py:500} INFO - Filling up the DagBag from /home/airflow/.local/lib/python3.6/site-packages/airflow/example_dags/example_external_task_marker_dag.py
[2021-10-27 07:41:25,914] {processor.py:632} INFO - DAG(s) dict_keys(['example_external_task_marker_parent', 'example_external_task_marker_child']) retrieved from /home/airflow/.local/lib/python3.6/site-packages/airflow/example_dags/example_external_task_marker_dag.py
[2021-10-27 07:41:25,928] {logging_mixin.py:109} INFO - [2021-10-27 07:41:25,928] {dag.py:2389} INFO - Sync 2 DAGs
[2021-10-27 07:41:25,944] {logging_mixin.py:109} INFO - [2021-10-27 07:41:25,944] {dag.py:2914} INFO - Setting next_dagrun for example_external_task_marker_child to None
[2021-10-27 07:41:25,944] {logging_mixin.py:109} INFO - [2021-10-27 07:41:25,944] {dag.py:2914} INFO - Setting next_dagrun for example_external_task_marker_parent to None
[2021-10-27 07:41:25,955] {processor.py:171} INFO - Processing /home/airflow/.local/lib/python3.6/site-packages/airflow/example_dags/example_external_task_marker_dag.py took 0.077 seconds
[2021-10-27 07:41:56,008] {processor.py:163} INFO - Started process (PID=1697) to work on /home/airflow/.local/lib/python3.6/site-packages/airflow/example_dags/example_external_task_marker_dag.py
[2021-10-27 07:41:56,009] {processor.py:620} INFO - Processing file /home/airflow/.local/lib/python3.6/site-packages/airflow/example_dags/example_external_task_marker_dag.py for tasks to queue
[2021-10-27 07:41:56,010] {logging_mixin.py:109} INFO - [2021-10-27 07:41:56,010] {dagbag.py:500} INFO - Filling up the DagBag from /home/airflow/.local/lib/python3.6/site-packages/airflow/example_dags/example_external_task_marker_dag.py
[2021-10-27 07:41:56,035] {processor.py:632} INFO - DAG(s) dict_keys(['example_external_task_marker_parent', 'example_external_task_marker_child']) retrieved from /home/airflow/.local/lib/python3.6/site-packages/airflow/example_dags/example_external_task_marker_dag.py
[2021-10-27 07:41:56,052] {logging_mixin.py:109} INFO - [2021-10-27 07:41:56,052] {dag.py:2389} INFO - Sync 2 DAGs
[2021-10-27 07:41:56,068] {logging_mixin.py:109} INFO - [2021-10-27 07:41:56,068] {dag.py:2914} INFO - Setting next_dagrun for example_external_task_marker_child to None
[2021-10-27 07:41:56,069] {logging_mixin.py:109} INFO - [2021-10-27 07:41:56,069] {dag.py:2914} INFO - Setting next_dagrun for example_external_task_marker_parent to None
[2021-10-27 07:41:56,080] {processor.py:171} INFO - Processing /home/airflow/.local/lib/python3.6/site-packages/airflow/example_dags/example_external_task_marker_dag.py took 0.075 seconds
[2021-10-27 07:42:26,956] {processor.py:163} INFO - Started process (PID=1762) to work on /home/airflow/.local/lib/python3.6/site-packages/airflow/example_dags/example_external_task_marker_dag.py
[2021-10-27 07:42:26,957] {processor.py:620} INFO - Processing file /home/airflow/.local/lib/python3.6/site-packages/airflow/example_dags/example_external_task_marker_dag.py for tasks to queue
[2021-10-27 07:42:26,958] {logging_mixin.py:109} INFO - [2021-10-27 07:42:26,958] {dagbag.py:500} INFO - Filling up the DagBag from /home/airflow/.local/lib/python3.6/site-packages/airflow/example_dags/example_external_task_marker_dag.py
[2021-10-27 07:42:26,986] {processor.py:632} INFO - DAG(s) dict_keys(['example_external_task_marker_parent', 'example_external_task_marker_child']) retrieved from /home/airflow/.local/lib/python3.6/site-packages/airflow/example_dags/example_external_task_marker_dag.py
[2021-10-27 07:42:27,000] {logging_mixin.py:109} INFO - [2021-10-27 07:42:27,000] {dag.py:2389} INFO - Sync 2 DAGs
[2021-10-27 07:42:27,018] {logging_mixin.py:109} INFO - [2021-10-27 07:42:27,018] {dag.py:2914} INFO - Setting next_dagrun for example_external_task_marker_child to None
[2021-10-27 07:42:27,018] {logging_mixin.py:109} INFO - [2021-10-27 07:42:27,018] {dag.py:2914} INFO - Setting next_dagrun for example_external_task_marker_parent to None
[2021-10-27 07:42:27,030] {processor.py:171} INFO - Processing /home/airflow/.local/lib/python3.6/site-packages/airflow/example_dags/example_external_task_marker_dag.py took 0.078 seconds
[2021-10-27 07:42:58,087] {processor.py:163} INFO - Started process (PID=1818) to work on /home/airflow/.local/lib/python3.6/site-packages/airflow/example_dags/example_external_task_marker_dag.py
[2021-10-27 07:42:58,088] {processor.py:620} INFO - Processing file /home/airflow/.local/lib/python3.6/site-packages/airflow/example_dags/example_external_task_marker_dag.py for tasks to queue
[2021-10-27 07:42:58,089] {logging_mixin.py:109} INFO - [2021-10-27 07:42:58,089] {dagbag.py:500} INFO - Filling up the DagBag from /home/airflow/.local/lib/python3.6/site-packages/airflow/example_dags/example_external_task_marker_dag.py
[2021-10-27 07:42:58,116] {processor.py:632} INFO - DAG(s) dict_keys(['example_external_task_marker_parent', 'example_external_task_marker_child']) retrieved from /home/airflow/.local/lib/python3.6/site-packages/airflow/example_dags/example_external_task_marker_dag.py
[2021-10-27 07:42:58,132] {logging_mixin.py:109} INFO - [2021-10-27 07:42:58,131] {dag.py:2389} INFO - Sync 2 DAGs
[2021-10-27 07:42:58,147] {logging_mixin.py:109} INFO - [2021-10-27 07:42:58,147] {dag.py:2914} INFO - Setting next_dagrun for example_external_task_marker_child to None
[2021-10-27 07:42:58,148] {logging_mixin.py:109} INFO - [2021-10-27 07:42:58,148] {dag.py:2914} INFO - Setting next_dagrun for example_external_task_marker_parent to None
[2021-10-27 07:42:58,161] {processor.py:171} INFO - Processing /home/airflow/.local/lib/python3.6/site-packages/airflow/example_dags/example_external_task_marker_dag.py took 0.077 seconds
[2021-10-27 07:43:29,158] {processor.py:163} INFO - Started process (PID=1885) to work on /home/airflow/.local/lib/python3.6/site-packages/airflow/example_dags/example_external_task_marker_dag.py
[2021-10-27 07:43:29,160] {processor.py:620} INFO - Processing file /home/airflow/.local/lib/python3.6/site-packages/airflow/example_dags/example_external_task_marker_dag.py for tasks to queue
[2021-10-27 07:43:29,161] {logging_mixin.py:109} INFO - [2021-10-27 07:43:29,161] {dagbag.py:500} INFO - Filling up the DagBag from /home/airflow/.local/lib/python3.6/site-packages/airflow/example_dags/example_external_task_marker_dag.py
[2021-10-27 07:43:29,198] {processor.py:632} INFO - DAG(s) dict_keys(['example_external_task_marker_parent', 'example_external_task_marker_child']) retrieved from /home/airflow/.local/lib/python3.6/site-packages/airflow/example_dags/example_external_task_marker_dag.py
[2021-10-27 07:43:29,214] {logging_mixin.py:109} INFO - [2021-10-27 07:43:29,214] {dag.py:2389} INFO - Sync 2 DAGs
[2021-10-27 07:43:29,231] {logging_mixin.py:109} INFO - [2021-10-27 07:43:29,231] {dag.py:2914} INFO - Setting next_dagrun for example_external_task_marker_child to None
[2021-10-27 07:43:29,232] {logging_mixin.py:109} INFO - [2021-10-27 07:43:29,231] {dag.py:2914} INFO - Setting next_dagrun for example_external_task_marker_parent to None
[2021-10-27 07:43:29,244] {processor.py:171} INFO - Processing /home/airflow/.local/lib/python3.6/site-packages/airflow/example_dags/example_external_task_marker_dag.py took 0.090 seconds
[2021-10-27 07:43:59,754] {processor.py:163} INFO - Started process (PID=1941) to work on /home/airflow/.local/lib/python3.6/site-packages/airflow/example_dags/example_external_task_marker_dag.py
[2021-10-27 07:43:59,755] {processor.py:620} INFO - Processing file /home/airflow/.local/lib/python3.6/site-packages/airflow/example_dags/example_external_task_marker_dag.py for tasks to queue
[2021-10-27 07:43:59,756] {logging_mixin.py:109} INFO - [2021-10-27 07:43:59,756] {dagbag.py:500} INFO - Filling up the DagBag from /home/airflow/.local/lib/python3.6/site-packages/airflow/example_dags/example_external_task_marker_dag.py
[2021-10-27 07:43:59,786] {processor.py:632} INFO - DAG(s) dict_keys(['example_external_task_marker_parent', 'example_external_task_marker_child']) retrieved from /home/airflow/.local/lib/python3.6/site-packages/airflow/example_dags/example_external_task_marker_dag.py
[2021-10-27 07:43:59,800] {logging_mixin.py:109} INFO - [2021-10-27 07:43:59,800] {dag.py:2389} INFO - Sync 2 DAGs
[2021-10-27 07:43:59,819] {logging_mixin.py:109} INFO - [2021-10-27 07:43:59,819] {dag.py:2914} INFO - Setting next_dagrun for example_external_task_marker_child to None
[2021-10-27 07:43:59,820] {logging_mixin.py:109} INFO - [2021-10-27 07:43:59,820] {dag.py:2914} INFO - Setting next_dagrun for example_external_task_marker_parent to None
[2021-10-27 07:43:59,833] {processor.py:171} INFO - Processing /home/airflow/.local/lib/python3.6/site-packages/airflow/example_dags/example_external_task_marker_dag.py took 0.083 seconds
[2021-10-27 07:44:30,050] {processor.py:163} INFO - Started process (PID=2005) to work on /home/airflow/.local/lib/python3.6/site-packages/airflow/example_dags/example_external_task_marker_dag.py
[2021-10-27 07:44:30,051] {processor.py:620} INFO - Processing file /home/airflow/.local/lib/python3.6/site-packages/airflow/example_dags/example_external_task_marker_dag.py for tasks to queue
[2021-10-27 07:44:30,052] {logging_mixin.py:109} INFO - [2021-10-27 07:44:30,052] {dagbag.py:500} INFO - Filling up the DagBag from /home/airflow/.local/lib/python3.6/site-packages/airflow/example_dags/example_external_task_marker_dag.py
[2021-10-27 07:44:30,081] {processor.py:632} INFO - DAG(s) dict_keys(['example_external_task_marker_parent', 'example_external_task_marker_child']) retrieved from /home/airflow/.local/lib/python3.6/site-packages/airflow/example_dags/example_external_task_marker_dag.py
[2021-10-27 07:44:30,096] {logging_mixin.py:109} INFO - [2021-10-27 07:44:30,095] {dag.py:2389} INFO - Sync 2 DAGs
[2021-10-27 07:44:30,113] {logging_mixin.py:109} INFO - [2021-10-27 07:44:30,113] {dag.py:2914} INFO - Setting next_dagrun for example_external_task_marker_child to None
[2021-10-27 07:44:30,114] {logging_mixin.py:109} INFO - [2021-10-27 07:44:30,114] {dag.py:2914} INFO - Setting next_dagrun for example_external_task_marker_parent to None
[2021-10-27 07:44:30,124] {processor.py:171} INFO - Processing /home/airflow/.local/lib/python3.6/site-packages/airflow/example_dags/example_external_task_marker_dag.py took 0.078 seconds
