[2021-10-27 07:17:42,603] {processor.py:163} INFO - Started process (PID=54) to work on /home/airflow/.local/lib/python3.6/site-packages/airflow/example_dags/example_complex.py
[2021-10-27 07:17:42,604] {processor.py:620} INFO - Processing file /home/airflow/.local/lib/python3.6/site-packages/airflow/example_dags/example_complex.py for tasks to queue
[2021-10-27 07:17:42,606] {logging_mixin.py:109} INFO - [2021-10-27 07:17:42,606] {dagbag.py:500} INFO - Filling up the DagBag from /home/airflow/.local/lib/python3.6/site-packages/airflow/example_dags/example_complex.py
[2021-10-27 07:17:42,781] {processor.py:632} INFO - DAG(s) dict_keys(['example_complex']) retrieved from /home/airflow/.local/lib/python3.6/site-packages/airflow/example_dags/example_complex.py
[2021-10-27 07:17:42,801] {logging_mixin.py:109} INFO - [2021-10-27 07:17:42,801] {dag.py:2389} INFO - Sync 1 DAGs
[2021-10-27 07:17:42,816] {logging_mixin.py:109} INFO - [2021-10-27 07:17:42,816] {dag.py:2914} INFO - Setting next_dagrun for example_complex to None
[2021-10-27 07:17:42,828] {processor.py:171} INFO - Processing /home/airflow/.local/lib/python3.6/site-packages/airflow/example_dags/example_complex.py took 0.231 seconds
[2021-10-27 07:18:12,946] {processor.py:163} INFO - Started process (PID=110) to work on /home/airflow/.local/lib/python3.6/site-packages/airflow/example_dags/example_complex.py
[2021-10-27 07:18:12,947] {processor.py:620} INFO - Processing file /home/airflow/.local/lib/python3.6/site-packages/airflow/example_dags/example_complex.py for tasks to queue
[2021-10-27 07:18:12,948] {logging_mixin.py:109} INFO - [2021-10-27 07:18:12,948] {dagbag.py:500} INFO - Filling up the DagBag from /home/airflow/.local/lib/python3.6/site-packages/airflow/example_dags/example_complex.py
[2021-10-27 07:18:12,986] {processor.py:632} INFO - DAG(s) dict_keys(['example_complex']) retrieved from /home/airflow/.local/lib/python3.6/site-packages/airflow/example_dags/example_complex.py
[2021-10-27 07:18:13,003] {logging_mixin.py:109} INFO - [2021-10-27 07:18:13,002] {dag.py:2389} INFO - Sync 1 DAGs
[2021-10-27 07:18:13,021] {logging_mixin.py:109} INFO - [2021-10-27 07:18:13,021] {dag.py:2914} INFO - Setting next_dagrun for example_complex to None
[2021-10-27 07:18:13,033] {processor.py:171} INFO - Processing /home/airflow/.local/lib/python3.6/site-packages/airflow/example_dags/example_complex.py took 0.091 seconds
[2021-10-27 07:18:43,312] {processor.py:163} INFO - Started process (PID=165) to work on /home/airflow/.local/lib/python3.6/site-packages/airflow/example_dags/example_complex.py
[2021-10-27 07:18:43,314] {processor.py:620} INFO - Processing file /home/airflow/.local/lib/python3.6/site-packages/airflow/example_dags/example_complex.py for tasks to queue
[2021-10-27 07:18:43,315] {logging_mixin.py:109} INFO - [2021-10-27 07:18:43,315] {dagbag.py:500} INFO - Filling up the DagBag from /home/airflow/.local/lib/python3.6/site-packages/airflow/example_dags/example_complex.py
[2021-10-27 07:18:43,349] {processor.py:632} INFO - DAG(s) dict_keys(['example_complex']) retrieved from /home/airflow/.local/lib/python3.6/site-packages/airflow/example_dags/example_complex.py
[2021-10-27 07:18:43,368] {logging_mixin.py:109} INFO - [2021-10-27 07:18:43,367] {dag.py:2389} INFO - Sync 1 DAGs
[2021-10-27 07:18:43,383] {logging_mixin.py:109} INFO - [2021-10-27 07:18:43,383] {dag.py:2914} INFO - Setting next_dagrun for example_complex to None
[2021-10-27 07:18:43,393] {processor.py:171} INFO - Processing /home/airflow/.local/lib/python3.6/site-packages/airflow/example_dags/example_complex.py took 0.083 seconds
[2021-10-27 07:19:13,612] {processor.py:163} INFO - Started process (PID=228) to work on /home/airflow/.local/lib/python3.6/site-packages/airflow/example_dags/example_complex.py
[2021-10-27 07:19:13,613] {processor.py:620} INFO - Processing file /home/airflow/.local/lib/python3.6/site-packages/airflow/example_dags/example_complex.py for tasks to queue
[2021-10-27 07:19:13,614] {logging_mixin.py:109} INFO - [2021-10-27 07:19:13,614] {dagbag.py:500} INFO - Filling up the DagBag from /home/airflow/.local/lib/python3.6/site-packages/airflow/example_dags/example_complex.py
[2021-10-27 07:19:13,667] {processor.py:632} INFO - DAG(s) dict_keys(['example_complex']) retrieved from /home/airflow/.local/lib/python3.6/site-packages/airflow/example_dags/example_complex.py
[2021-10-27 07:19:13,693] {logging_mixin.py:109} INFO - [2021-10-27 07:19:13,693] {dag.py:2389} INFO - Sync 1 DAGs
[2021-10-27 07:19:13,716] {logging_mixin.py:109} INFO - [2021-10-27 07:19:13,716] {dag.py:2914} INFO - Setting next_dagrun for example_complex to None
[2021-10-27 07:19:13,730] {processor.py:171} INFO - Processing /home/airflow/.local/lib/python3.6/site-packages/airflow/example_dags/example_complex.py took 0.123 seconds
[2021-10-27 07:19:44,103] {processor.py:163} INFO - Started process (PID=283) to work on /home/airflow/.local/lib/python3.6/site-packages/airflow/example_dags/example_complex.py
[2021-10-27 07:19:44,104] {processor.py:620} INFO - Processing file /home/airflow/.local/lib/python3.6/site-packages/airflow/example_dags/example_complex.py for tasks to queue
[2021-10-27 07:19:44,105] {logging_mixin.py:109} INFO - [2021-10-27 07:19:44,105] {dagbag.py:500} INFO - Filling up the DagBag from /home/airflow/.local/lib/python3.6/site-packages/airflow/example_dags/example_complex.py
[2021-10-27 07:19:44,142] {processor.py:632} INFO - DAG(s) dict_keys(['example_complex']) retrieved from /home/airflow/.local/lib/python3.6/site-packages/airflow/example_dags/example_complex.py
[2021-10-27 07:19:44,160] {logging_mixin.py:109} INFO - [2021-10-27 07:19:44,160] {dag.py:2389} INFO - Sync 1 DAGs
[2021-10-27 07:19:44,176] {logging_mixin.py:109} INFO - [2021-10-27 07:19:44,176] {dag.py:2914} INFO - Setting next_dagrun for example_complex to None
[2021-10-27 07:19:44,187] {processor.py:171} INFO - Processing /home/airflow/.local/lib/python3.6/site-packages/airflow/example_dags/example_complex.py took 0.088 seconds
[2021-10-27 07:20:15,108] {processor.py:163} INFO - Started process (PID=340) to work on /home/airflow/.local/lib/python3.6/site-packages/airflow/example_dags/example_complex.py
[2021-10-27 07:20:15,109] {processor.py:620} INFO - Processing file /home/airflow/.local/lib/python3.6/site-packages/airflow/example_dags/example_complex.py for tasks to queue
[2021-10-27 07:20:15,110] {logging_mixin.py:109} INFO - [2021-10-27 07:20:15,110] {dagbag.py:500} INFO - Filling up the DagBag from /home/airflow/.local/lib/python3.6/site-packages/airflow/example_dags/example_complex.py
[2021-10-27 07:20:15,150] {processor.py:632} INFO - DAG(s) dict_keys(['example_complex']) retrieved from /home/airflow/.local/lib/python3.6/site-packages/airflow/example_dags/example_complex.py
[2021-10-27 07:20:15,167] {logging_mixin.py:109} INFO - [2021-10-27 07:20:15,167] {dag.py:2389} INFO - Sync 1 DAGs
[2021-10-27 07:20:15,183] {logging_mixin.py:109} INFO - [2021-10-27 07:20:15,183] {dag.py:2914} INFO - Setting next_dagrun for example_complex to None
[2021-10-27 07:20:15,193] {processor.py:171} INFO - Processing /home/airflow/.local/lib/python3.6/site-packages/airflow/example_dags/example_complex.py took 0.089 seconds
[2021-10-27 07:20:45,390] {processor.py:163} INFO - Started process (PID=406) to work on /home/airflow/.local/lib/python3.6/site-packages/airflow/example_dags/example_complex.py
[2021-10-27 07:20:45,391] {processor.py:620} INFO - Processing file /home/airflow/.local/lib/python3.6/site-packages/airflow/example_dags/example_complex.py for tasks to queue
[2021-10-27 07:20:45,392] {logging_mixin.py:109} INFO - [2021-10-27 07:20:45,392] {dagbag.py:500} INFO - Filling up the DagBag from /home/airflow/.local/lib/python3.6/site-packages/airflow/example_dags/example_complex.py
[2021-10-27 07:20:45,425] {processor.py:632} INFO - DAG(s) dict_keys(['example_complex']) retrieved from /home/airflow/.local/lib/python3.6/site-packages/airflow/example_dags/example_complex.py
[2021-10-27 07:20:45,441] {logging_mixin.py:109} INFO - [2021-10-27 07:20:45,441] {dag.py:2389} INFO - Sync 1 DAGs
[2021-10-27 07:20:45,458] {logging_mixin.py:109} INFO - [2021-10-27 07:20:45,457] {dag.py:2914} INFO - Setting next_dagrun for example_complex to None
[2021-10-27 07:20:45,467] {processor.py:171} INFO - Processing /home/airflow/.local/lib/python3.6/site-packages/airflow/example_dags/example_complex.py took 0.081 seconds
[2021-10-27 07:21:15,523] {processor.py:163} INFO - Started process (PID=460) to work on /home/airflow/.local/lib/python3.6/site-packages/airflow/example_dags/example_complex.py
[2021-10-27 07:21:15,524] {processor.py:620} INFO - Processing file /home/airflow/.local/lib/python3.6/site-packages/airflow/example_dags/example_complex.py for tasks to queue
[2021-10-27 07:21:15,525] {logging_mixin.py:109} INFO - [2021-10-27 07:21:15,525] {dagbag.py:500} INFO - Filling up the DagBag from /home/airflow/.local/lib/python3.6/site-packages/airflow/example_dags/example_complex.py
[2021-10-27 07:21:15,563] {processor.py:632} INFO - DAG(s) dict_keys(['example_complex']) retrieved from /home/airflow/.local/lib/python3.6/site-packages/airflow/example_dags/example_complex.py
[2021-10-27 07:21:15,579] {logging_mixin.py:109} INFO - [2021-10-27 07:21:15,579] {dag.py:2389} INFO - Sync 1 DAGs
[2021-10-27 07:21:15,594] {logging_mixin.py:109} INFO - [2021-10-27 07:21:15,594] {dag.py:2914} INFO - Setting next_dagrun for example_complex to None
[2021-10-27 07:21:15,603] {processor.py:171} INFO - Processing /home/airflow/.local/lib/python3.6/site-packages/airflow/example_dags/example_complex.py took 0.084 seconds
[2021-10-27 07:21:46,153] {processor.py:163} INFO - Started process (PID=525) to work on /home/airflow/.local/lib/python3.6/site-packages/airflow/example_dags/example_complex.py
[2021-10-27 07:21:46,154] {processor.py:620} INFO - Processing file /home/airflow/.local/lib/python3.6/site-packages/airflow/example_dags/example_complex.py for tasks to queue
[2021-10-27 07:21:46,155] {logging_mixin.py:109} INFO - [2021-10-27 07:21:46,155] {dagbag.py:500} INFO - Filling up the DagBag from /home/airflow/.local/lib/python3.6/site-packages/airflow/example_dags/example_complex.py
[2021-10-27 07:21:46,188] {processor.py:632} INFO - DAG(s) dict_keys(['example_complex']) retrieved from /home/airflow/.local/lib/python3.6/site-packages/airflow/example_dags/example_complex.py
[2021-10-27 07:21:46,203] {logging_mixin.py:109} INFO - [2021-10-27 07:21:46,203] {dag.py:2389} INFO - Sync 1 DAGs
[2021-10-27 07:21:46,217] {logging_mixin.py:109} INFO - [2021-10-27 07:21:46,216] {dag.py:2914} INFO - Setting next_dagrun for example_complex to None
[2021-10-27 07:21:46,229] {processor.py:171} INFO - Processing /home/airflow/.local/lib/python3.6/site-packages/airflow/example_dags/example_complex.py took 0.079 seconds
[2021-10-27 07:22:16,612] {processor.py:163} INFO - Started process (PID=580) to work on /home/airflow/.local/lib/python3.6/site-packages/airflow/example_dags/example_complex.py
[2021-10-27 07:22:16,614] {processor.py:620} INFO - Processing file /home/airflow/.local/lib/python3.6/site-packages/airflow/example_dags/example_complex.py for tasks to queue
[2021-10-27 07:22:16,614] {logging_mixin.py:109} INFO - [2021-10-27 07:22:16,614] {dagbag.py:500} INFO - Filling up the DagBag from /home/airflow/.local/lib/python3.6/site-packages/airflow/example_dags/example_complex.py
[2021-10-27 07:22:16,659] {processor.py:632} INFO - DAG(s) dict_keys(['example_complex']) retrieved from /home/airflow/.local/lib/python3.6/site-packages/airflow/example_dags/example_complex.py
[2021-10-27 07:22:16,676] {logging_mixin.py:109} INFO - [2021-10-27 07:22:16,676] {dag.py:2389} INFO - Sync 1 DAGs
[2021-10-27 07:22:16,695] {logging_mixin.py:109} INFO - [2021-10-27 07:22:16,694] {dag.py:2914} INFO - Setting next_dagrun for example_complex to None
[2021-10-27 07:22:16,708] {processor.py:171} INFO - Processing /home/airflow/.local/lib/python3.6/site-packages/airflow/example_dags/example_complex.py took 0.101 seconds
[2021-10-27 07:22:46,917] {processor.py:163} INFO - Started process (PID=646) to work on /home/airflow/.local/lib/python3.6/site-packages/airflow/example_dags/example_complex.py
[2021-10-27 07:22:46,919] {processor.py:620} INFO - Processing file /home/airflow/.local/lib/python3.6/site-packages/airflow/example_dags/example_complex.py for tasks to queue
[2021-10-27 07:22:46,920] {logging_mixin.py:109} INFO - [2021-10-27 07:22:46,919] {dagbag.py:500} INFO - Filling up the DagBag from /home/airflow/.local/lib/python3.6/site-packages/airflow/example_dags/example_complex.py
[2021-10-27 07:22:46,964] {processor.py:632} INFO - DAG(s) dict_keys(['example_complex']) retrieved from /home/airflow/.local/lib/python3.6/site-packages/airflow/example_dags/example_complex.py
[2021-10-27 07:22:46,986] {logging_mixin.py:109} INFO - [2021-10-27 07:22:46,985] {dag.py:2389} INFO - Sync 1 DAGs
[2021-10-27 07:22:47,007] {logging_mixin.py:109} INFO - [2021-10-27 07:22:47,007] {dag.py:2914} INFO - Setting next_dagrun for example_complex to None
[2021-10-27 07:22:47,019] {processor.py:171} INFO - Processing /home/airflow/.local/lib/python3.6/site-packages/airflow/example_dags/example_complex.py took 0.105 seconds
[2021-10-27 07:23:17,223] {processor.py:163} INFO - Started process (PID=701) to work on /home/airflow/.local/lib/python3.6/site-packages/airflow/example_dags/example_complex.py
[2021-10-27 07:23:17,224] {processor.py:620} INFO - Processing file /home/airflow/.local/lib/python3.6/site-packages/airflow/example_dags/example_complex.py for tasks to queue
[2021-10-27 07:23:17,225] {logging_mixin.py:109} INFO - [2021-10-27 07:23:17,225] {dagbag.py:500} INFO - Filling up the DagBag from /home/airflow/.local/lib/python3.6/site-packages/airflow/example_dags/example_complex.py
[2021-10-27 07:23:17,270] {processor.py:632} INFO - DAG(s) dict_keys(['example_complex']) retrieved from /home/airflow/.local/lib/python3.6/site-packages/airflow/example_dags/example_complex.py
[2021-10-27 07:23:17,290] {logging_mixin.py:109} INFO - [2021-10-27 07:23:17,290] {dag.py:2389} INFO - Sync 1 DAGs
[2021-10-27 07:23:17,309] {logging_mixin.py:109} INFO - [2021-10-27 07:23:17,309] {dag.py:2914} INFO - Setting next_dagrun for example_complex to None
[2021-10-27 07:23:17,321] {processor.py:171} INFO - Processing /home/airflow/.local/lib/python3.6/site-packages/airflow/example_dags/example_complex.py took 0.103 seconds
[2021-10-27 07:23:47,980] {processor.py:163} INFO - Started process (PID=766) to work on /home/airflow/.local/lib/python3.6/site-packages/airflow/example_dags/example_complex.py
[2021-10-27 07:23:47,982] {processor.py:620} INFO - Processing file /home/airflow/.local/lib/python3.6/site-packages/airflow/example_dags/example_complex.py for tasks to queue
[2021-10-27 07:23:47,983] {logging_mixin.py:109} INFO - [2021-10-27 07:23:47,982] {dagbag.py:500} INFO - Filling up the DagBag from /home/airflow/.local/lib/python3.6/site-packages/airflow/example_dags/example_complex.py
[2021-10-27 07:23:48,021] {processor.py:632} INFO - DAG(s) dict_keys(['example_complex']) retrieved from /home/airflow/.local/lib/python3.6/site-packages/airflow/example_dags/example_complex.py
[2021-10-27 07:23:48,040] {logging_mixin.py:109} INFO - [2021-10-27 07:23:48,040] {dag.py:2389} INFO - Sync 1 DAGs
[2021-10-27 07:23:48,056] {logging_mixin.py:109} INFO - [2021-10-27 07:23:48,056] {dag.py:2914} INFO - Setting next_dagrun for example_complex to None
[2021-10-27 07:23:48,067] {processor.py:171} INFO - Processing /home/airflow/.local/lib/python3.6/site-packages/airflow/example_dags/example_complex.py took 0.089 seconds
[2021-10-27 07:24:18,775] {processor.py:163} INFO - Started process (PID=822) to work on /home/airflow/.local/lib/python3.6/site-packages/airflow/example_dags/example_complex.py
[2021-10-27 07:24:18,777] {processor.py:620} INFO - Processing file /home/airflow/.local/lib/python3.6/site-packages/airflow/example_dags/example_complex.py for tasks to queue
[2021-10-27 07:24:18,778] {logging_mixin.py:109} INFO - [2021-10-27 07:24:18,777] {dagbag.py:500} INFO - Filling up the DagBag from /home/airflow/.local/lib/python3.6/site-packages/airflow/example_dags/example_complex.py
[2021-10-27 07:24:18,907] {processor.py:632} INFO - DAG(s) dict_keys(['example_complex']) retrieved from /home/airflow/.local/lib/python3.6/site-packages/airflow/example_dags/example_complex.py
[2021-10-27 07:24:18,933] {logging_mixin.py:109} INFO - [2021-10-27 07:24:18,932] {dag.py:2389} INFO - Sync 1 DAGs
[2021-10-27 07:24:18,954] {logging_mixin.py:109} INFO - [2021-10-27 07:24:18,954] {dag.py:2914} INFO - Setting next_dagrun for example_complex to None
[2021-10-27 07:24:18,966] {processor.py:171} INFO - Processing /home/airflow/.local/lib/python3.6/site-packages/airflow/example_dags/example_complex.py took 0.194 seconds
[2021-10-27 07:24:49,637] {processor.py:163} INFO - Started process (PID=887) to work on /home/airflow/.local/lib/python3.6/site-packages/airflow/example_dags/example_complex.py
[2021-10-27 07:24:49,638] {processor.py:620} INFO - Processing file /home/airflow/.local/lib/python3.6/site-packages/airflow/example_dags/example_complex.py for tasks to queue
[2021-10-27 07:24:49,640] {logging_mixin.py:109} INFO - [2021-10-27 07:24:49,639] {dagbag.py:500} INFO - Filling up the DagBag from /home/airflow/.local/lib/python3.6/site-packages/airflow/example_dags/example_complex.py
[2021-10-27 07:24:49,688] {processor.py:632} INFO - DAG(s) dict_keys(['example_complex']) retrieved from /home/airflow/.local/lib/python3.6/site-packages/airflow/example_dags/example_complex.py
[2021-10-27 07:24:49,710] {logging_mixin.py:109} INFO - [2021-10-27 07:24:49,710] {dag.py:2389} INFO - Sync 1 DAGs
[2021-10-27 07:24:49,729] {logging_mixin.py:109} INFO - [2021-10-27 07:24:49,729] {dag.py:2914} INFO - Setting next_dagrun for example_complex to None
[2021-10-27 07:24:49,740] {processor.py:171} INFO - Processing /home/airflow/.local/lib/python3.6/site-packages/airflow/example_dags/example_complex.py took 0.107 seconds
[2021-10-27 07:25:20,218] {processor.py:163} INFO - Started process (PID=942) to work on /home/airflow/.local/lib/python3.6/site-packages/airflow/example_dags/example_complex.py
[2021-10-27 07:25:20,219] {processor.py:620} INFO - Processing file /home/airflow/.local/lib/python3.6/site-packages/airflow/example_dags/example_complex.py for tasks to queue
[2021-10-27 07:25:20,220] {logging_mixin.py:109} INFO - [2021-10-27 07:25:20,220] {dagbag.py:500} INFO - Filling up the DagBag from /home/airflow/.local/lib/python3.6/site-packages/airflow/example_dags/example_complex.py
[2021-10-27 07:25:20,258] {processor.py:632} INFO - DAG(s) dict_keys(['example_complex']) retrieved from /home/airflow/.local/lib/python3.6/site-packages/airflow/example_dags/example_complex.py
[2021-10-27 07:25:20,274] {logging_mixin.py:109} INFO - [2021-10-27 07:25:20,274] {dag.py:2389} INFO - Sync 1 DAGs
[2021-10-27 07:25:20,289] {logging_mixin.py:109} INFO - [2021-10-27 07:25:20,289] {dag.py:2914} INFO - Setting next_dagrun for example_complex to None
[2021-10-27 07:25:20,299] {processor.py:171} INFO - Processing /home/airflow/.local/lib/python3.6/site-packages/airflow/example_dags/example_complex.py took 0.084 seconds
[2021-10-27 07:25:50,709] {processor.py:163} INFO - Started process (PID=1009) to work on /home/airflow/.local/lib/python3.6/site-packages/airflow/example_dags/example_complex.py
[2021-10-27 07:25:50,710] {processor.py:620} INFO - Processing file /home/airflow/.local/lib/python3.6/site-packages/airflow/example_dags/example_complex.py for tasks to queue
[2021-10-27 07:25:50,711] {logging_mixin.py:109} INFO - [2021-10-27 07:25:50,711] {dagbag.py:500} INFO - Filling up the DagBag from /home/airflow/.local/lib/python3.6/site-packages/airflow/example_dags/example_complex.py
[2021-10-27 07:25:50,758] {processor.py:632} INFO - DAG(s) dict_keys(['example_complex']) retrieved from /home/airflow/.local/lib/python3.6/site-packages/airflow/example_dags/example_complex.py
[2021-10-27 07:25:50,776] {logging_mixin.py:109} INFO - [2021-10-27 07:25:50,776] {dag.py:2389} INFO - Sync 1 DAGs
[2021-10-27 07:25:50,800] {logging_mixin.py:109} INFO - [2021-10-27 07:25:50,799] {dag.py:2914} INFO - Setting next_dagrun for example_complex to None
[2021-10-27 07:25:50,813] {processor.py:171} INFO - Processing /home/airflow/.local/lib/python3.6/site-packages/airflow/example_dags/example_complex.py took 0.108 seconds
[2021-10-27 07:26:21,113] {processor.py:163} INFO - Started process (PID=1064) to work on /home/airflow/.local/lib/python3.6/site-packages/airflow/example_dags/example_complex.py
[2021-10-27 07:26:21,115] {processor.py:620} INFO - Processing file /home/airflow/.local/lib/python3.6/site-packages/airflow/example_dags/example_complex.py for tasks to queue
[2021-10-27 07:26:21,116] {logging_mixin.py:109} INFO - [2021-10-27 07:26:21,116] {dagbag.py:500} INFO - Filling up the DagBag from /home/airflow/.local/lib/python3.6/site-packages/airflow/example_dags/example_complex.py
[2021-10-27 07:26:21,155] {processor.py:632} INFO - DAG(s) dict_keys(['example_complex']) retrieved from /home/airflow/.local/lib/python3.6/site-packages/airflow/example_dags/example_complex.py
[2021-10-27 07:26:21,173] {logging_mixin.py:109} INFO - [2021-10-27 07:26:21,173] {dag.py:2389} INFO - Sync 1 DAGs
[2021-10-27 07:26:21,190] {logging_mixin.py:109} INFO - [2021-10-27 07:26:21,190] {dag.py:2914} INFO - Setting next_dagrun for example_complex to None
[2021-10-27 07:26:21,201] {processor.py:171} INFO - Processing /home/airflow/.local/lib/python3.6/site-packages/airflow/example_dags/example_complex.py took 0.091 seconds
[2021-10-27 07:28:04,543] {processor.py:163} INFO - Started process (PID=51) to work on /home/airflow/.local/lib/python3.6/site-packages/airflow/example_dags/example_complex.py
[2021-10-27 07:28:04,545] {processor.py:620} INFO - Processing file /home/airflow/.local/lib/python3.6/site-packages/airflow/example_dags/example_complex.py for tasks to queue
[2021-10-27 07:28:04,546] {logging_mixin.py:109} INFO - [2021-10-27 07:28:04,546] {dagbag.py:500} INFO - Filling up the DagBag from /home/airflow/.local/lib/python3.6/site-packages/airflow/example_dags/example_complex.py
[2021-10-27 07:28:04,595] {processor.py:632} INFO - DAG(s) dict_keys(['example_complex']) retrieved from /home/airflow/.local/lib/python3.6/site-packages/airflow/example_dags/example_complex.py
[2021-10-27 07:28:04,618] {logging_mixin.py:109} INFO - [2021-10-27 07:28:04,618] {dag.py:2389} INFO - Sync 1 DAGs
[2021-10-27 07:28:04,642] {logging_mixin.py:109} INFO - [2021-10-27 07:28:04,642] {dag.py:2914} INFO - Setting next_dagrun for example_complex to None
[2021-10-27 07:28:04,657] {processor.py:171} INFO - Processing /home/airflow/.local/lib/python3.6/site-packages/airflow/example_dags/example_complex.py took 0.119 seconds
[2021-10-27 07:28:35,100] {processor.py:163} INFO - Started process (PID=106) to work on /home/airflow/.local/lib/python3.6/site-packages/airflow/example_dags/example_complex.py
[2021-10-27 07:28:35,102] {processor.py:620} INFO - Processing file /home/airflow/.local/lib/python3.6/site-packages/airflow/example_dags/example_complex.py for tasks to queue
[2021-10-27 07:28:35,104] {logging_mixin.py:109} INFO - [2021-10-27 07:28:35,104] {dagbag.py:500} INFO - Filling up the DagBag from /home/airflow/.local/lib/python3.6/site-packages/airflow/example_dags/example_complex.py
[2021-10-27 07:28:35,151] {processor.py:632} INFO - DAG(s) dict_keys(['example_complex']) retrieved from /home/airflow/.local/lib/python3.6/site-packages/airflow/example_dags/example_complex.py
[2021-10-27 07:28:35,181] {logging_mixin.py:109} INFO - [2021-10-27 07:28:35,181] {dag.py:2389} INFO - Sync 1 DAGs
[2021-10-27 07:28:35,208] {logging_mixin.py:109} INFO - [2021-10-27 07:28:35,208] {dag.py:2914} INFO - Setting next_dagrun for example_complex to None
[2021-10-27 07:28:35,219] {processor.py:171} INFO - Processing /home/airflow/.local/lib/python3.6/site-packages/airflow/example_dags/example_complex.py took 0.122 seconds
[2021-10-27 07:29:06,424] {processor.py:163} INFO - Started process (PID=172) to work on /home/airflow/.local/lib/python3.6/site-packages/airflow/example_dags/example_complex.py
[2021-10-27 07:29:06,426] {processor.py:620} INFO - Processing file /home/airflow/.local/lib/python3.6/site-packages/airflow/example_dags/example_complex.py for tasks to queue
[2021-10-27 07:29:06,427] {logging_mixin.py:109} INFO - [2021-10-27 07:29:06,427] {dagbag.py:500} INFO - Filling up the DagBag from /home/airflow/.local/lib/python3.6/site-packages/airflow/example_dags/example_complex.py
[2021-10-27 07:29:06,487] {processor.py:632} INFO - DAG(s) dict_keys(['example_complex']) retrieved from /home/airflow/.local/lib/python3.6/site-packages/airflow/example_dags/example_complex.py
[2021-10-27 07:29:06,508] {logging_mixin.py:109} INFO - [2021-10-27 07:29:06,507] {dag.py:2389} INFO - Sync 1 DAGs
[2021-10-27 07:29:06,527] {logging_mixin.py:109} INFO - [2021-10-27 07:29:06,527] {dag.py:2914} INFO - Setting next_dagrun for example_complex to None
[2021-10-27 07:29:06,539] {processor.py:171} INFO - Processing /home/airflow/.local/lib/python3.6/site-packages/airflow/example_dags/example_complex.py took 0.120 seconds
[2021-10-27 07:29:36,807] {processor.py:163} INFO - Started process (PID=228) to work on /home/airflow/.local/lib/python3.6/site-packages/airflow/example_dags/example_complex.py
[2021-10-27 07:29:36,808] {processor.py:620} INFO - Processing file /home/airflow/.local/lib/python3.6/site-packages/airflow/example_dags/example_complex.py for tasks to queue
[2021-10-27 07:29:36,809] {logging_mixin.py:109} INFO - [2021-10-27 07:29:36,809] {dagbag.py:500} INFO - Filling up the DagBag from /home/airflow/.local/lib/python3.6/site-packages/airflow/example_dags/example_complex.py
[2021-10-27 07:29:36,853] {processor.py:632} INFO - DAG(s) dict_keys(['example_complex']) retrieved from /home/airflow/.local/lib/python3.6/site-packages/airflow/example_dags/example_complex.py
[2021-10-27 07:29:36,869] {logging_mixin.py:109} INFO - [2021-10-27 07:29:36,869] {dag.py:2389} INFO - Sync 1 DAGs
[2021-10-27 07:29:36,884] {logging_mixin.py:109} INFO - [2021-10-27 07:29:36,884] {dag.py:2914} INFO - Setting next_dagrun for example_complex to None
[2021-10-27 07:29:36,895] {processor.py:171} INFO - Processing /home/airflow/.local/lib/python3.6/site-packages/airflow/example_dags/example_complex.py took 0.091 seconds
[2021-10-27 07:30:07,689] {processor.py:163} INFO - Started process (PID=294) to work on /home/airflow/.local/lib/python3.6/site-packages/airflow/example_dags/example_complex.py
[2021-10-27 07:30:07,691] {processor.py:620} INFO - Processing file /home/airflow/.local/lib/python3.6/site-packages/airflow/example_dags/example_complex.py for tasks to queue
[2021-10-27 07:30:07,692] {logging_mixin.py:109} INFO - [2021-10-27 07:30:07,692] {dagbag.py:500} INFO - Filling up the DagBag from /home/airflow/.local/lib/python3.6/site-packages/airflow/example_dags/example_complex.py
[2021-10-27 07:30:07,731] {processor.py:632} INFO - DAG(s) dict_keys(['example_complex']) retrieved from /home/airflow/.local/lib/python3.6/site-packages/airflow/example_dags/example_complex.py
[2021-10-27 07:30:07,748] {logging_mixin.py:109} INFO - [2021-10-27 07:30:07,748] {dag.py:2389} INFO - Sync 1 DAGs
[2021-10-27 07:30:07,764] {logging_mixin.py:109} INFO - [2021-10-27 07:30:07,764] {dag.py:2914} INFO - Setting next_dagrun for example_complex to None
[2021-10-27 07:30:07,777] {processor.py:171} INFO - Processing /home/airflow/.local/lib/python3.6/site-packages/airflow/example_dags/example_complex.py took 0.092 seconds
[2021-10-27 07:30:38,505] {processor.py:163} INFO - Started process (PID=349) to work on /home/airflow/.local/lib/python3.6/site-packages/airflow/example_dags/example_complex.py
[2021-10-27 07:30:38,507] {processor.py:620} INFO - Processing file /home/airflow/.local/lib/python3.6/site-packages/airflow/example_dags/example_complex.py for tasks to queue
[2021-10-27 07:30:38,508] {logging_mixin.py:109} INFO - [2021-10-27 07:30:38,508] {dagbag.py:500} INFO - Filling up the DagBag from /home/airflow/.local/lib/python3.6/site-packages/airflow/example_dags/example_complex.py
[2021-10-27 07:30:38,560] {processor.py:632} INFO - DAG(s) dict_keys(['example_complex']) retrieved from /home/airflow/.local/lib/python3.6/site-packages/airflow/example_dags/example_complex.py
[2021-10-27 07:30:38,581] {logging_mixin.py:109} INFO - [2021-10-27 07:30:38,581] {dag.py:2389} INFO - Sync 1 DAGs
[2021-10-27 07:30:38,602] {logging_mixin.py:109} INFO - [2021-10-27 07:30:38,602] {dag.py:2914} INFO - Setting next_dagrun for example_complex to None
[2021-10-27 07:30:38,615] {processor.py:171} INFO - Processing /home/airflow/.local/lib/python3.6/site-packages/airflow/example_dags/example_complex.py took 0.113 seconds
[2021-10-27 07:31:09,650] {processor.py:163} INFO - Started process (PID=413) to work on /home/airflow/.local/lib/python3.6/site-packages/airflow/example_dags/example_complex.py
[2021-10-27 07:31:09,651] {processor.py:620} INFO - Processing file /home/airflow/.local/lib/python3.6/site-packages/airflow/example_dags/example_complex.py for tasks to queue
[2021-10-27 07:31:09,652] {logging_mixin.py:109} INFO - [2021-10-27 07:31:09,652] {dagbag.py:500} INFO - Filling up the DagBag from /home/airflow/.local/lib/python3.6/site-packages/airflow/example_dags/example_complex.py
[2021-10-27 07:31:09,687] {processor.py:632} INFO - DAG(s) dict_keys(['example_complex']) retrieved from /home/airflow/.local/lib/python3.6/site-packages/airflow/example_dags/example_complex.py
[2021-10-27 07:31:09,706] {logging_mixin.py:109} INFO - [2021-10-27 07:31:09,706] {dag.py:2389} INFO - Sync 1 DAGs
[2021-10-27 07:31:09,723] {logging_mixin.py:109} INFO - [2021-10-27 07:31:09,723] {dag.py:2914} INFO - Setting next_dagrun for example_complex to None
[2021-10-27 07:31:09,733] {processor.py:171} INFO - Processing /home/airflow/.local/lib/python3.6/site-packages/airflow/example_dags/example_complex.py took 0.086 seconds
[2021-10-27 07:31:40,363] {processor.py:163} INFO - Started process (PID=467) to work on /home/airflow/.local/lib/python3.6/site-packages/airflow/example_dags/example_complex.py
[2021-10-27 07:31:40,365] {processor.py:620} INFO - Processing file /home/airflow/.local/lib/python3.6/site-packages/airflow/example_dags/example_complex.py for tasks to queue
[2021-10-27 07:31:40,366] {logging_mixin.py:109} INFO - [2021-10-27 07:31:40,366] {dagbag.py:500} INFO - Filling up the DagBag from /home/airflow/.local/lib/python3.6/site-packages/airflow/example_dags/example_complex.py
[2021-10-27 07:31:40,414] {processor.py:632} INFO - DAG(s) dict_keys(['example_complex']) retrieved from /home/airflow/.local/lib/python3.6/site-packages/airflow/example_dags/example_complex.py
[2021-10-27 07:31:40,433] {logging_mixin.py:109} INFO - [2021-10-27 07:31:40,433] {dag.py:2389} INFO - Sync 1 DAGs
[2021-10-27 07:31:40,451] {logging_mixin.py:109} INFO - [2021-10-27 07:31:40,450] {dag.py:2914} INFO - Setting next_dagrun for example_complex to None
[2021-10-27 07:31:40,461] {processor.py:171} INFO - Processing /home/airflow/.local/lib/python3.6/site-packages/airflow/example_dags/example_complex.py took 0.103 seconds
[2021-10-27 07:32:10,842] {processor.py:163} INFO - Started process (PID=533) to work on /home/airflow/.local/lib/python3.6/site-packages/airflow/example_dags/example_complex.py
[2021-10-27 07:32:10,843] {processor.py:620} INFO - Processing file /home/airflow/.local/lib/python3.6/site-packages/airflow/example_dags/example_complex.py for tasks to queue
[2021-10-27 07:32:10,844] {logging_mixin.py:109} INFO - [2021-10-27 07:32:10,844] {dagbag.py:500} INFO - Filling up the DagBag from /home/airflow/.local/lib/python3.6/site-packages/airflow/example_dags/example_complex.py
[2021-10-27 07:32:10,885] {processor.py:632} INFO - DAG(s) dict_keys(['example_complex']) retrieved from /home/airflow/.local/lib/python3.6/site-packages/airflow/example_dags/example_complex.py
[2021-10-27 07:32:10,903] {logging_mixin.py:109} INFO - [2021-10-27 07:32:10,903] {dag.py:2389} INFO - Sync 1 DAGs
[2021-10-27 07:32:10,922] {logging_mixin.py:109} INFO - [2021-10-27 07:32:10,922] {dag.py:2914} INFO - Setting next_dagrun for example_complex to None
[2021-10-27 07:32:10,935] {processor.py:171} INFO - Processing /home/airflow/.local/lib/python3.6/site-packages/airflow/example_dags/example_complex.py took 0.097 seconds
[2021-10-27 07:32:41,438] {processor.py:163} INFO - Started process (PID=588) to work on /home/airflow/.local/lib/python3.6/site-packages/airflow/example_dags/example_complex.py
[2021-10-27 07:32:41,440] {processor.py:620} INFO - Processing file /home/airflow/.local/lib/python3.6/site-packages/airflow/example_dags/example_complex.py for tasks to queue
[2021-10-27 07:32:41,441] {logging_mixin.py:109} INFO - [2021-10-27 07:32:41,441] {dagbag.py:500} INFO - Filling up the DagBag from /home/airflow/.local/lib/python3.6/site-packages/airflow/example_dags/example_complex.py
[2021-10-27 07:32:41,486] {processor.py:632} INFO - DAG(s) dict_keys(['example_complex']) retrieved from /home/airflow/.local/lib/python3.6/site-packages/airflow/example_dags/example_complex.py
[2021-10-27 07:32:41,504] {logging_mixin.py:109} INFO - [2021-10-27 07:32:41,504] {dag.py:2389} INFO - Sync 1 DAGs
[2021-10-27 07:32:41,518] {logging_mixin.py:109} INFO - [2021-10-27 07:32:41,518] {dag.py:2914} INFO - Setting next_dagrun for example_complex to None
[2021-10-27 07:32:41,530] {processor.py:171} INFO - Processing /home/airflow/.local/lib/python3.6/site-packages/airflow/example_dags/example_complex.py took 0.096 seconds
[2021-10-27 07:33:11,991] {processor.py:163} INFO - Started process (PID=654) to work on /home/airflow/.local/lib/python3.6/site-packages/airflow/example_dags/example_complex.py
[2021-10-27 07:33:11,993] {processor.py:620} INFO - Processing file /home/airflow/.local/lib/python3.6/site-packages/airflow/example_dags/example_complex.py for tasks to queue
[2021-10-27 07:33:11,994] {logging_mixin.py:109} INFO - [2021-10-27 07:33:11,994] {dagbag.py:500} INFO - Filling up the DagBag from /home/airflow/.local/lib/python3.6/site-packages/airflow/example_dags/example_complex.py
[2021-10-27 07:33:12,045] {processor.py:632} INFO - DAG(s) dict_keys(['example_complex']) retrieved from /home/airflow/.local/lib/python3.6/site-packages/airflow/example_dags/example_complex.py
[2021-10-27 07:33:12,064] {logging_mixin.py:109} INFO - [2021-10-27 07:33:12,064] {dag.py:2389} INFO - Sync 1 DAGs
[2021-10-27 07:33:12,080] {logging_mixin.py:109} INFO - [2021-10-27 07:33:12,080] {dag.py:2914} INFO - Setting next_dagrun for example_complex to None
[2021-10-27 07:33:12,090] {processor.py:171} INFO - Processing /home/airflow/.local/lib/python3.6/site-packages/airflow/example_dags/example_complex.py took 0.102 seconds
[2021-10-27 07:33:43,179] {processor.py:163} INFO - Started process (PID=709) to work on /home/airflow/.local/lib/python3.6/site-packages/airflow/example_dags/example_complex.py
[2021-10-27 07:33:43,181] {processor.py:620} INFO - Processing file /home/airflow/.local/lib/python3.6/site-packages/airflow/example_dags/example_complex.py for tasks to queue
[2021-10-27 07:33:43,182] {logging_mixin.py:109} INFO - [2021-10-27 07:33:43,182] {dagbag.py:500} INFO - Filling up the DagBag from /home/airflow/.local/lib/python3.6/site-packages/airflow/example_dags/example_complex.py
[2021-10-27 07:33:43,217] {processor.py:632} INFO - DAG(s) dict_keys(['example_complex']) retrieved from /home/airflow/.local/lib/python3.6/site-packages/airflow/example_dags/example_complex.py
[2021-10-27 07:33:43,233] {logging_mixin.py:109} INFO - [2021-10-27 07:33:43,233] {dag.py:2389} INFO - Sync 1 DAGs
[2021-10-27 07:33:43,248] {logging_mixin.py:109} INFO - [2021-10-27 07:33:43,248] {dag.py:2914} INFO - Setting next_dagrun for example_complex to None
[2021-10-27 07:33:43,260] {processor.py:171} INFO - Processing /home/airflow/.local/lib/python3.6/site-packages/airflow/example_dags/example_complex.py took 0.083 seconds
[2021-10-27 07:34:13,525] {processor.py:163} INFO - Started process (PID=774) to work on /home/airflow/.local/lib/python3.6/site-packages/airflow/example_dags/example_complex.py
[2021-10-27 07:34:13,527] {processor.py:620} INFO - Processing file /home/airflow/.local/lib/python3.6/site-packages/airflow/example_dags/example_complex.py for tasks to queue
[2021-10-27 07:34:13,528] {logging_mixin.py:109} INFO - [2021-10-27 07:34:13,528] {dagbag.py:500} INFO - Filling up the DagBag from /home/airflow/.local/lib/python3.6/site-packages/airflow/example_dags/example_complex.py
[2021-10-27 07:34:13,562] {processor.py:632} INFO - DAG(s) dict_keys(['example_complex']) retrieved from /home/airflow/.local/lib/python3.6/site-packages/airflow/example_dags/example_complex.py
[2021-10-27 07:34:13,580] {logging_mixin.py:109} INFO - [2021-10-27 07:34:13,580] {dag.py:2389} INFO - Sync 1 DAGs
[2021-10-27 07:34:13,596] {logging_mixin.py:109} INFO - [2021-10-27 07:34:13,595] {dag.py:2914} INFO - Setting next_dagrun for example_complex to None
[2021-10-27 07:34:13,606] {processor.py:171} INFO - Processing /home/airflow/.local/lib/python3.6/site-packages/airflow/example_dags/example_complex.py took 0.084 seconds
[2021-10-27 07:34:44,523] {processor.py:163} INFO - Started process (PID=829) to work on /home/airflow/.local/lib/python3.6/site-packages/airflow/example_dags/example_complex.py
[2021-10-27 07:34:44,525] {processor.py:620} INFO - Processing file /home/airflow/.local/lib/python3.6/site-packages/airflow/example_dags/example_complex.py for tasks to queue
[2021-10-27 07:34:44,526] {logging_mixin.py:109} INFO - [2021-10-27 07:34:44,525] {dagbag.py:500} INFO - Filling up the DagBag from /home/airflow/.local/lib/python3.6/site-packages/airflow/example_dags/example_complex.py
[2021-10-27 07:34:44,563] {processor.py:632} INFO - DAG(s) dict_keys(['example_complex']) retrieved from /home/airflow/.local/lib/python3.6/site-packages/airflow/example_dags/example_complex.py
[2021-10-27 07:34:44,578] {logging_mixin.py:109} INFO - [2021-10-27 07:34:44,578] {dag.py:2389} INFO - Sync 1 DAGs
[2021-10-27 07:34:44,592] {logging_mixin.py:109} INFO - [2021-10-27 07:34:44,592] {dag.py:2914} INFO - Setting next_dagrun for example_complex to None
[2021-10-27 07:34:44,603] {processor.py:171} INFO - Processing /home/airflow/.local/lib/python3.6/site-packages/airflow/example_dags/example_complex.py took 0.083 seconds
[2021-10-27 07:35:14,937] {processor.py:163} INFO - Started process (PID=895) to work on /home/airflow/.local/lib/python3.6/site-packages/airflow/example_dags/example_complex.py
[2021-10-27 07:35:14,939] {processor.py:620} INFO - Processing file /home/airflow/.local/lib/python3.6/site-packages/airflow/example_dags/example_complex.py for tasks to queue
[2021-10-27 07:35:14,941] {logging_mixin.py:109} INFO - [2021-10-27 07:35:14,941] {dagbag.py:500} INFO - Filling up the DagBag from /home/airflow/.local/lib/python3.6/site-packages/airflow/example_dags/example_complex.py
[2021-10-27 07:35:14,982] {processor.py:632} INFO - DAG(s) dict_keys(['example_complex']) retrieved from /home/airflow/.local/lib/python3.6/site-packages/airflow/example_dags/example_complex.py
[2021-10-27 07:35:14,997] {logging_mixin.py:109} INFO - [2021-10-27 07:35:14,997] {dag.py:2389} INFO - Sync 1 DAGs
[2021-10-27 07:35:15,014] {logging_mixin.py:109} INFO - [2021-10-27 07:35:15,014] {dag.py:2914} INFO - Setting next_dagrun for example_complex to None
[2021-10-27 07:35:15,023] {processor.py:171} INFO - Processing /home/airflow/.local/lib/python3.6/site-packages/airflow/example_dags/example_complex.py took 0.089 seconds
[2021-10-27 07:35:45,238] {processor.py:163} INFO - Started process (PID=950) to work on /home/airflow/.local/lib/python3.6/site-packages/airflow/example_dags/example_complex.py
[2021-10-27 07:35:45,239] {processor.py:620} INFO - Processing file /home/airflow/.local/lib/python3.6/site-packages/airflow/example_dags/example_complex.py for tasks to queue
[2021-10-27 07:35:45,240] {logging_mixin.py:109} INFO - [2021-10-27 07:35:45,240] {dagbag.py:500} INFO - Filling up the DagBag from /home/airflow/.local/lib/python3.6/site-packages/airflow/example_dags/example_complex.py
[2021-10-27 07:35:45,276] {processor.py:632} INFO - DAG(s) dict_keys(['example_complex']) retrieved from /home/airflow/.local/lib/python3.6/site-packages/airflow/example_dags/example_complex.py
[2021-10-27 07:35:45,292] {logging_mixin.py:109} INFO - [2021-10-27 07:35:45,292] {dag.py:2389} INFO - Sync 1 DAGs
[2021-10-27 07:35:45,308] {logging_mixin.py:109} INFO - [2021-10-27 07:35:45,308] {dag.py:2914} INFO - Setting next_dagrun for example_complex to None
[2021-10-27 07:35:45,319] {processor.py:171} INFO - Processing /home/airflow/.local/lib/python3.6/site-packages/airflow/example_dags/example_complex.py took 0.084 seconds
[2021-10-27 07:36:16,612] {processor.py:163} INFO - Started process (PID=1016) to work on /home/airflow/.local/lib/python3.6/site-packages/airflow/example_dags/example_complex.py
[2021-10-27 07:36:16,614] {processor.py:620} INFO - Processing file /home/airflow/.local/lib/python3.6/site-packages/airflow/example_dags/example_complex.py for tasks to queue
[2021-10-27 07:36:16,615] {logging_mixin.py:109} INFO - [2021-10-27 07:36:16,615] {dagbag.py:500} INFO - Filling up the DagBag from /home/airflow/.local/lib/python3.6/site-packages/airflow/example_dags/example_complex.py
[2021-10-27 07:36:16,714] {processor.py:632} INFO - DAG(s) dict_keys(['example_complex']) retrieved from /home/airflow/.local/lib/python3.6/site-packages/airflow/example_dags/example_complex.py
[2021-10-27 07:36:16,746] {logging_mixin.py:109} INFO - [2021-10-27 07:36:16,746] {dag.py:2389} INFO - Sync 1 DAGs
[2021-10-27 07:36:16,782] {logging_mixin.py:109} INFO - [2021-10-27 07:36:16,782] {dag.py:2914} INFO - Setting next_dagrun for example_complex to None
[2021-10-27 07:36:16,816] {processor.py:171} INFO - Processing /home/airflow/.local/lib/python3.6/site-packages/airflow/example_dags/example_complex.py took 0.208 seconds
[2021-10-27 07:36:46,926] {processor.py:163} INFO - Started process (PID=1072) to work on /home/airflow/.local/lib/python3.6/site-packages/airflow/example_dags/example_complex.py
[2021-10-27 07:36:46,927] {processor.py:620} INFO - Processing file /home/airflow/.local/lib/python3.6/site-packages/airflow/example_dags/example_complex.py for tasks to queue
[2021-10-27 07:36:46,928] {logging_mixin.py:109} INFO - [2021-10-27 07:36:46,928] {dagbag.py:500} INFO - Filling up the DagBag from /home/airflow/.local/lib/python3.6/site-packages/airflow/example_dags/example_complex.py
[2021-10-27 07:36:46,974] {processor.py:632} INFO - DAG(s) dict_keys(['example_complex']) retrieved from /home/airflow/.local/lib/python3.6/site-packages/airflow/example_dags/example_complex.py
[2021-10-27 07:36:46,994] {logging_mixin.py:109} INFO - [2021-10-27 07:36:46,994] {dag.py:2389} INFO - Sync 1 DAGs
[2021-10-27 07:36:47,016] {logging_mixin.py:109} INFO - [2021-10-27 07:36:47,016] {dag.py:2914} INFO - Setting next_dagrun for example_complex to None
[2021-10-27 07:36:47,027] {processor.py:171} INFO - Processing /home/airflow/.local/lib/python3.6/site-packages/airflow/example_dags/example_complex.py took 0.105 seconds
[2021-10-27 07:37:18,258] {processor.py:163} INFO - Started process (PID=1138) to work on /home/airflow/.local/lib/python3.6/site-packages/airflow/example_dags/example_complex.py
[2021-10-27 07:37:18,260] {processor.py:620} INFO - Processing file /home/airflow/.local/lib/python3.6/site-packages/airflow/example_dags/example_complex.py for tasks to queue
[2021-10-27 07:37:18,261] {logging_mixin.py:109} INFO - [2021-10-27 07:37:18,261] {dagbag.py:500} INFO - Filling up the DagBag from /home/airflow/.local/lib/python3.6/site-packages/airflow/example_dags/example_complex.py
[2021-10-27 07:37:18,307] {processor.py:632} INFO - DAG(s) dict_keys(['example_complex']) retrieved from /home/airflow/.local/lib/python3.6/site-packages/airflow/example_dags/example_complex.py
[2021-10-27 07:37:18,329] {logging_mixin.py:109} INFO - [2021-10-27 07:37:18,329] {dag.py:2389} INFO - Sync 1 DAGs
[2021-10-27 07:37:18,345] {logging_mixin.py:109} INFO - [2021-10-27 07:37:18,345] {dag.py:2914} INFO - Setting next_dagrun for example_complex to None
[2021-10-27 07:37:18,361] {processor.py:171} INFO - Processing /home/airflow/.local/lib/python3.6/site-packages/airflow/example_dags/example_complex.py took 0.107 seconds
[2021-10-27 07:37:48,952] {processor.py:163} INFO - Started process (PID=1194) to work on /home/airflow/.local/lib/python3.6/site-packages/airflow/example_dags/example_complex.py
[2021-10-27 07:37:48,953] {processor.py:620} INFO - Processing file /home/airflow/.local/lib/python3.6/site-packages/airflow/example_dags/example_complex.py for tasks to queue
[2021-10-27 07:37:48,954] {logging_mixin.py:109} INFO - [2021-10-27 07:37:48,954] {dagbag.py:500} INFO - Filling up the DagBag from /home/airflow/.local/lib/python3.6/site-packages/airflow/example_dags/example_complex.py
[2021-10-27 07:37:48,994] {processor.py:632} INFO - DAG(s) dict_keys(['example_complex']) retrieved from /home/airflow/.local/lib/python3.6/site-packages/airflow/example_dags/example_complex.py
[2021-10-27 07:37:49,009] {logging_mixin.py:109} INFO - [2021-10-27 07:37:49,009] {dag.py:2389} INFO - Sync 1 DAGs
[2021-10-27 07:37:49,025] {logging_mixin.py:109} INFO - [2021-10-27 07:37:49,025] {dag.py:2914} INFO - Setting next_dagrun for example_complex to None
[2021-10-27 07:37:49,036] {processor.py:171} INFO - Processing /home/airflow/.local/lib/python3.6/site-packages/airflow/example_dags/example_complex.py took 0.088 seconds
[2021-10-27 07:38:19,588] {processor.py:163} INFO - Started process (PID=1249) to work on /home/airflow/.local/lib/python3.6/site-packages/airflow/example_dags/example_complex.py
[2021-10-27 07:38:19,589] {processor.py:620} INFO - Processing file /home/airflow/.local/lib/python3.6/site-packages/airflow/example_dags/example_complex.py for tasks to queue
[2021-10-27 07:38:19,590] {logging_mixin.py:109} INFO - [2021-10-27 07:38:19,590] {dagbag.py:500} INFO - Filling up the DagBag from /home/airflow/.local/lib/python3.6/site-packages/airflow/example_dags/example_complex.py
[2021-10-27 07:38:19,627] {processor.py:632} INFO - DAG(s) dict_keys(['example_complex']) retrieved from /home/airflow/.local/lib/python3.6/site-packages/airflow/example_dags/example_complex.py
[2021-10-27 07:38:19,644] {logging_mixin.py:109} INFO - [2021-10-27 07:38:19,644] {dag.py:2389} INFO - Sync 1 DAGs
[2021-10-27 07:38:19,659] {logging_mixin.py:109} INFO - [2021-10-27 07:38:19,659] {dag.py:2914} INFO - Setting next_dagrun for example_complex to None
[2021-10-27 07:38:19,670] {processor.py:171} INFO - Processing /home/airflow/.local/lib/python3.6/site-packages/airflow/example_dags/example_complex.py took 0.085 seconds
[2021-10-27 07:38:50,074] {processor.py:163} INFO - Started process (PID=1316) to work on /home/airflow/.local/lib/python3.6/site-packages/airflow/example_dags/example_complex.py
[2021-10-27 07:38:50,075] {processor.py:620} INFO - Processing file /home/airflow/.local/lib/python3.6/site-packages/airflow/example_dags/example_complex.py for tasks to queue
[2021-10-27 07:38:50,076] {logging_mixin.py:109} INFO - [2021-10-27 07:38:50,076] {dagbag.py:500} INFO - Filling up the DagBag from /home/airflow/.local/lib/python3.6/site-packages/airflow/example_dags/example_complex.py
[2021-10-27 07:38:50,115] {processor.py:632} INFO - DAG(s) dict_keys(['example_complex']) retrieved from /home/airflow/.local/lib/python3.6/site-packages/airflow/example_dags/example_complex.py
[2021-10-27 07:38:50,130] {logging_mixin.py:109} INFO - [2021-10-27 07:38:50,130] {dag.py:2389} INFO - Sync 1 DAGs
[2021-10-27 07:38:50,147] {logging_mixin.py:109} INFO - [2021-10-27 07:38:50,146] {dag.py:2914} INFO - Setting next_dagrun for example_complex to None
[2021-10-27 07:38:50,156] {processor.py:171} INFO - Processing /home/airflow/.local/lib/python3.6/site-packages/airflow/example_dags/example_complex.py took 0.086 seconds
[2021-10-27 07:39:20,594] {processor.py:163} INFO - Started process (PID=1372) to work on /home/airflow/.local/lib/python3.6/site-packages/airflow/example_dags/example_complex.py
[2021-10-27 07:39:20,595] {processor.py:620} INFO - Processing file /home/airflow/.local/lib/python3.6/site-packages/airflow/example_dags/example_complex.py for tasks to queue
[2021-10-27 07:39:20,596] {logging_mixin.py:109} INFO - [2021-10-27 07:39:20,596] {dagbag.py:500} INFO - Filling up the DagBag from /home/airflow/.local/lib/python3.6/site-packages/airflow/example_dags/example_complex.py
[2021-10-27 07:39:20,634] {processor.py:632} INFO - DAG(s) dict_keys(['example_complex']) retrieved from /home/airflow/.local/lib/python3.6/site-packages/airflow/example_dags/example_complex.py
[2021-10-27 07:39:20,657] {logging_mixin.py:109} INFO - [2021-10-27 07:39:20,657] {dag.py:2389} INFO - Sync 1 DAGs
[2021-10-27 07:39:20,675] {logging_mixin.py:109} INFO - [2021-10-27 07:39:20,674] {dag.py:2914} INFO - Setting next_dagrun for example_complex to None
[2021-10-27 07:39:20,688] {processor.py:171} INFO - Processing /home/airflow/.local/lib/python3.6/site-packages/airflow/example_dags/example_complex.py took 0.098 seconds
[2021-10-27 07:39:50,892] {processor.py:163} INFO - Started process (PID=1436) to work on /home/airflow/.local/lib/python3.6/site-packages/airflow/example_dags/example_complex.py
[2021-10-27 07:39:50,894] {processor.py:620} INFO - Processing file /home/airflow/.local/lib/python3.6/site-packages/airflow/example_dags/example_complex.py for tasks to queue
[2021-10-27 07:39:50,895] {logging_mixin.py:109} INFO - [2021-10-27 07:39:50,895] {dagbag.py:500} INFO - Filling up the DagBag from /home/airflow/.local/lib/python3.6/site-packages/airflow/example_dags/example_complex.py
[2021-10-27 07:39:50,935] {processor.py:632} INFO - DAG(s) dict_keys(['example_complex']) retrieved from /home/airflow/.local/lib/python3.6/site-packages/airflow/example_dags/example_complex.py
[2021-10-27 07:39:50,955] {logging_mixin.py:109} INFO - [2021-10-27 07:39:50,955] {dag.py:2389} INFO - Sync 1 DAGs
[2021-10-27 07:39:50,970] {logging_mixin.py:109} INFO - [2021-10-27 07:39:50,970] {dag.py:2914} INFO - Setting next_dagrun for example_complex to None
[2021-10-27 07:39:50,980] {processor.py:171} INFO - Processing /home/airflow/.local/lib/python3.6/site-packages/airflow/example_dags/example_complex.py took 0.092 seconds
[2021-10-27 07:40:21,425] {processor.py:163} INFO - Started process (PID=1498) to work on /home/airflow/.local/lib/python3.6/site-packages/airflow/example_dags/example_complex.py
[2021-10-27 07:40:21,427] {processor.py:620} INFO - Processing file /home/airflow/.local/lib/python3.6/site-packages/airflow/example_dags/example_complex.py for tasks to queue
[2021-10-27 07:40:21,428] {logging_mixin.py:109} INFO - [2021-10-27 07:40:21,428] {dagbag.py:500} INFO - Filling up the DagBag from /home/airflow/.local/lib/python3.6/site-packages/airflow/example_dags/example_complex.py
[2021-10-27 07:40:21,481] {processor.py:632} INFO - DAG(s) dict_keys(['example_complex']) retrieved from /home/airflow/.local/lib/python3.6/site-packages/airflow/example_dags/example_complex.py
[2021-10-27 07:40:21,499] {logging_mixin.py:109} INFO - [2021-10-27 07:40:21,499] {dag.py:2389} INFO - Sync 1 DAGs
[2021-10-27 07:40:21,518] {logging_mixin.py:109} INFO - [2021-10-27 07:40:21,518] {dag.py:2914} INFO - Setting next_dagrun for example_complex to None
[2021-10-27 07:40:21,529] {processor.py:171} INFO - Processing /home/airflow/.local/lib/python3.6/site-packages/airflow/example_dags/example_complex.py took 0.112 seconds
[2021-10-27 07:40:51,755] {processor.py:163} INFO - Started process (PID=1556) to work on /home/airflow/.local/lib/python3.6/site-packages/airflow/example_dags/example_complex.py
[2021-10-27 07:40:51,758] {processor.py:620} INFO - Processing file /home/airflow/.local/lib/python3.6/site-packages/airflow/example_dags/example_complex.py for tasks to queue
[2021-10-27 07:40:51,760] {logging_mixin.py:109} INFO - [2021-10-27 07:40:51,760] {dagbag.py:500} INFO - Filling up the DagBag from /home/airflow/.local/lib/python3.6/site-packages/airflow/example_dags/example_complex.py
[2021-10-27 07:40:51,849] {processor.py:632} INFO - DAG(s) dict_keys(['example_complex']) retrieved from /home/airflow/.local/lib/python3.6/site-packages/airflow/example_dags/example_complex.py
[2021-10-27 07:40:51,873] {logging_mixin.py:109} INFO - [2021-10-27 07:40:51,873] {dag.py:2389} INFO - Sync 1 DAGs
[2021-10-27 07:40:51,903] {logging_mixin.py:109} INFO - [2021-10-27 07:40:51,902] {dag.py:2914} INFO - Setting next_dagrun for example_complex to None
[2021-10-27 07:40:51,921] {processor.py:171} INFO - Processing /home/airflow/.local/lib/python3.6/site-packages/airflow/example_dags/example_complex.py took 0.170 seconds
[2021-10-27 07:41:22,098] {processor.py:163} INFO - Started process (PID=1610) to work on /home/airflow/.local/lib/python3.6/site-packages/airflow/example_dags/example_complex.py
[2021-10-27 07:41:22,100] {processor.py:620} INFO - Processing file /home/airflow/.local/lib/python3.6/site-packages/airflow/example_dags/example_complex.py for tasks to queue
[2021-10-27 07:41:22,101] {logging_mixin.py:109} INFO - [2021-10-27 07:41:22,100] {dagbag.py:500} INFO - Filling up the DagBag from /home/airflow/.local/lib/python3.6/site-packages/airflow/example_dags/example_complex.py
[2021-10-27 07:41:22,142] {processor.py:632} INFO - DAG(s) dict_keys(['example_complex']) retrieved from /home/airflow/.local/lib/python3.6/site-packages/airflow/example_dags/example_complex.py
[2021-10-27 07:41:22,158] {logging_mixin.py:109} INFO - [2021-10-27 07:41:22,158] {dag.py:2389} INFO - Sync 1 DAGs
[2021-10-27 07:41:22,174] {logging_mixin.py:109} INFO - [2021-10-27 07:41:22,174] {dag.py:2914} INFO - Setting next_dagrun for example_complex to None
[2021-10-27 07:41:22,185] {processor.py:171} INFO - Processing /home/airflow/.local/lib/python3.6/site-packages/airflow/example_dags/example_complex.py took 0.091 seconds
[2021-10-27 07:41:52,697] {processor.py:163} INFO - Started process (PID=1675) to work on /home/airflow/.local/lib/python3.6/site-packages/airflow/example_dags/example_complex.py
[2021-10-27 07:41:52,699] {processor.py:620} INFO - Processing file /home/airflow/.local/lib/python3.6/site-packages/airflow/example_dags/example_complex.py for tasks to queue
[2021-10-27 07:41:52,700] {logging_mixin.py:109} INFO - [2021-10-27 07:41:52,700] {dagbag.py:500} INFO - Filling up the DagBag from /home/airflow/.local/lib/python3.6/site-packages/airflow/example_dags/example_complex.py
[2021-10-27 07:41:52,738] {processor.py:632} INFO - DAG(s) dict_keys(['example_complex']) retrieved from /home/airflow/.local/lib/python3.6/site-packages/airflow/example_dags/example_complex.py
[2021-10-27 07:41:52,754] {logging_mixin.py:109} INFO - [2021-10-27 07:41:52,754] {dag.py:2389} INFO - Sync 1 DAGs
[2021-10-27 07:41:52,768] {logging_mixin.py:109} INFO - [2021-10-27 07:41:52,768] {dag.py:2914} INFO - Setting next_dagrun for example_complex to None
[2021-10-27 07:41:52,778] {processor.py:171} INFO - Processing /home/airflow/.local/lib/python3.6/site-packages/airflow/example_dags/example_complex.py took 0.084 seconds
[2021-10-27 07:42:23,951] {processor.py:163} INFO - Started process (PID=1730) to work on /home/airflow/.local/lib/python3.6/site-packages/airflow/example_dags/example_complex.py
[2021-10-27 07:42:23,952] {processor.py:620} INFO - Processing file /home/airflow/.local/lib/python3.6/site-packages/airflow/example_dags/example_complex.py for tasks to queue
[2021-10-27 07:42:23,953] {logging_mixin.py:109} INFO - [2021-10-27 07:42:23,953] {dagbag.py:500} INFO - Filling up the DagBag from /home/airflow/.local/lib/python3.6/site-packages/airflow/example_dags/example_complex.py
[2021-10-27 07:42:23,993] {processor.py:632} INFO - DAG(s) dict_keys(['example_complex']) retrieved from /home/airflow/.local/lib/python3.6/site-packages/airflow/example_dags/example_complex.py
[2021-10-27 07:42:24,012] {logging_mixin.py:109} INFO - [2021-10-27 07:42:24,012] {dag.py:2389} INFO - Sync 1 DAGs
[2021-10-27 07:42:24,028] {logging_mixin.py:109} INFO - [2021-10-27 07:42:24,028] {dag.py:2914} INFO - Setting next_dagrun for example_complex to None
[2021-10-27 07:42:24,038] {processor.py:171} INFO - Processing /home/airflow/.local/lib/python3.6/site-packages/airflow/example_dags/example_complex.py took 0.091 seconds
[2021-10-27 07:42:54,354] {processor.py:163} INFO - Started process (PID=1796) to work on /home/airflow/.local/lib/python3.6/site-packages/airflow/example_dags/example_complex.py
[2021-10-27 07:42:54,356] {processor.py:620} INFO - Processing file /home/airflow/.local/lib/python3.6/site-packages/airflow/example_dags/example_complex.py for tasks to queue
[2021-10-27 07:42:54,357] {logging_mixin.py:109} INFO - [2021-10-27 07:42:54,357] {dagbag.py:500} INFO - Filling up the DagBag from /home/airflow/.local/lib/python3.6/site-packages/airflow/example_dags/example_complex.py
[2021-10-27 07:42:54,395] {processor.py:632} INFO - DAG(s) dict_keys(['example_complex']) retrieved from /home/airflow/.local/lib/python3.6/site-packages/airflow/example_dags/example_complex.py
[2021-10-27 07:42:54,411] {logging_mixin.py:109} INFO - [2021-10-27 07:42:54,411] {dag.py:2389} INFO - Sync 1 DAGs
[2021-10-27 07:42:54,427] {logging_mixin.py:109} INFO - [2021-10-27 07:42:54,427] {dag.py:2914} INFO - Setting next_dagrun for example_complex to None
[2021-10-27 07:42:54,439] {processor.py:171} INFO - Processing /home/airflow/.local/lib/python3.6/site-packages/airflow/example_dags/example_complex.py took 0.088 seconds
[2021-10-27 07:43:25,122] {processor.py:163} INFO - Started process (PID=1852) to work on /home/airflow/.local/lib/python3.6/site-packages/airflow/example_dags/example_complex.py
[2021-10-27 07:43:25,124] {processor.py:620} INFO - Processing file /home/airflow/.local/lib/python3.6/site-packages/airflow/example_dags/example_complex.py for tasks to queue
[2021-10-27 07:43:25,125] {logging_mixin.py:109} INFO - [2021-10-27 07:43:25,125] {dagbag.py:500} INFO - Filling up the DagBag from /home/airflow/.local/lib/python3.6/site-packages/airflow/example_dags/example_complex.py
[2021-10-27 07:43:25,163] {processor.py:632} INFO - DAG(s) dict_keys(['example_complex']) retrieved from /home/airflow/.local/lib/python3.6/site-packages/airflow/example_dags/example_complex.py
[2021-10-27 07:43:25,180] {logging_mixin.py:109} INFO - [2021-10-27 07:43:25,180] {dag.py:2389} INFO - Sync 1 DAGs
[2021-10-27 07:43:25,200] {logging_mixin.py:109} INFO - [2021-10-27 07:43:25,200] {dag.py:2914} INFO - Setting next_dagrun for example_complex to None
[2021-10-27 07:43:25,212] {processor.py:171} INFO - Processing /home/airflow/.local/lib/python3.6/site-packages/airflow/example_dags/example_complex.py took 0.094 seconds
[2021-10-27 07:43:55,688] {processor.py:163} INFO - Started process (PID=1919) to work on /home/airflow/.local/lib/python3.6/site-packages/airflow/example_dags/example_complex.py
[2021-10-27 07:43:55,690] {processor.py:620} INFO - Processing file /home/airflow/.local/lib/python3.6/site-packages/airflow/example_dags/example_complex.py for tasks to queue
[2021-10-27 07:43:55,691] {logging_mixin.py:109} INFO - [2021-10-27 07:43:55,691] {dagbag.py:500} INFO - Filling up the DagBag from /home/airflow/.local/lib/python3.6/site-packages/airflow/example_dags/example_complex.py
[2021-10-27 07:43:55,741] {processor.py:632} INFO - DAG(s) dict_keys(['example_complex']) retrieved from /home/airflow/.local/lib/python3.6/site-packages/airflow/example_dags/example_complex.py
[2021-10-27 07:43:55,773] {logging_mixin.py:109} INFO - [2021-10-27 07:43:55,773] {dag.py:2389} INFO - Sync 1 DAGs
[2021-10-27 07:43:55,805] {logging_mixin.py:109} INFO - [2021-10-27 07:43:55,804] {dag.py:2914} INFO - Setting next_dagrun for example_complex to None
[2021-10-27 07:43:55,831] {processor.py:171} INFO - Processing /home/airflow/.local/lib/python3.6/site-packages/airflow/example_dags/example_complex.py took 0.148 seconds
[2021-10-27 07:44:26,603] {processor.py:163} INFO - Started process (PID=1975) to work on /home/airflow/.local/lib/python3.6/site-packages/airflow/example_dags/example_complex.py
[2021-10-27 07:44:26,605] {processor.py:620} INFO - Processing file /home/airflow/.local/lib/python3.6/site-packages/airflow/example_dags/example_complex.py for tasks to queue
[2021-10-27 07:44:26,606] {logging_mixin.py:109} INFO - [2021-10-27 07:44:26,606] {dagbag.py:500} INFO - Filling up the DagBag from /home/airflow/.local/lib/python3.6/site-packages/airflow/example_dags/example_complex.py
[2021-10-27 07:44:26,643] {processor.py:632} INFO - DAG(s) dict_keys(['example_complex']) retrieved from /home/airflow/.local/lib/python3.6/site-packages/airflow/example_dags/example_complex.py
[2021-10-27 07:44:26,658] {logging_mixin.py:109} INFO - [2021-10-27 07:44:26,658] {dag.py:2389} INFO - Sync 1 DAGs
[2021-10-27 07:44:26,675] {logging_mixin.py:109} INFO - [2021-10-27 07:44:26,675] {dag.py:2914} INFO - Setting next_dagrun for example_complex to None
[2021-10-27 07:44:26,686] {processor.py:171} INFO - Processing /home/airflow/.local/lib/python3.6/site-packages/airflow/example_dags/example_complex.py took 0.087 seconds
