[2021-10-27 07:17:46,529] {processor.py:163} INFO - Started process (PID=77) to work on /home/airflow/.local/lib/python3.6/site-packages/airflow/example_dags/example_xcomargs.py
[2021-10-27 07:17:46,531] {processor.py:620} INFO - Processing file /home/airflow/.local/lib/python3.6/site-packages/airflow/example_dags/example_xcomargs.py for tasks to queue
[2021-10-27 07:17:46,533] {logging_mixin.py:109} INFO - [2021-10-27 07:17:46,533] {dagbag.py:500} INFO - Filling up the DagBag from /home/airflow/.local/lib/python3.6/site-packages/airflow/example_dags/example_xcomargs.py
[2021-10-27 07:17:46,739] {processor.py:632} INFO - DAG(s) dict_keys(['example_xcom_args', 'example_xcom_args_with_operators']) retrieved from /home/airflow/.local/lib/python3.6/site-packages/airflow/example_dags/example_xcomargs.py
[2021-10-27 07:17:47,132] {logging_mixin.py:109} INFO - [2021-10-27 07:17:47,131] {dag.py:2389} INFO - Sync 2 DAGs
[2021-10-27 07:17:47,149] {logging_mixin.py:109} INFO - [2021-10-27 07:17:47,149] {dag.py:2914} INFO - Setting next_dagrun for example_xcom_args to None
[2021-10-27 07:17:47,150] {logging_mixin.py:109} INFO - [2021-10-27 07:17:47,150] {dag.py:2914} INFO - Setting next_dagrun for example_xcom_args_with_operators to None
[2021-10-27 07:17:47,167] {processor.py:171} INFO - Processing /home/airflow/.local/lib/python3.6/site-packages/airflow/example_dags/example_xcomargs.py took 0.644 seconds
[2021-10-27 07:18:17,484] {processor.py:163} INFO - Started process (PID=133) to work on /home/airflow/.local/lib/python3.6/site-packages/airflow/example_dags/example_xcomargs.py
[2021-10-27 07:18:17,486] {processor.py:620} INFO - Processing file /home/airflow/.local/lib/python3.6/site-packages/airflow/example_dags/example_xcomargs.py for tasks to queue
[2021-10-27 07:18:17,487] {logging_mixin.py:109} INFO - [2021-10-27 07:18:17,487] {dagbag.py:500} INFO - Filling up the DagBag from /home/airflow/.local/lib/python3.6/site-packages/airflow/example_dags/example_xcomargs.py
[2021-10-27 07:18:17,523] {processor.py:632} INFO - DAG(s) dict_keys(['example_xcom_args', 'example_xcom_args_with_operators']) retrieved from /home/airflow/.local/lib/python3.6/site-packages/airflow/example_dags/example_xcomargs.py
[2021-10-27 07:18:17,707] {logging_mixin.py:109} INFO - [2021-10-27 07:18:17,707] {dag.py:2389} INFO - Sync 2 DAGs
[2021-10-27 07:18:17,722] {logging_mixin.py:109} INFO - [2021-10-27 07:18:17,722] {dag.py:2914} INFO - Setting next_dagrun for example_xcom_args to None
[2021-10-27 07:18:17,723] {logging_mixin.py:109} INFO - [2021-10-27 07:18:17,722] {dag.py:2914} INFO - Setting next_dagrun for example_xcom_args_with_operators to None
[2021-10-27 07:18:17,736] {processor.py:171} INFO - Processing /home/airflow/.local/lib/python3.6/site-packages/airflow/example_dags/example_xcomargs.py took 0.255 seconds
[2021-10-27 07:18:47,765] {processor.py:163} INFO - Started process (PID=200) to work on /home/airflow/.local/lib/python3.6/site-packages/airflow/example_dags/example_xcomargs.py
[2021-10-27 07:18:47,766] {processor.py:620} INFO - Processing file /home/airflow/.local/lib/python3.6/site-packages/airflow/example_dags/example_xcomargs.py for tasks to queue
[2021-10-27 07:18:47,768] {logging_mixin.py:109} INFO - [2021-10-27 07:18:47,768] {dagbag.py:500} INFO - Filling up the DagBag from /home/airflow/.local/lib/python3.6/site-packages/airflow/example_dags/example_xcomargs.py
[2021-10-27 07:18:47,808] {processor.py:632} INFO - DAG(s) dict_keys(['example_xcom_args', 'example_xcom_args_with_operators']) retrieved from /home/airflow/.local/lib/python3.6/site-packages/airflow/example_dags/example_xcomargs.py
[2021-10-27 07:18:48,095] {logging_mixin.py:109} INFO - [2021-10-27 07:18:48,095] {dag.py:2389} INFO - Sync 2 DAGs
[2021-10-27 07:18:48,114] {logging_mixin.py:109} INFO - [2021-10-27 07:18:48,114] {dag.py:2914} INFO - Setting next_dagrun for example_xcom_args to None
[2021-10-27 07:18:48,114] {logging_mixin.py:109} INFO - [2021-10-27 07:18:48,114] {dag.py:2914} INFO - Setting next_dagrun for example_xcom_args_with_operators to None
[2021-10-27 07:18:48,127] {processor.py:171} INFO - Processing /home/airflow/.local/lib/python3.6/site-packages/airflow/example_dags/example_xcomargs.py took 0.366 seconds
[2021-10-27 07:19:18,524] {processor.py:163} INFO - Started process (PID=252) to work on /home/airflow/.local/lib/python3.6/site-packages/airflow/example_dags/example_xcomargs.py
[2021-10-27 07:19:18,525] {processor.py:620} INFO - Processing file /home/airflow/.local/lib/python3.6/site-packages/airflow/example_dags/example_xcomargs.py for tasks to queue
[2021-10-27 07:19:18,527] {logging_mixin.py:109} INFO - [2021-10-27 07:19:18,527] {dagbag.py:500} INFO - Filling up the DagBag from /home/airflow/.local/lib/python3.6/site-packages/airflow/example_dags/example_xcomargs.py
[2021-10-27 07:19:18,567] {processor.py:632} INFO - DAG(s) dict_keys(['example_xcom_args', 'example_xcom_args_with_operators']) retrieved from /home/airflow/.local/lib/python3.6/site-packages/airflow/example_dags/example_xcomargs.py
[2021-10-27 07:19:18,583] {logging_mixin.py:109} INFO - [2021-10-27 07:19:18,583] {dag.py:2389} INFO - Sync 2 DAGs
[2021-10-27 07:19:18,600] {logging_mixin.py:109} INFO - [2021-10-27 07:19:18,600] {dag.py:2914} INFO - Setting next_dagrun for example_xcom_args to None
[2021-10-27 07:19:18,601] {logging_mixin.py:109} INFO - [2021-10-27 07:19:18,601] {dag.py:2914} INFO - Setting next_dagrun for example_xcom_args_with_operators to None
[2021-10-27 07:19:18,613] {processor.py:171} INFO - Processing /home/airflow/.local/lib/python3.6/site-packages/airflow/example_dags/example_xcomargs.py took 0.093 seconds
[2021-10-27 07:19:49,439] {processor.py:163} INFO - Started process (PID=308) to work on /home/airflow/.local/lib/python3.6/site-packages/airflow/example_dags/example_xcomargs.py
[2021-10-27 07:19:49,441] {processor.py:620} INFO - Processing file /home/airflow/.local/lib/python3.6/site-packages/airflow/example_dags/example_xcomargs.py for tasks to queue
[2021-10-27 07:19:49,442] {logging_mixin.py:109} INFO - [2021-10-27 07:19:49,442] {dagbag.py:500} INFO - Filling up the DagBag from /home/airflow/.local/lib/python3.6/site-packages/airflow/example_dags/example_xcomargs.py
[2021-10-27 07:19:49,482] {processor.py:632} INFO - DAG(s) dict_keys(['example_xcom_args', 'example_xcom_args_with_operators']) retrieved from /home/airflow/.local/lib/python3.6/site-packages/airflow/example_dags/example_xcomargs.py
[2021-10-27 07:19:49,688] {logging_mixin.py:109} INFO - [2021-10-27 07:19:49,688] {dag.py:2389} INFO - Sync 2 DAGs
[2021-10-27 07:19:49,701] {logging_mixin.py:109} INFO - [2021-10-27 07:19:49,701] {dag.py:2914} INFO - Setting next_dagrun for example_xcom_args to None
[2021-10-27 07:19:49,702] {logging_mixin.py:109} INFO - [2021-10-27 07:19:49,702] {dag.py:2914} INFO - Setting next_dagrun for example_xcom_args_with_operators to None
[2021-10-27 07:19:49,716] {processor.py:171} INFO - Processing /home/airflow/.local/lib/python3.6/site-packages/airflow/example_dags/example_xcomargs.py took 0.279 seconds
[2021-10-27 07:20:19,848] {processor.py:163} INFO - Started process (PID=377) to work on /home/airflow/.local/lib/python3.6/site-packages/airflow/example_dags/example_xcomargs.py
[2021-10-27 07:20:19,849] {processor.py:620} INFO - Processing file /home/airflow/.local/lib/python3.6/site-packages/airflow/example_dags/example_xcomargs.py for tasks to queue
[2021-10-27 07:20:19,849] {logging_mixin.py:109} INFO - [2021-10-27 07:20:19,849] {dagbag.py:500} INFO - Filling up the DagBag from /home/airflow/.local/lib/python3.6/site-packages/airflow/example_dags/example_xcomargs.py
[2021-10-27 07:20:19,880] {processor.py:632} INFO - DAG(s) dict_keys(['example_xcom_args', 'example_xcom_args_with_operators']) retrieved from /home/airflow/.local/lib/python3.6/site-packages/airflow/example_dags/example_xcomargs.py
[2021-10-27 07:20:20,072] {logging_mixin.py:109} INFO - [2021-10-27 07:20:20,072] {dag.py:2389} INFO - Sync 2 DAGs
[2021-10-27 07:20:20,086] {logging_mixin.py:109} INFO - [2021-10-27 07:20:20,086] {dag.py:2914} INFO - Setting next_dagrun for example_xcom_args to None
[2021-10-27 07:20:20,086] {logging_mixin.py:109} INFO - [2021-10-27 07:20:20,086] {dag.py:2914} INFO - Setting next_dagrun for example_xcom_args_with_operators to None
[2021-10-27 07:20:20,097] {processor.py:171} INFO - Processing /home/airflow/.local/lib/python3.6/site-packages/airflow/example_dags/example_xcomargs.py took 0.253 seconds
[2021-10-27 07:20:51,086] {processor.py:163} INFO - Started process (PID=432) to work on /home/airflow/.local/lib/python3.6/site-packages/airflow/example_dags/example_xcomargs.py
[2021-10-27 07:20:51,087] {processor.py:620} INFO - Processing file /home/airflow/.local/lib/python3.6/site-packages/airflow/example_dags/example_xcomargs.py for tasks to queue
[2021-10-27 07:20:51,088] {logging_mixin.py:109} INFO - [2021-10-27 07:20:51,088] {dagbag.py:500} INFO - Filling up the DagBag from /home/airflow/.local/lib/python3.6/site-packages/airflow/example_dags/example_xcomargs.py
[2021-10-27 07:20:51,120] {processor.py:632} INFO - DAG(s) dict_keys(['example_xcom_args', 'example_xcom_args_with_operators']) retrieved from /home/airflow/.local/lib/python3.6/site-packages/airflow/example_dags/example_xcomargs.py
[2021-10-27 07:20:51,317] {logging_mixin.py:109} INFO - [2021-10-27 07:20:51,317] {dag.py:2389} INFO - Sync 2 DAGs
[2021-10-27 07:20:51,332] {logging_mixin.py:109} INFO - [2021-10-27 07:20:51,332] {dag.py:2914} INFO - Setting next_dagrun for example_xcom_args to None
[2021-10-27 07:20:51,333] {logging_mixin.py:109} INFO - [2021-10-27 07:20:51,333] {dag.py:2914} INFO - Setting next_dagrun for example_xcom_args_with_operators to None
[2021-10-27 07:20:51,345] {processor.py:171} INFO - Processing /home/airflow/.local/lib/python3.6/site-packages/airflow/example_dags/example_xcomargs.py took 0.261 seconds
[2021-10-27 07:21:21,677] {processor.py:163} INFO - Started process (PID=498) to work on /home/airflow/.local/lib/python3.6/site-packages/airflow/example_dags/example_xcomargs.py
[2021-10-27 07:21:21,679] {processor.py:620} INFO - Processing file /home/airflow/.local/lib/python3.6/site-packages/airflow/example_dags/example_xcomargs.py for tasks to queue
[2021-10-27 07:21:21,681] {logging_mixin.py:109} INFO - [2021-10-27 07:21:21,681] {dagbag.py:500} INFO - Filling up the DagBag from /home/airflow/.local/lib/python3.6/site-packages/airflow/example_dags/example_xcomargs.py
[2021-10-27 07:21:21,719] {processor.py:632} INFO - DAG(s) dict_keys(['example_xcom_args', 'example_xcom_args_with_operators']) retrieved from /home/airflow/.local/lib/python3.6/site-packages/airflow/example_dags/example_xcomargs.py
[2021-10-27 07:21:21,946] {logging_mixin.py:109} INFO - [2021-10-27 07:21:21,946] {dag.py:2389} INFO - Sync 2 DAGs
[2021-10-27 07:21:21,961] {logging_mixin.py:109} INFO - [2021-10-27 07:21:21,961] {dag.py:2914} INFO - Setting next_dagrun for example_xcom_args to None
[2021-10-27 07:21:21,962] {logging_mixin.py:109} INFO - [2021-10-27 07:21:21,962] {dag.py:2914} INFO - Setting next_dagrun for example_xcom_args_with_operators to None
[2021-10-27 07:21:21,978] {processor.py:171} INFO - Processing /home/airflow/.local/lib/python3.6/site-packages/airflow/example_dags/example_xcomargs.py took 0.304 seconds
[2021-10-27 07:21:52,031] {processor.py:163} INFO - Started process (PID=552) to work on /home/airflow/.local/lib/python3.6/site-packages/airflow/example_dags/example_xcomargs.py
[2021-10-27 07:21:52,032] {processor.py:620} INFO - Processing file /home/airflow/.local/lib/python3.6/site-packages/airflow/example_dags/example_xcomargs.py for tasks to queue
[2021-10-27 07:21:52,033] {logging_mixin.py:109} INFO - [2021-10-27 07:21:52,033] {dagbag.py:500} INFO - Filling up the DagBag from /home/airflow/.local/lib/python3.6/site-packages/airflow/example_dags/example_xcomargs.py
[2021-10-27 07:21:52,068] {processor.py:632} INFO - DAG(s) dict_keys(['example_xcom_args', 'example_xcom_args_with_operators']) retrieved from /home/airflow/.local/lib/python3.6/site-packages/airflow/example_dags/example_xcomargs.py
[2021-10-27 07:21:52,301] {logging_mixin.py:109} INFO - [2021-10-27 07:21:52,301] {dag.py:2389} INFO - Sync 2 DAGs
[2021-10-27 07:21:52,318] {logging_mixin.py:109} INFO - [2021-10-27 07:21:52,318] {dag.py:2914} INFO - Setting next_dagrun for example_xcom_args to None
[2021-10-27 07:21:52,319] {logging_mixin.py:109} INFO - [2021-10-27 07:21:52,319] {dag.py:2914} INFO - Setting next_dagrun for example_xcom_args_with_operators to None
[2021-10-27 07:21:52,334] {processor.py:171} INFO - Processing /home/airflow/.local/lib/python3.6/site-packages/airflow/example_dags/example_xcomargs.py took 0.307 seconds
[2021-10-27 07:22:22,944] {processor.py:163} INFO - Started process (PID=618) to work on /home/airflow/.local/lib/python3.6/site-packages/airflow/example_dags/example_xcomargs.py
[2021-10-27 07:22:22,946] {processor.py:620} INFO - Processing file /home/airflow/.local/lib/python3.6/site-packages/airflow/example_dags/example_xcomargs.py for tasks to queue
[2021-10-27 07:22:22,947] {logging_mixin.py:109} INFO - [2021-10-27 07:22:22,947] {dagbag.py:500} INFO - Filling up the DagBag from /home/airflow/.local/lib/python3.6/site-packages/airflow/example_dags/example_xcomargs.py
[2021-10-27 07:22:23,012] {processor.py:632} INFO - DAG(s) dict_keys(['example_xcom_args', 'example_xcom_args_with_operators']) retrieved from /home/airflow/.local/lib/python3.6/site-packages/airflow/example_dags/example_xcomargs.py
[2021-10-27 07:22:23,300] {logging_mixin.py:109} INFO - [2021-10-27 07:22:23,300] {dag.py:2389} INFO - Sync 2 DAGs
[2021-10-27 07:22:23,319] {logging_mixin.py:109} INFO - [2021-10-27 07:22:23,319] {dag.py:2914} INFO - Setting next_dagrun for example_xcom_args to None
[2021-10-27 07:22:23,320] {logging_mixin.py:109} INFO - [2021-10-27 07:22:23,320] {dag.py:2914} INFO - Setting next_dagrun for example_xcom_args_with_operators to None
[2021-10-27 07:22:23,337] {processor.py:171} INFO - Processing /home/airflow/.local/lib/python3.6/site-packages/airflow/example_dags/example_xcomargs.py took 0.398 seconds
[2021-10-27 07:22:53,762] {processor.py:163} INFO - Started process (PID=673) to work on /home/airflow/.local/lib/python3.6/site-packages/airflow/example_dags/example_xcomargs.py
[2021-10-27 07:22:53,763] {processor.py:620} INFO - Processing file /home/airflow/.local/lib/python3.6/site-packages/airflow/example_dags/example_xcomargs.py for tasks to queue
[2021-10-27 07:22:53,764] {logging_mixin.py:109} INFO - [2021-10-27 07:22:53,764] {dagbag.py:500} INFO - Filling up the DagBag from /home/airflow/.local/lib/python3.6/site-packages/airflow/example_dags/example_xcomargs.py
[2021-10-27 07:22:53,795] {processor.py:632} INFO - DAG(s) dict_keys(['example_xcom_args', 'example_xcom_args_with_operators']) retrieved from /home/airflow/.local/lib/python3.6/site-packages/airflow/example_dags/example_xcomargs.py
[2021-10-27 07:22:53,981] {logging_mixin.py:109} INFO - [2021-10-27 07:22:53,981] {dag.py:2389} INFO - Sync 2 DAGs
[2021-10-27 07:22:53,994] {logging_mixin.py:109} INFO - [2021-10-27 07:22:53,994] {dag.py:2914} INFO - Setting next_dagrun for example_xcom_args to None
[2021-10-27 07:22:53,995] {logging_mixin.py:109} INFO - [2021-10-27 07:22:53,995] {dag.py:2914} INFO - Setting next_dagrun for example_xcom_args_with_operators to None
[2021-10-27 07:22:54,008] {processor.py:171} INFO - Processing /home/airflow/.local/lib/python3.6/site-packages/airflow/example_dags/example_xcomargs.py took 0.249 seconds
[2021-10-27 07:23:24,387] {processor.py:163} INFO - Started process (PID=738) to work on /home/airflow/.local/lib/python3.6/site-packages/airflow/example_dags/example_xcomargs.py
[2021-10-27 07:23:24,388] {processor.py:620} INFO - Processing file /home/airflow/.local/lib/python3.6/site-packages/airflow/example_dags/example_xcomargs.py for tasks to queue
[2021-10-27 07:23:24,389] {logging_mixin.py:109} INFO - [2021-10-27 07:23:24,389] {dagbag.py:500} INFO - Filling up the DagBag from /home/airflow/.local/lib/python3.6/site-packages/airflow/example_dags/example_xcomargs.py
[2021-10-27 07:23:24,421] {processor.py:632} INFO - DAG(s) dict_keys(['example_xcom_args', 'example_xcom_args_with_operators']) retrieved from /home/airflow/.local/lib/python3.6/site-packages/airflow/example_dags/example_xcomargs.py
[2021-10-27 07:23:24,626] {logging_mixin.py:109} INFO - [2021-10-27 07:23:24,626] {dag.py:2389} INFO - Sync 2 DAGs
[2021-10-27 07:23:24,639] {logging_mixin.py:109} INFO - [2021-10-27 07:23:24,639] {dag.py:2914} INFO - Setting next_dagrun for example_xcom_args to None
[2021-10-27 07:23:24,640] {logging_mixin.py:109} INFO - [2021-10-27 07:23:24,640] {dag.py:2914} INFO - Setting next_dagrun for example_xcom_args_with_operators to None
[2021-10-27 07:23:24,654] {processor.py:171} INFO - Processing /home/airflow/.local/lib/python3.6/site-packages/airflow/example_dags/example_xcomargs.py took 0.270 seconds
[2021-10-27 07:23:55,213] {processor.py:163} INFO - Started process (PID=793) to work on /home/airflow/.local/lib/python3.6/site-packages/airflow/example_dags/example_xcomargs.py
[2021-10-27 07:23:55,214] {processor.py:620} INFO - Processing file /home/airflow/.local/lib/python3.6/site-packages/airflow/example_dags/example_xcomargs.py for tasks to queue
[2021-10-27 07:23:55,215] {logging_mixin.py:109} INFO - [2021-10-27 07:23:55,215] {dagbag.py:500} INFO - Filling up the DagBag from /home/airflow/.local/lib/python3.6/site-packages/airflow/example_dags/example_xcomargs.py
[2021-10-27 07:23:55,246] {processor.py:632} INFO - DAG(s) dict_keys(['example_xcom_args', 'example_xcom_args_with_operators']) retrieved from /home/airflow/.local/lib/python3.6/site-packages/airflow/example_dags/example_xcomargs.py
[2021-10-27 07:23:55,432] {logging_mixin.py:109} INFO - [2021-10-27 07:23:55,432] {dag.py:2389} INFO - Sync 2 DAGs
[2021-10-27 07:23:55,445] {logging_mixin.py:109} INFO - [2021-10-27 07:23:55,445] {dag.py:2914} INFO - Setting next_dagrun for example_xcom_args to None
[2021-10-27 07:23:55,446] {logging_mixin.py:109} INFO - [2021-10-27 07:23:55,446] {dag.py:2914} INFO - Setting next_dagrun for example_xcom_args_with_operators to None
[2021-10-27 07:23:55,455] {processor.py:171} INFO - Processing /home/airflow/.local/lib/python3.6/site-packages/airflow/example_dags/example_xcomargs.py took 0.245 seconds
[2021-10-27 07:24:26,050] {processor.py:163} INFO - Started process (PID=859) to work on /home/airflow/.local/lib/python3.6/site-packages/airflow/example_dags/example_xcomargs.py
[2021-10-27 07:24:26,051] {processor.py:620} INFO - Processing file /home/airflow/.local/lib/python3.6/site-packages/airflow/example_dags/example_xcomargs.py for tasks to queue
[2021-10-27 07:24:26,052] {logging_mixin.py:109} INFO - [2021-10-27 07:24:26,052] {dagbag.py:500} INFO - Filling up the DagBag from /home/airflow/.local/lib/python3.6/site-packages/airflow/example_dags/example_xcomargs.py
[2021-10-27 07:24:26,084] {processor.py:632} INFO - DAG(s) dict_keys(['example_xcom_args', 'example_xcom_args_with_operators']) retrieved from /home/airflow/.local/lib/python3.6/site-packages/airflow/example_dags/example_xcomargs.py
[2021-10-27 07:24:26,302] {logging_mixin.py:109} INFO - [2021-10-27 07:24:26,301] {dag.py:2389} INFO - Sync 2 DAGs
[2021-10-27 07:24:26,316] {logging_mixin.py:109} INFO - [2021-10-27 07:24:26,316] {dag.py:2914} INFO - Setting next_dagrun for example_xcom_args to None
[2021-10-27 07:24:26,317] {logging_mixin.py:109} INFO - [2021-10-27 07:24:26,317] {dag.py:2914} INFO - Setting next_dagrun for example_xcom_args_with_operators to None
[2021-10-27 07:24:26,332] {processor.py:171} INFO - Processing /home/airflow/.local/lib/python3.6/site-packages/airflow/example_dags/example_xcomargs.py took 0.285 seconds
[2021-10-27 07:24:56,700] {processor.py:163} INFO - Started process (PID=913) to work on /home/airflow/.local/lib/python3.6/site-packages/airflow/example_dags/example_xcomargs.py
[2021-10-27 07:24:56,702] {processor.py:620} INFO - Processing file /home/airflow/.local/lib/python3.6/site-packages/airflow/example_dags/example_xcomargs.py for tasks to queue
[2021-10-27 07:24:56,703] {logging_mixin.py:109} INFO - [2021-10-27 07:24:56,703] {dagbag.py:500} INFO - Filling up the DagBag from /home/airflow/.local/lib/python3.6/site-packages/airflow/example_dags/example_xcomargs.py
[2021-10-27 07:24:56,746] {processor.py:632} INFO - DAG(s) dict_keys(['example_xcom_args', 'example_xcom_args_with_operators']) retrieved from /home/airflow/.local/lib/python3.6/site-packages/airflow/example_dags/example_xcomargs.py
[2021-10-27 07:24:56,996] {logging_mixin.py:109} INFO - [2021-10-27 07:24:56,996] {dag.py:2389} INFO - Sync 2 DAGs
[2021-10-27 07:24:57,011] {logging_mixin.py:109} INFO - [2021-10-27 07:24:57,011] {dag.py:2914} INFO - Setting next_dagrun for example_xcom_args to None
[2021-10-27 07:24:57,011] {logging_mixin.py:109} INFO - [2021-10-27 07:24:57,011] {dag.py:2914} INFO - Setting next_dagrun for example_xcom_args_with_operators to None
[2021-10-27 07:24:57,025] {processor.py:171} INFO - Processing /home/airflow/.local/lib/python3.6/site-packages/airflow/example_dags/example_xcomargs.py took 0.328 seconds
[2021-10-27 07:25:27,871] {processor.py:163} INFO - Started process (PID=979) to work on /home/airflow/.local/lib/python3.6/site-packages/airflow/example_dags/example_xcomargs.py
[2021-10-27 07:25:27,872] {processor.py:620} INFO - Processing file /home/airflow/.local/lib/python3.6/site-packages/airflow/example_dags/example_xcomargs.py for tasks to queue
[2021-10-27 07:25:27,873] {logging_mixin.py:109} INFO - [2021-10-27 07:25:27,873] {dagbag.py:500} INFO - Filling up the DagBag from /home/airflow/.local/lib/python3.6/site-packages/airflow/example_dags/example_xcomargs.py
[2021-10-27 07:25:27,906] {processor.py:632} INFO - DAG(s) dict_keys(['example_xcom_args', 'example_xcom_args_with_operators']) retrieved from /home/airflow/.local/lib/python3.6/site-packages/airflow/example_dags/example_xcomargs.py
[2021-10-27 07:25:27,921] {logging_mixin.py:109} INFO - [2021-10-27 07:25:27,920] {dag.py:2389} INFO - Sync 2 DAGs
[2021-10-27 07:25:27,935] {logging_mixin.py:109} INFO - [2021-10-27 07:25:27,935] {dag.py:2914} INFO - Setting next_dagrun for example_xcom_args to None
[2021-10-27 07:25:27,936] {logging_mixin.py:109} INFO - [2021-10-27 07:25:27,936] {dag.py:2914} INFO - Setting next_dagrun for example_xcom_args_with_operators to None
[2021-10-27 07:25:27,949] {processor.py:171} INFO - Processing /home/airflow/.local/lib/python3.6/site-packages/airflow/example_dags/example_xcomargs.py took 0.081 seconds
[2021-10-27 07:25:58,591] {processor.py:163} INFO - Started process (PID=1035) to work on /home/airflow/.local/lib/python3.6/site-packages/airflow/example_dags/example_xcomargs.py
[2021-10-27 07:25:58,592] {processor.py:620} INFO - Processing file /home/airflow/.local/lib/python3.6/site-packages/airflow/example_dags/example_xcomargs.py for tasks to queue
[2021-10-27 07:25:58,593] {logging_mixin.py:109} INFO - [2021-10-27 07:25:58,593] {dagbag.py:500} INFO - Filling up the DagBag from /home/airflow/.local/lib/python3.6/site-packages/airflow/example_dags/example_xcomargs.py
[2021-10-27 07:25:58,634] {processor.py:632} INFO - DAG(s) dict_keys(['example_xcom_args', 'example_xcom_args_with_operators']) retrieved from /home/airflow/.local/lib/python3.6/site-packages/airflow/example_dags/example_xcomargs.py
[2021-10-27 07:25:58,823] {logging_mixin.py:109} INFO - [2021-10-27 07:25:58,823] {dag.py:2389} INFO - Sync 2 DAGs
[2021-10-27 07:25:58,836] {logging_mixin.py:109} INFO - [2021-10-27 07:25:58,836] {dag.py:2914} INFO - Setting next_dagrun for example_xcom_args to None
[2021-10-27 07:25:58,837] {logging_mixin.py:109} INFO - [2021-10-27 07:25:58,837] {dag.py:2914} INFO - Setting next_dagrun for example_xcom_args_with_operators to None
[2021-10-27 07:25:58,849] {processor.py:171} INFO - Processing /home/airflow/.local/lib/python3.6/site-packages/airflow/example_dags/example_xcomargs.py took 0.261 seconds
[2021-10-27 07:26:29,053] {processor.py:163} INFO - Started process (PID=1101) to work on /home/airflow/.local/lib/python3.6/site-packages/airflow/example_dags/example_xcomargs.py
[2021-10-27 07:26:29,055] {processor.py:620} INFO - Processing file /home/airflow/.local/lib/python3.6/site-packages/airflow/example_dags/example_xcomargs.py for tasks to queue
[2021-10-27 07:26:29,056] {logging_mixin.py:109} INFO - [2021-10-27 07:26:29,056] {dagbag.py:500} INFO - Filling up the DagBag from /home/airflow/.local/lib/python3.6/site-packages/airflow/example_dags/example_xcomargs.py
[2021-10-27 07:26:29,100] {processor.py:632} INFO - DAG(s) dict_keys(['example_xcom_args', 'example_xcom_args_with_operators']) retrieved from /home/airflow/.local/lib/python3.6/site-packages/airflow/example_dags/example_xcomargs.py
[2021-10-27 07:26:29,356] {logging_mixin.py:109} INFO - [2021-10-27 07:26:29,356] {dag.py:2389} INFO - Sync 2 DAGs
[2021-10-27 07:26:29,377] {logging_mixin.py:109} INFO - [2021-10-27 07:26:29,377] {dag.py:2914} INFO - Setting next_dagrun for example_xcom_args to None
[2021-10-27 07:26:29,378] {logging_mixin.py:109} INFO - [2021-10-27 07:26:29,378] {dag.py:2914} INFO - Setting next_dagrun for example_xcom_args_with_operators to None
[2021-10-27 07:26:29,393] {processor.py:171} INFO - Processing /home/airflow/.local/lib/python3.6/site-packages/airflow/example_dags/example_xcomargs.py took 0.343 seconds
[2021-10-27 07:28:06,823] {processor.py:163} INFO - Started process (PID=74) to work on /home/airflow/.local/lib/python3.6/site-packages/airflow/example_dags/example_xcomargs.py
[2021-10-27 07:28:06,825] {processor.py:620} INFO - Processing file /home/airflow/.local/lib/python3.6/site-packages/airflow/example_dags/example_xcomargs.py for tasks to queue
[2021-10-27 07:28:06,827] {logging_mixin.py:109} INFO - [2021-10-27 07:28:06,827] {dagbag.py:500} INFO - Filling up the DagBag from /home/airflow/.local/lib/python3.6/site-packages/airflow/example_dags/example_xcomargs.py
[2021-10-27 07:28:06,901] {processor.py:632} INFO - DAG(s) dict_keys(['example_xcom_args', 'example_xcom_args_with_operators']) retrieved from /home/airflow/.local/lib/python3.6/site-packages/airflow/example_dags/example_xcomargs.py
[2021-10-27 07:28:07,338] {logging_mixin.py:109} INFO - [2021-10-27 07:28:07,337] {dag.py:2389} INFO - Sync 2 DAGs
[2021-10-27 07:28:07,359] {logging_mixin.py:109} INFO - [2021-10-27 07:28:07,358] {dag.py:2914} INFO - Setting next_dagrun for example_xcom_args to None
[2021-10-27 07:28:07,359] {logging_mixin.py:109} INFO - [2021-10-27 07:28:07,359] {dag.py:2914} INFO - Setting next_dagrun for example_xcom_args_with_operators to None
[2021-10-27 07:28:07,374] {processor.py:171} INFO - Processing /home/airflow/.local/lib/python3.6/site-packages/airflow/example_dags/example_xcomargs.py took 0.558 seconds
[2021-10-27 07:28:38,179] {processor.py:163} INFO - Started process (PID=142) to work on /home/airflow/.local/lib/python3.6/site-packages/airflow/example_dags/example_xcomargs.py
[2021-10-27 07:28:38,181] {processor.py:620} INFO - Processing file /home/airflow/.local/lib/python3.6/site-packages/airflow/example_dags/example_xcomargs.py for tasks to queue
[2021-10-27 07:28:38,182] {logging_mixin.py:109} INFO - [2021-10-27 07:28:38,182] {dagbag.py:500} INFO - Filling up the DagBag from /home/airflow/.local/lib/python3.6/site-packages/airflow/example_dags/example_xcomargs.py
[2021-10-27 07:28:38,238] {processor.py:632} INFO - DAG(s) dict_keys(['example_xcom_args', 'example_xcom_args_with_operators']) retrieved from /home/airflow/.local/lib/python3.6/site-packages/airflow/example_dags/example_xcomargs.py
[2021-10-27 07:28:38,556] {logging_mixin.py:109} INFO - [2021-10-27 07:28:38,556] {dag.py:2389} INFO - Sync 2 DAGs
[2021-10-27 07:28:38,576] {logging_mixin.py:109} INFO - [2021-10-27 07:28:38,576] {dag.py:2914} INFO - Setting next_dagrun for example_xcom_args to None
[2021-10-27 07:28:38,577] {logging_mixin.py:109} INFO - [2021-10-27 07:28:38,577] {dag.py:2914} INFO - Setting next_dagrun for example_xcom_args_with_operators to None
[2021-10-27 07:28:38,594] {processor.py:171} INFO - Processing /home/airflow/.local/lib/python3.6/site-packages/airflow/example_dags/example_xcomargs.py took 0.419 seconds
[2021-10-27 07:29:08,643] {processor.py:163} INFO - Started process (PID=197) to work on /home/airflow/.local/lib/python3.6/site-packages/airflow/example_dags/example_xcomargs.py
[2021-10-27 07:29:08,645] {processor.py:620} INFO - Processing file /home/airflow/.local/lib/python3.6/site-packages/airflow/example_dags/example_xcomargs.py for tasks to queue
[2021-10-27 07:29:08,646] {logging_mixin.py:109} INFO - [2021-10-27 07:29:08,646] {dagbag.py:500} INFO - Filling up the DagBag from /home/airflow/.local/lib/python3.6/site-packages/airflow/example_dags/example_xcomargs.py
[2021-10-27 07:29:08,700] {processor.py:632} INFO - DAG(s) dict_keys(['example_xcom_args', 'example_xcom_args_with_operators']) retrieved from /home/airflow/.local/lib/python3.6/site-packages/airflow/example_dags/example_xcomargs.py
[2021-10-27 07:29:08,981] {logging_mixin.py:109} INFO - [2021-10-27 07:29:08,980] {dag.py:2389} INFO - Sync 2 DAGs
[2021-10-27 07:29:08,998] {logging_mixin.py:109} INFO - [2021-10-27 07:29:08,998] {dag.py:2914} INFO - Setting next_dagrun for example_xcom_args to None
[2021-10-27 07:29:08,999] {logging_mixin.py:109} INFO - [2021-10-27 07:29:08,999] {dag.py:2914} INFO - Setting next_dagrun for example_xcom_args_with_operators to None
[2021-10-27 07:29:09,014] {processor.py:171} INFO - Processing /home/airflow/.local/lib/python3.6/site-packages/airflow/example_dags/example_xcomargs.py took 0.376 seconds
[2021-10-27 07:29:39,200] {processor.py:163} INFO - Started process (PID=263) to work on /home/airflow/.local/lib/python3.6/site-packages/airflow/example_dags/example_xcomargs.py
[2021-10-27 07:29:39,202] {processor.py:620} INFO - Processing file /home/airflow/.local/lib/python3.6/site-packages/airflow/example_dags/example_xcomargs.py for tasks to queue
[2021-10-27 07:29:39,202] {logging_mixin.py:109} INFO - [2021-10-27 07:29:39,202] {dagbag.py:500} INFO - Filling up the DagBag from /home/airflow/.local/lib/python3.6/site-packages/airflow/example_dags/example_xcomargs.py
[2021-10-27 07:29:39,239] {processor.py:632} INFO - DAG(s) dict_keys(['example_xcom_args', 'example_xcom_args_with_operators']) retrieved from /home/airflow/.local/lib/python3.6/site-packages/airflow/example_dags/example_xcomargs.py
[2021-10-27 07:29:39,468] {logging_mixin.py:109} INFO - [2021-10-27 07:29:39,468] {dag.py:2389} INFO - Sync 2 DAGs
[2021-10-27 07:29:39,485] {logging_mixin.py:109} INFO - [2021-10-27 07:29:39,485] {dag.py:2914} INFO - Setting next_dagrun for example_xcom_args to None
[2021-10-27 07:29:39,486] {logging_mixin.py:109} INFO - [2021-10-27 07:29:39,486] {dag.py:2914} INFO - Setting next_dagrun for example_xcom_args_with_operators to None
[2021-10-27 07:29:39,501] {processor.py:171} INFO - Processing /home/airflow/.local/lib/python3.6/site-packages/airflow/example_dags/example_xcomargs.py took 0.305 seconds
[2021-10-27 07:30:10,463] {processor.py:163} INFO - Started process (PID=319) to work on /home/airflow/.local/lib/python3.6/site-packages/airflow/example_dags/example_xcomargs.py
[2021-10-27 07:30:10,464] {processor.py:620} INFO - Processing file /home/airflow/.local/lib/python3.6/site-packages/airflow/example_dags/example_xcomargs.py for tasks to queue
[2021-10-27 07:30:10,465] {logging_mixin.py:109} INFO - [2021-10-27 07:30:10,465] {dagbag.py:500} INFO - Filling up the DagBag from /home/airflow/.local/lib/python3.6/site-packages/airflow/example_dags/example_xcomargs.py
[2021-10-27 07:30:10,497] {processor.py:632} INFO - DAG(s) dict_keys(['example_xcom_args', 'example_xcom_args_with_operators']) retrieved from /home/airflow/.local/lib/python3.6/site-packages/airflow/example_dags/example_xcomargs.py
[2021-10-27 07:30:10,698] {logging_mixin.py:109} INFO - [2021-10-27 07:30:10,698] {dag.py:2389} INFO - Sync 2 DAGs
[2021-10-27 07:30:10,711] {logging_mixin.py:109} INFO - [2021-10-27 07:30:10,711] {dag.py:2914} INFO - Setting next_dagrun for example_xcom_args to None
[2021-10-27 07:30:10,712] {logging_mixin.py:109} INFO - [2021-10-27 07:30:10,712] {dag.py:2914} INFO - Setting next_dagrun for example_xcom_args_with_operators to None
[2021-10-27 07:30:10,725] {processor.py:171} INFO - Processing /home/airflow/.local/lib/python3.6/site-packages/airflow/example_dags/example_xcomargs.py took 0.265 seconds
[2021-10-27 07:30:40,930] {processor.py:163} INFO - Started process (PID=384) to work on /home/airflow/.local/lib/python3.6/site-packages/airflow/example_dags/example_xcomargs.py
[2021-10-27 07:30:40,932] {processor.py:620} INFO - Processing file /home/airflow/.local/lib/python3.6/site-packages/airflow/example_dags/example_xcomargs.py for tasks to queue
[2021-10-27 07:30:40,934] {logging_mixin.py:109} INFO - [2021-10-27 07:30:40,934] {dagbag.py:500} INFO - Filling up the DagBag from /home/airflow/.local/lib/python3.6/site-packages/airflow/example_dags/example_xcomargs.py
[2021-10-27 07:30:40,981] {processor.py:632} INFO - DAG(s) dict_keys(['example_xcom_args', 'example_xcom_args_with_operators']) retrieved from /home/airflow/.local/lib/python3.6/site-packages/airflow/example_dags/example_xcomargs.py
[2021-10-27 07:30:41,288] {logging_mixin.py:109} INFO - [2021-10-27 07:30:41,287] {dag.py:2389} INFO - Sync 2 DAGs
[2021-10-27 07:30:41,306] {logging_mixin.py:109} INFO - [2021-10-27 07:30:41,306] {dag.py:2914} INFO - Setting next_dagrun for example_xcom_args to None
[2021-10-27 07:30:41,306] {logging_mixin.py:109} INFO - [2021-10-27 07:30:41,306] {dag.py:2914} INFO - Setting next_dagrun for example_xcom_args_with_operators to None
[2021-10-27 07:30:41,322] {processor.py:171} INFO - Processing /home/airflow/.local/lib/python3.6/site-packages/airflow/example_dags/example_xcomargs.py took 0.397 seconds
[2021-10-27 07:31:11,570] {processor.py:163} INFO - Started process (PID=438) to work on /home/airflow/.local/lib/python3.6/site-packages/airflow/example_dags/example_xcomargs.py
[2021-10-27 07:31:11,571] {processor.py:620} INFO - Processing file /home/airflow/.local/lib/python3.6/site-packages/airflow/example_dags/example_xcomargs.py for tasks to queue
[2021-10-27 07:31:11,573] {logging_mixin.py:109} INFO - [2021-10-27 07:31:11,572] {dagbag.py:500} INFO - Filling up the DagBag from /home/airflow/.local/lib/python3.6/site-packages/airflow/example_dags/example_xcomargs.py
[2021-10-27 07:31:11,612] {processor.py:632} INFO - DAG(s) dict_keys(['example_xcom_args', 'example_xcom_args_with_operators']) retrieved from /home/airflow/.local/lib/python3.6/site-packages/airflow/example_dags/example_xcomargs.py
[2021-10-27 07:31:11,889] {logging_mixin.py:109} INFO - [2021-10-27 07:31:11,889] {dag.py:2389} INFO - Sync 2 DAGs
[2021-10-27 07:31:11,906] {logging_mixin.py:109} INFO - [2021-10-27 07:31:11,906] {dag.py:2914} INFO - Setting next_dagrun for example_xcom_args to None
[2021-10-27 07:31:11,907] {logging_mixin.py:109} INFO - [2021-10-27 07:31:11,907] {dag.py:2914} INFO - Setting next_dagrun for example_xcom_args_with_operators to None
[2021-10-27 07:31:11,923] {processor.py:171} INFO - Processing /home/airflow/.local/lib/python3.6/site-packages/airflow/example_dags/example_xcomargs.py took 0.357 seconds
[2021-10-27 07:31:42,117] {processor.py:163} INFO - Started process (PID=492) to work on /home/airflow/.local/lib/python3.6/site-packages/airflow/example_dags/example_xcomargs.py
[2021-10-27 07:31:42,118] {processor.py:620} INFO - Processing file /home/airflow/.local/lib/python3.6/site-packages/airflow/example_dags/example_xcomargs.py for tasks to queue
[2021-10-27 07:31:42,119] {logging_mixin.py:109} INFO - [2021-10-27 07:31:42,119] {dagbag.py:500} INFO - Filling up the DagBag from /home/airflow/.local/lib/python3.6/site-packages/airflow/example_dags/example_xcomargs.py
[2021-10-27 07:31:42,154] {processor.py:632} INFO - DAG(s) dict_keys(['example_xcom_args', 'example_xcom_args_with_operators']) retrieved from /home/airflow/.local/lib/python3.6/site-packages/airflow/example_dags/example_xcomargs.py
[2021-10-27 07:31:42,537] {logging_mixin.py:109} INFO - [2021-10-27 07:31:42,537] {dag.py:2389} INFO - Sync 2 DAGs
[2021-10-27 07:31:42,561] {logging_mixin.py:109} INFO - [2021-10-27 07:31:42,560] {dag.py:2914} INFO - Setting next_dagrun for example_xcom_args to None
[2021-10-27 07:31:42,561] {logging_mixin.py:109} INFO - [2021-10-27 07:31:42,561] {dag.py:2914} INFO - Setting next_dagrun for example_xcom_args_with_operators to None
[2021-10-27 07:31:42,579] {processor.py:171} INFO - Processing /home/airflow/.local/lib/python3.6/site-packages/airflow/example_dags/example_xcomargs.py took 0.466 seconds
[2021-10-27 07:32:12,657] {processor.py:163} INFO - Started process (PID=558) to work on /home/airflow/.local/lib/python3.6/site-packages/airflow/example_dags/example_xcomargs.py
[2021-10-27 07:32:12,658] {processor.py:620} INFO - Processing file /home/airflow/.local/lib/python3.6/site-packages/airflow/example_dags/example_xcomargs.py for tasks to queue
[2021-10-27 07:32:12,659] {logging_mixin.py:109} INFO - [2021-10-27 07:32:12,659] {dagbag.py:500} INFO - Filling up the DagBag from /home/airflow/.local/lib/python3.6/site-packages/airflow/example_dags/example_xcomargs.py
[2021-10-27 07:32:12,695] {processor.py:632} INFO - DAG(s) dict_keys(['example_xcom_args', 'example_xcom_args_with_operators']) retrieved from /home/airflow/.local/lib/python3.6/site-packages/airflow/example_dags/example_xcomargs.py
[2021-10-27 07:32:12,904] {logging_mixin.py:109} INFO - [2021-10-27 07:32:12,904] {dag.py:2389} INFO - Sync 2 DAGs
[2021-10-27 07:32:12,919] {logging_mixin.py:109} INFO - [2021-10-27 07:32:12,919] {dag.py:2914} INFO - Setting next_dagrun for example_xcom_args to None
[2021-10-27 07:32:12,920] {logging_mixin.py:109} INFO - [2021-10-27 07:32:12,920] {dag.py:2914} INFO - Setting next_dagrun for example_xcom_args_with_operators to None
[2021-10-27 07:32:12,933] {processor.py:171} INFO - Processing /home/airflow/.local/lib/python3.6/site-packages/airflow/example_dags/example_xcomargs.py took 0.279 seconds
[2021-10-27 07:32:43,183] {processor.py:163} INFO - Started process (PID=613) to work on /home/airflow/.local/lib/python3.6/site-packages/airflow/example_dags/example_xcomargs.py
[2021-10-27 07:32:43,184] {processor.py:620} INFO - Processing file /home/airflow/.local/lib/python3.6/site-packages/airflow/example_dags/example_xcomargs.py for tasks to queue
[2021-10-27 07:32:43,185] {logging_mixin.py:109} INFO - [2021-10-27 07:32:43,185] {dagbag.py:500} INFO - Filling up the DagBag from /home/airflow/.local/lib/python3.6/site-packages/airflow/example_dags/example_xcomargs.py
[2021-10-27 07:32:43,217] {processor.py:632} INFO - DAG(s) dict_keys(['example_xcom_args', 'example_xcom_args_with_operators']) retrieved from /home/airflow/.local/lib/python3.6/site-packages/airflow/example_dags/example_xcomargs.py
[2021-10-27 07:32:43,421] {logging_mixin.py:109} INFO - [2021-10-27 07:32:43,421] {dag.py:2389} INFO - Sync 2 DAGs
[2021-10-27 07:32:43,435] {logging_mixin.py:109} INFO - [2021-10-27 07:32:43,435] {dag.py:2914} INFO - Setting next_dagrun for example_xcom_args to None
[2021-10-27 07:32:43,436] {logging_mixin.py:109} INFO - [2021-10-27 07:32:43,436] {dag.py:2914} INFO - Setting next_dagrun for example_xcom_args_with_operators to None
[2021-10-27 07:32:43,449] {processor.py:171} INFO - Processing /home/airflow/.local/lib/python3.6/site-packages/airflow/example_dags/example_xcomargs.py took 0.269 seconds
[2021-10-27 07:33:14,104] {processor.py:163} INFO - Started process (PID=679) to work on /home/airflow/.local/lib/python3.6/site-packages/airflow/example_dags/example_xcomargs.py
[2021-10-27 07:33:14,105] {processor.py:620} INFO - Processing file /home/airflow/.local/lib/python3.6/site-packages/airflow/example_dags/example_xcomargs.py for tasks to queue
[2021-10-27 07:33:14,106] {logging_mixin.py:109} INFO - [2021-10-27 07:33:14,106] {dagbag.py:500} INFO - Filling up the DagBag from /home/airflow/.local/lib/python3.6/site-packages/airflow/example_dags/example_xcomargs.py
[2021-10-27 07:33:14,140] {processor.py:632} INFO - DAG(s) dict_keys(['example_xcom_args', 'example_xcom_args_with_operators']) retrieved from /home/airflow/.local/lib/python3.6/site-packages/airflow/example_dags/example_xcomargs.py
[2021-10-27 07:33:14,360] {logging_mixin.py:109} INFO - [2021-10-27 07:33:14,360] {dag.py:2389} INFO - Sync 2 DAGs
[2021-10-27 07:33:14,377] {logging_mixin.py:109} INFO - [2021-10-27 07:33:14,377] {dag.py:2914} INFO - Setting next_dagrun for example_xcom_args to None
[2021-10-27 07:33:14,377] {logging_mixin.py:109} INFO - [2021-10-27 07:33:14,377] {dag.py:2914} INFO - Setting next_dagrun for example_xcom_args_with_operators to None
[2021-10-27 07:33:14,392] {processor.py:171} INFO - Processing /home/airflow/.local/lib/python3.6/site-packages/airflow/example_dags/example_xcomargs.py took 0.292 seconds
[2021-10-27 07:33:44,700] {processor.py:163} INFO - Started process (PID=734) to work on /home/airflow/.local/lib/python3.6/site-packages/airflow/example_dags/example_xcomargs.py
[2021-10-27 07:33:44,701] {processor.py:620} INFO - Processing file /home/airflow/.local/lib/python3.6/site-packages/airflow/example_dags/example_xcomargs.py for tasks to queue
[2021-10-27 07:33:44,702] {logging_mixin.py:109} INFO - [2021-10-27 07:33:44,702] {dagbag.py:500} INFO - Filling up the DagBag from /home/airflow/.local/lib/python3.6/site-packages/airflow/example_dags/example_xcomargs.py
[2021-10-27 07:33:44,738] {processor.py:632} INFO - DAG(s) dict_keys(['example_xcom_args', 'example_xcom_args_with_operators']) retrieved from /home/airflow/.local/lib/python3.6/site-packages/airflow/example_dags/example_xcomargs.py
[2021-10-27 07:33:44,923] {logging_mixin.py:109} INFO - [2021-10-27 07:33:44,923] {dag.py:2389} INFO - Sync 2 DAGs
[2021-10-27 07:33:44,936] {logging_mixin.py:109} INFO - [2021-10-27 07:33:44,936] {dag.py:2914} INFO - Setting next_dagrun for example_xcom_args to None
[2021-10-27 07:33:44,936] {logging_mixin.py:109} INFO - [2021-10-27 07:33:44,936] {dag.py:2914} INFO - Setting next_dagrun for example_xcom_args_with_operators to None
[2021-10-27 07:33:44,953] {processor.py:171} INFO - Processing /home/airflow/.local/lib/python3.6/site-packages/airflow/example_dags/example_xcomargs.py took 0.256 seconds
[2021-10-27 07:34:15,512] {processor.py:163} INFO - Started process (PID=797) to work on /home/airflow/.local/lib/python3.6/site-packages/airflow/example_dags/example_xcomargs.py
[2021-10-27 07:34:15,513] {processor.py:620} INFO - Processing file /home/airflow/.local/lib/python3.6/site-packages/airflow/example_dags/example_xcomargs.py for tasks to queue
[2021-10-27 07:34:15,514] {logging_mixin.py:109} INFO - [2021-10-27 07:34:15,514] {dagbag.py:500} INFO - Filling up the DagBag from /home/airflow/.local/lib/python3.6/site-packages/airflow/example_dags/example_xcomargs.py
[2021-10-27 07:34:15,550] {processor.py:632} INFO - DAG(s) dict_keys(['example_xcom_args', 'example_xcom_args_with_operators']) retrieved from /home/airflow/.local/lib/python3.6/site-packages/airflow/example_dags/example_xcomargs.py
[2021-10-27 07:34:15,772] {logging_mixin.py:109} INFO - [2021-10-27 07:34:15,772] {dag.py:2389} INFO - Sync 2 DAGs
[2021-10-27 07:34:15,787] {logging_mixin.py:109} INFO - [2021-10-27 07:34:15,787] {dag.py:2914} INFO - Setting next_dagrun for example_xcom_args to None
[2021-10-27 07:34:15,788] {logging_mixin.py:109} INFO - [2021-10-27 07:34:15,788] {dag.py:2914} INFO - Setting next_dagrun for example_xcom_args_with_operators to None
[2021-10-27 07:34:15,799] {processor.py:171} INFO - Processing /home/airflow/.local/lib/python3.6/site-packages/airflow/example_dags/example_xcomargs.py took 0.291 seconds
[2021-10-27 07:34:46,065] {processor.py:163} INFO - Started process (PID=852) to work on /home/airflow/.local/lib/python3.6/site-packages/airflow/example_dags/example_xcomargs.py
[2021-10-27 07:34:46,067] {processor.py:620} INFO - Processing file /home/airflow/.local/lib/python3.6/site-packages/airflow/example_dags/example_xcomargs.py for tasks to queue
[2021-10-27 07:34:46,068] {logging_mixin.py:109} INFO - [2021-10-27 07:34:46,068] {dagbag.py:500} INFO - Filling up the DagBag from /home/airflow/.local/lib/python3.6/site-packages/airflow/example_dags/example_xcomargs.py
[2021-10-27 07:34:46,106] {processor.py:632} INFO - DAG(s) dict_keys(['example_xcom_args', 'example_xcom_args_with_operators']) retrieved from /home/airflow/.local/lib/python3.6/site-packages/airflow/example_dags/example_xcomargs.py
[2021-10-27 07:34:46,122] {logging_mixin.py:109} INFO - [2021-10-27 07:34:46,121] {dag.py:2389} INFO - Sync 2 DAGs
[2021-10-27 07:34:46,139] {logging_mixin.py:109} INFO - [2021-10-27 07:34:46,139] {dag.py:2914} INFO - Setting next_dagrun for example_xcom_args to None
[2021-10-27 07:34:46,140] {logging_mixin.py:109} INFO - [2021-10-27 07:34:46,140] {dag.py:2914} INFO - Setting next_dagrun for example_xcom_args_with_operators to None
[2021-10-27 07:34:46,151] {processor.py:171} INFO - Processing /home/airflow/.local/lib/python3.6/site-packages/airflow/example_dags/example_xcomargs.py took 0.089 seconds
[2021-10-27 07:35:16,390] {processor.py:163} INFO - Started process (PID=918) to work on /home/airflow/.local/lib/python3.6/site-packages/airflow/example_dags/example_xcomargs.py
[2021-10-27 07:35:16,393] {processor.py:620} INFO - Processing file /home/airflow/.local/lib/python3.6/site-packages/airflow/example_dags/example_xcomargs.py for tasks to queue
[2021-10-27 07:35:16,395] {logging_mixin.py:109} INFO - [2021-10-27 07:35:16,394] {dagbag.py:500} INFO - Filling up the DagBag from /home/airflow/.local/lib/python3.6/site-packages/airflow/example_dags/example_xcomargs.py
[2021-10-27 07:35:16,448] {processor.py:632} INFO - DAG(s) dict_keys(['example_xcom_args', 'example_xcom_args_with_operators']) retrieved from /home/airflow/.local/lib/python3.6/site-packages/airflow/example_dags/example_xcomargs.py
[2021-10-27 07:35:16,649] {logging_mixin.py:109} INFO - [2021-10-27 07:35:16,649] {dag.py:2389} INFO - Sync 2 DAGs
[2021-10-27 07:35:16,662] {logging_mixin.py:109} INFO - [2021-10-27 07:35:16,661] {dag.py:2914} INFO - Setting next_dagrun for example_xcom_args to None
[2021-10-27 07:35:16,662] {logging_mixin.py:109} INFO - [2021-10-27 07:35:16,662] {dag.py:2914} INFO - Setting next_dagrun for example_xcom_args_with_operators to None
[2021-10-27 07:35:16,676] {processor.py:171} INFO - Processing /home/airflow/.local/lib/python3.6/site-packages/airflow/example_dags/example_xcomargs.py took 0.292 seconds
[2021-10-27 07:35:46,779] {processor.py:163} INFO - Started process (PID=975) to work on /home/airflow/.local/lib/python3.6/site-packages/airflow/example_dags/example_xcomargs.py
[2021-10-27 07:35:46,780] {processor.py:620} INFO - Processing file /home/airflow/.local/lib/python3.6/site-packages/airflow/example_dags/example_xcomargs.py for tasks to queue
[2021-10-27 07:35:46,780] {logging_mixin.py:109} INFO - [2021-10-27 07:35:46,780] {dagbag.py:500} INFO - Filling up the DagBag from /home/airflow/.local/lib/python3.6/site-packages/airflow/example_dags/example_xcomargs.py
[2021-10-27 07:35:46,812] {processor.py:632} INFO - DAG(s) dict_keys(['example_xcom_args', 'example_xcom_args_with_operators']) retrieved from /home/airflow/.local/lib/python3.6/site-packages/airflow/example_dags/example_xcomargs.py
[2021-10-27 07:35:47,011] {logging_mixin.py:109} INFO - [2021-10-27 07:35:47,011] {dag.py:2389} INFO - Sync 2 DAGs
[2021-10-27 07:35:47,025] {logging_mixin.py:109} INFO - [2021-10-27 07:35:47,025] {dag.py:2914} INFO - Setting next_dagrun for example_xcom_args to None
[2021-10-27 07:35:47,026] {logging_mixin.py:109} INFO - [2021-10-27 07:35:47,026] {dag.py:2914} INFO - Setting next_dagrun for example_xcom_args_with_operators to None
[2021-10-27 07:35:47,040] {processor.py:171} INFO - Processing /home/airflow/.local/lib/python3.6/site-packages/airflow/example_dags/example_xcomargs.py took 0.265 seconds
[2021-10-27 07:36:20,863] {processor.py:163} INFO - Started process (PID=1040) to work on /home/airflow/.local/lib/python3.6/site-packages/airflow/example_dags/example_xcomargs.py
[2021-10-27 07:36:20,868] {processor.py:620} INFO - Processing file /home/airflow/.local/lib/python3.6/site-packages/airflow/example_dags/example_xcomargs.py for tasks to queue
[2021-10-27 07:36:20,870] {logging_mixin.py:109} INFO - [2021-10-27 07:36:20,870] {dagbag.py:500} INFO - Filling up the DagBag from /home/airflow/.local/lib/python3.6/site-packages/airflow/example_dags/example_xcomargs.py
[2021-10-27 07:36:20,985] {processor.py:632} INFO - DAG(s) dict_keys(['example_xcom_args', 'example_xcom_args_with_operators']) retrieved from /home/airflow/.local/lib/python3.6/site-packages/airflow/example_dags/example_xcomargs.py
[2021-10-27 07:36:21,496] {logging_mixin.py:109} INFO - [2021-10-27 07:36:21,496] {dag.py:2389} INFO - Sync 2 DAGs
[2021-10-27 07:36:21,544] {logging_mixin.py:109} INFO - [2021-10-27 07:36:21,544] {dag.py:2914} INFO - Setting next_dagrun for example_xcom_args to None
[2021-10-27 07:36:21,545] {logging_mixin.py:109} INFO - [2021-10-27 07:36:21,545] {dag.py:2914} INFO - Setting next_dagrun for example_xcom_args_with_operators to None
[2021-10-27 07:36:21,581] {processor.py:171} INFO - Processing /home/airflow/.local/lib/python3.6/site-packages/airflow/example_dags/example_xcomargs.py took 0.725 seconds
[2021-10-27 07:36:52,472] {processor.py:163} INFO - Started process (PID=1108) to work on /home/airflow/.local/lib/python3.6/site-packages/airflow/example_dags/example_xcomargs.py
[2021-10-27 07:36:52,474] {processor.py:620} INFO - Processing file /home/airflow/.local/lib/python3.6/site-packages/airflow/example_dags/example_xcomargs.py for tasks to queue
[2021-10-27 07:36:52,475] {logging_mixin.py:109} INFO - [2021-10-27 07:36:52,475] {dagbag.py:500} INFO - Filling up the DagBag from /home/airflow/.local/lib/python3.6/site-packages/airflow/example_dags/example_xcomargs.py
[2021-10-27 07:36:52,536] {processor.py:632} INFO - DAG(s) dict_keys(['example_xcom_args', 'example_xcom_args_with_operators']) retrieved from /home/airflow/.local/lib/python3.6/site-packages/airflow/example_dags/example_xcomargs.py
[2021-10-27 07:36:52,900] {logging_mixin.py:109} INFO - [2021-10-27 07:36:52,900] {dag.py:2389} INFO - Sync 2 DAGs
[2021-10-27 07:36:52,925] {logging_mixin.py:109} INFO - [2021-10-27 07:36:52,924] {dag.py:2914} INFO - Setting next_dagrun for example_xcom_args to None
[2021-10-27 07:36:52,925] {logging_mixin.py:109} INFO - [2021-10-27 07:36:52,925] {dag.py:2914} INFO - Setting next_dagrun for example_xcom_args_with_operators to None
[2021-10-27 07:36:52,943] {processor.py:171} INFO - Processing /home/airflow/.local/lib/python3.6/site-packages/airflow/example_dags/example_xcomargs.py took 0.476 seconds
[2021-10-27 07:37:23,207] {processor.py:163} INFO - Started process (PID=1164) to work on /home/airflow/.local/lib/python3.6/site-packages/airflow/example_dags/example_xcomargs.py
[2021-10-27 07:37:23,208] {processor.py:620} INFO - Processing file /home/airflow/.local/lib/python3.6/site-packages/airflow/example_dags/example_xcomargs.py for tasks to queue
[2021-10-27 07:37:23,209] {logging_mixin.py:109} INFO - [2021-10-27 07:37:23,209] {dagbag.py:500} INFO - Filling up the DagBag from /home/airflow/.local/lib/python3.6/site-packages/airflow/example_dags/example_xcomargs.py
[2021-10-27 07:37:23,241] {processor.py:632} INFO - DAG(s) dict_keys(['example_xcom_args', 'example_xcom_args_with_operators']) retrieved from /home/airflow/.local/lib/python3.6/site-packages/airflow/example_dags/example_xcomargs.py
[2021-10-27 07:37:23,253] {logging_mixin.py:109} INFO - [2021-10-27 07:37:23,253] {dag.py:2389} INFO - Sync 2 DAGs
[2021-10-27 07:37:23,268] {logging_mixin.py:109} INFO - [2021-10-27 07:37:23,268] {dag.py:2914} INFO - Setting next_dagrun for example_xcom_args to None
[2021-10-27 07:37:23,268] {logging_mixin.py:109} INFO - [2021-10-27 07:37:23,268] {dag.py:2914} INFO - Setting next_dagrun for example_xcom_args_with_operators to None
[2021-10-27 07:37:23,282] {processor.py:171} INFO - Processing /home/airflow/.local/lib/python3.6/site-packages/airflow/example_dags/example_xcomargs.py took 0.078 seconds
[2021-10-27 07:37:53,718] {processor.py:163} INFO - Started process (PID=1220) to work on /home/airflow/.local/lib/python3.6/site-packages/airflow/example_dags/example_xcomargs.py
[2021-10-27 07:37:53,720] {processor.py:620} INFO - Processing file /home/airflow/.local/lib/python3.6/site-packages/airflow/example_dags/example_xcomargs.py for tasks to queue
[2021-10-27 07:37:53,721] {logging_mixin.py:109} INFO - [2021-10-27 07:37:53,721] {dagbag.py:500} INFO - Filling up the DagBag from /home/airflow/.local/lib/python3.6/site-packages/airflow/example_dags/example_xcomargs.py
[2021-10-27 07:37:53,754] {processor.py:632} INFO - DAG(s) dict_keys(['example_xcom_args', 'example_xcom_args_with_operators']) retrieved from /home/airflow/.local/lib/python3.6/site-packages/airflow/example_dags/example_xcomargs.py
[2021-10-27 07:37:53,931] {logging_mixin.py:109} INFO - [2021-10-27 07:37:53,931] {dag.py:2389} INFO - Sync 2 DAGs
[2021-10-27 07:37:53,948] {logging_mixin.py:109} INFO - [2021-10-27 07:37:53,948] {dag.py:2914} INFO - Setting next_dagrun for example_xcom_args to None
[2021-10-27 07:37:53,949] {logging_mixin.py:109} INFO - [2021-10-27 07:37:53,949] {dag.py:2914} INFO - Setting next_dagrun for example_xcom_args_with_operators to None
[2021-10-27 07:37:53,961] {processor.py:171} INFO - Processing /home/airflow/.local/lib/python3.6/site-packages/airflow/example_dags/example_xcomargs.py took 0.246 seconds
[2021-10-27 07:38:24,362] {processor.py:163} INFO - Started process (PID=1286) to work on /home/airflow/.local/lib/python3.6/site-packages/airflow/example_dags/example_xcomargs.py
[2021-10-27 07:38:24,364] {processor.py:620} INFO - Processing file /home/airflow/.local/lib/python3.6/site-packages/airflow/example_dags/example_xcomargs.py for tasks to queue
[2021-10-27 07:38:24,364] {logging_mixin.py:109} INFO - [2021-10-27 07:38:24,364] {dagbag.py:500} INFO - Filling up the DagBag from /home/airflow/.local/lib/python3.6/site-packages/airflow/example_dags/example_xcomargs.py
[2021-10-27 07:38:24,399] {processor.py:632} INFO - DAG(s) dict_keys(['example_xcom_args', 'example_xcom_args_with_operators']) retrieved from /home/airflow/.local/lib/python3.6/site-packages/airflow/example_dags/example_xcomargs.py
[2021-10-27 07:38:24,598] {logging_mixin.py:109} INFO - [2021-10-27 07:38:24,598] {dag.py:2389} INFO - Sync 2 DAGs
[2021-10-27 07:38:24,612] {logging_mixin.py:109} INFO - [2021-10-27 07:38:24,612] {dag.py:2914} INFO - Setting next_dagrun for example_xcom_args to None
[2021-10-27 07:38:24,612] {logging_mixin.py:109} INFO - [2021-10-27 07:38:24,612] {dag.py:2914} INFO - Setting next_dagrun for example_xcom_args_with_operators to None
[2021-10-27 07:38:24,625] {processor.py:171} INFO - Processing /home/airflow/.local/lib/python3.6/site-packages/airflow/example_dags/example_xcomargs.py took 0.265 seconds
[2021-10-27 07:38:54,763] {processor.py:163} INFO - Started process (PID=1342) to work on /home/airflow/.local/lib/python3.6/site-packages/airflow/example_dags/example_xcomargs.py
[2021-10-27 07:38:54,764] {processor.py:620} INFO - Processing file /home/airflow/.local/lib/python3.6/site-packages/airflow/example_dags/example_xcomargs.py for tasks to queue
[2021-10-27 07:38:54,765] {logging_mixin.py:109} INFO - [2021-10-27 07:38:54,765] {dagbag.py:500} INFO - Filling up the DagBag from /home/airflow/.local/lib/python3.6/site-packages/airflow/example_dags/example_xcomargs.py
[2021-10-27 07:38:54,798] {processor.py:632} INFO - DAG(s) dict_keys(['example_xcom_args', 'example_xcom_args_with_operators']) retrieved from /home/airflow/.local/lib/python3.6/site-packages/airflow/example_dags/example_xcomargs.py
[2021-10-27 07:38:54,990] {logging_mixin.py:109} INFO - [2021-10-27 07:38:54,990] {dag.py:2389} INFO - Sync 2 DAGs
[2021-10-27 07:38:55,004] {logging_mixin.py:109} INFO - [2021-10-27 07:38:55,004] {dag.py:2914} INFO - Setting next_dagrun for example_xcom_args to None
[2021-10-27 07:38:55,004] {logging_mixin.py:109} INFO - [2021-10-27 07:38:55,004] {dag.py:2914} INFO - Setting next_dagrun for example_xcom_args_with_operators to None
[2021-10-27 07:38:55,018] {processor.py:171} INFO - Processing /home/airflow/.local/lib/python3.6/site-packages/airflow/example_dags/example_xcomargs.py took 0.258 seconds
[2021-10-27 07:39:25,141] {processor.py:163} INFO - Started process (PID=1407) to work on /home/airflow/.local/lib/python3.6/site-packages/airflow/example_dags/example_xcomargs.py
[2021-10-27 07:39:25,142] {processor.py:620} INFO - Processing file /home/airflow/.local/lib/python3.6/site-packages/airflow/example_dags/example_xcomargs.py for tasks to queue
[2021-10-27 07:39:25,143] {logging_mixin.py:109} INFO - [2021-10-27 07:39:25,143] {dagbag.py:500} INFO - Filling up the DagBag from /home/airflow/.local/lib/python3.6/site-packages/airflow/example_dags/example_xcomargs.py
[2021-10-27 07:39:25,177] {processor.py:632} INFO - DAG(s) dict_keys(['example_xcom_args', 'example_xcom_args_with_operators']) retrieved from /home/airflow/.local/lib/python3.6/site-packages/airflow/example_dags/example_xcomargs.py
[2021-10-27 07:39:25,362] {logging_mixin.py:109} INFO - [2021-10-27 07:39:25,362] {dag.py:2389} INFO - Sync 2 DAGs
[2021-10-27 07:39:25,375] {logging_mixin.py:109} INFO - [2021-10-27 07:39:25,375] {dag.py:2914} INFO - Setting next_dagrun for example_xcom_args to None
[2021-10-27 07:39:25,376] {logging_mixin.py:109} INFO - [2021-10-27 07:39:25,376] {dag.py:2914} INFO - Setting next_dagrun for example_xcom_args_with_operators to None
[2021-10-27 07:39:25,390] {processor.py:171} INFO - Processing /home/airflow/.local/lib/python3.6/site-packages/airflow/example_dags/example_xcomargs.py took 0.252 seconds
[2021-10-27 07:39:55,572] {processor.py:163} INFO - Started process (PID=1461) to work on /home/airflow/.local/lib/python3.6/site-packages/airflow/example_dags/example_xcomargs.py
[2021-10-27 07:39:55,573] {processor.py:620} INFO - Processing file /home/airflow/.local/lib/python3.6/site-packages/airflow/example_dags/example_xcomargs.py for tasks to queue
[2021-10-27 07:39:55,574] {logging_mixin.py:109} INFO - [2021-10-27 07:39:55,574] {dagbag.py:500} INFO - Filling up the DagBag from /home/airflow/.local/lib/python3.6/site-packages/airflow/example_dags/example_xcomargs.py
[2021-10-27 07:39:55,607] {processor.py:632} INFO - DAG(s) dict_keys(['example_xcom_args', 'example_xcom_args_with_operators']) retrieved from /home/airflow/.local/lib/python3.6/site-packages/airflow/example_dags/example_xcomargs.py
[2021-10-27 07:39:55,800] {logging_mixin.py:109} INFO - [2021-10-27 07:39:55,800] {dag.py:2389} INFO - Sync 2 DAGs
[2021-10-27 07:39:55,813] {logging_mixin.py:109} INFO - [2021-10-27 07:39:55,813] {dag.py:2914} INFO - Setting next_dagrun for example_xcom_args to None
[2021-10-27 07:39:55,813] {logging_mixin.py:109} INFO - [2021-10-27 07:39:55,813] {dag.py:2914} INFO - Setting next_dagrun for example_xcom_args_with_operators to None
[2021-10-27 07:39:55,825] {processor.py:171} INFO - Processing /home/airflow/.local/lib/python3.6/site-packages/airflow/example_dags/example_xcomargs.py took 0.256 seconds
[2021-10-27 07:40:26,012] {processor.py:163} INFO - Started process (PID=1527) to work on /home/airflow/.local/lib/python3.6/site-packages/airflow/example_dags/example_xcomargs.py
[2021-10-27 07:40:26,013] {processor.py:620} INFO - Processing file /home/airflow/.local/lib/python3.6/site-packages/airflow/example_dags/example_xcomargs.py for tasks to queue
[2021-10-27 07:40:26,014] {logging_mixin.py:109} INFO - [2021-10-27 07:40:26,014] {dagbag.py:500} INFO - Filling up the DagBag from /home/airflow/.local/lib/python3.6/site-packages/airflow/example_dags/example_xcomargs.py
[2021-10-27 07:40:26,125] {processor.py:632} INFO - DAG(s) dict_keys(['example_xcom_args', 'example_xcom_args_with_operators']) retrieved from /home/airflow/.local/lib/python3.6/site-packages/airflow/example_dags/example_xcomargs.py
[2021-10-27 07:40:26,372] {logging_mixin.py:109} INFO - [2021-10-27 07:40:26,372] {dag.py:2389} INFO - Sync 2 DAGs
[2021-10-27 07:40:26,385] {logging_mixin.py:109} INFO - [2021-10-27 07:40:26,385] {dag.py:2914} INFO - Setting next_dagrun for example_xcom_args to None
[2021-10-27 07:40:26,386] {logging_mixin.py:109} INFO - [2021-10-27 07:40:26,386] {dag.py:2914} INFO - Setting next_dagrun for example_xcom_args_with_operators to None
[2021-10-27 07:40:26,400] {processor.py:171} INFO - Processing /home/airflow/.local/lib/python3.6/site-packages/airflow/example_dags/example_xcomargs.py took 0.391 seconds
[2021-10-27 07:40:56,459] {processor.py:163} INFO - Started process (PID=1581) to work on /home/airflow/.local/lib/python3.6/site-packages/airflow/example_dags/example_xcomargs.py
[2021-10-27 07:40:56,460] {processor.py:620} INFO - Processing file /home/airflow/.local/lib/python3.6/site-packages/airflow/example_dags/example_xcomargs.py for tasks to queue
[2021-10-27 07:40:56,461] {logging_mixin.py:109} INFO - [2021-10-27 07:40:56,461] {dagbag.py:500} INFO - Filling up the DagBag from /home/airflow/.local/lib/python3.6/site-packages/airflow/example_dags/example_xcomargs.py
[2021-10-27 07:40:56,498] {processor.py:632} INFO - DAG(s) dict_keys(['example_xcom_args', 'example_xcom_args_with_operators']) retrieved from /home/airflow/.local/lib/python3.6/site-packages/airflow/example_dags/example_xcomargs.py
[2021-10-27 07:40:56,698] {logging_mixin.py:109} INFO - [2021-10-27 07:40:56,698] {dag.py:2389} INFO - Sync 2 DAGs
[2021-10-27 07:40:56,711] {logging_mixin.py:109} INFO - [2021-10-27 07:40:56,711] {dag.py:2914} INFO - Setting next_dagrun for example_xcom_args to None
[2021-10-27 07:40:56,711] {logging_mixin.py:109} INFO - [2021-10-27 07:40:56,711] {dag.py:2914} INFO - Setting next_dagrun for example_xcom_args_with_operators to None
[2021-10-27 07:40:56,724] {processor.py:171} INFO - Processing /home/airflow/.local/lib/python3.6/site-packages/airflow/example_dags/example_xcomargs.py took 0.268 seconds
[2021-10-27 07:41:26,987] {processor.py:163} INFO - Started process (PID=1645) to work on /home/airflow/.local/lib/python3.6/site-packages/airflow/example_dags/example_xcomargs.py
[2021-10-27 07:41:26,989] {processor.py:620} INFO - Processing file /home/airflow/.local/lib/python3.6/site-packages/airflow/example_dags/example_xcomargs.py for tasks to queue
[2021-10-27 07:41:26,989] {logging_mixin.py:109} INFO - [2021-10-27 07:41:26,989] {dagbag.py:500} INFO - Filling up the DagBag from /home/airflow/.local/lib/python3.6/site-packages/airflow/example_dags/example_xcomargs.py
[2021-10-27 07:41:27,021] {processor.py:632} INFO - DAG(s) dict_keys(['example_xcom_args', 'example_xcom_args_with_operators']) retrieved from /home/airflow/.local/lib/python3.6/site-packages/airflow/example_dags/example_xcomargs.py
[2021-10-27 07:41:27,210] {logging_mixin.py:109} INFO - [2021-10-27 07:41:27,209] {dag.py:2389} INFO - Sync 2 DAGs
[2021-10-27 07:41:27,224] {logging_mixin.py:109} INFO - [2021-10-27 07:41:27,223] {dag.py:2914} INFO - Setting next_dagrun for example_xcom_args to None
[2021-10-27 07:41:27,224] {logging_mixin.py:109} INFO - [2021-10-27 07:41:27,224] {dag.py:2914} INFO - Setting next_dagrun for example_xcom_args_with_operators to None
[2021-10-27 07:41:27,236] {processor.py:171} INFO - Processing /home/airflow/.local/lib/python3.6/site-packages/airflow/example_dags/example_xcomargs.py took 0.251 seconds
[2021-10-27 07:41:58,215] {processor.py:163} INFO - Started process (PID=1700) to work on /home/airflow/.local/lib/python3.6/site-packages/airflow/example_dags/example_xcomargs.py
[2021-10-27 07:41:58,216] {processor.py:620} INFO - Processing file /home/airflow/.local/lib/python3.6/site-packages/airflow/example_dags/example_xcomargs.py for tasks to queue
[2021-10-27 07:41:58,217] {logging_mixin.py:109} INFO - [2021-10-27 07:41:58,217] {dagbag.py:500} INFO - Filling up the DagBag from /home/airflow/.local/lib/python3.6/site-packages/airflow/example_dags/example_xcomargs.py
[2021-10-27 07:41:58,253] {processor.py:632} INFO - DAG(s) dict_keys(['example_xcom_args', 'example_xcom_args_with_operators']) retrieved from /home/airflow/.local/lib/python3.6/site-packages/airflow/example_dags/example_xcomargs.py
[2021-10-27 07:41:58,494] {logging_mixin.py:109} INFO - [2021-10-27 07:41:58,494] {dag.py:2389} INFO - Sync 2 DAGs
[2021-10-27 07:41:58,508] {logging_mixin.py:109} INFO - [2021-10-27 07:41:58,508] {dag.py:2914} INFO - Setting next_dagrun for example_xcom_args to None
[2021-10-27 07:41:58,509] {logging_mixin.py:109} INFO - [2021-10-27 07:41:58,508] {dag.py:2914} INFO - Setting next_dagrun for example_xcom_args_with_operators to None
[2021-10-27 07:41:58,519] {processor.py:171} INFO - Processing /home/airflow/.local/lib/python3.6/site-packages/airflow/example_dags/example_xcomargs.py took 0.308 seconds
[2021-10-27 07:42:29,159] {processor.py:163} INFO - Started process (PID=1765) to work on /home/airflow/.local/lib/python3.6/site-packages/airflow/example_dags/example_xcomargs.py
[2021-10-27 07:42:29,161] {processor.py:620} INFO - Processing file /home/airflow/.local/lib/python3.6/site-packages/airflow/example_dags/example_xcomargs.py for tasks to queue
[2021-10-27 07:42:29,162] {logging_mixin.py:109} INFO - [2021-10-27 07:42:29,161] {dagbag.py:500} INFO - Filling up the DagBag from /home/airflow/.local/lib/python3.6/site-packages/airflow/example_dags/example_xcomargs.py
[2021-10-27 07:42:29,202] {processor.py:632} INFO - DAG(s) dict_keys(['example_xcom_args', 'example_xcom_args_with_operators']) retrieved from /home/airflow/.local/lib/python3.6/site-packages/airflow/example_dags/example_xcomargs.py
[2021-10-27 07:42:29,408] {logging_mixin.py:109} INFO - [2021-10-27 07:42:29,408] {dag.py:2389} INFO - Sync 2 DAGs
[2021-10-27 07:42:29,421] {logging_mixin.py:109} INFO - [2021-10-27 07:42:29,421] {dag.py:2914} INFO - Setting next_dagrun for example_xcom_args to None
[2021-10-27 07:42:29,422] {logging_mixin.py:109} INFO - [2021-10-27 07:42:29,422] {dag.py:2914} INFO - Setting next_dagrun for example_xcom_args_with_operators to None
[2021-10-27 07:42:29,435] {processor.py:171} INFO - Processing /home/airflow/.local/lib/python3.6/site-packages/airflow/example_dags/example_xcomargs.py took 0.278 seconds
[2021-10-27 07:43:00,157] {processor.py:163} INFO - Started process (PID=1821) to work on /home/airflow/.local/lib/python3.6/site-packages/airflow/example_dags/example_xcomargs.py
[2021-10-27 07:43:00,158] {processor.py:620} INFO - Processing file /home/airflow/.local/lib/python3.6/site-packages/airflow/example_dags/example_xcomargs.py for tasks to queue
[2021-10-27 07:43:00,159] {logging_mixin.py:109} INFO - [2021-10-27 07:43:00,159] {dagbag.py:500} INFO - Filling up the DagBag from /home/airflow/.local/lib/python3.6/site-packages/airflow/example_dags/example_xcomargs.py
[2021-10-27 07:43:00,192] {processor.py:632} INFO - DAG(s) dict_keys(['example_xcom_args', 'example_xcom_args_with_operators']) retrieved from /home/airflow/.local/lib/python3.6/site-packages/airflow/example_dags/example_xcomargs.py
[2021-10-27 07:43:00,380] {logging_mixin.py:109} INFO - [2021-10-27 07:43:00,380] {dag.py:2389} INFO - Sync 2 DAGs
[2021-10-27 07:43:00,393] {logging_mixin.py:109} INFO - [2021-10-27 07:43:00,393] {dag.py:2914} INFO - Setting next_dagrun for example_xcom_args to None
[2021-10-27 07:43:00,393] {logging_mixin.py:109} INFO - [2021-10-27 07:43:00,393] {dag.py:2914} INFO - Setting next_dagrun for example_xcom_args_with_operators to None
[2021-10-27 07:43:00,405] {processor.py:171} INFO - Processing /home/airflow/.local/lib/python3.6/site-packages/airflow/example_dags/example_xcomargs.py took 0.251 seconds
[2021-10-27 07:43:31,300] {processor.py:163} INFO - Started process (PID=1888) to work on /home/airflow/.local/lib/python3.6/site-packages/airflow/example_dags/example_xcomargs.py
[2021-10-27 07:43:31,303] {processor.py:620} INFO - Processing file /home/airflow/.local/lib/python3.6/site-packages/airflow/example_dags/example_xcomargs.py for tasks to queue
[2021-10-27 07:43:31,305] {logging_mixin.py:109} INFO - [2021-10-27 07:43:31,305] {dagbag.py:500} INFO - Filling up the DagBag from /home/airflow/.local/lib/python3.6/site-packages/airflow/example_dags/example_xcomargs.py
[2021-10-27 07:43:31,350] {processor.py:632} INFO - DAG(s) dict_keys(['example_xcom_args', 'example_xcom_args_with_operators']) retrieved from /home/airflow/.local/lib/python3.6/site-packages/airflow/example_dags/example_xcomargs.py
[2021-10-27 07:43:31,687] {logging_mixin.py:109} INFO - [2021-10-27 07:43:31,687] {dag.py:2389} INFO - Sync 2 DAGs
[2021-10-27 07:43:31,721] {logging_mixin.py:109} INFO - [2021-10-27 07:43:31,721] {dag.py:2914} INFO - Setting next_dagrun for example_xcom_args to None
[2021-10-27 07:43:31,723] {logging_mixin.py:109} INFO - [2021-10-27 07:43:31,722] {dag.py:2914} INFO - Setting next_dagrun for example_xcom_args_with_operators to None
[2021-10-27 07:43:31,740] {processor.py:171} INFO - Processing /home/airflow/.local/lib/python3.6/site-packages/airflow/example_dags/example_xcomargs.py took 0.444 seconds
[2021-10-27 07:44:01,890] {processor.py:163} INFO - Started process (PID=1944) to work on /home/airflow/.local/lib/python3.6/site-packages/airflow/example_dags/example_xcomargs.py
[2021-10-27 07:44:01,891] {processor.py:620} INFO - Processing file /home/airflow/.local/lib/python3.6/site-packages/airflow/example_dags/example_xcomargs.py for tasks to queue
[2021-10-27 07:44:01,892] {logging_mixin.py:109} INFO - [2021-10-27 07:44:01,892] {dagbag.py:500} INFO - Filling up the DagBag from /home/airflow/.local/lib/python3.6/site-packages/airflow/example_dags/example_xcomargs.py
[2021-10-27 07:44:01,931] {processor.py:632} INFO - DAG(s) dict_keys(['example_xcom_args', 'example_xcom_args_with_operators']) retrieved from /home/airflow/.local/lib/python3.6/site-packages/airflow/example_dags/example_xcomargs.py
[2021-10-27 07:44:02,207] {logging_mixin.py:109} INFO - [2021-10-27 07:44:02,207] {dag.py:2389} INFO - Sync 2 DAGs
[2021-10-27 07:44:02,220] {logging_mixin.py:109} INFO - [2021-10-27 07:44:02,220] {dag.py:2914} INFO - Setting next_dagrun for example_xcom_args to None
[2021-10-27 07:44:02,221] {logging_mixin.py:109} INFO - [2021-10-27 07:44:02,221] {dag.py:2914} INFO - Setting next_dagrun for example_xcom_args_with_operators to None
[2021-10-27 07:44:02,232] {processor.py:171} INFO - Processing /home/airflow/.local/lib/python3.6/site-packages/airflow/example_dags/example_xcomargs.py took 0.346 seconds
[2021-10-27 07:44:33,182] {processor.py:163} INFO - Started process (PID=2010) to work on /home/airflow/.local/lib/python3.6/site-packages/airflow/example_dags/example_xcomargs.py
[2021-10-27 07:44:33,183] {processor.py:620} INFO - Processing file /home/airflow/.local/lib/python3.6/site-packages/airflow/example_dags/example_xcomargs.py for tasks to queue
[2021-10-27 07:44:33,185] {logging_mixin.py:109} INFO - [2021-10-27 07:44:33,184] {dagbag.py:500} INFO - Filling up the DagBag from /home/airflow/.local/lib/python3.6/site-packages/airflow/example_dags/example_xcomargs.py
[2021-10-27 07:44:33,221] {processor.py:632} INFO - DAG(s) dict_keys(['example_xcom_args', 'example_xcom_args_with_operators']) retrieved from /home/airflow/.local/lib/python3.6/site-packages/airflow/example_dags/example_xcomargs.py
[2021-10-27 07:44:33,436] {logging_mixin.py:109} INFO - [2021-10-27 07:44:33,436] {dag.py:2389} INFO - Sync 2 DAGs
[2021-10-27 07:44:33,451] {logging_mixin.py:109} INFO - [2021-10-27 07:44:33,451] {dag.py:2914} INFO - Setting next_dagrun for example_xcom_args to None
[2021-10-27 07:44:33,452] {logging_mixin.py:109} INFO - [2021-10-27 07:44:33,452] {dag.py:2914} INFO - Setting next_dagrun for example_xcom_args_with_operators to None
[2021-10-27 07:44:33,464] {processor.py:171} INFO - Processing /home/airflow/.local/lib/python3.6/site-packages/airflow/example_dags/example_xcomargs.py took 0.285 seconds
