[2021-10-27 07:17:44,416] {processor.py:163} INFO - Started process (PID=68) to work on /home/airflow/.local/lib/python3.6/site-packages/airflow/example_dags/example_bash_operator.py
[2021-10-27 07:17:44,418] {processor.py:620} INFO - Processing file /home/airflow/.local/lib/python3.6/site-packages/airflow/example_dags/example_bash_operator.py for tasks to queue
[2021-10-27 07:17:44,419] {logging_mixin.py:109} INFO - [2021-10-27 07:17:44,419] {dagbag.py:500} INFO - Filling up the DagBag from /home/airflow/.local/lib/python3.6/site-packages/airflow/example_dags/example_bash_operator.py
[2021-10-27 07:17:44,552] {processor.py:632} INFO - DAG(s) dict_keys(['example_bash_operator']) retrieved from /home/airflow/.local/lib/python3.6/site-packages/airflow/example_dags/example_bash_operator.py
[2021-10-27 07:17:44,565] {logging_mixin.py:109} INFO - [2021-10-27 07:17:44,565] {dag.py:2389} INFO - Sync 1 DAGs
[2021-10-27 07:17:44,585] {logging_mixin.py:109} INFO - [2021-10-27 07:17:44,585] {dag.py:2914} INFO - Setting next_dagrun for example_bash_operator to 2021-10-26 00:00:00+00:00
[2021-10-27 07:17:44,598] {processor.py:171} INFO - Processing /home/airflow/.local/lib/python3.6/site-packages/airflow/example_dags/example_bash_operator.py took 0.187 seconds
[2021-10-27 07:18:14,930] {processor.py:163} INFO - Started process (PID=124) to work on /home/airflow/.local/lib/python3.6/site-packages/airflow/example_dags/example_bash_operator.py
[2021-10-27 07:18:14,931] {processor.py:620} INFO - Processing file /home/airflow/.local/lib/python3.6/site-packages/airflow/example_dags/example_bash_operator.py for tasks to queue
[2021-10-27 07:18:14,932] {logging_mixin.py:109} INFO - [2021-10-27 07:18:14,932] {dagbag.py:500} INFO - Filling up the DagBag from /home/airflow/.local/lib/python3.6/site-packages/airflow/example_dags/example_bash_operator.py
[2021-10-27 07:18:14,967] {processor.py:632} INFO - DAG(s) dict_keys(['example_bash_operator']) retrieved from /home/airflow/.local/lib/python3.6/site-packages/airflow/example_dags/example_bash_operator.py
[2021-10-27 07:18:14,979] {logging_mixin.py:109} INFO - [2021-10-27 07:18:14,978] {dag.py:2389} INFO - Sync 1 DAGs
[2021-10-27 07:18:14,994] {logging_mixin.py:109} INFO - [2021-10-27 07:18:14,994] {dag.py:2914} INFO - Setting next_dagrun for example_bash_operator to 2021-10-26 00:00:00+00:00
[2021-10-27 07:18:15,004] {processor.py:171} INFO - Processing /home/airflow/.local/lib/python3.6/site-packages/airflow/example_dags/example_bash_operator.py took 0.079 seconds
[2021-10-27 07:18:45,202] {processor.py:163} INFO - Started process (PID=179) to work on /home/airflow/.local/lib/python3.6/site-packages/airflow/example_dags/example_bash_operator.py
[2021-10-27 07:18:45,203] {processor.py:620} INFO - Processing file /home/airflow/.local/lib/python3.6/site-packages/airflow/example_dags/example_bash_operator.py for tasks to queue
[2021-10-27 07:18:45,204] {logging_mixin.py:109} INFO - [2021-10-27 07:18:45,204] {dagbag.py:500} INFO - Filling up the DagBag from /home/airflow/.local/lib/python3.6/site-packages/airflow/example_dags/example_bash_operator.py
[2021-10-27 07:18:45,235] {processor.py:632} INFO - DAG(s) dict_keys(['example_bash_operator']) retrieved from /home/airflow/.local/lib/python3.6/site-packages/airflow/example_dags/example_bash_operator.py
[2021-10-27 07:18:45,246] {logging_mixin.py:109} INFO - [2021-10-27 07:18:45,246] {dag.py:2389} INFO - Sync 1 DAGs
[2021-10-27 07:18:45,260] {logging_mixin.py:109} INFO - [2021-10-27 07:18:45,260] {dag.py:2914} INFO - Setting next_dagrun for example_bash_operator to 2021-10-26 00:00:00+00:00
[2021-10-27 07:18:45,269] {processor.py:171} INFO - Processing /home/airflow/.local/lib/python3.6/site-packages/airflow/example_dags/example_bash_operator.py took 0.071 seconds
[2021-10-27 07:19:16,752] {processor.py:163} INFO - Started process (PID=243) to work on /home/airflow/.local/lib/python3.6/site-packages/airflow/example_dags/example_bash_operator.py
[2021-10-27 07:19:16,754] {processor.py:620} INFO - Processing file /home/airflow/.local/lib/python3.6/site-packages/airflow/example_dags/example_bash_operator.py for tasks to queue
[2021-10-27 07:19:16,756] {logging_mixin.py:109} INFO - [2021-10-27 07:19:16,756] {dagbag.py:500} INFO - Filling up the DagBag from /home/airflow/.local/lib/python3.6/site-packages/airflow/example_dags/example_bash_operator.py
[2021-10-27 07:19:16,815] {processor.py:632} INFO - DAG(s) dict_keys(['example_bash_operator']) retrieved from /home/airflow/.local/lib/python3.6/site-packages/airflow/example_dags/example_bash_operator.py
[2021-10-27 07:19:16,830] {logging_mixin.py:109} INFO - [2021-10-27 07:19:16,830] {dag.py:2389} INFO - Sync 1 DAGs
[2021-10-27 07:19:16,862] {logging_mixin.py:109} INFO - [2021-10-27 07:19:16,862] {dag.py:2914} INFO - Setting next_dagrun for example_bash_operator to 2021-10-26 00:00:00+00:00
[2021-10-27 07:19:16,882] {processor.py:171} INFO - Processing /home/airflow/.local/lib/python3.6/site-packages/airflow/example_dags/example_bash_operator.py took 0.137 seconds
[2021-10-27 07:19:47,758] {processor.py:163} INFO - Started process (PID=299) to work on /home/airflow/.local/lib/python3.6/site-packages/airflow/example_dags/example_bash_operator.py
[2021-10-27 07:19:47,760] {processor.py:620} INFO - Processing file /home/airflow/.local/lib/python3.6/site-packages/airflow/example_dags/example_bash_operator.py for tasks to queue
[2021-10-27 07:19:47,761] {logging_mixin.py:109} INFO - [2021-10-27 07:19:47,761] {dagbag.py:500} INFO - Filling up the DagBag from /home/airflow/.local/lib/python3.6/site-packages/airflow/example_dags/example_bash_operator.py
[2021-10-27 07:19:47,814] {processor.py:632} INFO - DAG(s) dict_keys(['example_bash_operator']) retrieved from /home/airflow/.local/lib/python3.6/site-packages/airflow/example_dags/example_bash_operator.py
[2021-10-27 07:19:47,830] {logging_mixin.py:109} INFO - [2021-10-27 07:19:47,830] {dag.py:2389} INFO - Sync 1 DAGs
[2021-10-27 07:19:47,852] {logging_mixin.py:109} INFO - [2021-10-27 07:19:47,852] {dag.py:2914} INFO - Setting next_dagrun for example_bash_operator to 2021-10-26 00:00:00+00:00
[2021-10-27 07:19:47,870] {processor.py:171} INFO - Processing /home/airflow/.local/lib/python3.6/site-packages/airflow/example_dags/example_bash_operator.py took 0.116 seconds
[2021-10-27 07:20:18,095] {processor.py:163} INFO - Started process (PID=366) to work on /home/airflow/.local/lib/python3.6/site-packages/airflow/example_dags/example_bash_operator.py
[2021-10-27 07:20:18,096] {processor.py:620} INFO - Processing file /home/airflow/.local/lib/python3.6/site-packages/airflow/example_dags/example_bash_operator.py for tasks to queue
[2021-10-27 07:20:18,097] {logging_mixin.py:109} INFO - [2021-10-27 07:20:18,097] {dagbag.py:500} INFO - Filling up the DagBag from /home/airflow/.local/lib/python3.6/site-packages/airflow/example_dags/example_bash_operator.py
[2021-10-27 07:20:18,128] {processor.py:632} INFO - DAG(s) dict_keys(['example_bash_operator']) retrieved from /home/airflow/.local/lib/python3.6/site-packages/airflow/example_dags/example_bash_operator.py
[2021-10-27 07:20:18,138] {logging_mixin.py:109} INFO - [2021-10-27 07:20:18,138] {dag.py:2389} INFO - Sync 1 DAGs
[2021-10-27 07:20:18,152] {logging_mixin.py:109} INFO - [2021-10-27 07:20:18,152] {dag.py:2914} INFO - Setting next_dagrun for example_bash_operator to 2021-10-26 00:00:00+00:00
[2021-10-27 07:20:18,165] {processor.py:171} INFO - Processing /home/airflow/.local/lib/python3.6/site-packages/airflow/example_dags/example_bash_operator.py took 0.073 seconds
[2021-10-27 07:20:48,275] {processor.py:163} INFO - Started process (PID=421) to work on /home/airflow/.local/lib/python3.6/site-packages/airflow/example_dags/example_bash_operator.py
[2021-10-27 07:20:48,276] {processor.py:620} INFO - Processing file /home/airflow/.local/lib/python3.6/site-packages/airflow/example_dags/example_bash_operator.py for tasks to queue
[2021-10-27 07:20:48,277] {logging_mixin.py:109} INFO - [2021-10-27 07:20:48,276] {dagbag.py:500} INFO - Filling up the DagBag from /home/airflow/.local/lib/python3.6/site-packages/airflow/example_dags/example_bash_operator.py
[2021-10-27 07:20:48,313] {processor.py:632} INFO - DAG(s) dict_keys(['example_bash_operator']) retrieved from /home/airflow/.local/lib/python3.6/site-packages/airflow/example_dags/example_bash_operator.py
[2021-10-27 07:20:48,328] {logging_mixin.py:109} INFO - [2021-10-27 07:20:48,328] {dag.py:2389} INFO - Sync 1 DAGs
[2021-10-27 07:20:48,345] {logging_mixin.py:109} INFO - [2021-10-27 07:20:48,345] {dag.py:2914} INFO - Setting next_dagrun for example_bash_operator to 2021-10-26 00:00:00+00:00
[2021-10-27 07:20:48,358] {processor.py:171} INFO - Processing /home/airflow/.local/lib/python3.6/site-packages/airflow/example_dags/example_bash_operator.py took 0.086 seconds
[2021-10-27 07:21:18,907] {processor.py:163} INFO - Started process (PID=487) to work on /home/airflow/.local/lib/python3.6/site-packages/airflow/example_dags/example_bash_operator.py
[2021-10-27 07:21:18,909] {processor.py:620} INFO - Processing file /home/airflow/.local/lib/python3.6/site-packages/airflow/example_dags/example_bash_operator.py for tasks to queue
[2021-10-27 07:21:18,909] {logging_mixin.py:109} INFO - [2021-10-27 07:21:18,909] {dagbag.py:500} INFO - Filling up the DagBag from /home/airflow/.local/lib/python3.6/site-packages/airflow/example_dags/example_bash_operator.py
[2021-10-27 07:21:18,959] {processor.py:632} INFO - DAG(s) dict_keys(['example_bash_operator']) retrieved from /home/airflow/.local/lib/python3.6/site-packages/airflow/example_dags/example_bash_operator.py
[2021-10-27 07:21:18,973] {logging_mixin.py:109} INFO - [2021-10-27 07:21:18,973] {dag.py:2389} INFO - Sync 1 DAGs
[2021-10-27 07:21:18,992] {logging_mixin.py:109} INFO - [2021-10-27 07:21:18,992] {dag.py:2914} INFO - Setting next_dagrun for example_bash_operator to 2021-10-26 00:00:00+00:00
[2021-10-27 07:21:19,004] {processor.py:171} INFO - Processing /home/airflow/.local/lib/python3.6/site-packages/airflow/example_dags/example_bash_operator.py took 0.101 seconds
[2021-10-27 07:21:49,190] {processor.py:163} INFO - Started process (PID=540) to work on /home/airflow/.local/lib/python3.6/site-packages/airflow/example_dags/example_bash_operator.py
[2021-10-27 07:21:49,191] {processor.py:620} INFO - Processing file /home/airflow/.local/lib/python3.6/site-packages/airflow/example_dags/example_bash_operator.py for tasks to queue
[2021-10-27 07:21:49,192] {logging_mixin.py:109} INFO - [2021-10-27 07:21:49,192] {dagbag.py:500} INFO - Filling up the DagBag from /home/airflow/.local/lib/python3.6/site-packages/airflow/example_dags/example_bash_operator.py
[2021-10-27 07:21:49,230] {processor.py:632} INFO - DAG(s) dict_keys(['example_bash_operator']) retrieved from /home/airflow/.local/lib/python3.6/site-packages/airflow/example_dags/example_bash_operator.py
[2021-10-27 07:21:49,242] {logging_mixin.py:109} INFO - [2021-10-27 07:21:49,242] {dag.py:2389} INFO - Sync 1 DAGs
[2021-10-27 07:21:49,259] {logging_mixin.py:109} INFO - [2021-10-27 07:21:49,259] {dag.py:2914} INFO - Setting next_dagrun for example_bash_operator to 2021-10-26 00:00:00+00:00
[2021-10-27 07:21:49,269] {processor.py:171} INFO - Processing /home/airflow/.local/lib/python3.6/site-packages/airflow/example_dags/example_bash_operator.py took 0.082 seconds
[2021-10-27 07:22:19,997] {processor.py:163} INFO - Started process (PID=604) to work on /home/airflow/.local/lib/python3.6/site-packages/airflow/example_dags/example_bash_operator.py
[2021-10-27 07:22:19,998] {processor.py:620} INFO - Processing file /home/airflow/.local/lib/python3.6/site-packages/airflow/example_dags/example_bash_operator.py for tasks to queue
[2021-10-27 07:22:20,000] {logging_mixin.py:109} INFO - [2021-10-27 07:22:19,999] {dagbag.py:500} INFO - Filling up the DagBag from /home/airflow/.local/lib/python3.6/site-packages/airflow/example_dags/example_bash_operator.py
[2021-10-27 07:22:20,073] {processor.py:632} INFO - DAG(s) dict_keys(['example_bash_operator']) retrieved from /home/airflow/.local/lib/python3.6/site-packages/airflow/example_dags/example_bash_operator.py
[2021-10-27 07:22:20,103] {logging_mixin.py:109} INFO - [2021-10-27 07:22:20,103] {dag.py:2389} INFO - Sync 1 DAGs
[2021-10-27 07:22:20,135] {logging_mixin.py:109} INFO - [2021-10-27 07:22:20,135] {dag.py:2914} INFO - Setting next_dagrun for example_bash_operator to 2021-10-26 00:00:00+00:00
[2021-10-27 07:22:20,152] {processor.py:171} INFO - Processing /home/airflow/.local/lib/python3.6/site-packages/airflow/example_dags/example_bash_operator.py took 0.160 seconds
[2021-10-27 07:22:51,229] {processor.py:163} INFO - Started process (PID=662) to work on /home/airflow/.local/lib/python3.6/site-packages/airflow/example_dags/example_bash_operator.py
[2021-10-27 07:22:51,230] {processor.py:620} INFO - Processing file /home/airflow/.local/lib/python3.6/site-packages/airflow/example_dags/example_bash_operator.py for tasks to queue
[2021-10-27 07:22:51,230] {logging_mixin.py:109} INFO - [2021-10-27 07:22:51,230] {dagbag.py:500} INFO - Filling up the DagBag from /home/airflow/.local/lib/python3.6/site-packages/airflow/example_dags/example_bash_operator.py
[2021-10-27 07:22:51,262] {processor.py:632} INFO - DAG(s) dict_keys(['example_bash_operator']) retrieved from /home/airflow/.local/lib/python3.6/site-packages/airflow/example_dags/example_bash_operator.py
[2021-10-27 07:22:51,273] {logging_mixin.py:109} INFO - [2021-10-27 07:22:51,272] {dag.py:2389} INFO - Sync 1 DAGs
[2021-10-27 07:22:51,287] {logging_mixin.py:109} INFO - [2021-10-27 07:22:51,287] {dag.py:2914} INFO - Setting next_dagrun for example_bash_operator to 2021-10-26 00:00:00+00:00
[2021-10-27 07:22:51,297] {processor.py:171} INFO - Processing /home/airflow/.local/lib/python3.6/site-packages/airflow/example_dags/example_bash_operator.py took 0.071 seconds
[2021-10-27 07:23:22,479] {processor.py:163} INFO - Started process (PID=717) to work on /home/airflow/.local/lib/python3.6/site-packages/airflow/example_dags/example_bash_operator.py
[2021-10-27 07:23:22,480] {processor.py:620} INFO - Processing file /home/airflow/.local/lib/python3.6/site-packages/airflow/example_dags/example_bash_operator.py for tasks to queue
[2021-10-27 07:23:22,481] {logging_mixin.py:109} INFO - [2021-10-27 07:23:22,481] {dagbag.py:500} INFO - Filling up the DagBag from /home/airflow/.local/lib/python3.6/site-packages/airflow/example_dags/example_bash_operator.py
[2021-10-27 07:23:22,512] {processor.py:632} INFO - DAG(s) dict_keys(['example_bash_operator']) retrieved from /home/airflow/.local/lib/python3.6/site-packages/airflow/example_dags/example_bash_operator.py
[2021-10-27 07:23:22,524] {logging_mixin.py:109} INFO - [2021-10-27 07:23:22,523] {dag.py:2389} INFO - Sync 1 DAGs
[2021-10-27 07:23:22,539] {logging_mixin.py:109} INFO - [2021-10-27 07:23:22,539] {dag.py:2914} INFO - Setting next_dagrun for example_bash_operator to 2021-10-26 00:00:00+00:00
[2021-10-27 07:23:22,551] {processor.py:171} INFO - Processing /home/airflow/.local/lib/python3.6/site-packages/airflow/example_dags/example_bash_operator.py took 0.076 seconds
[2021-10-27 07:23:53,245] {processor.py:163} INFO - Started process (PID=782) to work on /home/airflow/.local/lib/python3.6/site-packages/airflow/example_dags/example_bash_operator.py
[2021-10-27 07:23:53,246] {processor.py:620} INFO - Processing file /home/airflow/.local/lib/python3.6/site-packages/airflow/example_dags/example_bash_operator.py for tasks to queue
[2021-10-27 07:23:53,246] {logging_mixin.py:109} INFO - [2021-10-27 07:23:53,246] {dagbag.py:500} INFO - Filling up the DagBag from /home/airflow/.local/lib/python3.6/site-packages/airflow/example_dags/example_bash_operator.py
[2021-10-27 07:23:53,277] {processor.py:632} INFO - DAG(s) dict_keys(['example_bash_operator']) retrieved from /home/airflow/.local/lib/python3.6/site-packages/airflow/example_dags/example_bash_operator.py
[2021-10-27 07:23:53,290] {logging_mixin.py:109} INFO - [2021-10-27 07:23:53,290] {dag.py:2389} INFO - Sync 1 DAGs
[2021-10-27 07:23:53,306] {logging_mixin.py:109} INFO - [2021-10-27 07:23:53,306] {dag.py:2914} INFO - Setting next_dagrun for example_bash_operator to 2021-10-26 00:00:00+00:00
[2021-10-27 07:23:53,317] {processor.py:171} INFO - Processing /home/airflow/.local/lib/python3.6/site-packages/airflow/example_dags/example_bash_operator.py took 0.077 seconds
[2021-10-27 07:24:24,163] {processor.py:163} INFO - Started process (PID=837) to work on /home/airflow/.local/lib/python3.6/site-packages/airflow/example_dags/example_bash_operator.py
[2021-10-27 07:24:24,164] {processor.py:620} INFO - Processing file /home/airflow/.local/lib/python3.6/site-packages/airflow/example_dags/example_bash_operator.py for tasks to queue
[2021-10-27 07:24:24,166] {logging_mixin.py:109} INFO - [2021-10-27 07:24:24,166] {dagbag.py:500} INFO - Filling up the DagBag from /home/airflow/.local/lib/python3.6/site-packages/airflow/example_dags/example_bash_operator.py
[2021-10-27 07:24:24,217] {processor.py:632} INFO - DAG(s) dict_keys(['example_bash_operator']) retrieved from /home/airflow/.local/lib/python3.6/site-packages/airflow/example_dags/example_bash_operator.py
[2021-10-27 07:24:24,231] {logging_mixin.py:109} INFO - [2021-10-27 07:24:24,231] {dag.py:2389} INFO - Sync 1 DAGs
[2021-10-27 07:24:24,248] {logging_mixin.py:109} INFO - [2021-10-27 07:24:24,247] {dag.py:2914} INFO - Setting next_dagrun for example_bash_operator to 2021-10-26 00:00:00+00:00
[2021-10-27 07:24:24,258] {processor.py:171} INFO - Processing /home/airflow/.local/lib/python3.6/site-packages/airflow/example_dags/example_bash_operator.py took 0.098 seconds
[2021-10-27 07:24:54,704] {processor.py:163} INFO - Started process (PID=902) to work on /home/airflow/.local/lib/python3.6/site-packages/airflow/example_dags/example_bash_operator.py
[2021-10-27 07:24:54,705] {processor.py:620} INFO - Processing file /home/airflow/.local/lib/python3.6/site-packages/airflow/example_dags/example_bash_operator.py for tasks to queue
[2021-10-27 07:24:54,706] {logging_mixin.py:109} INFO - [2021-10-27 07:24:54,706] {dagbag.py:500} INFO - Filling up the DagBag from /home/airflow/.local/lib/python3.6/site-packages/airflow/example_dags/example_bash_operator.py
[2021-10-27 07:24:54,742] {processor.py:632} INFO - DAG(s) dict_keys(['example_bash_operator']) retrieved from /home/airflow/.local/lib/python3.6/site-packages/airflow/example_dags/example_bash_operator.py
[2021-10-27 07:24:54,753] {logging_mixin.py:109} INFO - [2021-10-27 07:24:54,753] {dag.py:2389} INFO - Sync 1 DAGs
[2021-10-27 07:24:54,770] {logging_mixin.py:109} INFO - [2021-10-27 07:24:54,770] {dag.py:2914} INFO - Setting next_dagrun for example_bash_operator to 2021-10-26 00:00:00+00:00
[2021-10-27 07:24:54,781] {processor.py:171} INFO - Processing /home/airflow/.local/lib/python3.6/site-packages/airflow/example_dags/example_bash_operator.py took 0.082 seconds
[2021-10-27 07:25:25,160] {processor.py:163} INFO - Started process (PID=957) to work on /home/airflow/.local/lib/python3.6/site-packages/airflow/example_dags/example_bash_operator.py
[2021-10-27 07:25:25,161] {processor.py:620} INFO - Processing file /home/airflow/.local/lib/python3.6/site-packages/airflow/example_dags/example_bash_operator.py for tasks to queue
[2021-10-27 07:25:25,162] {logging_mixin.py:109} INFO - [2021-10-27 07:25:25,162] {dagbag.py:500} INFO - Filling up the DagBag from /home/airflow/.local/lib/python3.6/site-packages/airflow/example_dags/example_bash_operator.py
[2021-10-27 07:25:25,200] {processor.py:632} INFO - DAG(s) dict_keys(['example_bash_operator']) retrieved from /home/airflow/.local/lib/python3.6/site-packages/airflow/example_dags/example_bash_operator.py
[2021-10-27 07:25:25,209] {logging_mixin.py:109} INFO - [2021-10-27 07:25:25,209] {dag.py:2389} INFO - Sync 1 DAGs
[2021-10-27 07:25:25,224] {logging_mixin.py:109} INFO - [2021-10-27 07:25:25,224] {dag.py:2914} INFO - Setting next_dagrun for example_bash_operator to 2021-10-26 00:00:00+00:00
[2021-10-27 07:25:25,233] {processor.py:171} INFO - Processing /home/airflow/.local/lib/python3.6/site-packages/airflow/example_dags/example_bash_operator.py took 0.077 seconds
[2021-10-27 07:25:55,956] {processor.py:163} INFO - Started process (PID=1024) to work on /home/airflow/.local/lib/python3.6/site-packages/airflow/example_dags/example_bash_operator.py
[2021-10-27 07:25:55,957] {processor.py:620} INFO - Processing file /home/airflow/.local/lib/python3.6/site-packages/airflow/example_dags/example_bash_operator.py for tasks to queue
[2021-10-27 07:25:55,958] {logging_mixin.py:109} INFO - [2021-10-27 07:25:55,958] {dagbag.py:500} INFO - Filling up the DagBag from /home/airflow/.local/lib/python3.6/site-packages/airflow/example_dags/example_bash_operator.py
[2021-10-27 07:25:55,991] {processor.py:632} INFO - DAG(s) dict_keys(['example_bash_operator']) retrieved from /home/airflow/.local/lib/python3.6/site-packages/airflow/example_dags/example_bash_operator.py
[2021-10-27 07:25:56,001] {logging_mixin.py:109} INFO - [2021-10-27 07:25:56,001] {dag.py:2389} INFO - Sync 1 DAGs
[2021-10-27 07:25:56,015] {logging_mixin.py:109} INFO - [2021-10-27 07:25:56,015] {dag.py:2914} INFO - Setting next_dagrun for example_bash_operator to 2021-10-26 00:00:00+00:00
[2021-10-27 07:25:56,028] {processor.py:171} INFO - Processing /home/airflow/.local/lib/python3.6/site-packages/airflow/example_dags/example_bash_operator.py took 0.076 seconds
[2021-10-27 07:26:26,437] {processor.py:163} INFO - Started process (PID=1079) to work on /home/airflow/.local/lib/python3.6/site-packages/airflow/example_dags/example_bash_operator.py
[2021-10-27 07:26:26,438] {processor.py:620} INFO - Processing file /home/airflow/.local/lib/python3.6/site-packages/airflow/example_dags/example_bash_operator.py for tasks to queue
[2021-10-27 07:26:26,439] {logging_mixin.py:109} INFO - [2021-10-27 07:26:26,439] {dagbag.py:500} INFO - Filling up the DagBag from /home/airflow/.local/lib/python3.6/site-packages/airflow/example_dags/example_bash_operator.py
[2021-10-27 07:26:26,480] {processor.py:632} INFO - DAG(s) dict_keys(['example_bash_operator']) retrieved from /home/airflow/.local/lib/python3.6/site-packages/airflow/example_dags/example_bash_operator.py
[2021-10-27 07:26:26,494] {logging_mixin.py:109} INFO - [2021-10-27 07:26:26,494] {dag.py:2389} INFO - Sync 1 DAGs
[2021-10-27 07:26:26,510] {logging_mixin.py:109} INFO - [2021-10-27 07:26:26,510] {dag.py:2914} INFO - Setting next_dagrun for example_bash_operator to 2021-10-26 00:00:00+00:00
[2021-10-27 07:26:26,528] {processor.py:171} INFO - Processing /home/airflow/.local/lib/python3.6/site-packages/airflow/example_dags/example_bash_operator.py took 0.094 seconds
[2021-10-27 07:28:05,889] {processor.py:163} INFO - Started process (PID=65) to work on /home/airflow/.local/lib/python3.6/site-packages/airflow/example_dags/example_bash_operator.py
[2021-10-27 07:28:05,891] {processor.py:620} INFO - Processing file /home/airflow/.local/lib/python3.6/site-packages/airflow/example_dags/example_bash_operator.py for tasks to queue
[2021-10-27 07:28:05,892] {logging_mixin.py:109} INFO - [2021-10-27 07:28:05,892] {dagbag.py:500} INFO - Filling up the DagBag from /home/airflow/.local/lib/python3.6/site-packages/airflow/example_dags/example_bash_operator.py
[2021-10-27 07:28:05,939] {processor.py:632} INFO - DAG(s) dict_keys(['example_bash_operator']) retrieved from /home/airflow/.local/lib/python3.6/site-packages/airflow/example_dags/example_bash_operator.py
[2021-10-27 07:28:05,957] {logging_mixin.py:109} INFO - [2021-10-27 07:28:05,957] {dag.py:2389} INFO - Sync 1 DAGs
[2021-10-27 07:28:05,982] {logging_mixin.py:109} INFO - [2021-10-27 07:28:05,982] {dag.py:2914} INFO - Setting next_dagrun for example_bash_operator to 2021-10-26 00:00:00+00:00
[2021-10-27 07:28:05,994] {processor.py:171} INFO - Processing /home/airflow/.local/lib/python3.6/site-packages/airflow/example_dags/example_bash_operator.py took 0.111 seconds
[2021-10-27 07:28:36,508] {processor.py:163} INFO - Started process (PID=131) to work on /home/airflow/.local/lib/python3.6/site-packages/airflow/example_dags/example_bash_operator.py
[2021-10-27 07:28:36,510] {processor.py:620} INFO - Processing file /home/airflow/.local/lib/python3.6/site-packages/airflow/example_dags/example_bash_operator.py for tasks to queue
[2021-10-27 07:28:36,511] {logging_mixin.py:109} INFO - [2021-10-27 07:28:36,510] {dagbag.py:500} INFO - Filling up the DagBag from /home/airflow/.local/lib/python3.6/site-packages/airflow/example_dags/example_bash_operator.py
[2021-10-27 07:28:36,554] {processor.py:632} INFO - DAG(s) dict_keys(['example_bash_operator']) retrieved from /home/airflow/.local/lib/python3.6/site-packages/airflow/example_dags/example_bash_operator.py
[2021-10-27 07:28:36,567] {logging_mixin.py:109} INFO - [2021-10-27 07:28:36,567] {dag.py:2389} INFO - Sync 1 DAGs
[2021-10-27 07:28:36,587] {logging_mixin.py:109} INFO - [2021-10-27 07:28:36,587] {dag.py:2914} INFO - Setting next_dagrun for example_bash_operator to 2021-10-26 00:00:00+00:00
[2021-10-27 07:28:36,597] {processor.py:171} INFO - Processing /home/airflow/.local/lib/python3.6/site-packages/airflow/example_dags/example_bash_operator.py took 0.092 seconds
[2021-10-27 07:29:07,573] {processor.py:163} INFO - Started process (PID=186) to work on /home/airflow/.local/lib/python3.6/site-packages/airflow/example_dags/example_bash_operator.py
[2021-10-27 07:29:07,575] {processor.py:620} INFO - Processing file /home/airflow/.local/lib/python3.6/site-packages/airflow/example_dags/example_bash_operator.py for tasks to queue
[2021-10-27 07:29:07,576] {logging_mixin.py:109} INFO - [2021-10-27 07:29:07,576] {dagbag.py:500} INFO - Filling up the DagBag from /home/airflow/.local/lib/python3.6/site-packages/airflow/example_dags/example_bash_operator.py
[2021-10-27 07:29:07,636] {processor.py:632} INFO - DAG(s) dict_keys(['example_bash_operator']) retrieved from /home/airflow/.local/lib/python3.6/site-packages/airflow/example_dags/example_bash_operator.py
[2021-10-27 07:29:07,655] {logging_mixin.py:109} INFO - [2021-10-27 07:29:07,655] {dag.py:2389} INFO - Sync 1 DAGs
[2021-10-27 07:29:07,689] {logging_mixin.py:109} INFO - [2021-10-27 07:29:07,688] {dag.py:2914} INFO - Setting next_dagrun for example_bash_operator to 2021-10-26 00:00:00+00:00
[2021-10-27 07:29:07,704] {processor.py:171} INFO - Processing /home/airflow/.local/lib/python3.6/site-packages/airflow/example_dags/example_bash_operator.py took 0.136 seconds
[2021-10-27 07:29:38,075] {processor.py:163} INFO - Started process (PID=252) to work on /home/airflow/.local/lib/python3.6/site-packages/airflow/example_dags/example_bash_operator.py
[2021-10-27 07:29:38,076] {processor.py:620} INFO - Processing file /home/airflow/.local/lib/python3.6/site-packages/airflow/example_dags/example_bash_operator.py for tasks to queue
[2021-10-27 07:29:38,077] {logging_mixin.py:109} INFO - [2021-10-27 07:29:38,077] {dagbag.py:500} INFO - Filling up the DagBag from /home/airflow/.local/lib/python3.6/site-packages/airflow/example_dags/example_bash_operator.py
[2021-10-27 07:29:38,112] {processor.py:632} INFO - DAG(s) dict_keys(['example_bash_operator']) retrieved from /home/airflow/.local/lib/python3.6/site-packages/airflow/example_dags/example_bash_operator.py
[2021-10-27 07:29:38,124] {logging_mixin.py:109} INFO - [2021-10-27 07:29:38,124] {dag.py:2389} INFO - Sync 1 DAGs
[2021-10-27 07:29:38,141] {logging_mixin.py:109} INFO - [2021-10-27 07:29:38,141] {dag.py:2914} INFO - Setting next_dagrun for example_bash_operator to 2021-10-26 00:00:00+00:00
[2021-10-27 07:29:38,155] {processor.py:171} INFO - Processing /home/airflow/.local/lib/python3.6/site-packages/airflow/example_dags/example_bash_operator.py took 0.083 seconds
[2021-10-27 07:30:08,782] {processor.py:163} INFO - Started process (PID=308) to work on /home/airflow/.local/lib/python3.6/site-packages/airflow/example_dags/example_bash_operator.py
[2021-10-27 07:30:08,784] {processor.py:620} INFO - Processing file /home/airflow/.local/lib/python3.6/site-packages/airflow/example_dags/example_bash_operator.py for tasks to queue
[2021-10-27 07:30:08,785] {logging_mixin.py:109} INFO - [2021-10-27 07:30:08,785] {dagbag.py:500} INFO - Filling up the DagBag from /home/airflow/.local/lib/python3.6/site-packages/airflow/example_dags/example_bash_operator.py
[2021-10-27 07:30:08,820] {processor.py:632} INFO - DAG(s) dict_keys(['example_bash_operator']) retrieved from /home/airflow/.local/lib/python3.6/site-packages/airflow/example_dags/example_bash_operator.py
[2021-10-27 07:30:08,832] {logging_mixin.py:109} INFO - [2021-10-27 07:30:08,831] {dag.py:2389} INFO - Sync 1 DAGs
[2021-10-27 07:30:08,847] {logging_mixin.py:109} INFO - [2021-10-27 07:30:08,847] {dag.py:2914} INFO - Setting next_dagrun for example_bash_operator to 2021-10-26 00:00:00+00:00
[2021-10-27 07:30:08,858] {processor.py:171} INFO - Processing /home/airflow/.local/lib/python3.6/site-packages/airflow/example_dags/example_bash_operator.py took 0.080 seconds
[2021-10-27 07:30:39,807] {processor.py:163} INFO - Started process (PID=372) to work on /home/airflow/.local/lib/python3.6/site-packages/airflow/example_dags/example_bash_operator.py
[2021-10-27 07:30:39,808] {processor.py:620} INFO - Processing file /home/airflow/.local/lib/python3.6/site-packages/airflow/example_dags/example_bash_operator.py for tasks to queue
[2021-10-27 07:30:39,809] {logging_mixin.py:109} INFO - [2021-10-27 07:30:39,809] {dagbag.py:500} INFO - Filling up the DagBag from /home/airflow/.local/lib/python3.6/site-packages/airflow/example_dags/example_bash_operator.py
[2021-10-27 07:30:39,863] {processor.py:632} INFO - DAG(s) dict_keys(['example_bash_operator']) retrieved from /home/airflow/.local/lib/python3.6/site-packages/airflow/example_dags/example_bash_operator.py
[2021-10-27 07:30:39,883] {logging_mixin.py:109} INFO - [2021-10-27 07:30:39,883] {dag.py:2389} INFO - Sync 1 DAGs
[2021-10-27 07:30:39,912] {logging_mixin.py:109} INFO - [2021-10-27 07:30:39,912] {dag.py:2914} INFO - Setting next_dagrun for example_bash_operator to 2021-10-26 00:00:00+00:00
[2021-10-27 07:30:39,926] {processor.py:171} INFO - Processing /home/airflow/.local/lib/python3.6/site-packages/airflow/example_dags/example_bash_operator.py took 0.125 seconds
[2021-10-27 07:31:10,612] {processor.py:163} INFO - Started process (PID=427) to work on /home/airflow/.local/lib/python3.6/site-packages/airflow/example_dags/example_bash_operator.py
[2021-10-27 07:31:10,614] {processor.py:620} INFO - Processing file /home/airflow/.local/lib/python3.6/site-packages/airflow/example_dags/example_bash_operator.py for tasks to queue
[2021-10-27 07:31:10,615] {logging_mixin.py:109} INFO - [2021-10-27 07:31:10,615] {dagbag.py:500} INFO - Filling up the DagBag from /home/airflow/.local/lib/python3.6/site-packages/airflow/example_dags/example_bash_operator.py
[2021-10-27 07:31:10,655] {processor.py:632} INFO - DAG(s) dict_keys(['example_bash_operator']) retrieved from /home/airflow/.local/lib/python3.6/site-packages/airflow/example_dags/example_bash_operator.py
[2021-10-27 07:31:10,668] {logging_mixin.py:109} INFO - [2021-10-27 07:31:10,667] {dag.py:2389} INFO - Sync 1 DAGs
[2021-10-27 07:31:10,687] {logging_mixin.py:109} INFO - [2021-10-27 07:31:10,686] {dag.py:2914} INFO - Setting next_dagrun for example_bash_operator to 2021-10-26 00:00:00+00:00
[2021-10-27 07:31:10,698] {processor.py:171} INFO - Processing /home/airflow/.local/lib/python3.6/site-packages/airflow/example_dags/example_bash_operator.py took 0.090 seconds
[2021-10-27 07:31:41,253] {processor.py:163} INFO - Started process (PID=481) to work on /home/airflow/.local/lib/python3.6/site-packages/airflow/example_dags/example_bash_operator.py
[2021-10-27 07:31:41,255] {processor.py:620} INFO - Processing file /home/airflow/.local/lib/python3.6/site-packages/airflow/example_dags/example_bash_operator.py for tasks to queue
[2021-10-27 07:31:41,255] {logging_mixin.py:109} INFO - [2021-10-27 07:31:41,255] {dagbag.py:500} INFO - Filling up the DagBag from /home/airflow/.local/lib/python3.6/site-packages/airflow/example_dags/example_bash_operator.py
[2021-10-27 07:31:41,301] {processor.py:632} INFO - DAG(s) dict_keys(['example_bash_operator']) retrieved from /home/airflow/.local/lib/python3.6/site-packages/airflow/example_dags/example_bash_operator.py
[2021-10-27 07:31:41,316] {logging_mixin.py:109} INFO - [2021-10-27 07:31:41,316] {dag.py:2389} INFO - Sync 1 DAGs
[2021-10-27 07:31:41,340] {logging_mixin.py:109} INFO - [2021-10-27 07:31:41,339] {dag.py:2914} INFO - Setting next_dagrun for example_bash_operator to 2021-10-26 00:00:00+00:00
[2021-10-27 07:31:41,354] {processor.py:171} INFO - Processing /home/airflow/.local/lib/python3.6/site-packages/airflow/example_dags/example_bash_operator.py took 0.106 seconds
[2021-10-27 07:32:11,824] {processor.py:163} INFO - Started process (PID=547) to work on /home/airflow/.local/lib/python3.6/site-packages/airflow/example_dags/example_bash_operator.py
[2021-10-27 07:32:11,825] {processor.py:620} INFO - Processing file /home/airflow/.local/lib/python3.6/site-packages/airflow/example_dags/example_bash_operator.py for tasks to queue
[2021-10-27 07:32:11,826] {logging_mixin.py:109} INFO - [2021-10-27 07:32:11,826] {dagbag.py:500} INFO - Filling up the DagBag from /home/airflow/.local/lib/python3.6/site-packages/airflow/example_dags/example_bash_operator.py
[2021-10-27 07:32:11,860] {processor.py:632} INFO - DAG(s) dict_keys(['example_bash_operator']) retrieved from /home/airflow/.local/lib/python3.6/site-packages/airflow/example_dags/example_bash_operator.py
[2021-10-27 07:32:11,871] {logging_mixin.py:109} INFO - [2021-10-27 07:32:11,871] {dag.py:2389} INFO - Sync 1 DAGs
[2021-10-27 07:32:11,886] {logging_mixin.py:109} INFO - [2021-10-27 07:32:11,886] {dag.py:2914} INFO - Setting next_dagrun for example_bash_operator to 2021-10-26 00:00:00+00:00
[2021-10-27 07:32:11,896] {processor.py:171} INFO - Processing /home/airflow/.local/lib/python3.6/site-packages/airflow/example_dags/example_bash_operator.py took 0.075 seconds
[2021-10-27 07:32:42,279] {processor.py:163} INFO - Started process (PID=602) to work on /home/airflow/.local/lib/python3.6/site-packages/airflow/example_dags/example_bash_operator.py
[2021-10-27 07:32:42,280] {processor.py:620} INFO - Processing file /home/airflow/.local/lib/python3.6/site-packages/airflow/example_dags/example_bash_operator.py for tasks to queue
[2021-10-27 07:32:42,281] {logging_mixin.py:109} INFO - [2021-10-27 07:32:42,281] {dagbag.py:500} INFO - Filling up the DagBag from /home/airflow/.local/lib/python3.6/site-packages/airflow/example_dags/example_bash_operator.py
[2021-10-27 07:32:42,316] {processor.py:632} INFO - DAG(s) dict_keys(['example_bash_operator']) retrieved from /home/airflow/.local/lib/python3.6/site-packages/airflow/example_dags/example_bash_operator.py
[2021-10-27 07:32:42,326] {logging_mixin.py:109} INFO - [2021-10-27 07:32:42,326] {dag.py:2389} INFO - Sync 1 DAGs
[2021-10-27 07:32:42,343] {logging_mixin.py:109} INFO - [2021-10-27 07:32:42,342] {dag.py:2914} INFO - Setting next_dagrun for example_bash_operator to 2021-10-26 00:00:00+00:00
[2021-10-27 07:32:42,355] {processor.py:171} INFO - Processing /home/airflow/.local/lib/python3.6/site-packages/airflow/example_dags/example_bash_operator.py took 0.079 seconds
[2021-10-27 07:33:13,233] {processor.py:163} INFO - Started process (PID=668) to work on /home/airflow/.local/lib/python3.6/site-packages/airflow/example_dags/example_bash_operator.py
[2021-10-27 07:33:13,234] {processor.py:620} INFO - Processing file /home/airflow/.local/lib/python3.6/site-packages/airflow/example_dags/example_bash_operator.py for tasks to queue
[2021-10-27 07:33:13,235] {logging_mixin.py:109} INFO - [2021-10-27 07:33:13,235] {dagbag.py:500} INFO - Filling up the DagBag from /home/airflow/.local/lib/python3.6/site-packages/airflow/example_dags/example_bash_operator.py
[2021-10-27 07:33:13,274] {processor.py:632} INFO - DAG(s) dict_keys(['example_bash_operator']) retrieved from /home/airflow/.local/lib/python3.6/site-packages/airflow/example_dags/example_bash_operator.py
[2021-10-27 07:33:13,286] {logging_mixin.py:109} INFO - [2021-10-27 07:33:13,286] {dag.py:2389} INFO - Sync 1 DAGs
[2021-10-27 07:33:13,309] {logging_mixin.py:109} INFO - [2021-10-27 07:33:13,309] {dag.py:2914} INFO - Setting next_dagrun for example_bash_operator to 2021-10-26 00:00:00+00:00
[2021-10-27 07:33:13,324] {processor.py:171} INFO - Processing /home/airflow/.local/lib/python3.6/site-packages/airflow/example_dags/example_bash_operator.py took 0.095 seconds
[2021-10-27 07:33:44,107] {processor.py:163} INFO - Started process (PID=723) to work on /home/airflow/.local/lib/python3.6/site-packages/airflow/example_dags/example_bash_operator.py
[2021-10-27 07:33:44,108] {processor.py:620} INFO - Processing file /home/airflow/.local/lib/python3.6/site-packages/airflow/example_dags/example_bash_operator.py for tasks to queue
[2021-10-27 07:33:44,109] {logging_mixin.py:109} INFO - [2021-10-27 07:33:44,109] {dagbag.py:500} INFO - Filling up the DagBag from /home/airflow/.local/lib/python3.6/site-packages/airflow/example_dags/example_bash_operator.py
[2021-10-27 07:33:44,147] {processor.py:632} INFO - DAG(s) dict_keys(['example_bash_operator']) retrieved from /home/airflow/.local/lib/python3.6/site-packages/airflow/example_dags/example_bash_operator.py
[2021-10-27 07:33:44,161] {logging_mixin.py:109} INFO - [2021-10-27 07:33:44,161] {dag.py:2389} INFO - Sync 1 DAGs
[2021-10-27 07:33:44,179] {logging_mixin.py:109} INFO - [2021-10-27 07:33:44,179] {dag.py:2914} INFO - Setting next_dagrun for example_bash_operator to 2021-10-26 00:00:00+00:00
[2021-10-27 07:33:44,189] {processor.py:171} INFO - Processing /home/airflow/.local/lib/python3.6/site-packages/airflow/example_dags/example_bash_operator.py took 0.085 seconds
[2021-10-27 07:34:14,828] {processor.py:163} INFO - Started process (PID=788) to work on /home/airflow/.local/lib/python3.6/site-packages/airflow/example_dags/example_bash_operator.py
[2021-10-27 07:34:14,829] {processor.py:620} INFO - Processing file /home/airflow/.local/lib/python3.6/site-packages/airflow/example_dags/example_bash_operator.py for tasks to queue
[2021-10-27 07:34:14,830] {logging_mixin.py:109} INFO - [2021-10-27 07:34:14,830] {dagbag.py:500} INFO - Filling up the DagBag from /home/airflow/.local/lib/python3.6/site-packages/airflow/example_dags/example_bash_operator.py
[2021-10-27 07:34:14,864] {processor.py:632} INFO - DAG(s) dict_keys(['example_bash_operator']) retrieved from /home/airflow/.local/lib/python3.6/site-packages/airflow/example_dags/example_bash_operator.py
[2021-10-27 07:34:14,875] {logging_mixin.py:109} INFO - [2021-10-27 07:34:14,875] {dag.py:2389} INFO - Sync 1 DAGs
[2021-10-27 07:34:14,890] {logging_mixin.py:109} INFO - [2021-10-27 07:34:14,890] {dag.py:2914} INFO - Setting next_dagrun for example_bash_operator to 2021-10-26 00:00:00+00:00
[2021-10-27 07:34:14,901] {processor.py:171} INFO - Processing /home/airflow/.local/lib/python3.6/site-packages/airflow/example_dags/example_bash_operator.py took 0.075 seconds
[2021-10-27 07:34:45,513] {processor.py:163} INFO - Started process (PID=843) to work on /home/airflow/.local/lib/python3.6/site-packages/airflow/example_dags/example_bash_operator.py
[2021-10-27 07:34:45,515] {processor.py:620} INFO - Processing file /home/airflow/.local/lib/python3.6/site-packages/airflow/example_dags/example_bash_operator.py for tasks to queue
[2021-10-27 07:34:45,516] {logging_mixin.py:109} INFO - [2021-10-27 07:34:45,516] {dagbag.py:500} INFO - Filling up the DagBag from /home/airflow/.local/lib/python3.6/site-packages/airflow/example_dags/example_bash_operator.py
[2021-10-27 07:34:45,556] {processor.py:632} INFO - DAG(s) dict_keys(['example_bash_operator']) retrieved from /home/airflow/.local/lib/python3.6/site-packages/airflow/example_dags/example_bash_operator.py
[2021-10-27 07:34:45,567] {logging_mixin.py:109} INFO - [2021-10-27 07:34:45,567] {dag.py:2389} INFO - Sync 1 DAGs
[2021-10-27 07:34:45,586] {logging_mixin.py:109} INFO - [2021-10-27 07:34:45,586] {dag.py:2914} INFO - Setting next_dagrun for example_bash_operator to 2021-10-26 00:00:00+00:00
[2021-10-27 07:34:45,595] {processor.py:171} INFO - Processing /home/airflow/.local/lib/python3.6/site-packages/airflow/example_dags/example_bash_operator.py took 0.085 seconds
[2021-10-27 07:35:15,766] {processor.py:163} INFO - Started process (PID=909) to work on /home/airflow/.local/lib/python3.6/site-packages/airflow/example_dags/example_bash_operator.py
[2021-10-27 07:35:15,767] {processor.py:620} INFO - Processing file /home/airflow/.local/lib/python3.6/site-packages/airflow/example_dags/example_bash_operator.py for tasks to queue
[2021-10-27 07:35:15,768] {logging_mixin.py:109} INFO - [2021-10-27 07:35:15,768] {dagbag.py:500} INFO - Filling up the DagBag from /home/airflow/.local/lib/python3.6/site-packages/airflow/example_dags/example_bash_operator.py
[2021-10-27 07:35:15,803] {processor.py:632} INFO - DAG(s) dict_keys(['example_bash_operator']) retrieved from /home/airflow/.local/lib/python3.6/site-packages/airflow/example_dags/example_bash_operator.py
[2021-10-27 07:35:15,813] {logging_mixin.py:109} INFO - [2021-10-27 07:35:15,813] {dag.py:2389} INFO - Sync 1 DAGs
[2021-10-27 07:35:15,830] {logging_mixin.py:109} INFO - [2021-10-27 07:35:15,830] {dag.py:2914} INFO - Setting next_dagrun for example_bash_operator to 2021-10-26 00:00:00+00:00
[2021-10-27 07:35:15,840] {processor.py:171} INFO - Processing /home/airflow/.local/lib/python3.6/site-packages/airflow/example_dags/example_bash_operator.py took 0.077 seconds
[2021-10-27 07:35:46,089] {processor.py:163} INFO - Started process (PID=964) to work on /home/airflow/.local/lib/python3.6/site-packages/airflow/example_dags/example_bash_operator.py
[2021-10-27 07:35:46,090] {processor.py:620} INFO - Processing file /home/airflow/.local/lib/python3.6/site-packages/airflow/example_dags/example_bash_operator.py for tasks to queue
[2021-10-27 07:35:46,091] {logging_mixin.py:109} INFO - [2021-10-27 07:35:46,091] {dagbag.py:500} INFO - Filling up the DagBag from /home/airflow/.local/lib/python3.6/site-packages/airflow/example_dags/example_bash_operator.py
[2021-10-27 07:35:46,132] {processor.py:632} INFO - DAG(s) dict_keys(['example_bash_operator']) retrieved from /home/airflow/.local/lib/python3.6/site-packages/airflow/example_dags/example_bash_operator.py
[2021-10-27 07:35:46,143] {logging_mixin.py:109} INFO - [2021-10-27 07:35:46,142] {dag.py:2389} INFO - Sync 1 DAGs
[2021-10-27 07:35:46,158] {logging_mixin.py:109} INFO - [2021-10-27 07:35:46,158] {dag.py:2914} INFO - Setting next_dagrun for example_bash_operator to 2021-10-26 00:00:00+00:00
[2021-10-27 07:35:46,170] {processor.py:171} INFO - Processing /home/airflow/.local/lib/python3.6/site-packages/airflow/example_dags/example_bash_operator.py took 0.085 seconds
[2021-10-27 07:36:18,671] {processor.py:163} INFO - Started process (PID=1031) to work on /home/airflow/.local/lib/python3.6/site-packages/airflow/example_dags/example_bash_operator.py
[2021-10-27 07:36:18,684] {processor.py:620} INFO - Processing file /home/airflow/.local/lib/python3.6/site-packages/airflow/example_dags/example_bash_operator.py for tasks to queue
[2021-10-27 07:36:18,685] {logging_mixin.py:109} INFO - [2021-10-27 07:36:18,685] {dagbag.py:500} INFO - Filling up the DagBag from /home/airflow/.local/lib/python3.6/site-packages/airflow/example_dags/example_bash_operator.py
[2021-10-27 07:36:18,832] {processor.py:632} INFO - DAG(s) dict_keys(['example_bash_operator']) retrieved from /home/airflow/.local/lib/python3.6/site-packages/airflow/example_dags/example_bash_operator.py
[2021-10-27 07:36:18,880] {logging_mixin.py:109} INFO - [2021-10-27 07:36:18,880] {dag.py:2389} INFO - Sync 1 DAGs
[2021-10-27 07:36:18,947] {logging_mixin.py:109} INFO - [2021-10-27 07:36:18,947] {dag.py:2914} INFO - Setting next_dagrun for example_bash_operator to 2021-10-26 00:00:00+00:00
[2021-10-27 07:36:19,008] {processor.py:171} INFO - Processing /home/airflow/.local/lib/python3.6/site-packages/airflow/example_dags/example_bash_operator.py took 0.343 seconds
[2021-10-27 07:36:49,827] {processor.py:163} INFO - Started process (PID=1086) to work on /home/airflow/.local/lib/python3.6/site-packages/airflow/example_dags/example_bash_operator.py
[2021-10-27 07:36:49,829] {processor.py:620} INFO - Processing file /home/airflow/.local/lib/python3.6/site-packages/airflow/example_dags/example_bash_operator.py for tasks to queue
[2021-10-27 07:36:49,830] {logging_mixin.py:109} INFO - [2021-10-27 07:36:49,830] {dagbag.py:500} INFO - Filling up the DagBag from /home/airflow/.local/lib/python3.6/site-packages/airflow/example_dags/example_bash_operator.py
[2021-10-27 07:36:49,904] {processor.py:632} INFO - DAG(s) dict_keys(['example_bash_operator']) retrieved from /home/airflow/.local/lib/python3.6/site-packages/airflow/example_dags/example_bash_operator.py
[2021-10-27 07:36:49,919] {logging_mixin.py:109} INFO - [2021-10-27 07:36:49,919] {dag.py:2389} INFO - Sync 1 DAGs
[2021-10-27 07:36:49,937] {logging_mixin.py:109} INFO - [2021-10-27 07:36:49,937] {dag.py:2914} INFO - Setting next_dagrun for example_bash_operator to 2021-10-26 00:00:00+00:00
[2021-10-27 07:36:49,946] {processor.py:171} INFO - Processing /home/airflow/.local/lib/python3.6/site-packages/airflow/example_dags/example_bash_operator.py took 0.123 seconds
[2021-10-27 07:37:20,340] {processor.py:163} INFO - Started process (PID=1153) to work on /home/airflow/.local/lib/python3.6/site-packages/airflow/example_dags/example_bash_operator.py
[2021-10-27 07:37:20,342] {processor.py:620} INFO - Processing file /home/airflow/.local/lib/python3.6/site-packages/airflow/example_dags/example_bash_operator.py for tasks to queue
[2021-10-27 07:37:20,343] {logging_mixin.py:109} INFO - [2021-10-27 07:37:20,343] {dagbag.py:500} INFO - Filling up the DagBag from /home/airflow/.local/lib/python3.6/site-packages/airflow/example_dags/example_bash_operator.py
[2021-10-27 07:37:20,390] {processor.py:632} INFO - DAG(s) dict_keys(['example_bash_operator']) retrieved from /home/airflow/.local/lib/python3.6/site-packages/airflow/example_dags/example_bash_operator.py
[2021-10-27 07:37:20,404] {logging_mixin.py:109} INFO - [2021-10-27 07:37:20,404] {dag.py:2389} INFO - Sync 1 DAGs
[2021-10-27 07:37:20,425] {logging_mixin.py:109} INFO - [2021-10-27 07:37:20,425] {dag.py:2914} INFO - Setting next_dagrun for example_bash_operator to 2021-10-26 00:00:00+00:00
[2021-10-27 07:37:20,439] {processor.py:171} INFO - Processing /home/airflow/.local/lib/python3.6/site-packages/airflow/example_dags/example_bash_operator.py took 0.104 seconds
[2021-10-27 07:37:50,919] {processor.py:163} INFO - Started process (PID=1209) to work on /home/airflow/.local/lib/python3.6/site-packages/airflow/example_dags/example_bash_operator.py
[2021-10-27 07:37:50,920] {processor.py:620} INFO - Processing file /home/airflow/.local/lib/python3.6/site-packages/airflow/example_dags/example_bash_operator.py for tasks to queue
[2021-10-27 07:37:50,921] {logging_mixin.py:109} INFO - [2021-10-27 07:37:50,921] {dagbag.py:500} INFO - Filling up the DagBag from /home/airflow/.local/lib/python3.6/site-packages/airflow/example_dags/example_bash_operator.py
[2021-10-27 07:37:50,954] {processor.py:632} INFO - DAG(s) dict_keys(['example_bash_operator']) retrieved from /home/airflow/.local/lib/python3.6/site-packages/airflow/example_dags/example_bash_operator.py
[2021-10-27 07:37:50,966] {logging_mixin.py:109} INFO - [2021-10-27 07:37:50,966] {dag.py:2389} INFO - Sync 1 DAGs
[2021-10-27 07:37:50,983] {logging_mixin.py:109} INFO - [2021-10-27 07:37:50,983] {dag.py:2914} INFO - Setting next_dagrun for example_bash_operator to 2021-10-26 00:00:00+00:00
[2021-10-27 07:37:50,996] {processor.py:171} INFO - Processing /home/airflow/.local/lib/python3.6/site-packages/airflow/example_dags/example_bash_operator.py took 0.080 seconds
[2021-10-27 07:38:21,554] {processor.py:163} INFO - Started process (PID=1275) to work on /home/airflow/.local/lib/python3.6/site-packages/airflow/example_dags/example_bash_operator.py
[2021-10-27 07:38:21,555] {processor.py:620} INFO - Processing file /home/airflow/.local/lib/python3.6/site-packages/airflow/example_dags/example_bash_operator.py for tasks to queue
[2021-10-27 07:38:21,556] {logging_mixin.py:109} INFO - [2021-10-27 07:38:21,556] {dagbag.py:500} INFO - Filling up the DagBag from /home/airflow/.local/lib/python3.6/site-packages/airflow/example_dags/example_bash_operator.py
[2021-10-27 07:38:21,589] {processor.py:632} INFO - DAG(s) dict_keys(['example_bash_operator']) retrieved from /home/airflow/.local/lib/python3.6/site-packages/airflow/example_dags/example_bash_operator.py
[2021-10-27 07:38:21,601] {logging_mixin.py:109} INFO - [2021-10-27 07:38:21,601] {dag.py:2389} INFO - Sync 1 DAGs
[2021-10-27 07:38:21,618] {logging_mixin.py:109} INFO - [2021-10-27 07:38:21,618] {dag.py:2914} INFO - Setting next_dagrun for example_bash_operator to 2021-10-26 00:00:00+00:00
[2021-10-27 07:38:21,629] {processor.py:171} INFO - Processing /home/airflow/.local/lib/python3.6/site-packages/airflow/example_dags/example_bash_operator.py took 0.078 seconds
[2021-10-27 07:38:52,026] {processor.py:163} INFO - Started process (PID=1331) to work on /home/airflow/.local/lib/python3.6/site-packages/airflow/example_dags/example_bash_operator.py
[2021-10-27 07:38:52,027] {processor.py:620} INFO - Processing file /home/airflow/.local/lib/python3.6/site-packages/airflow/example_dags/example_bash_operator.py for tasks to queue
[2021-10-27 07:38:52,028] {logging_mixin.py:109} INFO - [2021-10-27 07:38:52,028] {dagbag.py:500} INFO - Filling up the DagBag from /home/airflow/.local/lib/python3.6/site-packages/airflow/example_dags/example_bash_operator.py
[2021-10-27 07:38:52,060] {processor.py:632} INFO - DAG(s) dict_keys(['example_bash_operator']) retrieved from /home/airflow/.local/lib/python3.6/site-packages/airflow/example_dags/example_bash_operator.py
[2021-10-27 07:38:52,071] {logging_mixin.py:109} INFO - [2021-10-27 07:38:52,070] {dag.py:2389} INFO - Sync 1 DAGs
[2021-10-27 07:38:52,087] {logging_mixin.py:109} INFO - [2021-10-27 07:38:52,087] {dag.py:2914} INFO - Setting next_dagrun for example_bash_operator to 2021-10-26 00:00:00+00:00
[2021-10-27 07:38:52,098] {processor.py:171} INFO - Processing /home/airflow/.local/lib/python3.6/site-packages/airflow/example_dags/example_bash_operator.py took 0.075 seconds
[2021-10-27 07:39:22,443] {processor.py:163} INFO - Started process (PID=1396) to work on /home/airflow/.local/lib/python3.6/site-packages/airflow/example_dags/example_bash_operator.py
[2021-10-27 07:39:22,444] {processor.py:620} INFO - Processing file /home/airflow/.local/lib/python3.6/site-packages/airflow/example_dags/example_bash_operator.py for tasks to queue
[2021-10-27 07:39:22,445] {logging_mixin.py:109} INFO - [2021-10-27 07:39:22,445] {dagbag.py:500} INFO - Filling up the DagBag from /home/airflow/.local/lib/python3.6/site-packages/airflow/example_dags/example_bash_operator.py
[2021-10-27 07:39:22,479] {processor.py:632} INFO - DAG(s) dict_keys(['example_bash_operator']) retrieved from /home/airflow/.local/lib/python3.6/site-packages/airflow/example_dags/example_bash_operator.py
[2021-10-27 07:39:22,490] {logging_mixin.py:109} INFO - [2021-10-27 07:39:22,490] {dag.py:2389} INFO - Sync 1 DAGs
[2021-10-27 07:39:22,507] {logging_mixin.py:109} INFO - [2021-10-27 07:39:22,507] {dag.py:2914} INFO - Setting next_dagrun for example_bash_operator to 2021-10-26 00:00:00+00:00
[2021-10-27 07:39:22,519] {processor.py:171} INFO - Processing /home/airflow/.local/lib/python3.6/site-packages/airflow/example_dags/example_bash_operator.py took 0.079 seconds
[2021-10-27 07:39:52,828] {processor.py:163} INFO - Started process (PID=1450) to work on /home/airflow/.local/lib/python3.6/site-packages/airflow/example_dags/example_bash_operator.py
[2021-10-27 07:39:52,829] {processor.py:620} INFO - Processing file /home/airflow/.local/lib/python3.6/site-packages/airflow/example_dags/example_bash_operator.py for tasks to queue
[2021-10-27 07:39:52,830] {logging_mixin.py:109} INFO - [2021-10-27 07:39:52,830] {dagbag.py:500} INFO - Filling up the DagBag from /home/airflow/.local/lib/python3.6/site-packages/airflow/example_dags/example_bash_operator.py
[2021-10-27 07:39:52,863] {processor.py:632} INFO - DAG(s) dict_keys(['example_bash_operator']) retrieved from /home/airflow/.local/lib/python3.6/site-packages/airflow/example_dags/example_bash_operator.py
[2021-10-27 07:39:52,875] {logging_mixin.py:109} INFO - [2021-10-27 07:39:52,875] {dag.py:2389} INFO - Sync 1 DAGs
[2021-10-27 07:39:52,890] {logging_mixin.py:109} INFO - [2021-10-27 07:39:52,890] {dag.py:2914} INFO - Setting next_dagrun for example_bash_operator to 2021-10-26 00:00:00+00:00
[2021-10-27 07:39:52,902] {processor.py:171} INFO - Processing /home/airflow/.local/lib/python3.6/site-packages/airflow/example_dags/example_bash_operator.py took 0.077 seconds
[2021-10-27 07:40:23,281] {processor.py:163} INFO - Started process (PID=1516) to work on /home/airflow/.local/lib/python3.6/site-packages/airflow/example_dags/example_bash_operator.py
[2021-10-27 07:40:23,282] {processor.py:620} INFO - Processing file /home/airflow/.local/lib/python3.6/site-packages/airflow/example_dags/example_bash_operator.py for tasks to queue
[2021-10-27 07:40:23,283] {logging_mixin.py:109} INFO - [2021-10-27 07:40:23,283] {dagbag.py:500} INFO - Filling up the DagBag from /home/airflow/.local/lib/python3.6/site-packages/airflow/example_dags/example_bash_operator.py
[2021-10-27 07:40:23,316] {processor.py:632} INFO - DAG(s) dict_keys(['example_bash_operator']) retrieved from /home/airflow/.local/lib/python3.6/site-packages/airflow/example_dags/example_bash_operator.py
[2021-10-27 07:40:23,327] {logging_mixin.py:109} INFO - [2021-10-27 07:40:23,327] {dag.py:2389} INFO - Sync 1 DAGs
[2021-10-27 07:40:23,344] {logging_mixin.py:109} INFO - [2021-10-27 07:40:23,344] {dag.py:2914} INFO - Setting next_dagrun for example_bash_operator to 2021-10-26 00:00:00+00:00
[2021-10-27 07:40:23,356] {processor.py:171} INFO - Processing /home/airflow/.local/lib/python3.6/site-packages/airflow/example_dags/example_bash_operator.py took 0.078 seconds
[2021-10-27 07:40:53,705] {processor.py:163} INFO - Started process (PID=1570) to work on /home/airflow/.local/lib/python3.6/site-packages/airflow/example_dags/example_bash_operator.py
[2021-10-27 07:40:53,706] {processor.py:620} INFO - Processing file /home/airflow/.local/lib/python3.6/site-packages/airflow/example_dags/example_bash_operator.py for tasks to queue
[2021-10-27 07:40:53,707] {logging_mixin.py:109} INFO - [2021-10-27 07:40:53,707] {dagbag.py:500} INFO - Filling up the DagBag from /home/airflow/.local/lib/python3.6/site-packages/airflow/example_dags/example_bash_operator.py
[2021-10-27 07:40:53,740] {processor.py:632} INFO - DAG(s) dict_keys(['example_bash_operator']) retrieved from /home/airflow/.local/lib/python3.6/site-packages/airflow/example_dags/example_bash_operator.py
[2021-10-27 07:40:53,752] {logging_mixin.py:109} INFO - [2021-10-27 07:40:53,751] {dag.py:2389} INFO - Sync 1 DAGs
[2021-10-27 07:40:53,768] {logging_mixin.py:109} INFO - [2021-10-27 07:40:53,768] {dag.py:2914} INFO - Setting next_dagrun for example_bash_operator to 2021-10-26 00:00:00+00:00
[2021-10-27 07:40:53,779] {processor.py:171} INFO - Processing /home/airflow/.local/lib/python3.6/site-packages/airflow/example_dags/example_bash_operator.py took 0.077 seconds
[2021-10-27 07:41:24,212] {processor.py:163} INFO - Started process (PID=1634) to work on /home/airflow/.local/lib/python3.6/site-packages/airflow/example_dags/example_bash_operator.py
[2021-10-27 07:41:24,214] {processor.py:620} INFO - Processing file /home/airflow/.local/lib/python3.6/site-packages/airflow/example_dags/example_bash_operator.py for tasks to queue
[2021-10-27 07:41:24,215] {logging_mixin.py:109} INFO - [2021-10-27 07:41:24,215] {dagbag.py:500} INFO - Filling up the DagBag from /home/airflow/.local/lib/python3.6/site-packages/airflow/example_dags/example_bash_operator.py
[2021-10-27 07:41:24,259] {processor.py:632} INFO - DAG(s) dict_keys(['example_bash_operator']) retrieved from /home/airflow/.local/lib/python3.6/site-packages/airflow/example_dags/example_bash_operator.py
[2021-10-27 07:41:24,272] {logging_mixin.py:109} INFO - [2021-10-27 07:41:24,272] {dag.py:2389} INFO - Sync 1 DAGs
[2021-10-27 07:41:24,288] {logging_mixin.py:109} INFO - [2021-10-27 07:41:24,288] {dag.py:2914} INFO - Setting next_dagrun for example_bash_operator to 2021-10-26 00:00:00+00:00
[2021-10-27 07:41:24,299] {processor.py:171} INFO - Processing /home/airflow/.local/lib/python3.6/site-packages/airflow/example_dags/example_bash_operator.py took 0.091 seconds
[2021-10-27 07:41:54,438] {processor.py:163} INFO - Started process (PID=1688) to work on /home/airflow/.local/lib/python3.6/site-packages/airflow/example_dags/example_bash_operator.py
[2021-10-27 07:41:54,439] {processor.py:620} INFO - Processing file /home/airflow/.local/lib/python3.6/site-packages/airflow/example_dags/example_bash_operator.py for tasks to queue
[2021-10-27 07:41:54,440] {logging_mixin.py:109} INFO - [2021-10-27 07:41:54,440] {dagbag.py:500} INFO - Filling up the DagBag from /home/airflow/.local/lib/python3.6/site-packages/airflow/example_dags/example_bash_operator.py
[2021-10-27 07:41:54,472] {processor.py:632} INFO - DAG(s) dict_keys(['example_bash_operator']) retrieved from /home/airflow/.local/lib/python3.6/site-packages/airflow/example_dags/example_bash_operator.py
[2021-10-27 07:41:54,483] {logging_mixin.py:109} INFO - [2021-10-27 07:41:54,483] {dag.py:2389} INFO - Sync 1 DAGs
[2021-10-27 07:41:54,501] {logging_mixin.py:109} INFO - [2021-10-27 07:41:54,501] {dag.py:2914} INFO - Setting next_dagrun for example_bash_operator to 2021-10-26 00:00:00+00:00
[2021-10-27 07:41:54,511] {processor.py:171} INFO - Processing /home/airflow/.local/lib/python3.6/site-packages/airflow/example_dags/example_bash_operator.py took 0.076 seconds
[2021-10-27 07:42:25,352] {processor.py:163} INFO - Started process (PID=1753) to work on /home/airflow/.local/lib/python3.6/site-packages/airflow/example_dags/example_bash_operator.py
[2021-10-27 07:42:25,353] {processor.py:620} INFO - Processing file /home/airflow/.local/lib/python3.6/site-packages/airflow/example_dags/example_bash_operator.py for tasks to queue
[2021-10-27 07:42:25,354] {logging_mixin.py:109} INFO - [2021-10-27 07:42:25,354] {dagbag.py:500} INFO - Filling up the DagBag from /home/airflow/.local/lib/python3.6/site-packages/airflow/example_dags/example_bash_operator.py
[2021-10-27 07:42:25,392] {processor.py:632} INFO - DAG(s) dict_keys(['example_bash_operator']) retrieved from /home/airflow/.local/lib/python3.6/site-packages/airflow/example_dags/example_bash_operator.py
[2021-10-27 07:42:25,405] {logging_mixin.py:109} INFO - [2021-10-27 07:42:25,405] {dag.py:2389} INFO - Sync 1 DAGs
[2021-10-27 07:42:25,425] {logging_mixin.py:109} INFO - [2021-10-27 07:42:25,425] {dag.py:2914} INFO - Setting next_dagrun for example_bash_operator to 2021-10-26 00:00:00+00:00
[2021-10-27 07:42:25,437] {processor.py:171} INFO - Processing /home/airflow/.local/lib/python3.6/site-packages/airflow/example_dags/example_bash_operator.py took 0.089 seconds
[2021-10-27 07:42:56,282] {processor.py:163} INFO - Started process (PID=1809) to work on /home/airflow/.local/lib/python3.6/site-packages/airflow/example_dags/example_bash_operator.py
[2021-10-27 07:42:56,283] {processor.py:620} INFO - Processing file /home/airflow/.local/lib/python3.6/site-packages/airflow/example_dags/example_bash_operator.py for tasks to queue
[2021-10-27 07:42:56,284] {logging_mixin.py:109} INFO - [2021-10-27 07:42:56,284] {dagbag.py:500} INFO - Filling up the DagBag from /home/airflow/.local/lib/python3.6/site-packages/airflow/example_dags/example_bash_operator.py
[2021-10-27 07:42:56,317] {processor.py:632} INFO - DAG(s) dict_keys(['example_bash_operator']) retrieved from /home/airflow/.local/lib/python3.6/site-packages/airflow/example_dags/example_bash_operator.py
[2021-10-27 07:42:56,329] {logging_mixin.py:109} INFO - [2021-10-27 07:42:56,329] {dag.py:2389} INFO - Sync 1 DAGs
[2021-10-27 07:42:56,346] {logging_mixin.py:109} INFO - [2021-10-27 07:42:56,346] {dag.py:2914} INFO - Setting next_dagrun for example_bash_operator to 2021-10-26 00:00:00+00:00
[2021-10-27 07:42:56,358] {processor.py:171} INFO - Processing /home/airflow/.local/lib/python3.6/site-packages/airflow/example_dags/example_bash_operator.py took 0.079 seconds
[2021-10-27 07:43:26,853] {processor.py:163} INFO - Started process (PID=1876) to work on /home/airflow/.local/lib/python3.6/site-packages/airflow/example_dags/example_bash_operator.py
[2021-10-27 07:43:26,855] {processor.py:620} INFO - Processing file /home/airflow/.local/lib/python3.6/site-packages/airflow/example_dags/example_bash_operator.py for tasks to queue
[2021-10-27 07:43:26,856] {logging_mixin.py:109} INFO - [2021-10-27 07:43:26,856] {dagbag.py:500} INFO - Filling up the DagBag from /home/airflow/.local/lib/python3.6/site-packages/airflow/example_dags/example_bash_operator.py
[2021-10-27 07:43:26,957] {processor.py:632} INFO - DAG(s) dict_keys(['example_bash_operator']) retrieved from /home/airflow/.local/lib/python3.6/site-packages/airflow/example_dags/example_bash_operator.py
[2021-10-27 07:43:26,988] {logging_mixin.py:109} INFO - [2021-10-27 07:43:26,987] {dag.py:2389} INFO - Sync 1 DAGs
[2021-10-27 07:43:27,038] {logging_mixin.py:109} INFO - [2021-10-27 07:43:27,037] {dag.py:2914} INFO - Setting next_dagrun for example_bash_operator to 2021-10-26 00:00:00+00:00
[2021-10-27 07:43:27,056] {processor.py:171} INFO - Processing /home/airflow/.local/lib/python3.6/site-packages/airflow/example_dags/example_bash_operator.py took 0.209 seconds
[2021-10-27 07:43:57,798] {processor.py:163} INFO - Started process (PID=1932) to work on /home/airflow/.local/lib/python3.6/site-packages/airflow/example_dags/example_bash_operator.py
[2021-10-27 07:43:57,800] {processor.py:620} INFO - Processing file /home/airflow/.local/lib/python3.6/site-packages/airflow/example_dags/example_bash_operator.py for tasks to queue
[2021-10-27 07:43:57,801] {logging_mixin.py:109} INFO - [2021-10-27 07:43:57,801] {dagbag.py:500} INFO - Filling up the DagBag from /home/airflow/.local/lib/python3.6/site-packages/airflow/example_dags/example_bash_operator.py
[2021-10-27 07:43:57,873] {processor.py:632} INFO - DAG(s) dict_keys(['example_bash_operator']) retrieved from /home/airflow/.local/lib/python3.6/site-packages/airflow/example_dags/example_bash_operator.py
[2021-10-27 07:43:57,906] {logging_mixin.py:109} INFO - [2021-10-27 07:43:57,906] {dag.py:2389} INFO - Sync 1 DAGs
[2021-10-27 07:43:57,933] {logging_mixin.py:109} INFO - [2021-10-27 07:43:57,933] {dag.py:2914} INFO - Setting next_dagrun for example_bash_operator to 2021-10-26 00:00:00+00:00
[2021-10-27 07:43:57,946] {processor.py:171} INFO - Processing /home/airflow/.local/lib/python3.6/site-packages/airflow/example_dags/example_bash_operator.py took 0.154 seconds
[2021-10-27 07:44:28,277] {processor.py:163} INFO - Started process (PID=1988) to work on /home/airflow/.local/lib/python3.6/site-packages/airflow/example_dags/example_bash_operator.py
[2021-10-27 07:44:28,279] {processor.py:620} INFO - Processing file /home/airflow/.local/lib/python3.6/site-packages/airflow/example_dags/example_bash_operator.py for tasks to queue
[2021-10-27 07:44:28,280] {logging_mixin.py:109} INFO - [2021-10-27 07:44:28,279] {dagbag.py:500} INFO - Filling up the DagBag from /home/airflow/.local/lib/python3.6/site-packages/airflow/example_dags/example_bash_operator.py
[2021-10-27 07:44:28,312] {processor.py:632} INFO - DAG(s) dict_keys(['example_bash_operator']) retrieved from /home/airflow/.local/lib/python3.6/site-packages/airflow/example_dags/example_bash_operator.py
[2021-10-27 07:44:28,323] {logging_mixin.py:109} INFO - [2021-10-27 07:44:28,323] {dag.py:2389} INFO - Sync 1 DAGs
[2021-10-27 07:44:28,338] {logging_mixin.py:109} INFO - [2021-10-27 07:44:28,338] {dag.py:2914} INFO - Setting next_dagrun for example_bash_operator to 2021-10-26 00:00:00+00:00
[2021-10-27 07:44:28,348] {processor.py:171} INFO - Processing /home/airflow/.local/lib/python3.6/site-packages/airflow/example_dags/example_bash_operator.py took 0.074 seconds
