[2021-10-27 07:17:42,854] {processor.py:163} INFO - Started process (PID=56) to work on /home/airflow/.local/lib/python3.6/site-packages/airflow/example_dags/tutorial_etl_dag.py
[2021-10-27 07:17:42,856] {processor.py:620} INFO - Processing file /home/airflow/.local/lib/python3.6/site-packages/airflow/example_dags/tutorial_etl_dag.py for tasks to queue
[2021-10-27 07:17:42,857] {logging_mixin.py:109} INFO - [2021-10-27 07:17:42,857] {dagbag.py:500} INFO - Filling up the DagBag from /home/airflow/.local/lib/python3.6/site-packages/airflow/example_dags/tutorial_etl_dag.py
[2021-10-27 07:17:42,980] {processor.py:632} INFO - DAG(s) dict_keys(['tutorial_etl_dag']) retrieved from /home/airflow/.local/lib/python3.6/site-packages/airflow/example_dags/tutorial_etl_dag.py
[2021-10-27 07:17:42,992] {logging_mixin.py:109} INFO - [2021-10-27 07:17:42,991] {dag.py:2389} INFO - Sync 1 DAGs
[2021-10-27 07:17:43,007] {logging_mixin.py:109} INFO - [2021-10-27 07:17:43,007] {dag.py:2914} INFO - Setting next_dagrun for tutorial_etl_dag to None
[2021-10-27 07:17:43,018] {processor.py:171} INFO - Processing /home/airflow/.local/lib/python3.6/site-packages/airflow/example_dags/tutorial_etl_dag.py took 0.168 seconds
[2021-10-27 07:18:13,146] {processor.py:163} INFO - Started process (PID=112) to work on /home/airflow/.local/lib/python3.6/site-packages/airflow/example_dags/tutorial_etl_dag.py
[2021-10-27 07:18:13,148] {processor.py:620} INFO - Processing file /home/airflow/.local/lib/python3.6/site-packages/airflow/example_dags/tutorial_etl_dag.py for tasks to queue
[2021-10-27 07:18:13,149] {logging_mixin.py:109} INFO - [2021-10-27 07:18:13,149] {dagbag.py:500} INFO - Filling up the DagBag from /home/airflow/.local/lib/python3.6/site-packages/airflow/example_dags/tutorial_etl_dag.py
[2021-10-27 07:18:13,178] {processor.py:632} INFO - DAG(s) dict_keys(['tutorial_etl_dag']) retrieved from /home/airflow/.local/lib/python3.6/site-packages/airflow/example_dags/tutorial_etl_dag.py
[2021-10-27 07:18:13,189] {logging_mixin.py:109} INFO - [2021-10-27 07:18:13,189] {dag.py:2389} INFO - Sync 1 DAGs
[2021-10-27 07:18:13,203] {logging_mixin.py:109} INFO - [2021-10-27 07:18:13,203] {dag.py:2914} INFO - Setting next_dagrun for tutorial_etl_dag to None
[2021-10-27 07:18:13,213] {processor.py:171} INFO - Processing /home/airflow/.local/lib/python3.6/site-packages/airflow/example_dags/tutorial_etl_dag.py took 0.070 seconds
[2021-10-27 07:18:43,486] {processor.py:163} INFO - Started process (PID=167) to work on /home/airflow/.local/lib/python3.6/site-packages/airflow/example_dags/tutorial_etl_dag.py
[2021-10-27 07:18:43,488] {processor.py:620} INFO - Processing file /home/airflow/.local/lib/python3.6/site-packages/airflow/example_dags/tutorial_etl_dag.py for tasks to queue
[2021-10-27 07:18:43,489] {logging_mixin.py:109} INFO - [2021-10-27 07:18:43,489] {dagbag.py:500} INFO - Filling up the DagBag from /home/airflow/.local/lib/python3.6/site-packages/airflow/example_dags/tutorial_etl_dag.py
[2021-10-27 07:18:43,513] {processor.py:632} INFO - DAG(s) dict_keys(['tutorial_etl_dag']) retrieved from /home/airflow/.local/lib/python3.6/site-packages/airflow/example_dags/tutorial_etl_dag.py
[2021-10-27 07:18:43,523] {logging_mixin.py:109} INFO - [2021-10-27 07:18:43,523] {dag.py:2389} INFO - Sync 1 DAGs
[2021-10-27 07:18:43,538] {logging_mixin.py:109} INFO - [2021-10-27 07:18:43,538] {dag.py:2914} INFO - Setting next_dagrun for tutorial_etl_dag to None
[2021-10-27 07:18:43,549] {processor.py:171} INFO - Processing /home/airflow/.local/lib/python3.6/site-packages/airflow/example_dags/tutorial_etl_dag.py took 0.066 seconds
[2021-10-27 07:19:14,295] {processor.py:163} INFO - Started process (PID=231) to work on /home/airflow/.local/lib/python3.6/site-packages/airflow/example_dags/tutorial_etl_dag.py
[2021-10-27 07:19:14,298] {processor.py:620} INFO - Processing file /home/airflow/.local/lib/python3.6/site-packages/airflow/example_dags/tutorial_etl_dag.py for tasks to queue
[2021-10-27 07:19:14,302] {logging_mixin.py:109} INFO - [2021-10-27 07:19:14,301] {dagbag.py:500} INFO - Filling up the DagBag from /home/airflow/.local/lib/python3.6/site-packages/airflow/example_dags/tutorial_etl_dag.py
[2021-10-27 07:19:14,353] {processor.py:632} INFO - DAG(s) dict_keys(['tutorial_etl_dag']) retrieved from /home/airflow/.local/lib/python3.6/site-packages/airflow/example_dags/tutorial_etl_dag.py
[2021-10-27 07:19:14,373] {logging_mixin.py:109} INFO - [2021-10-27 07:19:14,373] {dag.py:2389} INFO - Sync 1 DAGs
[2021-10-27 07:19:14,404] {logging_mixin.py:109} INFO - [2021-10-27 07:19:14,404] {dag.py:2914} INFO - Setting next_dagrun for tutorial_etl_dag to None
[2021-10-27 07:19:14,425] {processor.py:171} INFO - Processing /home/airflow/.local/lib/python3.6/site-packages/airflow/example_dags/tutorial_etl_dag.py took 0.137 seconds
[2021-10-27 07:19:44,488] {processor.py:163} INFO - Started process (PID=286) to work on /home/airflow/.local/lib/python3.6/site-packages/airflow/example_dags/tutorial_etl_dag.py
[2021-10-27 07:19:44,490] {processor.py:620} INFO - Processing file /home/airflow/.local/lib/python3.6/site-packages/airflow/example_dags/tutorial_etl_dag.py for tasks to queue
[2021-10-27 07:19:44,490] {logging_mixin.py:109} INFO - [2021-10-27 07:19:44,490] {dagbag.py:500} INFO - Filling up the DagBag from /home/airflow/.local/lib/python3.6/site-packages/airflow/example_dags/tutorial_etl_dag.py
[2021-10-27 07:19:44,519] {processor.py:632} INFO - DAG(s) dict_keys(['tutorial_etl_dag']) retrieved from /home/airflow/.local/lib/python3.6/site-packages/airflow/example_dags/tutorial_etl_dag.py
[2021-10-27 07:19:44,531] {logging_mixin.py:109} INFO - [2021-10-27 07:19:44,531] {dag.py:2389} INFO - Sync 1 DAGs
[2021-10-27 07:19:44,549] {logging_mixin.py:109} INFO - [2021-10-27 07:19:44,549] {dag.py:2914} INFO - Setting next_dagrun for tutorial_etl_dag to None
[2021-10-27 07:19:44,560] {processor.py:171} INFO - Processing /home/airflow/.local/lib/python3.6/site-packages/airflow/example_dags/tutorial_etl_dag.py took 0.076 seconds
[2021-10-27 07:20:15,216] {processor.py:163} INFO - Started process (PID=342) to work on /home/airflow/.local/lib/python3.6/site-packages/airflow/example_dags/tutorial_etl_dag.py
[2021-10-27 07:20:15,217] {processor.py:620} INFO - Processing file /home/airflow/.local/lib/python3.6/site-packages/airflow/example_dags/tutorial_etl_dag.py for tasks to queue
[2021-10-27 07:20:15,218] {logging_mixin.py:109} INFO - [2021-10-27 07:20:15,218] {dagbag.py:500} INFO - Filling up the DagBag from /home/airflow/.local/lib/python3.6/site-packages/airflow/example_dags/tutorial_etl_dag.py
[2021-10-27 07:20:15,247] {processor.py:632} INFO - DAG(s) dict_keys(['tutorial_etl_dag']) retrieved from /home/airflow/.local/lib/python3.6/site-packages/airflow/example_dags/tutorial_etl_dag.py
[2021-10-27 07:20:15,260] {logging_mixin.py:109} INFO - [2021-10-27 07:20:15,260] {dag.py:2389} INFO - Sync 1 DAGs
[2021-10-27 07:20:15,279] {logging_mixin.py:109} INFO - [2021-10-27 07:20:15,279] {dag.py:2914} INFO - Setting next_dagrun for tutorial_etl_dag to None
[2021-10-27 07:20:15,293] {processor.py:171} INFO - Processing /home/airflow/.local/lib/python3.6/site-packages/airflow/example_dags/tutorial_etl_dag.py took 0.080 seconds
[2021-10-27 07:20:45,573] {processor.py:163} INFO - Started process (PID=408) to work on /home/airflow/.local/lib/python3.6/site-packages/airflow/example_dags/tutorial_etl_dag.py
[2021-10-27 07:20:45,575] {processor.py:620} INFO - Processing file /home/airflow/.local/lib/python3.6/site-packages/airflow/example_dags/tutorial_etl_dag.py for tasks to queue
[2021-10-27 07:20:45,576] {logging_mixin.py:109} INFO - [2021-10-27 07:20:45,576] {dagbag.py:500} INFO - Filling up the DagBag from /home/airflow/.local/lib/python3.6/site-packages/airflow/example_dags/tutorial_etl_dag.py
[2021-10-27 07:20:45,604] {processor.py:632} INFO - DAG(s) dict_keys(['tutorial_etl_dag']) retrieved from /home/airflow/.local/lib/python3.6/site-packages/airflow/example_dags/tutorial_etl_dag.py
[2021-10-27 07:20:45,615] {logging_mixin.py:109} INFO - [2021-10-27 07:20:45,615] {dag.py:2389} INFO - Sync 1 DAGs
[2021-10-27 07:20:45,629] {logging_mixin.py:109} INFO - [2021-10-27 07:20:45,629] {dag.py:2914} INFO - Setting next_dagrun for tutorial_etl_dag to None
[2021-10-27 07:20:45,641] {processor.py:171} INFO - Processing /home/airflow/.local/lib/python3.6/site-packages/airflow/example_dags/tutorial_etl_dag.py took 0.071 seconds
[2021-10-27 07:21:16,043] {processor.py:163} INFO - Started process (PID=464) to work on /home/airflow/.local/lib/python3.6/site-packages/airflow/example_dags/tutorial_etl_dag.py
[2021-10-27 07:21:16,044] {processor.py:620} INFO - Processing file /home/airflow/.local/lib/python3.6/site-packages/airflow/example_dags/tutorial_etl_dag.py for tasks to queue
[2021-10-27 07:21:16,045] {logging_mixin.py:109} INFO - [2021-10-27 07:21:16,045] {dagbag.py:500} INFO - Filling up the DagBag from /home/airflow/.local/lib/python3.6/site-packages/airflow/example_dags/tutorial_etl_dag.py
[2021-10-27 07:21:16,075] {processor.py:632} INFO - DAG(s) dict_keys(['tutorial_etl_dag']) retrieved from /home/airflow/.local/lib/python3.6/site-packages/airflow/example_dags/tutorial_etl_dag.py
[2021-10-27 07:21:16,087] {logging_mixin.py:109} INFO - [2021-10-27 07:21:16,087] {dag.py:2389} INFO - Sync 1 DAGs
[2021-10-27 07:21:16,102] {logging_mixin.py:109} INFO - [2021-10-27 07:21:16,102] {dag.py:2914} INFO - Setting next_dagrun for tutorial_etl_dag to None
[2021-10-27 07:21:16,114] {processor.py:171} INFO - Processing /home/airflow/.local/lib/python3.6/site-packages/airflow/example_dags/tutorial_etl_dag.py took 0.075 seconds
[2021-10-27 07:21:46,338] {processor.py:163} INFO - Started process (PID=528) to work on /home/airflow/.local/lib/python3.6/site-packages/airflow/example_dags/tutorial_etl_dag.py
[2021-10-27 07:21:46,339] {processor.py:620} INFO - Processing file /home/airflow/.local/lib/python3.6/site-packages/airflow/example_dags/tutorial_etl_dag.py for tasks to queue
[2021-10-27 07:21:46,340] {logging_mixin.py:109} INFO - [2021-10-27 07:21:46,340] {dagbag.py:500} INFO - Filling up the DagBag from /home/airflow/.local/lib/python3.6/site-packages/airflow/example_dags/tutorial_etl_dag.py
[2021-10-27 07:21:46,369] {processor.py:632} INFO - DAG(s) dict_keys(['tutorial_etl_dag']) retrieved from /home/airflow/.local/lib/python3.6/site-packages/airflow/example_dags/tutorial_etl_dag.py
[2021-10-27 07:21:46,379] {logging_mixin.py:109} INFO - [2021-10-27 07:21:46,379] {dag.py:2389} INFO - Sync 1 DAGs
[2021-10-27 07:21:46,395] {logging_mixin.py:109} INFO - [2021-10-27 07:21:46,395] {dag.py:2914} INFO - Setting next_dagrun for tutorial_etl_dag to None
[2021-10-27 07:21:46,405] {processor.py:171} INFO - Processing /home/airflow/.local/lib/python3.6/site-packages/airflow/example_dags/tutorial_etl_dag.py took 0.070 seconds
[2021-10-27 07:22:16,826] {processor.py:163} INFO - Started process (PID=583) to work on /home/airflow/.local/lib/python3.6/site-packages/airflow/example_dags/tutorial_etl_dag.py
[2021-10-27 07:22:16,827] {processor.py:620} INFO - Processing file /home/airflow/.local/lib/python3.6/site-packages/airflow/example_dags/tutorial_etl_dag.py for tasks to queue
[2021-10-27 07:22:16,828] {logging_mixin.py:109} INFO - [2021-10-27 07:22:16,828] {dagbag.py:500} INFO - Filling up the DagBag from /home/airflow/.local/lib/python3.6/site-packages/airflow/example_dags/tutorial_etl_dag.py
[2021-10-27 07:22:16,865] {processor.py:632} INFO - DAG(s) dict_keys(['tutorial_etl_dag']) retrieved from /home/airflow/.local/lib/python3.6/site-packages/airflow/example_dags/tutorial_etl_dag.py
[2021-10-27 07:22:16,877] {logging_mixin.py:109} INFO - [2021-10-27 07:22:16,876] {dag.py:2389} INFO - Sync 1 DAGs
[2021-10-27 07:22:16,896] {logging_mixin.py:109} INFO - [2021-10-27 07:22:16,896] {dag.py:2914} INFO - Setting next_dagrun for tutorial_etl_dag to None
[2021-10-27 07:22:16,908] {processor.py:171} INFO - Processing /home/airflow/.local/lib/python3.6/site-packages/airflow/example_dags/tutorial_etl_dag.py took 0.087 seconds
[2021-10-27 07:22:47,042] {processor.py:163} INFO - Started process (PID=648) to work on /home/airflow/.local/lib/python3.6/site-packages/airflow/example_dags/tutorial_etl_dag.py
[2021-10-27 07:22:47,044] {processor.py:620} INFO - Processing file /home/airflow/.local/lib/python3.6/site-packages/airflow/example_dags/tutorial_etl_dag.py for tasks to queue
[2021-10-27 07:22:47,045] {logging_mixin.py:109} INFO - [2021-10-27 07:22:47,045] {dagbag.py:500} INFO - Filling up the DagBag from /home/airflow/.local/lib/python3.6/site-packages/airflow/example_dags/tutorial_etl_dag.py
[2021-10-27 07:22:47,085] {processor.py:632} INFO - DAG(s) dict_keys(['tutorial_etl_dag']) retrieved from /home/airflow/.local/lib/python3.6/site-packages/airflow/example_dags/tutorial_etl_dag.py
[2021-10-27 07:22:47,101] {logging_mixin.py:109} INFO - [2021-10-27 07:22:47,101] {dag.py:2389} INFO - Sync 1 DAGs
[2021-10-27 07:22:47,124] {logging_mixin.py:109} INFO - [2021-10-27 07:22:47,124] {dag.py:2914} INFO - Setting next_dagrun for tutorial_etl_dag to None
[2021-10-27 07:22:47,139] {processor.py:171} INFO - Processing /home/airflow/.local/lib/python3.6/site-packages/airflow/example_dags/tutorial_etl_dag.py took 0.100 seconds
[2021-10-27 07:23:17,345] {processor.py:163} INFO - Started process (PID=703) to work on /home/airflow/.local/lib/python3.6/site-packages/airflow/example_dags/tutorial_etl_dag.py
[2021-10-27 07:23:17,347] {processor.py:620} INFO - Processing file /home/airflow/.local/lib/python3.6/site-packages/airflow/example_dags/tutorial_etl_dag.py for tasks to queue
[2021-10-27 07:23:17,348] {logging_mixin.py:109} INFO - [2021-10-27 07:23:17,348] {dagbag.py:500} INFO - Filling up the DagBag from /home/airflow/.local/lib/python3.6/site-packages/airflow/example_dags/tutorial_etl_dag.py
[2021-10-27 07:23:17,379] {processor.py:632} INFO - DAG(s) dict_keys(['tutorial_etl_dag']) retrieved from /home/airflow/.local/lib/python3.6/site-packages/airflow/example_dags/tutorial_etl_dag.py
[2021-10-27 07:23:17,392] {logging_mixin.py:109} INFO - [2021-10-27 07:23:17,392] {dag.py:2389} INFO - Sync 1 DAGs
[2021-10-27 07:23:17,409] {logging_mixin.py:109} INFO - [2021-10-27 07:23:17,409] {dag.py:2914} INFO - Setting next_dagrun for tutorial_etl_dag to None
[2021-10-27 07:23:17,420] {processor.py:171} INFO - Processing /home/airflow/.local/lib/python3.6/site-packages/airflow/example_dags/tutorial_etl_dag.py took 0.078 seconds
[2021-10-27 07:23:48,088] {processor.py:163} INFO - Started process (PID=768) to work on /home/airflow/.local/lib/python3.6/site-packages/airflow/example_dags/tutorial_etl_dag.py
[2021-10-27 07:23:48,089] {processor.py:620} INFO - Processing file /home/airflow/.local/lib/python3.6/site-packages/airflow/example_dags/tutorial_etl_dag.py for tasks to queue
[2021-10-27 07:23:48,090] {logging_mixin.py:109} INFO - [2021-10-27 07:23:48,090] {dagbag.py:500} INFO - Filling up the DagBag from /home/airflow/.local/lib/python3.6/site-packages/airflow/example_dags/tutorial_etl_dag.py
[2021-10-27 07:23:48,117] {processor.py:632} INFO - DAG(s) dict_keys(['tutorial_etl_dag']) retrieved from /home/airflow/.local/lib/python3.6/site-packages/airflow/example_dags/tutorial_etl_dag.py
[2021-10-27 07:23:48,129] {logging_mixin.py:109} INFO - [2021-10-27 07:23:48,129] {dag.py:2389} INFO - Sync 1 DAGs
[2021-10-27 07:23:48,147] {logging_mixin.py:109} INFO - [2021-10-27 07:23:48,147] {dag.py:2914} INFO - Setting next_dagrun for tutorial_etl_dag to None
[2021-10-27 07:23:48,159] {processor.py:171} INFO - Processing /home/airflow/.local/lib/python3.6/site-packages/airflow/example_dags/tutorial_etl_dag.py took 0.075 seconds
[2021-10-27 07:24:18,990] {processor.py:163} INFO - Started process (PID=824) to work on /home/airflow/.local/lib/python3.6/site-packages/airflow/example_dags/tutorial_etl_dag.py
[2021-10-27 07:24:18,991] {processor.py:620} INFO - Processing file /home/airflow/.local/lib/python3.6/site-packages/airflow/example_dags/tutorial_etl_dag.py for tasks to queue
[2021-10-27 07:24:18,992] {logging_mixin.py:109} INFO - [2021-10-27 07:24:18,992] {dagbag.py:500} INFO - Filling up the DagBag from /home/airflow/.local/lib/python3.6/site-packages/airflow/example_dags/tutorial_etl_dag.py
[2021-10-27 07:24:19,020] {processor.py:632} INFO - DAG(s) dict_keys(['tutorial_etl_dag']) retrieved from /home/airflow/.local/lib/python3.6/site-packages/airflow/example_dags/tutorial_etl_dag.py
[2021-10-27 07:24:19,036] {logging_mixin.py:109} INFO - [2021-10-27 07:24:19,035] {dag.py:2389} INFO - Sync 1 DAGs
[2021-10-27 07:24:19,053] {logging_mixin.py:109} INFO - [2021-10-27 07:24:19,052] {dag.py:2914} INFO - Setting next_dagrun for tutorial_etl_dag to None
[2021-10-27 07:24:19,062] {processor.py:171} INFO - Processing /home/airflow/.local/lib/python3.6/site-packages/airflow/example_dags/tutorial_etl_dag.py took 0.075 seconds
[2021-10-27 07:24:49,765] {processor.py:163} INFO - Started process (PID=889) to work on /home/airflow/.local/lib/python3.6/site-packages/airflow/example_dags/tutorial_etl_dag.py
[2021-10-27 07:24:49,766] {processor.py:620} INFO - Processing file /home/airflow/.local/lib/python3.6/site-packages/airflow/example_dags/tutorial_etl_dag.py for tasks to queue
[2021-10-27 07:24:49,767] {logging_mixin.py:109} INFO - [2021-10-27 07:24:49,767] {dagbag.py:500} INFO - Filling up the DagBag from /home/airflow/.local/lib/python3.6/site-packages/airflow/example_dags/tutorial_etl_dag.py
[2021-10-27 07:24:49,801] {processor.py:632} INFO - DAG(s) dict_keys(['tutorial_etl_dag']) retrieved from /home/airflow/.local/lib/python3.6/site-packages/airflow/example_dags/tutorial_etl_dag.py
[2021-10-27 07:24:49,814] {logging_mixin.py:109} INFO - [2021-10-27 07:24:49,814] {dag.py:2389} INFO - Sync 1 DAGs
[2021-10-27 07:24:49,830] {logging_mixin.py:109} INFO - [2021-10-27 07:24:49,830] {dag.py:2914} INFO - Setting next_dagrun for tutorial_etl_dag to None
[2021-10-27 07:24:49,840] {processor.py:171} INFO - Processing /home/airflow/.local/lib/python3.6/site-packages/airflow/example_dags/tutorial_etl_dag.py took 0.080 seconds
[2021-10-27 07:25:20,319] {processor.py:163} INFO - Started process (PID=944) to work on /home/airflow/.local/lib/python3.6/site-packages/airflow/example_dags/tutorial_etl_dag.py
[2021-10-27 07:25:20,320] {processor.py:620} INFO - Processing file /home/airflow/.local/lib/python3.6/site-packages/airflow/example_dags/tutorial_etl_dag.py for tasks to queue
[2021-10-27 07:25:20,321] {logging_mixin.py:109} INFO - [2021-10-27 07:25:20,321] {dagbag.py:500} INFO - Filling up the DagBag from /home/airflow/.local/lib/python3.6/site-packages/airflow/example_dags/tutorial_etl_dag.py
[2021-10-27 07:25:20,346] {processor.py:632} INFO - DAG(s) dict_keys(['tutorial_etl_dag']) retrieved from /home/airflow/.local/lib/python3.6/site-packages/airflow/example_dags/tutorial_etl_dag.py
[2021-10-27 07:25:20,356] {logging_mixin.py:109} INFO - [2021-10-27 07:25:20,356] {dag.py:2389} INFO - Sync 1 DAGs
[2021-10-27 07:25:20,370] {logging_mixin.py:109} INFO - [2021-10-27 07:25:20,370] {dag.py:2914} INFO - Setting next_dagrun for tutorial_etl_dag to None
[2021-10-27 07:25:20,380] {processor.py:171} INFO - Processing /home/airflow/.local/lib/python3.6/site-packages/airflow/example_dags/tutorial_etl_dag.py took 0.065 seconds
[2021-10-27 07:25:50,838] {processor.py:163} INFO - Started process (PID=1011) to work on /home/airflow/.local/lib/python3.6/site-packages/airflow/example_dags/tutorial_etl_dag.py
[2021-10-27 07:25:50,840] {processor.py:620} INFO - Processing file /home/airflow/.local/lib/python3.6/site-packages/airflow/example_dags/tutorial_etl_dag.py for tasks to queue
[2021-10-27 07:25:50,841] {logging_mixin.py:109} INFO - [2021-10-27 07:25:50,841] {dagbag.py:500} INFO - Filling up the DagBag from /home/airflow/.local/lib/python3.6/site-packages/airflow/example_dags/tutorial_etl_dag.py
[2021-10-27 07:25:50,879] {processor.py:632} INFO - DAG(s) dict_keys(['tutorial_etl_dag']) retrieved from /home/airflow/.local/lib/python3.6/site-packages/airflow/example_dags/tutorial_etl_dag.py
[2021-10-27 07:25:50,895] {logging_mixin.py:109} INFO - [2021-10-27 07:25:50,894] {dag.py:2389} INFO - Sync 1 DAGs
[2021-10-27 07:25:50,919] {logging_mixin.py:109} INFO - [2021-10-27 07:25:50,919] {dag.py:2914} INFO - Setting next_dagrun for tutorial_etl_dag to None
[2021-10-27 07:25:50,931] {processor.py:171} INFO - Processing /home/airflow/.local/lib/python3.6/site-packages/airflow/example_dags/tutorial_etl_dag.py took 0.097 seconds
[2021-10-27 07:26:21,220] {processor.py:163} INFO - Started process (PID=1066) to work on /home/airflow/.local/lib/python3.6/site-packages/airflow/example_dags/tutorial_etl_dag.py
[2021-10-27 07:26:21,221] {processor.py:620} INFO - Processing file /home/airflow/.local/lib/python3.6/site-packages/airflow/example_dags/tutorial_etl_dag.py for tasks to queue
[2021-10-27 07:26:21,222] {logging_mixin.py:109} INFO - [2021-10-27 07:26:21,222] {dagbag.py:500} INFO - Filling up the DagBag from /home/airflow/.local/lib/python3.6/site-packages/airflow/example_dags/tutorial_etl_dag.py
[2021-10-27 07:26:21,249] {processor.py:632} INFO - DAG(s) dict_keys(['tutorial_etl_dag']) retrieved from /home/airflow/.local/lib/python3.6/site-packages/airflow/example_dags/tutorial_etl_dag.py
[2021-10-27 07:26:21,261] {logging_mixin.py:109} INFO - [2021-10-27 07:26:21,261] {dag.py:2389} INFO - Sync 1 DAGs
[2021-10-27 07:26:21,278] {logging_mixin.py:109} INFO - [2021-10-27 07:26:21,277] {dag.py:2914} INFO - Setting next_dagrun for tutorial_etl_dag to None
[2021-10-27 07:26:21,288] {processor.py:171} INFO - Processing /home/airflow/.local/lib/python3.6/site-packages/airflow/example_dags/tutorial_etl_dag.py took 0.071 seconds
[2021-10-27 07:28:04,671] {processor.py:163} INFO - Started process (PID=53) to work on /home/airflow/.local/lib/python3.6/site-packages/airflow/example_dags/tutorial_etl_dag.py
[2021-10-27 07:28:04,672] {processor.py:620} INFO - Processing file /home/airflow/.local/lib/python3.6/site-packages/airflow/example_dags/tutorial_etl_dag.py for tasks to queue
[2021-10-27 07:28:04,674] {logging_mixin.py:109} INFO - [2021-10-27 07:28:04,674] {dagbag.py:500} INFO - Filling up the DagBag from /home/airflow/.local/lib/python3.6/site-packages/airflow/example_dags/tutorial_etl_dag.py
[2021-10-27 07:28:04,719] {processor.py:632} INFO - DAG(s) dict_keys(['tutorial_etl_dag']) retrieved from /home/airflow/.local/lib/python3.6/site-packages/airflow/example_dags/tutorial_etl_dag.py
[2021-10-27 07:28:04,742] {logging_mixin.py:109} INFO - [2021-10-27 07:28:04,742] {dag.py:2389} INFO - Sync 1 DAGs
[2021-10-27 07:28:04,785] {logging_mixin.py:109} INFO - [2021-10-27 07:28:04,785] {dag.py:2914} INFO - Setting next_dagrun for tutorial_etl_dag to None
[2021-10-27 07:28:04,800] {processor.py:171} INFO - Processing /home/airflow/.local/lib/python3.6/site-packages/airflow/example_dags/tutorial_etl_dag.py took 0.134 seconds
[2021-10-27 07:28:35,508] {processor.py:163} INFO - Started process (PID=116) to work on /home/airflow/.local/lib/python3.6/site-packages/airflow/example_dags/tutorial_etl_dag.py
[2021-10-27 07:28:35,510] {processor.py:620} INFO - Processing file /home/airflow/.local/lib/python3.6/site-packages/airflow/example_dags/tutorial_etl_dag.py for tasks to queue
[2021-10-27 07:28:35,512] {logging_mixin.py:109} INFO - [2021-10-27 07:28:35,511] {dagbag.py:500} INFO - Filling up the DagBag from /home/airflow/.local/lib/python3.6/site-packages/airflow/example_dags/tutorial_etl_dag.py
[2021-10-27 07:28:35,552] {processor.py:632} INFO - DAG(s) dict_keys(['tutorial_etl_dag']) retrieved from /home/airflow/.local/lib/python3.6/site-packages/airflow/example_dags/tutorial_etl_dag.py
[2021-10-27 07:28:35,568] {logging_mixin.py:109} INFO - [2021-10-27 07:28:35,568] {dag.py:2389} INFO - Sync 1 DAGs
[2021-10-27 07:28:35,593] {logging_mixin.py:109} INFO - [2021-10-27 07:28:35,593] {dag.py:2914} INFO - Setting next_dagrun for tutorial_etl_dag to None
[2021-10-27 07:28:35,607] {processor.py:171} INFO - Processing /home/airflow/.local/lib/python3.6/site-packages/airflow/example_dags/tutorial_etl_dag.py took 0.105 seconds
[2021-10-27 07:29:06,566] {processor.py:163} INFO - Started process (PID=174) to work on /home/airflow/.local/lib/python3.6/site-packages/airflow/example_dags/tutorial_etl_dag.py
[2021-10-27 07:29:06,568] {processor.py:620} INFO - Processing file /home/airflow/.local/lib/python3.6/site-packages/airflow/example_dags/tutorial_etl_dag.py for tasks to queue
[2021-10-27 07:29:06,570] {logging_mixin.py:109} INFO - [2021-10-27 07:29:06,569] {dagbag.py:500} INFO - Filling up the DagBag from /home/airflow/.local/lib/python3.6/site-packages/airflow/example_dags/tutorial_etl_dag.py
[2021-10-27 07:29:06,608] {processor.py:632} INFO - DAG(s) dict_keys(['tutorial_etl_dag']) retrieved from /home/airflow/.local/lib/python3.6/site-packages/airflow/example_dags/tutorial_etl_dag.py
[2021-10-27 07:29:06,623] {logging_mixin.py:109} INFO - [2021-10-27 07:29:06,623] {dag.py:2389} INFO - Sync 1 DAGs
[2021-10-27 07:29:06,641] {logging_mixin.py:109} INFO - [2021-10-27 07:29:06,641] {dag.py:2914} INFO - Setting next_dagrun for tutorial_etl_dag to None
[2021-10-27 07:29:06,653] {processor.py:171} INFO - Processing /home/airflow/.local/lib/python3.6/site-packages/airflow/example_dags/tutorial_etl_dag.py took 0.091 seconds
[2021-10-27 07:29:37,017] {processor.py:163} INFO - Started process (PID=230) to work on /home/airflow/.local/lib/python3.6/site-packages/airflow/example_dags/tutorial_etl_dag.py
[2021-10-27 07:29:37,019] {processor.py:620} INFO - Processing file /home/airflow/.local/lib/python3.6/site-packages/airflow/example_dags/tutorial_etl_dag.py for tasks to queue
[2021-10-27 07:29:37,020] {logging_mixin.py:109} INFO - [2021-10-27 07:29:37,020] {dagbag.py:500} INFO - Filling up the DagBag from /home/airflow/.local/lib/python3.6/site-packages/airflow/example_dags/tutorial_etl_dag.py
[2021-10-27 07:29:37,044] {processor.py:632} INFO - DAG(s) dict_keys(['tutorial_etl_dag']) retrieved from /home/airflow/.local/lib/python3.6/site-packages/airflow/example_dags/tutorial_etl_dag.py
[2021-10-27 07:29:37,055] {logging_mixin.py:109} INFO - [2021-10-27 07:29:37,055] {dag.py:2389} INFO - Sync 1 DAGs
[2021-10-27 07:29:37,068] {logging_mixin.py:109} INFO - [2021-10-27 07:29:37,068] {dag.py:2914} INFO - Setting next_dagrun for tutorial_etl_dag to None
[2021-10-27 07:29:37,080] {processor.py:171} INFO - Processing /home/airflow/.local/lib/python3.6/site-packages/airflow/example_dags/tutorial_etl_dag.py took 0.066 seconds
[2021-10-27 07:30:07,901] {processor.py:163} INFO - Started process (PID=296) to work on /home/airflow/.local/lib/python3.6/site-packages/airflow/example_dags/tutorial_etl_dag.py
[2021-10-27 07:30:07,902] {processor.py:620} INFO - Processing file /home/airflow/.local/lib/python3.6/site-packages/airflow/example_dags/tutorial_etl_dag.py for tasks to queue
[2021-10-27 07:30:07,903] {logging_mixin.py:109} INFO - [2021-10-27 07:30:07,903] {dagbag.py:500} INFO - Filling up the DagBag from /home/airflow/.local/lib/python3.6/site-packages/airflow/example_dags/tutorial_etl_dag.py
[2021-10-27 07:30:07,931] {processor.py:632} INFO - DAG(s) dict_keys(['tutorial_etl_dag']) retrieved from /home/airflow/.local/lib/python3.6/site-packages/airflow/example_dags/tutorial_etl_dag.py
[2021-10-27 07:30:07,941] {logging_mixin.py:109} INFO - [2021-10-27 07:30:07,941] {dag.py:2389} INFO - Sync 1 DAGs
[2021-10-27 07:30:07,955] {logging_mixin.py:109} INFO - [2021-10-27 07:30:07,955] {dag.py:2914} INFO - Setting next_dagrun for tutorial_etl_dag to None
[2021-10-27 07:30:07,967] {processor.py:171} INFO - Processing /home/airflow/.local/lib/python3.6/site-packages/airflow/example_dags/tutorial_etl_dag.py took 0.069 seconds
[2021-10-27 07:30:38,614] {processor.py:163} INFO - Started process (PID=351) to work on /home/airflow/.local/lib/python3.6/site-packages/airflow/example_dags/tutorial_etl_dag.py
[2021-10-27 07:30:38,616] {processor.py:620} INFO - Processing file /home/airflow/.local/lib/python3.6/site-packages/airflow/example_dags/tutorial_etl_dag.py for tasks to queue
[2021-10-27 07:30:38,617] {logging_mixin.py:109} INFO - [2021-10-27 07:30:38,617] {dagbag.py:500} INFO - Filling up the DagBag from /home/airflow/.local/lib/python3.6/site-packages/airflow/example_dags/tutorial_etl_dag.py
[2021-10-27 07:30:38,654] {processor.py:632} INFO - DAG(s) dict_keys(['tutorial_etl_dag']) retrieved from /home/airflow/.local/lib/python3.6/site-packages/airflow/example_dags/tutorial_etl_dag.py
[2021-10-27 07:30:38,668] {logging_mixin.py:109} INFO - [2021-10-27 07:30:38,668] {dag.py:2389} INFO - Sync 1 DAGs
[2021-10-27 07:30:38,688] {logging_mixin.py:109} INFO - [2021-10-27 07:30:38,688] {dag.py:2914} INFO - Setting next_dagrun for tutorial_etl_dag to None
[2021-10-27 07:30:38,703] {processor.py:171} INFO - Processing /home/airflow/.local/lib/python3.6/site-packages/airflow/example_dags/tutorial_etl_dag.py took 0.093 seconds
[2021-10-27 07:31:09,753] {processor.py:163} INFO - Started process (PID=415) to work on /home/airflow/.local/lib/python3.6/site-packages/airflow/example_dags/tutorial_etl_dag.py
[2021-10-27 07:31:09,754] {processor.py:620} INFO - Processing file /home/airflow/.local/lib/python3.6/site-packages/airflow/example_dags/tutorial_etl_dag.py for tasks to queue
[2021-10-27 07:31:09,756] {logging_mixin.py:109} INFO - [2021-10-27 07:31:09,755] {dagbag.py:500} INFO - Filling up the DagBag from /home/airflow/.local/lib/python3.6/site-packages/airflow/example_dags/tutorial_etl_dag.py
[2021-10-27 07:31:09,782] {processor.py:632} INFO - DAG(s) dict_keys(['tutorial_etl_dag']) retrieved from /home/airflow/.local/lib/python3.6/site-packages/airflow/example_dags/tutorial_etl_dag.py
[2021-10-27 07:31:09,792] {logging_mixin.py:109} INFO - [2021-10-27 07:31:09,792] {dag.py:2389} INFO - Sync 1 DAGs
[2021-10-27 07:31:09,808] {logging_mixin.py:109} INFO - [2021-10-27 07:31:09,808] {dag.py:2914} INFO - Setting next_dagrun for tutorial_etl_dag to None
[2021-10-27 07:31:09,819] {processor.py:171} INFO - Processing /home/airflow/.local/lib/python3.6/site-packages/airflow/example_dags/tutorial_etl_dag.py took 0.069 seconds
[2021-10-27 07:31:40,482] {processor.py:163} INFO - Started process (PID=469) to work on /home/airflow/.local/lib/python3.6/site-packages/airflow/example_dags/tutorial_etl_dag.py
[2021-10-27 07:31:40,483] {processor.py:620} INFO - Processing file /home/airflow/.local/lib/python3.6/site-packages/airflow/example_dags/tutorial_etl_dag.py for tasks to queue
[2021-10-27 07:31:40,484] {logging_mixin.py:109} INFO - [2021-10-27 07:31:40,484] {dagbag.py:500} INFO - Filling up the DagBag from /home/airflow/.local/lib/python3.6/site-packages/airflow/example_dags/tutorial_etl_dag.py
[2021-10-27 07:31:40,518] {processor.py:632} INFO - DAG(s) dict_keys(['tutorial_etl_dag']) retrieved from /home/airflow/.local/lib/python3.6/site-packages/airflow/example_dags/tutorial_etl_dag.py
[2021-10-27 07:31:40,529] {logging_mixin.py:109} INFO - [2021-10-27 07:31:40,529] {dag.py:2389} INFO - Sync 1 DAGs
[2021-10-27 07:31:40,547] {logging_mixin.py:109} INFO - [2021-10-27 07:31:40,547] {dag.py:2914} INFO - Setting next_dagrun for tutorial_etl_dag to None
[2021-10-27 07:31:40,558] {processor.py:171} INFO - Processing /home/airflow/.local/lib/python3.6/site-packages/airflow/example_dags/tutorial_etl_dag.py took 0.079 seconds
[2021-10-27 07:32:10,960] {processor.py:163} INFO - Started process (PID=535) to work on /home/airflow/.local/lib/python3.6/site-packages/airflow/example_dags/tutorial_etl_dag.py
[2021-10-27 07:32:10,962] {processor.py:620} INFO - Processing file /home/airflow/.local/lib/python3.6/site-packages/airflow/example_dags/tutorial_etl_dag.py for tasks to queue
[2021-10-27 07:32:10,963] {logging_mixin.py:109} INFO - [2021-10-27 07:32:10,963] {dagbag.py:500} INFO - Filling up the DagBag from /home/airflow/.local/lib/python3.6/site-packages/airflow/example_dags/tutorial_etl_dag.py
[2021-10-27 07:32:10,999] {processor.py:632} INFO - DAG(s) dict_keys(['tutorial_etl_dag']) retrieved from /home/airflow/.local/lib/python3.6/site-packages/airflow/example_dags/tutorial_etl_dag.py
[2021-10-27 07:32:11,014] {logging_mixin.py:109} INFO - [2021-10-27 07:32:11,014] {dag.py:2389} INFO - Sync 1 DAGs
[2021-10-27 07:32:11,038] {logging_mixin.py:109} INFO - [2021-10-27 07:32:11,038] {dag.py:2914} INFO - Setting next_dagrun for tutorial_etl_dag to None
[2021-10-27 07:32:11,048] {processor.py:171} INFO - Processing /home/airflow/.local/lib/python3.6/site-packages/airflow/example_dags/tutorial_etl_dag.py took 0.092 seconds
[2021-10-27 07:32:41,558] {processor.py:163} INFO - Started process (PID=590) to work on /home/airflow/.local/lib/python3.6/site-packages/airflow/example_dags/tutorial_etl_dag.py
[2021-10-27 07:32:41,560] {processor.py:620} INFO - Processing file /home/airflow/.local/lib/python3.6/site-packages/airflow/example_dags/tutorial_etl_dag.py for tasks to queue
[2021-10-27 07:32:41,561] {logging_mixin.py:109} INFO - [2021-10-27 07:32:41,561] {dagbag.py:500} INFO - Filling up the DagBag from /home/airflow/.local/lib/python3.6/site-packages/airflow/example_dags/tutorial_etl_dag.py
[2021-10-27 07:32:41,588] {processor.py:632} INFO - DAG(s) dict_keys(['tutorial_etl_dag']) retrieved from /home/airflow/.local/lib/python3.6/site-packages/airflow/example_dags/tutorial_etl_dag.py
[2021-10-27 07:32:41,598] {logging_mixin.py:109} INFO - [2021-10-27 07:32:41,598] {dag.py:2389} INFO - Sync 1 DAGs
[2021-10-27 07:32:41,615] {logging_mixin.py:109} INFO - [2021-10-27 07:32:41,615] {dag.py:2914} INFO - Setting next_dagrun for tutorial_etl_dag to None
[2021-10-27 07:32:41,628] {processor.py:171} INFO - Processing /home/airflow/.local/lib/python3.6/site-packages/airflow/example_dags/tutorial_etl_dag.py took 0.073 seconds
[2021-10-27 07:33:12,113] {processor.py:163} INFO - Started process (PID=656) to work on /home/airflow/.local/lib/python3.6/site-packages/airflow/example_dags/tutorial_etl_dag.py
[2021-10-27 07:33:12,115] {processor.py:620} INFO - Processing file /home/airflow/.local/lib/python3.6/site-packages/airflow/example_dags/tutorial_etl_dag.py for tasks to queue
[2021-10-27 07:33:12,116] {logging_mixin.py:109} INFO - [2021-10-27 07:33:12,116] {dagbag.py:500} INFO - Filling up the DagBag from /home/airflow/.local/lib/python3.6/site-packages/airflow/example_dags/tutorial_etl_dag.py
[2021-10-27 07:33:12,147] {processor.py:632} INFO - DAG(s) dict_keys(['tutorial_etl_dag']) retrieved from /home/airflow/.local/lib/python3.6/site-packages/airflow/example_dags/tutorial_etl_dag.py
[2021-10-27 07:33:12,160] {logging_mixin.py:109} INFO - [2021-10-27 07:33:12,160] {dag.py:2389} INFO - Sync 1 DAGs
[2021-10-27 07:33:12,181] {logging_mixin.py:109} INFO - [2021-10-27 07:33:12,181] {dag.py:2914} INFO - Setting next_dagrun for tutorial_etl_dag to None
[2021-10-27 07:33:12,193] {processor.py:171} INFO - Processing /home/airflow/.local/lib/python3.6/site-packages/airflow/example_dags/tutorial_etl_dag.py took 0.083 seconds
[2021-10-27 07:33:43,271] {processor.py:163} INFO - Started process (PID=711) to work on /home/airflow/.local/lib/python3.6/site-packages/airflow/example_dags/tutorial_etl_dag.py
[2021-10-27 07:33:43,272] {processor.py:620} INFO - Processing file /home/airflow/.local/lib/python3.6/site-packages/airflow/example_dags/tutorial_etl_dag.py for tasks to queue
[2021-10-27 07:33:43,273] {logging_mixin.py:109} INFO - [2021-10-27 07:33:43,273] {dagbag.py:500} INFO - Filling up the DagBag from /home/airflow/.local/lib/python3.6/site-packages/airflow/example_dags/tutorial_etl_dag.py
[2021-10-27 07:33:43,308] {processor.py:632} INFO - DAG(s) dict_keys(['tutorial_etl_dag']) retrieved from /home/airflow/.local/lib/python3.6/site-packages/airflow/example_dags/tutorial_etl_dag.py
[2021-10-27 07:33:43,321] {logging_mixin.py:109} INFO - [2021-10-27 07:33:43,321] {dag.py:2389} INFO - Sync 1 DAGs
[2021-10-27 07:33:43,336] {logging_mixin.py:109} INFO - [2021-10-27 07:33:43,335] {dag.py:2914} INFO - Setting next_dagrun for tutorial_etl_dag to None
[2021-10-27 07:33:43,347] {processor.py:171} INFO - Processing /home/airflow/.local/lib/python3.6/site-packages/airflow/example_dags/tutorial_etl_dag.py took 0.079 seconds
[2021-10-27 07:34:13,631] {processor.py:163} INFO - Started process (PID=776) to work on /home/airflow/.local/lib/python3.6/site-packages/airflow/example_dags/tutorial_etl_dag.py
[2021-10-27 07:34:13,633] {processor.py:620} INFO - Processing file /home/airflow/.local/lib/python3.6/site-packages/airflow/example_dags/tutorial_etl_dag.py for tasks to queue
[2021-10-27 07:34:13,634] {logging_mixin.py:109} INFO - [2021-10-27 07:34:13,634] {dagbag.py:500} INFO - Filling up the DagBag from /home/airflow/.local/lib/python3.6/site-packages/airflow/example_dags/tutorial_etl_dag.py
[2021-10-27 07:34:13,658] {processor.py:632} INFO - DAG(s) dict_keys(['tutorial_etl_dag']) retrieved from /home/airflow/.local/lib/python3.6/site-packages/airflow/example_dags/tutorial_etl_dag.py
[2021-10-27 07:34:13,668] {logging_mixin.py:109} INFO - [2021-10-27 07:34:13,668] {dag.py:2389} INFO - Sync 1 DAGs
[2021-10-27 07:34:13,682] {logging_mixin.py:109} INFO - [2021-10-27 07:34:13,682] {dag.py:2914} INFO - Setting next_dagrun for tutorial_etl_dag to None
[2021-10-27 07:34:13,693] {processor.py:171} INFO - Processing /home/airflow/.local/lib/python3.6/site-packages/airflow/example_dags/tutorial_etl_dag.py took 0.066 seconds
[2021-10-27 07:34:44,610] {processor.py:163} INFO - Started process (PID=831) to work on /home/airflow/.local/lib/python3.6/site-packages/airflow/example_dags/tutorial_etl_dag.py
[2021-10-27 07:34:44,611] {processor.py:620} INFO - Processing file /home/airflow/.local/lib/python3.6/site-packages/airflow/example_dags/tutorial_etl_dag.py for tasks to queue
[2021-10-27 07:34:44,612] {logging_mixin.py:109} INFO - [2021-10-27 07:34:44,612] {dagbag.py:500} INFO - Filling up the DagBag from /home/airflow/.local/lib/python3.6/site-packages/airflow/example_dags/tutorial_etl_dag.py
[2021-10-27 07:34:44,639] {processor.py:632} INFO - DAG(s) dict_keys(['tutorial_etl_dag']) retrieved from /home/airflow/.local/lib/python3.6/site-packages/airflow/example_dags/tutorial_etl_dag.py
[2021-10-27 07:34:44,649] {logging_mixin.py:109} INFO - [2021-10-27 07:34:44,649] {dag.py:2389} INFO - Sync 1 DAGs
[2021-10-27 07:34:44,664] {logging_mixin.py:109} INFO - [2021-10-27 07:34:44,664] {dag.py:2914} INFO - Setting next_dagrun for tutorial_etl_dag to None
[2021-10-27 07:34:44,675] {processor.py:171} INFO - Processing /home/airflow/.local/lib/python3.6/site-packages/airflow/example_dags/tutorial_etl_dag.py took 0.068 seconds
[2021-10-27 07:35:15,042] {processor.py:163} INFO - Started process (PID=897) to work on /home/airflow/.local/lib/python3.6/site-packages/airflow/example_dags/tutorial_etl_dag.py
[2021-10-27 07:35:15,043] {processor.py:620} INFO - Processing file /home/airflow/.local/lib/python3.6/site-packages/airflow/example_dags/tutorial_etl_dag.py for tasks to queue
[2021-10-27 07:35:15,044] {logging_mixin.py:109} INFO - [2021-10-27 07:35:15,044] {dagbag.py:500} INFO - Filling up the DagBag from /home/airflow/.local/lib/python3.6/site-packages/airflow/example_dags/tutorial_etl_dag.py
[2021-10-27 07:35:15,069] {processor.py:632} INFO - DAG(s) dict_keys(['tutorial_etl_dag']) retrieved from /home/airflow/.local/lib/python3.6/site-packages/airflow/example_dags/tutorial_etl_dag.py
[2021-10-27 07:35:15,079] {logging_mixin.py:109} INFO - [2021-10-27 07:35:15,079] {dag.py:2389} INFO - Sync 1 DAGs
[2021-10-27 07:35:15,094] {logging_mixin.py:109} INFO - [2021-10-27 07:35:15,094] {dag.py:2914} INFO - Setting next_dagrun for tutorial_etl_dag to None
[2021-10-27 07:35:15,104] {processor.py:171} INFO - Processing /home/airflow/.local/lib/python3.6/site-packages/airflow/example_dags/tutorial_etl_dag.py took 0.065 seconds
[2021-10-27 07:35:45,339] {processor.py:163} INFO - Started process (PID=952) to work on /home/airflow/.local/lib/python3.6/site-packages/airflow/example_dags/tutorial_etl_dag.py
[2021-10-27 07:35:45,341] {processor.py:620} INFO - Processing file /home/airflow/.local/lib/python3.6/site-packages/airflow/example_dags/tutorial_etl_dag.py for tasks to queue
[2021-10-27 07:35:45,342] {logging_mixin.py:109} INFO - [2021-10-27 07:35:45,342] {dagbag.py:500} INFO - Filling up the DagBag from /home/airflow/.local/lib/python3.6/site-packages/airflow/example_dags/tutorial_etl_dag.py
[2021-10-27 07:35:45,370] {processor.py:632} INFO - DAG(s) dict_keys(['tutorial_etl_dag']) retrieved from /home/airflow/.local/lib/python3.6/site-packages/airflow/example_dags/tutorial_etl_dag.py
[2021-10-27 07:35:45,380] {logging_mixin.py:109} INFO - [2021-10-27 07:35:45,380] {dag.py:2389} INFO - Sync 1 DAGs
[2021-10-27 07:35:45,396] {logging_mixin.py:109} INFO - [2021-10-27 07:35:45,396] {dag.py:2914} INFO - Setting next_dagrun for tutorial_etl_dag to None
[2021-10-27 07:35:45,407] {processor.py:171} INFO - Processing /home/airflow/.local/lib/python3.6/site-packages/airflow/example_dags/tutorial_etl_dag.py took 0.071 seconds
[2021-10-27 07:36:16,796] {processor.py:163} INFO - Started process (PID=1018) to work on /home/airflow/.local/lib/python3.6/site-packages/airflow/example_dags/tutorial_etl_dag.py
[2021-10-27 07:36:16,798] {processor.py:620} INFO - Processing file /home/airflow/.local/lib/python3.6/site-packages/airflow/example_dags/tutorial_etl_dag.py for tasks to queue
[2021-10-27 07:36:16,800] {logging_mixin.py:109} INFO - [2021-10-27 07:36:16,799] {dagbag.py:500} INFO - Filling up the DagBag from /home/airflow/.local/lib/python3.6/site-packages/airflow/example_dags/tutorial_etl_dag.py
[2021-10-27 07:36:16,865] {processor.py:632} INFO - DAG(s) dict_keys(['tutorial_etl_dag']) retrieved from /home/airflow/.local/lib/python3.6/site-packages/airflow/example_dags/tutorial_etl_dag.py
[2021-10-27 07:36:16,887] {logging_mixin.py:109} INFO - [2021-10-27 07:36:16,887] {dag.py:2389} INFO - Sync 1 DAGs
[2021-10-27 07:36:16,911] {logging_mixin.py:109} INFO - [2021-10-27 07:36:16,911] {dag.py:2914} INFO - Setting next_dagrun for tutorial_etl_dag to None
[2021-10-27 07:36:16,927] {processor.py:171} INFO - Processing /home/airflow/.local/lib/python3.6/site-packages/airflow/example_dags/tutorial_etl_dag.py took 0.139 seconds
[2021-10-27 07:36:47,051] {processor.py:163} INFO - Started process (PID=1074) to work on /home/airflow/.local/lib/python3.6/site-packages/airflow/example_dags/tutorial_etl_dag.py
[2021-10-27 07:36:47,053] {processor.py:620} INFO - Processing file /home/airflow/.local/lib/python3.6/site-packages/airflow/example_dags/tutorial_etl_dag.py for tasks to queue
[2021-10-27 07:36:47,054] {logging_mixin.py:109} INFO - [2021-10-27 07:36:47,054] {dagbag.py:500} INFO - Filling up the DagBag from /home/airflow/.local/lib/python3.6/site-packages/airflow/example_dags/tutorial_etl_dag.py
[2021-10-27 07:36:47,087] {processor.py:632} INFO - DAG(s) dict_keys(['tutorial_etl_dag']) retrieved from /home/airflow/.local/lib/python3.6/site-packages/airflow/example_dags/tutorial_etl_dag.py
[2021-10-27 07:36:47,099] {logging_mixin.py:109} INFO - [2021-10-27 07:36:47,099] {dag.py:2389} INFO - Sync 1 DAGs
[2021-10-27 07:36:47,119] {logging_mixin.py:109} INFO - [2021-10-27 07:36:47,119] {dag.py:2914} INFO - Setting next_dagrun for tutorial_etl_dag to None
[2021-10-27 07:36:47,133] {processor.py:171} INFO - Processing /home/airflow/.local/lib/python3.6/site-packages/airflow/example_dags/tutorial_etl_dag.py took 0.085 seconds
[2021-10-27 07:37:18,390] {processor.py:163} INFO - Started process (PID=1140) to work on /home/airflow/.local/lib/python3.6/site-packages/airflow/example_dags/tutorial_etl_dag.py
[2021-10-27 07:37:18,391] {processor.py:620} INFO - Processing file /home/airflow/.local/lib/python3.6/site-packages/airflow/example_dags/tutorial_etl_dag.py for tasks to queue
[2021-10-27 07:37:18,392] {logging_mixin.py:109} INFO - [2021-10-27 07:37:18,392] {dagbag.py:500} INFO - Filling up the DagBag from /home/airflow/.local/lib/python3.6/site-packages/airflow/example_dags/tutorial_etl_dag.py
[2021-10-27 07:37:18,477] {processor.py:632} INFO - DAG(s) dict_keys(['tutorial_etl_dag']) retrieved from /home/airflow/.local/lib/python3.6/site-packages/airflow/example_dags/tutorial_etl_dag.py
[2021-10-27 07:37:18,489] {logging_mixin.py:109} INFO - [2021-10-27 07:37:18,489] {dag.py:2389} INFO - Sync 1 DAGs
[2021-10-27 07:37:18,515] {logging_mixin.py:109} INFO - [2021-10-27 07:37:18,514] {dag.py:2914} INFO - Setting next_dagrun for tutorial_etl_dag to None
[2021-10-27 07:37:18,531] {processor.py:171} INFO - Processing /home/airflow/.local/lib/python3.6/site-packages/airflow/example_dags/tutorial_etl_dag.py took 0.145 seconds
[2021-10-27 07:37:49,047] {processor.py:163} INFO - Started process (PID=1196) to work on /home/airflow/.local/lib/python3.6/site-packages/airflow/example_dags/tutorial_etl_dag.py
[2021-10-27 07:37:49,048] {processor.py:620} INFO - Processing file /home/airflow/.local/lib/python3.6/site-packages/airflow/example_dags/tutorial_etl_dag.py for tasks to queue
[2021-10-27 07:37:49,049] {logging_mixin.py:109} INFO - [2021-10-27 07:37:49,049] {dagbag.py:500} INFO - Filling up the DagBag from /home/airflow/.local/lib/python3.6/site-packages/airflow/example_dags/tutorial_etl_dag.py
[2021-10-27 07:37:49,076] {processor.py:632} INFO - DAG(s) dict_keys(['tutorial_etl_dag']) retrieved from /home/airflow/.local/lib/python3.6/site-packages/airflow/example_dags/tutorial_etl_dag.py
[2021-10-27 07:37:49,086] {logging_mixin.py:109} INFO - [2021-10-27 07:37:49,086] {dag.py:2389} INFO - Sync 1 DAGs
[2021-10-27 07:37:49,105] {logging_mixin.py:109} INFO - [2021-10-27 07:37:49,105] {dag.py:2914} INFO - Setting next_dagrun for tutorial_etl_dag to None
[2021-10-27 07:37:49,114] {processor.py:171} INFO - Processing /home/airflow/.local/lib/python3.6/site-packages/airflow/example_dags/tutorial_etl_dag.py took 0.070 seconds
[2021-10-27 07:38:19,679] {processor.py:163} INFO - Started process (PID=1251) to work on /home/airflow/.local/lib/python3.6/site-packages/airflow/example_dags/tutorial_etl_dag.py
[2021-10-27 07:38:19,681] {processor.py:620} INFO - Processing file /home/airflow/.local/lib/python3.6/site-packages/airflow/example_dags/tutorial_etl_dag.py for tasks to queue
[2021-10-27 07:38:19,681] {logging_mixin.py:109} INFO - [2021-10-27 07:38:19,681] {dagbag.py:500} INFO - Filling up the DagBag from /home/airflow/.local/lib/python3.6/site-packages/airflow/example_dags/tutorial_etl_dag.py
[2021-10-27 07:38:19,710] {processor.py:632} INFO - DAG(s) dict_keys(['tutorial_etl_dag']) retrieved from /home/airflow/.local/lib/python3.6/site-packages/airflow/example_dags/tutorial_etl_dag.py
[2021-10-27 07:38:19,721] {logging_mixin.py:109} INFO - [2021-10-27 07:38:19,721] {dag.py:2389} INFO - Sync 1 DAGs
[2021-10-27 07:38:19,737] {logging_mixin.py:109} INFO - [2021-10-27 07:38:19,737] {dag.py:2914} INFO - Setting next_dagrun for tutorial_etl_dag to None
[2021-10-27 07:38:19,748] {processor.py:171} INFO - Processing /home/airflow/.local/lib/python3.6/site-packages/airflow/example_dags/tutorial_etl_dag.py took 0.072 seconds
[2021-10-27 07:38:50,253] {processor.py:163} INFO - Started process (PID=1319) to work on /home/airflow/.local/lib/python3.6/site-packages/airflow/example_dags/tutorial_etl_dag.py
[2021-10-27 07:38:50,254] {processor.py:620} INFO - Processing file /home/airflow/.local/lib/python3.6/site-packages/airflow/example_dags/tutorial_etl_dag.py for tasks to queue
[2021-10-27 07:38:50,255] {logging_mixin.py:109} INFO - [2021-10-27 07:38:50,254] {dagbag.py:500} INFO - Filling up the DagBag from /home/airflow/.local/lib/python3.6/site-packages/airflow/example_dags/tutorial_etl_dag.py
[2021-10-27 07:38:50,280] {processor.py:632} INFO - DAG(s) dict_keys(['tutorial_etl_dag']) retrieved from /home/airflow/.local/lib/python3.6/site-packages/airflow/example_dags/tutorial_etl_dag.py
[2021-10-27 07:38:50,290] {logging_mixin.py:109} INFO - [2021-10-27 07:38:50,290] {dag.py:2389} INFO - Sync 1 DAGs
[2021-10-27 07:38:50,304] {logging_mixin.py:109} INFO - [2021-10-27 07:38:50,304] {dag.py:2914} INFO - Setting next_dagrun for tutorial_etl_dag to None
[2021-10-27 07:38:50,332] {processor.py:171} INFO - Processing /home/airflow/.local/lib/python3.6/site-packages/airflow/example_dags/tutorial_etl_dag.py took 0.082 seconds
[2021-10-27 07:39:20,712] {processor.py:163} INFO - Started process (PID=1381) to work on /home/airflow/.local/lib/python3.6/site-packages/airflow/example_dags/tutorial_etl_dag.py
[2021-10-27 07:39:20,714] {processor.py:620} INFO - Processing file /home/airflow/.local/lib/python3.6/site-packages/airflow/example_dags/tutorial_etl_dag.py for tasks to queue
[2021-10-27 07:39:20,715] {logging_mixin.py:109} INFO - [2021-10-27 07:39:20,715] {dagbag.py:500} INFO - Filling up the DagBag from /home/airflow/.local/lib/python3.6/site-packages/airflow/example_dags/tutorial_etl_dag.py
[2021-10-27 07:39:20,748] {processor.py:632} INFO - DAG(s) dict_keys(['tutorial_etl_dag']) retrieved from /home/airflow/.local/lib/python3.6/site-packages/airflow/example_dags/tutorial_etl_dag.py
[2021-10-27 07:39:20,760] {logging_mixin.py:109} INFO - [2021-10-27 07:39:20,759] {dag.py:2389} INFO - Sync 1 DAGs
[2021-10-27 07:39:20,777] {logging_mixin.py:109} INFO - [2021-10-27 07:39:20,776] {dag.py:2914} INFO - Setting next_dagrun for tutorial_etl_dag to None
[2021-10-27 07:39:20,787] {processor.py:171} INFO - Processing /home/airflow/.local/lib/python3.6/site-packages/airflow/example_dags/tutorial_etl_dag.py took 0.079 seconds
[2021-10-27 07:39:51,001] {processor.py:163} INFO - Started process (PID=1438) to work on /home/airflow/.local/lib/python3.6/site-packages/airflow/example_dags/tutorial_etl_dag.py
[2021-10-27 07:39:51,003] {processor.py:620} INFO - Processing file /home/airflow/.local/lib/python3.6/site-packages/airflow/example_dags/tutorial_etl_dag.py for tasks to queue
[2021-10-27 07:39:51,004] {logging_mixin.py:109} INFO - [2021-10-27 07:39:51,003] {dagbag.py:500} INFO - Filling up the DagBag from /home/airflow/.local/lib/python3.6/site-packages/airflow/example_dags/tutorial_etl_dag.py
[2021-10-27 07:39:51,031] {processor.py:632} INFO - DAG(s) dict_keys(['tutorial_etl_dag']) retrieved from /home/airflow/.local/lib/python3.6/site-packages/airflow/example_dags/tutorial_etl_dag.py
[2021-10-27 07:39:51,041] {logging_mixin.py:109} INFO - [2021-10-27 07:39:51,041] {dag.py:2389} INFO - Sync 1 DAGs
[2021-10-27 07:39:51,056] {logging_mixin.py:109} INFO - [2021-10-27 07:39:51,056] {dag.py:2914} INFO - Setting next_dagrun for tutorial_etl_dag to None
[2021-10-27 07:39:51,068] {processor.py:171} INFO - Processing /home/airflow/.local/lib/python3.6/site-packages/airflow/example_dags/tutorial_etl_dag.py took 0.072 seconds
[2021-10-27 07:40:21,552] {processor.py:163} INFO - Started process (PID=1501) to work on /home/airflow/.local/lib/python3.6/site-packages/airflow/example_dags/tutorial_etl_dag.py
[2021-10-27 07:40:21,553] {processor.py:620} INFO - Processing file /home/airflow/.local/lib/python3.6/site-packages/airflow/example_dags/tutorial_etl_dag.py for tasks to queue
[2021-10-27 07:40:21,554] {logging_mixin.py:109} INFO - [2021-10-27 07:40:21,554] {dagbag.py:500} INFO - Filling up the DagBag from /home/airflow/.local/lib/python3.6/site-packages/airflow/example_dags/tutorial_etl_dag.py
[2021-10-27 07:40:21,582] {processor.py:632} INFO - DAG(s) dict_keys(['tutorial_etl_dag']) retrieved from /home/airflow/.local/lib/python3.6/site-packages/airflow/example_dags/tutorial_etl_dag.py
[2021-10-27 07:40:21,593] {logging_mixin.py:109} INFO - [2021-10-27 07:40:21,593] {dag.py:2389} INFO - Sync 1 DAGs
[2021-10-27 07:40:21,609] {logging_mixin.py:109} INFO - [2021-10-27 07:40:21,609] {dag.py:2914} INFO - Setting next_dagrun for tutorial_etl_dag to None
[2021-10-27 07:40:21,621] {processor.py:171} INFO - Processing /home/airflow/.local/lib/python3.6/site-packages/airflow/example_dags/tutorial_etl_dag.py took 0.072 seconds
[2021-10-27 07:40:51,953] {processor.py:163} INFO - Started process (PID=1558) to work on /home/airflow/.local/lib/python3.6/site-packages/airflow/example_dags/tutorial_etl_dag.py
[2021-10-27 07:40:51,954] {processor.py:620} INFO - Processing file /home/airflow/.local/lib/python3.6/site-packages/airflow/example_dags/tutorial_etl_dag.py for tasks to queue
[2021-10-27 07:40:51,955] {logging_mixin.py:109} INFO - [2021-10-27 07:40:51,955] {dagbag.py:500} INFO - Filling up the DagBag from /home/airflow/.local/lib/python3.6/site-packages/airflow/example_dags/tutorial_etl_dag.py
[2021-10-27 07:40:51,983] {processor.py:632} INFO - DAG(s) dict_keys(['tutorial_etl_dag']) retrieved from /home/airflow/.local/lib/python3.6/site-packages/airflow/example_dags/tutorial_etl_dag.py
[2021-10-27 07:40:51,992] {logging_mixin.py:109} INFO - [2021-10-27 07:40:51,992] {dag.py:2389} INFO - Sync 1 DAGs
[2021-10-27 07:40:52,009] {logging_mixin.py:109} INFO - [2021-10-27 07:40:52,008] {dag.py:2914} INFO - Setting next_dagrun for tutorial_etl_dag to None
[2021-10-27 07:40:52,020] {processor.py:171} INFO - Processing /home/airflow/.local/lib/python3.6/site-packages/airflow/example_dags/tutorial_etl_dag.py took 0.072 seconds
[2021-10-27 07:41:22,208] {processor.py:163} INFO - Started process (PID=1612) to work on /home/airflow/.local/lib/python3.6/site-packages/airflow/example_dags/tutorial_etl_dag.py
[2021-10-27 07:41:22,209] {processor.py:620} INFO - Processing file /home/airflow/.local/lib/python3.6/site-packages/airflow/example_dags/tutorial_etl_dag.py for tasks to queue
[2021-10-27 07:41:22,210] {logging_mixin.py:109} INFO - [2021-10-27 07:41:22,210] {dagbag.py:500} INFO - Filling up the DagBag from /home/airflow/.local/lib/python3.6/site-packages/airflow/example_dags/tutorial_etl_dag.py
[2021-10-27 07:41:22,239] {processor.py:632} INFO - DAG(s) dict_keys(['tutorial_etl_dag']) retrieved from /home/airflow/.local/lib/python3.6/site-packages/airflow/example_dags/tutorial_etl_dag.py
[2021-10-27 07:41:22,250] {logging_mixin.py:109} INFO - [2021-10-27 07:41:22,250] {dag.py:2389} INFO - Sync 1 DAGs
[2021-10-27 07:41:22,266] {logging_mixin.py:109} INFO - [2021-10-27 07:41:22,266] {dag.py:2914} INFO - Setting next_dagrun for tutorial_etl_dag to None
[2021-10-27 07:41:22,277] {processor.py:171} INFO - Processing /home/airflow/.local/lib/python3.6/site-packages/airflow/example_dags/tutorial_etl_dag.py took 0.073 seconds
[2021-10-27 07:41:52,798] {processor.py:163} INFO - Started process (PID=1677) to work on /home/airflow/.local/lib/python3.6/site-packages/airflow/example_dags/tutorial_etl_dag.py
[2021-10-27 07:41:52,799] {processor.py:620} INFO - Processing file /home/airflow/.local/lib/python3.6/site-packages/airflow/example_dags/tutorial_etl_dag.py for tasks to queue
[2021-10-27 07:41:52,800] {logging_mixin.py:109} INFO - [2021-10-27 07:41:52,800] {dagbag.py:500} INFO - Filling up the DagBag from /home/airflow/.local/lib/python3.6/site-packages/airflow/example_dags/tutorial_etl_dag.py
[2021-10-27 07:41:52,824] {processor.py:632} INFO - DAG(s) dict_keys(['tutorial_etl_dag']) retrieved from /home/airflow/.local/lib/python3.6/site-packages/airflow/example_dags/tutorial_etl_dag.py
[2021-10-27 07:41:52,833] {logging_mixin.py:109} INFO - [2021-10-27 07:41:52,833] {dag.py:2389} INFO - Sync 1 DAGs
[2021-10-27 07:41:52,848] {logging_mixin.py:109} INFO - [2021-10-27 07:41:52,848] {dag.py:2914} INFO - Setting next_dagrun for tutorial_etl_dag to None
[2021-10-27 07:41:52,859] {processor.py:171} INFO - Processing /home/airflow/.local/lib/python3.6/site-packages/airflow/example_dags/tutorial_etl_dag.py took 0.064 seconds
[2021-10-27 07:42:24,157] {processor.py:163} INFO - Started process (PID=1732) to work on /home/airflow/.local/lib/python3.6/site-packages/airflow/example_dags/tutorial_etl_dag.py
[2021-10-27 07:42:24,159] {processor.py:620} INFO - Processing file /home/airflow/.local/lib/python3.6/site-packages/airflow/example_dags/tutorial_etl_dag.py for tasks to queue
[2021-10-27 07:42:24,160] {logging_mixin.py:109} INFO - [2021-10-27 07:42:24,160] {dagbag.py:500} INFO - Filling up the DagBag from /home/airflow/.local/lib/python3.6/site-packages/airflow/example_dags/tutorial_etl_dag.py
[2021-10-27 07:42:24,200] {processor.py:632} INFO - DAG(s) dict_keys(['tutorial_etl_dag']) retrieved from /home/airflow/.local/lib/python3.6/site-packages/airflow/example_dags/tutorial_etl_dag.py
[2021-10-27 07:42:24,212] {logging_mixin.py:109} INFO - [2021-10-27 07:42:24,211] {dag.py:2389} INFO - Sync 1 DAGs
[2021-10-27 07:42:24,235] {logging_mixin.py:109} INFO - [2021-10-27 07:42:24,235] {dag.py:2914} INFO - Setting next_dagrun for tutorial_etl_dag to None
[2021-10-27 07:42:24,246] {processor.py:171} INFO - Processing /home/airflow/.local/lib/python3.6/site-packages/airflow/example_dags/tutorial_etl_dag.py took 0.096 seconds
[2021-10-27 07:42:54,467] {processor.py:163} INFO - Started process (PID=1798) to work on /home/airflow/.local/lib/python3.6/site-packages/airflow/example_dags/tutorial_etl_dag.py
[2021-10-27 07:42:54,469] {processor.py:620} INFO - Processing file /home/airflow/.local/lib/python3.6/site-packages/airflow/example_dags/tutorial_etl_dag.py for tasks to queue
[2021-10-27 07:42:54,470] {logging_mixin.py:109} INFO - [2021-10-27 07:42:54,470] {dagbag.py:500} INFO - Filling up the DagBag from /home/airflow/.local/lib/python3.6/site-packages/airflow/example_dags/tutorial_etl_dag.py
[2021-10-27 07:42:54,495] {processor.py:632} INFO - DAG(s) dict_keys(['tutorial_etl_dag']) retrieved from /home/airflow/.local/lib/python3.6/site-packages/airflow/example_dags/tutorial_etl_dag.py
[2021-10-27 07:42:54,505] {logging_mixin.py:109} INFO - [2021-10-27 07:42:54,504] {dag.py:2389} INFO - Sync 1 DAGs
[2021-10-27 07:42:54,519] {logging_mixin.py:109} INFO - [2021-10-27 07:42:54,519] {dag.py:2914} INFO - Setting next_dagrun for tutorial_etl_dag to None
[2021-10-27 07:42:54,532] {processor.py:171} INFO - Processing /home/airflow/.local/lib/python3.6/site-packages/airflow/example_dags/tutorial_etl_dag.py took 0.067 seconds
[2021-10-27 07:43:25,235] {processor.py:163} INFO - Started process (PID=1854) to work on /home/airflow/.local/lib/python3.6/site-packages/airflow/example_dags/tutorial_etl_dag.py
[2021-10-27 07:43:25,237] {processor.py:620} INFO - Processing file /home/airflow/.local/lib/python3.6/site-packages/airflow/example_dags/tutorial_etl_dag.py for tasks to queue
[2021-10-27 07:43:25,238] {logging_mixin.py:109} INFO - [2021-10-27 07:43:25,238] {dagbag.py:500} INFO - Filling up the DagBag from /home/airflow/.local/lib/python3.6/site-packages/airflow/example_dags/tutorial_etl_dag.py
[2021-10-27 07:43:25,267] {processor.py:632} INFO - DAG(s) dict_keys(['tutorial_etl_dag']) retrieved from /home/airflow/.local/lib/python3.6/site-packages/airflow/example_dags/tutorial_etl_dag.py
[2021-10-27 07:43:25,277] {logging_mixin.py:109} INFO - [2021-10-27 07:43:25,277] {dag.py:2389} INFO - Sync 1 DAGs
[2021-10-27 07:43:25,298] {logging_mixin.py:109} INFO - [2021-10-27 07:43:25,298] {dag.py:2914} INFO - Setting next_dagrun for tutorial_etl_dag to None
[2021-10-27 07:43:25,312] {processor.py:171} INFO - Processing /home/airflow/.local/lib/python3.6/site-packages/airflow/example_dags/tutorial_etl_dag.py took 0.080 seconds
[2021-10-27 07:43:55,867] {processor.py:163} INFO - Started process (PID=1921) to work on /home/airflow/.local/lib/python3.6/site-packages/airflow/example_dags/tutorial_etl_dag.py
[2021-10-27 07:43:55,870] {processor.py:620} INFO - Processing file /home/airflow/.local/lib/python3.6/site-packages/airflow/example_dags/tutorial_etl_dag.py for tasks to queue
[2021-10-27 07:43:55,871] {logging_mixin.py:109} INFO - [2021-10-27 07:43:55,871] {dagbag.py:500} INFO - Filling up the DagBag from /home/airflow/.local/lib/python3.6/site-packages/airflow/example_dags/tutorial_etl_dag.py
[2021-10-27 07:43:55,925] {processor.py:632} INFO - DAG(s) dict_keys(['tutorial_etl_dag']) retrieved from /home/airflow/.local/lib/python3.6/site-packages/airflow/example_dags/tutorial_etl_dag.py
[2021-10-27 07:43:55,942] {logging_mixin.py:109} INFO - [2021-10-27 07:43:55,942] {dag.py:2389} INFO - Sync 1 DAGs
[2021-10-27 07:43:55,970] {logging_mixin.py:109} INFO - [2021-10-27 07:43:55,970] {dag.py:2914} INFO - Setting next_dagrun for tutorial_etl_dag to None
[2021-10-27 07:43:55,987] {processor.py:171} INFO - Processing /home/airflow/.local/lib/python3.6/site-packages/airflow/example_dags/tutorial_etl_dag.py took 0.125 seconds
[2021-10-27 07:44:26,705] {processor.py:163} INFO - Started process (PID=1977) to work on /home/airflow/.local/lib/python3.6/site-packages/airflow/example_dags/tutorial_etl_dag.py
[2021-10-27 07:44:26,706] {processor.py:620} INFO - Processing file /home/airflow/.local/lib/python3.6/site-packages/airflow/example_dags/tutorial_etl_dag.py for tasks to queue
[2021-10-27 07:44:26,707] {logging_mixin.py:109} INFO - [2021-10-27 07:44:26,707] {dagbag.py:500} INFO - Filling up the DagBag from /home/airflow/.local/lib/python3.6/site-packages/airflow/example_dags/tutorial_etl_dag.py
[2021-10-27 07:44:26,734] {processor.py:632} INFO - DAG(s) dict_keys(['tutorial_etl_dag']) retrieved from /home/airflow/.local/lib/python3.6/site-packages/airflow/example_dags/tutorial_etl_dag.py
[2021-10-27 07:44:26,743] {logging_mixin.py:109} INFO - [2021-10-27 07:44:26,743] {dag.py:2389} INFO - Sync 1 DAGs
[2021-10-27 07:44:26,761] {logging_mixin.py:109} INFO - [2021-10-27 07:44:26,761] {dag.py:2914} INFO - Setting next_dagrun for tutorial_etl_dag to None
[2021-10-27 07:44:26,771] {processor.py:171} INFO - Processing /home/airflow/.local/lib/python3.6/site-packages/airflow/example_dags/tutorial_etl_dag.py took 0.069 seconds
