[2021-10-27 07:17:43,826] {processor.py:163} INFO - Started process (PID=64) to work on /home/airflow/.local/lib/python3.6/site-packages/airflow/example_dags/tutorial_taskflow_api_etl_virtualenv.py
[2021-10-27 07:17:43,827] {processor.py:620} INFO - Processing file /home/airflow/.local/lib/python3.6/site-packages/airflow/example_dags/tutorial_taskflow_api_etl_virtualenv.py for tasks to queue
[2021-10-27 07:17:43,828] {logging_mixin.py:109} INFO - [2021-10-27 07:17:43,828] {dagbag.py:500} INFO - Filling up the DagBag from /home/airflow/.local/lib/python3.6/site-packages/airflow/example_dags/tutorial_taskflow_api_etl_virtualenv.py
[2021-10-27 07:17:43,958] {processor.py:632} INFO - DAG(s) dict_keys(['tutorial_taskflow_api_etl_virtualenv']) retrieved from /home/airflow/.local/lib/python3.6/site-packages/airflow/example_dags/tutorial_taskflow_api_etl_virtualenv.py
[2021-10-27 07:17:44,251] {logging_mixin.py:109} INFO - [2021-10-27 07:17:44,251] {dag.py:2389} INFO - Sync 1 DAGs
[2021-10-27 07:17:44,268] {logging_mixin.py:109} INFO - [2021-10-27 07:17:44,268] {dag.py:2914} INFO - Setting next_dagrun for tutorial_taskflow_api_etl_virtualenv to None
[2021-10-27 07:17:44,281] {processor.py:171} INFO - Processing /home/airflow/.local/lib/python3.6/site-packages/airflow/example_dags/tutorial_taskflow_api_etl_virtualenv.py took 0.459 seconds
[2021-10-27 07:18:14,664] {processor.py:163} INFO - Started process (PID=121) to work on /home/airflow/.local/lib/python3.6/site-packages/airflow/example_dags/tutorial_taskflow_api_etl_virtualenv.py
[2021-10-27 07:18:14,666] {processor.py:620} INFO - Processing file /home/airflow/.local/lib/python3.6/site-packages/airflow/example_dags/tutorial_taskflow_api_etl_virtualenv.py for tasks to queue
[2021-10-27 07:18:14,667] {logging_mixin.py:109} INFO - [2021-10-27 07:18:14,667] {dagbag.py:500} INFO - Filling up the DagBag from /home/airflow/.local/lib/python3.6/site-packages/airflow/example_dags/tutorial_taskflow_api_etl_virtualenv.py
[2021-10-27 07:18:14,709] {processor.py:632} INFO - DAG(s) dict_keys(['tutorial_taskflow_api_etl_virtualenv']) retrieved from /home/airflow/.local/lib/python3.6/site-packages/airflow/example_dags/tutorial_taskflow_api_etl_virtualenv.py
[2021-10-27 07:18:14,937] {logging_mixin.py:109} INFO - [2021-10-27 07:18:14,937] {dag.py:2389} INFO - Sync 1 DAGs
[2021-10-27 07:18:14,952] {logging_mixin.py:109} INFO - [2021-10-27 07:18:14,952] {dag.py:2914} INFO - Setting next_dagrun for tutorial_taskflow_api_etl_virtualenv to None
[2021-10-27 07:18:14,962] {processor.py:171} INFO - Processing /home/airflow/.local/lib/python3.6/site-packages/airflow/example_dags/tutorial_taskflow_api_etl_virtualenv.py took 0.303 seconds
[2021-10-27 07:18:45,065] {processor.py:163} INFO - Started process (PID=177) to work on /home/airflow/.local/lib/python3.6/site-packages/airflow/example_dags/tutorial_taskflow_api_etl_virtualenv.py
[2021-10-27 07:18:45,067] {processor.py:620} INFO - Processing file /home/airflow/.local/lib/python3.6/site-packages/airflow/example_dags/tutorial_taskflow_api_etl_virtualenv.py for tasks to queue
[2021-10-27 07:18:45,067] {logging_mixin.py:109} INFO - [2021-10-27 07:18:45,067] {dagbag.py:500} INFO - Filling up the DagBag from /home/airflow/.local/lib/python3.6/site-packages/airflow/example_dags/tutorial_taskflow_api_etl_virtualenv.py
[2021-10-27 07:18:45,112] {processor.py:632} INFO - DAG(s) dict_keys(['tutorial_taskflow_api_etl_virtualenv']) retrieved from /home/airflow/.local/lib/python3.6/site-packages/airflow/example_dags/tutorial_taskflow_api_etl_virtualenv.py
[2021-10-27 07:18:45,307] {logging_mixin.py:109} INFO - [2021-10-27 07:18:45,307] {dag.py:2389} INFO - Sync 1 DAGs
[2021-10-27 07:18:45,322] {logging_mixin.py:109} INFO - [2021-10-27 07:18:45,322] {dag.py:2914} INFO - Setting next_dagrun for tutorial_taskflow_api_etl_virtualenv to None
[2021-10-27 07:18:45,334] {processor.py:171} INFO - Processing /home/airflow/.local/lib/python3.6/site-packages/airflow/example_dags/tutorial_taskflow_api_etl_virtualenv.py took 0.273 seconds
[2021-10-27 07:19:16,222] {processor.py:163} INFO - Started process (PID=239) to work on /home/airflow/.local/lib/python3.6/site-packages/airflow/example_dags/tutorial_taskflow_api_etl_virtualenv.py
[2021-10-27 07:19:16,224] {processor.py:620} INFO - Processing file /home/airflow/.local/lib/python3.6/site-packages/airflow/example_dags/tutorial_taskflow_api_etl_virtualenv.py for tasks to queue
[2021-10-27 07:19:16,225] {logging_mixin.py:109} INFO - [2021-10-27 07:19:16,225] {dagbag.py:500} INFO - Filling up the DagBag from /home/airflow/.local/lib/python3.6/site-packages/airflow/example_dags/tutorial_taskflow_api_etl_virtualenv.py
[2021-10-27 07:19:16,284] {processor.py:632} INFO - DAG(s) dict_keys(['tutorial_taskflow_api_etl_virtualenv']) retrieved from /home/airflow/.local/lib/python3.6/site-packages/airflow/example_dags/tutorial_taskflow_api_etl_virtualenv.py
[2021-10-27 07:19:16,678] {logging_mixin.py:109} INFO - [2021-10-27 07:19:16,677] {dag.py:2389} INFO - Sync 1 DAGs
[2021-10-27 07:19:16,704] {logging_mixin.py:109} INFO - [2021-10-27 07:19:16,704] {dag.py:2914} INFO - Setting next_dagrun for tutorial_taskflow_api_etl_virtualenv to None
[2021-10-27 07:19:16,722] {processor.py:171} INFO - Processing /home/airflow/.local/lib/python3.6/site-packages/airflow/example_dags/tutorial_taskflow_api_etl_virtualenv.py took 0.506 seconds
[2021-10-27 07:19:47,354] {processor.py:163} INFO - Started process (PID=295) to work on /home/airflow/.local/lib/python3.6/site-packages/airflow/example_dags/tutorial_taskflow_api_etl_virtualenv.py
[2021-10-27 07:19:47,356] {processor.py:620} INFO - Processing file /home/airflow/.local/lib/python3.6/site-packages/airflow/example_dags/tutorial_taskflow_api_etl_virtualenv.py for tasks to queue
[2021-10-27 07:19:47,357] {logging_mixin.py:109} INFO - [2021-10-27 07:19:47,357] {dagbag.py:500} INFO - Filling up the DagBag from /home/airflow/.local/lib/python3.6/site-packages/airflow/example_dags/tutorial_taskflow_api_etl_virtualenv.py
[2021-10-27 07:19:47,396] {processor.py:632} INFO - DAG(s) dict_keys(['tutorial_taskflow_api_etl_virtualenv']) retrieved from /home/airflow/.local/lib/python3.6/site-packages/airflow/example_dags/tutorial_taskflow_api_etl_virtualenv.py
[2021-10-27 07:19:47,695] {logging_mixin.py:109} INFO - [2021-10-27 07:19:47,695] {dag.py:2389} INFO - Sync 1 DAGs
[2021-10-27 07:19:47,714] {logging_mixin.py:109} INFO - [2021-10-27 07:19:47,714] {dag.py:2914} INFO - Setting next_dagrun for tutorial_taskflow_api_etl_virtualenv to None
[2021-10-27 07:19:47,732] {processor.py:171} INFO - Processing /home/airflow/.local/lib/python3.6/site-packages/airflow/example_dags/tutorial_taskflow_api_etl_virtualenv.py took 0.382 seconds
[2021-10-27 07:20:17,800] {processor.py:163} INFO - Started process (PID=362) to work on /home/airflow/.local/lib/python3.6/site-packages/airflow/example_dags/tutorial_taskflow_api_etl_virtualenv.py
[2021-10-27 07:20:17,802] {processor.py:620} INFO - Processing file /home/airflow/.local/lib/python3.6/site-packages/airflow/example_dags/tutorial_taskflow_api_etl_virtualenv.py for tasks to queue
[2021-10-27 07:20:17,803] {logging_mixin.py:109} INFO - [2021-10-27 07:20:17,803] {dagbag.py:500} INFO - Filling up the DagBag from /home/airflow/.local/lib/python3.6/site-packages/airflow/example_dags/tutorial_taskflow_api_etl_virtualenv.py
[2021-10-27 07:20:17,834] {processor.py:632} INFO - DAG(s) dict_keys(['tutorial_taskflow_api_etl_virtualenv']) retrieved from /home/airflow/.local/lib/python3.6/site-packages/airflow/example_dags/tutorial_taskflow_api_etl_virtualenv.py
[2021-10-27 07:20:18,041] {logging_mixin.py:109} INFO - [2021-10-27 07:20:18,041] {dag.py:2389} INFO - Sync 1 DAGs
[2021-10-27 07:20:18,054] {logging_mixin.py:109} INFO - [2021-10-27 07:20:18,054] {dag.py:2914} INFO - Setting next_dagrun for tutorial_taskflow_api_etl_virtualenv to None
[2021-10-27 07:20:18,066] {processor.py:171} INFO - Processing /home/airflow/.local/lib/python3.6/site-packages/airflow/example_dags/tutorial_taskflow_api_etl_virtualenv.py took 0.268 seconds
[2021-10-27 07:20:48,108] {processor.py:163} INFO - Started process (PID=419) to work on /home/airflow/.local/lib/python3.6/site-packages/airflow/example_dags/tutorial_taskflow_api_etl_virtualenv.py
[2021-10-27 07:20:48,110] {processor.py:620} INFO - Processing file /home/airflow/.local/lib/python3.6/site-packages/airflow/example_dags/tutorial_taskflow_api_etl_virtualenv.py for tasks to queue
[2021-10-27 07:20:48,112] {logging_mixin.py:109} INFO - [2021-10-27 07:20:48,112] {dagbag.py:500} INFO - Filling up the DagBag from /home/airflow/.local/lib/python3.6/site-packages/airflow/example_dags/tutorial_taskflow_api_etl_virtualenv.py
[2021-10-27 07:20:48,149] {processor.py:632} INFO - DAG(s) dict_keys(['tutorial_taskflow_api_etl_virtualenv']) retrieved from /home/airflow/.local/lib/python3.6/site-packages/airflow/example_dags/tutorial_taskflow_api_etl_virtualenv.py
[2021-10-27 07:20:48,361] {logging_mixin.py:109} INFO - [2021-10-27 07:20:48,361] {dag.py:2389} INFO - Sync 1 DAGs
[2021-10-27 07:20:48,377] {logging_mixin.py:109} INFO - [2021-10-27 07:20:48,377] {dag.py:2914} INFO - Setting next_dagrun for tutorial_taskflow_api_etl_virtualenv to None
[2021-10-27 07:20:48,388] {processor.py:171} INFO - Processing /home/airflow/.local/lib/python3.6/site-packages/airflow/example_dags/tutorial_taskflow_api_etl_virtualenv.py took 0.286 seconds
[2021-10-27 07:21:18,882] {processor.py:163} INFO - Started process (PID=486) to work on /home/airflow/.local/lib/python3.6/site-packages/airflow/example_dags/tutorial_taskflow_api_etl_virtualenv.py
[2021-10-27 07:21:18,885] {processor.py:620} INFO - Processing file /home/airflow/.local/lib/python3.6/site-packages/airflow/example_dags/tutorial_taskflow_api_etl_virtualenv.py for tasks to queue
[2021-10-27 07:21:18,886] {logging_mixin.py:109} INFO - [2021-10-27 07:21:18,885] {dagbag.py:500} INFO - Filling up the DagBag from /home/airflow/.local/lib/python3.6/site-packages/airflow/example_dags/tutorial_taskflow_api_etl_virtualenv.py
[2021-10-27 07:21:18,928] {processor.py:632} INFO - DAG(s) dict_keys(['tutorial_taskflow_api_etl_virtualenv']) retrieved from /home/airflow/.local/lib/python3.6/site-packages/airflow/example_dags/tutorial_taskflow_api_etl_virtualenv.py
[2021-10-27 07:21:19,183] {logging_mixin.py:109} INFO - [2021-10-27 07:21:19,183] {dag.py:2389} INFO - Sync 1 DAGs
[2021-10-27 07:21:19,199] {logging_mixin.py:109} INFO - [2021-10-27 07:21:19,199] {dag.py:2914} INFO - Setting next_dagrun for tutorial_taskflow_api_etl_virtualenv to None
[2021-10-27 07:21:19,209] {processor.py:171} INFO - Processing /home/airflow/.local/lib/python3.6/site-packages/airflow/example_dags/tutorial_taskflow_api_etl_virtualenv.py took 0.332 seconds
[2021-10-27 07:21:49,291] {processor.py:163} INFO - Started process (PID=542) to work on /home/airflow/.local/lib/python3.6/site-packages/airflow/example_dags/tutorial_taskflow_api_etl_virtualenv.py
[2021-10-27 07:21:49,292] {processor.py:620} INFO - Processing file /home/airflow/.local/lib/python3.6/site-packages/airflow/example_dags/tutorial_taskflow_api_etl_virtualenv.py for tasks to queue
[2021-10-27 07:21:49,293] {logging_mixin.py:109} INFO - [2021-10-27 07:21:49,293] {dagbag.py:500} INFO - Filling up the DagBag from /home/airflow/.local/lib/python3.6/site-packages/airflow/example_dags/tutorial_taskflow_api_etl_virtualenv.py
[2021-10-27 07:21:49,326] {processor.py:632} INFO - DAG(s) dict_keys(['tutorial_taskflow_api_etl_virtualenv']) retrieved from /home/airflow/.local/lib/python3.6/site-packages/airflow/example_dags/tutorial_taskflow_api_etl_virtualenv.py
[2021-10-27 07:21:49,336] {logging_mixin.py:109} INFO - [2021-10-27 07:21:49,336] {dag.py:2389} INFO - Sync 1 DAGs
[2021-10-27 07:21:49,352] {logging_mixin.py:109} INFO - [2021-10-27 07:21:49,352] {dag.py:2914} INFO - Setting next_dagrun for tutorial_taskflow_api_etl_virtualenv to None
[2021-10-27 07:21:49,364] {processor.py:171} INFO - Processing /home/airflow/.local/lib/python3.6/site-packages/airflow/example_dags/tutorial_taskflow_api_etl_virtualenv.py took 0.076 seconds
[2021-10-27 07:22:19,418] {processor.py:163} INFO - Started process (PID=593) to work on /home/airflow/.local/lib/python3.6/site-packages/airflow/example_dags/tutorial_taskflow_api_etl_virtualenv.py
[2021-10-27 07:22:19,421] {processor.py:620} INFO - Processing file /home/airflow/.local/lib/python3.6/site-packages/airflow/example_dags/tutorial_taskflow_api_etl_virtualenv.py for tasks to queue
[2021-10-27 07:22:19,424] {logging_mixin.py:109} INFO - [2021-10-27 07:22:19,424] {dagbag.py:500} INFO - Filling up the DagBag from /home/airflow/.local/lib/python3.6/site-packages/airflow/example_dags/tutorial_taskflow_api_etl_virtualenv.py
[2021-10-27 07:22:19,485] {processor.py:632} INFO - DAG(s) dict_keys(['tutorial_taskflow_api_etl_virtualenv']) retrieved from /home/airflow/.local/lib/python3.6/site-packages/airflow/example_dags/tutorial_taskflow_api_etl_virtualenv.py
[2021-10-27 07:22:19,797] {logging_mixin.py:109} INFO - [2021-10-27 07:22:19,797] {dag.py:2389} INFO - Sync 1 DAGs
[2021-10-27 07:22:19,819] {logging_mixin.py:109} INFO - [2021-10-27 07:22:19,819] {dag.py:2914} INFO - Setting next_dagrun for tutorial_taskflow_api_etl_virtualenv to None
[2021-10-27 07:22:19,836] {processor.py:171} INFO - Processing /home/airflow/.local/lib/python3.6/site-packages/airflow/example_dags/tutorial_taskflow_api_etl_virtualenv.py took 0.423 seconds
[2021-10-27 07:22:50,763] {processor.py:163} INFO - Started process (PID=659) to work on /home/airflow/.local/lib/python3.6/site-packages/airflow/example_dags/tutorial_taskflow_api_etl_virtualenv.py
[2021-10-27 07:22:50,764] {processor.py:620} INFO - Processing file /home/airflow/.local/lib/python3.6/site-packages/airflow/example_dags/tutorial_taskflow_api_etl_virtualenv.py for tasks to queue
[2021-10-27 07:22:50,765] {logging_mixin.py:109} INFO - [2021-10-27 07:22:50,765] {dagbag.py:500} INFO - Filling up the DagBag from /home/airflow/.local/lib/python3.6/site-packages/airflow/example_dags/tutorial_taskflow_api_etl_virtualenv.py
[2021-10-27 07:22:50,844] {processor.py:632} INFO - DAG(s) dict_keys(['tutorial_taskflow_api_etl_virtualenv']) retrieved from /home/airflow/.local/lib/python3.6/site-packages/airflow/example_dags/tutorial_taskflow_api_etl_virtualenv.py
[2021-10-27 07:22:51,090] {logging_mixin.py:109} INFO - [2021-10-27 07:22:51,090] {dag.py:2389} INFO - Sync 1 DAGs
[2021-10-27 07:22:51,105] {logging_mixin.py:109} INFO - [2021-10-27 07:22:51,105] {dag.py:2914} INFO - Setting next_dagrun for tutorial_taskflow_api_etl_virtualenv to None
[2021-10-27 07:22:51,116] {processor.py:171} INFO - Processing /home/airflow/.local/lib/python3.6/site-packages/airflow/example_dags/tutorial_taskflow_api_etl_virtualenv.py took 0.357 seconds
[2021-10-27 07:23:22,050] {processor.py:163} INFO - Started process (PID=714) to work on /home/airflow/.local/lib/python3.6/site-packages/airflow/example_dags/tutorial_taskflow_api_etl_virtualenv.py
[2021-10-27 07:23:22,052] {processor.py:620} INFO - Processing file /home/airflow/.local/lib/python3.6/site-packages/airflow/example_dags/tutorial_taskflow_api_etl_virtualenv.py for tasks to queue
[2021-10-27 07:23:22,053] {logging_mixin.py:109} INFO - [2021-10-27 07:23:22,053] {dagbag.py:500} INFO - Filling up the DagBag from /home/airflow/.local/lib/python3.6/site-packages/airflow/example_dags/tutorial_taskflow_api_etl_virtualenv.py
[2021-10-27 07:23:22,097] {processor.py:632} INFO - DAG(s) dict_keys(['tutorial_taskflow_api_etl_virtualenv']) retrieved from /home/airflow/.local/lib/python3.6/site-packages/airflow/example_dags/tutorial_taskflow_api_etl_virtualenv.py
[2021-10-27 07:23:22,333] {logging_mixin.py:109} INFO - [2021-10-27 07:23:22,333] {dag.py:2389} INFO - Sync 1 DAGs
[2021-10-27 07:23:22,349] {logging_mixin.py:109} INFO - [2021-10-27 07:23:22,348] {dag.py:2914} INFO - Setting next_dagrun for tutorial_taskflow_api_etl_virtualenv to None
[2021-10-27 07:23:22,362] {processor.py:171} INFO - Processing /home/airflow/.local/lib/python3.6/site-packages/airflow/example_dags/tutorial_taskflow_api_etl_virtualenv.py took 0.316 seconds
[2021-10-27 07:23:52,697] {processor.py:163} INFO - Started process (PID=779) to work on /home/airflow/.local/lib/python3.6/site-packages/airflow/example_dags/tutorial_taskflow_api_etl_virtualenv.py
[2021-10-27 07:23:52,698] {processor.py:620} INFO - Processing file /home/airflow/.local/lib/python3.6/site-packages/airflow/example_dags/tutorial_taskflow_api_etl_virtualenv.py for tasks to queue
[2021-10-27 07:23:52,699] {logging_mixin.py:109} INFO - [2021-10-27 07:23:52,699] {dagbag.py:500} INFO - Filling up the DagBag from /home/airflow/.local/lib/python3.6/site-packages/airflow/example_dags/tutorial_taskflow_api_etl_virtualenv.py
[2021-10-27 07:23:52,746] {processor.py:632} INFO - DAG(s) dict_keys(['tutorial_taskflow_api_etl_virtualenv']) retrieved from /home/airflow/.local/lib/python3.6/site-packages/airflow/example_dags/tutorial_taskflow_api_etl_virtualenv.py
[2021-10-27 07:23:53,071] {logging_mixin.py:109} INFO - [2021-10-27 07:23:53,070] {dag.py:2389} INFO - Sync 1 DAGs
[2021-10-27 07:23:53,096] {logging_mixin.py:109} INFO - [2021-10-27 07:23:53,096] {dag.py:2914} INFO - Setting next_dagrun for tutorial_taskflow_api_etl_virtualenv to None
[2021-10-27 07:23:53,112] {processor.py:171} INFO - Processing /home/airflow/.local/lib/python3.6/site-packages/airflow/example_dags/tutorial_taskflow_api_etl_virtualenv.py took 0.418 seconds
[2021-10-27 07:24:23,641] {processor.py:163} INFO - Started process (PID=834) to work on /home/airflow/.local/lib/python3.6/site-packages/airflow/example_dags/tutorial_taskflow_api_etl_virtualenv.py
[2021-10-27 07:24:23,643] {processor.py:620} INFO - Processing file /home/airflow/.local/lib/python3.6/site-packages/airflow/example_dags/tutorial_taskflow_api_etl_virtualenv.py for tasks to queue
[2021-10-27 07:24:23,644] {logging_mixin.py:109} INFO - [2021-10-27 07:24:23,643] {dagbag.py:500} INFO - Filling up the DagBag from /home/airflow/.local/lib/python3.6/site-packages/airflow/example_dags/tutorial_taskflow_api_etl_virtualenv.py
[2021-10-27 07:24:23,675] {processor.py:632} INFO - DAG(s) dict_keys(['tutorial_taskflow_api_etl_virtualenv']) retrieved from /home/airflow/.local/lib/python3.6/site-packages/airflow/example_dags/tutorial_taskflow_api_etl_virtualenv.py
[2021-10-27 07:24:23,873] {logging_mixin.py:109} INFO - [2021-10-27 07:24:23,873] {dag.py:2389} INFO - Sync 1 DAGs
[2021-10-27 07:24:23,886] {logging_mixin.py:109} INFO - [2021-10-27 07:24:23,886] {dag.py:2914} INFO - Setting next_dagrun for tutorial_taskflow_api_etl_virtualenv to None
[2021-10-27 07:24:23,899] {processor.py:171} INFO - Processing /home/airflow/.local/lib/python3.6/site-packages/airflow/example_dags/tutorial_taskflow_api_etl_virtualenv.py took 0.261 seconds
[2021-10-27 07:24:54,324] {processor.py:163} INFO - Started process (PID=899) to work on /home/airflow/.local/lib/python3.6/site-packages/airflow/example_dags/tutorial_taskflow_api_etl_virtualenv.py
[2021-10-27 07:24:54,325] {processor.py:620} INFO - Processing file /home/airflow/.local/lib/python3.6/site-packages/airflow/example_dags/tutorial_taskflow_api_etl_virtualenv.py for tasks to queue
[2021-10-27 07:24:54,326] {logging_mixin.py:109} INFO - [2021-10-27 07:24:54,326] {dagbag.py:500} INFO - Filling up the DagBag from /home/airflow/.local/lib/python3.6/site-packages/airflow/example_dags/tutorial_taskflow_api_etl_virtualenv.py
[2021-10-27 07:24:54,357] {processor.py:632} INFO - DAG(s) dict_keys(['tutorial_taskflow_api_etl_virtualenv']) retrieved from /home/airflow/.local/lib/python3.6/site-packages/airflow/example_dags/tutorial_taskflow_api_etl_virtualenv.py
[2021-10-27 07:24:54,557] {logging_mixin.py:109} INFO - [2021-10-27 07:24:54,557] {dag.py:2389} INFO - Sync 1 DAGs
[2021-10-27 07:24:54,572] {logging_mixin.py:109} INFO - [2021-10-27 07:24:54,572] {dag.py:2914} INFO - Setting next_dagrun for tutorial_taskflow_api_etl_virtualenv to None
[2021-10-27 07:24:54,586] {processor.py:171} INFO - Processing /home/airflow/.local/lib/python3.6/site-packages/airflow/example_dags/tutorial_taskflow_api_etl_virtualenv.py took 0.266 seconds
[2021-10-27 07:25:24,757] {processor.py:163} INFO - Started process (PID=954) to work on /home/airflow/.local/lib/python3.6/site-packages/airflow/example_dags/tutorial_taskflow_api_etl_virtualenv.py
[2021-10-27 07:25:24,759] {processor.py:620} INFO - Processing file /home/airflow/.local/lib/python3.6/site-packages/airflow/example_dags/tutorial_taskflow_api_etl_virtualenv.py for tasks to queue
[2021-10-27 07:25:24,760] {logging_mixin.py:109} INFO - [2021-10-27 07:25:24,759] {dagbag.py:500} INFO - Filling up the DagBag from /home/airflow/.local/lib/python3.6/site-packages/airflow/example_dags/tutorial_taskflow_api_etl_virtualenv.py
[2021-10-27 07:25:24,794] {processor.py:632} INFO - DAG(s) dict_keys(['tutorial_taskflow_api_etl_virtualenv']) retrieved from /home/airflow/.local/lib/python3.6/site-packages/airflow/example_dags/tutorial_taskflow_api_etl_virtualenv.py
[2021-10-27 07:25:25,011] {logging_mixin.py:109} INFO - [2021-10-27 07:25:25,010] {dag.py:2389} INFO - Sync 1 DAGs
[2021-10-27 07:25:25,029] {logging_mixin.py:109} INFO - [2021-10-27 07:25:25,029] {dag.py:2914} INFO - Setting next_dagrun for tutorial_taskflow_api_etl_virtualenv to None
[2021-10-27 07:25:25,041] {processor.py:171} INFO - Processing /home/airflow/.local/lib/python3.6/site-packages/airflow/example_dags/tutorial_taskflow_api_etl_virtualenv.py took 0.288 seconds
[2021-10-27 07:25:55,570] {processor.py:163} INFO - Started process (PID=1021) to work on /home/airflow/.local/lib/python3.6/site-packages/airflow/example_dags/tutorial_taskflow_api_etl_virtualenv.py
[2021-10-27 07:25:55,571] {processor.py:620} INFO - Processing file /home/airflow/.local/lib/python3.6/site-packages/airflow/example_dags/tutorial_taskflow_api_etl_virtualenv.py for tasks to queue
[2021-10-27 07:25:55,572] {logging_mixin.py:109} INFO - [2021-10-27 07:25:55,572] {dagbag.py:500} INFO - Filling up the DagBag from /home/airflow/.local/lib/python3.6/site-packages/airflow/example_dags/tutorial_taskflow_api_etl_virtualenv.py
[2021-10-27 07:25:55,603] {processor.py:632} INFO - DAG(s) dict_keys(['tutorial_taskflow_api_etl_virtualenv']) retrieved from /home/airflow/.local/lib/python3.6/site-packages/airflow/example_dags/tutorial_taskflow_api_etl_virtualenv.py
[2021-10-27 07:25:55,801] {logging_mixin.py:109} INFO - [2021-10-27 07:25:55,801] {dag.py:2389} INFO - Sync 1 DAGs
[2021-10-27 07:25:55,815] {logging_mixin.py:109} INFO - [2021-10-27 07:25:55,815] {dag.py:2914} INFO - Setting next_dagrun for tutorial_taskflow_api_etl_virtualenv to None
[2021-10-27 07:25:55,829] {processor.py:171} INFO - Processing /home/airflow/.local/lib/python3.6/site-packages/airflow/example_dags/tutorial_taskflow_api_etl_virtualenv.py took 0.261 seconds
[2021-10-27 07:26:26,032] {processor.py:163} INFO - Started process (PID=1076) to work on /home/airflow/.local/lib/python3.6/site-packages/airflow/example_dags/tutorial_taskflow_api_etl_virtualenv.py
[2021-10-27 07:26:26,033] {processor.py:620} INFO - Processing file /home/airflow/.local/lib/python3.6/site-packages/airflow/example_dags/tutorial_taskflow_api_etl_virtualenv.py for tasks to queue
[2021-10-27 07:26:26,034] {logging_mixin.py:109} INFO - [2021-10-27 07:26:26,034] {dagbag.py:500} INFO - Filling up the DagBag from /home/airflow/.local/lib/python3.6/site-packages/airflow/example_dags/tutorial_taskflow_api_etl_virtualenv.py
[2021-10-27 07:26:26,065] {processor.py:632} INFO - DAG(s) dict_keys(['tutorial_taskflow_api_etl_virtualenv']) retrieved from /home/airflow/.local/lib/python3.6/site-packages/airflow/example_dags/tutorial_taskflow_api_etl_virtualenv.py
[2021-10-27 07:26:26,281] {logging_mixin.py:109} INFO - [2021-10-27 07:26:26,281] {dag.py:2389} INFO - Sync 1 DAGs
[2021-10-27 07:26:26,295] {logging_mixin.py:109} INFO - [2021-10-27 07:26:26,295] {dag.py:2914} INFO - Setting next_dagrun for tutorial_taskflow_api_etl_virtualenv to None
[2021-10-27 07:26:26,309] {processor.py:171} INFO - Processing /home/airflow/.local/lib/python3.6/site-packages/airflow/example_dags/tutorial_taskflow_api_etl_virtualenv.py took 0.280 seconds
[2021-10-27 07:28:05,339] {processor.py:163} INFO - Started process (PID=61) to work on /home/airflow/.local/lib/python3.6/site-packages/airflow/example_dags/tutorial_taskflow_api_etl_virtualenv.py
[2021-10-27 07:28:05,341] {processor.py:620} INFO - Processing file /home/airflow/.local/lib/python3.6/site-packages/airflow/example_dags/tutorial_taskflow_api_etl_virtualenv.py for tasks to queue
[2021-10-27 07:28:05,342] {logging_mixin.py:109} INFO - [2021-10-27 07:28:05,342] {dagbag.py:500} INFO - Filling up the DagBag from /home/airflow/.local/lib/python3.6/site-packages/airflow/example_dags/tutorial_taskflow_api_etl_virtualenv.py
[2021-10-27 07:28:05,398] {processor.py:632} INFO - DAG(s) dict_keys(['tutorial_taskflow_api_etl_virtualenv']) retrieved from /home/airflow/.local/lib/python3.6/site-packages/airflow/example_dags/tutorial_taskflow_api_etl_virtualenv.py
[2021-10-27 07:28:05,816] {logging_mixin.py:109} INFO - [2021-10-27 07:28:05,815] {dag.py:2389} INFO - Sync 1 DAGs
[2021-10-27 07:28:05,841] {logging_mixin.py:109} INFO - [2021-10-27 07:28:05,841] {dag.py:2914} INFO - Setting next_dagrun for tutorial_taskflow_api_etl_virtualenv to None
[2021-10-27 07:28:05,857] {processor.py:171} INFO - Processing /home/airflow/.local/lib/python3.6/site-packages/airflow/example_dags/tutorial_taskflow_api_etl_virtualenv.py took 0.523 seconds
[2021-10-27 07:28:36,176] {processor.py:163} INFO - Started process (PID=127) to work on /home/airflow/.local/lib/python3.6/site-packages/airflow/example_dags/tutorial_taskflow_api_etl_virtualenv.py
[2021-10-27 07:28:36,177] {processor.py:620} INFO - Processing file /home/airflow/.local/lib/python3.6/site-packages/airflow/example_dags/tutorial_taskflow_api_etl_virtualenv.py for tasks to queue
[2021-10-27 07:28:36,178] {logging_mixin.py:109} INFO - [2021-10-27 07:28:36,178] {dagbag.py:500} INFO - Filling up the DagBag from /home/airflow/.local/lib/python3.6/site-packages/airflow/example_dags/tutorial_taskflow_api_etl_virtualenv.py
[2021-10-27 07:28:36,225] {processor.py:632} INFO - DAG(s) dict_keys(['tutorial_taskflow_api_etl_virtualenv']) retrieved from /home/airflow/.local/lib/python3.6/site-packages/airflow/example_dags/tutorial_taskflow_api_etl_virtualenv.py
[2021-10-27 07:28:36,460] {logging_mixin.py:109} INFO - [2021-10-27 07:28:36,460] {dag.py:2389} INFO - Sync 1 DAGs
[2021-10-27 07:28:36,475] {logging_mixin.py:109} INFO - [2021-10-27 07:28:36,475] {dag.py:2914} INFO - Setting next_dagrun for tutorial_taskflow_api_etl_virtualenv to None
[2021-10-27 07:28:36,488] {processor.py:171} INFO - Processing /home/airflow/.local/lib/python3.6/site-packages/airflow/example_dags/tutorial_taskflow_api_etl_virtualenv.py took 0.316 seconds
[2021-10-27 07:29:07,285] {processor.py:163} INFO - Started process (PID=182) to work on /home/airflow/.local/lib/python3.6/site-packages/airflow/example_dags/tutorial_taskflow_api_etl_virtualenv.py
[2021-10-27 07:29:07,287] {processor.py:620} INFO - Processing file /home/airflow/.local/lib/python3.6/site-packages/airflow/example_dags/tutorial_taskflow_api_etl_virtualenv.py for tasks to queue
[2021-10-27 07:29:07,288] {logging_mixin.py:109} INFO - [2021-10-27 07:29:07,288] {dagbag.py:500} INFO - Filling up the DagBag from /home/airflow/.local/lib/python3.6/site-packages/airflow/example_dags/tutorial_taskflow_api_etl_virtualenv.py
[2021-10-27 07:29:07,338] {processor.py:632} INFO - DAG(s) dict_keys(['tutorial_taskflow_api_etl_virtualenv']) retrieved from /home/airflow/.local/lib/python3.6/site-packages/airflow/example_dags/tutorial_taskflow_api_etl_virtualenv.py
[2021-10-27 07:29:07,353] {logging_mixin.py:109} INFO - [2021-10-27 07:29:07,353] {dag.py:2389} INFO - Sync 1 DAGs
[2021-10-27 07:29:07,376] {logging_mixin.py:109} INFO - [2021-10-27 07:29:07,375] {dag.py:2914} INFO - Setting next_dagrun for tutorial_taskflow_api_etl_virtualenv to None
[2021-10-27 07:29:07,392] {processor.py:171} INFO - Processing /home/airflow/.local/lib/python3.6/site-packages/airflow/example_dags/tutorial_taskflow_api_etl_virtualenv.py took 0.113 seconds
[2021-10-27 07:29:37,655] {processor.py:163} INFO - Started process (PID=247) to work on /home/airflow/.local/lib/python3.6/site-packages/airflow/example_dags/tutorial_taskflow_api_etl_virtualenv.py
[2021-10-27 07:29:37,656] {processor.py:620} INFO - Processing file /home/airflow/.local/lib/python3.6/site-packages/airflow/example_dags/tutorial_taskflow_api_etl_virtualenv.py for tasks to queue
[2021-10-27 07:29:37,657] {logging_mixin.py:109} INFO - [2021-10-27 07:29:37,657] {dagbag.py:500} INFO - Filling up the DagBag from /home/airflow/.local/lib/python3.6/site-packages/airflow/example_dags/tutorial_taskflow_api_etl_virtualenv.py
[2021-10-27 07:29:37,692] {processor.py:632} INFO - DAG(s) dict_keys(['tutorial_taskflow_api_etl_virtualenv']) retrieved from /home/airflow/.local/lib/python3.6/site-packages/airflow/example_dags/tutorial_taskflow_api_etl_virtualenv.py
[2021-10-27 07:29:37,925] {logging_mixin.py:109} INFO - [2021-10-27 07:29:37,925] {dag.py:2389} INFO - Sync 1 DAGs
[2021-10-27 07:29:37,940] {logging_mixin.py:109} INFO - [2021-10-27 07:29:37,940] {dag.py:2914} INFO - Setting next_dagrun for tutorial_taskflow_api_etl_virtualenv to None
[2021-10-27 07:29:37,954] {processor.py:171} INFO - Processing /home/airflow/.local/lib/python3.6/site-packages/airflow/example_dags/tutorial_taskflow_api_etl_virtualenv.py took 0.303 seconds
[2021-10-27 07:30:08,568] {processor.py:163} INFO - Started process (PID=304) to work on /home/airflow/.local/lib/python3.6/site-packages/airflow/example_dags/tutorial_taskflow_api_etl_virtualenv.py
[2021-10-27 07:30:08,569] {processor.py:620} INFO - Processing file /home/airflow/.local/lib/python3.6/site-packages/airflow/example_dags/tutorial_taskflow_api_etl_virtualenv.py for tasks to queue
[2021-10-27 07:30:08,570] {logging_mixin.py:109} INFO - [2021-10-27 07:30:08,570] {dagbag.py:500} INFO - Filling up the DagBag from /home/airflow/.local/lib/python3.6/site-packages/airflow/example_dags/tutorial_taskflow_api_etl_virtualenv.py
[2021-10-27 07:30:08,601] {processor.py:632} INFO - DAG(s) dict_keys(['tutorial_taskflow_api_etl_virtualenv']) retrieved from /home/airflow/.local/lib/python3.6/site-packages/airflow/example_dags/tutorial_taskflow_api_etl_virtualenv.py
[2021-10-27 07:30:08,612] {logging_mixin.py:109} INFO - [2021-10-27 07:30:08,612] {dag.py:2389} INFO - Sync 1 DAGs
[2021-10-27 07:30:08,626] {logging_mixin.py:109} INFO - [2021-10-27 07:30:08,626] {dag.py:2914} INFO - Setting next_dagrun for tutorial_taskflow_api_etl_virtualenv to None
[2021-10-27 07:30:08,642] {processor.py:171} INFO - Processing /home/airflow/.local/lib/python3.6/site-packages/airflow/example_dags/tutorial_taskflow_api_etl_virtualenv.py took 0.078 seconds
[2021-10-27 07:30:39,267] {processor.py:163} INFO - Started process (PID=366) to work on /home/airflow/.local/lib/python3.6/site-packages/airflow/example_dags/tutorial_taskflow_api_etl_virtualenv.py
[2021-10-27 07:30:39,269] {processor.py:620} INFO - Processing file /home/airflow/.local/lib/python3.6/site-packages/airflow/example_dags/tutorial_taskflow_api_etl_virtualenv.py for tasks to queue
[2021-10-27 07:30:39,271] {logging_mixin.py:109} INFO - [2021-10-27 07:30:39,271] {dagbag.py:500} INFO - Filling up the DagBag from /home/airflow/.local/lib/python3.6/site-packages/airflow/example_dags/tutorial_taskflow_api_etl_virtualenv.py
[2021-10-27 07:30:39,331] {processor.py:632} INFO - DAG(s) dict_keys(['tutorial_taskflow_api_etl_virtualenv']) retrieved from /home/airflow/.local/lib/python3.6/site-packages/airflow/example_dags/tutorial_taskflow_api_etl_virtualenv.py
[2021-10-27 07:30:39,741] {logging_mixin.py:109} INFO - [2021-10-27 07:30:39,740] {dag.py:2389} INFO - Sync 1 DAGs
[2021-10-27 07:30:39,763] {logging_mixin.py:109} INFO - [2021-10-27 07:30:39,763] {dag.py:2914} INFO - Setting next_dagrun for tutorial_taskflow_api_etl_virtualenv to None
[2021-10-27 07:30:39,778] {processor.py:171} INFO - Processing /home/airflow/.local/lib/python3.6/site-packages/airflow/example_dags/tutorial_taskflow_api_etl_virtualenv.py took 0.518 seconds
[2021-10-27 07:31:10,225] {processor.py:163} INFO - Started process (PID=423) to work on /home/airflow/.local/lib/python3.6/site-packages/airflow/example_dags/tutorial_taskflow_api_etl_virtualenv.py
[2021-10-27 07:31:10,227] {processor.py:620} INFO - Processing file /home/airflow/.local/lib/python3.6/site-packages/airflow/example_dags/tutorial_taskflow_api_etl_virtualenv.py for tasks to queue
[2021-10-27 07:31:10,228] {logging_mixin.py:109} INFO - [2021-10-27 07:31:10,228] {dagbag.py:500} INFO - Filling up the DagBag from /home/airflow/.local/lib/python3.6/site-packages/airflow/example_dags/tutorial_taskflow_api_etl_virtualenv.py
[2021-10-27 07:31:10,265] {processor.py:632} INFO - DAG(s) dict_keys(['tutorial_taskflow_api_etl_virtualenv']) retrieved from /home/airflow/.local/lib/python3.6/site-packages/airflow/example_dags/tutorial_taskflow_api_etl_virtualenv.py
[2021-10-27 07:31:10,557] {logging_mixin.py:109} INFO - [2021-10-27 07:31:10,557] {dag.py:2389} INFO - Sync 1 DAGs
[2021-10-27 07:31:10,574] {logging_mixin.py:109} INFO - [2021-10-27 07:31:10,574] {dag.py:2914} INFO - Setting next_dagrun for tutorial_taskflow_api_etl_virtualenv to None
[2021-10-27 07:31:10,588] {processor.py:171} INFO - Processing /home/airflow/.local/lib/python3.6/site-packages/airflow/example_dags/tutorial_taskflow_api_etl_virtualenv.py took 0.367 seconds
[2021-10-27 07:31:41,088] {processor.py:163} INFO - Started process (PID=479) to work on /home/airflow/.local/lib/python3.6/site-packages/airflow/example_dags/tutorial_taskflow_api_etl_virtualenv.py
[2021-10-27 07:31:41,089] {processor.py:620} INFO - Processing file /home/airflow/.local/lib/python3.6/site-packages/airflow/example_dags/tutorial_taskflow_api_etl_virtualenv.py for tasks to queue
[2021-10-27 07:31:41,090] {logging_mixin.py:109} INFO - [2021-10-27 07:31:41,090] {dagbag.py:500} INFO - Filling up the DagBag from /home/airflow/.local/lib/python3.6/site-packages/airflow/example_dags/tutorial_taskflow_api_etl_virtualenv.py
[2021-10-27 07:31:41,176] {processor.py:632} INFO - DAG(s) dict_keys(['tutorial_taskflow_api_etl_virtualenv']) retrieved from /home/airflow/.local/lib/python3.6/site-packages/airflow/example_dags/tutorial_taskflow_api_etl_virtualenv.py
[2021-10-27 07:31:41,464] {logging_mixin.py:109} INFO - [2021-10-27 07:31:41,464] {dag.py:2389} INFO - Sync 1 DAGs
[2021-10-27 07:31:41,484] {logging_mixin.py:109} INFO - [2021-10-27 07:31:41,484] {dag.py:2914} INFO - Setting next_dagrun for tutorial_taskflow_api_etl_virtualenv to None
[2021-10-27 07:31:41,498] {processor.py:171} INFO - Processing /home/airflow/.local/lib/python3.6/site-packages/airflow/example_dags/tutorial_taskflow_api_etl_virtualenv.py took 0.413 seconds
[2021-10-27 07:32:11,537] {processor.py:163} INFO - Started process (PID=546) to work on /home/airflow/.local/lib/python3.6/site-packages/airflow/example_dags/tutorial_taskflow_api_etl_virtualenv.py
[2021-10-27 07:32:11,539] {processor.py:620} INFO - Processing file /home/airflow/.local/lib/python3.6/site-packages/airflow/example_dags/tutorial_taskflow_api_etl_virtualenv.py for tasks to queue
[2021-10-27 07:32:11,540] {logging_mixin.py:109} INFO - [2021-10-27 07:32:11,540] {dagbag.py:500} INFO - Filling up the DagBag from /home/airflow/.local/lib/python3.6/site-packages/airflow/example_dags/tutorial_taskflow_api_etl_virtualenv.py
[2021-10-27 07:32:11,572] {processor.py:632} INFO - DAG(s) dict_keys(['tutorial_taskflow_api_etl_virtualenv']) retrieved from /home/airflow/.local/lib/python3.6/site-packages/airflow/example_dags/tutorial_taskflow_api_etl_virtualenv.py
[2021-10-27 07:32:11,770] {logging_mixin.py:109} INFO - [2021-10-27 07:32:11,770] {dag.py:2389} INFO - Sync 1 DAGs
[2021-10-27 07:32:11,785] {logging_mixin.py:109} INFO - [2021-10-27 07:32:11,785] {dag.py:2914} INFO - Setting next_dagrun for tutorial_taskflow_api_etl_virtualenv to None
[2021-10-27 07:32:11,797] {processor.py:171} INFO - Processing /home/airflow/.local/lib/python3.6/site-packages/airflow/example_dags/tutorial_taskflow_api_etl_virtualenv.py took 0.263 seconds
[2021-10-27 07:32:42,216] {processor.py:163} INFO - Started process (PID=601) to work on /home/airflow/.local/lib/python3.6/site-packages/airflow/example_dags/tutorial_taskflow_api_etl_virtualenv.py
[2021-10-27 07:32:42,217] {processor.py:620} INFO - Processing file /home/airflow/.local/lib/python3.6/site-packages/airflow/example_dags/tutorial_taskflow_api_etl_virtualenv.py for tasks to queue
[2021-10-27 07:32:42,218] {logging_mixin.py:109} INFO - [2021-10-27 07:32:42,218] {dagbag.py:500} INFO - Filling up the DagBag from /home/airflow/.local/lib/python3.6/site-packages/airflow/example_dags/tutorial_taskflow_api_etl_virtualenv.py
[2021-10-27 07:32:42,249] {processor.py:632} INFO - DAG(s) dict_keys(['tutorial_taskflow_api_etl_virtualenv']) retrieved from /home/airflow/.local/lib/python3.6/site-packages/airflow/example_dags/tutorial_taskflow_api_etl_virtualenv.py
[2021-10-27 07:32:42,456] {logging_mixin.py:109} INFO - [2021-10-27 07:32:42,455] {dag.py:2389} INFO - Sync 1 DAGs
[2021-10-27 07:32:42,471] {logging_mixin.py:109} INFO - [2021-10-27 07:32:42,471] {dag.py:2914} INFO - Setting next_dagrun for tutorial_taskflow_api_etl_virtualenv to None
[2021-10-27 07:32:42,482] {processor.py:171} INFO - Processing /home/airflow/.local/lib/python3.6/site-packages/airflow/example_dags/tutorial_taskflow_api_etl_virtualenv.py took 0.270 seconds
[2021-10-27 07:33:12,889] {processor.py:163} INFO - Started process (PID=664) to work on /home/airflow/.local/lib/python3.6/site-packages/airflow/example_dags/tutorial_taskflow_api_etl_virtualenv.py
[2021-10-27 07:33:12,890] {processor.py:620} INFO - Processing file /home/airflow/.local/lib/python3.6/site-packages/airflow/example_dags/tutorial_taskflow_api_etl_virtualenv.py for tasks to queue
[2021-10-27 07:33:12,892] {logging_mixin.py:109} INFO - [2021-10-27 07:33:12,892] {dagbag.py:500} INFO - Filling up the DagBag from /home/airflow/.local/lib/python3.6/site-packages/airflow/example_dags/tutorial_taskflow_api_etl_virtualenv.py
[2021-10-27 07:33:12,931] {processor.py:632} INFO - DAG(s) dict_keys(['tutorial_taskflow_api_etl_virtualenv']) retrieved from /home/airflow/.local/lib/python3.6/site-packages/airflow/example_dags/tutorial_taskflow_api_etl_virtualenv.py
[2021-10-27 07:33:13,211] {logging_mixin.py:109} INFO - [2021-10-27 07:33:13,210] {dag.py:2389} INFO - Sync 1 DAGs
[2021-10-27 07:33:13,228] {logging_mixin.py:109} INFO - [2021-10-27 07:33:13,228] {dag.py:2914} INFO - Setting next_dagrun for tutorial_taskflow_api_etl_virtualenv to None
[2021-10-27 07:33:13,240] {processor.py:171} INFO - Processing /home/airflow/.local/lib/python3.6/site-packages/airflow/example_dags/tutorial_taskflow_api_etl_virtualenv.py took 0.354 seconds
[2021-10-27 07:33:43,812] {processor.py:163} INFO - Started process (PID=719) to work on /home/airflow/.local/lib/python3.6/site-packages/airflow/example_dags/tutorial_taskflow_api_etl_virtualenv.py
[2021-10-27 07:33:43,813] {processor.py:620} INFO - Processing file /home/airflow/.local/lib/python3.6/site-packages/airflow/example_dags/tutorial_taskflow_api_etl_virtualenv.py for tasks to queue
[2021-10-27 07:33:43,814] {logging_mixin.py:109} INFO - [2021-10-27 07:33:43,814] {dagbag.py:500} INFO - Filling up the DagBag from /home/airflow/.local/lib/python3.6/site-packages/airflow/example_dags/tutorial_taskflow_api_etl_virtualenv.py
[2021-10-27 07:33:43,849] {processor.py:632} INFO - DAG(s) dict_keys(['tutorial_taskflow_api_etl_virtualenv']) retrieved from /home/airflow/.local/lib/python3.6/site-packages/airflow/example_dags/tutorial_taskflow_api_etl_virtualenv.py
[2021-10-27 07:33:44,057] {logging_mixin.py:109} INFO - [2021-10-27 07:33:44,057] {dag.py:2389} INFO - Sync 1 DAGs
[2021-10-27 07:33:44,073] {logging_mixin.py:109} INFO - [2021-10-27 07:33:44,073] {dag.py:2914} INFO - Setting next_dagrun for tutorial_taskflow_api_etl_virtualenv to None
[2021-10-27 07:33:44,085] {processor.py:171} INFO - Processing /home/airflow/.local/lib/python3.6/site-packages/airflow/example_dags/tutorial_taskflow_api_etl_virtualenv.py took 0.277 seconds
[2021-10-27 07:34:14,462] {processor.py:163} INFO - Started process (PID=785) to work on /home/airflow/.local/lib/python3.6/site-packages/airflow/example_dags/tutorial_taskflow_api_etl_virtualenv.py
[2021-10-27 07:34:14,464] {processor.py:620} INFO - Processing file /home/airflow/.local/lib/python3.6/site-packages/airflow/example_dags/tutorial_taskflow_api_etl_virtualenv.py for tasks to queue
[2021-10-27 07:34:14,465] {logging_mixin.py:109} INFO - [2021-10-27 07:34:14,465] {dagbag.py:500} INFO - Filling up the DagBag from /home/airflow/.local/lib/python3.6/site-packages/airflow/example_dags/tutorial_taskflow_api_etl_virtualenv.py
[2021-10-27 07:34:14,496] {processor.py:632} INFO - DAG(s) dict_keys(['tutorial_taskflow_api_etl_virtualenv']) retrieved from /home/airflow/.local/lib/python3.6/site-packages/airflow/example_dags/tutorial_taskflow_api_etl_virtualenv.py
[2021-10-27 07:34:14,686] {logging_mixin.py:109} INFO - [2021-10-27 07:34:14,686] {dag.py:2389} INFO - Sync 1 DAGs
[2021-10-27 07:34:14,699] {logging_mixin.py:109} INFO - [2021-10-27 07:34:14,698] {dag.py:2914} INFO - Setting next_dagrun for tutorial_taskflow_api_etl_virtualenv to None
[2021-10-27 07:34:14,712] {processor.py:171} INFO - Processing /home/airflow/.local/lib/python3.6/site-packages/airflow/example_dags/tutorial_taskflow_api_etl_virtualenv.py took 0.255 seconds
[2021-10-27 07:34:45,143] {processor.py:163} INFO - Started process (PID=839) to work on /home/airflow/.local/lib/python3.6/site-packages/airflow/example_dags/tutorial_taskflow_api_etl_virtualenv.py
[2021-10-27 07:34:45,144] {processor.py:620} INFO - Processing file /home/airflow/.local/lib/python3.6/site-packages/airflow/example_dags/tutorial_taskflow_api_etl_virtualenv.py for tasks to queue
[2021-10-27 07:34:45,145] {logging_mixin.py:109} INFO - [2021-10-27 07:34:45,145] {dagbag.py:500} INFO - Filling up the DagBag from /home/airflow/.local/lib/python3.6/site-packages/airflow/example_dags/tutorial_taskflow_api_etl_virtualenv.py
[2021-10-27 07:34:45,176] {processor.py:632} INFO - DAG(s) dict_keys(['tutorial_taskflow_api_etl_virtualenv']) retrieved from /home/airflow/.local/lib/python3.6/site-packages/airflow/example_dags/tutorial_taskflow_api_etl_virtualenv.py
[2021-10-27 07:34:45,410] {logging_mixin.py:109} INFO - [2021-10-27 07:34:45,410] {dag.py:2389} INFO - Sync 1 DAGs
[2021-10-27 07:34:45,439] {logging_mixin.py:109} INFO - [2021-10-27 07:34:45,439] {dag.py:2914} INFO - Setting next_dagrun for tutorial_taskflow_api_etl_virtualenv to None
[2021-10-27 07:34:45,458] {processor.py:171} INFO - Processing /home/airflow/.local/lib/python3.6/site-packages/airflow/example_dags/tutorial_taskflow_api_etl_virtualenv.py took 0.318 seconds
[2021-10-27 07:35:15,550] {processor.py:163} INFO - Started process (PID=906) to work on /home/airflow/.local/lib/python3.6/site-packages/airflow/example_dags/tutorial_taskflow_api_etl_virtualenv.py
[2021-10-27 07:35:15,552] {processor.py:620} INFO - Processing file /home/airflow/.local/lib/python3.6/site-packages/airflow/example_dags/tutorial_taskflow_api_etl_virtualenv.py for tasks to queue
[2021-10-27 07:35:15,553] {logging_mixin.py:109} INFO - [2021-10-27 07:35:15,553] {dagbag.py:500} INFO - Filling up the DagBag from /home/airflow/.local/lib/python3.6/site-packages/airflow/example_dags/tutorial_taskflow_api_etl_virtualenv.py
[2021-10-27 07:35:15,587] {processor.py:632} INFO - DAG(s) dict_keys(['tutorial_taskflow_api_etl_virtualenv']) retrieved from /home/airflow/.local/lib/python3.6/site-packages/airflow/example_dags/tutorial_taskflow_api_etl_virtualenv.py
[2021-10-27 07:35:15,786] {logging_mixin.py:109} INFO - [2021-10-27 07:35:15,786] {dag.py:2389} INFO - Sync 1 DAGs
[2021-10-27 07:35:15,801] {logging_mixin.py:109} INFO - [2021-10-27 07:35:15,801] {dag.py:2914} INFO - Setting next_dagrun for tutorial_taskflow_api_etl_virtualenv to None
[2021-10-27 07:35:15,813] {processor.py:171} INFO - Processing /home/airflow/.local/lib/python3.6/site-packages/airflow/example_dags/tutorial_taskflow_api_etl_virtualenv.py took 0.265 seconds
[2021-10-27 07:35:45,974] {processor.py:163} INFO - Started process (PID=962) to work on /home/airflow/.local/lib/python3.6/site-packages/airflow/example_dags/tutorial_taskflow_api_etl_virtualenv.py
[2021-10-27 07:35:45,976] {processor.py:620} INFO - Processing file /home/airflow/.local/lib/python3.6/site-packages/airflow/example_dags/tutorial_taskflow_api_etl_virtualenv.py for tasks to queue
[2021-10-27 07:35:45,977] {logging_mixin.py:109} INFO - [2021-10-27 07:35:45,976] {dagbag.py:500} INFO - Filling up the DagBag from /home/airflow/.local/lib/python3.6/site-packages/airflow/example_dags/tutorial_taskflow_api_etl_virtualenv.py
[2021-10-27 07:35:46,013] {processor.py:632} INFO - DAG(s) dict_keys(['tutorial_taskflow_api_etl_virtualenv']) retrieved from /home/airflow/.local/lib/python3.6/site-packages/airflow/example_dags/tutorial_taskflow_api_etl_virtualenv.py
[2021-10-27 07:35:46,229] {logging_mixin.py:109} INFO - [2021-10-27 07:35:46,229] {dag.py:2389} INFO - Sync 1 DAGs
[2021-10-27 07:35:46,244] {logging_mixin.py:109} INFO - [2021-10-27 07:35:46,244] {dag.py:2914} INFO - Setting next_dagrun for tutorial_taskflow_api_etl_virtualenv to None
[2021-10-27 07:35:46,258] {processor.py:171} INFO - Processing /home/airflow/.local/lib/python3.6/site-packages/airflow/example_dags/tutorial_taskflow_api_etl_virtualenv.py took 0.287 seconds
[2021-10-27 07:36:18,645] {processor.py:163} INFO - Started process (PID=1030) to work on /home/airflow/.local/lib/python3.6/site-packages/airflow/example_dags/tutorial_taskflow_api_etl_virtualenv.py
[2021-10-27 07:36:18,658] {processor.py:620} INFO - Processing file /home/airflow/.local/lib/python3.6/site-packages/airflow/example_dags/tutorial_taskflow_api_etl_virtualenv.py for tasks to queue
[2021-10-27 07:36:18,661] {logging_mixin.py:109} INFO - [2021-10-27 07:36:18,660] {dagbag.py:500} INFO - Filling up the DagBag from /home/airflow/.local/lib/python3.6/site-packages/airflow/example_dags/tutorial_taskflow_api_etl_virtualenv.py
[2021-10-27 07:36:18,773] {processor.py:632} INFO - DAG(s) dict_keys(['tutorial_taskflow_api_etl_virtualenv']) retrieved from /home/airflow/.local/lib/python3.6/site-packages/airflow/example_dags/tutorial_taskflow_api_etl_virtualenv.py
[2021-10-27 07:36:19,730] {logging_mixin.py:109} INFO - [2021-10-27 07:36:19,727] {dag.py:2389} INFO - Sync 1 DAGs
[2021-10-27 07:36:19,780] {logging_mixin.py:109} INFO - [2021-10-27 07:36:19,780] {dag.py:2914} INFO - Setting next_dagrun for tutorial_taskflow_api_etl_virtualenv to None
[2021-10-27 07:36:19,817] {processor.py:171} INFO - Processing /home/airflow/.local/lib/python3.6/site-packages/airflow/example_dags/tutorial_taskflow_api_etl_virtualenv.py took 1.183 seconds
[2021-10-27 07:36:49,955] {processor.py:163} INFO - Started process (PID=1088) to work on /home/airflow/.local/lib/python3.6/site-packages/airflow/example_dags/tutorial_taskflow_api_etl_virtualenv.py
[2021-10-27 07:36:49,956] {processor.py:620} INFO - Processing file /home/airflow/.local/lib/python3.6/site-packages/airflow/example_dags/tutorial_taskflow_api_etl_virtualenv.py for tasks to queue
[2021-10-27 07:36:49,957] {logging_mixin.py:109} INFO - [2021-10-27 07:36:49,957] {dagbag.py:500} INFO - Filling up the DagBag from /home/airflow/.local/lib/python3.6/site-packages/airflow/example_dags/tutorial_taskflow_api_etl_virtualenv.py
[2021-10-27 07:36:49,985] {processor.py:632} INFO - DAG(s) dict_keys(['tutorial_taskflow_api_etl_virtualenv']) retrieved from /home/airflow/.local/lib/python3.6/site-packages/airflow/example_dags/tutorial_taskflow_api_etl_virtualenv.py
[2021-10-27 07:36:50,234] {logging_mixin.py:109} INFO - [2021-10-27 07:36:50,234] {dag.py:2389} INFO - Sync 1 DAGs
[2021-10-27 07:36:50,260] {logging_mixin.py:109} INFO - [2021-10-27 07:36:50,260] {dag.py:2914} INFO - Setting next_dagrun for tutorial_taskflow_api_etl_virtualenv to None
[2021-10-27 07:36:50,278] {processor.py:171} INFO - Processing /home/airflow/.local/lib/python3.6/site-packages/airflow/example_dags/tutorial_taskflow_api_etl_virtualenv.py took 0.326 seconds
[2021-10-27 07:37:20,338] {processor.py:163} INFO - Started process (PID=1152) to work on /home/airflow/.local/lib/python3.6/site-packages/airflow/example_dags/tutorial_taskflow_api_etl_virtualenv.py
[2021-10-27 07:37:20,340] {processor.py:620} INFO - Processing file /home/airflow/.local/lib/python3.6/site-packages/airflow/example_dags/tutorial_taskflow_api_etl_virtualenv.py for tasks to queue
[2021-10-27 07:37:20,341] {logging_mixin.py:109} INFO - [2021-10-27 07:37:20,340] {dagbag.py:500} INFO - Filling up the DagBag from /home/airflow/.local/lib/python3.6/site-packages/airflow/example_dags/tutorial_taskflow_api_etl_virtualenv.py
[2021-10-27 07:37:20,387] {processor.py:632} INFO - DAG(s) dict_keys(['tutorial_taskflow_api_etl_virtualenv']) retrieved from /home/airflow/.local/lib/python3.6/site-packages/airflow/example_dags/tutorial_taskflow_api_etl_virtualenv.py
[2021-10-27 07:37:20,687] {logging_mixin.py:109} INFO - [2021-10-27 07:37:20,687] {dag.py:2389} INFO - Sync 1 DAGs
[2021-10-27 07:37:20,709] {logging_mixin.py:109} INFO - [2021-10-27 07:37:20,709] {dag.py:2914} INFO - Setting next_dagrun for tutorial_taskflow_api_etl_virtualenv to None
[2021-10-27 07:37:20,722] {processor.py:171} INFO - Processing /home/airflow/.local/lib/python3.6/site-packages/airflow/example_dags/tutorial_taskflow_api_etl_virtualenv.py took 0.388 seconds
[2021-10-27 07:37:50,919] {processor.py:163} INFO - Started process (PID=1208) to work on /home/airflow/.local/lib/python3.6/site-packages/airflow/example_dags/tutorial_taskflow_api_etl_virtualenv.py
[2021-10-27 07:37:50,920] {processor.py:620} INFO - Processing file /home/airflow/.local/lib/python3.6/site-packages/airflow/example_dags/tutorial_taskflow_api_etl_virtualenv.py for tasks to queue
[2021-10-27 07:37:50,921] {logging_mixin.py:109} INFO - [2021-10-27 07:37:50,921] {dagbag.py:500} INFO - Filling up the DagBag from /home/airflow/.local/lib/python3.6/site-packages/airflow/example_dags/tutorial_taskflow_api_etl_virtualenv.py
[2021-10-27 07:37:50,953] {processor.py:632} INFO - DAG(s) dict_keys(['tutorial_taskflow_api_etl_virtualenv']) retrieved from /home/airflow/.local/lib/python3.6/site-packages/airflow/example_dags/tutorial_taskflow_api_etl_virtualenv.py
[2021-10-27 07:37:51,174] {logging_mixin.py:109} INFO - [2021-10-27 07:37:51,173] {dag.py:2389} INFO - Sync 1 DAGs
[2021-10-27 07:37:51,188] {logging_mixin.py:109} INFO - [2021-10-27 07:37:51,188] {dag.py:2914} INFO - Setting next_dagrun for tutorial_taskflow_api_etl_virtualenv to None
[2021-10-27 07:37:51,202] {processor.py:171} INFO - Processing /home/airflow/.local/lib/python3.6/site-packages/airflow/example_dags/tutorial_taskflow_api_etl_virtualenv.py took 0.286 seconds
[2021-10-27 07:38:21,554] {processor.py:163} INFO - Started process (PID=1274) to work on /home/airflow/.local/lib/python3.6/site-packages/airflow/example_dags/tutorial_taskflow_api_etl_virtualenv.py
[2021-10-27 07:38:21,555] {processor.py:620} INFO - Processing file /home/airflow/.local/lib/python3.6/site-packages/airflow/example_dags/tutorial_taskflow_api_etl_virtualenv.py for tasks to queue
[2021-10-27 07:38:21,556] {logging_mixin.py:109} INFO - [2021-10-27 07:38:21,556] {dagbag.py:500} INFO - Filling up the DagBag from /home/airflow/.local/lib/python3.6/site-packages/airflow/example_dags/tutorial_taskflow_api_etl_virtualenv.py
[2021-10-27 07:38:21,589] {processor.py:632} INFO - DAG(s) dict_keys(['tutorial_taskflow_api_etl_virtualenv']) retrieved from /home/airflow/.local/lib/python3.6/site-packages/airflow/example_dags/tutorial_taskflow_api_etl_virtualenv.py
[2021-10-27 07:38:21,809] {logging_mixin.py:109} INFO - [2021-10-27 07:38:21,809] {dag.py:2389} INFO - Sync 1 DAGs
[2021-10-27 07:38:21,825] {logging_mixin.py:109} INFO - [2021-10-27 07:38:21,825] {dag.py:2914} INFO - Setting next_dagrun for tutorial_taskflow_api_etl_virtualenv to None
[2021-10-27 07:38:21,838] {processor.py:171} INFO - Processing /home/airflow/.local/lib/python3.6/site-packages/airflow/example_dags/tutorial_taskflow_api_etl_virtualenv.py took 0.287 seconds
[2021-10-27 07:38:52,026] {processor.py:163} INFO - Started process (PID=1330) to work on /home/airflow/.local/lib/python3.6/site-packages/airflow/example_dags/tutorial_taskflow_api_etl_virtualenv.py
[2021-10-27 07:38:52,027] {processor.py:620} INFO - Processing file /home/airflow/.local/lib/python3.6/site-packages/airflow/example_dags/tutorial_taskflow_api_etl_virtualenv.py for tasks to queue
[2021-10-27 07:38:52,028] {logging_mixin.py:109} INFO - [2021-10-27 07:38:52,028] {dagbag.py:500} INFO - Filling up the DagBag from /home/airflow/.local/lib/python3.6/site-packages/airflow/example_dags/tutorial_taskflow_api_etl_virtualenv.py
[2021-10-27 07:38:52,060] {processor.py:632} INFO - DAG(s) dict_keys(['tutorial_taskflow_api_etl_virtualenv']) retrieved from /home/airflow/.local/lib/python3.6/site-packages/airflow/example_dags/tutorial_taskflow_api_etl_virtualenv.py
[2021-10-27 07:38:52,261] {logging_mixin.py:109} INFO - [2021-10-27 07:38:52,261] {dag.py:2389} INFO - Sync 1 DAGs
[2021-10-27 07:38:52,274] {logging_mixin.py:109} INFO - [2021-10-27 07:38:52,274] {dag.py:2914} INFO - Setting next_dagrun for tutorial_taskflow_api_etl_virtualenv to None
[2021-10-27 07:38:52,285] {processor.py:171} INFO - Processing /home/airflow/.local/lib/python3.6/site-packages/airflow/example_dags/tutorial_taskflow_api_etl_virtualenv.py took 0.263 seconds
[2021-10-27 07:39:22,443] {processor.py:163} INFO - Started process (PID=1395) to work on /home/airflow/.local/lib/python3.6/site-packages/airflow/example_dags/tutorial_taskflow_api_etl_virtualenv.py
[2021-10-27 07:39:22,444] {processor.py:620} INFO - Processing file /home/airflow/.local/lib/python3.6/site-packages/airflow/example_dags/tutorial_taskflow_api_etl_virtualenv.py for tasks to queue
[2021-10-27 07:39:22,445] {logging_mixin.py:109} INFO - [2021-10-27 07:39:22,445] {dagbag.py:500} INFO - Filling up the DagBag from /home/airflow/.local/lib/python3.6/site-packages/airflow/example_dags/tutorial_taskflow_api_etl_virtualenv.py
[2021-10-27 07:39:22,479] {processor.py:632} INFO - DAG(s) dict_keys(['tutorial_taskflow_api_etl_virtualenv']) retrieved from /home/airflow/.local/lib/python3.6/site-packages/airflow/example_dags/tutorial_taskflow_api_etl_virtualenv.py
[2021-10-27 07:39:22,720] {logging_mixin.py:109} INFO - [2021-10-27 07:39:22,720] {dag.py:2389} INFO - Sync 1 DAGs
[2021-10-27 07:39:22,734] {logging_mixin.py:109} INFO - [2021-10-27 07:39:22,734] {dag.py:2914} INFO - Setting next_dagrun for tutorial_taskflow_api_etl_virtualenv to None
[2021-10-27 07:39:22,746] {processor.py:171} INFO - Processing /home/airflow/.local/lib/python3.6/site-packages/airflow/example_dags/tutorial_taskflow_api_etl_virtualenv.py took 0.306 seconds
[2021-10-27 07:39:52,828] {processor.py:163} INFO - Started process (PID=1449) to work on /home/airflow/.local/lib/python3.6/site-packages/airflow/example_dags/tutorial_taskflow_api_etl_virtualenv.py
[2021-10-27 07:39:52,829] {processor.py:620} INFO - Processing file /home/airflow/.local/lib/python3.6/site-packages/airflow/example_dags/tutorial_taskflow_api_etl_virtualenv.py for tasks to queue
[2021-10-27 07:39:52,830] {logging_mixin.py:109} INFO - [2021-10-27 07:39:52,830] {dagbag.py:500} INFO - Filling up the DagBag from /home/airflow/.local/lib/python3.6/site-packages/airflow/example_dags/tutorial_taskflow_api_etl_virtualenv.py
[2021-10-27 07:39:52,864] {processor.py:632} INFO - DAG(s) dict_keys(['tutorial_taskflow_api_etl_virtualenv']) retrieved from /home/airflow/.local/lib/python3.6/site-packages/airflow/example_dags/tutorial_taskflow_api_etl_virtualenv.py
[2021-10-27 07:39:53,089] {logging_mixin.py:109} INFO - [2021-10-27 07:39:53,089] {dag.py:2389} INFO - Sync 1 DAGs
[2021-10-27 07:39:53,103] {logging_mixin.py:109} INFO - [2021-10-27 07:39:53,103] {dag.py:2914} INFO - Setting next_dagrun for tutorial_taskflow_api_etl_virtualenv to None
[2021-10-27 07:39:53,115] {processor.py:171} INFO - Processing /home/airflow/.local/lib/python3.6/site-packages/airflow/example_dags/tutorial_taskflow_api_etl_virtualenv.py took 0.290 seconds
[2021-10-27 07:40:23,281] {processor.py:163} INFO - Started process (PID=1515) to work on /home/airflow/.local/lib/python3.6/site-packages/airflow/example_dags/tutorial_taskflow_api_etl_virtualenv.py
[2021-10-27 07:40:23,282] {processor.py:620} INFO - Processing file /home/airflow/.local/lib/python3.6/site-packages/airflow/example_dags/tutorial_taskflow_api_etl_virtualenv.py for tasks to queue
[2021-10-27 07:40:23,283] {logging_mixin.py:109} INFO - [2021-10-27 07:40:23,283] {dagbag.py:500} INFO - Filling up the DagBag from /home/airflow/.local/lib/python3.6/site-packages/airflow/example_dags/tutorial_taskflow_api_etl_virtualenv.py
[2021-10-27 07:40:23,318] {processor.py:632} INFO - DAG(s) dict_keys(['tutorial_taskflow_api_etl_virtualenv']) retrieved from /home/airflow/.local/lib/python3.6/site-packages/airflow/example_dags/tutorial_taskflow_api_etl_virtualenv.py
[2021-10-27 07:40:23,538] {logging_mixin.py:109} INFO - [2021-10-27 07:40:23,538] {dag.py:2389} INFO - Sync 1 DAGs
[2021-10-27 07:40:23,553] {logging_mixin.py:109} INFO - [2021-10-27 07:40:23,553] {dag.py:2914} INFO - Setting next_dagrun for tutorial_taskflow_api_etl_virtualenv to None
[2021-10-27 07:40:23,565] {processor.py:171} INFO - Processing /home/airflow/.local/lib/python3.6/site-packages/airflow/example_dags/tutorial_taskflow_api_etl_virtualenv.py took 0.287 seconds
[2021-10-27 07:40:53,705] {processor.py:163} INFO - Started process (PID=1569) to work on /home/airflow/.local/lib/python3.6/site-packages/airflow/example_dags/tutorial_taskflow_api_etl_virtualenv.py
[2021-10-27 07:40:53,706] {processor.py:620} INFO - Processing file /home/airflow/.local/lib/python3.6/site-packages/airflow/example_dags/tutorial_taskflow_api_etl_virtualenv.py for tasks to queue
[2021-10-27 07:40:53,707] {logging_mixin.py:109} INFO - [2021-10-27 07:40:53,707] {dagbag.py:500} INFO - Filling up the DagBag from /home/airflow/.local/lib/python3.6/site-packages/airflow/example_dags/tutorial_taskflow_api_etl_virtualenv.py
[2021-10-27 07:40:53,739] {processor.py:632} INFO - DAG(s) dict_keys(['tutorial_taskflow_api_etl_virtualenv']) retrieved from /home/airflow/.local/lib/python3.6/site-packages/airflow/example_dags/tutorial_taskflow_api_etl_virtualenv.py
[2021-10-27 07:40:53,946] {logging_mixin.py:109} INFO - [2021-10-27 07:40:53,946] {dag.py:2389} INFO - Sync 1 DAGs
[2021-10-27 07:40:53,960] {logging_mixin.py:109} INFO - [2021-10-27 07:40:53,960] {dag.py:2914} INFO - Setting next_dagrun for tutorial_taskflow_api_etl_virtualenv to None
[2021-10-27 07:40:53,972] {processor.py:171} INFO - Processing /home/airflow/.local/lib/python3.6/site-packages/airflow/example_dags/tutorial_taskflow_api_etl_virtualenv.py took 0.270 seconds
[2021-10-27 07:41:24,212] {processor.py:163} INFO - Started process (PID=1633) to work on /home/airflow/.local/lib/python3.6/site-packages/airflow/example_dags/tutorial_taskflow_api_etl_virtualenv.py
[2021-10-27 07:41:24,214] {processor.py:620} INFO - Processing file /home/airflow/.local/lib/python3.6/site-packages/airflow/example_dags/tutorial_taskflow_api_etl_virtualenv.py for tasks to queue
[2021-10-27 07:41:24,215] {logging_mixin.py:109} INFO - [2021-10-27 07:41:24,215] {dagbag.py:500} INFO - Filling up the DagBag from /home/airflow/.local/lib/python3.6/site-packages/airflow/example_dags/tutorial_taskflow_api_etl_virtualenv.py
[2021-10-27 07:41:24,254] {processor.py:632} INFO - DAG(s) dict_keys(['tutorial_taskflow_api_etl_virtualenv']) retrieved from /home/airflow/.local/lib/python3.6/site-packages/airflow/example_dags/tutorial_taskflow_api_etl_virtualenv.py
[2021-10-27 07:41:24,533] {logging_mixin.py:109} INFO - [2021-10-27 07:41:24,533] {dag.py:2389} INFO - Sync 1 DAGs
[2021-10-27 07:41:24,548] {logging_mixin.py:109} INFO - [2021-10-27 07:41:24,548] {dag.py:2914} INFO - Setting next_dagrun for tutorial_taskflow_api_etl_virtualenv to None
[2021-10-27 07:41:24,560] {processor.py:171} INFO - Processing /home/airflow/.local/lib/python3.6/site-packages/airflow/example_dags/tutorial_taskflow_api_etl_virtualenv.py took 0.351 seconds
[2021-10-27 07:41:55,553] {processor.py:163} INFO - Started process (PID=1690) to work on /home/airflow/.local/lib/python3.6/site-packages/airflow/example_dags/tutorial_taskflow_api_etl_virtualenv.py
[2021-10-27 07:41:55,554] {processor.py:620} INFO - Processing file /home/airflow/.local/lib/python3.6/site-packages/airflow/example_dags/tutorial_taskflow_api_etl_virtualenv.py for tasks to queue
[2021-10-27 07:41:55,555] {logging_mixin.py:109} INFO - [2021-10-27 07:41:55,555] {dagbag.py:500} INFO - Filling up the DagBag from /home/airflow/.local/lib/python3.6/site-packages/airflow/example_dags/tutorial_taskflow_api_etl_virtualenv.py
[2021-10-27 07:41:55,586] {processor.py:632} INFO - DAG(s) dict_keys(['tutorial_taskflow_api_etl_virtualenv']) retrieved from /home/airflow/.local/lib/python3.6/site-packages/airflow/example_dags/tutorial_taskflow_api_etl_virtualenv.py
[2021-10-27 07:41:55,791] {logging_mixin.py:109} INFO - [2021-10-27 07:41:55,791] {dag.py:2389} INFO - Sync 1 DAGs
[2021-10-27 07:41:55,806] {logging_mixin.py:109} INFO - [2021-10-27 07:41:55,806] {dag.py:2914} INFO - Setting next_dagrun for tutorial_taskflow_api_etl_virtualenv to None
[2021-10-27 07:41:55,820] {processor.py:171} INFO - Processing /home/airflow/.local/lib/python3.6/site-packages/airflow/example_dags/tutorial_taskflow_api_etl_virtualenv.py took 0.270 seconds
[2021-10-27 07:42:26,363] {processor.py:163} INFO - Started process (PID=1755) to work on /home/airflow/.local/lib/python3.6/site-packages/airflow/example_dags/tutorial_taskflow_api_etl_virtualenv.py
[2021-10-27 07:42:26,365] {processor.py:620} INFO - Processing file /home/airflow/.local/lib/python3.6/site-packages/airflow/example_dags/tutorial_taskflow_api_etl_virtualenv.py for tasks to queue
[2021-10-27 07:42:26,365] {logging_mixin.py:109} INFO - [2021-10-27 07:42:26,365] {dagbag.py:500} INFO - Filling up the DagBag from /home/airflow/.local/lib/python3.6/site-packages/airflow/example_dags/tutorial_taskflow_api_etl_virtualenv.py
[2021-10-27 07:42:26,404] {processor.py:632} INFO - DAG(s) dict_keys(['tutorial_taskflow_api_etl_virtualenv']) retrieved from /home/airflow/.local/lib/python3.6/site-packages/airflow/example_dags/tutorial_taskflow_api_etl_virtualenv.py
[2021-10-27 07:42:26,678] {logging_mixin.py:109} INFO - [2021-10-27 07:42:26,678] {dag.py:2389} INFO - Sync 1 DAGs
[2021-10-27 07:42:26,698] {logging_mixin.py:109} INFO - [2021-10-27 07:42:26,698] {dag.py:2914} INFO - Setting next_dagrun for tutorial_taskflow_api_etl_virtualenv to None
[2021-10-27 07:42:26,713] {processor.py:171} INFO - Processing /home/airflow/.local/lib/python3.6/site-packages/airflow/example_dags/tutorial_taskflow_api_etl_virtualenv.py took 0.355 seconds
[2021-10-27 07:42:57,486] {processor.py:163} INFO - Started process (PID=1811) to work on /home/airflow/.local/lib/python3.6/site-packages/airflow/example_dags/tutorial_taskflow_api_etl_virtualenv.py
[2021-10-27 07:42:57,487] {processor.py:620} INFO - Processing file /home/airflow/.local/lib/python3.6/site-packages/airflow/example_dags/tutorial_taskflow_api_etl_virtualenv.py for tasks to queue
[2021-10-27 07:42:57,488] {logging_mixin.py:109} INFO - [2021-10-27 07:42:57,488] {dagbag.py:500} INFO - Filling up the DagBag from /home/airflow/.local/lib/python3.6/site-packages/airflow/example_dags/tutorial_taskflow_api_etl_virtualenv.py
[2021-10-27 07:42:57,523] {processor.py:632} INFO - DAG(s) dict_keys(['tutorial_taskflow_api_etl_virtualenv']) retrieved from /home/airflow/.local/lib/python3.6/site-packages/airflow/example_dags/tutorial_taskflow_api_etl_virtualenv.py
[2021-10-27 07:42:57,727] {logging_mixin.py:109} INFO - [2021-10-27 07:42:57,726] {dag.py:2389} INFO - Sync 1 DAGs
[2021-10-27 07:42:57,740] {logging_mixin.py:109} INFO - [2021-10-27 07:42:57,740] {dag.py:2914} INFO - Setting next_dagrun for tutorial_taskflow_api_etl_virtualenv to None
[2021-10-27 07:42:57,753] {processor.py:171} INFO - Processing /home/airflow/.local/lib/python3.6/site-packages/airflow/example_dags/tutorial_taskflow_api_etl_virtualenv.py took 0.270 seconds
[2021-10-27 07:43:28,213] {processor.py:163} INFO - Started process (PID=1878) to work on /home/airflow/.local/lib/python3.6/site-packages/airflow/example_dags/tutorial_taskflow_api_etl_virtualenv.py
[2021-10-27 07:43:28,217] {processor.py:620} INFO - Processing file /home/airflow/.local/lib/python3.6/site-packages/airflow/example_dags/tutorial_taskflow_api_etl_virtualenv.py for tasks to queue
[2021-10-27 07:43:28,220] {logging_mixin.py:109} INFO - [2021-10-27 07:43:28,219] {dagbag.py:500} INFO - Filling up the DagBag from /home/airflow/.local/lib/python3.6/site-packages/airflow/example_dags/tutorial_taskflow_api_etl_virtualenv.py
[2021-10-27 07:43:28,324] {processor.py:632} INFO - DAG(s) dict_keys(['tutorial_taskflow_api_etl_virtualenv']) retrieved from /home/airflow/.local/lib/python3.6/site-packages/airflow/example_dags/tutorial_taskflow_api_etl_virtualenv.py
[2021-10-27 07:43:28,646] {logging_mixin.py:109} INFO - [2021-10-27 07:43:28,646] {dag.py:2389} INFO - Sync 1 DAGs
[2021-10-27 07:43:28,660] {logging_mixin.py:109} INFO - [2021-10-27 07:43:28,660] {dag.py:2914} INFO - Setting next_dagrun for tutorial_taskflow_api_etl_virtualenv to None
[2021-10-27 07:43:28,673] {processor.py:171} INFO - Processing /home/airflow/.local/lib/python3.6/site-packages/airflow/example_dags/tutorial_taskflow_api_etl_virtualenv.py took 0.474 seconds
[2021-10-27 07:43:59,128] {processor.py:163} INFO - Started process (PID=1934) to work on /home/airflow/.local/lib/python3.6/site-packages/airflow/example_dags/tutorial_taskflow_api_etl_virtualenv.py
[2021-10-27 07:43:59,129] {processor.py:620} INFO - Processing file /home/airflow/.local/lib/python3.6/site-packages/airflow/example_dags/tutorial_taskflow_api_etl_virtualenv.py for tasks to queue
[2021-10-27 07:43:59,130] {logging_mixin.py:109} INFO - [2021-10-27 07:43:59,130] {dagbag.py:500} INFO - Filling up the DagBag from /home/airflow/.local/lib/python3.6/site-packages/airflow/example_dags/tutorial_taskflow_api_etl_virtualenv.py
[2021-10-27 07:43:59,163] {processor.py:632} INFO - DAG(s) dict_keys(['tutorial_taskflow_api_etl_virtualenv']) retrieved from /home/airflow/.local/lib/python3.6/site-packages/airflow/example_dags/tutorial_taskflow_api_etl_virtualenv.py
[2021-10-27 07:43:59,399] {logging_mixin.py:109} INFO - [2021-10-27 07:43:59,399] {dag.py:2389} INFO - Sync 1 DAGs
[2021-10-27 07:43:59,413] {logging_mixin.py:109} INFO - [2021-10-27 07:43:59,413] {dag.py:2914} INFO - Setting next_dagrun for tutorial_taskflow_api_etl_virtualenv to None
[2021-10-27 07:43:59,426] {processor.py:171} INFO - Processing /home/airflow/.local/lib/python3.6/site-packages/airflow/example_dags/tutorial_taskflow_api_etl_virtualenv.py took 0.302 seconds
[2021-10-27 07:44:29,474] {processor.py:163} INFO - Started process (PID=1990) to work on /home/airflow/.local/lib/python3.6/site-packages/airflow/example_dags/tutorial_taskflow_api_etl_virtualenv.py
[2021-10-27 07:44:29,476] {processor.py:620} INFO - Processing file /home/airflow/.local/lib/python3.6/site-packages/airflow/example_dags/tutorial_taskflow_api_etl_virtualenv.py for tasks to queue
[2021-10-27 07:44:29,477] {logging_mixin.py:109} INFO - [2021-10-27 07:44:29,476] {dagbag.py:500} INFO - Filling up the DagBag from /home/airflow/.local/lib/python3.6/site-packages/airflow/example_dags/tutorial_taskflow_api_etl_virtualenv.py
[2021-10-27 07:44:29,508] {processor.py:632} INFO - DAG(s) dict_keys(['tutorial_taskflow_api_etl_virtualenv']) retrieved from /home/airflow/.local/lib/python3.6/site-packages/airflow/example_dags/tutorial_taskflow_api_etl_virtualenv.py
[2021-10-27 07:44:29,704] {logging_mixin.py:109} INFO - [2021-10-27 07:44:29,704] {dag.py:2389} INFO - Sync 1 DAGs
[2021-10-27 07:44:29,718] {logging_mixin.py:109} INFO - [2021-10-27 07:44:29,717] {dag.py:2914} INFO - Setting next_dagrun for tutorial_taskflow_api_etl_virtualenv to None
[2021-10-27 07:44:29,730] {processor.py:171} INFO - Processing /home/airflow/.local/lib/python3.6/site-packages/airflow/example_dags/tutorial_taskflow_api_etl_virtualenv.py took 0.259 seconds
